14:17:13.936 [main                     ] DEBUG Logger               - Configured Logger
14:17:13.965 [main                     ] DEBUG GameApplication      - Logging settings
Title: Final Journey
Version: Alpha
Width: 1280
Height: 720
Fullscreen: false
Intro: false
Profiling: false
Single step:false
App Mode: DEVELOPER
Menu Key: ESCAPE
Stage Style: DECORATED
Scene Factory: class com.almasb.fxgl.app.scene.SceneFactory

14:17:14.453 [JavaFX Application Thread] DEBUG FXGLApplication      - Initializing FXGL
14:17:14.459 [JavaFX Application Thread] INFO  Engine               - FXGL-21.1 (27.03.2024 07.52) on WINDOWS (J:21.0.5 FX:21.0.1)
14:17:14.460 [JavaFX Application Thread] DEBUG Engine               - JRE Vendor Name: Eclipse Adoptium
14:17:14.460 [JavaFX Application Thread] DEBUG Engine               - Running on OS: Windows 11 version 10.0
14:17:14.460 [JavaFX Application Thread] DEBUG Engine               - Architecture: amd64
14:17:14.460 [JavaFX Application Thread] INFO  Engine               - Source code and latest versions at: https://github.com/AlmasB/FXGL
14:17:14.461 [JavaFX Application Thread] INFO  Engine               -       Ask questions and discuss at: https://github.com/AlmasB/FXGL/discussions
14:17:14.461 [JavaFX Application Thread] INFO  Engine               -              Join the FXGL chat at: https://gitter.im/AlmasB/FXGL
14:17:14.594 [JavaFX Application Thread] DEBUG PrimaryStageWindow   - Creating a JavaFX scene
14:17:14.653 [JavaFX Application Thread] DEBUG PrimaryStageWindow   - Target settings size: 1280.0 x 720.0
14:17:14.653 [JavaFX Application Thread] DEBUG PrimaryStageWindow   - Scaled scene size:    1280.0 x 720.0
14:17:14.653 [JavaFX Application Thread] DEBUG PrimaryStageWindow   - Scaled ratio: (1.0, 1.0)
14:17:14.655 [JavaFX Application Thread] DEBUG PrimaryStageWindow   - Set initial scene to FXGLStartupScene
14:17:14.659 [JavaFX Application Thread] DEBUG PrimaryStageWindow   - Opening main window
14:17:14.754 [JavaFX Application Thread] DEBUG PrimaryStageWindow   - Window border size: (16.0, 39.0)
14:17:14.754 [JavaFX Application Thread] DEBUG PrimaryStageWindow   - Scaled size: 1280.0 x 720.0
14:17:14.754 [JavaFX Application Thread] DEBUG PrimaryStageWindow   - Scaled ratio: (1.0, 1.0)
14:17:14.755 [JavaFX Application Thread] DEBUG PrimaryStageWindow   - Scene size: 1280.0 x 720.0
14:17:14.755 [JavaFX Application Thread] DEBUG PrimaryStageWindow   - Stage size: 1296.0 x 759.0
14:17:14.775 [FXGL Background Thread 1 ] DEBUG Engine               - Initializing environment variables
14:17:14.859 [FXGL Background Thread 1 ] DEBUG FXGLAssetLoaderServi - User app class for loading assets: class com.project.App
14:17:14.859 [FXGL Background Thread 1 ] DEBUG GameApplicationServi - Applying CSS: fxgl_dark.css
14:17:14.860 [FXGL Background Thread 1 ] DEBUG FXGLAssetLoaderServi - Loading from file system: jar:file:/C:/Users/Student/.m2/repository/com/github/almasb/fxgl/21.1/fxgl-21.1.jar!/fxglassets/ui/css/fxgl_dark.css
14:17:14.923 [FXGL Background Thread 1 ] DEBUG GameApplicationServi - Initializing application scenes
14:17:15.015 [FXGL Background Thread 1 ] DEBUG GameWorld            - Game world initialized
14:17:15.095 [FXGL Background Thread 1 ] DEBUG PhysicsWorld         - Physics world initialized: appHeight=720, physics.ppm=50.0
14:17:15.095 [FXGL Background Thread 1 ] DEBUG PhysicsWorld         - Using strategy: BRUTE_FORCE
14:17:15.099 [FXGL Background Thread 1 ] DEBUG GameScene            - Game scene initialized: 1280x720
14:17:15.116 [FXGL Background Thread 1 ] DEBUG FXGL.DefaultMenu     - createMenuBodyGameMenu()
14:17:15.137 [FXGL Background Thread 1 ] DEBUG FXGL.DefaultMenu     - createOptionsMenu()
14:17:15.147 [FXGL Background Thread 1 ] DEBUG FXGLAssetLoaderServi - Loading from file system: jar:file:/C:/Users/Student/.m2/repository/com/github/almasb/fxgl/21.1/fxgl-21.1.jar!/fxglassets/textures/particles/smoke.png
14:17:15.266 [FXGL Background Thread 1 ] DEBUG FXGLAssetLoaderServi - Loading from file system: jar:file:/C:/Users/Student/.m2/repository/com/github/almasb/fxgl/21.1/fxgl-21.1.jar!/fxglassets/textures/particles/trace_horizontal.png
14:17:15.298 [FXGL Background Thread 1 ] DEBUG GameApplicationServi - Application scenes initialized
14:17:15.317 [FXGL Background Thread 1 ] DEBUG SystemBundleService  - Loading FXGL system data
14:17:15.323 [FXGL Background Thread 1 ] DEBUG FileSystemAccess     - Reading from: C:\Users\Student\project\myproject\system\fxgl.bundle
14:17:15.336 [FXGL Background Thread 1 ] DEBUG SystemBundleService  - Bundle FXGL: {}
14:17:15.336 [FXGL Background Thread 1 ] DEBUG UpdaterService       - Checking for updates
14:17:15.341 [FXGL Background Thread 4 ] DEBUG FXGLApplication      - Loading fonts
14:17:15.342 [FXGL Background Thread 4 ] DEBUG FXGLAssetLoaderServi - Loading from file system: jar:file:/C:/Users/Student/.m2/repository/com/github/almasb/fxgl/21.1/fxgl-21.1.jar!/fxglassets/ui/fonts/VarelaRound-Regular.ttf
14:17:15.342 [FXGL Background Thread 1 ] DEBUG FXGLApplication      - Loading default localization
14:17:15.343 [FXGL Background Thread 1 ] DEBUG FXGLAssetLoaderServi - Loading from file system: jar:file:/C:/Users/Student/.m2/repository/com/github/almasb/fxgl/21.1/fxgl-21.1.jar!/fxglassets/languages/english.lang
14:17:15.401 [FXGL Background Thread 4 ] DEBUG FXGLAssetLoaderServi - Loading from file system: jar:file:/C:/Users/Student/.m2/repository/com/github/almasb/fxgl/21.1/fxgl-21.1.jar!/fxglassets/ui/fonts/Abel-Regular.ttf
14:17:15.405 [FXGL Background Thread 4 ] DEBUG FXGLAssetLoaderServi - Loading from file system: jar:file:/C:/Users/Student/.m2/repository/com/github/almasb/fxgl/21.1/fxgl-21.1.jar!/fxglassets/ui/fonts/TerminalLandMono-Regular.otf
14:17:15.410 [FXGL Background Thread 4 ] DEBUG FXGLAssetLoaderServi - Loading from file system: jar:file:/C:/Users/Student/.m2/repository/com/github/almasb/fxgl/21.1/fxgl-21.1.jar!/fxglassets/ui/fonts/Courier-Prime.ttf
14:17:15.413 [FXGL Background Thread 1 ] INFO  FXGLApplication      - FXGL initialization took: 0.639 sec
14:17:15.421 [JavaFX Application Thread] DEBUG FXGLApplication      - Registering font factories with UI factory
14:17:15.432 [JavaFX Application Thread] DEBUG Input                - Registered new binding: Right - D
14:17:15.433 [JavaFX Application Thread] DEBUG Input                - Registered new binding: Left - A
14:17:15.433 [JavaFX Application Thread] DEBUG Input                - Registered new binding: Up - W
14:17:15.433 [JavaFX Application Thread] DEBUG Input                - Registered new binding: Down - S
14:17:15.434 [JavaFX Application Thread] DEBUG FXGLAssetLoaderServi - Loading from file system: jar:file:/C:/Users/Student/.m2/repository/com/github/almasb/fxgl/21.1/fxgl-21.1.jar!/fxglassets/textures/fxgl_icon.png
14:17:15.450 [JavaFX Application Thread] DEBUG FXGLAssetLoaderServi - Loading from file system: jar:file:/C:/Users/Student/.m2/repository/com/github/almasb/fxgl/21.1/fxgl-21.1.jar!/fxglassets/textures/fxgl_default_cursor.png
14:17:15.453 [JavaFX Application Thread] DEBUG Input                - Registered new binding: Screenshot - CTRL+8
14:17:15.454 [JavaFX Application Thread] DEBUG Input                - Registered new binding: System info dump - CTRL+9
14:17:15.454 [JavaFX Application Thread] DEBUG Input                - Registered new binding: Restart - CTRL+R
14:17:15.455 [JavaFX Application Thread] DEBUG Input                - Registered new binding: Toggle Debug Camera - CTRL+7
14:17:15.457 [JavaFX Application Thread] DEBUG LoopRunner           - Starting loop
14:17:15.457 [JavaFX Application Thread] DEBUG LoopRunner           - Initializing JavaFX AnimationTimerLoop
14:17:15.459 [JavaFX Application Thread] DEBUG GameApplicationServi - Starting new game
14:17:15.459 [JavaFX Application Thread] DEBUG Input                - Clearing active input actions
14:17:15.470 [JavaFX Application Thread] DEBUG GameApplicationServi - Removing overlay from FXGLStartupScene and adding to FXGLLoadingScene
14:17:15.471 [JavaFX Application Thread] DEBUG PrimaryStageWindow   - FXGLStartupScene -> FXGLLoadingScene
14:17:15.471 [JavaFX Application Thread] DEBUG GameApplicationServi - Clearing previous game
14:17:15.471 [JavaFX Application Thread] DEBUG GameScene            - Clearing game scene
14:17:15.471 [JavaFX Application Thread] DEBUG GameWorld            - Clearing game world
14:17:15.471 [JavaFX Application Thread] DEBUG PhysicsWorld         - Clearing physics world
14:17:15.473 [FXGL Background Thread 1 ] DEBUG FXGLApplication      - Initializing game
14:17:15.496 [FXGL Background Thread 1 ] DEBUG FXGLAssetLoaderServi - Loading from file system: file:/C:/Users/Student/project/myproject/myproject/target/classes/assets/textures/Karee.png
14:17:15.546 [FXGL Background Thread 1 ] DEBUG FXGLAssetLoaderServi - Loading from file system: file:/C:/Users/Student/project/myproject/myproject/target/classes/assets/textures/Rex.png
14:17:15.559 [FXGL Background Thread 1 ] INFO  FXGLApplication      - Game initialization took: 0.087 sec
14:17:15.647 [JavaFX Application Thread] DEBUG Input                - Clearing active input actions
14:17:15.659 [JavaFX Application Thread] DEBUG GameApplicationServi - Removing overlay from FXGLLoadingScene and adding to GameScene
14:17:15.659 [JavaFX Application Thread] DEBUG PrimaryStageWindow   - FXGLLoadingScene -> GameScene
14:17:18.341 [FXGL Background Thread 3 ] DEBUG Engine               - Logging environment variables
14:17:18.342 [FXGL Background Thread 3 ] DEBUG Engine               - achievements: []
14:17:18.343 [FXGL Background Thread 3 ] DEBUG Engine               - actualHeight: 720.0
14:17:18.343 [FXGL Background Thread 3 ] DEBUG Engine               - actualHeightProperty: ReadOnlyDoubleProperty [value: 720.0]
14:17:18.343 [FXGL Background Thread 3 ] DEBUG Engine               - actualWidth: 1280.0
14:17:18.343 [FXGL Background Thread 3 ] DEBUG Engine               - actualWidthProperty: ReadOnlyDoubleProperty [value: 1280.0]
14:17:18.343 [FXGL Background Thread 3 ] DEBUG Engine               - appIcon: fxgl_icon.png
14:17:18.343 [FXGL Background Thread 3 ] DEBUG Engine               - applicationMode: DEVELOPER
14:17:18.343 [FXGL Background Thread 3 ] DEBUG Engine               - cSSList: [fxgl_dark.css]
14:17:18.343 [FXGL Background Thread 3 ] DEBUG Engine               - collisionDetectionStrategy: BRUTE_FORCE
14:17:18.343 [FXGL Background Thread 3 ] DEBUG Engine               - configClass: Optional.empty
14:17:18.343 [FXGL Background Thread 3 ] DEBUG Engine               - credits: []
14:17:18.344 [FXGL Background Thread 3 ] DEBUG Engine               - defaultCursor: CursorInfo(imageName=fxgl_default_cursor.png, hotspotX=7.0, hotspotY=6.0)
14:17:18.344 [FXGL Background Thread 3 ] DEBUG Engine               - devBBoxColorProperty: ObjectProperty [value: 0xff0000ff]
14:17:18.344 [FXGL Background Thread 3 ] DEBUG Engine               - devEnableDebugCameraProperty: BooleanProperty [value: false]
14:17:18.344 [FXGL Background Thread 3 ] DEBUG Engine               - devSensorColorProperty: ObjectProperty [value: 0xffff00ff]
14:17:18.344 [FXGL Background Thread 3 ] DEBUG Engine               - devShowBBoxProperty: BooleanProperty [value: false]
14:17:18.344 [FXGL Background Thread 3 ] DEBUG Engine               - devShowPositionProperty: BooleanProperty [value: false]
14:17:18.344 [FXGL Background Thread 3 ] DEBUG Engine               - enabledMenuItems: []
14:17:18.344 [FXGL Background Thread 3 ] DEBUG Engine               - engineServices: [class com.almasb.fxgl.app.services.FXGLAssetLoaderService, class com.almasb.fxgl.app.FXGLApplication$GameApplicationService, class com.almasb.fxgl.app.services.FXGLDialogService, class com.almasb.fxgl.app.services.IOTaskExecutorService, class com.almasb.fxgl.io.FileSystemService, class com.almasb.fxgl.localization.LocalizationService, class com.almasb.fxgl.app.services.SystemBundleService, class com.almasb.fxgl.profile.SaveLoadService, class com.almasb.fxgl.ui.FXGLUIFactoryServiceProvider, class com.almasb.fxgl.ui.FXGLDialogFactoryServiceProvider, class com.almasb.fxgl.audio.AudioPlayer, class com.almasb.fxgl.notification.impl.NotificationServiceProvider, class com.almasb.fxgl.achievement.AchievementService, class com.almasb.fxgl.cutscene.CutsceneService, class com.almasb.fxgl.minigames.MiniGameService, class com.almasb.fxgl.net.NetService, class com.almasb.fxgl.app.services.UpdaterService, class com.almasb.fxgl.dev.DevService]
14:17:18.344 [FXGL Background Thread 3 ] DEBUG Engine               - fontGame: Abel-Regular.ttf
14:17:18.344 [FXGL Background Thread 3 ] DEBUG Engine               - fontMono: TerminalLandMono-Regular.otf
14:17:18.344 [FXGL Background Thread 3 ] DEBUG Engine               - fontSizeScaleUI: 1.0
14:17:18.344 [FXGL Background Thread 3 ] DEBUG Engine               - fontText: Courier-Prime.ttf
14:17:18.344 [FXGL Background Thread 3 ] DEBUG Engine               - fontUI: VarelaRound-Regular.ttf
14:17:18.345 [FXGL Background Thread 3 ] DEBUG Engine               - fullScreen: BooleanProperty [value: false]
14:17:18.345 [FXGL Background Thread 3 ] DEBUG Engine               - gameDifficulty: MEDIUM
14:17:18.345 [FXGL Background Thread 3 ] DEBUG Engine               - gameDifficultyProperty: ObjectProperty [value: MEDIUM]
14:17:18.345 [FXGL Background Thread 3 ] DEBUG Engine               - globalMusicVolume: 0.5
14:17:18.345 [FXGL Background Thread 3 ] DEBUG Engine               - globalMusicVolumeProperty: DoubleProperty [value: 0.5]
14:17:18.345 [FXGL Background Thread 3 ] DEBUG Engine               - globalSoundVolume: 0.5
14:17:18.345 [FXGL Background Thread 3 ] DEBUG Engine               - globalSoundVolumeProperty: DoubleProperty [value: 0.5]
14:17:18.345 [FXGL Background Thread 3 ] DEBUG Engine               - height: 720
14:17:18.345 [FXGL Background Thread 3 ] DEBUG Engine               - is3D: false
14:17:18.345 [FXGL Background Thread 3 ] DEBUG Engine               - isAndroid: false
14:17:18.345 [FXGL Background Thread 3 ] DEBUG Engine               - isBrowser: false
14:17:18.345 [FXGL Background Thread 3 ] DEBUG Engine               - isClickFeedbackEnabled: false
14:17:18.345 [FXGL Background Thread 3 ] DEBUG Engine               - isCloseConfirmation: false
14:17:18.345 [FXGL Background Thread 3 ] DEBUG Engine               - isDesktop: true
14:17:18.345 [FXGL Background Thread 3 ] DEBUG Engine               - isDeveloperMenuEnabled: false
14:17:18.345 [FXGL Background Thread 3 ] DEBUG Engine               - isEmbedded: false
14:17:18.345 [FXGL Background Thread 3 ] DEBUG Engine               - isEntityPreloadEnabled: true
14:17:18.346 [FXGL Background Thread 3 ] DEBUG Engine               - isExperimentalTiledLargeMap: false
14:17:18.346 [FXGL Background Thread 3 ] DEBUG Engine               - isFileSystemWriteAllowed: true
14:17:18.346 [FXGL Background Thread 3 ] DEBUG Engine               - isFullScreenAllowed: false
14:17:18.346 [FXGL Background Thread 3 ] DEBUG Engine               - isFullScreenFromStart: false
14:17:18.346 [FXGL Background Thread 3 ] DEBUG Engine               - isGameMenuEnabled: true
14:17:18.346 [FXGL Background Thread 3 ] DEBUG Engine               - isIOS: false
14:17:18.346 [FXGL Background Thread 3 ] DEBUG Engine               - isIntroEnabled: false
14:17:18.346 [FXGL Background Thread 3 ] DEBUG Engine               - isLinux: false
14:17:18.346 [FXGL Background Thread 3 ] DEBUG Engine               - isMac: false
14:17:18.346 [FXGL Background Thread 3 ] DEBUG Engine               - isMainMenuEnabled: false
14:17:18.346 [FXGL Background Thread 3 ] DEBUG Engine               - isManualResizeEnabled: false
14:17:18.346 [FXGL Background Thread 3 ] DEBUG Engine               - isMobile: false
14:17:18.346 [FXGL Background Thread 3 ] DEBUG Engine               - isNative: false
14:17:18.346 [FXGL Background Thread 3 ] DEBUG Engine               - isPauseMusicWhenMinimized: true
14:17:18.346 [FXGL Background Thread 3 ] DEBUG Engine               - isPreserveResizeRatio: false
14:17:18.346 [FXGL Background Thread 3 ] DEBUG Engine               - isProfilingEnabled: false
14:17:18.346 [FXGL Background Thread 3 ] DEBUG Engine               - isScaleAffectedOnResize: true
14:17:18.347 [FXGL Background Thread 3 ] DEBUG Engine               - isSingleStep: false
14:17:18.347 [FXGL Background Thread 3 ] DEBUG Engine               - isUserProfileEnabled: false
14:17:18.347 [FXGL Background Thread 3 ] DEBUG Engine               - isWindows: true
14:17:18.347 [FXGL Background Thread 3 ] DEBUG Engine               - language: ObjectProperty [value: ENGLISH]
14:17:18.347 [FXGL Background Thread 3 ] DEBUG Engine               - menuKey: ESCAPE
14:17:18.347 [FXGL Background Thread 3 ] DEBUG Engine               - mouseSensitivity: 0.2
14:17:18.347 [FXGL Background Thread 3 ] DEBUG Engine               - notificationViewClass: class com.almasb.fxgl.notification.view.XboxNotificationView
14:17:18.347 [FXGL Background Thread 3 ] DEBUG Engine               - pixelsPerMeter: 50.0
14:17:18.347 [FXGL Background Thread 3 ] DEBUG Engine               - platform: WINDOWS
14:17:18.347 [FXGL Background Thread 3 ] DEBUG Engine               - prefHeightProperty: ReadOnlyDoubleProperty [value: 720.0]
14:17:18.347 [FXGL Background Thread 3 ] DEBUG Engine               - prefWidthProperty: ReadOnlyDoubleProperty [value: 1280.0]
14:17:18.347 [FXGL Background Thread 3 ] DEBUG Engine               - profileDir: profiles/
14:17:18.347 [FXGL Background Thread 3 ] DEBUG Engine               - profileName: StringProperty [value: DEFAULT]
14:17:18.347 [FXGL Background Thread 3 ] DEBUG Engine               - randomSeed: -1
14:17:18.348 [FXGL Background Thread 3 ] DEBUG Engine               - runtimeInfo: RuntimeInfo(platform=WINDOWS, version=21.1, build=27.03.2024 07.52)
14:17:18.348 [FXGL Background Thread 3 ] DEBUG Engine               - saveFileExt: sav
14:17:18.348 [FXGL Background Thread 3 ] DEBUG Engine               - scaledHeightProp$fxgl: DoubleProperty [bound, value: 720.0]
14:17:18.348 [FXGL Background Thread 3 ] DEBUG Engine               - scaledWidthProp$fxgl: DoubleProperty [bound, value: 1280.0]
14:17:18.348 [FXGL Background Thread 3 ] DEBUG Engine               - sceneFactory: com.almasb.fxgl.app.scene.SceneFactory@eb5931b
14:17:18.348 [FXGL Background Thread 3 ] DEBUG Engine               - secondsIn24h: 60
14:17:18.348 [FXGL Background Thread 3 ] DEBUG Engine               - soundMenuBack: menu/back.wav
14:17:18.348 [FXGL Background Thread 3 ] DEBUG Engine               - soundMenuPress: menu/press.wav
14:17:18.348 [FXGL Background Thread 3 ] DEBUG Engine               - soundMenuSelect: menu/select.wav
14:17:18.348 [FXGL Background Thread 3 ] DEBUG Engine               - soundNotification: core/notification.wav
14:17:18.348 [FXGL Background Thread 3 ] DEBUG Engine               - stageStyle: DECORATED
14:17:18.348 [FXGL Background Thread 3 ] DEBUG Engine               - supportedLanguages: [ENGLISH, FRENCH, GERMAN, HUNGARIAN, RUSSIAN]
14:17:18.348 [FXGL Background Thread 3 ] DEBUG Engine               - ticksPerSecond: -1
14:17:18.348 [FXGL Background Thread 3 ] DEBUG Engine               - title: Final Journey
14:17:18.348 [FXGL Background Thread 3 ] DEBUG Engine               - urlGithub: https://github.com/AlmasB/FXGL
14:17:18.348 [FXGL Background Thread 3 ] DEBUG Engine               - urlLeaderboard: http://fxgl-top.herokuapp.com/
14:17:18.348 [FXGL Background Thread 3 ] DEBUG Engine               - urlPOM: https://raw.githubusercontent.com/AlmasB/FXGL/release/README.md
14:17:18.349 [FXGL Background Thread 3 ] DEBUG Engine               - userAppClass: class com.project.App
14:17:18.349 [FXGL Background Thread 3 ] DEBUG Engine               - version: Alpha
14:17:18.349 [FXGL Background Thread 3 ] DEBUG Engine               - versionCheckDays: 7
14:17:18.349 [FXGL Background Thread 3 ] DEBUG Engine               - width: 1280
14:17:18.349 [FXGL Background Thread 3 ] DEBUG Engine               - Logging services
14:17:18.349 [FXGL Background Thread 3 ] DEBUG Engine               - class com.almasb.fxgl.app.services.FXGLAssetLoaderService
14:17:18.349 [FXGL Background Thread 3 ] DEBUG Engine               - class com.almasb.fxgl.app.FXGLApplication$GameApplicationService
14:17:18.349 [FXGL Background Thread 3 ] DEBUG Engine               - class com.almasb.fxgl.app.services.FXGLDialogService
14:17:18.349 [FXGL Background Thread 3 ] DEBUG Engine               - class com.almasb.fxgl.app.services.IOTaskExecutorService
14:17:18.349 [FXGL Background Thread 3 ] DEBUG Engine               - class com.almasb.fxgl.io.FileSystemService
14:17:18.349 [FXGL Background Thread 3 ] DEBUG Engine               - class com.almasb.fxgl.localization.LocalizationService
14:17:18.349 [FXGL Background Thread 3 ] DEBUG Engine               - class com.almasb.fxgl.app.services.SystemBundleService
14:17:18.349 [FXGL Background Thread 3 ] DEBUG Engine               - class com.almasb.fxgl.profile.SaveLoadService
14:17:18.349 [FXGL Background Thread 3 ] DEBUG Engine               - class com.almasb.fxgl.ui.FXGLUIFactoryServiceProvider
14:17:18.349 [FXGL Background Thread 3 ] DEBUG Engine               - class com.almasb.fxgl.ui.FXGLDialogFactoryServiceProvider
14:17:18.349 [FXGL Background Thread 3 ] DEBUG Engine               - class com.almasb.fxgl.audio.AudioPlayer
14:17:18.349 [FXGL Background Thread 3 ] DEBUG Engine               - class com.almasb.fxgl.notification.impl.NotificationServiceProvider
14:17:18.349 [FXGL Background Thread 3 ] DEBUG Engine               - class com.almasb.fxgl.achievement.AchievementService
14:17:18.350 [FXGL Background Thread 3 ] DEBUG Engine               - class com.almasb.fxgl.cutscene.CutsceneService
14:17:18.350 [FXGL Background Thread 3 ] DEBUG Engine               - class com.almasb.fxgl.minigames.MiniGameService
14:17:18.350 [FXGL Background Thread 3 ] DEBUG Engine               - class com.almasb.fxgl.net.NetService
14:17:18.350 [FXGL Background Thread 3 ] DEBUG Engine               - class com.almasb.fxgl.app.services.UpdaterService
14:17:18.350 [FXGL Background Thread 3 ] DEBUG Engine               - class com.almasb.fxgl.dev.DevService
14:18:04.287 [JavaFX Application Thread] DEBUG FXGLApplication      - Exiting FXGL
14:18:04.287 [JavaFX Application Thread] DEBUG LoopRunner           - Stopping loop
14:18:04.287 [JavaFX Application Thread] DEBUG SystemBundleService  - Saving FXGL system data
14:18:04.289 [JavaFX Application Thread] DEBUG FileSystemAccess     - Writing to: C:\Users\Student\project\myproject\system\fxgl.bundle
14:18:04.291 [JavaFX Application Thread] DEBUG Async                - Shutting down background threads
14:18:04.292 [JavaFX Application Thread] DEBUG PrimaryStageWindow   - Closing main window
14:18:04.305 [JavaFX Application Thread] DEBUG Logger               - Closing Logger
