14:06:09.801 [main                     ] DEBUG Logger               - Configured Logger
14:06:09.828 [main                     ] DEBUG GameApplication      - Logging settings
Title: Final Journey
Version: Alpha
Width: 1280
Height: 720
Fullscreen: false
Intro: false
Profiling: false
Single step:false
App Mode: DEVELOPER
Menu Key: ESCAPE
Stage Style: DECORATED
Scene Factory: class com.almasb.fxgl.app.scene.SceneFactory

14:06:10.261 [JavaFX Application Thread] DEBUG FXGLApplication      - Initializing FXGL
14:06:10.265 [JavaFX Application Thread] INFO  Engine               - FXGL-21.1 (27.03.2024 07.52) on WINDOWS (J:21.0.5 FX:21.0.1)
14:06:10.266 [JavaFX Application Thread] DEBUG Engine               - JRE Vendor Name: Eclipse Adoptium
14:06:10.266 [JavaFX Application Thread] DEBUG Engine               - Running on OS: Windows 11 version 10.0
14:06:10.266 [JavaFX Application Thread] DEBUG Engine               - Architecture: amd64
14:06:10.266 [JavaFX Application Thread] INFO  Engine               - Source code and latest versions at: https://github.com/AlmasB/FXGL
14:06:10.267 [JavaFX Application Thread] INFO  Engine               -       Ask questions and discuss at: https://github.com/AlmasB/FXGL/discussions
14:06:10.267 [JavaFX Application Thread] INFO  Engine               -              Join the FXGL chat at: https://gitter.im/AlmasB/FXGL
14:06:10.399 [JavaFX Application Thread] DEBUG PrimaryStageWindow   - Creating a JavaFX scene
14:06:10.459 [JavaFX Application Thread] DEBUG PrimaryStageWindow   - Target settings size: 1280.0 x 720.0
14:06:10.459 [JavaFX Application Thread] DEBUG PrimaryStageWindow   - Scaled scene size:    1280.0 x 720.0
14:06:10.459 [JavaFX Application Thread] DEBUG PrimaryStageWindow   - Scaled ratio: (1.0, 1.0)
14:06:10.461 [JavaFX Application Thread] DEBUG PrimaryStageWindow   - Set initial scene to FXGLStartupScene
14:06:10.465 [JavaFX Application Thread] DEBUG PrimaryStageWindow   - Opening main window
14:06:10.566 [JavaFX Application Thread] DEBUG PrimaryStageWindow   - Window border size: (16.0, 39.0)
14:06:10.566 [JavaFX Application Thread] DEBUG PrimaryStageWindow   - Scaled size: 1280.0 x 720.0
14:06:10.567 [JavaFX Application Thread] DEBUG PrimaryStageWindow   - Scaled ratio: (1.0, 1.0)
14:06:10.567 [JavaFX Application Thread] DEBUG PrimaryStageWindow   - Scene size: 1280.0 x 720.0
14:06:10.567 [JavaFX Application Thread] DEBUG PrimaryStageWindow   - Stage size: 1296.0 x 759.0
14:06:10.579 [FXGL Background Thread 1 ] DEBUG Engine               - Initializing environment variables
14:06:10.667 [FXGL Background Thread 1 ] DEBUG FXGLAssetLoaderServi - User app class for loading assets: class com.project.App
14:06:10.668 [FXGL Background Thread 1 ] DEBUG GameApplicationServi - Applying CSS: fxgl_dark.css
14:06:10.670 [FXGL Background Thread 1 ] DEBUG FXGLAssetLoaderServi - Loading from file system: jar:file:/C:/Users/Student/.m2/repository/com/github/almasb/fxgl/21.1/fxgl-21.1.jar!/fxglassets/ui/css/fxgl_dark.css
14:06:10.727 [FXGL Background Thread 1 ] DEBUG GameApplicationServi - Initializing application scenes
14:06:10.781 [FXGL Background Thread 1 ] DEBUG GameWorld            - Game world initialized
14:06:10.860 [FXGL Background Thread 1 ] DEBUG PhysicsWorld         - Physics world initialized: appHeight=720, physics.ppm=50.0
14:06:10.860 [FXGL Background Thread 1 ] DEBUG PhysicsWorld         - Using strategy: BRUTE_FORCE
14:06:10.864 [FXGL Background Thread 1 ] DEBUG GameScene            - Game scene initialized: 1280x720
14:06:10.882 [FXGL Background Thread 1 ] DEBUG FXGL.DefaultMenu     - createMenuBodyGameMenu()
14:06:10.904 [FXGL Background Thread 1 ] DEBUG FXGL.DefaultMenu     - createOptionsMenu()
14:06:10.916 [FXGL Background Thread 1 ] DEBUG FXGLAssetLoaderServi - Loading from file system: jar:file:/C:/Users/Student/.m2/repository/com/github/almasb/fxgl/21.1/fxgl-21.1.jar!/fxglassets/textures/particles/smoke.png
14:06:11.030 [FXGL Background Thread 1 ] DEBUG FXGLAssetLoaderServi - Loading from file system: jar:file:/C:/Users/Student/.m2/repository/com/github/almasb/fxgl/21.1/fxgl-21.1.jar!/fxglassets/textures/particles/trace_horizontal.png
14:06:11.064 [FXGL Background Thread 1 ] DEBUG GameApplicationServi - Application scenes initialized
14:06:11.081 [FXGL Background Thread 1 ] DEBUG SystemBundleService  - Loading FXGL system data
14:06:11.087 [FXGL Background Thread 1 ] DEBUG FileSystemAccess     - Reading from: C:\Users\Student\project\myproject\system\fxgl.bundle
14:06:11.099 [FXGL Background Thread 1 ] DEBUG SystemBundleService  - Bundle FXGL: {}
14:06:11.100 [FXGL Background Thread 1 ] DEBUG UpdaterService       - Checking for updates
14:06:11.104 [FXGL Background Thread 1 ] DEBUG FXGLApplication      - Loading default localization
14:06:11.105 [FXGL Background Thread 4 ] DEBUG FXGLApplication      - Loading fonts
14:06:11.105 [FXGL Background Thread 4 ] DEBUG FXGLAssetLoaderServi - Loading from file system: jar:file:/C:/Users/Student/.m2/repository/com/github/almasb/fxgl/21.1/fxgl-21.1.jar!/fxglassets/ui/fonts/VarelaRound-Regular.ttf
14:06:11.105 [FXGL Background Thread 1 ] DEBUG FXGLAssetLoaderServi - Loading from file system: jar:file:/C:/Users/Student/.m2/repository/com/github/almasb/fxgl/21.1/fxgl-21.1.jar!/fxglassets/languages/english.lang
14:06:11.140 [FXGL Background Thread 1 ] INFO  FXGLApplication      - FXGL initialization took: 0.561 sec
14:06:11.152 [JavaFX Application Thread] DEBUG Input                - Registered new binding: Right - D
14:06:11.152 [JavaFX Application Thread] DEBUG Input                - Registered new binding: Left - A
14:06:11.152 [JavaFX Application Thread] DEBUG Input                - Registered new binding: Up - W
14:06:11.152 [JavaFX Application Thread] DEBUG Input                - Registered new binding: Down - S
14:06:11.153 [JavaFX Application Thread] DEBUG FXGLAssetLoaderServi - Loading from file system: jar:file:/C:/Users/Student/.m2/repository/com/github/almasb/fxgl/21.1/fxgl-21.1.jar!/fxglassets/textures/fxgl_icon.png
14:06:11.156 [FXGL Background Thread 4 ] DEBUG FXGLAssetLoaderServi - Loading from file system: jar:file:/C:/Users/Student/.m2/repository/com/github/almasb/fxgl/21.1/fxgl-21.1.jar!/fxglassets/ui/fonts/Abel-Regular.ttf
14:06:11.159 [FXGL Background Thread 4 ] DEBUG FXGLAssetLoaderServi - Loading from file system: jar:file:/C:/Users/Student/.m2/repository/com/github/almasb/fxgl/21.1/fxgl-21.1.jar!/fxglassets/ui/fonts/TerminalLandMono-Regular.otf
14:06:11.172 [FXGL Background Thread 4 ] DEBUG FXGLAssetLoaderServi - Loading from file system: jar:file:/C:/Users/Student/.m2/repository/com/github/almasb/fxgl/21.1/fxgl-21.1.jar!/fxglassets/ui/fonts/Courier-Prime.ttf
14:06:11.179 [JavaFX Application Thread] DEBUG FXGLAssetLoaderServi - Loading from file system: jar:file:/C:/Users/Student/.m2/repository/com/github/almasb/fxgl/21.1/fxgl-21.1.jar!/fxglassets/textures/fxgl_default_cursor.png
14:06:11.183 [JavaFX Application Thread] DEBUG Input                - Registered new binding: Screenshot - CTRL+8
14:06:11.184 [JavaFX Application Thread] DEBUG Input                - Registered new binding: System info dump - CTRL+9
14:06:11.185 [JavaFX Application Thread] DEBUG Input                - Registered new binding: Restart - CTRL+R
14:06:11.186 [JavaFX Application Thread] DEBUG Input                - Registered new binding: Toggle Debug Camera - CTRL+7
14:06:11.189 [JavaFX Application Thread] DEBUG LoopRunner           - Starting loop
14:06:11.189 [JavaFX Application Thread] DEBUG LoopRunner           - Initializing JavaFX AnimationTimerLoop
14:06:11.191 [JavaFX Application Thread] DEBUG GameApplicationServi - Starting new game
14:06:11.192 [JavaFX Application Thread] DEBUG Input                - Clearing active input actions
14:06:11.205 [JavaFX Application Thread] DEBUG GameApplicationServi - Removing overlay from FXGLStartupScene and adding to FXGLLoadingScene
14:06:11.206 [JavaFX Application Thread] DEBUG PrimaryStageWindow   - FXGLStartupScene -> FXGLLoadingScene
14:06:11.206 [JavaFX Application Thread] DEBUG GameApplicationServi - Clearing previous game
14:06:11.206 [JavaFX Application Thread] DEBUG GameScene            - Clearing game scene
14:06:11.206 [JavaFX Application Thread] DEBUG GameWorld            - Clearing game world
14:06:11.206 [JavaFX Application Thread] DEBUG PhysicsWorld         - Clearing physics world
14:06:11.207 [FXGL Background Thread 4 ] DEBUG FXGLApplication      - Initializing game
14:06:11.209 [JavaFX Application Thread] DEBUG FXGLApplication      - Registering font factories with UI factory
14:06:11.228 [FXGL Background Thread 4 ] DEBUG FXGLAssetLoaderServi - Loading from file system: file:/C:/Users/Student/project/myproject/myproject/target/classes/assets/textures/Karee.png
14:06:11.271 [FXGL Background Thread 4 ] INFO  FXGLApplication      - Game initialization took: 0.063 sec
14:06:11.274 [JavaFX Application Thread] DEBUG Input                - Clearing active input actions
14:06:11.281 [JavaFX Application Thread] DEBUG GameApplicationServi - Removing overlay from FXGLLoadingScene and adding to GameScene
14:06:11.281 [JavaFX Application Thread] DEBUG PrimaryStageWindow   - FXGLLoadingScene -> GameScene
14:06:13.166 [JavaFX Application Thread] DEBUG FXGLApplication      - Exiting FXGL
14:06:13.166 [JavaFX Application Thread] DEBUG LoopRunner           - Stopping loop
14:06:13.166 [JavaFX Application Thread] DEBUG SystemBundleService  - Saving FXGL system data
14:06:13.169 [JavaFX Application Thread] DEBUG FileSystemAccess     - Writing to: C:\Users\Student\project\myproject\system\fxgl.bundle
14:06:13.171 [JavaFX Application Thread] DEBUG Async                - Shutting down background threads
14:06:13.171 [JavaFX Application Thread] DEBUG PrimaryStageWindow   - Closing main window
14:06:13.184 [JavaFX Application Thread] DEBUG Logger               - Closing Logger
