15:51:15.916 [main                     ] DEBUG Logger               - Configured Logger
15:51:15.948 [main                     ] DEBUG GameApplication      - Logging settings
Title: Final Journey
Version: Alpha
Width: 1280
Height: 720
Fullscreen: true
Intro: false
Profiling: false
Single step:false
App Mode: DEVELOPER
Menu Key: ESCAPE
Stage Style: DECORATED
Scene Factory: class com.almasb.fxgl.app.scene.SceneFactory

15:51:16.419 [JavaFX Application Thread] DEBUG FXGLApplication      - Initializing FXGL
15:51:16.425 [JavaFX Application Thread] INFO  Engine               - FXGL-21.1 (27.03.2024 07.52) on WINDOWS (J:21.0.5 FX:21.0.1)
15:51:16.426 [JavaFX Application Thread] DEBUG Engine               - JRE Vendor Name: Eclipse Adoptium
15:51:16.426 [JavaFX Application Thread] DEBUG Engine               - Running on OS: Windows 11 version 10.0
15:51:16.426 [JavaFX Application Thread] DEBUG Engine               - Architecture: amd64
15:51:16.426 [JavaFX Application Thread] INFO  Engine               - Source code and latest versions at: https://github.com/AlmasB/FXGL
15:51:16.427 [JavaFX Application Thread] INFO  Engine               -       Ask questions and discuss at: https://github.com/AlmasB/FXGL/discussions
15:51:16.427 [JavaFX Application Thread] INFO  Engine               -              Join the FXGL chat at: https://gitter.im/AlmasB/FXGL
15:51:16.553 [JavaFX Application Thread] DEBUG PrimaryStageWindow   - Creating a JavaFX scene
15:51:16.607 [JavaFX Application Thread] DEBUG PrimaryStageWindow   - Target settings size: 1280.0 x 720.0
15:51:16.607 [JavaFX Application Thread] DEBUG PrimaryStageWindow   - Scaled scene size:    1280.0 x 720.0
15:51:16.608 [JavaFX Application Thread] DEBUG PrimaryStageWindow   - Scaled ratio: (1.0, 1.0)
15:51:16.608 [JavaFX Application Thread] DEBUG PrimaryStageWindow   - Set initial scene to FXGLStartupScene
15:51:16.612 [JavaFX Application Thread] DEBUG PrimaryStageWindow   - Opening main window
15:51:16.707 [JavaFX Application Thread] DEBUG PrimaryStageWindow   - Window border size: (16.0, 39.0)
15:51:16.708 [JavaFX Application Thread] DEBUG PrimaryStageWindow   - Scaled size: 1280.0 x 720.0
15:51:16.708 [JavaFX Application Thread] DEBUG PrimaryStageWindow   - Scaled ratio: (1.0, 1.0)
15:51:16.708 [JavaFX Application Thread] DEBUG PrimaryStageWindow   - Scene size: 1280.0 x 720.0
15:51:16.709 [JavaFX Application Thread] DEBUG PrimaryStageWindow   - Stage size: 1296.0 x 759.0
15:51:16.795 [JavaFX Application Thread] DEBUG PrimaryStageWindow   - Going fullscreen
15:51:16.804 [FXGL Background Thread 1 ] DEBUG Engine               - Initializing environment variables
15:51:16.881 [FXGL Background Thread 1 ] DEBUG FXGLAssetLoaderServi - User app class for loading assets: class com.project.App
15:51:16.882 [FXGL Background Thread 1 ] DEBUG GameApplicationServi - Applying CSS: fxgl_dark.css
15:51:16.883 [FXGL Background Thread 1 ] DEBUG FXGLAssetLoaderServi - Loading from file system: jar:file:/C:/Users/Student/.m2/repository/com/github/almasb/fxgl/21.1/fxgl-21.1.jar!/fxglassets/ui/css/fxgl_dark.css
15:51:16.934 [FXGL Background Thread 1 ] DEBUG GameApplicationServi - Initializing application scenes
15:51:16.969 [FXGL Background Thread 1 ] DEBUG GameWorld            - Game world initialized
15:51:17.034 [FXGL Background Thread 1 ] DEBUG PhysicsWorld         - Physics world initialized: appHeight=720, physics.ppm=50.0
15:51:17.034 [FXGL Background Thread 1 ] DEBUG PhysicsWorld         - Using strategy: BRUTE_FORCE
15:51:17.038 [FXGL Background Thread 1 ] DEBUG GameScene            - Game scene initialized: 1280x720
15:51:17.052 [FXGL Background Thread 1 ] DEBUG FXGL.DefaultMenu     - createMenuBodyGameMenu()
15:51:17.071 [FXGL Background Thread 1 ] DEBUG FXGL.DefaultMenu     - createOptionsMenu()
15:51:17.081 [FXGL Background Thread 1 ] DEBUG FXGLAssetLoaderServi - Loading from file system: jar:file:/C:/Users/Student/.m2/repository/com/github/almasb/fxgl/21.1/fxgl-21.1.jar!/fxglassets/textures/particles/smoke.png
15:51:17.192 [FXGL Background Thread 1 ] DEBUG FXGLAssetLoaderServi - Loading from file system: jar:file:/C:/Users/Student/.m2/repository/com/github/almasb/fxgl/21.1/fxgl-21.1.jar!/fxglassets/textures/particles/trace_horizontal.png
15:51:17.222 [FXGL Background Thread 1 ] DEBUG GameApplicationServi - Application scenes initialized
15:51:17.236 [FXGL Background Thread 1 ] DEBUG SystemBundleService  - Loading FXGL system data
15:51:17.242 [FXGL Background Thread 1 ] DEBUG FileSystemAccess     - Reading from: D:\Project\myproject\system\fxgl.bundle
15:51:17.253 [FXGL Background Thread 1 ] DEBUG SystemBundleService  - Bundle FXGL: {}
15:51:17.253 [FXGL Background Thread 1 ] DEBUG UpdaterService       - Checking for updates
15:51:17.282 [FXGL Background Thread 4 ] DEBUG FXGLApplication      - Loading fonts
15:51:17.283 [FXGL Background Thread 4 ] DEBUG FXGLAssetLoaderServi - Loading from file system: jar:file:/C:/Users/Student/.m2/repository/com/github/almasb/fxgl/21.1/fxgl-21.1.jar!/fxglassets/ui/fonts/VarelaRound-Regular.ttf
15:51:17.285 [FXGL Background Thread 1 ] DEBUG FXGLApplication      - Loading default localization
15:51:17.285 [FXGL Background Thread 1 ] DEBUG FXGLAssetLoaderServi - Loading from file system: jar:file:/C:/Users/Student/.m2/repository/com/github/almasb/fxgl/21.1/fxgl-21.1.jar!/fxglassets/languages/english.lang
15:51:17.307 [FXGL Background Thread 1 ] INFO  FXGLApplication      - FXGL initialization took: 0.503 sec
15:51:17.309 [FXGL Background Thread 4 ] DEBUG FXGLAssetLoaderServi - Loading from file system: jar:file:/C:/Users/Student/.m2/repository/com/github/almasb/fxgl/21.1/fxgl-21.1.jar!/fxglassets/ui/fonts/Abel-Regular.ttf
15:51:17.314 [FXGL Background Thread 4 ] DEBUG FXGLAssetLoaderServi - Loading from file system: jar:file:/C:/Users/Student/.m2/repository/com/github/almasb/fxgl/21.1/fxgl-21.1.jar!/fxglassets/ui/fonts/TerminalLandMono-Regular.otf
15:51:17.318 [FXGL Background Thread 4 ] DEBUG FXGLAssetLoaderServi - Loading from file system: jar:file:/C:/Users/Student/.m2/repository/com/github/almasb/fxgl/21.1/fxgl-21.1.jar!/fxglassets/ui/fonts/Courier-Prime.ttf
15:51:17.319 [JavaFX Application Thread] DEBUG Input                - Registered new binding: Right - D
15:51:17.319 [JavaFX Application Thread] DEBUG Input                - Registered new binding: Left - A
15:51:17.319 [JavaFX Application Thread] DEBUG Input                - Registered new binding: Up - W
15:51:17.319 [JavaFX Application Thread] DEBUG Input                - Registered new binding: Down - S
15:51:17.319 [JavaFX Application Thread] DEBUG Input                - Registered new binding: Interact - E
15:51:17.319 [JavaFX Application Thread] DEBUG FXGLAssetLoaderServi - Loading from file system: jar:file:/C:/Users/Student/.m2/repository/com/github/almasb/fxgl/21.1/fxgl-21.1.jar!/fxglassets/textures/fxgl_icon.png
15:51:17.337 [JavaFX Application Thread] DEBUG FXGLAssetLoaderServi - Loading from file system: jar:file:/C:/Users/Student/.m2/repository/com/github/almasb/fxgl/21.1/fxgl-21.1.jar!/fxglassets/textures/fxgl_default_cursor.png
15:51:17.340 [JavaFX Application Thread] DEBUG Input                - Registered new binding: Screenshot - CTRL+8
15:51:17.340 [JavaFX Application Thread] DEBUG Input                - Registered new binding: Dev Options - 1
15:51:17.341 [JavaFX Application Thread] DEBUG Input                - Registered new binding: Dev Console - 2
15:51:17.341 [JavaFX Application Thread] DEBUG Input                - Registered new binding: System info dump - CTRL+9
15:51:17.341 [JavaFX Application Thread] DEBUG Input                - Registered new binding: Restart - CTRL+R
15:51:17.342 [JavaFX Application Thread] DEBUG Input                - Registered new binding: Toggle Debug Camera - CTRL+7
15:51:17.347 [JavaFX Application Thread] DEBUG LoopRunner           - Starting loop
15:51:17.365 [JavaFX Application Thread] DEBUG LoopRunner           - Initializing JavaFX AnimationTimerLoop
15:51:17.367 [JavaFX Application Thread] DEBUG GameApplicationServi - Starting new game
15:51:17.367 [JavaFX Application Thread] DEBUG Input                - Clearing active input actions
15:51:17.379 [JavaFX Application Thread] DEBUG GameApplicationServi - Removing overlay from FXGLStartupScene and adding to FXGLLoadingScene
15:51:17.384 [JavaFX Application Thread] DEBUG PrimaryStageWindow   - FXGLStartupScene -> FXGLLoadingScene
15:51:17.384 [JavaFX Application Thread] DEBUG GameApplicationServi - Clearing previous game
15:51:17.384 [JavaFX Application Thread] DEBUG GameScene            - Clearing game scene
15:51:17.385 [JavaFX Application Thread] DEBUG GameWorld            - Clearing game world
15:51:17.385 [JavaFX Application Thread] DEBUG PhysicsWorld         - Clearing physics world
15:51:17.386 [FXGL Background Thread 4 ] DEBUG FXGLApplication      - Initializing game
15:51:17.386 [JavaFX Application Thread] DEBUG FXGLApplication      - Registering font factories with UI factory
15:51:17.445 [FXGL Background Thread 4 ] WARN  TMXLevelLoader       - TiledMap generated from 1.11.0. Supported version: 1.9.0. Some features may not be parsed fully.
15:51:17.475 [FXGL Background Thread 4 ] DEBUG TMXLevelLoader       - Parsed TiledMap: file:/D:/Project/myproject/myproject/target/classes/assets/levels/scene1.tmx
15:51:17.476 [FXGL Background Thread 4 ] DEBUG TMXLevelLoader       - Creating tile layer entities
15:51:17.478 [FXGL Background Thread 4 ] DEBUG TilesetLoader        - Loading view for layer lowefloor
15:51:17.480 [FXGL Background Thread 4 ] DEBUG TilesetLoader        - Created buffer with size 512.0x1024.0
15:51:17.585 [FXGL Background Thread 4 ] DEBUG TilesetLoader        - Loading view for layer cliff
15:51:17.585 [FXGL Background Thread 4 ] DEBUG TilesetLoader        - Created buffer with size 512.0x1024.0
15:51:17.587 [FXGL Background Thread 4 ] DEBUG TilesetLoader        - Loading view for layer cliff1
15:51:17.587 [FXGL Background Thread 4 ] DEBUG TilesetLoader        - Created buffer with size 512.0x1024.0
15:51:17.588 [FXGL Background Thread 4 ] DEBUG TilesetLoader        - Loading view for layer cliff2
15:51:17.590 [FXGL Background Thread 4 ] DEBUG TilesetLoader        - Created buffer with size 512.0x1024.0
15:51:17.592 [FXGL Background Thread 4 ] DEBUG TilesetLoader        - Loading view for layer Tile Layer 3
15:51:17.594 [FXGL Background Thread 4 ] DEBUG TilesetLoader        - Created buffer with size 512.0x1024.0
15:51:17.596 [FXGL Background Thread 4 ] DEBUG TilesetLoader        - Loading view for layer Tile Layer 6
15:51:17.596 [FXGL Background Thread 4 ] DEBUG TilesetLoader        - Created buffer with size 512.0x1024.0
15:51:17.755 [FXGL Background Thread 4 ] DEBUG TilesetLoader        - Loading view for layer prop
15:51:17.761 [FXGL Background Thread 4 ] DEBUG TilesetLoader        - Created buffer with size 512.0x1024.0
15:51:17.763 [FXGL Background Thread 4 ] DEBUG TMXLevelLoader       - Creating object layer entities
15:51:17.816 [FXGL Background Thread 4 ] DEBUG FXGLAssetLoaderServi - Loading from file system: file:/D:/Project/myproject/myproject/target/classes/assets/textures/Actor1.png
15:51:17.837 [FXGL Background Thread 4 ] DEBUG FXGLAssetLoaderServi - Loading from file system: file:/D:/Project/myproject/myproject/target/classes/assets/textures/Rex.png
15:51:17.843 [FXGL Background Thread 4 ] WARN  TMXLevelLoader       - TiledMap generated from 1.11.0. Supported version: 1.9.0. Some features may not be parsed fully.
15:51:17.862 [FXGL Background Thread 4 ] DEBUG TMXLevelLoader       - Parsed TiledMap: file:/D:/Project/myproject/myproject/target/classes/assets/levels/scene1.tmx
15:51:17.862 [FXGL Background Thread 4 ] DEBUG TMXLevelLoader       - Creating tile layer entities
15:51:17.863 [FXGL Background Thread 4 ] DEBUG TilesetLoader        - Loading view for layer lowefloor
15:51:17.863 [FXGL Background Thread 4 ] DEBUG TilesetLoader        - Created buffer with size 512.0x1024.0
15:51:17.909 [FXGL Background Thread 4 ] DEBUG TilesetLoader        - Loading view for layer cliff
15:51:17.909 [FXGL Background Thread 4 ] DEBUG TilesetLoader        - Created buffer with size 512.0x1024.0
15:51:17.910 [FXGL Background Thread 4 ] DEBUG TilesetLoader        - Loading view for layer cliff1
15:51:17.916 [FXGL Background Thread 4 ] DEBUG TilesetLoader        - Created buffer with size 512.0x1024.0
15:51:17.918 [FXGL Background Thread 4 ] DEBUG TilesetLoader        - Loading view for layer cliff2
15:51:17.918 [FXGL Background Thread 4 ] DEBUG TilesetLoader        - Created buffer with size 512.0x1024.0
15:51:17.920 [FXGL Background Thread 4 ] DEBUG TilesetLoader        - Loading view for layer Tile Layer 3
15:51:17.920 [FXGL Background Thread 4 ] DEBUG TilesetLoader        - Created buffer with size 512.0x1024.0
15:51:17.921 [FXGL Background Thread 4 ] DEBUG TilesetLoader        - Loading view for layer Tile Layer 6
15:51:17.922 [FXGL Background Thread 4 ] DEBUG TilesetLoader        - Created buffer with size 512.0x1024.0
15:51:18.024 [FXGL Background Thread 4 ] DEBUG TilesetLoader        - Loading view for layer prop
15:51:18.024 [FXGL Background Thread 4 ] DEBUG TilesetLoader        - Created buffer with size 512.0x1024.0
15:51:18.025 [FXGL Background Thread 4 ] DEBUG TMXLevelLoader       - Creating object layer entities
15:51:18.043 [FXGL Background Thread 4 ] DEBUG GameWorld            - Clearing removable entities
15:51:18.044 [FXGL Background Thread 4 ] DEBUG GameWorld            - Setting level: com.almasb.fxgl.entity.level.Level@2149af50
15:51:18.058 [FXGL Background Thread 4 ] INFO  FXGLApplication      - Game initialization took: 0.672 sec
15:51:18.059 [JavaFX Application Thread] DEBUG Input                - Clearing active input actions
15:51:18.071 [JavaFX Application Thread] DEBUG GameApplicationServi - Removing overlay from FXGLLoadingScene and adding to GameScene
15:51:18.078 [JavaFX Application Thread] DEBUG PrimaryStageWindow   - FXGLLoadingScene -> GameScene
15:51:20.282 [FXGL Background Thread 3 ] DEBUG Engine               - Logging environment variables
15:51:20.282 [FXGL Background Thread 3 ] DEBUG Engine               - achievements: []
15:51:20.282 [FXGL Background Thread 3 ] DEBUG Engine               - actualHeight: 1080.0
15:51:20.283 [FXGL Background Thread 3 ] DEBUG Engine               - actualHeightProperty: ReadOnlyDoubleProperty [value: 1080.0]
15:51:20.283 [FXGL Background Thread 3 ] DEBUG Engine               - actualWidth: 1920.0
15:51:20.283 [FXGL Background Thread 3 ] DEBUG Engine               - actualWidthProperty: ReadOnlyDoubleProperty [value: 1920.0]
15:51:20.283 [FXGL Background Thread 3 ] DEBUG Engine               - appIcon: fxgl_icon.png
15:51:20.283 [FXGL Background Thread 3 ] DEBUG Engine               - applicationMode: DEVELOPER
15:51:20.283 [FXGL Background Thread 3 ] DEBUG Engine               - cSSList: [fxgl_dark.css]
15:51:20.283 [FXGL Background Thread 3 ] DEBUG Engine               - collisionDetectionStrategy: BRUTE_FORCE
15:51:20.283 [FXGL Background Thread 3 ] DEBUG Engine               - configClass: Optional.empty
15:51:20.283 [FXGL Background Thread 3 ] DEBUG Engine               - credits: []
15:51:20.284 [FXGL Background Thread 3 ] DEBUG Engine               - defaultCursor: CursorInfo(imageName=fxgl_default_cursor.png, hotspotX=7.0, hotspotY=6.0)
15:51:20.284 [FXGL Background Thread 3 ] DEBUG Engine               - devBBoxColorProperty: ObjectProperty [value: 0xff0000ff]
15:51:20.284 [FXGL Background Thread 3 ] DEBUG Engine               - devEnableDebugCameraProperty: BooleanProperty [value: false]
15:51:20.284 [FXGL Background Thread 3 ] DEBUG Engine               - devSensorColorProperty: ObjectProperty [value: 0xffff00ff]
15:51:20.284 [FXGL Background Thread 3 ] DEBUG Engine               - devShowBBoxProperty: BooleanProperty [value: false]
15:51:20.284 [FXGL Background Thread 3 ] DEBUG Engine               - devShowPositionProperty: BooleanProperty [value: false]
15:51:20.284 [FXGL Background Thread 3 ] DEBUG Engine               - enabledMenuItems: []
15:51:20.284 [FXGL Background Thread 3 ] DEBUG Engine               - engineServices: [class com.almasb.fxgl.app.services.FXGLAssetLoaderService, class com.almasb.fxgl.app.FXGLApplication$GameApplicationService, class com.almasb.fxgl.app.services.FXGLDialogService, class com.almasb.fxgl.app.services.IOTaskExecutorService, class com.almasb.fxgl.io.FileSystemService, class com.almasb.fxgl.localization.LocalizationService, class com.almasb.fxgl.app.services.SystemBundleService, class com.almasb.fxgl.profile.SaveLoadService, class com.almasb.fxgl.ui.FXGLUIFactoryServiceProvider, class com.almasb.fxgl.ui.FXGLDialogFactoryServiceProvider, class com.almasb.fxgl.audio.AudioPlayer, class com.almasb.fxgl.notification.impl.NotificationServiceProvider, class com.almasb.fxgl.achievement.AchievementService, class com.almasb.fxgl.cutscene.CutsceneService, class com.almasb.fxgl.minigames.MiniGameService, class com.almasb.fxgl.net.NetService, class com.almasb.fxgl.app.services.UpdaterService, class com.almasb.fxgl.dev.DevService]
15:51:20.284 [FXGL Background Thread 3 ] DEBUG Engine               - fontGame: Abel-Regular.ttf
15:51:20.284 [FXGL Background Thread 3 ] DEBUG Engine               - fontMono: TerminalLandMono-Regular.otf
15:51:20.284 [FXGL Background Thread 3 ] DEBUG Engine               - fontSizeScaleUI: 1.0
15:51:20.285 [FXGL Background Thread 3 ] DEBUG Engine               - fontText: Courier-Prime.ttf
15:51:20.285 [FXGL Background Thread 3 ] DEBUG Engine               - fontUI: VarelaRound-Regular.ttf
15:51:20.285 [FXGL Background Thread 3 ] DEBUG Engine               - fullScreen: BooleanProperty [value: true]
15:51:20.285 [FXGL Background Thread 3 ] DEBUG Engine               - gameDifficulty: MEDIUM
15:51:20.285 [FXGL Background Thread 3 ] DEBUG Engine               - gameDifficultyProperty: ObjectProperty [value: MEDIUM]
15:51:20.285 [FXGL Background Thread 3 ] DEBUG Engine               - globalMusicVolume: 0.5
15:51:20.285 [FXGL Background Thread 3 ] DEBUG Engine               - globalMusicVolumeProperty: DoubleProperty [value: 0.5]
15:51:20.285 [FXGL Background Thread 3 ] DEBUG Engine               - globalSoundVolume: 0.5
15:51:20.285 [FXGL Background Thread 3 ] DEBUG Engine               - globalSoundVolumeProperty: DoubleProperty [value: 0.5]
15:51:20.285 [FXGL Background Thread 3 ] DEBUG Engine               - height: 720
15:51:20.285 [FXGL Background Thread 3 ] DEBUG Engine               - is3D: false
15:51:20.285 [FXGL Background Thread 3 ] DEBUG Engine               - isAndroid: false
15:51:20.285 [FXGL Background Thread 3 ] DEBUG Engine               - isBrowser: false
15:51:20.285 [FXGL Background Thread 3 ] DEBUG Engine               - isClickFeedbackEnabled: false
15:51:20.286 [FXGL Background Thread 3 ] DEBUG Engine               - isCloseConfirmation: false
15:51:20.286 [FXGL Background Thread 3 ] DEBUG Engine               - isDesktop: true
15:51:20.286 [FXGL Background Thread 3 ] DEBUG Engine               - isDeveloperMenuEnabled: true
15:51:20.286 [FXGL Background Thread 3 ] DEBUG Engine               - isEmbedded: false
15:51:20.286 [FXGL Background Thread 3 ] DEBUG Engine               - isEntityPreloadEnabled: true
15:51:20.286 [FXGL Background Thread 3 ] DEBUG Engine               - isExperimentalTiledLargeMap: false
15:51:20.286 [FXGL Background Thread 3 ] DEBUG Engine               - isFileSystemWriteAllowed: true
15:51:20.286 [FXGL Background Thread 3 ] DEBUG Engine               - isFullScreenAllowed: true
15:51:20.286 [FXGL Background Thread 3 ] DEBUG Engine               - isFullScreenFromStart: true
15:51:20.286 [FXGL Background Thread 3 ] DEBUG Engine               - isGameMenuEnabled: true
15:51:20.286 [FXGL Background Thread 3 ] DEBUG Engine               - isIOS: false
15:51:20.286 [FXGL Background Thread 3 ] DEBUG Engine               - isIntroEnabled: false
15:51:20.286 [FXGL Background Thread 3 ] DEBUG Engine               - isLinux: false
15:51:20.286 [FXGL Background Thread 3 ] DEBUG Engine               - isMac: false
15:51:20.287 [FXGL Background Thread 3 ] DEBUG Engine               - isMainMenuEnabled: false
15:51:20.287 [FXGL Background Thread 3 ] DEBUG Engine               - isManualResizeEnabled: false
15:51:20.287 [FXGL Background Thread 3 ] DEBUG Engine               - isMobile: false
15:51:20.287 [FXGL Background Thread 3 ] DEBUG Engine               - isNative: false
15:51:20.287 [FXGL Background Thread 3 ] DEBUG Engine               - isPauseMusicWhenMinimized: true
15:51:20.287 [FXGL Background Thread 3 ] DEBUG Engine               - isPreserveResizeRatio: false
15:51:20.287 [FXGL Background Thread 3 ] DEBUG Engine               - isProfilingEnabled: false
15:51:20.287 [FXGL Background Thread 3 ] DEBUG Engine               - isScaleAffectedOnResize: true
15:51:20.287 [FXGL Background Thread 3 ] DEBUG Engine               - isSingleStep: false
15:51:20.287 [FXGL Background Thread 3 ] DEBUG Engine               - isUserProfileEnabled: false
15:51:20.287 [FXGL Background Thread 3 ] DEBUG Engine               - isWindows: true
15:51:20.287 [FXGL Background Thread 3 ] DEBUG Engine               - language: ObjectProperty [value: ENGLISH]
15:51:20.287 [FXGL Background Thread 3 ] DEBUG Engine               - menuKey: ESCAPE
15:51:20.287 [FXGL Background Thread 3 ] DEBUG Engine               - mouseSensitivity: 0.2
15:51:20.287 [FXGL Background Thread 3 ] DEBUG Engine               - notificationViewClass: class com.almasb.fxgl.notification.view.XboxNotificationView
15:51:20.287 [FXGL Background Thread 3 ] DEBUG Engine               - pixelsPerMeter: 50.0
15:51:20.288 [FXGL Background Thread 3 ] DEBUG Engine               - platform: WINDOWS
15:51:20.288 [FXGL Background Thread 3 ] DEBUG Engine               - prefHeightProperty: ReadOnlyDoubleProperty [value: 720.0]
15:51:20.288 [FXGL Background Thread 3 ] DEBUG Engine               - prefWidthProperty: ReadOnlyDoubleProperty [value: 1280.0]
15:51:20.288 [FXGL Background Thread 3 ] DEBUG Engine               - profileDir: profiles/
15:51:20.288 [FXGL Background Thread 3 ] DEBUG Engine               - profileName: StringProperty [value: DEFAULT]
15:51:20.288 [FXGL Background Thread 3 ] DEBUG Engine               - randomSeed: -1
15:51:20.289 [FXGL Background Thread 3 ] DEBUG Engine               - runtimeInfo: RuntimeInfo(platform=WINDOWS, version=21.1, build=27.03.2024 07.52)
15:51:20.289 [FXGL Background Thread 3 ] DEBUG Engine               - saveFileExt: sav
15:51:20.289 [FXGL Background Thread 3 ] DEBUG Engine               - scaledHeightProp$fxgl: DoubleProperty [bound, value: 1080.0]
15:51:20.289 [FXGL Background Thread 3 ] DEBUG Engine               - scaledWidthProp$fxgl: DoubleProperty [bound, value: 1920.0]
15:51:20.290 [FXGL Background Thread 3 ] DEBUG Engine               - sceneFactory: com.almasb.fxgl.app.scene.SceneFactory@1547ca
15:51:20.290 [FXGL Background Thread 3 ] DEBUG Engine               - secondsIn24h: 60
15:51:20.290 [FXGL Background Thread 3 ] DEBUG Engine               - soundMenuBack: menu/back.wav
15:51:20.290 [FXGL Background Thread 3 ] DEBUG Engine               - soundMenuPress: menu/press.wav
15:51:20.290 [FXGL Background Thread 3 ] DEBUG Engine               - soundMenuSelect: menu/select.wav
15:51:20.290 [FXGL Background Thread 3 ] DEBUG Engine               - soundNotification: core/notification.wav
15:51:20.290 [FXGL Background Thread 3 ] DEBUG Engine               - stageStyle: DECORATED
15:51:20.290 [FXGL Background Thread 3 ] DEBUG Engine               - supportedLanguages: [ENGLISH, FRENCH, GERMAN, HUNGARIAN, RUSSIAN]
15:51:20.290 [FXGL Background Thread 3 ] DEBUG Engine               - ticksPerSecond: -1
15:51:20.290 [FXGL Background Thread 3 ] DEBUG Engine               - title: Final Journey
15:51:20.290 [FXGL Background Thread 3 ] DEBUG Engine               - urlGithub: https://github.com/AlmasB/FXGL
15:51:20.291 [FXGL Background Thread 3 ] DEBUG Engine               - urlLeaderboard: http://fxgl-top.herokuapp.com/
15:51:20.291 [FXGL Background Thread 3 ] DEBUG Engine               - urlPOM: https://raw.githubusercontent.com/AlmasB/FXGL/release/README.md
15:51:20.291 [FXGL Background Thread 3 ] DEBUG Engine               - userAppClass: class com.project.App
15:51:20.291 [FXGL Background Thread 3 ] DEBUG Engine               - version: Alpha
15:51:20.291 [FXGL Background Thread 3 ] DEBUG Engine               - versionCheckDays: 7
15:51:20.291 [FXGL Background Thread 3 ] DEBUG Engine               - width: 1280
15:51:20.291 [FXGL Background Thread 3 ] DEBUG Engine               - Logging services
15:51:20.291 [FXGL Background Thread 3 ] DEBUG Engine               - class com.almasb.fxgl.app.services.FXGLAssetLoaderService
15:51:20.292 [FXGL Background Thread 3 ] DEBUG Engine               - class com.almasb.fxgl.app.FXGLApplication$GameApplicationService
15:51:20.292 [FXGL Background Thread 3 ] DEBUG Engine               - class com.almasb.fxgl.app.services.FXGLDialogService
15:51:20.292 [FXGL Background Thread 3 ] DEBUG Engine               - class com.almasb.fxgl.app.services.IOTaskExecutorService
15:51:20.292 [FXGL Background Thread 3 ] DEBUG Engine               - class com.almasb.fxgl.io.FileSystemService
15:51:20.292 [FXGL Background Thread 3 ] DEBUG Engine               - class com.almasb.fxgl.localization.LocalizationService
15:51:20.292 [FXGL Background Thread 3 ] DEBUG Engine               - class com.almasb.fxgl.app.services.SystemBundleService
15:51:20.292 [FXGL Background Thread 3 ] DEBUG Engine               - class com.almasb.fxgl.profile.SaveLoadService
15:51:20.292 [FXGL Background Thread 3 ] DEBUG Engine               - class com.almasb.fxgl.ui.FXGLUIFactoryServiceProvider
15:51:20.292 [FXGL Background Thread 3 ] DEBUG Engine               - class com.almasb.fxgl.ui.FXGLDialogFactoryServiceProvider
15:51:20.292 [FXGL Background Thread 3 ] DEBUG Engine               - class com.almasb.fxgl.audio.AudioPlayer
15:51:20.292 [FXGL Background Thread 3 ] DEBUG Engine               - class com.almasb.fxgl.notification.impl.NotificationServiceProvider
15:51:20.293 [FXGL Background Thread 3 ] DEBUG Engine               - class com.almasb.fxgl.achievement.AchievementService
15:51:20.293 [FXGL Background Thread 3 ] DEBUG Engine               - class com.almasb.fxgl.cutscene.CutsceneService
15:51:20.293 [FXGL Background Thread 3 ] DEBUG Engine               - class com.almasb.fxgl.minigames.MiniGameService
15:51:20.293 [FXGL Background Thread 3 ] DEBUG Engine               - class com.almasb.fxgl.net.NetService
15:51:20.293 [FXGL Background Thread 3 ] DEBUG Engine               - class com.almasb.fxgl.app.services.UpdaterService
15:51:20.293 [FXGL Background Thread 3 ] DEBUG Engine               - class com.almasb.fxgl.dev.DevService
15:51:30.461 [JavaFX Application Thread] DEBUG PrimaryStageWindow   - Push state: FXGLDefaultMenu
15:51:30.465 [JavaFX Application Thread] DEBUG Input                - Clearing active input actions
15:51:30.467 [JavaFX Application Thread] DEBUG GameApplicationServi - Removing overlay from GameScene and adding to FXGLDefaultMenu
15:51:30.469 [JavaFX Application Thread] DEBUG PrimaryStageWindow   - GameScene -> FXGLDefaultMenu
15:51:30.929 [JavaFX Application Thread] DEBUG PrimaryStageWindow   - Pop state: FXGLDefaultMenu
15:51:30.929 [JavaFX Application Thread] DEBUG Input                - Clearing active input actions
15:51:30.929 [JavaFX Application Thread] DEBUG GameApplicationServi - Removing overlay from FXGLDefaultMenu and adding to GameScene
15:51:30.933 [JavaFX Application Thread] DEBUG PrimaryStageWindow   - GameScene <- FXGLDefaultMenu
15:51:50.195 [JavaFX Application Thread] DEBUG PrimaryStageWindow   - Push state: FXGLDefaultMenu
15:51:50.195 [JavaFX Application Thread] DEBUG Input                - Clearing active input actions
15:51:50.196 [JavaFX Application Thread] DEBUG GameApplicationServi - Removing overlay from GameScene and adding to FXGLDefaultMenu
15:51:50.197 [JavaFX Application Thread] DEBUG PrimaryStageWindow   - GameScene -> FXGLDefaultMenu
15:51:50.636 [JavaFX Application Thread] DEBUG PrimaryStageWindow   - Pop state: FXGLDefaultMenu
15:51:50.636 [JavaFX Application Thread] DEBUG Input                - Clearing active input actions
15:51:50.636 [JavaFX Application Thread] DEBUG GameApplicationServi - Removing overlay from FXGLDefaultMenu and adding to GameScene
15:51:50.637 [JavaFX Application Thread] DEBUG PrimaryStageWindow   - GameScene <- FXGLDefaultMenu
15:51:54.537 [JavaFX Application Thread] DEBUG PrimaryStageWindow   - Push state: FXGLDefaultMenu
15:51:54.537 [JavaFX Application Thread] DEBUG Input                - Clearing active input actions
15:51:54.537 [JavaFX Application Thread] DEBUG GameApplicationServi - Removing overlay from GameScene and adding to FXGLDefaultMenu
15:51:54.552 [JavaFX Application Thread] DEBUG PrimaryStageWindow   - GameScene -> FXGLDefaultMenu
15:51:55.291 [JavaFX Application Thread] DEBUG Menu                 - fireExit()
15:51:55.293 [JavaFX Application Thread] DEBUG PrimaryStageWindow   - Push state: DialogSubScene
15:51:55.293 [JavaFX Application Thread] DEBUG Input                - Clearing active input actions
15:51:55.294 [JavaFX Application Thread] DEBUG GameApplicationServi - Removing overlay from FXGLDefaultMenu and adding to DialogSubScene
15:51:55.295 [JavaFX Application Thread] DEBUG PrimaryStageWindow   - FXGLDefaultMenu -> DialogSubScene
15:51:55.932 [JavaFX Application Thread] DEBUG PrimaryStageWindow   - Pop state: DialogSubScene
15:51:55.932 [JavaFX Application Thread] DEBUG Input                - Clearing active input actions
15:51:55.933 [JavaFX Application Thread] DEBUG GameApplicationServi - Removing overlay from DialogSubScene and adding to FXGLDefaultMenu
15:51:55.934 [JavaFX Application Thread] DEBUG PrimaryStageWindow   - FXGLDefaultMenu <- DialogSubScene
15:51:55.934 [JavaFX Application Thread] DEBUG FXGLApplication      - Exiting FXGL
15:51:55.934 [JavaFX Application Thread] DEBUG LoopRunner           - Stopping loop
15:51:55.934 [JavaFX Application Thread] DEBUG SystemBundleService  - Saving FXGL system data
15:51:55.936 [JavaFX Application Thread] DEBUG FileSystemAccess     - Writing to: D:\Project\myproject\system\fxgl.bundle
15:51:55.939 [JavaFX Application Thread] DEBUG Async                - Shutting down background threads
15:51:55.939 [JavaFX Application Thread] DEBUG PrimaryStageWindow   - Closing main window
15:51:55.963 [JavaFX Application Thread] DEBUG Logger               - Closing Logger
