18:21:31.022 [main                     ] DEBUG Logger               - Configured Logger
18:21:31.040 [main                     ] DEBUG GameApplication      - Logging settings
Title: FXGL Game
Version: 1.0
Width: 800
Height: 600
Fullscreen: false
Intro: false
Profiling: false
Single step:false
App Mode: DEVELOPER
Menu Key: ESCAPE
Stage Style: DECORATED
Scene Factory: class com.almasb.fxgl.app.scene.SceneFactory

18:21:31.338 [JavaFX Application Thread] DEBUG FXGLApplication      - Initializing FXGL
18:21:31.340 [JavaFX Application Thread] INFO  Engine               - FXGL-21.1 (27.03.2024 07.52) on WINDOWS (J:21.0.5 FX:21.0.1)
18:21:31.340 [JavaFX Application Thread] DEBUG Engine               - JRE Vendor Name: Eclipse Adoptium
18:21:31.340 [JavaFX Application Thread] DEBUG Engine               - Running on OS: Windows 11 version 10.0
18:21:31.340 [JavaFX Application Thread] DEBUG Engine               - Architecture: amd64
18:21:31.340 [JavaFX Application Thread] INFO  Engine               - Source code and latest versions at: https://github.com/AlmasB/FXGL
18:21:31.340 [JavaFX Application Thread] INFO  Engine               -       Ask questions and discuss at: https://github.com/AlmasB/FXGL/discussions
18:21:31.340 [JavaFX Application Thread] INFO  Engine               -              Join the FXGL chat at: https://gitter.im/AlmasB/FXGL
18:21:31.405 [JavaFX Application Thread] DEBUG PrimaryStageWindow   - Creating a JavaFX scene
18:21:31.438 [JavaFX Application Thread] DEBUG PrimaryStageWindow   - Target settings size: 800.0 x 600.0
18:21:31.439 [JavaFX Application Thread] DEBUG PrimaryStageWindow   - Scaled scene size:    800.0 x 600.0
18:21:31.439 [JavaFX Application Thread] DEBUG PrimaryStageWindow   - Scaled ratio: (1.0, 1.0)
18:21:31.439 [JavaFX Application Thread] DEBUG PrimaryStageWindow   - Set initial scene to FXGLStartupScene
18:21:31.443 [JavaFX Application Thread] DEBUG PrimaryStageWindow   - Opening main window
18:21:31.502 [JavaFX Application Thread] DEBUG PrimaryStageWindow   - Window border size: (14.4000244140625, 37.5999755859375)
18:21:31.502 [JavaFX Application Thread] DEBUG PrimaryStageWindow   - Scaled size: 800.0 x 600.0
18:21:31.502 [JavaFX Application Thread] DEBUG PrimaryStageWindow   - Scaled ratio: (1.0, 1.0)
18:21:31.502 [JavaFX Application Thread] DEBUG PrimaryStageWindow   - Scene size: 800.0 x 600.0
18:21:31.502 [JavaFX Application Thread] DEBUG PrimaryStageWindow   - Stage size: 814.4000244140625 x 637.5999755859375
18:21:31.507 [FXGL Background Thread 1 ] DEBUG Engine               - Initializing environment variables
18:21:31.541 [FXGL Background Thread 1 ] DEBUG FXGLAssetLoaderServi - User app class for loading assets: class com.project.App
18:21:31.541 [FXGL Background Thread 1 ] DEBUG GameApplicationServi - Applying CSS: fxgl_dark.css
18:21:31.542 [FXGL Background Thread 1 ] DEBUG FXGLAssetLoaderServi - Loading from file system: jar:file:/C:/Users/nitro/.m2/repository/com/github/almasb/fxgl/21.1/fxgl-21.1.jar!/fxglassets/ui/css/fxgl_dark.css
18:21:31.572 [FXGL Background Thread 1 ] DEBUG GameApplicationServi - Initializing application scenes
18:21:31.600 [FXGL Background Thread 1 ] DEBUG GameWorld            - Game world initialized
18:21:31.646 [FXGL Background Thread 1 ] DEBUG PhysicsWorld         - Physics world initialized: appHeight=600, physics.ppm=50.0
18:21:31.646 [FXGL Background Thread 1 ] DEBUG PhysicsWorld         - Using strategy: BRUTE_FORCE
18:21:31.648 [FXGL Background Thread 1 ] DEBUG GameScene            - Game scene initialized: 800x600
18:21:31.656 [FXGL Background Thread 1 ] DEBUG FXGL.DefaultMenu     - createMenuBodyGameMenu()
18:21:31.665 [FXGL Background Thread 1 ] DEBUG FXGL.DefaultMenu     - createOptionsMenu()
18:21:31.670 [FXGL Background Thread 1 ] DEBUG FXGLAssetLoaderServi - Loading from file system: jar:file:/C:/Users/nitro/.m2/repository/com/github/almasb/fxgl/21.1/fxgl-21.1.jar!/fxglassets/textures/particles/smoke.png
18:21:31.727 [FXGL Background Thread 1 ] DEBUG FXGLAssetLoaderServi - Loading from file system: jar:file:/C:/Users/nitro/.m2/repository/com/github/almasb/fxgl/21.1/fxgl-21.1.jar!/fxglassets/textures/particles/trace_horizontal.png
18:21:31.743 [FXGL Background Thread 1 ] DEBUG GameApplicationServi - Application scenes initialized
18:21:31.755 [FXGL Background Thread 1 ] DEBUG SystemBundleService  - Loading default FXGL system data
18:21:31.756 [FXGL Background Thread 1 ] DEBUG UpdaterService       - Checking for updates
18:21:31.758 [FXGL Background Thread 4 ] DEBUG FXGLApplication      - Loading fonts
18:21:31.758 [FXGL Background Thread 4 ] DEBUG FXGLAssetLoaderServi - Loading from file system: jar:file:/C:/Users/nitro/.m2/repository/com/github/almasb/fxgl/21.1/fxgl-21.1.jar!/fxglassets/ui/fonts/VarelaRound-Regular.ttf
18:21:31.758 [FXGL Background Thread 1 ] DEBUG FXGLApplication      - Loading default localization
18:21:31.759 [FXGL Background Thread 1 ] DEBUG FXGLAssetLoaderServi - Loading from file system: jar:file:/C:/Users/nitro/.m2/repository/com/github/almasb/fxgl/21.1/fxgl-21.1.jar!/fxglassets/languages/english.lang
18:21:31.784 [FXGL Background Thread 4 ] DEBUG FXGLAssetLoaderServi - Loading from file system: jar:file:/C:/Users/nitro/.m2/repository/com/github/almasb/fxgl/21.1/fxgl-21.1.jar!/fxglassets/ui/fonts/Abel-Regular.ttf
18:21:31.785 [FXGL Background Thread 1 ] INFO  FXGLApplication      - FXGL initialization took: 0.278 sec
18:21:31.786 [FXGL Background Thread 4 ] DEBUG FXGLAssetLoaderServi - Loading from file system: jar:file:/C:/Users/nitro/.m2/repository/com/github/almasb/fxgl/21.1/fxgl-21.1.jar!/fxglassets/ui/fonts/TerminalLandMono-Regular.otf
18:21:31.786 [JavaFX Application Thread] DEBUG FXGLAssetLoaderServi - Loading from file system: jar:file:/C:/Users/nitro/.m2/repository/com/github/almasb/fxgl/21.1/fxgl-21.1.jar!/fxglassets/textures/fxgl_icon.png
18:21:31.788 [FXGL Background Thread 4 ] DEBUG FXGLAssetLoaderServi - Loading from file system: jar:file:/C:/Users/nitro/.m2/repository/com/github/almasb/fxgl/21.1/fxgl-21.1.jar!/fxglassets/ui/fonts/Courier-Prime.ttf
18:21:31.803 [JavaFX Application Thread] DEBUG FXGLAssetLoaderServi - Loading from file system: jar:file:/C:/Users/nitro/.m2/repository/com/github/almasb/fxgl/21.1/fxgl-21.1.jar!/fxglassets/textures/fxgl_default_cursor.png
18:21:31.814 [JavaFX Application Thread] DEBUG Input                - Registered new binding: Screenshot - CTRL+8
18:21:31.815 [JavaFX Application Thread] DEBUG Input                - Registered new binding: System info dump - CTRL+9
18:21:31.815 [JavaFX Application Thread] DEBUG Input                - Registered new binding: Restart - CTRL+R
18:21:31.816 [JavaFX Application Thread] DEBUG Input                - Registered new binding: Toggle Debug Camera - CTRL+7
18:21:31.817 [JavaFX Application Thread] DEBUG LoopRunner           - Starting loop
18:21:31.817 [JavaFX Application Thread] DEBUG LoopRunner           - Initializing JavaFX AnimationTimerLoop
18:21:31.818 [JavaFX Application Thread] DEBUG GameApplicationServi - Starting new game
18:21:31.818 [JavaFX Application Thread] DEBUG Input                - Clearing active input actions
18:21:31.827 [JavaFX Application Thread] DEBUG GameApplicationServi - Removing overlay from FXGLStartupScene and adding to FXGLLoadingScene
18:21:31.827 [JavaFX Application Thread] DEBUG PrimaryStageWindow   - FXGLStartupScene -> FXGLLoadingScene
18:21:31.827 [JavaFX Application Thread] DEBUG GameApplicationServi - Clearing previous game
18:21:31.827 [JavaFX Application Thread] DEBUG GameScene            - Clearing game scene
18:21:31.827 [JavaFX Application Thread] DEBUG GameWorld            - Clearing game world
18:21:31.827 [JavaFX Application Thread] DEBUG PhysicsWorld         - Clearing physics world
18:21:31.829 [FXGL Background Thread 4 ] DEBUG FXGLApplication      - Initializing game
18:21:31.830 [JavaFX Application Thread] DEBUG FXGLApplication      - Registering font factories with UI factory
18:21:31.869 [JavaFX Application Thread] DEBUG LoopRunner           - Stopping loop
18:21:31.872 [JavaFX Application Thread] FATAL FXGLApplication      - Uncaught Exception:
java.lang.RuntimeException: Initialization failed
	at com.almasb.fxgl.app.FXGLApplication$InitAppTask.failed(FXGLApplication.kt:347)
	at javafx.concurrent.Task.setState(Task.java:710)
	at javafx.concurrent.Task$TaskCallable.lambda$call$2(Task.java:1429)
	at com.sun.javafx.application.PlatformImpl.lambda$runLater$10(PlatformImpl.java:456)
	at java.base/java.security.AccessController.doPrivileged(AccessController.java:400)
	at com.sun.javafx.application.PlatformImpl.lambda$runLater$11(PlatformImpl.java:455)
	at com.sun.glass.ui.InvokeLaterDispatcher$Future.run(InvokeLaterDispatcher.java:95)
	at com.sun.glass.ui.win.WinApplication._runLoop(Native Method)
	at com.sun.glass.ui.win.WinApplication.lambda$runLoop$3(WinApplication.java:185)
	at java.base/java.lang.Thread.run(Thread.java:1583)
Caused by: java.lang.Error: Unresolved compilation problem: 
	The method getGameVar(String) is undefined for the type App

	at com.project.App.initGame(App.java:44)
	at com.almasb.fxgl.app.FXGLApplication$InitAppTask.initGame(FXGLApplication.kt:343)
	at com.almasb.fxgl.app.FXGLApplication$InitAppTask.call(FXGLApplication.kt:321)
	at com.almasb.fxgl.app.FXGLApplication$InitAppTask.call(FXGLApplication.kt:313)
	at javafx.concurrent.Task$TaskCallable.call(Task.java:1399)
	at java.base/java.util.concurrent.FutureTask.run(FutureTask.java:317)
	at java.base/java.util.concurrent.Executors$RunnableAdapter.call(Executors.java:572)
	at java.base/java.util.concurrent.FutureTask.run(FutureTask.java:317)
	at java.base/java.util.concurrent.ThreadPoolExecutor.runWorker(ThreadPoolExecutor.java:1144)
	at java.base/java.util.concurrent.ThreadPoolExecutor$Worker.run(ThreadPoolExecutor.java:642)
	... 1 more

18:21:31.872 [JavaFX Application Thread] FATAL FXGLApplication      - Application will now exit
18:21:31.883 [JavaFX Application Thread] DEBUG PrimaryStageWindow   - Push state: ErrorSubScene
18:21:31.884 [JavaFX Application Thread] DEBUG Input                - Clearing active input actions
18:21:31.889 [JavaFX Application Thread] DEBUG GameApplicationServi - Removing overlay from FXGLLoadingScene and adding to ErrorSubScene
18:21:31.890 [JavaFX Application Thread] DEBUG PrimaryStageWindow   - FXGLLoadingScene -> ErrorSubScene
18:21:34.758 [FXGL Background Thread 3 ] DEBUG Engine               - Logging environment variables
18:21:34.758 [FXGL Background Thread 3 ] DEBUG Engine               - achievements: []
18:21:34.758 [FXGL Background Thread 3 ] DEBUG Engine               - actualHeight: 600.0
18:21:34.758 [FXGL Background Thread 3 ] DEBUG Engine               - actualHeightProperty: ReadOnlyDoubleProperty [value: 600.0]
18:21:34.758 [FXGL Background Thread 3 ] DEBUG Engine               - actualWidth: 800.0
18:21:34.758 [FXGL Background Thread 3 ] DEBUG Engine               - actualWidthProperty: ReadOnlyDoubleProperty [value: 800.0]
18:21:34.758 [FXGL Background Thread 3 ] DEBUG Engine               - appIcon: fxgl_icon.png
18:21:34.758 [FXGL Background Thread 3 ] DEBUG Engine               - applicationMode: DEVELOPER
18:21:34.758 [FXGL Background Thread 3 ] DEBUG Engine               - cSSList: [fxgl_dark.css]
18:21:34.758 [FXGL Background Thread 3 ] DEBUG Engine               - collisionDetectionStrategy: BRUTE_FORCE
18:21:34.758 [FXGL Background Thread 3 ] DEBUG Engine               - configClass: Optional.empty
18:21:34.758 [FXGL Background Thread 3 ] DEBUG Engine               - credits: []
18:21:34.758 [FXGL Background Thread 3 ] DEBUG Engine               - defaultCursor: CursorInfo(imageName=fxgl_default_cursor.png, hotspotX=7.0, hotspotY=6.0)
18:21:34.758 [FXGL Background Thread 3 ] DEBUG Engine               - devBBoxColorProperty: ObjectProperty [value: 0xff0000ff]
18:21:34.758 [FXGL Background Thread 3 ] DEBUG Engine               - devEnableDebugCameraProperty: BooleanProperty [value: false]
18:21:34.759 [FXGL Background Thread 3 ] DEBUG Engine               - devSensorColorProperty: ObjectProperty [value: 0xffff00ff]
18:21:34.759 [FXGL Background Thread 3 ] DEBUG Engine               - devShowBBoxProperty: BooleanProperty [value: false]
18:21:34.759 [FXGL Background Thread 3 ] DEBUG Engine               - devShowPositionProperty: BooleanProperty [value: false]
18:21:34.759 [FXGL Background Thread 3 ] DEBUG Engine               - enabledMenuItems: []
18:21:34.759 [FXGL Background Thread 3 ] DEBUG Engine               - engineServices: [class com.almasb.fxgl.app.services.FXGLAssetLoaderService, class com.almasb.fxgl.app.FXGLApplication$GameApplicationService, class com.almasb.fxgl.app.services.FXGLDialogService, class com.almasb.fxgl.app.services.IOTaskExecutorService, class com.almasb.fxgl.io.FileSystemService, class com.almasb.fxgl.localization.LocalizationService, class com.almasb.fxgl.app.services.SystemBundleService, class com.almasb.fxgl.profile.SaveLoadService, class com.almasb.fxgl.ui.FXGLUIFactoryServiceProvider, class com.almasb.fxgl.ui.FXGLDialogFactoryServiceProvider, class com.almasb.fxgl.audio.AudioPlayer, class com.almasb.fxgl.notification.impl.NotificationServiceProvider, class com.almasb.fxgl.achievement.AchievementService, class com.almasb.fxgl.cutscene.CutsceneService, class com.almasb.fxgl.minigames.MiniGameService, class com.almasb.fxgl.net.NetService, class com.almasb.fxgl.app.services.UpdaterService, class com.almasb.fxgl.dev.DevService]
18:21:34.759 [FXGL Background Thread 3 ] DEBUG Engine               - fontGame: Abel-Regular.ttf
18:21:34.759 [FXGL Background Thread 3 ] DEBUG Engine               - fontMono: TerminalLandMono-Regular.otf
18:21:34.759 [FXGL Background Thread 3 ] DEBUG Engine               - fontSizeScaleUI: 1.0
18:21:34.759 [FXGL Background Thread 3 ] DEBUG Engine               - fontText: Courier-Prime.ttf
18:21:34.759 [FXGL Background Thread 3 ] DEBUG Engine               - fontUI: VarelaRound-Regular.ttf
18:21:34.759 [FXGL Background Thread 3 ] DEBUG Engine               - fullScreen: BooleanProperty [value: false]
18:21:34.759 [FXGL Background Thread 3 ] DEBUG Engine               - gameDifficulty: MEDIUM
18:21:34.759 [FXGL Background Thread 3 ] DEBUG Engine               - gameDifficultyProperty: ObjectProperty [value: MEDIUM]
18:21:34.759 [FXGL Background Thread 3 ] DEBUG Engine               - globalMusicVolume: 0.5
18:21:34.759 [FXGL Background Thread 3 ] DEBUG Engine               - globalMusicVolumeProperty: DoubleProperty [value: 0.5]
18:21:34.759 [FXGL Background Thread 3 ] DEBUG Engine               - globalSoundVolume: 0.5
18:21:34.759 [FXGL Background Thread 3 ] DEBUG Engine               - globalSoundVolumeProperty: DoubleProperty [value: 0.5]
18:21:34.759 [FXGL Background Thread 3 ] DEBUG Engine               - height: 600
18:21:34.759 [FXGL Background Thread 3 ] DEBUG Engine               - is3D: false
18:21:34.759 [FXGL Background Thread 3 ] DEBUG Engine               - isAndroid: false
18:21:34.759 [FXGL Background Thread 3 ] DEBUG Engine               - isBrowser: false
18:21:34.759 [FXGL Background Thread 3 ] DEBUG Engine               - isClickFeedbackEnabled: false
18:21:34.759 [FXGL Background Thread 3 ] DEBUG Engine               - isCloseConfirmation: false
18:21:34.759 [FXGL Background Thread 3 ] DEBUG Engine               - isDesktop: true
18:21:34.759 [FXGL Background Thread 3 ] DEBUG Engine               - isDeveloperMenuEnabled: false
18:21:34.759 [FXGL Background Thread 3 ] DEBUG Engine               - isEmbedded: false
18:21:34.759 [FXGL Background Thread 3 ] DEBUG Engine               - isEntityPreloadEnabled: true
18:21:34.759 [FXGL Background Thread 3 ] DEBUG Engine               - isExperimentalTiledLargeMap: false
18:21:34.760 [FXGL Background Thread 3 ] DEBUG Engine               - isFileSystemWriteAllowed: true
18:21:34.760 [FXGL Background Thread 3 ] DEBUG Engine               - isFullScreenAllowed: false
18:21:34.760 [FXGL Background Thread 3 ] DEBUG Engine               - isFullScreenFromStart: false
18:21:34.760 [FXGL Background Thread 3 ] DEBUG Engine               - isGameMenuEnabled: true
18:21:34.760 [FXGL Background Thread 3 ] DEBUG Engine               - isIOS: false
18:21:34.760 [FXGL Background Thread 3 ] DEBUG Engine               - isIntroEnabled: false
18:21:34.760 [FXGL Background Thread 3 ] DEBUG Engine               - isLinux: false
18:21:34.760 [FXGL Background Thread 3 ] DEBUG Engine               - isMac: false
18:21:34.760 [FXGL Background Thread 3 ] DEBUG Engine               - isMainMenuEnabled: false
18:21:34.760 [FXGL Background Thread 3 ] DEBUG Engine               - isManualResizeEnabled: false
18:21:34.760 [FXGL Background Thread 3 ] DEBUG Engine               - isMobile: false
18:21:34.760 [FXGL Background Thread 3 ] DEBUG Engine               - isNative: false
18:21:34.760 [FXGL Background Thread 3 ] DEBUG Engine               - isPauseMusicWhenMinimized: true
18:21:34.760 [FXGL Background Thread 3 ] DEBUG Engine               - isPreserveResizeRatio: false
18:21:34.760 [FXGL Background Thread 3 ] DEBUG Engine               - isProfilingEnabled: false
18:21:34.760 [FXGL Background Thread 3 ] DEBUG Engine               - isScaleAffectedOnResize: true
18:21:34.760 [FXGL Background Thread 3 ] DEBUG Engine               - isSingleStep: false
18:21:34.760 [FXGL Background Thread 3 ] DEBUG Engine               - isUserProfileEnabled: false
18:21:34.760 [FXGL Background Thread 3 ] DEBUG Engine               - isWindows: true
18:21:34.760 [FXGL Background Thread 3 ] DEBUG Engine               - language: ObjectProperty [value: ENGLISH]
18:21:34.761 [FXGL Background Thread 3 ] DEBUG Engine               - menuKey: ESCAPE
18:21:34.761 [FXGL Background Thread 3 ] DEBUG Engine               - mouseSensitivity: 0.2
18:21:34.761 [FXGL Background Thread 3 ] DEBUG Engine               - notificationViewClass: class com.almasb.fxgl.notification.view.XboxNotificationView
18:21:34.761 [FXGL Background Thread 3 ] DEBUG Engine               - pixelsPerMeter: 50.0
18:21:34.761 [FXGL Background Thread 3 ] DEBUG Engine               - platform: WINDOWS
18:21:34.761 [FXGL Background Thread 3 ] DEBUG Engine               - prefHeightProperty: ReadOnlyDoubleProperty [value: 600.0]
18:21:34.761 [FXGL Background Thread 3 ] DEBUG Engine               - prefWidthProperty: ReadOnlyDoubleProperty [value: 800.0]
18:21:34.761 [FXGL Background Thread 3 ] DEBUG Engine               - profileDir: profiles/
18:21:34.761 [FXGL Background Thread 3 ] DEBUG Engine               - profileName: StringProperty [value: DEFAULT]
18:21:34.761 [FXGL Background Thread 3 ] DEBUG Engine               - randomSeed: -1
18:21:34.761 [FXGL Background Thread 3 ] DEBUG Engine               - runtimeInfo: RuntimeInfo(platform=WINDOWS, version=21.1, build=27.03.2024 07.52)
18:21:34.761 [FXGL Background Thread 3 ] DEBUG Engine               - saveFileExt: sav
18:21:34.761 [FXGL Background Thread 3 ] DEBUG Engine               - scaledHeightProp$fxgl: DoubleProperty [bound, value: 600.0]
18:21:34.761 [FXGL Background Thread 3 ] DEBUG Engine               - scaledWidthProp$fxgl: DoubleProperty [bound, value: 800.0]
18:21:34.761 [FXGL Background Thread 3 ] DEBUG Engine               - sceneFactory: com.almasb.fxgl.app.scene.SceneFactory@1ee36b3d
18:21:34.761 [FXGL Background Thread 3 ] DEBUG Engine               - secondsIn24h: 60
18:21:34.761 [FXGL Background Thread 3 ] DEBUG Engine               - soundMenuBack: menu/back.wav
18:21:34.761 [FXGL Background Thread 3 ] DEBUG Engine               - soundMenuPress: menu/press.wav
18:21:34.761 [FXGL Background Thread 3 ] DEBUG Engine               - soundMenuSelect: menu/select.wav
18:21:34.761 [FXGL Background Thread 3 ] DEBUG Engine               - soundNotification: core/notification.wav
18:21:34.761 [FXGL Background Thread 3 ] DEBUG Engine               - stageStyle: DECORATED
18:21:34.762 [FXGL Background Thread 3 ] DEBUG Engine               - supportedLanguages: [ENGLISH, FRENCH, GERMAN, HUNGARIAN, RUSSIAN]
18:21:34.762 [FXGL Background Thread 3 ] DEBUG Engine               - ticksPerSecond: -1
18:21:34.762 [FXGL Background Thread 3 ] DEBUG Engine               - title: FXGL Game
18:21:34.762 [FXGL Background Thread 3 ] DEBUG Engine               - urlGithub: https://github.com/AlmasB/FXGL
18:21:34.762 [FXGL Background Thread 3 ] DEBUG Engine               - urlLeaderboard: http://fxgl-top.herokuapp.com/
18:21:34.762 [FXGL Background Thread 3 ] DEBUG Engine               - urlPOM: https://raw.githubusercontent.com/AlmasB/FXGL/release/README.md
18:21:34.762 [FXGL Background Thread 3 ] DEBUG Engine               - userAppClass: class com.project.App
18:21:34.762 [FXGL Background Thread 3 ] DEBUG Engine               - version: 1.0
18:21:34.762 [FXGL Background Thread 3 ] DEBUG Engine               - versionCheckDays: 7
18:21:34.762 [FXGL Background Thread 3 ] DEBUG Engine               - width: 800
18:21:34.762 [FXGL Background Thread 3 ] DEBUG Engine               - Logging services
18:21:34.762 [FXGL Background Thread 3 ] DEBUG Engine               - class com.almasb.fxgl.app.services.FXGLAssetLoaderService
18:21:34.762 [FXGL Background Thread 3 ] DEBUG Engine               - class com.almasb.fxgl.app.FXGLApplication$GameApplicationService
18:21:34.762 [FXGL Background Thread 3 ] DEBUG Engine               - class com.almasb.fxgl.app.services.FXGLDialogService
18:21:34.762 [FXGL Background Thread 3 ] DEBUG Engine               - class com.almasb.fxgl.app.services.IOTaskExecutorService
18:21:34.762 [FXGL Background Thread 3 ] DEBUG Engine               - class com.almasb.fxgl.io.FileSystemService
18:21:34.762 [FXGL Background Thread 3 ] DEBUG Engine               - class com.almasb.fxgl.localization.LocalizationService
18:21:34.762 [FXGL Background Thread 3 ] DEBUG Engine               - class com.almasb.fxgl.app.services.SystemBundleService
18:21:34.762 [FXGL Background Thread 3 ] DEBUG Engine               - class com.almasb.fxgl.profile.SaveLoadService
18:21:34.762 [FXGL Background Thread 3 ] DEBUG Engine               - class com.almasb.fxgl.ui.FXGLUIFactoryServiceProvider
18:21:34.762 [FXGL Background Thread 3 ] DEBUG Engine               - class com.almasb.fxgl.ui.FXGLDialogFactoryServiceProvider
18:21:34.762 [FXGL Background Thread 3 ] DEBUG Engine               - class com.almasb.fxgl.audio.AudioPlayer
18:21:34.762 [FXGL Background Thread 3 ] DEBUG Engine               - class com.almasb.fxgl.notification.impl.NotificationServiceProvider
18:21:34.762 [FXGL Background Thread 3 ] DEBUG Engine               - class com.almasb.fxgl.achievement.AchievementService
18:21:34.762 [FXGL Background Thread 3 ] DEBUG Engine               - class com.almasb.fxgl.cutscene.CutsceneService
18:21:34.762 [FXGL Background Thread 3 ] DEBUG Engine               - class com.almasb.fxgl.minigames.MiniGameService
18:21:34.762 [FXGL Background Thread 3 ] DEBUG Engine               - class com.almasb.fxgl.net.NetService
18:21:34.762 [FXGL Background Thread 3 ] DEBUG Engine               - class com.almasb.fxgl.app.services.UpdaterService
18:21:34.762 [FXGL Background Thread 3 ] DEBUG Engine               - class com.almasb.fxgl.dev.DevService
18:21:35.165 [JavaFX Application Thread] DEBUG FXGLApplication      - Exiting FXGL
18:21:35.165 [JavaFX Application Thread] DEBUG Async                - Shutting down background threads
18:21:35.165 [JavaFX Application Thread] DEBUG PrimaryStageWindow   - Closing main window
18:21:35.175 [JavaFX Application Thread] DEBUG Logger               - Closing Logger
