15:54:19.393 [main                     ] DEBUG Logger               - Configured Logger
15:54:19.419 [main                     ] DEBUG GameApplication      - Logging settings
Title: Final Journey
Version: Alpha
Width: 1280
Height: 720
Fullscreen: true
Intro: false
Profiling: false
Single step:false
App Mode: DEVELOPER
Menu Key: ESCAPE
Stage Style: DECORATED
Scene Factory: class com.almasb.fxgl.app.scene.SceneFactory

15:54:19.850 [JavaFX Application Thread] DEBUG FXGLApplication      - Initializing FXGL
15:54:19.855 [JavaFX Application Thread] INFO  Engine               - FXGL-21.1 (27.03.2024 07.52) on WINDOWS (J:21.0.5 FX:21.0.1)
15:54:19.856 [JavaFX Application Thread] DEBUG Engine               - JRE Vendor Name: Eclipse Adoptium
15:54:19.856 [JavaFX Application Thread] DEBUG Engine               - Running on OS: Windows 11 version 10.0
15:54:19.856 [JavaFX Application Thread] DEBUG Engine               - Architecture: amd64
15:54:19.856 [JavaFX Application Thread] INFO  Engine               - Source code and latest versions at: https://github.com/AlmasB/FXGL
15:54:19.857 [JavaFX Application Thread] INFO  Engine               -       Ask questions and discuss at: https://github.com/AlmasB/FXGL/discussions
15:54:19.857 [JavaFX Application Thread] INFO  Engine               -              Join the FXGL chat at: https://gitter.im/AlmasB/FXGL
15:54:19.984 [JavaFX Application Thread] DEBUG PrimaryStageWindow   - Creating a JavaFX scene
15:54:20.041 [JavaFX Application Thread] DEBUG PrimaryStageWindow   - Target settings size: 1280.0 x 720.0
15:54:20.041 [JavaFX Application Thread] DEBUG PrimaryStageWindow   - Scaled scene size:    1280.0 x 720.0
15:54:20.041 [JavaFX Application Thread] DEBUG PrimaryStageWindow   - Scaled ratio: (1.0, 1.0)
15:54:20.043 [JavaFX Application Thread] DEBUG PrimaryStageWindow   - Set initial scene to FXGLStartupScene
15:54:20.049 [JavaFX Application Thread] DEBUG PrimaryStageWindow   - Opening main window
15:54:20.138 [JavaFX Application Thread] DEBUG PrimaryStageWindow   - Window border size: (16.0, 39.0)
15:54:20.139 [JavaFX Application Thread] DEBUG PrimaryStageWindow   - Scaled size: 1280.0 x 720.0
15:54:20.139 [JavaFX Application Thread] DEBUG PrimaryStageWindow   - Scaled ratio: (1.0, 1.0)
15:54:20.139 [JavaFX Application Thread] DEBUG PrimaryStageWindow   - Scene size: 1280.0 x 720.0
15:54:20.140 [JavaFX Application Thread] DEBUG PrimaryStageWindow   - Stage size: 1296.0 x 759.0
15:54:20.226 [JavaFX Application Thread] DEBUG PrimaryStageWindow   - Going fullscreen
15:54:20.241 [FXGL Background Thread 1 ] DEBUG Engine               - Initializing environment variables
15:54:20.325 [FXGL Background Thread 1 ] DEBUG FXGLAssetLoaderServi - User app class for loading assets: class com.project.App
15:54:20.325 [FXGL Background Thread 1 ] DEBUG GameApplicationServi - Applying CSS: fxgl_dark.css
15:54:20.327 [FXGL Background Thread 1 ] DEBUG FXGLAssetLoaderServi - Loading from file system: jar:file:/C:/Users/Student/.m2/repository/com/github/almasb/fxgl/21.1/fxgl-21.1.jar!/fxglassets/ui/css/fxgl_dark.css
15:54:20.377 [FXGL Background Thread 1 ] DEBUG GameApplicationServi - Initializing application scenes
15:54:20.415 [FXGL Background Thread 1 ] DEBUG GameWorld            - Game world initialized
15:54:20.481 [FXGL Background Thread 1 ] DEBUG PhysicsWorld         - Physics world initialized: appHeight=720, physics.ppm=50.0
15:54:20.481 [FXGL Background Thread 1 ] DEBUG PhysicsWorld         - Using strategy: BRUTE_FORCE
15:54:20.485 [FXGL Background Thread 1 ] DEBUG GameScene            - Game scene initialized: 1280x720
15:54:20.499 [FXGL Background Thread 1 ] DEBUG FXGL.DefaultMenu     - createMenuBodyGameMenu()
15:54:20.519 [FXGL Background Thread 1 ] DEBUG FXGL.DefaultMenu     - createOptionsMenu()
15:54:20.531 [FXGL Background Thread 1 ] DEBUG FXGLAssetLoaderServi - Loading from file system: jar:file:/C:/Users/Student/.m2/repository/com/github/almasb/fxgl/21.1/fxgl-21.1.jar!/fxglassets/textures/particles/smoke.png
15:54:20.632 [FXGL Background Thread 1 ] DEBUG FXGLAssetLoaderServi - Loading from file system: jar:file:/C:/Users/Student/.m2/repository/com/github/almasb/fxgl/21.1/fxgl-21.1.jar!/fxglassets/textures/particles/trace_horizontal.png
15:54:20.658 [FXGL Background Thread 1 ] DEBUG GameApplicationServi - Application scenes initialized
15:54:20.673 [FXGL Background Thread 1 ] DEBUG SystemBundleService  - Loading FXGL system data
15:54:20.676 [FXGL Background Thread 1 ] DEBUG FileSystemAccess     - Reading from: D:\Project\myproject\system\fxgl.bundle
15:54:20.686 [FXGL Background Thread 1 ] DEBUG SystemBundleService  - Bundle FXGL: {}
15:54:20.686 [FXGL Background Thread 1 ] DEBUG UpdaterService       - Checking for updates
15:54:20.719 [FXGL Background Thread 4 ] DEBUG FXGLApplication      - Loading fonts
15:54:20.719 [FXGL Background Thread 4 ] DEBUG FXGLAssetLoaderServi - Loading from file system: jar:file:/C:/Users/Student/.m2/repository/com/github/almasb/fxgl/21.1/fxgl-21.1.jar!/fxglassets/ui/fonts/VarelaRound-Regular.ttf
15:54:20.720 [FXGL Background Thread 1 ] DEBUG FXGLApplication      - Loading default localization
15:54:20.720 [FXGL Background Thread 1 ] DEBUG FXGLAssetLoaderServi - Loading from file system: jar:file:/C:/Users/Student/.m2/repository/com/github/almasb/fxgl/21.1/fxgl-21.1.jar!/fxglassets/languages/english.lang
15:54:20.745 [FXGL Background Thread 1 ] INFO  FXGLApplication      - FXGL initialization took: 0.503 sec
15:54:20.749 [FXGL Background Thread 4 ] DEBUG FXGLAssetLoaderServi - Loading from file system: jar:file:/C:/Users/Student/.m2/repository/com/github/almasb/fxgl/21.1/fxgl-21.1.jar!/fxglassets/ui/fonts/Abel-Regular.ttf
15:54:20.753 [FXGL Background Thread 4 ] DEBUG FXGLAssetLoaderServi - Loading from file system: jar:file:/C:/Users/Student/.m2/repository/com/github/almasb/fxgl/21.1/fxgl-21.1.jar!/fxglassets/ui/fonts/TerminalLandMono-Regular.otf
15:54:20.756 [JavaFX Application Thread] DEBUG Input                - Registered new binding: Right - D
15:54:20.757 [JavaFX Application Thread] DEBUG Input                - Registered new binding: Left - A
15:54:20.757 [JavaFX Application Thread] DEBUG Input                - Registered new binding: Up - W
15:54:20.757 [JavaFX Application Thread] DEBUG Input                - Registered new binding: Down - S
15:54:20.757 [JavaFX Application Thread] DEBUG Input                - Registered new binding: Interact - E
15:54:20.757 [JavaFX Application Thread] DEBUG FXGLAssetLoaderServi - Loading from file system: jar:file:/C:/Users/Student/.m2/repository/com/github/almasb/fxgl/21.1/fxgl-21.1.jar!/fxglassets/textures/fxgl_icon.png
15:54:20.758 [FXGL Background Thread 4 ] DEBUG FXGLAssetLoaderServi - Loading from file system: jar:file:/C:/Users/Student/.m2/repository/com/github/almasb/fxgl/21.1/fxgl-21.1.jar!/fxglassets/ui/fonts/Courier-Prime.ttf
15:54:20.777 [JavaFX Application Thread] DEBUG FXGLAssetLoaderServi - Loading from file system: jar:file:/C:/Users/Student/.m2/repository/com/github/almasb/fxgl/21.1/fxgl-21.1.jar!/fxglassets/textures/fxgl_default_cursor.png
15:54:20.779 [JavaFX Application Thread] DEBUG Input                - Registered new binding: Screenshot - CTRL+8
15:54:20.780 [JavaFX Application Thread] DEBUG Input                - Registered new binding: Dev Options - 1
15:54:20.780 [JavaFX Application Thread] DEBUG Input                - Registered new binding: Dev Console - 2
15:54:20.781 [JavaFX Application Thread] DEBUG Input                - Registered new binding: System info dump - CTRL+9
15:54:20.781 [JavaFX Application Thread] DEBUG Input                - Registered new binding: Restart - CTRL+R
15:54:20.782 [JavaFX Application Thread] DEBUG Input                - Registered new binding: Toggle Debug Camera - CTRL+7
15:54:20.786 [JavaFX Application Thread] DEBUG LoopRunner           - Starting loop
15:54:20.805 [JavaFX Application Thread] DEBUG LoopRunner           - Initializing JavaFX AnimationTimerLoop
15:54:20.806 [JavaFX Application Thread] DEBUG GameApplicationServi - Starting new game
15:54:20.807 [JavaFX Application Thread] DEBUG Input                - Clearing active input actions
15:54:20.818 [JavaFX Application Thread] DEBUG GameApplicationServi - Removing overlay from FXGLStartupScene and adding to FXGLLoadingScene
15:54:20.823 [JavaFX Application Thread] DEBUG PrimaryStageWindow   - FXGLStartupScene -> FXGLLoadingScene
15:54:20.823 [JavaFX Application Thread] DEBUG GameApplicationServi - Clearing previous game
15:54:20.823 [JavaFX Application Thread] DEBUG GameScene            - Clearing game scene
15:54:20.823 [JavaFX Application Thread] DEBUG GameWorld            - Clearing game world
15:54:20.823 [JavaFX Application Thread] DEBUG PhysicsWorld         - Clearing physics world
15:54:20.825 [JavaFX Application Thread] DEBUG FXGLApplication      - Registering font factories with UI factory
15:54:20.825 [FXGL Background Thread 4 ] DEBUG FXGLApplication      - Initializing game
15:54:20.890 [FXGL Background Thread 4 ] WARN  TMXLevelLoader       - TiledMap generated from 1.11.0. Supported version: 1.9.0. Some features may not be parsed fully.
15:54:20.922 [FXGL Background Thread 4 ] DEBUG TMXLevelLoader       - Parsed TiledMap: file:/D:/Project/myproject/myproject/target/classes/assets/levels/scene1.tmx
15:54:20.924 [FXGL Background Thread 4 ] DEBUG TMXLevelLoader       - Creating tile layer entities
15:54:20.927 [FXGL Background Thread 4 ] DEBUG TilesetLoader        - Loading view for layer lowefloor
15:54:20.928 [FXGL Background Thread 4 ] DEBUG TilesetLoader        - Created buffer with size 512.0x1024.0
15:54:21.018 [FXGL Background Thread 4 ] DEBUG TilesetLoader        - Loading view for layer cliff
15:54:21.018 [FXGL Background Thread 4 ] DEBUG TilesetLoader        - Created buffer with size 512.0x1024.0
15:54:21.020 [FXGL Background Thread 4 ] DEBUG TilesetLoader        - Loading view for layer cliff1
15:54:21.022 [FXGL Background Thread 4 ] DEBUG TilesetLoader        - Created buffer with size 512.0x1024.0
15:54:21.023 [FXGL Background Thread 4 ] DEBUG TilesetLoader        - Loading view for layer cliff2
15:54:21.026 [FXGL Background Thread 4 ] DEBUG TilesetLoader        - Created buffer with size 512.0x1024.0
15:54:21.027 [FXGL Background Thread 4 ] DEBUG TilesetLoader        - Loading view for layer Tile Layer 3
15:54:21.028 [FXGL Background Thread 4 ] DEBUG TilesetLoader        - Created buffer with size 512.0x1024.0
15:54:21.029 [FXGL Background Thread 4 ] DEBUG TilesetLoader        - Loading view for layer Tile Layer 6
15:54:21.029 [FXGL Background Thread 4 ] DEBUG TilesetLoader        - Created buffer with size 512.0x1024.0
15:54:21.152 [FXGL Background Thread 4 ] DEBUG TilesetLoader        - Loading view for layer prop
15:54:21.154 [FXGL Background Thread 4 ] DEBUG TilesetLoader        - Created buffer with size 512.0x1024.0
15:54:21.155 [FXGL Background Thread 4 ] DEBUG TMXLevelLoader       - Creating object layer entities
15:54:21.190 [FXGL Background Thread 4 ] DEBUG FXGLAssetLoaderServi - Loading from file system: file:/D:/Project/myproject/myproject/target/classes/assets/textures/Actor1.png
15:54:21.206 [FXGL Background Thread 4 ] DEBUG FXGLAssetLoaderServi - Loading from file system: file:/D:/Project/myproject/myproject/target/classes/assets/textures/Rex.png
15:54:21.210 [FXGL Background Thread 4 ] WARN  TMXLevelLoader       - TiledMap generated from 1.11.0. Supported version: 1.9.0. Some features may not be parsed fully.
15:54:21.231 [FXGL Background Thread 4 ] DEBUG TMXLevelLoader       - Parsed TiledMap: file:/D:/Project/myproject/myproject/target/classes/assets/levels/scene1.tmx
15:54:21.231 [FXGL Background Thread 4 ] DEBUG TMXLevelLoader       - Creating tile layer entities
15:54:21.231 [FXGL Background Thread 4 ] DEBUG TilesetLoader        - Loading view for layer lowefloor
15:54:21.233 [FXGL Background Thread 4 ] DEBUG TilesetLoader        - Created buffer with size 512.0x1024.0
15:54:21.280 [FXGL Background Thread 4 ] DEBUG TilesetLoader        - Loading view for layer cliff
15:54:21.281 [FXGL Background Thread 4 ] DEBUG TilesetLoader        - Created buffer with size 512.0x1024.0
15:54:21.282 [FXGL Background Thread 4 ] DEBUG TilesetLoader        - Loading view for layer cliff1
15:54:21.282 [FXGL Background Thread 4 ] DEBUG TilesetLoader        - Created buffer with size 512.0x1024.0
15:54:21.285 [FXGL Background Thread 4 ] DEBUG TilesetLoader        - Loading view for layer cliff2
15:54:21.287 [FXGL Background Thread 4 ] DEBUG TilesetLoader        - Created buffer with size 512.0x1024.0
15:54:21.290 [FXGL Background Thread 4 ] DEBUG TilesetLoader        - Loading view for layer Tile Layer 3
15:54:21.290 [FXGL Background Thread 4 ] DEBUG TilesetLoader        - Created buffer with size 512.0x1024.0
15:54:21.291 [FXGL Background Thread 4 ] DEBUG TilesetLoader        - Loading view for layer Tile Layer 6
15:54:21.291 [FXGL Background Thread 4 ] DEBUG TilesetLoader        - Created buffer with size 512.0x1024.0
15:54:21.386 [FXGL Background Thread 4 ] DEBUG TilesetLoader        - Loading view for layer prop
15:54:21.387 [FXGL Background Thread 4 ] DEBUG TilesetLoader        - Created buffer with size 512.0x1024.0
15:54:21.388 [FXGL Background Thread 4 ] DEBUG TMXLevelLoader       - Creating object layer entities
15:54:21.406 [FXGL Background Thread 4 ] DEBUG GameWorld            - Clearing removable entities
15:54:21.407 [FXGL Background Thread 4 ] DEBUG GameWorld            - Setting level: com.almasb.fxgl.entity.level.Level@a310d27
15:54:21.422 [FXGL Background Thread 4 ] INFO  FXGLApplication      - Game initialization took: 0.597 sec
15:54:21.424 [JavaFX Application Thread] DEBUG Input                - Clearing active input actions
15:54:21.440 [JavaFX Application Thread] DEBUG GameApplicationServi - Removing overlay from FXGLLoadingScene and adding to GameScene
15:54:21.446 [JavaFX Application Thread] DEBUG PrimaryStageWindow   - FXGLLoadingScene -> GameScene
15:54:22.244 [JavaFX Application Thread] DEBUG PrimaryStageWindow   - Push state: FXGLDefaultMenu
15:54:22.247 [JavaFX Application Thread] DEBUG Input                - Clearing active input actions
15:54:22.249 [JavaFX Application Thread] DEBUG GameApplicationServi - Removing overlay from GameScene and adding to FXGLDefaultMenu
15:54:22.251 [JavaFX Application Thread] DEBUG PrimaryStageWindow   - GameScene -> FXGLDefaultMenu
15:54:22.470 [JavaFX Application Thread] DEBUG PrimaryStageWindow   - Pop state: FXGLDefaultMenu
15:54:22.470 [JavaFX Application Thread] DEBUG Input                - Clearing active input actions
15:54:22.471 [JavaFX Application Thread] DEBUG GameApplicationServi - Removing overlay from FXGLDefaultMenu and adding to GameScene
15:54:22.473 [JavaFX Application Thread] DEBUG PrimaryStageWindow   - GameScene <- FXGLDefaultMenu
15:54:23.718 [FXGL Background Thread 3 ] DEBUG Engine               - Logging environment variables
15:54:23.718 [FXGL Background Thread 3 ] DEBUG Engine               - achievements: []
15:54:23.718 [FXGL Background Thread 3 ] DEBUG Engine               - actualHeight: 1080.0
15:54:23.719 [FXGL Background Thread 3 ] DEBUG Engine               - actualHeightProperty: ReadOnlyDoubleProperty [value: 1080.0]
15:54:23.719 [FXGL Background Thread 3 ] DEBUG Engine               - actualWidth: 1920.0
15:54:23.719 [FXGL Background Thread 3 ] DEBUG Engine               - actualWidthProperty: ReadOnlyDoubleProperty [value: 1920.0]
15:54:23.719 [FXGL Background Thread 3 ] DEBUG Engine               - appIcon: fxgl_icon.png
15:54:23.719 [FXGL Background Thread 3 ] DEBUG Engine               - applicationMode: DEVELOPER
15:54:23.719 [FXGL Background Thread 3 ] DEBUG Engine               - cSSList: [fxgl_dark.css]
15:54:23.719 [FXGL Background Thread 3 ] DEBUG Engine               - collisionDetectionStrategy: BRUTE_FORCE
15:54:23.719 [FXGL Background Thread 3 ] DEBUG Engine               - configClass: Optional.empty
15:54:23.719 [FXGL Background Thread 3 ] DEBUG Engine               - credits: []
15:54:23.720 [FXGL Background Thread 3 ] DEBUG Engine               - defaultCursor: CursorInfo(imageName=fxgl_default_cursor.png, hotspotX=7.0, hotspotY=6.0)
15:54:23.720 [FXGL Background Thread 3 ] DEBUG Engine               - devBBoxColorProperty: ObjectProperty [value: 0xff0000ff]
15:54:23.720 [FXGL Background Thread 3 ] DEBUG Engine               - devEnableDebugCameraProperty: BooleanProperty [value: false]
15:54:23.720 [FXGL Background Thread 3 ] DEBUG Engine               - devSensorColorProperty: ObjectProperty [value: 0xffff00ff]
15:54:23.720 [FXGL Background Thread 3 ] DEBUG Engine               - devShowBBoxProperty: BooleanProperty [value: false]
15:54:23.720 [FXGL Background Thread 3 ] DEBUG Engine               - devShowPositionProperty: BooleanProperty [value: false]
15:54:23.720 [FXGL Background Thread 3 ] DEBUG Engine               - enabledMenuItems: []
15:54:23.720 [FXGL Background Thread 3 ] DEBUG Engine               - engineServices: [class com.almasb.fxgl.app.services.FXGLAssetLoaderService, class com.almasb.fxgl.app.FXGLApplication$GameApplicationService, class com.almasb.fxgl.app.services.FXGLDialogService, class com.almasb.fxgl.app.services.IOTaskExecutorService, class com.almasb.fxgl.io.FileSystemService, class com.almasb.fxgl.localization.LocalizationService, class com.almasb.fxgl.app.services.SystemBundleService, class com.almasb.fxgl.profile.SaveLoadService, class com.almasb.fxgl.ui.FXGLUIFactoryServiceProvider, class com.almasb.fxgl.ui.FXGLDialogFactoryServiceProvider, class com.almasb.fxgl.audio.AudioPlayer, class com.almasb.fxgl.notification.impl.NotificationServiceProvider, class com.almasb.fxgl.achievement.AchievementService, class com.almasb.fxgl.cutscene.CutsceneService, class com.almasb.fxgl.minigames.MiniGameService, class com.almasb.fxgl.net.NetService, class com.almasb.fxgl.app.services.UpdaterService, class com.almasb.fxgl.dev.DevService]
15:54:23.720 [FXGL Background Thread 3 ] DEBUG Engine               - fontGame: Abel-Regular.ttf
15:54:23.720 [FXGL Background Thread 3 ] DEBUG Engine               - fontMono: TerminalLandMono-Regular.otf
15:54:23.720 [FXGL Background Thread 3 ] DEBUG Engine               - fontSizeScaleUI: 1.0
15:54:23.720 [FXGL Background Thread 3 ] DEBUG Engine               - fontText: Courier-Prime.ttf
15:54:23.721 [FXGL Background Thread 3 ] DEBUG Engine               - fontUI: VarelaRound-Regular.ttf
15:54:23.721 [FXGL Background Thread 3 ] DEBUG Engine               - fullScreen: BooleanProperty [value: true]
15:54:23.721 [FXGL Background Thread 3 ] DEBUG Engine               - gameDifficulty: MEDIUM
15:54:23.721 [FXGL Background Thread 3 ] DEBUG Engine               - gameDifficultyProperty: ObjectProperty [value: MEDIUM]
15:54:23.721 [FXGL Background Thread 3 ] DEBUG Engine               - globalMusicVolume: 0.5
15:54:23.721 [FXGL Background Thread 3 ] DEBUG Engine               - globalMusicVolumeProperty: DoubleProperty [value: 0.5]
15:54:23.721 [FXGL Background Thread 3 ] DEBUG Engine               - globalSoundVolume: 0.5
15:54:23.721 [FXGL Background Thread 3 ] DEBUG Engine               - globalSoundVolumeProperty: DoubleProperty [value: 0.5]
15:54:23.721 [FXGL Background Thread 3 ] DEBUG Engine               - height: 720
15:54:23.721 [FXGL Background Thread 3 ] DEBUG Engine               - is3D: false
15:54:23.721 [FXGL Background Thread 3 ] DEBUG Engine               - isAndroid: false
15:54:23.721 [FXGL Background Thread 3 ] DEBUG Engine               - isBrowser: false
15:54:23.721 [FXGL Background Thread 3 ] DEBUG Engine               - isClickFeedbackEnabled: false
15:54:23.721 [FXGL Background Thread 3 ] DEBUG Engine               - isCloseConfirmation: false
15:54:23.722 [FXGL Background Thread 3 ] DEBUG Engine               - isDesktop: true
15:54:23.722 [FXGL Background Thread 3 ] DEBUG Engine               - isDeveloperMenuEnabled: true
15:54:23.722 [FXGL Background Thread 3 ] DEBUG Engine               - isEmbedded: false
15:54:23.722 [FXGL Background Thread 3 ] DEBUG Engine               - isEntityPreloadEnabled: true
15:54:23.722 [FXGL Background Thread 3 ] DEBUG Engine               - isExperimentalTiledLargeMap: false
15:54:23.722 [FXGL Background Thread 3 ] DEBUG Engine               - isFileSystemWriteAllowed: true
15:54:23.722 [FXGL Background Thread 3 ] DEBUG Engine               - isFullScreenAllowed: true
15:54:23.722 [FXGL Background Thread 3 ] DEBUG Engine               - isFullScreenFromStart: true
15:54:23.722 [FXGL Background Thread 3 ] DEBUG Engine               - isGameMenuEnabled: true
15:54:23.722 [FXGL Background Thread 3 ] DEBUG Engine               - isIOS: false
15:54:23.722 [FXGL Background Thread 3 ] DEBUG Engine               - isIntroEnabled: false
15:54:23.722 [FXGL Background Thread 3 ] DEBUG Engine               - isLinux: false
15:54:23.722 [FXGL Background Thread 3 ] DEBUG Engine               - isMac: false
15:54:23.723 [FXGL Background Thread 3 ] DEBUG Engine               - isMainMenuEnabled: false
15:54:23.723 [FXGL Background Thread 3 ] DEBUG Engine               - isManualResizeEnabled: false
15:54:23.723 [FXGL Background Thread 3 ] DEBUG Engine               - isMobile: false
15:54:23.723 [FXGL Background Thread 3 ] DEBUG Engine               - isNative: false
15:54:23.723 [FXGL Background Thread 3 ] DEBUG Engine               - isPauseMusicWhenMinimized: true
15:54:23.723 [FXGL Background Thread 3 ] DEBUG Engine               - isPreserveResizeRatio: false
15:54:23.723 [FXGL Background Thread 3 ] DEBUG Engine               - isProfilingEnabled: false
15:54:23.723 [FXGL Background Thread 3 ] DEBUG Engine               - isScaleAffectedOnResize: true
15:54:23.723 [FXGL Background Thread 3 ] DEBUG Engine               - isSingleStep: false
15:54:23.723 [FXGL Background Thread 3 ] DEBUG Engine               - isUserProfileEnabled: false
15:54:23.723 [FXGL Background Thread 3 ] DEBUG Engine               - isWindows: true
15:54:23.723 [FXGL Background Thread 3 ] DEBUG Engine               - language: ObjectProperty [value: ENGLISH]
15:54:23.723 [FXGL Background Thread 3 ] DEBUG Engine               - menuKey: ESCAPE
15:54:23.723 [FXGL Background Thread 3 ] DEBUG Engine               - mouseSensitivity: 0.2
15:54:23.724 [FXGL Background Thread 3 ] DEBUG Engine               - notificationViewClass: class com.almasb.fxgl.notification.view.XboxNotificationView
15:54:23.724 [FXGL Background Thread 3 ] DEBUG Engine               - pixelsPerMeter: 50.0
15:54:23.724 [FXGL Background Thread 3 ] DEBUG Engine               - platform: WINDOWS
15:54:23.724 [FXGL Background Thread 3 ] DEBUG Engine               - prefHeightProperty: ReadOnlyDoubleProperty [value: 720.0]
15:54:23.724 [FXGL Background Thread 3 ] DEBUG Engine               - prefWidthProperty: ReadOnlyDoubleProperty [value: 1280.0]
15:54:23.724 [FXGL Background Thread 3 ] DEBUG Engine               - profileDir: profiles/
15:54:23.724 [FXGL Background Thread 3 ] DEBUG Engine               - profileName: StringProperty [value: DEFAULT]
15:54:23.724 [FXGL Background Thread 3 ] DEBUG Engine               - randomSeed: -1
15:54:23.724 [FXGL Background Thread 3 ] DEBUG Engine               - runtimeInfo: RuntimeInfo(platform=WINDOWS, version=21.1, build=27.03.2024 07.52)
15:54:23.724 [FXGL Background Thread 3 ] DEBUG Engine               - saveFileExt: sav
15:54:23.725 [FXGL Background Thread 3 ] DEBUG Engine               - scaledHeightProp$fxgl: DoubleProperty [bound, value: 1080.0]
15:54:23.725 [FXGL Background Thread 3 ] DEBUG Engine               - scaledWidthProp$fxgl: DoubleProperty [bound, value: 1920.0]
15:54:23.725 [FXGL Background Thread 3 ] DEBUG Engine               - sceneFactory: com.almasb.fxgl.app.scene.SceneFactory@24c60385
15:54:23.725 [FXGL Background Thread 3 ] DEBUG Engine               - secondsIn24h: 60
15:54:23.725 [FXGL Background Thread 3 ] DEBUG Engine               - soundMenuBack: menu/back.wav
15:54:23.725 [FXGL Background Thread 3 ] DEBUG Engine               - soundMenuPress: menu/press.wav
15:54:23.725 [FXGL Background Thread 3 ] DEBUG Engine               - soundMenuSelect: menu/select.wav
15:54:23.725 [FXGL Background Thread 3 ] DEBUG Engine               - soundNotification: core/notification.wav
15:54:23.725 [FXGL Background Thread 3 ] DEBUG Engine               - stageStyle: DECORATED
15:54:23.725 [FXGL Background Thread 3 ] DEBUG Engine               - supportedLanguages: [ENGLISH, FRENCH, GERMAN, HUNGARIAN, RUSSIAN]
15:54:23.725 [FXGL Background Thread 3 ] DEBUG Engine               - ticksPerSecond: -1
15:54:23.725 [FXGL Background Thread 3 ] DEBUG Engine               - title: Final Journey
15:54:23.726 [FXGL Background Thread 3 ] DEBUG Engine               - urlGithub: https://github.com/AlmasB/FXGL
15:54:23.726 [FXGL Background Thread 3 ] DEBUG Engine               - urlLeaderboard: http://fxgl-top.herokuapp.com/
15:54:23.726 [FXGL Background Thread 3 ] DEBUG Engine               - urlPOM: https://raw.githubusercontent.com/AlmasB/FXGL/release/README.md
15:54:23.726 [FXGL Background Thread 3 ] DEBUG Engine               - userAppClass: class com.project.App
15:54:23.726 [FXGL Background Thread 3 ] DEBUG Engine               - version: Alpha
15:54:23.726 [FXGL Background Thread 3 ] DEBUG Engine               - versionCheckDays: 7
15:54:23.726 [FXGL Background Thread 3 ] DEBUG Engine               - width: 1280
15:54:23.726 [FXGL Background Thread 3 ] DEBUG Engine               - Logging services
15:54:23.726 [FXGL Background Thread 3 ] DEBUG Engine               - class com.almasb.fxgl.app.services.FXGLAssetLoaderService
15:54:23.726 [FXGL Background Thread 3 ] DEBUG Engine               - class com.almasb.fxgl.app.FXGLApplication$GameApplicationService
15:54:23.726 [FXGL Background Thread 3 ] DEBUG Engine               - class com.almasb.fxgl.app.services.FXGLDialogService
15:54:23.726 [FXGL Background Thread 3 ] DEBUG Engine               - class com.almasb.fxgl.app.services.IOTaskExecutorService
15:54:23.726 [FXGL Background Thread 3 ] DEBUG Engine               - class com.almasb.fxgl.io.FileSystemService
15:54:23.726 [FXGL Background Thread 3 ] DEBUG Engine               - class com.almasb.fxgl.localization.LocalizationService
15:54:23.726 [FXGL Background Thread 3 ] DEBUG Engine               - class com.almasb.fxgl.app.services.SystemBundleService
15:54:23.726 [FXGL Background Thread 3 ] DEBUG Engine               - class com.almasb.fxgl.profile.SaveLoadService
15:54:23.726 [FXGL Background Thread 3 ] DEBUG Engine               - class com.almasb.fxgl.ui.FXGLUIFactoryServiceProvider
15:54:23.727 [FXGL Background Thread 3 ] DEBUG Engine               - class com.almasb.fxgl.ui.FXGLDialogFactoryServiceProvider
15:54:23.727 [FXGL Background Thread 3 ] DEBUG Engine               - class com.almasb.fxgl.audio.AudioPlayer
15:54:23.727 [FXGL Background Thread 3 ] DEBUG Engine               - class com.almasb.fxgl.notification.impl.NotificationServiceProvider
15:54:23.727 [FXGL Background Thread 3 ] DEBUG Engine               - class com.almasb.fxgl.achievement.AchievementService
15:54:23.727 [FXGL Background Thread 3 ] DEBUG Engine               - class com.almasb.fxgl.cutscene.CutsceneService
15:54:23.727 [FXGL Background Thread 3 ] DEBUG Engine               - class com.almasb.fxgl.minigames.MiniGameService
15:54:23.727 [FXGL Background Thread 3 ] DEBUG Engine               - class com.almasb.fxgl.net.NetService
15:54:23.727 [FXGL Background Thread 3 ] DEBUG Engine               - class com.almasb.fxgl.app.services.UpdaterService
15:54:23.727 [FXGL Background Thread 3 ] DEBUG Engine               - class com.almasb.fxgl.dev.DevService
15:54:38.740 [JavaFX Application Thread] DEBUG PrimaryStageWindow   - Push state: FXGLDefaultMenu
15:54:38.741 [JavaFX Application Thread] DEBUG Input                - Clearing active input actions
15:54:38.743 [JavaFX Application Thread] DEBUG GameApplicationServi - Removing overlay from GameScene and adding to FXGLDefaultMenu
15:54:38.745 [JavaFX Application Thread] DEBUG PrimaryStageWindow   - GameScene -> FXGLDefaultMenu
15:54:39.212 [JavaFX Application Thread] DEBUG PrimaryStageWindow   - Pop state: FXGLDefaultMenu
15:54:39.213 [JavaFX Application Thread] DEBUG Input                - Clearing active input actions
15:54:39.215 [JavaFX Application Thread] DEBUG GameApplicationServi - Removing overlay from FXGLDefaultMenu and adding to GameScene
15:54:39.217 [JavaFX Application Thread] DEBUG PrimaryStageWindow   - GameScene <- FXGLDefaultMenu
15:54:40.444 [JavaFX Application Thread] DEBUG PrimaryStageWindow   - Push state: FXGLDefaultMenu
15:54:40.445 [JavaFX Application Thread] DEBUG Input                - Clearing active input actions
15:54:40.446 [JavaFX Application Thread] DEBUG GameApplicationServi - Removing overlay from GameScene and adding to FXGLDefaultMenu
15:54:40.449 [JavaFX Application Thread] DEBUG PrimaryStageWindow   - GameScene -> FXGLDefaultMenu
15:54:41.460 [JavaFX Application Thread] DEBUG Menu                 - fireExit()
15:54:41.463 [JavaFX Application Thread] DEBUG PrimaryStageWindow   - Push state: DialogSubScene
15:54:41.463 [JavaFX Application Thread] DEBUG Input                - Clearing active input actions
15:54:41.463 [JavaFX Application Thread] DEBUG GameApplicationServi - Removing overlay from FXGLDefaultMenu and adding to DialogSubScene
15:54:41.464 [JavaFX Application Thread] DEBUG PrimaryStageWindow   - FXGLDefaultMenu -> DialogSubScene
15:54:42.156 [JavaFX Application Thread] DEBUG PrimaryStageWindow   - Pop state: DialogSubScene
15:54:42.157 [JavaFX Application Thread] DEBUG Input                - Clearing active input actions
15:54:42.157 [JavaFX Application Thread] DEBUG GameApplicationServi - Removing overlay from DialogSubScene and adding to FXGLDefaultMenu
15:54:42.158 [JavaFX Application Thread] DEBUG PrimaryStageWindow   - FXGLDefaultMenu <- DialogSubScene
15:54:42.158 [JavaFX Application Thread] DEBUG FXGLApplication      - Exiting FXGL
15:54:42.158 [JavaFX Application Thread] DEBUG LoopRunner           - Stopping loop
15:54:42.158 [JavaFX Application Thread] DEBUG SystemBundleService  - Saving FXGL system data
15:54:42.160 [JavaFX Application Thread] DEBUG FileSystemAccess     - Writing to: D:\Project\myproject\system\fxgl.bundle
15:54:42.163 [JavaFX Application Thread] DEBUG Async                - Shutting down background threads
15:54:42.163 [JavaFX Application Thread] DEBUG PrimaryStageWindow   - Closing main window
15:54:42.181 [JavaFX Application Thread] DEBUG Logger               - Closing Logger
