14:18:37.577 [main                     ] DEBUG Logger               - Configured Logger
14:18:37.604 [main                     ] DEBUG GameApplication      - Logging settings
Title: Final Journey
Version: Alpha
Width: 1280
Height: 720
Fullscreen: false
Intro: false
Profiling: false
Single step:false
App Mode: DEVELOPER
Menu Key: ESCAPE
Stage Style: DECORATED
Scene Factory: class com.almasb.fxgl.app.scene.SceneFactory

14:18:38.129 [JavaFX Application Thread] DEBUG FXGLApplication      - Initializing FXGL
14:18:38.133 [JavaFX Application Thread] INFO  Engine               - FXGL-21.1 (27.03.2024 07.52) on WINDOWS (J:21.0.5 FX:21.0.1)
14:18:38.134 [JavaFX Application Thread] DEBUG Engine               - JRE Vendor Name: Eclipse Adoptium
14:18:38.134 [JavaFX Application Thread] DEBUG Engine               - Running on OS: Windows 11 version 10.0
14:18:38.134 [JavaFX Application Thread] DEBUG Engine               - Architecture: amd64
14:18:38.134 [JavaFX Application Thread] INFO  Engine               - Source code and latest versions at: https://github.com/AlmasB/FXGL
14:18:38.135 [JavaFX Application Thread] INFO  Engine               -       Ask questions and discuss at: https://github.com/AlmasB/FXGL/discussions
14:18:38.135 [JavaFX Application Thread] INFO  Engine               -              Join the FXGL chat at: https://gitter.im/AlmasB/FXGL
14:18:38.274 [JavaFX Application Thread] DEBUG PrimaryStageWindow   - Creating a JavaFX scene
14:18:38.330 [JavaFX Application Thread] DEBUG PrimaryStageWindow   - Target settings size: 1280.0 x 720.0
14:18:38.330 [JavaFX Application Thread] DEBUG PrimaryStageWindow   - Scaled scene size:    1280.0 x 720.0
14:18:38.330 [JavaFX Application Thread] DEBUG PrimaryStageWindow   - Scaled ratio: (1.0, 1.0)
14:18:38.332 [JavaFX Application Thread] DEBUG PrimaryStageWindow   - Set initial scene to FXGLStartupScene
14:18:38.336 [JavaFX Application Thread] DEBUG PrimaryStageWindow   - Opening main window
14:18:38.428 [JavaFX Application Thread] DEBUG PrimaryStageWindow   - Window border size: (16.0, 39.0)
14:18:38.428 [JavaFX Application Thread] DEBUG PrimaryStageWindow   - Scaled size: 1280.0 x 720.0
14:18:38.428 [JavaFX Application Thread] DEBUG PrimaryStageWindow   - Scaled ratio: (1.0, 1.0)
14:18:38.429 [JavaFX Application Thread] DEBUG PrimaryStageWindow   - Scene size: 1280.0 x 720.0
14:18:38.429 [JavaFX Application Thread] DEBUG PrimaryStageWindow   - Stage size: 1296.0 x 759.0
14:18:38.443 [FXGL Background Thread 1 ] DEBUG Engine               - Initializing environment variables
14:18:38.522 [FXGL Background Thread 1 ] DEBUG FXGLAssetLoaderServi - User app class for loading assets: class com.project.App
14:18:38.522 [FXGL Background Thread 1 ] DEBUG GameApplicationServi - Applying CSS: fxgl_dark.css
14:18:38.523 [FXGL Background Thread 1 ] DEBUG FXGLAssetLoaderServi - Loading from file system: jar:file:/C:/Users/Student/.m2/repository/com/github/almasb/fxgl/21.1/fxgl-21.1.jar!/fxglassets/ui/css/fxgl_dark.css
14:18:38.582 [FXGL Background Thread 1 ] DEBUG GameApplicationServi - Initializing application scenes
14:18:38.631 [FXGL Background Thread 1 ] DEBUG GameWorld            - Game world initialized
14:18:38.711 [FXGL Background Thread 1 ] DEBUG PhysicsWorld         - Physics world initialized: appHeight=720, physics.ppm=50.0
14:18:38.711 [FXGL Background Thread 1 ] DEBUG PhysicsWorld         - Using strategy: BRUTE_FORCE
14:18:38.715 [FXGL Background Thread 1 ] DEBUG GameScene            - Game scene initialized: 1280x720
14:18:38.733 [FXGL Background Thread 1 ] DEBUG FXGL.DefaultMenu     - createMenuBodyGameMenu()
14:18:38.756 [FXGL Background Thread 1 ] DEBUG FXGL.DefaultMenu     - createOptionsMenu()
14:18:38.768 [FXGL Background Thread 1 ] DEBUG FXGLAssetLoaderServi - Loading from file system: jar:file:/C:/Users/Student/.m2/repository/com/github/almasb/fxgl/21.1/fxgl-21.1.jar!/fxglassets/textures/particles/smoke.png
14:18:38.879 [FXGL Background Thread 1 ] DEBUG FXGLAssetLoaderServi - Loading from file system: jar:file:/C:/Users/Student/.m2/repository/com/github/almasb/fxgl/21.1/fxgl-21.1.jar!/fxglassets/textures/particles/trace_horizontal.png
14:18:38.907 [FXGL Background Thread 1 ] DEBUG GameApplicationServi - Application scenes initialized
14:18:38.923 [FXGL Background Thread 1 ] DEBUG SystemBundleService  - Loading FXGL system data
14:18:38.927 [FXGL Background Thread 1 ] DEBUG FileSystemAccess     - Reading from: D:\Project\myproject\system\fxgl.bundle
14:18:38.940 [FXGL Background Thread 1 ] DEBUG SystemBundleService  - Bundle FXGL: {}
14:18:38.941 [FXGL Background Thread 1 ] DEBUG UpdaterService       - Checking for updates
14:18:38.973 [FXGL Background Thread 1 ] DEBUG FXGLApplication      - Loading default localization
14:18:38.974 [FXGL Background Thread 1 ] DEBUG FXGLAssetLoaderServi - Loading from file system: jar:file:/C:/Users/Student/.m2/repository/com/github/almasb/fxgl/21.1/fxgl-21.1.jar!/fxglassets/languages/english.lang
14:18:38.991 [FXGL Background Thread 4 ] DEBUG FXGLApplication      - Loading fonts
14:18:38.992 [FXGL Background Thread 4 ] DEBUG FXGLAssetLoaderServi - Loading from file system: jar:file:/C:/Users/Student/.m2/repository/com/github/almasb/fxgl/21.1/fxgl-21.1.jar!/fxglassets/ui/fonts/VarelaRound-Regular.ttf
14:18:38.995 [FXGL Background Thread 1 ] INFO  FXGLApplication      - FXGL initialization took: 0.551 sec
14:18:39.007 [JavaFX Application Thread] DEBUG Input                - Registered new binding: Right - D
14:18:39.007 [JavaFX Application Thread] DEBUG Input                - Registered new binding: Left - A
14:18:39.007 [JavaFX Application Thread] DEBUG Input                - Registered new binding: Up - W
14:18:39.007 [JavaFX Application Thread] DEBUG Input                - Registered new binding: Down - S
14:18:39.008 [JavaFX Application Thread] DEBUG Input                - Registered new binding: Interact - E
14:18:39.008 [JavaFX Application Thread] DEBUG FXGLAssetLoaderServi - Loading from file system: jar:file:/C:/Users/Student/.m2/repository/com/github/almasb/fxgl/21.1/fxgl-21.1.jar!/fxglassets/textures/fxgl_icon.png
14:18:39.027 [JavaFX Application Thread] DEBUG FXGLAssetLoaderServi - Loading from file system: jar:file:/C:/Users/Student/.m2/repository/com/github/almasb/fxgl/21.1/fxgl-21.1.jar!/fxglassets/textures/fxgl_default_cursor.png
14:18:39.029 [JavaFX Application Thread] DEBUG Input                - Registered new binding: Screenshot - CTRL+8
14:18:39.029 [JavaFX Application Thread] DEBUG Input                - Registered new binding: Dev Options - 1
14:18:39.030 [JavaFX Application Thread] DEBUG Input                - Registered new binding: Dev Console - 2
14:18:39.030 [JavaFX Application Thread] DEBUG Input                - Registered new binding: System info dump - CTRL+9
14:18:39.031 [JavaFX Application Thread] DEBUG Input                - Registered new binding: Restart - CTRL+R
14:18:39.031 [JavaFX Application Thread] DEBUG Input                - Registered new binding: Toggle Debug Camera - CTRL+7
14:18:39.035 [JavaFX Application Thread] DEBUG LoopRunner           - Starting loop
14:18:39.048 [FXGL Background Thread 4 ] DEBUG FXGLAssetLoaderServi - Loading from file system: jar:file:/C:/Users/Student/.m2/repository/com/github/almasb/fxgl/21.1/fxgl-21.1.jar!/fxglassets/ui/fonts/Abel-Regular.ttf
14:18:39.056 [JavaFX Application Thread] DEBUG LoopRunner           - Initializing JavaFX AnimationTimerLoop
14:18:39.056 [JavaFX Application Thread] DEBUG GameApplicationServi - Starting new game
14:18:39.057 [JavaFX Application Thread] DEBUG Input                - Clearing active input actions
14:18:39.064 [FXGL Background Thread 4 ] DEBUG FXGLAssetLoaderServi - Loading from file system: jar:file:/C:/Users/Student/.m2/repository/com/github/almasb/fxgl/21.1/fxgl-21.1.jar!/fxglassets/ui/fonts/TerminalLandMono-Regular.otf
14:18:39.069 [JavaFX Application Thread] DEBUG GameApplicationServi - Removing overlay from FXGLStartupScene and adding to FXGLLoadingScene
14:18:39.071 [FXGL Background Thread 4 ] DEBUG FXGLAssetLoaderServi - Loading from file system: jar:file:/C:/Users/Student/.m2/repository/com/github/almasb/fxgl/21.1/fxgl-21.1.jar!/fxglassets/ui/fonts/Courier-Prime.ttf
14:18:39.073 [JavaFX Application Thread] DEBUG PrimaryStageWindow   - FXGLStartupScene -> FXGLLoadingScene
14:18:39.074 [JavaFX Application Thread] DEBUG GameApplicationServi - Clearing previous game
14:18:39.074 [JavaFX Application Thread] DEBUG GameScene            - Clearing game scene
14:18:39.074 [JavaFX Application Thread] DEBUG GameWorld            - Clearing game world
14:18:39.074 [JavaFX Application Thread] DEBUG PhysicsWorld         - Clearing physics world
14:18:39.075 [FXGL Background Thread 1 ] DEBUG FXGLApplication      - Initializing game
14:18:39.147 [FXGL Background Thread 1 ] WARN  TMXLevelLoader       - TiledMap generated from 1.11.0. Supported version: 1.9.0. Some features may not be parsed fully.
14:18:39.178 [FXGL Background Thread 1 ] DEBUG TMXLevelLoader       - Parsed TiledMap: file:/D:/Project/myproject/myproject/target/classes/assets/levels/scene1.tmx
14:18:39.180 [FXGL Background Thread 1 ] DEBUG TMXLevelLoader       - Creating tile layer entities
14:18:39.182 [FXGL Background Thread 1 ] DEBUG TilesetLoader        - Loading view for layer lowefloor
14:18:39.183 [FXGL Background Thread 1 ] DEBUG TilesetLoader        - Created buffer with size 512.0x1024.0
14:18:39.304 [FXGL Background Thread 1 ] DEBUG TilesetLoader        - Loading view for layer cliff
14:18:39.304 [FXGL Background Thread 1 ] DEBUG TilesetLoader        - Created buffer with size 512.0x1024.0
14:18:39.305 [FXGL Background Thread 1 ] DEBUG TilesetLoader        - Loading view for layer cliff1
14:18:39.308 [FXGL Background Thread 1 ] DEBUG TilesetLoader        - Created buffer with size 512.0x1024.0
14:18:39.309 [FXGL Background Thread 1 ] DEBUG TilesetLoader        - Loading view for layer cliff2
14:18:39.312 [FXGL Background Thread 1 ] DEBUG TilesetLoader        - Created buffer with size 512.0x1024.0
14:18:39.313 [FXGL Background Thread 1 ] DEBUG TilesetLoader        - Loading view for layer Tile Layer 3
14:18:39.314 [FXGL Background Thread 1 ] DEBUG TilesetLoader        - Created buffer with size 512.0x1024.0
14:18:39.315 [FXGL Background Thread 1 ] DEBUG TilesetLoader        - Loading view for layer Tile Layer 6
14:18:39.315 [FXGL Background Thread 1 ] DEBUG TilesetLoader        - Created buffer with size 512.0x1024.0
14:18:39.397 [JavaFX Application Thread] DEBUG FXGLApplication      - Registering font factories with UI factory
14:18:39.434 [FXGL Background Thread 1 ] DEBUG TilesetLoader        - Loading view for layer prop
14:18:39.438 [FXGL Background Thread 1 ] DEBUG TilesetLoader        - Created buffer with size 512.0x1024.0
14:18:39.439 [FXGL Background Thread 1 ] DEBUG TMXLevelLoader       - Creating object layer entities
14:18:39.469 [FXGL Background Thread 1 ] DEBUG FXGLAssetLoaderServi - Loading from file system: file:/D:/Project/myproject/myproject/target/classes/assets/textures/Actor1.png
14:18:39.479 [FXGL Background Thread 1 ] DEBUG FXGLAssetLoaderServi - Loading from file system: file:/D:/Project/myproject/myproject/target/classes/assets/textures/Rex.png
14:18:39.484 [FXGL Background Thread 1 ] WARN  TMXLevelLoader       - TiledMap generated from 1.11.0. Supported version: 1.9.0. Some features may not be parsed fully.
14:18:39.506 [FXGL Background Thread 1 ] DEBUG TMXLevelLoader       - Parsed TiledMap: file:/D:/Project/myproject/myproject/target/classes/assets/levels/scene1.tmx
14:18:39.506 [FXGL Background Thread 1 ] DEBUG TMXLevelLoader       - Creating tile layer entities
14:18:39.507 [FXGL Background Thread 1 ] DEBUG TilesetLoader        - Loading view for layer lowefloor
14:18:39.522 [FXGL Background Thread 1 ] DEBUG TilesetLoader        - Created buffer with size 512.0x1024.0
14:18:39.561 [FXGL Background Thread 1 ] DEBUG TilesetLoader        - Loading view for layer cliff
14:18:39.561 [FXGL Background Thread 1 ] DEBUG TilesetLoader        - Created buffer with size 512.0x1024.0
14:18:39.562 [FXGL Background Thread 1 ] DEBUG TilesetLoader        - Loading view for layer cliff1
14:18:39.565 [FXGL Background Thread 1 ] DEBUG TilesetLoader        - Created buffer with size 512.0x1024.0
14:18:39.569 [FXGL Background Thread 1 ] DEBUG TilesetLoader        - Loading view for layer cliff2
14:18:39.570 [FXGL Background Thread 1 ] DEBUG TilesetLoader        - Created buffer with size 512.0x1024.0
14:18:39.572 [FXGL Background Thread 1 ] DEBUG TilesetLoader        - Loading view for layer Tile Layer 3
14:18:39.574 [FXGL Background Thread 1 ] DEBUG TilesetLoader        - Created buffer with size 512.0x1024.0
14:18:39.575 [FXGL Background Thread 1 ] DEBUG TilesetLoader        - Loading view for layer Tile Layer 6
14:18:39.577 [FXGL Background Thread 1 ] DEBUG TilesetLoader        - Created buffer with size 512.0x1024.0
14:18:39.678 [FXGL Background Thread 1 ] DEBUG TilesetLoader        - Loading view for layer prop
14:18:39.679 [FXGL Background Thread 1 ] DEBUG TilesetLoader        - Created buffer with size 512.0x1024.0
14:18:39.681 [FXGL Background Thread 1 ] DEBUG TMXLevelLoader       - Creating object layer entities
14:18:39.697 [FXGL Background Thread 1 ] DEBUG GameWorld            - Clearing removable entities
14:18:39.698 [FXGL Background Thread 1 ] DEBUG GameWorld            - Setting level: com.almasb.fxgl.entity.level.Level@32029925
14:18:39.713 [FXGL Background Thread 1 ] INFO  FXGLApplication      - Game initialization took: 0.637 sec
14:18:39.723 [JavaFX Application Thread] DEBUG Input                - Clearing active input actions
14:18:39.734 [JavaFX Application Thread] DEBUG GameApplicationServi - Removing overlay from FXGLLoadingScene and adding to GameScene
14:18:39.741 [JavaFX Application Thread] DEBUG PrimaryStageWindow   - FXGLLoadingScene -> GameScene
14:18:40.764 [JavaFX Application Thread] DEBUG LoopRunner           - Stopping loop
14:18:40.766 [JavaFX Application Thread] FATAL FXGLApplication      - Uncaught Exception:
java.lang.NullPointerException: Cannot invoke "com.almasb.fxgl.entity.Entity.getComponent(java.lang.Class)" because "this.this$0.player" is null
	at com.project.App$4.onAction(App.java:143)
	at com.almasb.fxgl.input.UserAction.action$fxgl_core(UserAction.kt:38)
	at com.almasb.fxgl.input.Input.update(Input.kt:278)
	at com.almasb.fxgl.scene.Scene.update(Scene.kt:103)
	at com.almasb.fxgl.app.MainWindow$update$1.invoke(MainWindow.kt:121)
	at com.almasb.fxgl.app.MainWindow$update$1.invoke(MainWindow.kt:121)
	at com.almasb.fxgl.core.fsm.StateMachine.runOnActiveStates(StateMachine.kt:69)
	at com.almasb.fxgl.app.MainWindow.update(MainWindow.kt:121)
	at com.almasb.fxgl.app.FXGLApplication$GameApplicationService.onUpdate(FXGLApplication.kt:445)
	at com.almasb.fxgl.app.Engine.loop(Engine.kt:134)
	at com.almasb.fxgl.app.Engine.access$loop(Engine.kt:24)
	at com.almasb.fxgl.app.Engine$loop$1.invoke(Engine.kt:28)
	at com.almasb.fxgl.app.Engine$loop$1.invoke(Engine.kt:28)
	at com.almasb.fxgl.app.LoopRunner.frame(LoopRunner.kt:103)
	at com.almasb.fxgl.app.LoopRunner.access$frame(LoopRunner.kt:23)
	at com.almasb.fxgl.app.LoopRunner$impl$2$1.onTick(LoopRunner.kt:57)
	at com.almasb.fxgl.app.AnimationTimerLoop$timer$1.handle(LoopRunner.kt:137)
	at javafx.animation.AnimationTimer$AnimationTimerReceiver.lambda$handle$0(AnimationTimer.java:58)
	at java.base/java.security.AccessController.doPrivileged(AccessController.java:400)
	at javafx.animation.AnimationTimer$AnimationTimerReceiver.handle(AnimationTimer.java:57)
	at com.sun.scenario.animation.AbstractPrimaryTimer.timePulseImpl(AbstractPrimaryTimer.java:356)
	at com.sun.scenario.animation.AbstractPrimaryTimer$MainLoop.run(AbstractPrimaryTimer.java:266)
	at com.sun.javafx.tk.quantum.QuantumToolkit.pulse(QuantumToolkit.java:588)
	at com.sun.javafx.tk.quantum.QuantumToolkit.pulse(QuantumToolkit.java:572)
	at com.sun.javafx.tk.quantum.QuantumToolkit.pulseFromQueue(QuantumToolkit.java:565)
	at com.sun.javafx.tk.quantum.QuantumToolkit.lambda$runToolkit$11(QuantumToolkit.java:352)
	at com.sun.glass.ui.InvokeLaterDispatcher$Future.run(InvokeLaterDispatcher.java:95)
	at com.sun.glass.ui.win.WinApplication._runLoop(Native Method)
	at com.sun.glass.ui.win.WinApplication.lambda$runLoop$3(WinApplication.java:185)
	at java.base/java.lang.Thread.run(Thread.java:1583)

14:18:40.769 [JavaFX Application Thread] FATAL FXGLApplication      - Application will now exit
14:18:40.775 [JavaFX Application Thread] DEBUG PrimaryStageWindow   - Push state: ErrorSubScene
14:18:40.775 [JavaFX Application Thread] DEBUG Input                - Clearing active input actions
14:18:41.972 [FXGL Background Thread 3 ] DEBUG Engine               - Logging environment variables
14:18:41.972 [FXGL Background Thread 3 ] DEBUG Engine               - achievements: []
14:18:41.972 [FXGL Background Thread 3 ] DEBUG Engine               - actualHeight: 720.0
14:18:41.972 [FXGL Background Thread 3 ] DEBUG Engine               - actualHeightProperty: ReadOnlyDoubleProperty [value: 720.0]
14:18:41.973 [FXGL Background Thread 3 ] DEBUG Engine               - actualWidth: 1280.0
14:18:41.973 [FXGL Background Thread 3 ] DEBUG Engine               - actualWidthProperty: ReadOnlyDoubleProperty [value: 1280.0]
14:18:41.973 [FXGL Background Thread 3 ] DEBUG Engine               - appIcon: fxgl_icon.png
14:18:41.973 [FXGL Background Thread 3 ] DEBUG Engine               - applicationMode: DEVELOPER
14:18:41.973 [FXGL Background Thread 3 ] DEBUG Engine               - cSSList: [fxgl_dark.css]
14:18:41.973 [FXGL Background Thread 3 ] DEBUG Engine               - collisionDetectionStrategy: BRUTE_FORCE
14:18:41.973 [FXGL Background Thread 3 ] DEBUG Engine               - configClass: Optional.empty
14:18:41.973 [FXGL Background Thread 3 ] DEBUG Engine               - credits: []
14:18:41.974 [FXGL Background Thread 3 ] DEBUG Engine               - defaultCursor: CursorInfo(imageName=fxgl_default_cursor.png, hotspotX=7.0, hotspotY=6.0)
14:18:41.974 [FXGL Background Thread 3 ] DEBUG Engine               - devBBoxColorProperty: ObjectProperty [value: 0xff0000ff]
14:18:41.974 [FXGL Background Thread 3 ] DEBUG Engine               - devEnableDebugCameraProperty: BooleanProperty [value: false]
14:18:41.974 [FXGL Background Thread 3 ] DEBUG Engine               - devSensorColorProperty: ObjectProperty [value: 0xffff00ff]
14:18:41.974 [FXGL Background Thread 3 ] DEBUG Engine               - devShowBBoxProperty: BooleanProperty [value: false]
14:18:41.974 [FXGL Background Thread 3 ] DEBUG Engine               - devShowPositionProperty: BooleanProperty [value: false]
14:18:41.974 [FXGL Background Thread 3 ] DEBUG Engine               - enabledMenuItems: []
14:18:41.974 [FXGL Background Thread 3 ] DEBUG Engine               - engineServices: [class com.almasb.fxgl.app.services.FXGLAssetLoaderService, class com.almasb.fxgl.app.FXGLApplication$GameApplicationService, class com.almasb.fxgl.app.services.FXGLDialogService, class com.almasb.fxgl.app.services.IOTaskExecutorService, class com.almasb.fxgl.io.FileSystemService, class com.almasb.fxgl.localization.LocalizationService, class com.almasb.fxgl.app.services.SystemBundleService, class com.almasb.fxgl.profile.SaveLoadService, class com.almasb.fxgl.ui.FXGLUIFactoryServiceProvider, class com.almasb.fxgl.ui.FXGLDialogFactoryServiceProvider, class com.almasb.fxgl.audio.AudioPlayer, class com.almasb.fxgl.notification.impl.NotificationServiceProvider, class com.almasb.fxgl.achievement.AchievementService, class com.almasb.fxgl.cutscene.CutsceneService, class com.almasb.fxgl.minigames.MiniGameService, class com.almasb.fxgl.net.NetService, class com.almasb.fxgl.app.services.UpdaterService, class com.almasb.fxgl.dev.DevService]
14:18:41.974 [FXGL Background Thread 3 ] DEBUG Engine               - fontGame: Abel-Regular.ttf
14:18:41.974 [FXGL Background Thread 3 ] DEBUG Engine               - fontMono: TerminalLandMono-Regular.otf
14:18:41.974 [FXGL Background Thread 3 ] DEBUG Engine               - fontSizeScaleUI: 1.0
14:18:41.975 [FXGL Background Thread 3 ] DEBUG Engine               - fontText: Courier-Prime.ttf
14:18:41.975 [FXGL Background Thread 3 ] DEBUG Engine               - fontUI: VarelaRound-Regular.ttf
14:18:41.975 [FXGL Background Thread 3 ] DEBUG Engine               - fullScreen: BooleanProperty [value: false]
14:18:41.975 [FXGL Background Thread 3 ] DEBUG Engine               - gameDifficulty: MEDIUM
14:18:41.975 [FXGL Background Thread 3 ] DEBUG Engine               - gameDifficultyProperty: ObjectProperty [value: MEDIUM]
14:18:41.975 [FXGL Background Thread 3 ] DEBUG Engine               - globalMusicVolume: 0.5
14:18:41.975 [FXGL Background Thread 3 ] DEBUG Engine               - globalMusicVolumeProperty: DoubleProperty [value: 0.5]
14:18:41.975 [FXGL Background Thread 3 ] DEBUG Engine               - globalSoundVolume: 0.5
14:18:41.975 [FXGL Background Thread 3 ] DEBUG Engine               - globalSoundVolumeProperty: DoubleProperty [value: 0.5]
14:18:41.975 [FXGL Background Thread 3 ] DEBUG Engine               - height: 720
14:18:41.975 [FXGL Background Thread 3 ] DEBUG Engine               - is3D: false
14:18:41.975 [FXGL Background Thread 3 ] DEBUG Engine               - isAndroid: false
14:18:41.976 [FXGL Background Thread 3 ] DEBUG Engine               - isBrowser: false
14:18:41.976 [FXGL Background Thread 3 ] DEBUG Engine               - isClickFeedbackEnabled: false
14:18:41.976 [FXGL Background Thread 3 ] DEBUG Engine               - isCloseConfirmation: false
14:18:41.976 [FXGL Background Thread 3 ] DEBUG Engine               - isDesktop: true
14:18:41.976 [FXGL Background Thread 3 ] DEBUG Engine               - isDeveloperMenuEnabled: true
14:18:41.976 [FXGL Background Thread 3 ] DEBUG Engine               - isEmbedded: false
14:18:41.976 [FXGL Background Thread 3 ] DEBUG Engine               - isEntityPreloadEnabled: true
14:18:41.976 [FXGL Background Thread 3 ] DEBUG Engine               - isExperimentalTiledLargeMap: false
14:18:41.976 [FXGL Background Thread 3 ] DEBUG Engine               - isFileSystemWriteAllowed: true
14:18:41.976 [FXGL Background Thread 3 ] DEBUG Engine               - isFullScreenAllowed: false
14:18:41.977 [FXGL Background Thread 3 ] DEBUG Engine               - isFullScreenFromStart: false
14:18:41.977 [FXGL Background Thread 3 ] DEBUG Engine               - isGameMenuEnabled: true
14:18:41.977 [FXGL Background Thread 3 ] DEBUG Engine               - isIOS: false
14:18:41.977 [FXGL Background Thread 3 ] DEBUG Engine               - isIntroEnabled: false
14:18:41.977 [FXGL Background Thread 3 ] DEBUG Engine               - isLinux: false
14:18:41.977 [FXGL Background Thread 3 ] DEBUG Engine               - isMac: false
14:18:41.977 [FXGL Background Thread 3 ] DEBUG Engine               - isMainMenuEnabled: false
14:18:41.977 [FXGL Background Thread 3 ] DEBUG Engine               - isManualResizeEnabled: false
14:18:41.978 [FXGL Background Thread 3 ] DEBUG Engine               - isMobile: false
14:18:41.978 [FXGL Background Thread 3 ] DEBUG Engine               - isNative: false
14:18:41.979 [FXGL Background Thread 3 ] DEBUG Engine               - isPauseMusicWhenMinimized: true
14:18:41.979 [FXGL Background Thread 3 ] DEBUG Engine               - isPreserveResizeRatio: false
14:18:41.979 [FXGL Background Thread 3 ] DEBUG Engine               - isProfilingEnabled: false
14:18:41.980 [FXGL Background Thread 3 ] DEBUG Engine               - isScaleAffectedOnResize: true
14:18:41.980 [FXGL Background Thread 3 ] DEBUG Engine               - isSingleStep: false
14:18:41.980 [FXGL Background Thread 3 ] DEBUG Engine               - isUserProfileEnabled: false
14:18:41.980 [FXGL Background Thread 3 ] DEBUG Engine               - isWindows: true
14:18:41.980 [FXGL Background Thread 3 ] DEBUG Engine               - language: ObjectProperty [value: ENGLISH]
14:18:41.980 [FXGL Background Thread 3 ] DEBUG Engine               - menuKey: ESCAPE
14:18:41.980 [FXGL Background Thread 3 ] DEBUG Engine               - mouseSensitivity: 0.2
14:18:41.980 [FXGL Background Thread 3 ] DEBUG Engine               - notificationViewClass: class com.almasb.fxgl.notification.view.XboxNotificationView
14:18:41.980 [FXGL Background Thread 3 ] DEBUG Engine               - pixelsPerMeter: 50.0
14:18:41.980 [FXGL Background Thread 3 ] DEBUG Engine               - platform: WINDOWS
14:18:41.981 [FXGL Background Thread 3 ] DEBUG Engine               - prefHeightProperty: ReadOnlyDoubleProperty [value: 720.0]
14:18:41.981 [FXGL Background Thread 3 ] DEBUG Engine               - prefWidthProperty: ReadOnlyDoubleProperty [value: 1280.0]
14:18:41.981 [FXGL Background Thread 3 ] DEBUG Engine               - profileDir: profiles/
14:18:41.981 [FXGL Background Thread 3 ] DEBUG Engine               - profileName: StringProperty [value: DEFAULT]
14:18:41.981 [FXGL Background Thread 3 ] DEBUG Engine               - randomSeed: -1
14:18:41.981 [FXGL Background Thread 3 ] DEBUG Engine               - runtimeInfo: RuntimeInfo(platform=WINDOWS, version=21.1, build=27.03.2024 07.52)
14:18:41.982 [FXGL Background Thread 3 ] DEBUG Engine               - saveFileExt: sav
14:18:41.982 [FXGL Background Thread 3 ] DEBUG Engine               - scaledHeightProp$fxgl: DoubleProperty [bound, value: 720.0]
14:18:41.982 [FXGL Background Thread 3 ] DEBUG Engine               - scaledWidthProp$fxgl: DoubleProperty [bound, value: 1280.0]
14:18:41.982 [FXGL Background Thread 3 ] DEBUG Engine               - sceneFactory: com.almasb.fxgl.app.scene.SceneFactory@4b55b074
14:18:41.982 [FXGL Background Thread 3 ] DEBUG Engine               - secondsIn24h: 60
14:18:41.982 [FXGL Background Thread 3 ] DEBUG Engine               - soundMenuBack: menu/back.wav
14:18:41.982 [FXGL Background Thread 3 ] DEBUG Engine               - soundMenuPress: menu/press.wav
14:18:41.982 [FXGL Background Thread 3 ] DEBUG Engine               - soundMenuSelect: menu/select.wav
14:18:41.983 [FXGL Background Thread 3 ] DEBUG Engine               - soundNotification: core/notification.wav
14:18:41.983 [FXGL Background Thread 3 ] DEBUG Engine               - stageStyle: DECORATED
14:18:41.983 [FXGL Background Thread 3 ] DEBUG Engine               - supportedLanguages: [ENGLISH, FRENCH, GERMAN, HUNGARIAN, RUSSIAN]
14:18:41.984 [FXGL Background Thread 3 ] DEBUG Engine               - ticksPerSecond: -1
14:18:41.984 [FXGL Background Thread 3 ] DEBUG Engine               - title: Final Journey
14:18:41.984 [FXGL Background Thread 3 ] DEBUG Engine               - urlGithub: https://github.com/AlmasB/FXGL
14:18:41.984 [FXGL Background Thread 3 ] DEBUG Engine               - urlLeaderboard: http://fxgl-top.herokuapp.com/
14:18:41.984 [FXGL Background Thread 3 ] DEBUG Engine               - urlPOM: https://raw.githubusercontent.com/AlmasB/FXGL/release/README.md
14:18:41.984 [FXGL Background Thread 3 ] DEBUG Engine               - userAppClass: class com.project.App
14:18:41.984 [FXGL Background Thread 3 ] DEBUG Engine               - version: Alpha
14:18:41.984 [FXGL Background Thread 3 ] DEBUG Engine               - versionCheckDays: 7
14:18:41.984 [FXGL Background Thread 3 ] DEBUG Engine               - width: 1280
14:18:41.984 [FXGL Background Thread 3 ] DEBUG Engine               - Logging services
14:18:41.984 [FXGL Background Thread 3 ] DEBUG Engine               - class com.almasb.fxgl.app.services.FXGLAssetLoaderService
14:18:41.984 [FXGL Background Thread 3 ] DEBUG Engine               - class com.almasb.fxgl.app.FXGLApplication$GameApplicationService
14:18:41.984 [FXGL Background Thread 3 ] DEBUG Engine               - class com.almasb.fxgl.app.services.FXGLDialogService
14:18:41.984 [FXGL Background Thread 3 ] DEBUG Engine               - class com.almasb.fxgl.app.services.IOTaskExecutorService
14:18:41.984 [FXGL Background Thread 3 ] DEBUG Engine               - class com.almasb.fxgl.io.FileSystemService
14:18:41.985 [FXGL Background Thread 3 ] DEBUG Engine               - class com.almasb.fxgl.localization.LocalizationService
14:18:41.985 [FXGL Background Thread 3 ] DEBUG Engine               - class com.almasb.fxgl.app.services.SystemBundleService
14:18:41.985 [FXGL Background Thread 3 ] DEBUG Engine               - class com.almasb.fxgl.profile.SaveLoadService
14:18:41.985 [FXGL Background Thread 3 ] DEBUG Engine               - class com.almasb.fxgl.ui.FXGLUIFactoryServiceProvider
14:18:41.985 [FXGL Background Thread 3 ] DEBUG Engine               - class com.almasb.fxgl.ui.FXGLDialogFactoryServiceProvider
14:18:41.985 [FXGL Background Thread 3 ] DEBUG Engine               - class com.almasb.fxgl.audio.AudioPlayer
14:18:41.985 [FXGL Background Thread 3 ] DEBUG Engine               - class com.almasb.fxgl.notification.impl.NotificationServiceProvider
14:18:41.985 [FXGL Background Thread 3 ] DEBUG Engine               - class com.almasb.fxgl.achievement.AchievementService
14:18:41.985 [FXGL Background Thread 3 ] DEBUG Engine               - class com.almasb.fxgl.cutscene.CutsceneService
14:18:41.985 [FXGL Background Thread 3 ] DEBUG Engine               - class com.almasb.fxgl.minigames.MiniGameService
14:18:41.985 [FXGL Background Thread 3 ] DEBUG Engine               - class com.almasb.fxgl.net.NetService
14:18:41.985 [FXGL Background Thread 3 ] DEBUG Engine               - class com.almasb.fxgl.app.services.UpdaterService
14:18:41.985 [FXGL Background Thread 3 ] DEBUG Engine               - class com.almasb.fxgl.dev.DevService
14:18:49.378 [JavaFX Application Thread] DEBUG FXGLApplication      - Exiting FXGL
14:18:49.379 [JavaFX Application Thread] DEBUG Async                - Shutting down background threads
14:18:49.379 [JavaFX Application Thread] DEBUG PrimaryStageWindow   - Closing main window
14:18:49.392 [JavaFX Application Thread] DEBUG Logger               - Closing Logger
