15:58:55.847 [main                     ] DEBUG Logger               - Configured Logger
15:58:55.882 [main                     ] DEBUG GameApplication      - Logging settings
Title: Final Journey
Version: Alpha
Width: 1280
Height: 720
Fullscreen: true
Intro: false
Profiling: false
Single step:false
App Mode: DEVELOPER
Menu Key: ESCAPE
Stage Style: DECORATED
Scene Factory: class com.almasb.fxgl.app.scene.SceneFactory

15:58:56.324 [JavaFX Application Thread] DEBUG FXGLApplication      - Initializing FXGL
15:58:56.330 [JavaFX Application Thread] INFO  Engine               - FXGL-21.1 (27.03.2024 07.52) on WINDOWS (J:21.0.5 FX:21.0.1)
15:58:56.330 [JavaFX Application Thread] DEBUG Engine               - JRE Vendor Name: Eclipse Adoptium
15:58:56.330 [JavaFX Application Thread] DEBUG Engine               - Running on OS: Windows 11 version 10.0
15:58:56.331 [JavaFX Application Thread] DEBUG Engine               - Architecture: amd64
15:58:56.331 [JavaFX Application Thread] INFO  Engine               - Source code and latest versions at: https://github.com/AlmasB/FXGL
15:58:56.331 [JavaFX Application Thread] INFO  Engine               -       Ask questions and discuss at: https://github.com/AlmasB/FXGL/discussions
15:58:56.331 [JavaFX Application Thread] INFO  Engine               -              Join the FXGL chat at: https://gitter.im/AlmasB/FXGL
15:58:56.453 [JavaFX Application Thread] DEBUG PrimaryStageWindow   - Creating a JavaFX scene
15:58:56.506 [JavaFX Application Thread] DEBUG PrimaryStageWindow   - Target settings size: 1280.0 x 720.0
15:58:56.506 [JavaFX Application Thread] DEBUG PrimaryStageWindow   - Scaled scene size:    1280.0 x 720.0
15:58:56.507 [JavaFX Application Thread] DEBUG PrimaryStageWindow   - Scaled ratio: (1.0, 1.0)
15:58:56.509 [JavaFX Application Thread] DEBUG PrimaryStageWindow   - Set initial scene to FXGLStartupScene
15:58:56.513 [JavaFX Application Thread] DEBUG PrimaryStageWindow   - Opening main window
15:58:56.616 [JavaFX Application Thread] DEBUG PrimaryStageWindow   - Window border size: (16.0, 39.0)
15:58:56.616 [JavaFX Application Thread] DEBUG PrimaryStageWindow   - Scaled size: 1280.0 x 720.0
15:58:56.616 [JavaFX Application Thread] DEBUG PrimaryStageWindow   - Scaled ratio: (1.0, 1.0)
15:58:56.616 [JavaFX Application Thread] DEBUG PrimaryStageWindow   - Scene size: 1280.0 x 720.0
15:58:56.617 [JavaFX Application Thread] DEBUG PrimaryStageWindow   - Stage size: 1296.0 x 759.0
15:58:56.701 [JavaFX Application Thread] DEBUG PrimaryStageWindow   - Going fullscreen
15:58:56.713 [FXGL Background Thread 1 ] DEBUG Engine               - Initializing environment variables
15:58:56.787 [FXGL Background Thread 1 ] DEBUG FXGLAssetLoaderServi - User app class for loading assets: class com.project.App
15:58:56.787 [FXGL Background Thread 1 ] DEBUG GameApplicationServi - Applying CSS: fxgl_dark.css
15:58:56.788 [FXGL Background Thread 1 ] DEBUG FXGLAssetLoaderServi - Loading from file system: jar:file:/C:/Users/Student/.m2/repository/com/github/almasb/fxgl/21.1/fxgl-21.1.jar!/fxglassets/ui/css/fxgl_dark.css
15:58:56.841 [FXGL Background Thread 1 ] DEBUG GameApplicationServi - Initializing application scenes
15:58:56.883 [FXGL Background Thread 1 ] DEBUG GameWorld            - Game world initialized
15:58:56.949 [FXGL Background Thread 1 ] DEBUG PhysicsWorld         - Physics world initialized: appHeight=720, physics.ppm=50.0
15:58:56.950 [FXGL Background Thread 1 ] DEBUG PhysicsWorld         - Using strategy: BRUTE_FORCE
15:58:56.954 [FXGL Background Thread 1 ] DEBUG GameScene            - Game scene initialized: 1280x720
15:58:56.968 [FXGL Background Thread 1 ] DEBUG FXGL.DefaultMenu     - createMenuBodyGameMenu()
15:58:56.987 [FXGL Background Thread 1 ] DEBUG FXGL.DefaultMenu     - createOptionsMenu()
15:58:56.997 [FXGL Background Thread 1 ] DEBUG FXGLAssetLoaderServi - Loading from file system: jar:file:/C:/Users/Student/.m2/repository/com/github/almasb/fxgl/21.1/fxgl-21.1.jar!/fxglassets/textures/particles/smoke.png
15:58:57.102 [FXGL Background Thread 1 ] DEBUG FXGLAssetLoaderServi - Loading from file system: jar:file:/C:/Users/Student/.m2/repository/com/github/almasb/fxgl/21.1/fxgl-21.1.jar!/fxglassets/textures/particles/trace_horizontal.png
15:58:57.130 [FXGL Background Thread 1 ] DEBUG GameApplicationServi - Application scenes initialized
15:58:57.144 [FXGL Background Thread 1 ] DEBUG SystemBundleService  - Loading FXGL system data
15:58:57.149 [FXGL Background Thread 1 ] DEBUG FileSystemAccess     - Reading from: D:\Project\myproject\system\fxgl.bundle
15:58:57.161 [FXGL Background Thread 1 ] DEBUG SystemBundleService  - Bundle FXGL: {}
15:58:57.161 [FXGL Background Thread 1 ] DEBUG UpdaterService       - Checking for updates
15:58:57.194 [FXGL Background Thread 1 ] DEBUG FXGLApplication      - Loading default localization
15:58:57.194 [FXGL Background Thread 4 ] DEBUG FXGLApplication      - Loading fonts
15:58:57.195 [FXGL Background Thread 1 ] DEBUG FXGLAssetLoaderServi - Loading from file system: jar:file:/C:/Users/Student/.m2/repository/com/github/almasb/fxgl/21.1/fxgl-21.1.jar!/fxglassets/languages/english.lang
15:58:57.195 [FXGL Background Thread 4 ] DEBUG FXGLAssetLoaderServi - Loading from file system: jar:file:/C:/Users/Student/.m2/repository/com/github/almasb/fxgl/21.1/fxgl-21.1.jar!/fxglassets/ui/fonts/VarelaRound-Regular.ttf
15:58:57.220 [FXGL Background Thread 1 ] INFO  FXGLApplication      - FXGL initialization took: 0.506 sec
15:58:57.222 [FXGL Background Thread 4 ] DEBUG FXGLAssetLoaderServi - Loading from file system: jar:file:/C:/Users/Student/.m2/repository/com/github/almasb/fxgl/21.1/fxgl-21.1.jar!/fxglassets/ui/fonts/Abel-Regular.ttf
15:58:57.227 [FXGL Background Thread 4 ] DEBUG FXGLAssetLoaderServi - Loading from file system: jar:file:/C:/Users/Student/.m2/repository/com/github/almasb/fxgl/21.1/fxgl-21.1.jar!/fxglassets/ui/fonts/TerminalLandMono-Regular.otf
15:58:57.231 [JavaFX Application Thread] DEBUG Input                - Registered new binding: Right - D
15:58:57.232 [JavaFX Application Thread] DEBUG Input                - Registered new binding: Left - A
15:58:57.232 [FXGL Background Thread 4 ] DEBUG FXGLAssetLoaderServi - Loading from file system: jar:file:/C:/Users/Student/.m2/repository/com/github/almasb/fxgl/21.1/fxgl-21.1.jar!/fxglassets/ui/fonts/Courier-Prime.ttf
15:58:57.232 [JavaFX Application Thread] DEBUG Input                - Registered new binding: Up - W
15:58:57.232 [JavaFX Application Thread] DEBUG Input                - Registered new binding: Down - S
15:58:57.232 [JavaFX Application Thread] DEBUG Input                - Registered new binding: Interact - E
15:58:57.232 [JavaFX Application Thread] DEBUG FXGLAssetLoaderServi - Loading from file system: jar:file:/C:/Users/Student/.m2/repository/com/github/almasb/fxgl/21.1/fxgl-21.1.jar!/fxglassets/textures/fxgl_icon.png
15:58:57.252 [JavaFX Application Thread] DEBUG FXGLAssetLoaderServi - Loading from file system: jar:file:/C:/Users/Student/.m2/repository/com/github/almasb/fxgl/21.1/fxgl-21.1.jar!/fxglassets/textures/fxgl_default_cursor.png
15:58:57.254 [JavaFX Application Thread] DEBUG Input                - Registered new binding: Screenshot - CTRL+8
15:58:57.254 [JavaFX Application Thread] DEBUG Input                - Registered new binding: Dev Options - 1
15:58:57.255 [JavaFX Application Thread] DEBUG Input                - Registered new binding: Dev Console - 2
15:58:57.255 [JavaFX Application Thread] DEBUG Input                - Registered new binding: System info dump - CTRL+9
15:58:57.256 [JavaFX Application Thread] DEBUG Input                - Registered new binding: Restart - CTRL+R
15:58:57.256 [JavaFX Application Thread] DEBUG Input                - Registered new binding: Toggle Debug Camera - CTRL+7
15:58:57.260 [JavaFX Application Thread] DEBUG LoopRunner           - Starting loop
15:58:57.281 [JavaFX Application Thread] DEBUG LoopRunner           - Initializing JavaFX AnimationTimerLoop
15:58:57.284 [JavaFX Application Thread] DEBUG GameApplicationServi - Starting new game
15:58:57.284 [JavaFX Application Thread] DEBUG Input                - Clearing active input actions
15:58:57.295 [JavaFX Application Thread] DEBUG GameApplicationServi - Removing overlay from FXGLStartupScene and adding to FXGLLoadingScene
15:58:57.300 [JavaFX Application Thread] DEBUG PrimaryStageWindow   - FXGLStartupScene -> FXGLLoadingScene
15:58:57.300 [JavaFX Application Thread] DEBUG GameApplicationServi - Clearing previous game
15:58:57.300 [JavaFX Application Thread] DEBUG GameScene            - Clearing game scene
15:58:57.300 [JavaFX Application Thread] DEBUG GameWorld            - Clearing game world
15:58:57.300 [JavaFX Application Thread] DEBUG PhysicsWorld         - Clearing physics world
15:58:57.302 [FXGL Background Thread 4 ] DEBUG FXGLApplication      - Initializing game
15:58:57.303 [JavaFX Application Thread] DEBUG FXGLApplication      - Registering font factories with UI factory
15:58:57.367 [FXGL Background Thread 4 ] WARN  TMXLevelLoader       - TiledMap generated from 1.11.0. Supported version: 1.9.0. Some features may not be parsed fully.
15:58:57.401 [FXGL Background Thread 4 ] DEBUG TMXLevelLoader       - Parsed TiledMap: file:/D:/Project/myproject/myproject/target/classes/assets/levels/scene1.tmx
15:58:57.403 [FXGL Background Thread 4 ] DEBUG TMXLevelLoader       - Creating tile layer entities
15:58:57.405 [FXGL Background Thread 4 ] DEBUG TilesetLoader        - Loading view for layer lowefloor
15:58:57.406 [FXGL Background Thread 4 ] DEBUG TilesetLoader        - Created buffer with size 512.0x1024.0
15:58:57.499 [FXGL Background Thread 4 ] DEBUG TilesetLoader        - Loading view for layer cliff
15:58:57.500 [FXGL Background Thread 4 ] DEBUG TilesetLoader        - Created buffer with size 512.0x1024.0
15:58:57.501 [FXGL Background Thread 4 ] DEBUG TilesetLoader        - Loading view for layer cliff1
15:58:57.504 [FXGL Background Thread 4 ] DEBUG TilesetLoader        - Created buffer with size 512.0x1024.0
15:58:57.505 [FXGL Background Thread 4 ] DEBUG TilesetLoader        - Loading view for layer cliff2
15:58:57.505 [FXGL Background Thread 4 ] DEBUG TilesetLoader        - Created buffer with size 512.0x1024.0
15:58:57.507 [FXGL Background Thread 4 ] DEBUG TilesetLoader        - Loading view for layer Tile Layer 3
15:58:57.508 [FXGL Background Thread 4 ] DEBUG TilesetLoader        - Created buffer with size 512.0x1024.0
15:58:57.509 [FXGL Background Thread 4 ] DEBUG TilesetLoader        - Loading view for layer Tile Layer 6
15:58:57.510 [FXGL Background Thread 4 ] DEBUG TilesetLoader        - Created buffer with size 512.0x1024.0
15:58:57.671 [FXGL Background Thread 4 ] DEBUG TilesetLoader        - Loading view for layer prop
15:58:57.673 [FXGL Background Thread 4 ] DEBUG TilesetLoader        - Created buffer with size 512.0x1024.0
15:58:57.674 [FXGL Background Thread 4 ] DEBUG TMXLevelLoader       - Creating object layer entities
15:58:57.720 [FXGL Background Thread 4 ] DEBUG FXGLAssetLoaderServi - Loading from file system: file:/D:/Project/myproject/myproject/target/classes/assets/textures/Actor1.png
15:58:57.741 [FXGL Background Thread 4 ] DEBUG FXGLAssetLoaderServi - Loading from file system: file:/D:/Project/myproject/myproject/target/classes/assets/textures/Rex.png
15:58:57.751 [FXGL Background Thread 4 ] WARN  TMXLevelLoader       - TiledMap generated from 1.11.0. Supported version: 1.9.0. Some features may not be parsed fully.
15:58:57.773 [FXGL Background Thread 4 ] DEBUG TMXLevelLoader       - Parsed TiledMap: file:/D:/Project/myproject/myproject/target/classes/assets/levels/scene1.tmx
15:58:57.774 [FXGL Background Thread 4 ] DEBUG TMXLevelLoader       - Creating tile layer entities
15:58:57.774 [FXGL Background Thread 4 ] DEBUG TilesetLoader        - Loading view for layer lowefloor
15:58:57.777 [FXGL Background Thread 4 ] DEBUG TilesetLoader        - Created buffer with size 512.0x1024.0
15:58:57.835 [FXGL Background Thread 4 ] DEBUG TilesetLoader        - Loading view for layer cliff
15:58:57.836 [FXGL Background Thread 4 ] DEBUG TilesetLoader        - Created buffer with size 512.0x1024.0
15:58:57.837 [FXGL Background Thread 4 ] DEBUG TilesetLoader        - Loading view for layer cliff1
15:58:57.839 [FXGL Background Thread 4 ] DEBUG TilesetLoader        - Created buffer with size 512.0x1024.0
15:58:57.840 [FXGL Background Thread 4 ] DEBUG TilesetLoader        - Loading view for layer cliff2
15:58:57.842 [FXGL Background Thread 4 ] DEBUG TilesetLoader        - Created buffer with size 512.0x1024.0
15:58:57.847 [FXGL Background Thread 4 ] DEBUG TilesetLoader        - Loading view for layer Tile Layer 3
15:58:57.848 [FXGL Background Thread 4 ] DEBUG TilesetLoader        - Created buffer with size 512.0x1024.0
15:58:57.849 [FXGL Background Thread 4 ] DEBUG TilesetLoader        - Loading view for layer Tile Layer 6
15:58:57.850 [FXGL Background Thread 4 ] DEBUG TilesetLoader        - Created buffer with size 512.0x1024.0
15:58:57.946 [FXGL Background Thread 4 ] DEBUG TilesetLoader        - Loading view for layer prop
15:58:57.947 [FXGL Background Thread 4 ] DEBUG TilesetLoader        - Created buffer with size 512.0x1024.0
15:58:57.948 [FXGL Background Thread 4 ] DEBUG TMXLevelLoader       - Creating object layer entities
15:58:57.966 [FXGL Background Thread 4 ] DEBUG GameWorld            - Clearing removable entities
15:58:57.966 [FXGL Background Thread 4 ] DEBUG GameWorld            - Setting level: com.almasb.fxgl.entity.level.Level@7cf3eaf6
15:58:57.983 [FXGL Background Thread 4 ] INFO  FXGLApplication      - Game initialization took: 0.680 sec
15:58:57.995 [JavaFX Application Thread] DEBUG Input                - Clearing active input actions
15:58:58.014 [JavaFX Application Thread] DEBUG GameApplicationServi - Removing overlay from FXGLLoadingScene and adding to GameScene
15:58:58.020 [JavaFX Application Thread] DEBUG PrimaryStageWindow   - FXGLLoadingScene -> GameScene
15:58:58.860 [JavaFX Application Thread] DEBUG PrimaryStageWindow   - Push state: FXGLDefaultMenu
15:58:58.862 [JavaFX Application Thread] DEBUG Input                - Clearing active input actions
15:58:58.865 [JavaFX Application Thread] DEBUG GameApplicationServi - Removing overlay from GameScene and adding to FXGLDefaultMenu
15:58:58.867 [JavaFX Application Thread] DEBUG PrimaryStageWindow   - GameScene -> FXGLDefaultMenu
15:58:59.212 [JavaFX Application Thread] DEBUG PrimaryStageWindow   - Pop state: FXGLDefaultMenu
15:58:59.212 [JavaFX Application Thread] DEBUG Input                - Clearing active input actions
15:58:59.213 [JavaFX Application Thread] DEBUG GameApplicationServi - Removing overlay from FXGLDefaultMenu and adding to GameScene
15:58:59.216 [JavaFX Application Thread] DEBUG PrimaryStageWindow   - GameScene <- FXGLDefaultMenu
15:59:00.192 [FXGL Background Thread 3 ] DEBUG Engine               - Logging environment variables
15:59:00.192 [FXGL Background Thread 3 ] DEBUG Engine               - achievements: []
15:59:00.193 [FXGL Background Thread 3 ] DEBUG Engine               - actualHeight: 1080.0
15:59:00.193 [FXGL Background Thread 3 ] DEBUG Engine               - actualHeightProperty: ReadOnlyDoubleProperty [value: 1080.0]
15:59:00.193 [FXGL Background Thread 3 ] DEBUG Engine               - actualWidth: 1920.0
15:59:00.193 [FXGL Background Thread 3 ] DEBUG Engine               - actualWidthProperty: ReadOnlyDoubleProperty [value: 1920.0]
15:59:00.193 [FXGL Background Thread 3 ] DEBUG Engine               - appIcon: fxgl_icon.png
15:59:00.193 [FXGL Background Thread 3 ] DEBUG Engine               - applicationMode: DEVELOPER
15:59:00.193 [FXGL Background Thread 3 ] DEBUG Engine               - cSSList: [fxgl_dark.css]
15:59:00.193 [FXGL Background Thread 3 ] DEBUG Engine               - collisionDetectionStrategy: BRUTE_FORCE
15:59:00.193 [FXGL Background Thread 3 ] DEBUG Engine               - configClass: Optional.empty
15:59:00.194 [FXGL Background Thread 3 ] DEBUG Engine               - credits: []
15:59:00.194 [FXGL Background Thread 3 ] DEBUG Engine               - defaultCursor: CursorInfo(imageName=fxgl_default_cursor.png, hotspotX=7.0, hotspotY=6.0)
15:59:00.194 [FXGL Background Thread 3 ] DEBUG Engine               - devBBoxColorProperty: ObjectProperty [value: 0xff0000ff]
15:59:00.194 [FXGL Background Thread 3 ] DEBUG Engine               - devEnableDebugCameraProperty: BooleanProperty [value: false]
15:59:00.194 [FXGL Background Thread 3 ] DEBUG Engine               - devSensorColorProperty: ObjectProperty [value: 0xffff00ff]
15:59:00.194 [FXGL Background Thread 3 ] DEBUG Engine               - devShowBBoxProperty: BooleanProperty [value: false]
15:59:00.194 [FXGL Background Thread 3 ] DEBUG Engine               - devShowPositionProperty: BooleanProperty [value: false]
15:59:00.195 [FXGL Background Thread 3 ] DEBUG Engine               - enabledMenuItems: []
15:59:00.195 [FXGL Background Thread 3 ] DEBUG Engine               - engineServices: [class com.almasb.fxgl.app.services.FXGLAssetLoaderService, class com.almasb.fxgl.app.FXGLApplication$GameApplicationService, class com.almasb.fxgl.app.services.FXGLDialogService, class com.almasb.fxgl.app.services.IOTaskExecutorService, class com.almasb.fxgl.io.FileSystemService, class com.almasb.fxgl.localization.LocalizationService, class com.almasb.fxgl.app.services.SystemBundleService, class com.almasb.fxgl.profile.SaveLoadService, class com.almasb.fxgl.ui.FXGLUIFactoryServiceProvider, class com.almasb.fxgl.ui.FXGLDialogFactoryServiceProvider, class com.almasb.fxgl.audio.AudioPlayer, class com.almasb.fxgl.notification.impl.NotificationServiceProvider, class com.almasb.fxgl.achievement.AchievementService, class com.almasb.fxgl.cutscene.CutsceneService, class com.almasb.fxgl.minigames.MiniGameService, class com.almasb.fxgl.net.NetService, class com.almasb.fxgl.app.services.UpdaterService, class com.almasb.fxgl.dev.DevService]
15:59:00.195 [FXGL Background Thread 3 ] DEBUG Engine               - fontGame: Abel-Regular.ttf
15:59:00.195 [FXGL Background Thread 3 ] DEBUG Engine               - fontMono: TerminalLandMono-Regular.otf
15:59:00.195 [FXGL Background Thread 3 ] DEBUG Engine               - fontSizeScaleUI: 1.0
15:59:00.195 [FXGL Background Thread 3 ] DEBUG Engine               - fontText: Courier-Prime.ttf
15:59:00.195 [FXGL Background Thread 3 ] DEBUG Engine               - fontUI: VarelaRound-Regular.ttf
15:59:00.195 [FXGL Background Thread 3 ] DEBUG Engine               - fullScreen: BooleanProperty [value: true]
15:59:00.195 [FXGL Background Thread 3 ] DEBUG Engine               - gameDifficulty: MEDIUM
15:59:00.195 [FXGL Background Thread 3 ] DEBUG Engine               - gameDifficultyProperty: ObjectProperty [value: MEDIUM]
15:59:00.195 [FXGL Background Thread 3 ] DEBUG Engine               - globalMusicVolume: 0.5
15:59:00.195 [FXGL Background Thread 3 ] DEBUG Engine               - globalMusicVolumeProperty: DoubleProperty [value: 0.5]
15:59:00.196 [FXGL Background Thread 3 ] DEBUG Engine               - globalSoundVolume: 0.5
15:59:00.196 [FXGL Background Thread 3 ] DEBUG Engine               - globalSoundVolumeProperty: DoubleProperty [value: 0.5]
15:59:00.196 [FXGL Background Thread 3 ] DEBUG Engine               - height: 720
15:59:00.196 [FXGL Background Thread 3 ] DEBUG Engine               - is3D: false
15:59:00.196 [FXGL Background Thread 3 ] DEBUG Engine               - isAndroid: false
15:59:00.196 [FXGL Background Thread 3 ] DEBUG Engine               - isBrowser: false
15:59:00.196 [FXGL Background Thread 3 ] DEBUG Engine               - isClickFeedbackEnabled: false
15:59:00.196 [FXGL Background Thread 3 ] DEBUG Engine               - isCloseConfirmation: false
15:59:00.196 [FXGL Background Thread 3 ] DEBUG Engine               - isDesktop: true
15:59:00.196 [FXGL Background Thread 3 ] DEBUG Engine               - isDeveloperMenuEnabled: true
15:59:00.196 [FXGL Background Thread 3 ] DEBUG Engine               - isEmbedded: false
15:59:00.197 [FXGL Background Thread 3 ] DEBUG Engine               - isEntityPreloadEnabled: true
15:59:00.197 [FXGL Background Thread 3 ] DEBUG Engine               - isExperimentalTiledLargeMap: false
15:59:00.197 [FXGL Background Thread 3 ] DEBUG Engine               - isFileSystemWriteAllowed: true
15:59:00.197 [FXGL Background Thread 3 ] DEBUG Engine               - isFullScreenAllowed: true
15:59:00.197 [FXGL Background Thread 3 ] DEBUG Engine               - isFullScreenFromStart: true
15:59:00.197 [FXGL Background Thread 3 ] DEBUG Engine               - isGameMenuEnabled: true
15:59:00.197 [FXGL Background Thread 3 ] DEBUG Engine               - isIOS: false
15:59:00.197 [FXGL Background Thread 3 ] DEBUG Engine               - isIntroEnabled: false
15:59:00.197 [FXGL Background Thread 3 ] DEBUG Engine               - isLinux: false
15:59:00.197 [FXGL Background Thread 3 ] DEBUG Engine               - isMac: false
15:59:00.197 [FXGL Background Thread 3 ] DEBUG Engine               - isMainMenuEnabled: false
15:59:00.198 [FXGL Background Thread 3 ] DEBUG Engine               - isManualResizeEnabled: false
15:59:00.198 [FXGL Background Thread 3 ] DEBUG Engine               - isMobile: false
15:59:00.198 [FXGL Background Thread 3 ] DEBUG Engine               - isNative: false
15:59:00.198 [FXGL Background Thread 3 ] DEBUG Engine               - isPauseMusicWhenMinimized: true
15:59:00.198 [FXGL Background Thread 3 ] DEBUG Engine               - isPreserveResizeRatio: false
15:59:00.198 [FXGL Background Thread 3 ] DEBUG Engine               - isProfilingEnabled: false
15:59:00.198 [FXGL Background Thread 3 ] DEBUG Engine               - isScaleAffectedOnResize: true
15:59:00.198 [FXGL Background Thread 3 ] DEBUG Engine               - isSingleStep: false
15:59:00.198 [FXGL Background Thread 3 ] DEBUG Engine               - isUserProfileEnabled: false
15:59:00.198 [FXGL Background Thread 3 ] DEBUG Engine               - isWindows: true
15:59:00.198 [FXGL Background Thread 3 ] DEBUG Engine               - language: ObjectProperty [value: ENGLISH]
15:59:00.198 [FXGL Background Thread 3 ] DEBUG Engine               - menuKey: ESCAPE
15:59:00.198 [FXGL Background Thread 3 ] DEBUG Engine               - mouseSensitivity: 0.2
15:59:00.198 [FXGL Background Thread 3 ] DEBUG Engine               - notificationViewClass: class com.almasb.fxgl.notification.view.XboxNotificationView
15:59:00.199 [FXGL Background Thread 3 ] DEBUG Engine               - pixelsPerMeter: 50.0
15:59:00.199 [FXGL Background Thread 3 ] DEBUG Engine               - platform: WINDOWS
15:59:00.199 [FXGL Background Thread 3 ] DEBUG Engine               - prefHeightProperty: ReadOnlyDoubleProperty [value: 720.0]
15:59:00.199 [FXGL Background Thread 3 ] DEBUG Engine               - prefWidthProperty: ReadOnlyDoubleProperty [value: 1280.0]
15:59:00.199 [FXGL Background Thread 3 ] DEBUG Engine               - profileDir: profiles/
15:59:00.199 [FXGL Background Thread 3 ] DEBUG Engine               - profileName: StringProperty [value: DEFAULT]
15:59:00.199 [FXGL Background Thread 3 ] DEBUG Engine               - randomSeed: -1
15:59:00.199 [FXGL Background Thread 3 ] DEBUG Engine               - runtimeInfo: RuntimeInfo(platform=WINDOWS, version=21.1, build=27.03.2024 07.52)
15:59:00.200 [FXGL Background Thread 3 ] DEBUG Engine               - saveFileExt: sav
15:59:00.200 [FXGL Background Thread 3 ] DEBUG Engine               - scaledHeightProp$fxgl: DoubleProperty [bound, value: 1080.0]
15:59:00.200 [FXGL Background Thread 3 ] DEBUG Engine               - scaledWidthProp$fxgl: DoubleProperty [bound, value: 1920.0]
15:59:00.200 [FXGL Background Thread 3 ] DEBUG Engine               - sceneFactory: com.almasb.fxgl.app.scene.SceneFactory@402a4f8f
15:59:00.200 [FXGL Background Thread 3 ] DEBUG Engine               - secondsIn24h: 60
15:59:00.200 [FXGL Background Thread 3 ] DEBUG Engine               - soundMenuBack: menu/back.wav
15:59:00.200 [FXGL Background Thread 3 ] DEBUG Engine               - soundMenuPress: menu/press.wav
15:59:00.201 [FXGL Background Thread 3 ] DEBUG Engine               - soundMenuSelect: menu/select.wav
15:59:00.201 [FXGL Background Thread 3 ] DEBUG Engine               - soundNotification: core/notification.wav
15:59:00.201 [FXGL Background Thread 3 ] DEBUG Engine               - stageStyle: DECORATED
15:59:00.202 [FXGL Background Thread 3 ] DEBUG Engine               - supportedLanguages: [ENGLISH, FRENCH, GERMAN, HUNGARIAN, RUSSIAN]
15:59:00.202 [FXGL Background Thread 3 ] DEBUG Engine               - ticksPerSecond: -1
15:59:00.202 [FXGL Background Thread 3 ] DEBUG Engine               - title: Final Journey
15:59:00.202 [FXGL Background Thread 3 ] DEBUG Engine               - urlGithub: https://github.com/AlmasB/FXGL
15:59:00.202 [FXGL Background Thread 3 ] DEBUG Engine               - urlLeaderboard: http://fxgl-top.herokuapp.com/
15:59:00.202 [FXGL Background Thread 3 ] DEBUG Engine               - urlPOM: https://raw.githubusercontent.com/AlmasB/FXGL/release/README.md
15:59:00.203 [FXGL Background Thread 3 ] DEBUG Engine               - userAppClass: class com.project.App
15:59:00.203 [FXGL Background Thread 3 ] DEBUG Engine               - version: Alpha
15:59:00.203 [FXGL Background Thread 3 ] DEBUG Engine               - versionCheckDays: 7
15:59:00.203 [FXGL Background Thread 3 ] DEBUG Engine               - width: 1280
15:59:00.203 [FXGL Background Thread 3 ] DEBUG Engine               - Logging services
15:59:00.203 [FXGL Background Thread 3 ] DEBUG Engine               - class com.almasb.fxgl.app.services.FXGLAssetLoaderService
15:59:00.203 [FXGL Background Thread 3 ] DEBUG Engine               - class com.almasb.fxgl.app.FXGLApplication$GameApplicationService
15:59:00.203 [FXGL Background Thread 3 ] DEBUG Engine               - class com.almasb.fxgl.app.services.FXGLDialogService
15:59:00.203 [FXGL Background Thread 3 ] DEBUG Engine               - class com.almasb.fxgl.app.services.IOTaskExecutorService
15:59:00.203 [FXGL Background Thread 3 ] DEBUG Engine               - class com.almasb.fxgl.io.FileSystemService
15:59:00.212 [FXGL Background Thread 3 ] DEBUG Engine               - class com.almasb.fxgl.localization.LocalizationService
15:59:00.212 [FXGL Background Thread 3 ] DEBUG Engine               - class com.almasb.fxgl.app.services.SystemBundleService
15:59:00.212 [FXGL Background Thread 3 ] DEBUG Engine               - class com.almasb.fxgl.profile.SaveLoadService
15:59:00.212 [FXGL Background Thread 3 ] DEBUG Engine               - class com.almasb.fxgl.ui.FXGLUIFactoryServiceProvider
15:59:00.212 [FXGL Background Thread 3 ] DEBUG Engine               - class com.almasb.fxgl.ui.FXGLDialogFactoryServiceProvider
15:59:00.212 [FXGL Background Thread 3 ] DEBUG Engine               - class com.almasb.fxgl.audio.AudioPlayer
15:59:00.212 [FXGL Background Thread 3 ] DEBUG Engine               - class com.almasb.fxgl.notification.impl.NotificationServiceProvider
15:59:00.212 [FXGL Background Thread 3 ] DEBUG Engine               - class com.almasb.fxgl.achievement.AchievementService
15:59:00.212 [FXGL Background Thread 3 ] DEBUG Engine               - class com.almasb.fxgl.cutscene.CutsceneService
15:59:00.212 [FXGL Background Thread 3 ] DEBUG Engine               - class com.almasb.fxgl.minigames.MiniGameService
15:59:00.212 [FXGL Background Thread 3 ] DEBUG Engine               - class com.almasb.fxgl.net.NetService
15:59:00.212 [FXGL Background Thread 3 ] DEBUG Engine               - class com.almasb.fxgl.app.services.UpdaterService
15:59:00.212 [FXGL Background Thread 3 ] DEBUG Engine               - class com.almasb.fxgl.dev.DevService
15:59:05.402 [JavaFX Application Thread] DEBUG PrimaryStageWindow   - Push state: FXGLDefaultMenu
15:59:05.402 [JavaFX Application Thread] DEBUG Input                - Clearing active input actions
15:59:05.403 [JavaFX Application Thread] DEBUG GameApplicationServi - Removing overlay from GameScene and adding to FXGLDefaultMenu
15:59:05.404 [JavaFX Application Thread] DEBUG PrimaryStageWindow   - GameScene -> FXGLDefaultMenu
15:59:05.835 [JavaFX Application Thread] DEBUG PrimaryStageWindow   - Pop state: FXGLDefaultMenu
15:59:05.835 [JavaFX Application Thread] DEBUG Input                - Clearing active input actions
15:59:05.839 [JavaFX Application Thread] DEBUG GameApplicationServi - Removing overlay from FXGLDefaultMenu and adding to GameScene
15:59:05.841 [JavaFX Application Thread] DEBUG PrimaryStageWindow   - GameScene <- FXGLDefaultMenu
15:59:06.219 [JavaFX Application Thread] DEBUG PrimaryStageWindow   - Push state: FXGLDefaultMenu
15:59:06.219 [JavaFX Application Thread] DEBUG Input                - Clearing active input actions
15:59:06.220 [JavaFX Application Thread] DEBUG GameApplicationServi - Removing overlay from GameScene and adding to FXGLDefaultMenu
15:59:06.223 [JavaFX Application Thread] DEBUG PrimaryStageWindow   - GameScene -> FXGLDefaultMenu
15:59:06.548 [JavaFX Application Thread] DEBUG PrimaryStageWindow   - Pop state: FXGLDefaultMenu
15:59:06.548 [JavaFX Application Thread] DEBUG Input                - Clearing active input actions
15:59:06.551 [JavaFX Application Thread] DEBUG GameApplicationServi - Removing overlay from FXGLDefaultMenu and adding to GameScene
15:59:06.555 [JavaFX Application Thread] DEBUG PrimaryStageWindow   - GameScene <- FXGLDefaultMenu
15:59:06.867 [JavaFX Application Thread] DEBUG PrimaryStageWindow   - Push state: FXGLDefaultMenu
15:59:06.867 [JavaFX Application Thread] DEBUG Input                - Clearing active input actions
15:59:06.868 [JavaFX Application Thread] DEBUG GameApplicationServi - Removing overlay from GameScene and adding to FXGLDefaultMenu
15:59:06.871 [JavaFX Application Thread] DEBUG PrimaryStageWindow   - GameScene -> FXGLDefaultMenu
15:59:07.164 [JavaFX Application Thread] DEBUG PrimaryStageWindow   - Pop state: FXGLDefaultMenu
15:59:07.164 [JavaFX Application Thread] DEBUG Input                - Clearing active input actions
15:59:07.166 [JavaFX Application Thread] DEBUG GameApplicationServi - Removing overlay from FXGLDefaultMenu and adding to GameScene
15:59:07.168 [JavaFX Application Thread] DEBUG PrimaryStageWindow   - GameScene <- FXGLDefaultMenu
15:59:13.123 [JavaFX Application Thread] DEBUG PrimaryStageWindow   - Push state: FXGLDefaultMenu
15:59:13.123 [JavaFX Application Thread] DEBUG Input                - Clearing active input actions
15:59:13.123 [JavaFX Application Thread] DEBUG GameApplicationServi - Removing overlay from GameScene and adding to FXGLDefaultMenu
15:59:13.124 [JavaFX Application Thread] DEBUG PrimaryStageWindow   - GameScene -> FXGLDefaultMenu
15:59:13.511 [JavaFX Application Thread] DEBUG PrimaryStageWindow   - Pop state: FXGLDefaultMenu
15:59:13.511 [JavaFX Application Thread] DEBUG Input                - Clearing active input actions
15:59:13.514 [JavaFX Application Thread] DEBUG GameApplicationServi - Removing overlay from FXGLDefaultMenu and adding to GameScene
15:59:13.517 [JavaFX Application Thread] DEBUG PrimaryStageWindow   - GameScene <- FXGLDefaultMenu
15:59:17.067 [JavaFX Application Thread] DEBUG PrimaryStageWindow   - Push state: FXGLDefaultMenu
15:59:17.068 [JavaFX Application Thread] DEBUG Input                - Clearing active input actions
15:59:17.069 [JavaFX Application Thread] DEBUG GameApplicationServi - Removing overlay from GameScene and adding to FXGLDefaultMenu
15:59:17.071 [JavaFX Application Thread] DEBUG PrimaryStageWindow   - GameScene -> FXGLDefaultMenu
15:59:18.070 [JavaFX Application Thread] DEBUG Menu                 - fireExit()
15:59:18.072 [JavaFX Application Thread] DEBUG PrimaryStageWindow   - Push state: DialogSubScene
15:59:18.072 [JavaFX Application Thread] DEBUG Input                - Clearing active input actions
15:59:18.072 [JavaFX Application Thread] DEBUG GameApplicationServi - Removing overlay from FXGLDefaultMenu and adding to DialogSubScene
15:59:18.073 [JavaFX Application Thread] DEBUG PrimaryStageWindow   - FXGLDefaultMenu -> DialogSubScene
15:59:18.787 [JavaFX Application Thread] DEBUG PrimaryStageWindow   - Pop state: DialogSubScene
15:59:18.787 [JavaFX Application Thread] DEBUG Input                - Clearing active input actions
15:59:18.787 [JavaFX Application Thread] DEBUG GameApplicationServi - Removing overlay from DialogSubScene and adding to FXGLDefaultMenu
15:59:18.788 [JavaFX Application Thread] DEBUG PrimaryStageWindow   - FXGLDefaultMenu <- DialogSubScene
15:59:18.788 [JavaFX Application Thread] DEBUG FXGLApplication      - Exiting FXGL
15:59:18.788 [JavaFX Application Thread] DEBUG LoopRunner           - Stopping loop
15:59:18.788 [JavaFX Application Thread] DEBUG SystemBundleService  - Saving FXGL system data
15:59:18.790 [JavaFX Application Thread] DEBUG FileSystemAccess     - Writing to: D:\Project\myproject\system\fxgl.bundle
15:59:18.793 [JavaFX Application Thread] DEBUG Async                - Shutting down background threads
15:59:18.793 [JavaFX Application Thread] DEBUG PrimaryStageWindow   - Closing main window
15:59:18.815 [JavaFX Application Thread] DEBUG Logger               - Closing Logger
