16:00:57.701 [main                     ] DEBUG Logger               - Configured Logger
16:00:57.729 [main                     ] DEBUG GameApplication      - Logging settings
Title: Final Journey
Version: Alpha
Width: 1280
Height: 720
Fullscreen: true
Intro: false
Profiling: false
Single step:false
App Mode: DEVELOPER
Menu Key: ESCAPE
Stage Style: DECORATED
Scene Factory: class com.almasb.fxgl.app.scene.SceneFactory

16:00:58.158 [JavaFX Application Thread] DEBUG FXGLApplication      - Initializing FXGL
16:00:58.163 [JavaFX Application Thread] INFO  Engine               - FXGL-21.1 (27.03.2024 07.52) on WINDOWS (J:21.0.5 FX:21.0.1)
16:00:58.164 [JavaFX Application Thread] DEBUG Engine               - JRE Vendor Name: Eclipse Adoptium
16:00:58.164 [JavaFX Application Thread] DEBUG Engine               - Running on OS: Windows 11 version 10.0
16:00:58.164 [JavaFX Application Thread] DEBUG Engine               - Architecture: amd64
16:00:58.164 [JavaFX Application Thread] INFO  Engine               - Source code and latest versions at: https://github.com/AlmasB/FXGL
16:00:58.165 [JavaFX Application Thread] INFO  Engine               -       Ask questions and discuss at: https://github.com/AlmasB/FXGL/discussions
16:00:58.165 [JavaFX Application Thread] INFO  Engine               -              Join the FXGL chat at: https://gitter.im/AlmasB/FXGL
16:00:58.290 [JavaFX Application Thread] DEBUG PrimaryStageWindow   - Creating a JavaFX scene
16:00:58.350 [JavaFX Application Thread] DEBUG PrimaryStageWindow   - Target settings size: 1280.0 x 720.0
16:00:58.350 [JavaFX Application Thread] DEBUG PrimaryStageWindow   - Scaled scene size:    1280.0 x 720.0
16:00:58.350 [JavaFX Application Thread] DEBUG PrimaryStageWindow   - Scaled ratio: (1.0, 1.0)
16:00:58.352 [JavaFX Application Thread] DEBUG PrimaryStageWindow   - Set initial scene to FXGLStartupScene
16:00:58.357 [JavaFX Application Thread] DEBUG PrimaryStageWindow   - Opening main window
16:00:58.453 [JavaFX Application Thread] DEBUG PrimaryStageWindow   - Window border size: (16.0, 39.0)
16:00:58.454 [JavaFX Application Thread] DEBUG PrimaryStageWindow   - Scaled size: 1280.0 x 720.0
16:00:58.454 [JavaFX Application Thread] DEBUG PrimaryStageWindow   - Scaled ratio: (1.0, 1.0)
16:00:58.454 [JavaFX Application Thread] DEBUG PrimaryStageWindow   - Scene size: 1280.0 x 720.0
16:00:58.454 [JavaFX Application Thread] DEBUG PrimaryStageWindow   - Stage size: 1296.0 x 759.0
16:00:58.548 [JavaFX Application Thread] DEBUG PrimaryStageWindow   - Going fullscreen
16:00:58.559 [FXGL Background Thread 1 ] DEBUG Engine               - Initializing environment variables
16:00:58.648 [FXGL Background Thread 1 ] DEBUG FXGLAssetLoaderServi - User app class for loading assets: class com.project.App
16:00:58.648 [FXGL Background Thread 1 ] DEBUG GameApplicationServi - Applying CSS: fxgl_dark.css
16:00:58.648 [FXGL Background Thread 1 ] DEBUG FXGLAssetLoaderServi - Loading from file system: jar:file:/C:/Users/Student/.m2/repository/com/github/almasb/fxgl/21.1/fxgl-21.1.jar!/fxglassets/ui/css/fxgl_dark.css
16:00:58.696 [FXGL Background Thread 1 ] DEBUG GameApplicationServi - Initializing application scenes
16:00:58.734 [FXGL Background Thread 1 ] DEBUG GameWorld            - Game world initialized
16:00:58.798 [FXGL Background Thread 1 ] DEBUG PhysicsWorld         - Physics world initialized: appHeight=720, physics.ppm=50.0
16:00:58.798 [FXGL Background Thread 1 ] DEBUG PhysicsWorld         - Using strategy: BRUTE_FORCE
16:00:58.802 [FXGL Background Thread 1 ] DEBUG GameScene            - Game scene initialized: 1280x720
16:00:58.816 [FXGL Background Thread 1 ] DEBUG FXGL.DefaultMenu     - createMenuBodyGameMenu()
16:00:58.834 [FXGL Background Thread 1 ] DEBUG FXGL.DefaultMenu     - createOptionsMenu()
16:00:58.845 [FXGL Background Thread 1 ] DEBUG FXGLAssetLoaderServi - Loading from file system: jar:file:/C:/Users/Student/.m2/repository/com/github/almasb/fxgl/21.1/fxgl-21.1.jar!/fxglassets/textures/particles/smoke.png
16:00:58.952 [FXGL Background Thread 1 ] DEBUG FXGLAssetLoaderServi - Loading from file system: jar:file:/C:/Users/Student/.m2/repository/com/github/almasb/fxgl/21.1/fxgl-21.1.jar!/fxglassets/textures/particles/trace_horizontal.png
16:00:58.979 [FXGL Background Thread 1 ] DEBUG GameApplicationServi - Application scenes initialized
16:00:58.993 [FXGL Background Thread 1 ] DEBUG SystemBundleService  - Loading FXGL system data
16:00:58.998 [FXGL Background Thread 1 ] DEBUG FileSystemAccess     - Reading from: D:\Project\myproject\system\fxgl.bundle
16:00:59.009 [FXGL Background Thread 1 ] DEBUG SystemBundleService  - Bundle FXGL: {}
16:00:59.009 [FXGL Background Thread 1 ] DEBUG UpdaterService       - Checking for updates
16:00:59.039 [FXGL Background Thread 4 ] DEBUG FXGLApplication      - Loading fonts
16:00:59.039 [FXGL Background Thread 4 ] DEBUG FXGLAssetLoaderServi - Loading from file system: jar:file:/C:/Users/Student/.m2/repository/com/github/almasb/fxgl/21.1/fxgl-21.1.jar!/fxglassets/ui/fonts/VarelaRound-Regular.ttf
16:00:59.040 [FXGL Background Thread 1 ] DEBUG FXGLApplication      - Loading default localization
16:00:59.040 [FXGL Background Thread 1 ] DEBUG FXGLAssetLoaderServi - Loading from file system: jar:file:/C:/Users/Student/.m2/repository/com/github/almasb/fxgl/21.1/fxgl-21.1.jar!/fxglassets/languages/english.lang
16:00:59.068 [FXGL Background Thread 1 ] INFO  FXGLApplication      - FXGL initialization took: 0.508 sec
16:00:59.069 [FXGL Background Thread 4 ] DEBUG FXGLAssetLoaderServi - Loading from file system: jar:file:/C:/Users/Student/.m2/repository/com/github/almasb/fxgl/21.1/fxgl-21.1.jar!/fxglassets/ui/fonts/Abel-Regular.ttf
16:00:59.073 [FXGL Background Thread 4 ] DEBUG FXGLAssetLoaderServi - Loading from file system: jar:file:/C:/Users/Student/.m2/repository/com/github/almasb/fxgl/21.1/fxgl-21.1.jar!/fxglassets/ui/fonts/TerminalLandMono-Regular.otf
16:00:59.078 [FXGL Background Thread 4 ] DEBUG FXGLAssetLoaderServi - Loading from file system: jar:file:/C:/Users/Student/.m2/repository/com/github/almasb/fxgl/21.1/fxgl-21.1.jar!/fxglassets/ui/fonts/Courier-Prime.ttf
16:00:59.079 [JavaFX Application Thread] DEBUG Input                - Registered new binding: Right - D
16:00:59.079 [JavaFX Application Thread] DEBUG Input                - Registered new binding: Left - A
16:00:59.079 [JavaFX Application Thread] DEBUG Input                - Registered new binding: Up - W
16:00:59.079 [JavaFX Application Thread] DEBUG Input                - Registered new binding: Down - S
16:00:59.079 [JavaFX Application Thread] DEBUG Input                - Registered new binding: Interact - E
16:00:59.080 [JavaFX Application Thread] DEBUG FXGLAssetLoaderServi - Loading from file system: jar:file:/C:/Users/Student/.m2/repository/com/github/almasb/fxgl/21.1/fxgl-21.1.jar!/fxglassets/textures/fxgl_icon.png
16:00:59.098 [JavaFX Application Thread] DEBUG FXGLAssetLoaderServi - Loading from file system: jar:file:/C:/Users/Student/.m2/repository/com/github/almasb/fxgl/21.1/fxgl-21.1.jar!/fxglassets/textures/fxgl_default_cursor.png
16:00:59.101 [JavaFX Application Thread] DEBUG Input                - Registered new binding: Screenshot - CTRL+8
16:00:59.101 [JavaFX Application Thread] DEBUG Input                - Registered new binding: Dev Options - 1
16:00:59.101 [JavaFX Application Thread] DEBUG Input                - Registered new binding: Dev Console - 2
16:00:59.102 [JavaFX Application Thread] DEBUG Input                - Registered new binding: System info dump - CTRL+9
16:00:59.102 [JavaFX Application Thread] DEBUG Input                - Registered new binding: Restart - CTRL+R
16:00:59.103 [JavaFX Application Thread] DEBUG Input                - Registered new binding: Toggle Debug Camera - CTRL+7
16:00:59.108 [JavaFX Application Thread] DEBUG LoopRunner           - Starting loop
16:00:59.124 [JavaFX Application Thread] DEBUG LoopRunner           - Initializing JavaFX AnimationTimerLoop
16:00:59.126 [JavaFX Application Thread] DEBUG GameApplicationServi - Starting new game
16:00:59.127 [JavaFX Application Thread] DEBUG Input                - Clearing active input actions
16:00:59.138 [JavaFX Application Thread] DEBUG GameApplicationServi - Removing overlay from FXGLStartupScene and adding to FXGLLoadingScene
16:00:59.142 [JavaFX Application Thread] DEBUG PrimaryStageWindow   - FXGLStartupScene -> FXGLLoadingScene
16:00:59.143 [JavaFX Application Thread] DEBUG GameApplicationServi - Clearing previous game
16:00:59.143 [JavaFX Application Thread] DEBUG GameScene            - Clearing game scene
16:00:59.143 [JavaFX Application Thread] DEBUG GameWorld            - Clearing game world
16:00:59.143 [JavaFX Application Thread] DEBUG PhysicsWorld         - Clearing physics world
16:00:59.146 [JavaFX Application Thread] DEBUG FXGLApplication      - Registering font factories with UI factory
16:00:59.146 [FXGL Background Thread 4 ] DEBUG FXGLApplication      - Initializing game
16:00:59.222 [FXGL Background Thread 4 ] WARN  TMXLevelLoader       - TiledMap generated from 1.11.0. Supported version: 1.9.0. Some features may not be parsed fully.
16:00:59.251 [FXGL Background Thread 4 ] DEBUG TMXLevelLoader       - Parsed TiledMap: file:/D:/Project/myproject/myproject/target/classes/assets/levels/scene1.tmx
16:00:59.253 [FXGL Background Thread 4 ] DEBUG TMXLevelLoader       - Creating tile layer entities
16:00:59.255 [FXGL Background Thread 4 ] DEBUG TilesetLoader        - Loading view for layer lowefloor
16:00:59.256 [FXGL Background Thread 4 ] DEBUG TilesetLoader        - Created buffer with size 512.0x1024.0
16:00:59.398 [FXGL Background Thread 4 ] DEBUG TilesetLoader        - Loading view for layer cliff
16:00:59.398 [FXGL Background Thread 4 ] DEBUG TilesetLoader        - Created buffer with size 512.0x1024.0
16:00:59.400 [FXGL Background Thread 4 ] DEBUG TilesetLoader        - Loading view for layer cliff1
16:00:59.407 [FXGL Background Thread 4 ] DEBUG TilesetLoader        - Created buffer with size 512.0x1024.0
16:00:59.409 [FXGL Background Thread 4 ] DEBUG TilesetLoader        - Loading view for layer cliff2
16:00:59.409 [FXGL Background Thread 4 ] DEBUG TilesetLoader        - Created buffer with size 512.0x1024.0
16:00:59.410 [FXGL Background Thread 4 ] DEBUG TilesetLoader        - Loading view for layer Tile Layer 3
16:00:59.411 [FXGL Background Thread 4 ] DEBUG TilesetLoader        - Created buffer with size 512.0x1024.0
16:00:59.411 [FXGL Background Thread 4 ] DEBUG TilesetLoader        - Loading view for layer Tile Layer 6
16:00:59.412 [FXGL Background Thread 4 ] DEBUG TilesetLoader        - Created buffer with size 512.0x1024.0
16:00:59.676 [FXGL Background Thread 4 ] DEBUG TilesetLoader        - Loading view for layer prop
16:00:59.677 [FXGL Background Thread 4 ] DEBUG TilesetLoader        - Created buffer with size 512.0x1024.0
16:00:59.678 [FXGL Background Thread 4 ] DEBUG TMXLevelLoader       - Creating object layer entities
16:00:59.714 [FXGL Background Thread 4 ] DEBUG FXGLAssetLoaderServi - Loading from file system: file:/D:/Project/myproject/myproject/target/classes/assets/textures/Actor1.png
16:00:59.728 [FXGL Background Thread 4 ] DEBUG FXGLAssetLoaderServi - Loading from file system: file:/D:/Project/myproject/myproject/target/classes/assets/textures/Rex.png
16:00:59.732 [FXGL Background Thread 4 ] WARN  TMXLevelLoader       - TiledMap generated from 1.11.0. Supported version: 1.9.0. Some features may not be parsed fully.
16:00:59.752 [FXGL Background Thread 4 ] DEBUG TMXLevelLoader       - Parsed TiledMap: file:/D:/Project/myproject/myproject/target/classes/assets/levels/scene1.tmx
16:00:59.752 [FXGL Background Thread 4 ] DEBUG TMXLevelLoader       - Creating tile layer entities
16:00:59.753 [FXGL Background Thread 4 ] DEBUG TilesetLoader        - Loading view for layer lowefloor
16:00:59.753 [FXGL Background Thread 4 ] DEBUG TilesetLoader        - Created buffer with size 512.0x1024.0
16:00:59.798 [FXGL Background Thread 4 ] DEBUG TilesetLoader        - Loading view for layer cliff
16:00:59.799 [FXGL Background Thread 4 ] DEBUG TilesetLoader        - Created buffer with size 512.0x1024.0
16:00:59.800 [FXGL Background Thread 4 ] DEBUG TilesetLoader        - Loading view for layer cliff1
16:00:59.800 [FXGL Background Thread 4 ] DEBUG TilesetLoader        - Created buffer with size 512.0x1024.0
16:00:59.801 [FXGL Background Thread 4 ] DEBUG TilesetLoader        - Loading view for layer cliff2
16:00:59.803 [FXGL Background Thread 4 ] DEBUG TilesetLoader        - Created buffer with size 512.0x1024.0
16:00:59.805 [FXGL Background Thread 4 ] DEBUG TilesetLoader        - Loading view for layer Tile Layer 3
16:00:59.813 [FXGL Background Thread 4 ] DEBUG TilesetLoader        - Created buffer with size 512.0x1024.0
16:00:59.814 [FXGL Background Thread 4 ] DEBUG TilesetLoader        - Loading view for layer Tile Layer 6
16:00:59.816 [FXGL Background Thread 4 ] DEBUG TilesetLoader        - Created buffer with size 512.0x1024.0
16:00:59.941 [FXGL Background Thread 4 ] DEBUG TilesetLoader        - Loading view for layer prop
16:00:59.944 [FXGL Background Thread 4 ] DEBUG TilesetLoader        - Created buffer with size 512.0x1024.0
16:00:59.945 [FXGL Background Thread 4 ] DEBUG TMXLevelLoader       - Creating object layer entities
16:00:59.962 [FXGL Background Thread 4 ] DEBUG GameWorld            - Clearing removable entities
16:00:59.963 [FXGL Background Thread 4 ] DEBUG GameWorld            - Setting level: com.almasb.fxgl.entity.level.Level@57669e2c
16:00:59.978 [FXGL Background Thread 4 ] INFO  FXGLApplication      - Game initialization took: 0.832 sec
16:00:59.992 [JavaFX Application Thread] DEBUG Input                - Clearing active input actions
16:01:00.011 [JavaFX Application Thread] DEBUG GameApplicationServi - Removing overlay from FXGLLoadingScene and adding to GameScene
16:01:00.021 [JavaFX Application Thread] DEBUG PrimaryStageWindow   - FXGLLoadingScene -> GameScene
16:01:02.039 [FXGL Background Thread 3 ] DEBUG Engine               - Logging environment variables
16:01:02.039 [FXGL Background Thread 3 ] DEBUG Engine               - achievements: []
16:01:02.039 [FXGL Background Thread 3 ] DEBUG Engine               - actualHeight: 1080.0
16:01:02.039 [FXGL Background Thread 3 ] DEBUG Engine               - actualHeightProperty: ReadOnlyDoubleProperty [value: 1080.0]
16:01:02.039 [FXGL Background Thread 3 ] DEBUG Engine               - actualWidth: 1920.0
16:01:02.040 [FXGL Background Thread 3 ] DEBUG Engine               - actualWidthProperty: ReadOnlyDoubleProperty [value: 1920.0]
16:01:02.040 [FXGL Background Thread 3 ] DEBUG Engine               - appIcon: fxgl_icon.png
16:01:02.040 [FXGL Background Thread 3 ] DEBUG Engine               - applicationMode: DEVELOPER
16:01:02.040 [FXGL Background Thread 3 ] DEBUG Engine               - cSSList: [fxgl_dark.css]
16:01:02.040 [FXGL Background Thread 3 ] DEBUG Engine               - collisionDetectionStrategy: BRUTE_FORCE
16:01:02.040 [FXGL Background Thread 3 ] DEBUG Engine               - configClass: Optional.empty
16:01:02.040 [FXGL Background Thread 3 ] DEBUG Engine               - credits: []
16:01:02.040 [FXGL Background Thread 3 ] DEBUG Engine               - defaultCursor: CursorInfo(imageName=fxgl_default_cursor.png, hotspotX=7.0, hotspotY=6.0)
16:01:02.040 [FXGL Background Thread 3 ] DEBUG Engine               - devBBoxColorProperty: ObjectProperty [value: 0xff0000ff]
16:01:02.041 [FXGL Background Thread 3 ] DEBUG Engine               - devEnableDebugCameraProperty: BooleanProperty [value: false]
16:01:02.041 [FXGL Background Thread 3 ] DEBUG Engine               - devSensorColorProperty: ObjectProperty [value: 0xffff00ff]
16:01:02.041 [FXGL Background Thread 3 ] DEBUG Engine               - devShowBBoxProperty: BooleanProperty [value: false]
16:01:02.041 [FXGL Background Thread 3 ] DEBUG Engine               - devShowPositionProperty: BooleanProperty [value: false]
16:01:02.041 [FXGL Background Thread 3 ] DEBUG Engine               - enabledMenuItems: []
16:01:02.041 [FXGL Background Thread 3 ] DEBUG Engine               - engineServices: [class com.almasb.fxgl.app.services.FXGLAssetLoaderService, class com.almasb.fxgl.app.FXGLApplication$GameApplicationService, class com.almasb.fxgl.app.services.FXGLDialogService, class com.almasb.fxgl.app.services.IOTaskExecutorService, class com.almasb.fxgl.io.FileSystemService, class com.almasb.fxgl.localization.LocalizationService, class com.almasb.fxgl.app.services.SystemBundleService, class com.almasb.fxgl.profile.SaveLoadService, class com.almasb.fxgl.ui.FXGLUIFactoryServiceProvider, class com.almasb.fxgl.ui.FXGLDialogFactoryServiceProvider, class com.almasb.fxgl.audio.AudioPlayer, class com.almasb.fxgl.notification.impl.NotificationServiceProvider, class com.almasb.fxgl.achievement.AchievementService, class com.almasb.fxgl.cutscene.CutsceneService, class com.almasb.fxgl.minigames.MiniGameService, class com.almasb.fxgl.net.NetService, class com.almasb.fxgl.app.services.UpdaterService, class com.almasb.fxgl.dev.DevService]
16:01:02.041 [FXGL Background Thread 3 ] DEBUG Engine               - fontGame: Abel-Regular.ttf
16:01:02.041 [FXGL Background Thread 3 ] DEBUG Engine               - fontMono: TerminalLandMono-Regular.otf
16:01:02.041 [FXGL Background Thread 3 ] DEBUG Engine               - fontSizeScaleUI: 1.0
16:01:02.041 [FXGL Background Thread 3 ] DEBUG Engine               - fontText: Courier-Prime.ttf
16:01:02.041 [FXGL Background Thread 3 ] DEBUG Engine               - fontUI: VarelaRound-Regular.ttf
16:01:02.041 [FXGL Background Thread 3 ] DEBUG Engine               - fullScreen: BooleanProperty [value: true]
16:01:02.041 [FXGL Background Thread 3 ] DEBUG Engine               - gameDifficulty: MEDIUM
16:01:02.041 [FXGL Background Thread 3 ] DEBUG Engine               - gameDifficultyProperty: ObjectProperty [value: MEDIUM]
16:01:02.042 [FXGL Background Thread 3 ] DEBUG Engine               - globalMusicVolume: 0.5
16:01:02.042 [FXGL Background Thread 3 ] DEBUG Engine               - globalMusicVolumeProperty: DoubleProperty [value: 0.5]
16:01:02.042 [FXGL Background Thread 3 ] DEBUG Engine               - globalSoundVolume: 0.5
16:01:02.042 [FXGL Background Thread 3 ] DEBUG Engine               - globalSoundVolumeProperty: DoubleProperty [value: 0.5]
16:01:02.042 [FXGL Background Thread 3 ] DEBUG Engine               - height: 720
16:01:02.042 [FXGL Background Thread 3 ] DEBUG Engine               - is3D: false
16:01:02.042 [FXGL Background Thread 3 ] DEBUG Engine               - isAndroid: false
16:01:02.042 [FXGL Background Thread 3 ] DEBUG Engine               - isBrowser: false
16:01:02.042 [FXGL Background Thread 3 ] DEBUG Engine               - isClickFeedbackEnabled: false
16:01:02.042 [FXGL Background Thread 3 ] DEBUG Engine               - isCloseConfirmation: false
16:01:02.042 [FXGL Background Thread 3 ] DEBUG Engine               - isDesktop: true
16:01:02.042 [FXGL Background Thread 3 ] DEBUG Engine               - isDeveloperMenuEnabled: true
16:01:02.042 [FXGL Background Thread 3 ] DEBUG Engine               - isEmbedded: false
16:01:02.042 [FXGL Background Thread 3 ] DEBUG Engine               - isEntityPreloadEnabled: true
16:01:02.043 [FXGL Background Thread 3 ] DEBUG Engine               - isExperimentalTiledLargeMap: false
16:01:02.043 [FXGL Background Thread 3 ] DEBUG Engine               - isFileSystemWriteAllowed: true
16:01:02.043 [FXGL Background Thread 3 ] DEBUG Engine               - isFullScreenAllowed: true
16:01:02.043 [FXGL Background Thread 3 ] DEBUG Engine               - isFullScreenFromStart: true
16:01:02.043 [FXGL Background Thread 3 ] DEBUG Engine               - isGameMenuEnabled: true
16:01:02.043 [FXGL Background Thread 3 ] DEBUG Engine               - isIOS: false
16:01:02.043 [FXGL Background Thread 3 ] DEBUG Engine               - isIntroEnabled: false
16:01:02.043 [FXGL Background Thread 3 ] DEBUG Engine               - isLinux: false
16:01:02.043 [FXGL Background Thread 3 ] DEBUG Engine               - isMac: false
16:01:02.043 [FXGL Background Thread 3 ] DEBUG Engine               - isMainMenuEnabled: false
16:01:02.043 [FXGL Background Thread 3 ] DEBUG Engine               - isManualResizeEnabled: false
16:01:02.043 [FXGL Background Thread 3 ] DEBUG Engine               - isMobile: false
16:01:02.043 [FXGL Background Thread 3 ] DEBUG Engine               - isNative: false
16:01:02.043 [FXGL Background Thread 3 ] DEBUG Engine               - isPauseMusicWhenMinimized: true
16:01:02.043 [FXGL Background Thread 3 ] DEBUG Engine               - isPreserveResizeRatio: false
16:01:02.044 [FXGL Background Thread 3 ] DEBUG Engine               - isProfilingEnabled: false
16:01:02.044 [FXGL Background Thread 3 ] DEBUG Engine               - isScaleAffectedOnResize: true
16:01:02.044 [FXGL Background Thread 3 ] DEBUG Engine               - isSingleStep: false
16:01:02.044 [FXGL Background Thread 3 ] DEBUG Engine               - isUserProfileEnabled: false
16:01:02.044 [FXGL Background Thread 3 ] DEBUG Engine               - isWindows: true
16:01:02.044 [FXGL Background Thread 3 ] DEBUG Engine               - language: ObjectProperty [value: ENGLISH]
16:01:02.044 [FXGL Background Thread 3 ] DEBUG Engine               - menuKey: ESCAPE
16:01:02.044 [FXGL Background Thread 3 ] DEBUG Engine               - mouseSensitivity: 0.2
16:01:02.044 [FXGL Background Thread 3 ] DEBUG Engine               - notificationViewClass: class com.almasb.fxgl.notification.view.XboxNotificationView
16:01:02.044 [FXGL Background Thread 3 ] DEBUG Engine               - pixelsPerMeter: 50.0
16:01:02.044 [FXGL Background Thread 3 ] DEBUG Engine               - platform: WINDOWS
16:01:02.044 [FXGL Background Thread 3 ] DEBUG Engine               - prefHeightProperty: ReadOnlyDoubleProperty [value: 720.0]
16:01:02.044 [FXGL Background Thread 3 ] DEBUG Engine               - prefWidthProperty: ReadOnlyDoubleProperty [value: 1280.0]
16:01:02.044 [FXGL Background Thread 3 ] DEBUG Engine               - profileDir: profiles/
16:01:02.044 [FXGL Background Thread 3 ] DEBUG Engine               - profileName: StringProperty [value: DEFAULT]
16:01:02.044 [FXGL Background Thread 3 ] DEBUG Engine               - randomSeed: -1
16:01:02.045 [FXGL Background Thread 3 ] DEBUG Engine               - runtimeInfo: RuntimeInfo(platform=WINDOWS, version=21.1, build=27.03.2024 07.52)
16:01:02.045 [FXGL Background Thread 3 ] DEBUG Engine               - saveFileExt: sav
16:01:02.045 [FXGL Background Thread 3 ] DEBUG Engine               - scaledHeightProp$fxgl: DoubleProperty [bound, value: 1080.0]
16:01:02.045 [FXGL Background Thread 3 ] DEBUG Engine               - scaledWidthProp$fxgl: DoubleProperty [bound, value: 1920.0]
16:01:02.045 [FXGL Background Thread 3 ] DEBUG Engine               - sceneFactory: com.almasb.fxgl.app.scene.SceneFactory@1547ca
16:01:02.045 [FXGL Background Thread 3 ] DEBUG Engine               - secondsIn24h: 60
16:01:02.045 [FXGL Background Thread 3 ] DEBUG Engine               - soundMenuBack: menu/back.wav
16:01:02.045 [FXGL Background Thread 3 ] DEBUG Engine               - soundMenuPress: menu/press.wav
16:01:02.045 [FXGL Background Thread 3 ] DEBUG Engine               - soundMenuSelect: menu/select.wav
16:01:02.045 [FXGL Background Thread 3 ] DEBUG Engine               - soundNotification: core/notification.wav
16:01:02.045 [FXGL Background Thread 3 ] DEBUG Engine               - stageStyle: DECORATED
16:01:02.045 [FXGL Background Thread 3 ] DEBUG Engine               - supportedLanguages: [ENGLISH, FRENCH, GERMAN, HUNGARIAN, RUSSIAN]
16:01:02.045 [FXGL Background Thread 3 ] DEBUG Engine               - ticksPerSecond: -1
16:01:02.045 [FXGL Background Thread 3 ] DEBUG Engine               - title: Final Journey
16:01:02.046 [FXGL Background Thread 3 ] DEBUG Engine               - urlGithub: https://github.com/AlmasB/FXGL
16:01:02.046 [FXGL Background Thread 3 ] DEBUG Engine               - urlLeaderboard: http://fxgl-top.herokuapp.com/
16:01:02.046 [FXGL Background Thread 3 ] DEBUG Engine               - urlPOM: https://raw.githubusercontent.com/AlmasB/FXGL/release/README.md
16:01:02.046 [FXGL Background Thread 3 ] DEBUG Engine               - userAppClass: class com.project.App
16:01:02.046 [FXGL Background Thread 3 ] DEBUG Engine               - version: Alpha
16:01:02.046 [FXGL Background Thread 3 ] DEBUG Engine               - versionCheckDays: 7
16:01:02.046 [FXGL Background Thread 3 ] DEBUG Engine               - width: 1280
16:01:02.046 [FXGL Background Thread 3 ] DEBUG Engine               - Logging services
16:01:02.046 [FXGL Background Thread 3 ] DEBUG Engine               - class com.almasb.fxgl.app.services.FXGLAssetLoaderService
16:01:02.046 [FXGL Background Thread 3 ] DEBUG Engine               - class com.almasb.fxgl.app.FXGLApplication$GameApplicationService
16:01:02.046 [FXGL Background Thread 3 ] DEBUG Engine               - class com.almasb.fxgl.app.services.FXGLDialogService
16:01:02.046 [FXGL Background Thread 3 ] DEBUG Engine               - class com.almasb.fxgl.app.services.IOTaskExecutorService
16:01:02.046 [FXGL Background Thread 3 ] DEBUG Engine               - class com.almasb.fxgl.io.FileSystemService
16:01:02.046 [FXGL Background Thread 3 ] DEBUG Engine               - class com.almasb.fxgl.localization.LocalizationService
16:01:02.046 [FXGL Background Thread 3 ] DEBUG Engine               - class com.almasb.fxgl.app.services.SystemBundleService
16:01:02.047 [FXGL Background Thread 3 ] DEBUG Engine               - class com.almasb.fxgl.profile.SaveLoadService
16:01:02.047 [FXGL Background Thread 3 ] DEBUG Engine               - class com.almasb.fxgl.ui.FXGLUIFactoryServiceProvider
16:01:02.047 [FXGL Background Thread 3 ] DEBUG Engine               - class com.almasb.fxgl.ui.FXGLDialogFactoryServiceProvider
16:01:02.047 [FXGL Background Thread 3 ] DEBUG Engine               - class com.almasb.fxgl.audio.AudioPlayer
16:01:02.047 [FXGL Background Thread 3 ] DEBUG Engine               - class com.almasb.fxgl.notification.impl.NotificationServiceProvider
16:01:02.047 [FXGL Background Thread 3 ] DEBUG Engine               - class com.almasb.fxgl.achievement.AchievementService
16:01:02.047 [FXGL Background Thread 3 ] DEBUG Engine               - class com.almasb.fxgl.cutscene.CutsceneService
16:01:02.047 [FXGL Background Thread 3 ] DEBUG Engine               - class com.almasb.fxgl.minigames.MiniGameService
16:01:02.047 [FXGL Background Thread 3 ] DEBUG Engine               - class com.almasb.fxgl.net.NetService
16:01:02.047 [FXGL Background Thread 3 ] DEBUG Engine               - class com.almasb.fxgl.app.services.UpdaterService
16:01:02.047 [FXGL Background Thread 3 ] DEBUG Engine               - class com.almasb.fxgl.dev.DevService
16:01:04.563 [JavaFX Application Thread] DEBUG PrimaryStageWindow   - Push state: FXGLDefaultMenu
16:01:04.568 [JavaFX Application Thread] DEBUG Input                - Clearing active input actions
16:01:04.570 [JavaFX Application Thread] DEBUG GameApplicationServi - Removing overlay from GameScene and adding to FXGLDefaultMenu
16:01:04.571 [JavaFX Application Thread] DEBUG PrimaryStageWindow   - GameScene -> FXGLDefaultMenu
16:01:05.739 [JavaFX Application Thread] DEBUG Menu                 - fireExit()
16:01:05.745 [JavaFX Application Thread] DEBUG PrimaryStageWindow   - Push state: DialogSubScene
16:01:05.745 [JavaFX Application Thread] DEBUG Input                - Clearing active input actions
16:01:05.745 [JavaFX Application Thread] DEBUG GameApplicationServi - Removing overlay from FXGLDefaultMenu and adding to DialogSubScene
16:01:05.748 [JavaFX Application Thread] DEBUG PrimaryStageWindow   - FXGLDefaultMenu -> DialogSubScene
16:01:06.435 [JavaFX Application Thread] DEBUG PrimaryStageWindow   - Pop state: DialogSubScene
16:01:06.435 [JavaFX Application Thread] DEBUG Input                - Clearing active input actions
16:01:06.436 [JavaFX Application Thread] DEBUG GameApplicationServi - Removing overlay from DialogSubScene and adding to FXGLDefaultMenu
16:01:06.437 [JavaFX Application Thread] DEBUG PrimaryStageWindow   - FXGLDefaultMenu <- DialogSubScene
16:01:06.437 [JavaFX Application Thread] DEBUG FXGLApplication      - Exiting FXGL
16:01:06.437 [JavaFX Application Thread] DEBUG LoopRunner           - Stopping loop
16:01:06.437 [JavaFX Application Thread] DEBUG SystemBundleService  - Saving FXGL system data
16:01:06.439 [JavaFX Application Thread] DEBUG FileSystemAccess     - Writing to: D:\Project\myproject\system\fxgl.bundle
16:01:06.441 [JavaFX Application Thread] DEBUG Async                - Shutting down background threads
16:01:06.442 [JavaFX Application Thread] DEBUG PrimaryStageWindow   - Closing main window
16:01:06.461 [JavaFX Application Thread] DEBUG Logger               - Closing Logger
