14:39:20.916 [main                     ] DEBUG Logger               - Configured Logger
14:39:20.932 [main                     ] DEBUG GameApplication      - Logging settings
Title: Final Journey
Version: Alpha
Width: 1280
Height: 720
Fullscreen: false
Intro: false
Profiling: false
Single step:false
App Mode: DEVELOPER
Menu Key: ESCAPE
Stage Style: DECORATED
Scene Factory: class com.almasb.fxgl.app.scene.SceneFactory

14:39:21.372 [JavaFX Application Thread] DEBUG FXGLApplication      - Initializing FXGL
14:39:21.377 [JavaFX Application Thread] INFO  Engine               - FXGL-21.1 (27.03.2024 07.52) on WINDOWS (J:21.0.5 FX:21.0.1)
14:39:21.378 [JavaFX Application Thread] DEBUG Engine               - JRE Vendor Name: Eclipse Adoptium
14:39:21.378 [JavaFX Application Thread] DEBUG Engine               - Running on OS: Windows 11 version 10.0
14:39:21.378 [JavaFX Application Thread] DEBUG Engine               - Architecture: amd64
14:39:21.378 [JavaFX Application Thread] INFO  Engine               - Source code and latest versions at: https://github.com/AlmasB/FXGL
14:39:21.379 [JavaFX Application Thread] INFO  Engine               -       Ask questions and discuss at: https://github.com/AlmasB/FXGL/discussions
14:39:21.379 [JavaFX Application Thread] INFO  Engine               -              Join the FXGL chat at: https://gitter.im/AlmasB/FXGL
14:39:21.506 [JavaFX Application Thread] DEBUG PrimaryStageWindow   - Creating a JavaFX scene
14:39:21.566 [JavaFX Application Thread] DEBUG PrimaryStageWindow   - Target settings size: 1280.0 x 720.0
14:39:21.566 [JavaFX Application Thread] DEBUG PrimaryStageWindow   - Scaled scene size:    1280.0 x 720.0
14:39:21.566 [JavaFX Application Thread] DEBUG PrimaryStageWindow   - Scaled ratio: (1.0, 1.0)
14:39:21.568 [JavaFX Application Thread] DEBUG PrimaryStageWindow   - Set initial scene to FXGLStartupScene
14:39:21.572 [JavaFX Application Thread] DEBUG PrimaryStageWindow   - Opening main window
14:39:21.670 [JavaFX Application Thread] DEBUG PrimaryStageWindow   - Window border size: (16.0, 39.0)
14:39:21.672 [JavaFX Application Thread] DEBUG PrimaryStageWindow   - Scaled size: 1280.0 x 720.0
14:39:21.672 [JavaFX Application Thread] DEBUG PrimaryStageWindow   - Scaled ratio: (1.0, 1.0)
14:39:21.673 [JavaFX Application Thread] DEBUG PrimaryStageWindow   - Scene size: 1280.0 x 720.0
14:39:21.673 [JavaFX Application Thread] DEBUG PrimaryStageWindow   - Stage size: 1296.0 x 759.0
14:39:21.747 [FXGL Background Thread 1 ] DEBUG Engine               - Initializing environment variables
14:39:21.819 [FXGL Background Thread 1 ] DEBUG FXGLAssetLoaderServi - User app class for loading assets: class com.project.App
14:39:21.820 [FXGL Background Thread 1 ] DEBUG GameApplicationServi - Applying CSS: fxgl_dark.css
14:39:21.821 [FXGL Background Thread 1 ] DEBUG FXGLAssetLoaderServi - Loading from file system: jar:file:/C:/Users/Student/.m2/repository/com/github/almasb/fxgl/21.1/fxgl-21.1.jar!/fxglassets/ui/css/fxgl_dark.css
14:39:21.885 [FXGL Background Thread 1 ] DEBUG GameApplicationServi - Initializing application scenes
14:39:21.943 [FXGL Background Thread 1 ] DEBUG GameWorld            - Game world initialized
14:39:22.027 [FXGL Background Thread 1 ] DEBUG PhysicsWorld         - Physics world initialized: appHeight=720, physics.ppm=50.0
14:39:22.028 [FXGL Background Thread 1 ] DEBUG PhysicsWorld         - Using strategy: BRUTE_FORCE
14:39:22.033 [FXGL Background Thread 1 ] DEBUG GameScene            - Game scene initialized: 1280x720
14:39:22.058 [FXGL Background Thread 1 ] DEBUG FXGL.DefaultMenu     - createMenuBodyGameMenu()
14:39:22.082 [FXGL Background Thread 1 ] DEBUG FXGL.DefaultMenu     - createOptionsMenu()
14:39:22.097 [FXGL Background Thread 1 ] DEBUG FXGLAssetLoaderServi - Loading from file system: jar:file:/C:/Users/Student/.m2/repository/com/github/almasb/fxgl/21.1/fxgl-21.1.jar!/fxglassets/textures/particles/smoke.png
14:39:22.224 [FXGL Background Thread 1 ] DEBUG FXGLAssetLoaderServi - Loading from file system: jar:file:/C:/Users/Student/.m2/repository/com/github/almasb/fxgl/21.1/fxgl-21.1.jar!/fxglassets/textures/particles/trace_horizontal.png
14:39:22.252 [FXGL Background Thread 1 ] DEBUG GameApplicationServi - Application scenes initialized
14:39:22.273 [FXGL Background Thread 1 ] DEBUG SystemBundleService  - Loading FXGL system data
14:39:22.279 [FXGL Background Thread 1 ] DEBUG FileSystemAccess     - Reading from: D:\Project\myproject\system\fxgl.bundle
14:39:22.291 [FXGL Background Thread 1 ] DEBUG SystemBundleService  - Bundle FXGL: {}
14:39:22.291 [FXGL Background Thread 1 ] DEBUG UpdaterService       - Checking for updates
14:39:22.327 [FXGL Background Thread 4 ] DEBUG FXGLApplication      - Loading fonts
14:39:22.327 [FXGL Background Thread 1 ] DEBUG FXGLApplication      - Loading default localization
14:39:22.327 [FXGL Background Thread 4 ] DEBUG FXGLAssetLoaderServi - Loading from file system: jar:file:/C:/Users/Student/.m2/repository/com/github/almasb/fxgl/21.1/fxgl-21.1.jar!/fxglassets/ui/fonts/VarelaRound-Regular.ttf
14:39:22.328 [FXGL Background Thread 1 ] DEBUG FXGLAssetLoaderServi - Loading from file system: jar:file:/C:/Users/Student/.m2/repository/com/github/almasb/fxgl/21.1/fxgl-21.1.jar!/fxglassets/languages/english.lang
14:39:22.359 [FXGL Background Thread 1 ] INFO  FXGLApplication      - FXGL initialization took: 0.613 sec
14:39:22.362 [FXGL Background Thread 4 ] DEBUG FXGLAssetLoaderServi - Loading from file system: jar:file:/C:/Users/Student/.m2/repository/com/github/almasb/fxgl/21.1/fxgl-21.1.jar!/fxglassets/ui/fonts/Abel-Regular.ttf
14:39:22.366 [FXGL Background Thread 4 ] DEBUG FXGLAssetLoaderServi - Loading from file system: jar:file:/C:/Users/Student/.m2/repository/com/github/almasb/fxgl/21.1/fxgl-21.1.jar!/fxglassets/ui/fonts/TerminalLandMono-Regular.otf
14:39:22.374 [JavaFX Application Thread] DEBUG Input                - Registered new binding: Right - D
14:39:22.374 [JavaFX Application Thread] DEBUG Input                - Registered new binding: Left - A
14:39:22.374 [JavaFX Application Thread] DEBUG Input                - Registered new binding: Up - W
14:39:22.375 [JavaFX Application Thread] DEBUG Input                - Registered new binding: Down - S
14:39:22.375 [JavaFX Application Thread] DEBUG Input                - Registered new binding: Interact - E
14:39:22.375 [JavaFX Application Thread] DEBUG FXGLAssetLoaderServi - Loading from file system: jar:file:/C:/Users/Student/.m2/repository/com/github/almasb/fxgl/21.1/fxgl-21.1.jar!/fxglassets/textures/fxgl_icon.png
14:39:22.375 [FXGL Background Thread 4 ] DEBUG FXGLAssetLoaderServi - Loading from file system: jar:file:/C:/Users/Student/.m2/repository/com/github/almasb/fxgl/21.1/fxgl-21.1.jar!/fxglassets/ui/fonts/Courier-Prime.ttf
14:39:22.395 [JavaFX Application Thread] DEBUG FXGLAssetLoaderServi - Loading from file system: jar:file:/C:/Users/Student/.m2/repository/com/github/almasb/fxgl/21.1/fxgl-21.1.jar!/fxglassets/textures/fxgl_default_cursor.png
14:39:22.397 [JavaFX Application Thread] DEBUG Input                - Registered new binding: Screenshot - CTRL+8
14:39:22.398 [JavaFX Application Thread] DEBUG Input                - Registered new binding: Dev Options - 1
14:39:22.398 [JavaFX Application Thread] DEBUG Input                - Registered new binding: Dev Console - 2
14:39:22.398 [JavaFX Application Thread] DEBUG Input                - Registered new binding: System info dump - CTRL+9
14:39:22.399 [JavaFX Application Thread] DEBUG Input                - Registered new binding: Restart - CTRL+R
14:39:22.400 [JavaFX Application Thread] DEBUG Input                - Registered new binding: Toggle Debug Camera - CTRL+7
14:39:22.405 [JavaFX Application Thread] DEBUG LoopRunner           - Starting loop
14:39:22.426 [JavaFX Application Thread] DEBUG LoopRunner           - Initializing JavaFX AnimationTimerLoop
14:39:22.427 [JavaFX Application Thread] DEBUG GameApplicationServi - Starting new game
14:39:22.428 [JavaFX Application Thread] DEBUG Input                - Clearing active input actions
14:39:22.444 [JavaFX Application Thread] DEBUG GameApplicationServi - Removing overlay from FXGLStartupScene and adding to FXGLLoadingScene
14:39:22.449 [JavaFX Application Thread] DEBUG PrimaryStageWindow   - FXGLStartupScene -> FXGLLoadingScene
14:39:22.449 [JavaFX Application Thread] DEBUG GameApplicationServi - Clearing previous game
14:39:22.449 [JavaFX Application Thread] DEBUG GameScene            - Clearing game scene
14:39:22.449 [JavaFX Application Thread] DEBUG GameWorld            - Clearing game world
14:39:22.449 [JavaFX Application Thread] DEBUG PhysicsWorld         - Clearing physics world
14:39:22.454 [FXGL Background Thread 4 ] DEBUG FXGLApplication      - Initializing game
14:39:22.458 [JavaFX Application Thread] DEBUG FXGLApplication      - Registering font factories with UI factory
14:39:22.522 [FXGL Background Thread 4 ] WARN  TMXLevelLoader       - TiledMap generated from 1.11.0. Supported version: 1.9.0. Some features may not be parsed fully.
14:39:22.559 [FXGL Background Thread 4 ] DEBUG TMXLevelLoader       - Parsed TiledMap: file:/D:/Project/myproject/myproject/target/classes/assets/levels/scene1.tmx
14:39:22.560 [FXGL Background Thread 4 ] DEBUG TMXLevelLoader       - Creating tile layer entities
14:39:22.562 [FXGL Background Thread 4 ] DEBUG TilesetLoader        - Loading view for layer lowefloor
14:39:22.563 [FXGL Background Thread 4 ] DEBUG TilesetLoader        - Created buffer with size 512.0x1024.0
14:39:22.659 [FXGL Background Thread 4 ] DEBUG TilesetLoader        - Loading view for layer cliff
14:39:22.659 [FXGL Background Thread 4 ] DEBUG TilesetLoader        - Created buffer with size 512.0x1024.0
14:39:22.660 [FXGL Background Thread 4 ] DEBUG TilesetLoader        - Loading view for layer cliff1
14:39:22.661 [FXGL Background Thread 4 ] DEBUG TilesetLoader        - Created buffer with size 512.0x1024.0
14:39:22.662 [FXGL Background Thread 4 ] DEBUG TilesetLoader        - Loading view for layer cliff2
14:39:22.664 [FXGL Background Thread 4 ] DEBUG TilesetLoader        - Created buffer with size 512.0x1024.0
14:39:22.666 [FXGL Background Thread 4 ] DEBUG TilesetLoader        - Loading view for layer Tile Layer 3
14:39:22.670 [FXGL Background Thread 4 ] DEBUG TilesetLoader        - Created buffer with size 512.0x1024.0
14:39:22.671 [FXGL Background Thread 4 ] DEBUG TilesetLoader        - Loading view for layer Tile Layer 6
14:39:22.671 [FXGL Background Thread 4 ] DEBUG TilesetLoader        - Created buffer with size 512.0x1024.0
14:39:22.799 [FXGL Background Thread 4 ] DEBUG TilesetLoader        - Loading view for layer prop
14:39:22.802 [FXGL Background Thread 4 ] DEBUG TilesetLoader        - Created buffer with size 512.0x1024.0
14:39:22.803 [FXGL Background Thread 4 ] DEBUG TMXLevelLoader       - Creating object layer entities
14:39:22.841 [FXGL Background Thread 4 ] DEBUG FXGLAssetLoaderServi - Loading from file system: file:/D:/Project/myproject/myproject/target/classes/assets/textures/Actor1.png
14:39:22.863 [FXGL Background Thread 4 ] DEBUG FXGLAssetLoaderServi - Loading from file system: file:/D:/Project/myproject/myproject/target/classes/assets/textures/Rex.png
14:39:22.868 [FXGL Background Thread 4 ] WARN  TMXLevelLoader       - TiledMap generated from 1.11.0. Supported version: 1.9.0. Some features may not be parsed fully.
14:39:22.884 [FXGL Background Thread 4 ] DEBUG TMXLevelLoader       - Parsed TiledMap: file:/D:/Project/myproject/myproject/target/classes/assets/levels/scene1.tmx
14:39:22.884 [FXGL Background Thread 4 ] DEBUG TMXLevelLoader       - Creating tile layer entities
14:39:22.885 [FXGL Background Thread 4 ] DEBUG TilesetLoader        - Loading view for layer lowefloor
14:39:22.906 [FXGL Background Thread 4 ] DEBUG TilesetLoader        - Created buffer with size 512.0x1024.0
14:39:22.941 [FXGL Background Thread 4 ] DEBUG TilesetLoader        - Loading view for layer cliff
14:39:22.943 [FXGL Background Thread 4 ] DEBUG TilesetLoader        - Created buffer with size 512.0x1024.0
14:39:22.945 [FXGL Background Thread 4 ] DEBUG TilesetLoader        - Loading view for layer cliff1
14:39:22.946 [FXGL Background Thread 4 ] DEBUG TilesetLoader        - Created buffer with size 512.0x1024.0
14:39:22.947 [FXGL Background Thread 4 ] DEBUG TilesetLoader        - Loading view for layer cliff2
14:39:22.949 [FXGL Background Thread 4 ] DEBUG TilesetLoader        - Created buffer with size 512.0x1024.0
14:39:22.950 [FXGL Background Thread 4 ] DEBUG TilesetLoader        - Loading view for layer Tile Layer 3
14:39:22.952 [FXGL Background Thread 4 ] DEBUG TilesetLoader        - Created buffer with size 512.0x1024.0
14:39:22.952 [FXGL Background Thread 4 ] DEBUG TilesetLoader        - Loading view for layer Tile Layer 6
14:39:22.954 [FXGL Background Thread 4 ] DEBUG TilesetLoader        - Created buffer with size 512.0x1024.0
14:39:23.057 [FXGL Background Thread 4 ] DEBUG TilesetLoader        - Loading view for layer prop
14:39:23.057 [FXGL Background Thread 4 ] DEBUG TilesetLoader        - Created buffer with size 512.0x1024.0
14:39:23.059 [FXGL Background Thread 4 ] DEBUG TMXLevelLoader       - Creating object layer entities
14:39:23.074 [FXGL Background Thread 4 ] DEBUG GameWorld            - Clearing removable entities
14:39:23.075 [FXGL Background Thread 4 ] DEBUG GameWorld            - Setting level: com.almasb.fxgl.entity.level.Level@6c292db1
14:39:23.089 [FXGL Background Thread 4 ] INFO  FXGLApplication      - Game initialization took: 0.635 sec
14:39:23.090 [JavaFX Application Thread] DEBUG Input                - Clearing active input actions
14:39:23.101 [JavaFX Application Thread] DEBUG GameApplicationServi - Removing overlay from FXGLLoadingScene and adding to GameScene
14:39:23.106 [JavaFX Application Thread] DEBUG PrimaryStageWindow   - FXGLLoadingScene -> GameScene
14:39:25.326 [FXGL Background Thread 3 ] DEBUG Engine               - Logging environment variables
14:39:25.326 [FXGL Background Thread 3 ] DEBUG Engine               - achievements: []
14:39:25.326 [FXGL Background Thread 3 ] DEBUG Engine               - actualHeight: 720.0
14:39:25.326 [FXGL Background Thread 3 ] DEBUG Engine               - actualHeightProperty: ReadOnlyDoubleProperty [value: 720.0]
14:39:25.327 [FXGL Background Thread 3 ] DEBUG Engine               - actualWidth: 1280.0
14:39:25.327 [FXGL Background Thread 3 ] DEBUG Engine               - actualWidthProperty: ReadOnlyDoubleProperty [value: 1280.0]
14:39:25.327 [FXGL Background Thread 3 ] DEBUG Engine               - appIcon: fxgl_icon.png
14:39:25.327 [FXGL Background Thread 3 ] DEBUG Engine               - applicationMode: DEVELOPER
14:39:25.327 [FXGL Background Thread 3 ] DEBUG Engine               - cSSList: [fxgl_dark.css]
14:39:25.327 [FXGL Background Thread 3 ] DEBUG Engine               - collisionDetectionStrategy: BRUTE_FORCE
14:39:25.327 [FXGL Background Thread 3 ] DEBUG Engine               - configClass: Optional.empty
14:39:25.327 [FXGL Background Thread 3 ] DEBUG Engine               - credits: []
14:39:25.327 [FXGL Background Thread 3 ] DEBUG Engine               - defaultCursor: CursorInfo(imageName=fxgl_default_cursor.png, hotspotX=7.0, hotspotY=6.0)
14:39:25.328 [FXGL Background Thread 3 ] DEBUG Engine               - devBBoxColorProperty: ObjectProperty [value: 0xff0000ff]
14:39:25.328 [FXGL Background Thread 3 ] DEBUG Engine               - devEnableDebugCameraProperty: BooleanProperty [value: false]
14:39:25.328 [FXGL Background Thread 3 ] DEBUG Engine               - devSensorColorProperty: ObjectProperty [value: 0xffff00ff]
14:39:25.328 [FXGL Background Thread 3 ] DEBUG Engine               - devShowBBoxProperty: BooleanProperty [value: false]
14:39:25.328 [FXGL Background Thread 3 ] DEBUG Engine               - devShowPositionProperty: BooleanProperty [value: false]
14:39:25.328 [FXGL Background Thread 3 ] DEBUG Engine               - enabledMenuItems: []
14:39:25.328 [FXGL Background Thread 3 ] DEBUG Engine               - engineServices: [class com.almasb.fxgl.app.services.FXGLAssetLoaderService, class com.almasb.fxgl.app.FXGLApplication$GameApplicationService, class com.almasb.fxgl.app.services.FXGLDialogService, class com.almasb.fxgl.app.services.IOTaskExecutorService, class com.almasb.fxgl.io.FileSystemService, class com.almasb.fxgl.localization.LocalizationService, class com.almasb.fxgl.app.services.SystemBundleService, class com.almasb.fxgl.profile.SaveLoadService, class com.almasb.fxgl.ui.FXGLUIFactoryServiceProvider, class com.almasb.fxgl.ui.FXGLDialogFactoryServiceProvider, class com.almasb.fxgl.audio.AudioPlayer, class com.almasb.fxgl.notification.impl.NotificationServiceProvider, class com.almasb.fxgl.achievement.AchievementService, class com.almasb.fxgl.cutscene.CutsceneService, class com.almasb.fxgl.minigames.MiniGameService, class com.almasb.fxgl.net.NetService, class com.almasb.fxgl.app.services.UpdaterService, class com.almasb.fxgl.dev.DevService]
14:39:25.328 [FXGL Background Thread 3 ] DEBUG Engine               - fontGame: Abel-Regular.ttf
14:39:25.328 [FXGL Background Thread 3 ] DEBUG Engine               - fontMono: TerminalLandMono-Regular.otf
14:39:25.328 [FXGL Background Thread 3 ] DEBUG Engine               - fontSizeScaleUI: 1.0
14:39:25.328 [FXGL Background Thread 3 ] DEBUG Engine               - fontText: Courier-Prime.ttf
14:39:25.328 [FXGL Background Thread 3 ] DEBUG Engine               - fontUI: VarelaRound-Regular.ttf
14:39:25.328 [FXGL Background Thread 3 ] DEBUG Engine               - fullScreen: BooleanProperty [value: false]
14:39:25.328 [FXGL Background Thread 3 ] DEBUG Engine               - gameDifficulty: MEDIUM
14:39:25.329 [FXGL Background Thread 3 ] DEBUG Engine               - gameDifficultyProperty: ObjectProperty [value: MEDIUM]
14:39:25.329 [FXGL Background Thread 3 ] DEBUG Engine               - globalMusicVolume: 0.5
14:39:25.329 [FXGL Background Thread 3 ] DEBUG Engine               - globalMusicVolumeProperty: DoubleProperty [value: 0.5]
14:39:25.329 [FXGL Background Thread 3 ] DEBUG Engine               - globalSoundVolume: 0.5
14:39:25.329 [FXGL Background Thread 3 ] DEBUG Engine               - globalSoundVolumeProperty: DoubleProperty [value: 0.5]
14:39:25.329 [FXGL Background Thread 3 ] DEBUG Engine               - height: 720
14:39:25.329 [FXGL Background Thread 3 ] DEBUG Engine               - is3D: false
14:39:25.330 [FXGL Background Thread 3 ] DEBUG Engine               - isAndroid: false
14:39:25.330 [FXGL Background Thread 3 ] DEBUG Engine               - isBrowser: false
14:39:25.330 [FXGL Background Thread 3 ] DEBUG Engine               - isClickFeedbackEnabled: false
14:39:25.330 [FXGL Background Thread 3 ] DEBUG Engine               - isCloseConfirmation: false
14:39:25.330 [FXGL Background Thread 3 ] DEBUG Engine               - isDesktop: true
14:39:25.330 [FXGL Background Thread 3 ] DEBUG Engine               - isDeveloperMenuEnabled: true
14:39:25.330 [FXGL Background Thread 3 ] DEBUG Engine               - isEmbedded: false
14:39:25.330 [FXGL Background Thread 3 ] DEBUG Engine               - isEntityPreloadEnabled: true
14:39:25.330 [FXGL Background Thread 3 ] DEBUG Engine               - isExperimentalTiledLargeMap: false
14:39:25.330 [FXGL Background Thread 3 ] DEBUG Engine               - isFileSystemWriteAllowed: true
14:39:25.330 [FXGL Background Thread 3 ] DEBUG Engine               - isFullScreenAllowed: false
14:39:25.330 [FXGL Background Thread 3 ] DEBUG Engine               - isFullScreenFromStart: false
14:39:25.331 [FXGL Background Thread 3 ] DEBUG Engine               - isGameMenuEnabled: true
14:39:25.331 [FXGL Background Thread 3 ] DEBUG Engine               - isIOS: false
14:39:25.331 [FXGL Background Thread 3 ] DEBUG Engine               - isIntroEnabled: false
14:39:25.331 [FXGL Background Thread 3 ] DEBUG Engine               - isLinux: false
14:39:25.331 [FXGL Background Thread 3 ] DEBUG Engine               - isMac: false
14:39:25.331 [FXGL Background Thread 3 ] DEBUG Engine               - isMainMenuEnabled: false
14:39:25.331 [FXGL Background Thread 3 ] DEBUG Engine               - isManualResizeEnabled: false
14:39:25.331 [FXGL Background Thread 3 ] DEBUG Engine               - isMobile: false
14:39:25.331 [FXGL Background Thread 3 ] DEBUG Engine               - isNative: false
14:39:25.331 [FXGL Background Thread 3 ] DEBUG Engine               - isPauseMusicWhenMinimized: true
14:39:25.331 [FXGL Background Thread 3 ] DEBUG Engine               - isPreserveResizeRatio: false
14:39:25.331 [FXGL Background Thread 3 ] DEBUG Engine               - isProfilingEnabled: false
14:39:25.331 [FXGL Background Thread 3 ] DEBUG Engine               - isScaleAffectedOnResize: true
14:39:25.331 [FXGL Background Thread 3 ] DEBUG Engine               - isSingleStep: false
14:39:25.331 [FXGL Background Thread 3 ] DEBUG Engine               - isUserProfileEnabled: false
14:39:25.332 [FXGL Background Thread 3 ] DEBUG Engine               - isWindows: true
14:39:25.332 [FXGL Background Thread 3 ] DEBUG Engine               - language: ObjectProperty [value: ENGLISH]
14:39:25.332 [FXGL Background Thread 3 ] DEBUG Engine               - menuKey: ESCAPE
14:39:25.332 [FXGL Background Thread 3 ] DEBUG Engine               - mouseSensitivity: 0.2
14:39:25.332 [FXGL Background Thread 3 ] DEBUG Engine               - notificationViewClass: class com.almasb.fxgl.notification.view.XboxNotificationView
14:39:25.332 [FXGL Background Thread 3 ] DEBUG Engine               - pixelsPerMeter: 50.0
14:39:25.332 [FXGL Background Thread 3 ] DEBUG Engine               - platform: WINDOWS
14:39:25.332 [FXGL Background Thread 3 ] DEBUG Engine               - prefHeightProperty: ReadOnlyDoubleProperty [value: 720.0]
14:39:25.332 [FXGL Background Thread 3 ] DEBUG Engine               - prefWidthProperty: ReadOnlyDoubleProperty [value: 1280.0]
14:39:25.332 [FXGL Background Thread 3 ] DEBUG Engine               - profileDir: profiles/
14:39:25.332 [FXGL Background Thread 3 ] DEBUG Engine               - profileName: StringProperty [value: DEFAULT]
14:39:25.332 [FXGL Background Thread 3 ] DEBUG Engine               - randomSeed: -1
14:39:25.333 [FXGL Background Thread 3 ] DEBUG Engine               - runtimeInfo: RuntimeInfo(platform=WINDOWS, version=21.1, build=27.03.2024 07.52)
14:39:25.333 [FXGL Background Thread 3 ] DEBUG Engine               - saveFileExt: sav
14:39:25.333 [FXGL Background Thread 3 ] DEBUG Engine               - scaledHeightProp$fxgl: DoubleProperty [bound, value: 720.0]
14:39:25.333 [FXGL Background Thread 3 ] DEBUG Engine               - scaledWidthProp$fxgl: DoubleProperty [bound, value: 1280.0]
14:39:25.333 [FXGL Background Thread 3 ] DEBUG Engine               - sceneFactory: com.almasb.fxgl.app.scene.SceneFactory@55d72403
14:39:25.333 [FXGL Background Thread 3 ] DEBUG Engine               - secondsIn24h: 60
14:39:25.333 [FXGL Background Thread 3 ] DEBUG Engine               - soundMenuBack: menu/back.wav
14:39:25.333 [FXGL Background Thread 3 ] DEBUG Engine               - soundMenuPress: menu/press.wav
14:39:25.333 [FXGL Background Thread 3 ] DEBUG Engine               - soundMenuSelect: menu/select.wav
14:39:25.333 [FXGL Background Thread 3 ] DEBUG Engine               - soundNotification: core/notification.wav
14:39:25.333 [FXGL Background Thread 3 ] DEBUG Engine               - stageStyle: DECORATED
14:39:25.333 [FXGL Background Thread 3 ] DEBUG Engine               - supportedLanguages: [ENGLISH, FRENCH, GERMAN, HUNGARIAN, RUSSIAN]
14:39:25.333 [FXGL Background Thread 3 ] DEBUG Engine               - ticksPerSecond: -1
14:39:25.333 [FXGL Background Thread 3 ] DEBUG Engine               - title: Final Journey
14:39:25.333 [FXGL Background Thread 3 ] DEBUG Engine               - urlGithub: https://github.com/AlmasB/FXGL
14:39:25.333 [FXGL Background Thread 3 ] DEBUG Engine               - urlLeaderboard: http://fxgl-top.herokuapp.com/
14:39:25.334 [FXGL Background Thread 3 ] DEBUG Engine               - urlPOM: https://raw.githubusercontent.com/AlmasB/FXGL/release/README.md
14:39:25.334 [FXGL Background Thread 3 ] DEBUG Engine               - userAppClass: class com.project.App
14:39:25.334 [FXGL Background Thread 3 ] DEBUG Engine               - version: Alpha
14:39:25.334 [FXGL Background Thread 3 ] DEBUG Engine               - versionCheckDays: 7
14:39:25.334 [FXGL Background Thread 3 ] DEBUG Engine               - width: 1280
14:39:25.334 [FXGL Background Thread 3 ] DEBUG Engine               - Logging services
14:39:25.334 [FXGL Background Thread 3 ] DEBUG Engine               - class com.almasb.fxgl.app.services.FXGLAssetLoaderService
14:39:25.334 [FXGL Background Thread 3 ] DEBUG Engine               - class com.almasb.fxgl.app.FXGLApplication$GameApplicationService
14:39:25.334 [FXGL Background Thread 3 ] DEBUG Engine               - class com.almasb.fxgl.app.services.FXGLDialogService
14:39:25.334 [FXGL Background Thread 3 ] DEBUG Engine               - class com.almasb.fxgl.app.services.IOTaskExecutorService
14:39:25.334 [FXGL Background Thread 3 ] DEBUG Engine               - class com.almasb.fxgl.io.FileSystemService
14:39:25.334 [FXGL Background Thread 3 ] DEBUG Engine               - class com.almasb.fxgl.localization.LocalizationService
14:39:25.334 [FXGL Background Thread 3 ] DEBUG Engine               - class com.almasb.fxgl.app.services.SystemBundleService
14:39:25.334 [FXGL Background Thread 3 ] DEBUG Engine               - class com.almasb.fxgl.profile.SaveLoadService
14:39:25.334 [FXGL Background Thread 3 ] DEBUG Engine               - class com.almasb.fxgl.ui.FXGLUIFactoryServiceProvider
14:39:25.335 [FXGL Background Thread 3 ] DEBUG Engine               - class com.almasb.fxgl.ui.FXGLDialogFactoryServiceProvider
14:39:25.335 [FXGL Background Thread 3 ] DEBUG Engine               - class com.almasb.fxgl.audio.AudioPlayer
14:39:25.335 [FXGL Background Thread 3 ] DEBUG Engine               - class com.almasb.fxgl.notification.impl.NotificationServiceProvider
14:39:25.335 [FXGL Background Thread 3 ] DEBUG Engine               - class com.almasb.fxgl.achievement.AchievementService
14:39:25.335 [FXGL Background Thread 3 ] DEBUG Engine               - class com.almasb.fxgl.cutscene.CutsceneService
14:39:25.335 [FXGL Background Thread 3 ] DEBUG Engine               - class com.almasb.fxgl.minigames.MiniGameService
14:39:25.335 [FXGL Background Thread 3 ] DEBUG Engine               - class com.almasb.fxgl.net.NetService
14:39:25.335 [FXGL Background Thread 3 ] DEBUG Engine               - class com.almasb.fxgl.app.services.UpdaterService
14:39:25.335 [FXGL Background Thread 3 ] DEBUG Engine               - class com.almasb.fxgl.dev.DevService
14:39:39.872 [JavaFX Application Thread] DEBUG FXGLApplication      - Exiting FXGL
14:39:39.872 [JavaFX Application Thread] DEBUG LoopRunner           - Stopping loop
14:39:39.872 [JavaFX Application Thread] DEBUG SystemBundleService  - Saving FXGL system data
14:39:39.873 [JavaFX Application Thread] DEBUG FileSystemAccess     - Writing to: D:\Project\myproject\system\fxgl.bundle
14:39:39.875 [JavaFX Application Thread] DEBUG Async                - Shutting down background threads
14:39:39.876 [JavaFX Application Thread] DEBUG PrimaryStageWindow   - Closing main window
14:39:39.886 [JavaFX Application Thread] DEBUG Logger               - Closing Logger
