14:19:10.708 [main                     ] DEBUG Logger               - Configured Logger
14:19:10.737 [main                     ] DEBUG GameApplication      - Logging settings
Title: Final Journey
Version: Alpha
Width: 1280
Height: 720
Fullscreen: false
Intro: false
Profiling: false
Single step:false
App Mode: DEVELOPER
Menu Key: ESCAPE
Stage Style: DECORATED
Scene Factory: class com.almasb.fxgl.app.scene.SceneFactory

14:19:11.186 [JavaFX Application Thread] DEBUG FXGLApplication      - Initializing FXGL
14:19:11.191 [JavaFX Application Thread] INFO  Engine               - FXGL-21.1 (27.03.2024 07.52) on WINDOWS (J:21.0.5 FX:21.0.1)
14:19:11.192 [JavaFX Application Thread] DEBUG Engine               - JRE Vendor Name: Eclipse Adoptium
14:19:11.192 [JavaFX Application Thread] DEBUG Engine               - Running on OS: Windows 11 version 10.0
14:19:11.192 [JavaFX Application Thread] DEBUG Engine               - Architecture: amd64
14:19:11.192 [JavaFX Application Thread] INFO  Engine               - Source code and latest versions at: https://github.com/AlmasB/FXGL
14:19:11.192 [JavaFX Application Thread] INFO  Engine               -       Ask questions and discuss at: https://github.com/AlmasB/FXGL/discussions
14:19:11.193 [JavaFX Application Thread] INFO  Engine               -              Join the FXGL chat at: https://gitter.im/AlmasB/FXGL
14:19:11.329 [JavaFX Application Thread] DEBUG PrimaryStageWindow   - Creating a JavaFX scene
14:19:11.385 [JavaFX Application Thread] DEBUG PrimaryStageWindow   - Target settings size: 1280.0 x 720.0
14:19:11.385 [JavaFX Application Thread] DEBUG PrimaryStageWindow   - Scaled scene size:    1280.0 x 720.0
14:19:11.385 [JavaFX Application Thread] DEBUG PrimaryStageWindow   - Scaled ratio: (1.0, 1.0)
14:19:11.387 [JavaFX Application Thread] DEBUG PrimaryStageWindow   - Set initial scene to FXGLStartupScene
14:19:11.391 [JavaFX Application Thread] DEBUG PrimaryStageWindow   - Opening main window
14:19:11.485 [JavaFX Application Thread] DEBUG PrimaryStageWindow   - Window border size: (16.0, 39.0)
14:19:11.486 [JavaFX Application Thread] DEBUG PrimaryStageWindow   - Scaled size: 1280.0 x 720.0
14:19:11.487 [JavaFX Application Thread] DEBUG PrimaryStageWindow   - Scaled ratio: (1.0, 1.0)
14:19:11.487 [JavaFX Application Thread] DEBUG PrimaryStageWindow   - Scene size: 1280.0 x 720.0
14:19:11.487 [JavaFX Application Thread] DEBUG PrimaryStageWindow   - Stage size: 1296.0 x 759.0
14:19:11.498 [FXGL Background Thread 1 ] DEBUG Engine               - Initializing environment variables
14:19:11.575 [FXGL Background Thread 1 ] DEBUG FXGLAssetLoaderServi - User app class for loading assets: class com.project.App
14:19:11.575 [FXGL Background Thread 1 ] DEBUG GameApplicationServi - Applying CSS: fxgl_dark.css
14:19:11.576 [FXGL Background Thread 1 ] DEBUG FXGLAssetLoaderServi - Loading from file system: jar:file:/C:/Users/Student/.m2/repository/com/github/almasb/fxgl/21.1/fxgl-21.1.jar!/fxglassets/ui/css/fxgl_dark.css
14:19:11.632 [FXGL Background Thread 1 ] DEBUG GameApplicationServi - Initializing application scenes
14:19:11.679 [FXGL Background Thread 1 ] DEBUG GameWorld            - Game world initialized
14:19:11.759 [FXGL Background Thread 1 ] DEBUG PhysicsWorld         - Physics world initialized: appHeight=720, physics.ppm=50.0
14:19:11.759 [FXGL Background Thread 1 ] DEBUG PhysicsWorld         - Using strategy: BRUTE_FORCE
14:19:11.764 [FXGL Background Thread 1 ] DEBUG GameScene            - Game scene initialized: 1280x720
14:19:11.788 [FXGL Background Thread 1 ] DEBUG FXGL.DefaultMenu     - createMenuBodyGameMenu()
14:19:11.812 [FXGL Background Thread 1 ] DEBUG FXGL.DefaultMenu     - createOptionsMenu()
14:19:11.827 [FXGL Background Thread 1 ] DEBUG FXGLAssetLoaderServi - Loading from file system: jar:file:/C:/Users/Student/.m2/repository/com/github/almasb/fxgl/21.1/fxgl-21.1.jar!/fxglassets/textures/particles/smoke.png
14:19:11.939 [FXGL Background Thread 1 ] DEBUG FXGLAssetLoaderServi - Loading from file system: jar:file:/C:/Users/Student/.m2/repository/com/github/almasb/fxgl/21.1/fxgl-21.1.jar!/fxglassets/textures/particles/trace_horizontal.png
14:19:11.968 [FXGL Background Thread 1 ] DEBUG GameApplicationServi - Application scenes initialized
14:19:11.983 [FXGL Background Thread 1 ] DEBUG SystemBundleService  - Loading FXGL system data
14:19:11.987 [FXGL Background Thread 1 ] DEBUG FileSystemAccess     - Reading from: D:\Project\myproject\system\fxgl.bundle
14:19:11.998 [FXGL Background Thread 1 ] DEBUG SystemBundleService  - Bundle FXGL: {}
14:19:11.998 [FXGL Background Thread 1 ] DEBUG UpdaterService       - Checking for updates
14:19:12.028 [FXGL Background Thread 1 ] DEBUG FXGLApplication      - Loading default localization
14:19:12.029 [FXGL Background Thread 1 ] DEBUG FXGLAssetLoaderServi - Loading from file system: jar:file:/C:/Users/Student/.m2/repository/com/github/almasb/fxgl/21.1/fxgl-21.1.jar!/fxglassets/languages/english.lang
14:19:12.032 [FXGL Background Thread 4 ] DEBUG FXGLApplication      - Loading fonts
14:19:12.033 [FXGL Background Thread 4 ] DEBUG FXGLAssetLoaderServi - Loading from file system: jar:file:/C:/Users/Student/.m2/repository/com/github/almasb/fxgl/21.1/fxgl-21.1.jar!/fxglassets/ui/fonts/VarelaRound-Regular.ttf
14:19:12.050 [FXGL Background Thread 1 ] INFO  FXGLApplication      - FXGL initialization took: 0.551 sec
14:19:12.063 [JavaFX Application Thread] DEBUG Input                - Registered new binding: Right - D
14:19:12.064 [JavaFX Application Thread] DEBUG Input                - Registered new binding: Left - A
14:19:12.064 [JavaFX Application Thread] DEBUG Input                - Registered new binding: Up - W
14:19:12.064 [JavaFX Application Thread] DEBUG Input                - Registered new binding: Down - S
14:19:12.064 [JavaFX Application Thread] DEBUG Input                - Registered new binding: Interact - E
14:19:12.065 [JavaFX Application Thread] DEBUG FXGLAssetLoaderServi - Loading from file system: jar:file:/C:/Users/Student/.m2/repository/com/github/almasb/fxgl/21.1/fxgl-21.1.jar!/fxglassets/textures/fxgl_icon.png
14:19:12.078 [FXGL Background Thread 4 ] DEBUG FXGLAssetLoaderServi - Loading from file system: jar:file:/C:/Users/Student/.m2/repository/com/github/almasb/fxgl/21.1/fxgl-21.1.jar!/fxglassets/ui/fonts/Abel-Regular.ttf
14:19:12.084 [JavaFX Application Thread] DEBUG FXGLAssetLoaderServi - Loading from file system: jar:file:/C:/Users/Student/.m2/repository/com/github/almasb/fxgl/21.1/fxgl-21.1.jar!/fxglassets/textures/fxgl_default_cursor.png
14:19:12.086 [JavaFX Application Thread] DEBUG Input                - Registered new binding: Screenshot - CTRL+8
14:19:12.087 [JavaFX Application Thread] DEBUG Input                - Registered new binding: Dev Options - 1
14:19:12.087 [FXGL Background Thread 4 ] DEBUG FXGLAssetLoaderServi - Loading from file system: jar:file:/C:/Users/Student/.m2/repository/com/github/almasb/fxgl/21.1/fxgl-21.1.jar!/fxglassets/ui/fonts/TerminalLandMono-Regular.otf
14:19:12.087 [JavaFX Application Thread] DEBUG Input                - Registered new binding: Dev Console - 2
14:19:12.087 [JavaFX Application Thread] DEBUG Input                - Registered new binding: System info dump - CTRL+9
14:19:12.088 [JavaFX Application Thread] DEBUG Input                - Registered new binding: Restart - CTRL+R
14:19:12.089 [JavaFX Application Thread] DEBUG Input                - Registered new binding: Toggle Debug Camera - CTRL+7
14:19:12.093 [JavaFX Application Thread] DEBUG LoopRunner           - Starting loop
14:19:12.094 [FXGL Background Thread 4 ] DEBUG FXGLAssetLoaderServi - Loading from file system: jar:file:/C:/Users/Student/.m2/repository/com/github/almasb/fxgl/21.1/fxgl-21.1.jar!/fxglassets/ui/fonts/Courier-Prime.ttf
14:19:12.110 [JavaFX Application Thread] DEBUG LoopRunner           - Initializing JavaFX AnimationTimerLoop
14:19:12.111 [JavaFX Application Thread] DEBUG GameApplicationServi - Starting new game
14:19:12.112 [JavaFX Application Thread] DEBUG Input                - Clearing active input actions
14:19:12.123 [JavaFX Application Thread] DEBUG GameApplicationServi - Removing overlay from FXGLStartupScene and adding to FXGLLoadingScene
14:19:12.128 [JavaFX Application Thread] DEBUG PrimaryStageWindow   - FXGLStartupScene -> FXGLLoadingScene
14:19:12.128 [JavaFX Application Thread] DEBUG GameApplicationServi - Clearing previous game
14:19:12.128 [JavaFX Application Thread] DEBUG GameScene            - Clearing game scene
14:19:12.128 [JavaFX Application Thread] DEBUG GameWorld            - Clearing game world
14:19:12.128 [JavaFX Application Thread] DEBUG PhysicsWorld         - Clearing physics world
14:19:12.130 [FXGL Background Thread 4 ] DEBUG FXGLApplication      - Initializing game
14:19:12.256 [FXGL Background Thread 4 ] WARN  TMXLevelLoader       - TiledMap generated from 1.11.0. Supported version: 1.9.0. Some features may not be parsed fully.
14:19:12.298 [FXGL Background Thread 4 ] DEBUG TMXLevelLoader       - Parsed TiledMap: file:/D:/Project/myproject/myproject/target/classes/assets/levels/scene1.tmx
14:19:12.300 [FXGL Background Thread 4 ] DEBUG TMXLevelLoader       - Creating tile layer entities
14:19:12.307 [FXGL Background Thread 4 ] DEBUG TilesetLoader        - Loading view for layer lowefloor
14:19:12.309 [FXGL Background Thread 4 ] DEBUG TilesetLoader        - Created buffer with size 512.0x1024.0
14:19:12.390 [JavaFX Application Thread] DEBUG FXGLApplication      - Registering font factories with UI factory
14:19:12.458 [FXGL Background Thread 4 ] DEBUG TilesetLoader        - Loading view for layer cliff
14:19:12.467 [FXGL Background Thread 4 ] DEBUG TilesetLoader        - Created buffer with size 512.0x1024.0
14:19:12.469 [FXGL Background Thread 4 ] DEBUG TilesetLoader        - Loading view for layer cliff1
14:19:12.469 [FXGL Background Thread 4 ] DEBUG TilesetLoader        - Created buffer with size 512.0x1024.0
14:19:12.470 [FXGL Background Thread 4 ] DEBUG TilesetLoader        - Loading view for layer cliff2
14:19:12.470 [FXGL Background Thread 4 ] DEBUG TilesetLoader        - Created buffer with size 512.0x1024.0
14:19:12.471 [FXGL Background Thread 4 ] DEBUG TilesetLoader        - Loading view for layer Tile Layer 3
14:19:12.471 [FXGL Background Thread 4 ] DEBUG TilesetLoader        - Created buffer with size 512.0x1024.0
14:19:12.472 [FXGL Background Thread 4 ] DEBUG TilesetLoader        - Loading view for layer Tile Layer 6
14:19:12.473 [FXGL Background Thread 4 ] DEBUG TilesetLoader        - Created buffer with size 512.0x1024.0
14:19:12.648 [FXGL Background Thread 4 ] DEBUG TilesetLoader        - Loading view for layer prop
14:19:12.661 [FXGL Background Thread 4 ] DEBUG TilesetLoader        - Created buffer with size 512.0x1024.0
14:19:12.671 [FXGL Background Thread 4 ] DEBUG TMXLevelLoader       - Creating object layer entities
14:19:12.728 [FXGL Background Thread 4 ] DEBUG FXGLAssetLoaderServi - Loading from file system: file:/D:/Project/myproject/myproject/target/classes/assets/textures/Actor1.png
14:19:12.759 [FXGL Background Thread 4 ] DEBUG FXGLAssetLoaderServi - Loading from file system: file:/D:/Project/myproject/myproject/target/classes/assets/textures/Rex.png
14:19:12.767 [FXGL Background Thread 4 ] WARN  TMXLevelLoader       - TiledMap generated from 1.11.0. Supported version: 1.9.0. Some features may not be parsed fully.
14:19:12.786 [FXGL Background Thread 4 ] DEBUG TMXLevelLoader       - Parsed TiledMap: file:/D:/Project/myproject/myproject/target/classes/assets/levels/scene1.tmx
14:19:12.786 [FXGL Background Thread 4 ] DEBUG TMXLevelLoader       - Creating tile layer entities
14:19:12.787 [FXGL Background Thread 4 ] DEBUG TilesetLoader        - Loading view for layer lowefloor
14:19:12.787 [FXGL Background Thread 4 ] DEBUG TilesetLoader        - Created buffer with size 512.0x1024.0
14:19:12.832 [FXGL Background Thread 4 ] DEBUG TilesetLoader        - Loading view for layer cliff
14:19:12.833 [FXGL Background Thread 4 ] DEBUG TilesetLoader        - Created buffer with size 512.0x1024.0
14:19:12.834 [FXGL Background Thread 4 ] DEBUG TilesetLoader        - Loading view for layer cliff1
14:19:12.835 [FXGL Background Thread 4 ] DEBUG TilesetLoader        - Created buffer with size 512.0x1024.0
14:19:12.837 [FXGL Background Thread 4 ] DEBUG TilesetLoader        - Loading view for layer cliff2
14:19:12.837 [FXGL Background Thread 4 ] DEBUG TilesetLoader        - Created buffer with size 512.0x1024.0
14:19:12.839 [FXGL Background Thread 4 ] DEBUG TilesetLoader        - Loading view for layer Tile Layer 3
14:19:12.839 [FXGL Background Thread 4 ] DEBUG TilesetLoader        - Created buffer with size 512.0x1024.0
14:19:12.840 [FXGL Background Thread 4 ] DEBUG TilesetLoader        - Loading view for layer Tile Layer 6
14:19:12.841 [FXGL Background Thread 4 ] DEBUG TilesetLoader        - Created buffer with size 512.0x1024.0
14:19:12.931 [FXGL Background Thread 4 ] DEBUG TilesetLoader        - Loading view for layer prop
14:19:12.932 [FXGL Background Thread 4 ] DEBUG TilesetLoader        - Created buffer with size 512.0x1024.0
14:19:12.934 [FXGL Background Thread 4 ] DEBUG TMXLevelLoader       - Creating object layer entities
14:19:12.951 [FXGL Background Thread 4 ] DEBUG GameWorld            - Clearing removable entities
14:19:12.953 [FXGL Background Thread 4 ] DEBUG GameWorld            - Setting level: com.almasb.fxgl.entity.level.Level@73e20be2
14:19:12.967 [FXGL Background Thread 4 ] INFO  FXGLApplication      - Game initialization took: 0.836 sec
14:19:12.968 [JavaFX Application Thread] DEBUG Input                - Clearing active input actions
14:19:12.982 [JavaFX Application Thread] DEBUG GameApplicationServi - Removing overlay from FXGLLoadingScene and adding to GameScene
14:19:12.988 [JavaFX Application Thread] DEBUG PrimaryStageWindow   - FXGLLoadingScene -> GameScene
14:19:13.614 [JavaFX Application Thread] DEBUG LoopRunner           - Stopping loop
14:19:13.615 [JavaFX Application Thread] FATAL FXGLApplication      - Uncaught Exception:
java.lang.NullPointerException: Cannot invoke "com.almasb.fxgl.entity.Entity.getComponent(java.lang.Class)" because "this.this$0.player" is null
	at com.project.App$3.onAction(App.java:131)
	at com.almasb.fxgl.input.UserAction.action$fxgl_core(UserAction.kt:38)
	at com.almasb.fxgl.input.Input.update(Input.kt:278)
	at com.almasb.fxgl.scene.Scene.update(Scene.kt:103)
	at com.almasb.fxgl.app.MainWindow$update$1.invoke(MainWindow.kt:121)
	at com.almasb.fxgl.app.MainWindow$update$1.invoke(MainWindow.kt:121)
	at com.almasb.fxgl.core.fsm.StateMachine.runOnActiveStates(StateMachine.kt:69)
	at com.almasb.fxgl.app.MainWindow.update(MainWindow.kt:121)
	at com.almasb.fxgl.app.FXGLApplication$GameApplicationService.onUpdate(FXGLApplication.kt:445)
	at com.almasb.fxgl.app.Engine.loop(Engine.kt:134)
	at com.almasb.fxgl.app.Engine.access$loop(Engine.kt:24)
	at com.almasb.fxgl.app.Engine$loop$1.invoke(Engine.kt:28)
	at com.almasb.fxgl.app.Engine$loop$1.invoke(Engine.kt:28)
	at com.almasb.fxgl.app.LoopRunner.frame(LoopRunner.kt:103)
	at com.almasb.fxgl.app.LoopRunner.access$frame(LoopRunner.kt:23)
	at com.almasb.fxgl.app.LoopRunner$impl$2$1.onTick(LoopRunner.kt:57)
	at com.almasb.fxgl.app.AnimationTimerLoop$timer$1.handle(LoopRunner.kt:137)
	at javafx.animation.AnimationTimer$AnimationTimerReceiver.lambda$handle$0(AnimationTimer.java:58)
	at java.base/java.security.AccessController.doPrivileged(AccessController.java:400)
	at javafx.animation.AnimationTimer$AnimationTimerReceiver.handle(AnimationTimer.java:57)
	at com.sun.scenario.animation.AbstractPrimaryTimer.timePulseImpl(AbstractPrimaryTimer.java:356)
	at com.sun.scenario.animation.AbstractPrimaryTimer$MainLoop.run(AbstractPrimaryTimer.java:266)
	at com.sun.javafx.tk.quantum.QuantumToolkit.pulse(QuantumToolkit.java:588)
	at com.sun.javafx.tk.quantum.QuantumToolkit.pulse(QuantumToolkit.java:572)
	at com.sun.javafx.tk.quantum.QuantumToolkit.pulseFromQueue(QuantumToolkit.java:565)
	at com.sun.javafx.tk.quantum.QuantumToolkit.lambda$runToolkit$11(QuantumToolkit.java:352)
	at com.sun.glass.ui.InvokeLaterDispatcher$Future.run(InvokeLaterDispatcher.java:95)
	at com.sun.glass.ui.win.WinApplication._runLoop(Native Method)
	at com.sun.glass.ui.win.WinApplication.lambda$runLoop$3(WinApplication.java:185)
	at java.base/java.lang.Thread.run(Thread.java:1583)

14:19:13.618 [JavaFX Application Thread] FATAL FXGLApplication      - Application will now exit
14:19:13.623 [JavaFX Application Thread] DEBUG PrimaryStageWindow   - Push state: ErrorSubScene
14:19:13.623 [JavaFX Application Thread] DEBUG Input                - Clearing active input actions
14:19:15.027 [FXGL Background Thread 3 ] DEBUG Engine               - Logging environment variables
14:19:15.027 [FXGL Background Thread 3 ] DEBUG Engine               - achievements: []
14:19:15.028 [FXGL Background Thread 3 ] DEBUG Engine               - actualHeight: 720.0
14:19:15.028 [FXGL Background Thread 3 ] DEBUG Engine               - actualHeightProperty: ReadOnlyDoubleProperty [value: 720.0]
14:19:15.028 [FXGL Background Thread 3 ] DEBUG Engine               - actualWidth: 1280.0
14:19:15.028 [FXGL Background Thread 3 ] DEBUG Engine               - actualWidthProperty: ReadOnlyDoubleProperty [value: 1280.0]
14:19:15.028 [FXGL Background Thread 3 ] DEBUG Engine               - appIcon: fxgl_icon.png
14:19:15.028 [FXGL Background Thread 3 ] DEBUG Engine               - applicationMode: DEVELOPER
14:19:15.028 [FXGL Background Thread 3 ] DEBUG Engine               - cSSList: [fxgl_dark.css]
14:19:15.028 [FXGL Background Thread 3 ] DEBUG Engine               - collisionDetectionStrategy: BRUTE_FORCE
14:19:15.028 [FXGL Background Thread 3 ] DEBUG Engine               - configClass: Optional.empty
14:19:15.028 [FXGL Background Thread 3 ] DEBUG Engine               - credits: []
14:19:15.029 [FXGL Background Thread 3 ] DEBUG Engine               - defaultCursor: CursorInfo(imageName=fxgl_default_cursor.png, hotspotX=7.0, hotspotY=6.0)
14:19:15.029 [FXGL Background Thread 3 ] DEBUG Engine               - devBBoxColorProperty: ObjectProperty [value: 0xff0000ff]
14:19:15.029 [FXGL Background Thread 3 ] DEBUG Engine               - devEnableDebugCameraProperty: BooleanProperty [value: false]
14:19:15.029 [FXGL Background Thread 3 ] DEBUG Engine               - devSensorColorProperty: ObjectProperty [value: 0xffff00ff]
14:19:15.029 [FXGL Background Thread 3 ] DEBUG Engine               - devShowBBoxProperty: BooleanProperty [value: false]
14:19:15.029 [FXGL Background Thread 3 ] DEBUG Engine               - devShowPositionProperty: BooleanProperty [value: false]
14:19:15.029 [FXGL Background Thread 3 ] DEBUG Engine               - enabledMenuItems: []
14:19:15.030 [FXGL Background Thread 3 ] DEBUG Engine               - engineServices: [class com.almasb.fxgl.app.services.FXGLAssetLoaderService, class com.almasb.fxgl.app.FXGLApplication$GameApplicationService, class com.almasb.fxgl.app.services.FXGLDialogService, class com.almasb.fxgl.app.services.IOTaskExecutorService, class com.almasb.fxgl.io.FileSystemService, class com.almasb.fxgl.localization.LocalizationService, class com.almasb.fxgl.app.services.SystemBundleService, class com.almasb.fxgl.profile.SaveLoadService, class com.almasb.fxgl.ui.FXGLUIFactoryServiceProvider, class com.almasb.fxgl.ui.FXGLDialogFactoryServiceProvider, class com.almasb.fxgl.audio.AudioPlayer, class com.almasb.fxgl.notification.impl.NotificationServiceProvider, class com.almasb.fxgl.achievement.AchievementService, class com.almasb.fxgl.cutscene.CutsceneService, class com.almasb.fxgl.minigames.MiniGameService, class com.almasb.fxgl.net.NetService, class com.almasb.fxgl.app.services.UpdaterService, class com.almasb.fxgl.dev.DevService]
14:19:15.030 [FXGL Background Thread 3 ] DEBUG Engine               - fontGame: Abel-Regular.ttf
14:19:15.030 [FXGL Background Thread 3 ] DEBUG Engine               - fontMono: TerminalLandMono-Regular.otf
14:19:15.030 [FXGL Background Thread 3 ] DEBUG Engine               - fontSizeScaleUI: 1.0
14:19:15.030 [FXGL Background Thread 3 ] DEBUG Engine               - fontText: Courier-Prime.ttf
14:19:15.030 [FXGL Background Thread 3 ] DEBUG Engine               - fontUI: VarelaRound-Regular.ttf
14:19:15.030 [FXGL Background Thread 3 ] DEBUG Engine               - fullScreen: BooleanProperty [value: false]
14:19:15.030 [FXGL Background Thread 3 ] DEBUG Engine               - gameDifficulty: MEDIUM
14:19:15.030 [FXGL Background Thread 3 ] DEBUG Engine               - gameDifficultyProperty: ObjectProperty [value: MEDIUM]
14:19:15.030 [FXGL Background Thread 3 ] DEBUG Engine               - globalMusicVolume: 0.5
14:19:15.030 [FXGL Background Thread 3 ] DEBUG Engine               - globalMusicVolumeProperty: DoubleProperty [value: 0.5]
14:19:15.030 [FXGL Background Thread 3 ] DEBUG Engine               - globalSoundVolume: 0.5
14:19:15.031 [FXGL Background Thread 3 ] DEBUG Engine               - globalSoundVolumeProperty: DoubleProperty [value: 0.5]
14:19:15.031 [FXGL Background Thread 3 ] DEBUG Engine               - height: 720
14:19:15.031 [FXGL Background Thread 3 ] DEBUG Engine               - is3D: false
14:19:15.031 [FXGL Background Thread 3 ] DEBUG Engine               - isAndroid: false
14:19:15.031 [FXGL Background Thread 3 ] DEBUG Engine               - isBrowser: false
14:19:15.031 [FXGL Background Thread 3 ] DEBUG Engine               - isClickFeedbackEnabled: false
14:19:15.031 [FXGL Background Thread 3 ] DEBUG Engine               - isCloseConfirmation: false
14:19:15.031 [FXGL Background Thread 3 ] DEBUG Engine               - isDesktop: true
14:19:15.031 [FXGL Background Thread 3 ] DEBUG Engine               - isDeveloperMenuEnabled: true
14:19:15.031 [FXGL Background Thread 3 ] DEBUG Engine               - isEmbedded: false
14:19:15.031 [FXGL Background Thread 3 ] DEBUG Engine               - isEntityPreloadEnabled: true
14:19:15.031 [FXGL Background Thread 3 ] DEBUG Engine               - isExperimentalTiledLargeMap: false
14:19:15.031 [FXGL Background Thread 3 ] DEBUG Engine               - isFileSystemWriteAllowed: true
14:19:15.032 [FXGL Background Thread 3 ] DEBUG Engine               - isFullScreenAllowed: false
14:19:15.032 [FXGL Background Thread 3 ] DEBUG Engine               - isFullScreenFromStart: false
14:19:15.032 [FXGL Background Thread 3 ] DEBUG Engine               - isGameMenuEnabled: true
14:19:15.032 [FXGL Background Thread 3 ] DEBUG Engine               - isIOS: false
14:19:15.032 [FXGL Background Thread 3 ] DEBUG Engine               - isIntroEnabled: false
14:19:15.032 [FXGL Background Thread 3 ] DEBUG Engine               - isLinux: false
14:19:15.032 [FXGL Background Thread 3 ] DEBUG Engine               - isMac: false
14:19:15.032 [FXGL Background Thread 3 ] DEBUG Engine               - isMainMenuEnabled: false
14:19:15.032 [FXGL Background Thread 3 ] DEBUG Engine               - isManualResizeEnabled: false
14:19:15.032 [FXGL Background Thread 3 ] DEBUG Engine               - isMobile: false
14:19:15.032 [FXGL Background Thread 3 ] DEBUG Engine               - isNative: false
14:19:15.032 [FXGL Background Thread 3 ] DEBUG Engine               - isPauseMusicWhenMinimized: true
14:19:15.032 [FXGL Background Thread 3 ] DEBUG Engine               - isPreserveResizeRatio: false
14:19:15.032 [FXGL Background Thread 3 ] DEBUG Engine               - isProfilingEnabled: false
14:19:15.033 [FXGL Background Thread 3 ] DEBUG Engine               - isScaleAffectedOnResize: true
14:19:15.033 [FXGL Background Thread 3 ] DEBUG Engine               - isSingleStep: false
14:19:15.033 [FXGL Background Thread 3 ] DEBUG Engine               - isUserProfileEnabled: false
14:19:15.033 [FXGL Background Thread 3 ] DEBUG Engine               - isWindows: true
14:19:15.033 [FXGL Background Thread 3 ] DEBUG Engine               - language: ObjectProperty [value: ENGLISH]
14:19:15.033 [FXGL Background Thread 3 ] DEBUG Engine               - menuKey: ESCAPE
14:19:15.033 [FXGL Background Thread 3 ] DEBUG Engine               - mouseSensitivity: 0.2
14:19:15.033 [FXGL Background Thread 3 ] DEBUG Engine               - notificationViewClass: class com.almasb.fxgl.notification.view.XboxNotificationView
14:19:15.033 [FXGL Background Thread 3 ] DEBUG Engine               - pixelsPerMeter: 50.0
14:19:15.033 [FXGL Background Thread 3 ] DEBUG Engine               - platform: WINDOWS
14:19:15.033 [FXGL Background Thread 3 ] DEBUG Engine               - prefHeightProperty: ReadOnlyDoubleProperty [value: 720.0]
14:19:15.033 [FXGL Background Thread 3 ] DEBUG Engine               - prefWidthProperty: ReadOnlyDoubleProperty [value: 1280.0]
14:19:15.033 [FXGL Background Thread 3 ] DEBUG Engine               - profileDir: profiles/
14:19:15.033 [FXGL Background Thread 3 ] DEBUG Engine               - profileName: StringProperty [value: DEFAULT]
14:19:15.034 [FXGL Background Thread 3 ] DEBUG Engine               - randomSeed: -1
14:19:15.034 [FXGL Background Thread 3 ] DEBUG Engine               - runtimeInfo: RuntimeInfo(platform=WINDOWS, version=21.1, build=27.03.2024 07.52)
14:19:15.034 [FXGL Background Thread 3 ] DEBUG Engine               - saveFileExt: sav
14:19:15.034 [FXGL Background Thread 3 ] DEBUG Engine               - scaledHeightProp$fxgl: DoubleProperty [bound, value: 720.0]
14:19:15.034 [FXGL Background Thread 3 ] DEBUG Engine               - scaledWidthProp$fxgl: DoubleProperty [bound, value: 1280.0]
14:19:15.034 [FXGL Background Thread 3 ] DEBUG Engine               - sceneFactory: com.almasb.fxgl.app.scene.SceneFactory@34acbe7d
14:19:15.034 [FXGL Background Thread 3 ] DEBUG Engine               - secondsIn24h: 60
14:19:15.034 [FXGL Background Thread 3 ] DEBUG Engine               - soundMenuBack: menu/back.wav
14:19:15.034 [FXGL Background Thread 3 ] DEBUG Engine               - soundMenuPress: menu/press.wav
14:19:15.034 [FXGL Background Thread 3 ] DEBUG Engine               - soundMenuSelect: menu/select.wav
14:19:15.035 [FXGL Background Thread 3 ] DEBUG Engine               - soundNotification: core/notification.wav
14:19:15.035 [FXGL Background Thread 3 ] DEBUG Engine               - stageStyle: DECORATED
14:19:15.035 [FXGL Background Thread 3 ] DEBUG Engine               - supportedLanguages: [ENGLISH, FRENCH, GERMAN, HUNGARIAN, RUSSIAN]
14:19:15.035 [FXGL Background Thread 3 ] DEBUG Engine               - ticksPerSecond: -1
14:19:15.035 [FXGL Background Thread 3 ] DEBUG Engine               - title: Final Journey
14:19:15.035 [FXGL Background Thread 3 ] DEBUG Engine               - urlGithub: https://github.com/AlmasB/FXGL
14:19:15.035 [FXGL Background Thread 3 ] DEBUG Engine               - urlLeaderboard: http://fxgl-top.herokuapp.com/
14:19:15.035 [FXGL Background Thread 3 ] DEBUG Engine               - urlPOM: https://raw.githubusercontent.com/AlmasB/FXGL/release/README.md
14:19:15.035 [FXGL Background Thread 3 ] DEBUG Engine               - userAppClass: class com.project.App
14:19:15.035 [FXGL Background Thread 3 ] DEBUG Engine               - version: Alpha
14:19:15.035 [FXGL Background Thread 3 ] DEBUG Engine               - versionCheckDays: 7
14:19:15.035 [FXGL Background Thread 3 ] DEBUG Engine               - width: 1280
14:19:15.035 [FXGL Background Thread 3 ] DEBUG Engine               - Logging services
14:19:15.035 [FXGL Background Thread 3 ] DEBUG Engine               - class com.almasb.fxgl.app.services.FXGLAssetLoaderService
14:19:15.036 [FXGL Background Thread 3 ] DEBUG Engine               - class com.almasb.fxgl.app.FXGLApplication$GameApplicationService
14:19:15.036 [FXGL Background Thread 3 ] DEBUG Engine               - class com.almasb.fxgl.app.services.FXGLDialogService
14:19:15.036 [FXGL Background Thread 3 ] DEBUG Engine               - class com.almasb.fxgl.app.services.IOTaskExecutorService
14:19:15.036 [FXGL Background Thread 3 ] DEBUG Engine               - class com.almasb.fxgl.io.FileSystemService
14:19:15.036 [FXGL Background Thread 3 ] DEBUG Engine               - class com.almasb.fxgl.localization.LocalizationService
14:19:15.036 [FXGL Background Thread 3 ] DEBUG Engine               - class com.almasb.fxgl.app.services.SystemBundleService
14:19:15.036 [FXGL Background Thread 3 ] DEBUG Engine               - class com.almasb.fxgl.profile.SaveLoadService
14:19:15.036 [FXGL Background Thread 3 ] DEBUG Engine               - class com.almasb.fxgl.ui.FXGLUIFactoryServiceProvider
14:19:15.036 [FXGL Background Thread 3 ] DEBUG Engine               - class com.almasb.fxgl.ui.FXGLDialogFactoryServiceProvider
14:19:15.036 [FXGL Background Thread 3 ] DEBUG Engine               - class com.almasb.fxgl.audio.AudioPlayer
14:19:15.036 [FXGL Background Thread 3 ] DEBUG Engine               - class com.almasb.fxgl.notification.impl.NotificationServiceProvider
14:19:15.036 [FXGL Background Thread 3 ] DEBUG Engine               - class com.almasb.fxgl.achievement.AchievementService
14:19:15.036 [FXGL Background Thread 3 ] DEBUG Engine               - class com.almasb.fxgl.cutscene.CutsceneService
14:19:15.036 [FXGL Background Thread 3 ] DEBUG Engine               - class com.almasb.fxgl.minigames.MiniGameService
14:19:15.036 [FXGL Background Thread 3 ] DEBUG Engine               - class com.almasb.fxgl.net.NetService
14:19:15.036 [FXGL Background Thread 3 ] DEBUG Engine               - class com.almasb.fxgl.app.services.UpdaterService
14:19:15.036 [FXGL Background Thread 3 ] DEBUG Engine               - class com.almasb.fxgl.dev.DevService
14:19:18.226 [JavaFX Application Thread] DEBUG FXGLApplication      - Exiting FXGL
14:19:18.227 [JavaFX Application Thread] DEBUG Async                - Shutting down background threads
14:19:18.227 [JavaFX Application Thread] DEBUG PrimaryStageWindow   - Closing main window
14:19:18.237 [JavaFX Application Thread] DEBUG Logger               - Closing Logger
