17:28:44.327 [main                     ] DEBUG Logger               - Configured Logger
17:28:44.376 [main                     ] DEBUG GameApplication      - Logging settings
Title: Final Journey
Version: Alpha
Width: 1280
Height: 720
Fullscreen: false
Intro: false
Profiling: false
Single step:false
App Mode: DEVELOPER
Menu Key: ESCAPE
Stage Style: DECORATED
Scene Factory: class com.almasb.fxgl.app.scene.SceneFactory

17:28:45.438 [JavaFX Application Thread] DEBUG FXGLApplication      - Initializing FXGL
17:28:45.446 [JavaFX Application Thread] INFO  Engine               - FXGL-21.1 (27.03.2024 07.52) on WINDOWS (J:21.0.5 FX:21.0.1)
17:28:45.447 [JavaFX Application Thread] DEBUG Engine               - JRE Vendor Name: Eclipse Adoptium
17:28:45.447 [JavaFX Application Thread] DEBUG Engine               - Running on OS: Windows 11 version 10.0
17:28:45.449 [JavaFX Application Thread] DEBUG Engine               - Architecture: amd64
17:28:45.449 [JavaFX Application Thread] INFO  Engine               - Source code and latest versions at: https://github.com/AlmasB/FXGL
17:28:45.449 [JavaFX Application Thread] INFO  Engine               -       Ask questions and discuss at: https://github.com/AlmasB/FXGL/discussions
17:28:45.450 [JavaFX Application Thread] INFO  Engine               -              Join the FXGL chat at: https://gitter.im/AlmasB/FXGL
17:28:45.678 [JavaFX Application Thread] DEBUG PrimaryStageWindow   - Creating a JavaFX scene
17:28:45.752 [JavaFX Application Thread] DEBUG PrimaryStageWindow   - Target settings size: 1280.0 x 720.0
17:28:45.752 [JavaFX Application Thread] DEBUG PrimaryStageWindow   - Scaled scene size:    1280.0 x 720.0
17:28:45.753 [JavaFX Application Thread] DEBUG PrimaryStageWindow   - Scaled ratio: (1.0, 1.0)
17:28:45.755 [JavaFX Application Thread] DEBUG PrimaryStageWindow   - Set initial scene to FXGLStartupScene
17:28:45.759 [JavaFX Application Thread] DEBUG PrimaryStageWindow   - Opening main window
17:28:45.956 [JavaFX Application Thread] DEBUG PrimaryStageWindow   - Window border size: (14.4000244140625, 37.5999755859375)
17:28:45.956 [JavaFX Application Thread] DEBUG PrimaryStageWindow   - Scaled size: 1280.0 x 720.0
17:28:45.957 [JavaFX Application Thread] DEBUG PrimaryStageWindow   - Scaled ratio: (1.0, 1.0)
17:28:45.957 [JavaFX Application Thread] DEBUG PrimaryStageWindow   - Scene size: 1280.0 x 720.0
17:28:45.957 [JavaFX Application Thread] DEBUG PrimaryStageWindow   - Stage size: 1294.4000244140625 x 757.5999755859375
17:28:45.969 [FXGL Background Thread 1 ] DEBUG Engine               - Initializing environment variables
17:28:46.092 [FXGL Background Thread 1 ] DEBUG FXGLAssetLoaderServi - User app class for loading assets: class com.project.App
17:28:46.092 [FXGL Background Thread 1 ] DEBUG GameApplicationServi - Applying CSS: fxgl_dark.css
17:28:46.094 [FXGL Background Thread 1 ] DEBUG FXGLAssetLoaderServi - Loading from file system: jar:file:/C:/Users/Lenovo/.m2/repository/com/github/almasb/fxgl/21.1/fxgl-21.1.jar!/fxglassets/ui/css/fxgl_dark.css
17:28:46.165 [FXGL Background Thread 1 ] DEBUG GameApplicationServi - Initializing application scenes
17:28:46.248 [FXGL Background Thread 1 ] DEBUG GameWorld            - Game world initialized
17:28:46.364 [FXGL Background Thread 1 ] DEBUG PhysicsWorld         - Physics world initialized: appHeight=720, physics.ppm=50.0
17:28:46.364 [FXGL Background Thread 1 ] DEBUG PhysicsWorld         - Using strategy: BRUTE_FORCE
17:28:46.371 [FXGL Background Thread 1 ] DEBUG GameScene            - Game scene initialized: 1280x720
17:28:46.385 [FXGL Background Thread 1 ] DEBUG FXGL.DefaultMenu     - createMenuBodyGameMenu()
17:28:46.412 [FXGL Background Thread 1 ] DEBUG FXGL.DefaultMenu     - createOptionsMenu()
17:28:46.432 [FXGL Background Thread 1 ] DEBUG FXGLAssetLoaderServi - Loading from file system: jar:file:/C:/Users/Lenovo/.m2/repository/com/github/almasb/fxgl/21.1/fxgl-21.1.jar!/fxglassets/textures/particles/smoke.png
17:28:46.616 [FXGL Background Thread 1 ] DEBUG FXGLAssetLoaderServi - Loading from file system: jar:file:/C:/Users/Lenovo/.m2/repository/com/github/almasb/fxgl/21.1/fxgl-21.1.jar!/fxglassets/textures/particles/trace_horizontal.png
17:28:46.670 [FXGL Background Thread 1 ] DEBUG GameApplicationServi - Application scenes initialized
17:28:46.718 [FXGL Background Thread 1 ] DEBUG SystemBundleService  - Loading FXGL system data
17:28:46.726 [FXGL Background Thread 1 ] DEBUG FileSystemAccess     - Reading from: C:\Users\Lenovo\MyProject\myproject\system\fxgl.bundle
17:28:46.745 [FXGL Background Thread 1 ] DEBUG SystemBundleService  - Bundle FXGL: {}
17:28:46.745 [FXGL Background Thread 1 ] DEBUG UpdaterService       - Checking for updates
17:28:46.754 [FXGL Background Thread 4 ] DEBUG FXGLApplication      - Loading fonts
17:28:46.757 [FXGL Background Thread 1 ] DEBUG FXGLApplication      - Loading default localization
17:28:46.757 [FXGL Background Thread 4 ] DEBUG FXGLAssetLoaderServi - Loading from file system: jar:file:/C:/Users/Lenovo/.m2/repository/com/github/almasb/fxgl/21.1/fxgl-21.1.jar!/fxglassets/ui/fonts/VarelaRound-Regular.ttf
17:28:46.758 [FXGL Background Thread 1 ] DEBUG FXGLAssetLoaderServi - Loading from file system: jar:file:/C:/Users/Lenovo/.m2/repository/com/github/almasb/fxgl/21.1/fxgl-21.1.jar!/fxglassets/languages/english.lang
17:28:46.832 [FXGL Background Thread 1 ] INFO  FXGLApplication      - FXGL initialization took: 0.864 sec
17:28:46.857 [FXGL Background Thread 4 ] DEBUG FXGLAssetLoaderServi - Loading from file system: jar:file:/C:/Users/Lenovo/.m2/repository/com/github/almasb/fxgl/21.1/fxgl-21.1.jar!/fxglassets/ui/fonts/Abel-Regular.ttf
17:28:46.862 [FXGL Background Thread 4 ] DEBUG FXGLAssetLoaderServi - Loading from file system: jar:file:/C:/Users/Lenovo/.m2/repository/com/github/almasb/fxgl/21.1/fxgl-21.1.jar!/fxglassets/ui/fonts/TerminalLandMono-Regular.otf
17:28:46.868 [JavaFX Application Thread] DEBUG Input                - Registered new binding: Right - D
17:28:46.869 [FXGL Background Thread 4 ] DEBUG FXGLAssetLoaderServi - Loading from file system: jar:file:/C:/Users/Lenovo/.m2/repository/com/github/almasb/fxgl/21.1/fxgl-21.1.jar!/fxglassets/ui/fonts/Courier-Prime.ttf
17:28:46.869 [JavaFX Application Thread] DEBUG Input                - Registered new binding: Left - A
17:28:46.870 [JavaFX Application Thread] DEBUG Input                - Registered new binding: Up - W
17:28:46.871 [JavaFX Application Thread] DEBUG Input                - Registered new binding: Down - S
17:28:46.872 [JavaFX Application Thread] DEBUG FXGLAssetLoaderServi - Loading from file system: jar:file:/C:/Users/Lenovo/.m2/repository/com/github/almasb/fxgl/21.1/fxgl-21.1.jar!/fxglassets/textures/fxgl_icon.png
17:28:46.917 [JavaFX Application Thread] DEBUG FXGLAssetLoaderServi - Loading from file system: jar:file:/C:/Users/Lenovo/.m2/repository/com/github/almasb/fxgl/21.1/fxgl-21.1.jar!/fxglassets/textures/fxgl_default_cursor.png
17:28:46.921 [JavaFX Application Thread] DEBUG Input                - Registered new binding: Screenshot - CTRL+8
17:28:46.922 [JavaFX Application Thread] DEBUG Input                - Registered new binding: System info dump - CTRL+9
17:28:46.922 [JavaFX Application Thread] DEBUG Input                - Registered new binding: Restart - CTRL+R
17:28:46.927 [JavaFX Application Thread] DEBUG Input                - Registered new binding: Toggle Debug Camera - CTRL+7
17:28:46.934 [JavaFX Application Thread] DEBUG LoopRunner           - Starting loop
17:28:46.935 [JavaFX Application Thread] DEBUG LoopRunner           - Initializing JavaFX AnimationTimerLoop
17:28:46.939 [JavaFX Application Thread] DEBUG GameApplicationServi - Starting new game
17:28:46.940 [JavaFX Application Thread] DEBUG Input                - Clearing active input actions
17:28:46.956 [JavaFX Application Thread] DEBUG GameApplicationServi - Removing overlay from FXGLStartupScene and adding to FXGLLoadingScene
17:28:46.956 [JavaFX Application Thread] DEBUG PrimaryStageWindow   - FXGLStartupScene -> FXGLLoadingScene
17:28:46.957 [JavaFX Application Thread] DEBUG GameApplicationServi - Clearing previous game
17:28:46.957 [JavaFX Application Thread] DEBUG GameScene            - Clearing game scene
17:28:46.957 [JavaFX Application Thread] DEBUG GameWorld            - Clearing game world
17:28:46.957 [JavaFX Application Thread] DEBUG PhysicsWorld         - Clearing physics world
17:28:46.961 [JavaFX Application Thread] DEBUG FXGLApplication      - Registering font factories with UI factory
17:28:46.961 [FXGL Background Thread 4 ] DEBUG FXGLApplication      - Initializing game
17:28:47.050 [FXGL Background Thread 4 ] DEBUG FXGLAssetLoaderServi - Loading from file system: file:/C:/Users/Lenovo/MyProject/myproject/myproject/target/classes/assets/textures/testplayer.png
17:28:47.122 [FXGL Background Thread 4 ] INFO  FXGLApplication      - Game initialization took: 0.160 sec
17:28:47.212 [JavaFX Application Thread] DEBUG Input                - Clearing active input actions
17:28:47.232 [JavaFX Application Thread] DEBUG GameApplicationServi - Removing overlay from FXGLLoadingScene and adding to GameScene
17:28:47.232 [JavaFX Application Thread] DEBUG PrimaryStageWindow   - FXGLLoadingScene -> GameScene
17:28:49.749 [FXGL Background Thread 3 ] DEBUG Engine               - Logging environment variables
17:28:49.751 [FXGL Background Thread 3 ] DEBUG Engine               - achievements: []
17:28:49.751 [FXGL Background Thread 3 ] DEBUG Engine               - actualHeight: 720.0
17:28:49.752 [FXGL Background Thread 3 ] DEBUG Engine               - actualHeightProperty: ReadOnlyDoubleProperty [value: 720.0]
17:28:49.752 [FXGL Background Thread 3 ] DEBUG Engine               - actualWidth: 1280.0
17:28:49.753 [FXGL Background Thread 3 ] DEBUG Engine               - actualWidthProperty: ReadOnlyDoubleProperty [value: 1280.0]
17:28:49.753 [FXGL Background Thread 3 ] DEBUG Engine               - appIcon: fxgl_icon.png
17:28:49.753 [FXGL Background Thread 3 ] DEBUG Engine               - applicationMode: DEVELOPER
17:28:49.753 [FXGL Background Thread 3 ] DEBUG Engine               - cSSList: [fxgl_dark.css]
17:28:49.753 [FXGL Background Thread 3 ] DEBUG Engine               - collisionDetectionStrategy: BRUTE_FORCE
17:28:49.753 [FXGL Background Thread 3 ] DEBUG Engine               - configClass: Optional.empty
17:28:49.754 [FXGL Background Thread 3 ] DEBUG Engine               - credits: []
17:28:49.754 [FXGL Background Thread 3 ] DEBUG Engine               - defaultCursor: CursorInfo(imageName=fxgl_default_cursor.png, hotspotX=7.0, hotspotY=6.0)
17:28:49.756 [FXGL Background Thread 3 ] DEBUG Engine               - devBBoxColorProperty: ObjectProperty [value: 0xff0000ff]
17:28:49.757 [FXGL Background Thread 3 ] DEBUG Engine               - devEnableDebugCameraProperty: BooleanProperty [value: false]
17:28:49.758 [FXGL Background Thread 3 ] DEBUG Engine               - devSensorColorProperty: ObjectProperty [value: 0xffff00ff]
17:28:49.758 [FXGL Background Thread 3 ] DEBUG Engine               - devShowBBoxProperty: BooleanProperty [value: false]
17:28:49.758 [FXGL Background Thread 3 ] DEBUG Engine               - devShowPositionProperty: BooleanProperty [value: false]
17:28:49.758 [FXGL Background Thread 3 ] DEBUG Engine               - enabledMenuItems: []
17:28:49.758 [FXGL Background Thread 3 ] DEBUG Engine               - engineServices: [class com.almasb.fxgl.app.services.FXGLAssetLoaderService, class com.almasb.fxgl.app.FXGLApplication$GameApplicationService, class com.almasb.fxgl.app.services.FXGLDialogService, class com.almasb.fxgl.app.services.IOTaskExecutorService, class com.almasb.fxgl.io.FileSystemService, class com.almasb.fxgl.localization.LocalizationService, class com.almasb.fxgl.app.services.SystemBundleService, class com.almasb.fxgl.profile.SaveLoadService, class com.almasb.fxgl.ui.FXGLUIFactoryServiceProvider, class com.almasb.fxgl.ui.FXGLDialogFactoryServiceProvider, class com.almasb.fxgl.audio.AudioPlayer, class com.almasb.fxgl.notification.impl.NotificationServiceProvider, class com.almasb.fxgl.achievement.AchievementService, class com.almasb.fxgl.cutscene.CutsceneService, class com.almasb.fxgl.minigames.MiniGameService, class com.almasb.fxgl.net.NetService, class com.almasb.fxgl.app.services.UpdaterService, class com.almasb.fxgl.dev.DevService]
17:28:49.758 [FXGL Background Thread 3 ] DEBUG Engine               - fontGame: Abel-Regular.ttf
17:28:49.758 [FXGL Background Thread 3 ] DEBUG Engine               - fontMono: TerminalLandMono-Regular.otf
17:28:49.758 [FXGL Background Thread 3 ] DEBUG Engine               - fontSizeScaleUI: 1.0
17:28:49.758 [FXGL Background Thread 3 ] DEBUG Engine               - fontText: Courier-Prime.ttf
17:28:49.758 [FXGL Background Thread 3 ] DEBUG Engine               - fontUI: VarelaRound-Regular.ttf
17:28:49.760 [FXGL Background Thread 3 ] DEBUG Engine               - fullScreen: BooleanProperty [value: false]
17:28:49.760 [FXGL Background Thread 3 ] DEBUG Engine               - gameDifficulty: MEDIUM
17:28:49.760 [FXGL Background Thread 3 ] DEBUG Engine               - gameDifficultyProperty: ObjectProperty [value: MEDIUM]
17:28:49.760 [FXGL Background Thread 3 ] DEBUG Engine               - globalMusicVolume: 0.5
17:28:49.760 [FXGL Background Thread 3 ] DEBUG Engine               - globalMusicVolumeProperty: DoubleProperty [value: 0.5]
17:28:49.760 [FXGL Background Thread 3 ] DEBUG Engine               - globalSoundVolume: 0.5
17:28:49.760 [FXGL Background Thread 3 ] DEBUG Engine               - globalSoundVolumeProperty: DoubleProperty [value: 0.5]
17:28:49.760 [FXGL Background Thread 3 ] DEBUG Engine               - height: 720
17:28:49.760 [FXGL Background Thread 3 ] DEBUG Engine               - is3D: false
17:28:49.760 [FXGL Background Thread 3 ] DEBUG Engine               - isAndroid: false
17:28:49.760 [FXGL Background Thread 3 ] DEBUG Engine               - isBrowser: false
17:28:49.761 [FXGL Background Thread 3 ] DEBUG Engine               - isClickFeedbackEnabled: false
17:28:49.761 [FXGL Background Thread 3 ] DEBUG Engine               - isCloseConfirmation: false
17:28:49.767 [FXGL Background Thread 3 ] DEBUG Engine               - isDesktop: true
17:28:49.767 [FXGL Background Thread 3 ] DEBUG Engine               - isDeveloperMenuEnabled: false
17:28:49.768 [FXGL Background Thread 3 ] DEBUG Engine               - isEmbedded: false
17:28:49.768 [FXGL Background Thread 3 ] DEBUG Engine               - isEntityPreloadEnabled: true
17:28:49.768 [FXGL Background Thread 3 ] DEBUG Engine               - isExperimentalTiledLargeMap: false
17:28:49.768 [FXGL Background Thread 3 ] DEBUG Engine               - isFileSystemWriteAllowed: true
17:28:49.768 [FXGL Background Thread 3 ] DEBUG Engine               - isFullScreenAllowed: false
17:28:49.769 [FXGL Background Thread 3 ] DEBUG Engine               - isFullScreenFromStart: false
17:28:49.769 [FXGL Background Thread 3 ] DEBUG Engine               - isGameMenuEnabled: true
17:28:49.769 [FXGL Background Thread 3 ] DEBUG Engine               - isIOS: false
17:28:49.769 [FXGL Background Thread 3 ] DEBUG Engine               - isIntroEnabled: false
17:28:49.769 [FXGL Background Thread 3 ] DEBUG Engine               - isLinux: false
17:28:49.769 [FXGL Background Thread 3 ] DEBUG Engine               - isMac: false
17:28:49.769 [FXGL Background Thread 3 ] DEBUG Engine               - isMainMenuEnabled: false
17:28:49.769 [FXGL Background Thread 3 ] DEBUG Engine               - isManualResizeEnabled: false
17:28:49.769 [FXGL Background Thread 3 ] DEBUG Engine               - isMobile: false
17:28:49.769 [FXGL Background Thread 3 ] DEBUG Engine               - isNative: false
17:28:49.769 [FXGL Background Thread 3 ] DEBUG Engine               - isPauseMusicWhenMinimized: true
17:28:49.769 [FXGL Background Thread 3 ] DEBUG Engine               - isPreserveResizeRatio: false
17:28:49.769 [FXGL Background Thread 3 ] DEBUG Engine               - isProfilingEnabled: false
17:28:49.769 [FXGL Background Thread 3 ] DEBUG Engine               - isScaleAffectedOnResize: true
17:28:49.769 [FXGL Background Thread 3 ] DEBUG Engine               - isSingleStep: false
17:28:49.769 [FXGL Background Thread 3 ] DEBUG Engine               - isUserProfileEnabled: false
17:28:49.770 [FXGL Background Thread 3 ] DEBUG Engine               - isWindows: true
17:28:49.770 [FXGL Background Thread 3 ] DEBUG Engine               - language: ObjectProperty [value: ENGLISH]
17:28:49.770 [FXGL Background Thread 3 ] DEBUG Engine               - menuKey: ESCAPE
17:28:49.770 [FXGL Background Thread 3 ] DEBUG Engine               - mouseSensitivity: 0.2
17:28:49.770 [FXGL Background Thread 3 ] DEBUG Engine               - notificationViewClass: class com.almasb.fxgl.notification.view.XboxNotificationView
17:28:49.770 [FXGL Background Thread 3 ] DEBUG Engine               - pixelsPerMeter: 50.0
17:28:49.770 [FXGL Background Thread 3 ] DEBUG Engine               - platform: WINDOWS
17:28:49.770 [FXGL Background Thread 3 ] DEBUG Engine               - prefHeightProperty: ReadOnlyDoubleProperty [value: 720.0]
17:28:49.770 [FXGL Background Thread 3 ] DEBUG Engine               - prefWidthProperty: ReadOnlyDoubleProperty [value: 1280.0]
17:28:49.770 [FXGL Background Thread 3 ] DEBUG Engine               - profileDir: profiles/
17:28:49.770 [FXGL Background Thread 3 ] DEBUG Engine               - profileName: StringProperty [value: DEFAULT]
17:28:49.770 [FXGL Background Thread 3 ] DEBUG Engine               - randomSeed: -1
17:28:49.770 [FXGL Background Thread 3 ] DEBUG Engine               - runtimeInfo: RuntimeInfo(platform=WINDOWS, version=21.1, build=27.03.2024 07.52)
17:28:49.771 [FXGL Background Thread 3 ] DEBUG Engine               - saveFileExt: sav
17:28:49.771 [FXGL Background Thread 3 ] DEBUG Engine               - scaledHeightProp$fxgl: DoubleProperty [bound, value: 720.0]
17:28:49.771 [FXGL Background Thread 3 ] DEBUG Engine               - scaledWidthProp$fxgl: DoubleProperty [bound, value: 1280.0]
17:28:49.771 [FXGL Background Thread 3 ] DEBUG Engine               - sceneFactory: com.almasb.fxgl.app.scene.SceneFactory@5e609a86
17:28:49.771 [FXGL Background Thread 3 ] DEBUG Engine               - secondsIn24h: 60
17:28:49.771 [FXGL Background Thread 3 ] DEBUG Engine               - soundMenuBack: menu/back.wav
17:28:49.771 [FXGL Background Thread 3 ] DEBUG Engine               - soundMenuPress: menu/press.wav
17:28:49.771 [FXGL Background Thread 3 ] DEBUG Engine               - soundMenuSelect: menu/select.wav
17:28:49.771 [FXGL Background Thread 3 ] DEBUG Engine               - soundNotification: core/notification.wav
17:28:49.771 [FXGL Background Thread 3 ] DEBUG Engine               - stageStyle: DECORATED
17:28:49.771 [FXGL Background Thread 3 ] DEBUG Engine               - supportedLanguages: [ENGLISH, FRENCH, GERMAN, HUNGARIAN, RUSSIAN]
17:28:49.771 [FXGL Background Thread 3 ] DEBUG Engine               - ticksPerSecond: -1
17:28:49.771 [FXGL Background Thread 3 ] DEBUG Engine               - title: Final Journey
17:28:49.771 [FXGL Background Thread 3 ] DEBUG Engine               - urlGithub: https://github.com/AlmasB/FXGL
17:28:49.771 [FXGL Background Thread 3 ] DEBUG Engine               - urlLeaderboard: http://fxgl-top.herokuapp.com/
17:28:49.771 [FXGL Background Thread 3 ] DEBUG Engine               - urlPOM: https://raw.githubusercontent.com/AlmasB/FXGL/release/README.md
17:28:49.771 [FXGL Background Thread 3 ] DEBUG Engine               - userAppClass: class com.project.App
17:28:49.771 [FXGL Background Thread 3 ] DEBUG Engine               - version: Alpha
17:28:49.772 [FXGL Background Thread 3 ] DEBUG Engine               - versionCheckDays: 7
17:28:49.772 [FXGL Background Thread 3 ] DEBUG Engine               - width: 1280
17:28:49.772 [FXGL Background Thread 3 ] DEBUG Engine               - Logging services
17:28:49.772 [FXGL Background Thread 3 ] DEBUG Engine               - class com.almasb.fxgl.app.services.FXGLAssetLoaderService
17:28:49.773 [FXGL Background Thread 3 ] DEBUG Engine               - class com.almasb.fxgl.app.FXGLApplication$GameApplicationService
17:28:49.773 [FXGL Background Thread 3 ] DEBUG Engine               - class com.almasb.fxgl.app.services.FXGLDialogService
17:28:49.773 [FXGL Background Thread 3 ] DEBUG Engine               - class com.almasb.fxgl.app.services.IOTaskExecutorService
17:28:49.773 [FXGL Background Thread 3 ] DEBUG Engine               - class com.almasb.fxgl.io.FileSystemService
17:28:49.773 [FXGL Background Thread 3 ] DEBUG Engine               - class com.almasb.fxgl.localization.LocalizationService
17:28:49.773 [FXGL Background Thread 3 ] DEBUG Engine               - class com.almasb.fxgl.app.services.SystemBundleService
17:28:49.773 [FXGL Background Thread 3 ] DEBUG Engine               - class com.almasb.fxgl.profile.SaveLoadService
17:28:49.773 [FXGL Background Thread 3 ] DEBUG Engine               - class com.almasb.fxgl.ui.FXGLUIFactoryServiceProvider
17:28:49.773 [FXGL Background Thread 3 ] DEBUG Engine               - class com.almasb.fxgl.ui.FXGLDialogFactoryServiceProvider
17:28:49.773 [FXGL Background Thread 3 ] DEBUG Engine               - class com.almasb.fxgl.audio.AudioPlayer
17:28:49.773 [FXGL Background Thread 3 ] DEBUG Engine               - class com.almasb.fxgl.notification.impl.NotificationServiceProvider
17:28:49.773 [FXGL Background Thread 3 ] DEBUG Engine               - class com.almasb.fxgl.achievement.AchievementService
17:28:49.773 [FXGL Background Thread 3 ] DEBUG Engine               - class com.almasb.fxgl.cutscene.CutsceneService
17:28:49.773 [FXGL Background Thread 3 ] DEBUG Engine               - class com.almasb.fxgl.minigames.MiniGameService
17:28:49.773 [FXGL Background Thread 3 ] DEBUG Engine               - class com.almasb.fxgl.net.NetService
17:28:49.774 [FXGL Background Thread 3 ] DEBUG Engine               - class com.almasb.fxgl.app.services.UpdaterService
17:28:49.774 [FXGL Background Thread 3 ] DEBUG Engine               - class com.almasb.fxgl.dev.DevService
17:29:31.599 [JavaFX Application Thread] DEBUG FXGLApplication      - Exiting FXGL
17:29:31.600 [JavaFX Application Thread] DEBUG LoopRunner           - Stopping loop
17:29:31.600 [JavaFX Application Thread] DEBUG SystemBundleService  - Saving FXGL system data
17:29:31.603 [JavaFX Application Thread] DEBUG FileSystemAccess     - Writing to: C:\Users\Lenovo\MyProject\myproject\system\fxgl.bundle
17:29:31.606 [JavaFX Application Thread] DEBUG Async                - Shutting down background threads
17:29:31.607 [JavaFX Application Thread] DEBUG PrimaryStageWindow   - Closing main window
17:29:31.666 [JavaFX Application Thread] DEBUG Logger               - Closing Logger
