15:52:02.404 [main                     ] DEBUG Logger               - Configured Logger
15:52:02.427 [main                     ] DEBUG GameApplication      - Logging settings
Title: Final Journey
Version: Alpha
Width: 1280
Height: 720
Fullscreen: true
Intro: false
Profiling: false
Single step:false
App Mode: DEVELOPER
Menu Key: ESCAPE
Stage Style: DECORATED
Scene Factory: class com.almasb.fxgl.app.scene.SceneFactory

15:52:02.872 [JavaFX Application Thread] DEBUG FXGLApplication      - Initializing FXGL
15:52:02.877 [JavaFX Application Thread] INFO  Engine               - FXGL-21.1 (27.03.2024 07.52) on WINDOWS (J:21.0.5 FX:21.0.1)
15:52:02.878 [JavaFX Application Thread] DEBUG Engine               - JRE Vendor Name: Eclipse Adoptium
15:52:02.878 [JavaFX Application Thread] DEBUG Engine               - Running on OS: Windows 11 version 10.0
15:52:02.878 [JavaFX Application Thread] DEBUG Engine               - Architecture: amd64
15:52:02.878 [JavaFX Application Thread] INFO  Engine               - Source code and latest versions at: https://github.com/AlmasB/FXGL
15:52:02.878 [JavaFX Application Thread] INFO  Engine               -       Ask questions and discuss at: https://github.com/AlmasB/FXGL/discussions
15:52:02.879 [JavaFX Application Thread] INFO  Engine               -              Join the FXGL chat at: https://gitter.im/AlmasB/FXGL
15:52:02.999 [JavaFX Application Thread] DEBUG PrimaryStageWindow   - Creating a JavaFX scene
15:52:03.054 [JavaFX Application Thread] DEBUG PrimaryStageWindow   - Target settings size: 1280.0 x 720.0
15:52:03.054 [JavaFX Application Thread] DEBUG PrimaryStageWindow   - Scaled scene size:    1280.0 x 720.0
15:52:03.055 [JavaFX Application Thread] DEBUG PrimaryStageWindow   - Scaled ratio: (1.0, 1.0)
15:52:03.057 [JavaFX Application Thread] DEBUG PrimaryStageWindow   - Set initial scene to FXGLStartupScene
15:52:03.062 [JavaFX Application Thread] DEBUG PrimaryStageWindow   - Opening main window
15:52:03.159 [JavaFX Application Thread] DEBUG PrimaryStageWindow   - Window border size: (16.0, 39.0)
15:52:03.159 [JavaFX Application Thread] DEBUG PrimaryStageWindow   - Scaled size: 1280.0 x 720.0
15:52:03.160 [JavaFX Application Thread] DEBUG PrimaryStageWindow   - Scaled ratio: (1.0, 1.0)
15:52:03.160 [JavaFX Application Thread] DEBUG PrimaryStageWindow   - Scene size: 1280.0 x 720.0
15:52:03.160 [JavaFX Application Thread] DEBUG PrimaryStageWindow   - Stage size: 1296.0 x 759.0
15:52:03.244 [JavaFX Application Thread] DEBUG PrimaryStageWindow   - Going fullscreen
15:52:03.254 [FXGL Background Thread 1 ] DEBUG Engine               - Initializing environment variables
15:52:03.335 [FXGL Background Thread 1 ] DEBUG FXGLAssetLoaderServi - User app class for loading assets: class com.project.App
15:52:03.335 [FXGL Background Thread 1 ] DEBUG GameApplicationServi - Applying CSS: fxgl_dark.css
15:52:03.336 [FXGL Background Thread 1 ] DEBUG FXGLAssetLoaderServi - Loading from file system: jar:file:/C:/Users/Student/.m2/repository/com/github/almasb/fxgl/21.1/fxgl-21.1.jar!/fxglassets/ui/css/fxgl_dark.css
15:52:03.390 [FXGL Background Thread 1 ] DEBUG GameApplicationServi - Initializing application scenes
15:52:03.428 [FXGL Background Thread 1 ] DEBUG GameWorld            - Game world initialized
15:52:03.498 [FXGL Background Thread 1 ] DEBUG PhysicsWorld         - Physics world initialized: appHeight=720, physics.ppm=50.0
15:52:03.499 [FXGL Background Thread 1 ] DEBUG PhysicsWorld         - Using strategy: BRUTE_FORCE
15:52:03.503 [FXGL Background Thread 1 ] DEBUG GameScene            - Game scene initialized: 1280x720
15:52:03.517 [FXGL Background Thread 1 ] DEBUG FXGL.DefaultMenu     - createMenuBodyGameMenu()
15:52:03.536 [FXGL Background Thread 1 ] DEBUG FXGL.DefaultMenu     - createOptionsMenu()
15:52:03.546 [FXGL Background Thread 1 ] DEBUG FXGLAssetLoaderServi - Loading from file system: jar:file:/C:/Users/Student/.m2/repository/com/github/almasb/fxgl/21.1/fxgl-21.1.jar!/fxglassets/textures/particles/smoke.png
15:52:03.658 [FXGL Background Thread 1 ] DEBUG FXGLAssetLoaderServi - Loading from file system: jar:file:/C:/Users/Student/.m2/repository/com/github/almasb/fxgl/21.1/fxgl-21.1.jar!/fxglassets/textures/particles/trace_horizontal.png
15:52:03.688 [FXGL Background Thread 1 ] DEBUG GameApplicationServi - Application scenes initialized
15:52:03.702 [FXGL Background Thread 1 ] DEBUG SystemBundleService  - Loading FXGL system data
15:52:03.707 [FXGL Background Thread 1 ] DEBUG FileSystemAccess     - Reading from: D:\Project\myproject\system\fxgl.bundle
15:52:03.718 [FXGL Background Thread 1 ] DEBUG SystemBundleService  - Bundle FXGL: {}
15:52:03.719 [FXGL Background Thread 1 ] DEBUG UpdaterService       - Checking for updates
15:52:03.749 [FXGL Background Thread 4 ] DEBUG FXGLApplication      - Loading fonts
15:52:03.750 [FXGL Background Thread 4 ] DEBUG FXGLAssetLoaderServi - Loading from file system: jar:file:/C:/Users/Student/.m2/repository/com/github/almasb/fxgl/21.1/fxgl-21.1.jar!/fxglassets/ui/fonts/VarelaRound-Regular.ttf
15:52:03.750 [FXGL Background Thread 1 ] DEBUG FXGLApplication      - Loading default localization
15:52:03.751 [FXGL Background Thread 1 ] DEBUG FXGLAssetLoaderServi - Loading from file system: jar:file:/C:/Users/Student/.m2/repository/com/github/almasb/fxgl/21.1/fxgl-21.1.jar!/fxglassets/languages/english.lang
15:52:03.778 [FXGL Background Thread 1 ] INFO  FXGLApplication      - FXGL initialization took: 0.524 sec
15:52:03.782 [FXGL Background Thread 4 ] DEBUG FXGLAssetLoaderServi - Loading from file system: jar:file:/C:/Users/Student/.m2/repository/com/github/almasb/fxgl/21.1/fxgl-21.1.jar!/fxglassets/ui/fonts/Abel-Regular.ttf
15:52:03.788 [FXGL Background Thread 4 ] DEBUG FXGLAssetLoaderServi - Loading from file system: jar:file:/C:/Users/Student/.m2/repository/com/github/almasb/fxgl/21.1/fxgl-21.1.jar!/fxglassets/ui/fonts/TerminalLandMono-Regular.otf
15:52:03.792 [JavaFX Application Thread] DEBUG Input                - Registered new binding: Right - D
15:52:03.792 [JavaFX Application Thread] DEBUG Input                - Registered new binding: Left - A
15:52:03.792 [JavaFX Application Thread] DEBUG Input                - Registered new binding: Up - W
15:52:03.792 [FXGL Background Thread 4 ] DEBUG FXGLAssetLoaderServi - Loading from file system: jar:file:/C:/Users/Student/.m2/repository/com/github/almasb/fxgl/21.1/fxgl-21.1.jar!/fxglassets/ui/fonts/Courier-Prime.ttf
15:52:03.792 [JavaFX Application Thread] DEBUG Input                - Registered new binding: Down - S
15:52:03.792 [JavaFX Application Thread] DEBUG Input                - Registered new binding: Interact - E
15:52:03.793 [JavaFX Application Thread] DEBUG FXGLAssetLoaderServi - Loading from file system: jar:file:/C:/Users/Student/.m2/repository/com/github/almasb/fxgl/21.1/fxgl-21.1.jar!/fxglassets/textures/fxgl_icon.png
15:52:03.813 [JavaFX Application Thread] DEBUG FXGLAssetLoaderServi - Loading from file system: jar:file:/C:/Users/Student/.m2/repository/com/github/almasb/fxgl/21.1/fxgl-21.1.jar!/fxglassets/textures/fxgl_default_cursor.png
15:52:03.816 [JavaFX Application Thread] DEBUG Input                - Registered new binding: Screenshot - CTRL+8
15:52:03.816 [JavaFX Application Thread] DEBUG Input                - Registered new binding: Dev Options - 1
15:52:03.817 [JavaFX Application Thread] DEBUG Input                - Registered new binding: Dev Console - 2
15:52:03.817 [JavaFX Application Thread] DEBUG Input                - Registered new binding: System info dump - CTRL+9
15:52:03.818 [JavaFX Application Thread] DEBUG Input                - Registered new binding: Restart - CTRL+R
15:52:03.819 [JavaFX Application Thread] DEBUG Input                - Registered new binding: Toggle Debug Camera - CTRL+7
15:52:03.823 [JavaFX Application Thread] DEBUG LoopRunner           - Starting loop
15:52:03.841 [JavaFX Application Thread] DEBUG LoopRunner           - Initializing JavaFX AnimationTimerLoop
15:52:03.842 [JavaFX Application Thread] DEBUG GameApplicationServi - Starting new game
15:52:03.843 [JavaFX Application Thread] DEBUG Input                - Clearing active input actions
15:52:03.853 [JavaFX Application Thread] DEBUG GameApplicationServi - Removing overlay from FXGLStartupScene and adding to FXGLLoadingScene
15:52:03.858 [JavaFX Application Thread] DEBUG PrimaryStageWindow   - FXGLStartupScene -> FXGLLoadingScene
15:52:03.858 [JavaFX Application Thread] DEBUG GameApplicationServi - Clearing previous game
15:52:03.858 [JavaFX Application Thread] DEBUG GameScene            - Clearing game scene
15:52:03.859 [JavaFX Application Thread] DEBUG GameWorld            - Clearing game world
15:52:03.859 [JavaFX Application Thread] DEBUG PhysicsWorld         - Clearing physics world
15:52:03.860 [FXGL Background Thread 4 ] DEBUG FXGLApplication      - Initializing game
15:52:03.862 [JavaFX Application Thread] DEBUG FXGLApplication      - Registering font factories with UI factory
15:52:03.938 [FXGL Background Thread 4 ] WARN  TMXLevelLoader       - TiledMap generated from 1.11.0. Supported version: 1.9.0. Some features may not be parsed fully.
15:52:03.966 [FXGL Background Thread 4 ] DEBUG TMXLevelLoader       - Parsed TiledMap: file:/D:/Project/myproject/myproject/target/classes/assets/levels/scene1.tmx
15:52:03.969 [FXGL Background Thread 4 ] DEBUG TMXLevelLoader       - Creating tile layer entities
15:52:03.972 [FXGL Background Thread 4 ] DEBUG TilesetLoader        - Loading view for layer lowefloor
15:52:03.973 [FXGL Background Thread 4 ] DEBUG TilesetLoader        - Created buffer with size 512.0x1024.0
15:52:04.097 [FXGL Background Thread 4 ] DEBUG TilesetLoader        - Loading view for layer cliff
15:52:04.101 [FXGL Background Thread 4 ] DEBUG TilesetLoader        - Created buffer with size 512.0x1024.0
15:52:04.103 [FXGL Background Thread 4 ] DEBUG TilesetLoader        - Loading view for layer cliff1
15:52:04.103 [FXGL Background Thread 4 ] DEBUG TilesetLoader        - Created buffer with size 512.0x1024.0
15:52:04.104 [FXGL Background Thread 4 ] DEBUG TilesetLoader        - Loading view for layer cliff2
15:52:04.105 [FXGL Background Thread 4 ] DEBUG TilesetLoader        - Created buffer with size 512.0x1024.0
15:52:04.106 [FXGL Background Thread 4 ] DEBUG TilesetLoader        - Loading view for layer Tile Layer 3
15:52:04.106 [FXGL Background Thread 4 ] DEBUG TilesetLoader        - Created buffer with size 512.0x1024.0
15:52:04.107 [FXGL Background Thread 4 ] DEBUG TilesetLoader        - Loading view for layer Tile Layer 6
15:52:04.109 [FXGL Background Thread 4 ] DEBUG TilesetLoader        - Created buffer with size 512.0x1024.0
15:52:04.252 [FXGL Background Thread 4 ] DEBUG TilesetLoader        - Loading view for layer prop
15:52:04.253 [FXGL Background Thread 4 ] DEBUG TilesetLoader        - Created buffer with size 512.0x1024.0
15:52:04.253 [FXGL Background Thread 4 ] DEBUG TMXLevelLoader       - Creating object layer entities
15:52:04.294 [FXGL Background Thread 4 ] DEBUG FXGLAssetLoaderServi - Loading from file system: file:/D:/Project/myproject/myproject/target/classes/assets/textures/Actor1.png
15:52:04.309 [FXGL Background Thread 4 ] DEBUG FXGLAssetLoaderServi - Loading from file system: file:/D:/Project/myproject/myproject/target/classes/assets/textures/Rex.png
15:52:04.311 [FXGL Background Thread 4 ] WARN  TMXLevelLoader       - TiledMap generated from 1.11.0. Supported version: 1.9.0. Some features may not be parsed fully.
15:52:04.330 [FXGL Background Thread 4 ] DEBUG TMXLevelLoader       - Parsed TiledMap: file:/D:/Project/myproject/myproject/target/classes/assets/levels/scene1.tmx
15:52:04.330 [FXGL Background Thread 4 ] DEBUG TMXLevelLoader       - Creating tile layer entities
15:52:04.331 [FXGL Background Thread 4 ] DEBUG TilesetLoader        - Loading view for layer lowefloor
15:52:04.331 [FXGL Background Thread 4 ] DEBUG TilesetLoader        - Created buffer with size 512.0x1024.0
15:52:04.376 [FXGL Background Thread 4 ] DEBUG TilesetLoader        - Loading view for layer cliff
15:52:04.376 [FXGL Background Thread 4 ] DEBUG TilesetLoader        - Created buffer with size 512.0x1024.0
15:52:04.377 [FXGL Background Thread 4 ] DEBUG TilesetLoader        - Loading view for layer cliff1
15:52:04.377 [FXGL Background Thread 4 ] DEBUG TilesetLoader        - Created buffer with size 512.0x1024.0
15:52:04.378 [FXGL Background Thread 4 ] DEBUG TilesetLoader        - Loading view for layer cliff2
15:52:04.379 [FXGL Background Thread 4 ] DEBUG TilesetLoader        - Created buffer with size 512.0x1024.0
15:52:04.380 [FXGL Background Thread 4 ] DEBUG TilesetLoader        - Loading view for layer Tile Layer 3
15:52:04.383 [FXGL Background Thread 4 ] DEBUG TilesetLoader        - Created buffer with size 512.0x1024.0
15:52:04.387 [FXGL Background Thread 4 ] DEBUG TilesetLoader        - Loading view for layer Tile Layer 6
15:52:04.394 [FXGL Background Thread 4 ] DEBUG TilesetLoader        - Created buffer with size 512.0x1024.0
15:52:04.503 [FXGL Background Thread 4 ] DEBUG TilesetLoader        - Loading view for layer prop
15:52:04.505 [FXGL Background Thread 4 ] DEBUG TilesetLoader        - Created buffer with size 512.0x1024.0
15:52:04.506 [FXGL Background Thread 4 ] DEBUG TMXLevelLoader       - Creating object layer entities
15:52:04.522 [FXGL Background Thread 4 ] DEBUG GameWorld            - Clearing removable entities
15:52:04.523 [FXGL Background Thread 4 ] DEBUG GameWorld            - Setting level: com.almasb.fxgl.entity.level.Level@1d9c3935
15:52:04.538 [FXGL Background Thread 4 ] INFO  FXGLApplication      - Game initialization took: 0.678 sec
15:52:04.539 [JavaFX Application Thread] DEBUG Input                - Clearing active input actions
15:52:04.556 [JavaFX Application Thread] DEBUG GameApplicationServi - Removing overlay from FXGLLoadingScene and adding to GameScene
15:52:04.563 [JavaFX Application Thread] DEBUG PrimaryStageWindow   - FXGLLoadingScene -> GameScene
15:52:06.749 [FXGL Background Thread 3 ] DEBUG Engine               - Logging environment variables
15:52:06.750 [FXGL Background Thread 3 ] DEBUG Engine               - achievements: []
15:52:06.750 [FXGL Background Thread 3 ] DEBUG Engine               - actualHeight: 1080.0
15:52:06.750 [FXGL Background Thread 3 ] DEBUG Engine               - actualHeightProperty: ReadOnlyDoubleProperty [value: 1080.0]
15:52:06.750 [FXGL Background Thread 3 ] DEBUG Engine               - actualWidth: 1920.0
15:52:06.750 [FXGL Background Thread 3 ] DEBUG Engine               - actualWidthProperty: ReadOnlyDoubleProperty [value: 1920.0]
15:52:06.750 [FXGL Background Thread 3 ] DEBUG Engine               - appIcon: fxgl_icon.png
15:52:06.750 [FXGL Background Thread 3 ] DEBUG Engine               - applicationMode: DEVELOPER
15:52:06.750 [FXGL Background Thread 3 ] DEBUG Engine               - cSSList: [fxgl_dark.css]
15:52:06.751 [FXGL Background Thread 3 ] DEBUG Engine               - collisionDetectionStrategy: BRUTE_FORCE
15:52:06.751 [FXGL Background Thread 3 ] DEBUG Engine               - configClass: Optional.empty
15:52:06.751 [FXGL Background Thread 3 ] DEBUG Engine               - credits: []
15:52:06.751 [FXGL Background Thread 3 ] DEBUG Engine               - defaultCursor: CursorInfo(imageName=fxgl_default_cursor.png, hotspotX=7.0, hotspotY=6.0)
15:52:06.751 [FXGL Background Thread 3 ] DEBUG Engine               - devBBoxColorProperty: ObjectProperty [value: 0xff0000ff]
15:52:06.751 [FXGL Background Thread 3 ] DEBUG Engine               - devEnableDebugCameraProperty: BooleanProperty [value: false]
15:52:06.752 [FXGL Background Thread 3 ] DEBUG Engine               - devSensorColorProperty: ObjectProperty [value: 0xffff00ff]
15:52:06.752 [FXGL Background Thread 3 ] DEBUG Engine               - devShowBBoxProperty: BooleanProperty [value: false]
15:52:06.752 [FXGL Background Thread 3 ] DEBUG Engine               - devShowPositionProperty: BooleanProperty [value: false]
15:52:06.752 [FXGL Background Thread 3 ] DEBUG Engine               - enabledMenuItems: []
15:52:06.752 [FXGL Background Thread 3 ] DEBUG Engine               - engineServices: [class com.almasb.fxgl.app.services.FXGLAssetLoaderService, class com.almasb.fxgl.app.FXGLApplication$GameApplicationService, class com.almasb.fxgl.app.services.FXGLDialogService, class com.almasb.fxgl.app.services.IOTaskExecutorService, class com.almasb.fxgl.io.FileSystemService, class com.almasb.fxgl.localization.LocalizationService, class com.almasb.fxgl.app.services.SystemBundleService, class com.almasb.fxgl.profile.SaveLoadService, class com.almasb.fxgl.ui.FXGLUIFactoryServiceProvider, class com.almasb.fxgl.ui.FXGLDialogFactoryServiceProvider, class com.almasb.fxgl.audio.AudioPlayer, class com.almasb.fxgl.notification.impl.NotificationServiceProvider, class com.almasb.fxgl.achievement.AchievementService, class com.almasb.fxgl.cutscene.CutsceneService, class com.almasb.fxgl.minigames.MiniGameService, class com.almasb.fxgl.net.NetService, class com.almasb.fxgl.app.services.UpdaterService, class com.almasb.fxgl.dev.DevService]
15:52:06.752 [FXGL Background Thread 3 ] DEBUG Engine               - fontGame: Abel-Regular.ttf
15:52:06.752 [FXGL Background Thread 3 ] DEBUG Engine               - fontMono: TerminalLandMono-Regular.otf
15:52:06.752 [FXGL Background Thread 3 ] DEBUG Engine               - fontSizeScaleUI: 1.0
15:52:06.752 [FXGL Background Thread 3 ] DEBUG Engine               - fontText: Courier-Prime.ttf
15:52:06.752 [FXGL Background Thread 3 ] DEBUG Engine               - fontUI: VarelaRound-Regular.ttf
15:52:06.752 [FXGL Background Thread 3 ] DEBUG Engine               - fullScreen: BooleanProperty [value: true]
15:52:06.752 [FXGL Background Thread 3 ] DEBUG Engine               - gameDifficulty: MEDIUM
15:52:06.753 [FXGL Background Thread 3 ] DEBUG Engine               - gameDifficultyProperty: ObjectProperty [value: MEDIUM]
15:52:06.753 [FXGL Background Thread 3 ] DEBUG Engine               - globalMusicVolume: 0.5
15:52:06.753 [FXGL Background Thread 3 ] DEBUG Engine               - globalMusicVolumeProperty: DoubleProperty [value: 0.5]
15:52:06.753 [FXGL Background Thread 3 ] DEBUG Engine               - globalSoundVolume: 0.5
15:52:06.753 [FXGL Background Thread 3 ] DEBUG Engine               - globalSoundVolumeProperty: DoubleProperty [value: 0.5]
15:52:06.753 [FXGL Background Thread 3 ] DEBUG Engine               - height: 720
15:52:06.753 [FXGL Background Thread 3 ] DEBUG Engine               - is3D: false
15:52:06.753 [FXGL Background Thread 3 ] DEBUG Engine               - isAndroid: false
15:52:06.753 [FXGL Background Thread 3 ] DEBUG Engine               - isBrowser: false
15:52:06.753 [FXGL Background Thread 3 ] DEBUG Engine               - isClickFeedbackEnabled: false
15:52:06.753 [FXGL Background Thread 3 ] DEBUG Engine               - isCloseConfirmation: false
15:52:06.753 [FXGL Background Thread 3 ] DEBUG Engine               - isDesktop: true
15:52:06.753 [FXGL Background Thread 3 ] DEBUG Engine               - isDeveloperMenuEnabled: true
15:52:06.754 [FXGL Background Thread 3 ] DEBUG Engine               - isEmbedded: false
15:52:06.754 [FXGL Background Thread 3 ] DEBUG Engine               - isEntityPreloadEnabled: true
15:52:06.754 [FXGL Background Thread 3 ] DEBUG Engine               - isExperimentalTiledLargeMap: false
15:52:06.754 [FXGL Background Thread 3 ] DEBUG Engine               - isFileSystemWriteAllowed: true
15:52:06.754 [FXGL Background Thread 3 ] DEBUG Engine               - isFullScreenAllowed: true
15:52:06.754 [FXGL Background Thread 3 ] DEBUG Engine               - isFullScreenFromStart: true
15:52:06.754 [FXGL Background Thread 3 ] DEBUG Engine               - isGameMenuEnabled: true
15:52:06.754 [FXGL Background Thread 3 ] DEBUG Engine               - isIOS: false
15:52:06.754 [FXGL Background Thread 3 ] DEBUG Engine               - isIntroEnabled: false
15:52:06.754 [FXGL Background Thread 3 ] DEBUG Engine               - isLinux: false
15:52:06.754 [FXGL Background Thread 3 ] DEBUG Engine               - isMac: false
15:52:06.754 [FXGL Background Thread 3 ] DEBUG Engine               - isMainMenuEnabled: false
15:52:06.754 [FXGL Background Thread 3 ] DEBUG Engine               - isManualResizeEnabled: false
15:52:06.755 [FXGL Background Thread 3 ] DEBUG Engine               - isMobile: false
15:52:06.755 [FXGL Background Thread 3 ] DEBUG Engine               - isNative: false
15:52:06.755 [FXGL Background Thread 3 ] DEBUG Engine               - isPauseMusicWhenMinimized: true
15:52:06.755 [FXGL Background Thread 3 ] DEBUG Engine               - isPreserveResizeRatio: false
15:52:06.755 [FXGL Background Thread 3 ] DEBUG Engine               - isProfilingEnabled: false
15:52:06.755 [FXGL Background Thread 3 ] DEBUG Engine               - isScaleAffectedOnResize: true
15:52:06.755 [FXGL Background Thread 3 ] DEBUG Engine               - isSingleStep: false
15:52:06.755 [FXGL Background Thread 3 ] DEBUG Engine               - isUserProfileEnabled: false
15:52:06.755 [FXGL Background Thread 3 ] DEBUG Engine               - isWindows: true
15:52:06.755 [FXGL Background Thread 3 ] DEBUG Engine               - language: ObjectProperty [value: ENGLISH]
15:52:06.755 [FXGL Background Thread 3 ] DEBUG Engine               - menuKey: ESCAPE
15:52:06.755 [FXGL Background Thread 3 ] DEBUG Engine               - mouseSensitivity: 0.2
15:52:06.755 [FXGL Background Thread 3 ] DEBUG Engine               - notificationViewClass: class com.almasb.fxgl.notification.view.XboxNotificationView
15:52:06.756 [FXGL Background Thread 3 ] DEBUG Engine               - pixelsPerMeter: 50.0
15:52:06.756 [FXGL Background Thread 3 ] DEBUG Engine               - platform: WINDOWS
15:52:06.756 [FXGL Background Thread 3 ] DEBUG Engine               - prefHeightProperty: ReadOnlyDoubleProperty [value: 720.0]
15:52:06.756 [FXGL Background Thread 3 ] DEBUG Engine               - prefWidthProperty: ReadOnlyDoubleProperty [value: 1280.0]
15:52:06.756 [FXGL Background Thread 3 ] DEBUG Engine               - profileDir: profiles/
15:52:06.756 [FXGL Background Thread 3 ] DEBUG Engine               - profileName: StringProperty [value: DEFAULT]
15:52:06.756 [FXGL Background Thread 3 ] DEBUG Engine               - randomSeed: -1
15:52:06.756 [FXGL Background Thread 3 ] DEBUG Engine               - runtimeInfo: RuntimeInfo(platform=WINDOWS, version=21.1, build=27.03.2024 07.52)
15:52:06.756 [FXGL Background Thread 3 ] DEBUG Engine               - saveFileExt: sav
15:52:06.756 [FXGL Background Thread 3 ] DEBUG Engine               - scaledHeightProp$fxgl: DoubleProperty [bound, value: 1080.0]
15:52:06.756 [FXGL Background Thread 3 ] DEBUG Engine               - scaledWidthProp$fxgl: DoubleProperty [bound, value: 1920.0]
15:52:06.757 [FXGL Background Thread 3 ] DEBUG Engine               - sceneFactory: com.almasb.fxgl.app.scene.SceneFactory@5fa7e09f
15:52:06.757 [FXGL Background Thread 3 ] DEBUG Engine               - secondsIn24h: 60
15:52:06.757 [FXGL Background Thread 3 ] DEBUG Engine               - soundMenuBack: menu/back.wav
15:52:06.757 [FXGL Background Thread 3 ] DEBUG Engine               - soundMenuPress: menu/press.wav
15:52:06.757 [FXGL Background Thread 3 ] DEBUG Engine               - soundMenuSelect: menu/select.wav
15:52:06.757 [FXGL Background Thread 3 ] DEBUG Engine               - soundNotification: core/notification.wav
15:52:06.757 [FXGL Background Thread 3 ] DEBUG Engine               - stageStyle: DECORATED
15:52:06.757 [FXGL Background Thread 3 ] DEBUG Engine               - supportedLanguages: [ENGLISH, FRENCH, GERMAN, HUNGARIAN, RUSSIAN]
15:52:06.757 [FXGL Background Thread 3 ] DEBUG Engine               - ticksPerSecond: -1
15:52:06.757 [FXGL Background Thread 3 ] DEBUG Engine               - title: Final Journey
15:52:06.757 [FXGL Background Thread 3 ] DEBUG Engine               - urlGithub: https://github.com/AlmasB/FXGL
15:52:06.757 [FXGL Background Thread 3 ] DEBUG Engine               - urlLeaderboard: http://fxgl-top.herokuapp.com/
15:52:06.757 [FXGL Background Thread 3 ] DEBUG Engine               - urlPOM: https://raw.githubusercontent.com/AlmasB/FXGL/release/README.md
15:52:06.757 [FXGL Background Thread 3 ] DEBUG Engine               - userAppClass: class com.project.App
15:52:06.757 [FXGL Background Thread 3 ] DEBUG Engine               - version: Alpha
15:52:06.758 [FXGL Background Thread 3 ] DEBUG Engine               - versionCheckDays: 7
15:52:06.758 [FXGL Background Thread 3 ] DEBUG Engine               - width: 1280
15:52:06.758 [FXGL Background Thread 3 ] DEBUG Engine               - Logging services
15:52:06.758 [FXGL Background Thread 3 ] DEBUG Engine               - class com.almasb.fxgl.app.services.FXGLAssetLoaderService
15:52:06.758 [FXGL Background Thread 3 ] DEBUG Engine               - class com.almasb.fxgl.app.FXGLApplication$GameApplicationService
15:52:06.758 [FXGL Background Thread 3 ] DEBUG Engine               - class com.almasb.fxgl.app.services.FXGLDialogService
15:52:06.758 [FXGL Background Thread 3 ] DEBUG Engine               - class com.almasb.fxgl.app.services.IOTaskExecutorService
15:52:06.758 [FXGL Background Thread 3 ] DEBUG Engine               - class com.almasb.fxgl.io.FileSystemService
15:52:06.758 [FXGL Background Thread 3 ] DEBUG Engine               - class com.almasb.fxgl.localization.LocalizationService
15:52:06.758 [FXGL Background Thread 3 ] DEBUG Engine               - class com.almasb.fxgl.app.services.SystemBundleService
15:52:06.758 [FXGL Background Thread 3 ] DEBUG Engine               - class com.almasb.fxgl.profile.SaveLoadService
15:52:06.759 [FXGL Background Thread 3 ] DEBUG Engine               - class com.almasb.fxgl.ui.FXGLUIFactoryServiceProvider
15:52:06.759 [FXGL Background Thread 3 ] DEBUG Engine               - class com.almasb.fxgl.ui.FXGLDialogFactoryServiceProvider
15:52:06.759 [FXGL Background Thread 3 ] DEBUG Engine               - class com.almasb.fxgl.audio.AudioPlayer
15:52:06.759 [FXGL Background Thread 3 ] DEBUG Engine               - class com.almasb.fxgl.notification.impl.NotificationServiceProvider
15:52:06.759 [FXGL Background Thread 3 ] DEBUG Engine               - class com.almasb.fxgl.achievement.AchievementService
15:52:06.759 [FXGL Background Thread 3 ] DEBUG Engine               - class com.almasb.fxgl.cutscene.CutsceneService
15:52:06.759 [FXGL Background Thread 3 ] DEBUG Engine               - class com.almasb.fxgl.minigames.MiniGameService
15:52:06.759 [FXGL Background Thread 3 ] DEBUG Engine               - class com.almasb.fxgl.net.NetService
15:52:06.759 [FXGL Background Thread 3 ] DEBUG Engine               - class com.almasb.fxgl.app.services.UpdaterService
15:52:06.759 [FXGL Background Thread 3 ] DEBUG Engine               - class com.almasb.fxgl.dev.DevService
15:59:56.838 [JavaFX Application Thread] DEBUG PrimaryStageWindow   - Push state: FXGLDefaultMenu
15:59:56.854 [JavaFX Application Thread] DEBUG Input                - Clearing active input actions
15:59:56.854 [JavaFX Application Thread] DEBUG GameApplicationServi - Removing overlay from GameScene and adding to FXGLDefaultMenu
15:59:56.854 [JavaFX Application Thread] DEBUG PrimaryStageWindow   - GameScene -> FXGLDefaultMenu
15:59:57.994 [JavaFX Application Thread] DEBUG Menu                 - fireExit()
15:59:58.010 [JavaFX Application Thread] DEBUG PrimaryStageWindow   - Push state: DialogSubScene
15:59:58.010 [JavaFX Application Thread] DEBUG Input                - Clearing active input actions
15:59:58.010 [JavaFX Application Thread] DEBUG GameApplicationServi - Removing overlay from FXGLDefaultMenu and adding to DialogSubScene
15:59:58.010 [JavaFX Application Thread] DEBUG PrimaryStageWindow   - FXGLDefaultMenu -> DialogSubScene
15:59:58.650 [JavaFX Application Thread] DEBUG PrimaryStageWindow   - Pop state: DialogSubScene
15:59:58.650 [JavaFX Application Thread] DEBUG Input                - Clearing active input actions
15:59:58.650 [JavaFX Application Thread] DEBUG GameApplicationServi - Removing overlay from DialogSubScene and adding to FXGLDefaultMenu
15:59:58.650 [JavaFX Application Thread] DEBUG PrimaryStageWindow   - FXGLDefaultMenu <- DialogSubScene
15:59:58.650 [JavaFX Application Thread] DEBUG FXGLApplication      - Exiting FXGL
15:59:58.650 [JavaFX Application Thread] DEBUG LoopRunner           - Stopping loop
15:59:58.650 [JavaFX Application Thread] DEBUG SystemBundleService  - Saving FXGL system data
15:59:58.650 [JavaFX Application Thread] DEBUG FileSystemAccess     - Writing to: D:\Project\myproject\system\fxgl.bundle
15:59:58.666 [JavaFX Application Thread] DEBUG Async                - Shutting down background threads
15:59:58.666 [JavaFX Application Thread] DEBUG PrimaryStageWindow   - Closing main window
15:59:58.666 [JavaFX Application Thread] DEBUG Logger               - Closing Logger
