23:38:57.591 [main                     ] DEBUG Logger               - Configured Logger
23:38:57.611 [main                     ] DEBUG GameApplication      - Logging settings
Title: Final Journey
Version: Alpha
Width: 1280
Height: 720
Fullscreen: true
Intro: false
Profiling: false
Single step:false
App Mode: DEVELOPER
Menu Key: ESCAPE
Stage Style: DECORATED
Scene Factory: class com.almasb.fxgl.app.scene.SceneFactory

23:38:58.114 [JavaFX Application Thread] DEBUG FXGLApplication      - Initializing FXGL
23:38:58.118 [JavaFX Application Thread] INFO  Engine               - FXGL-21.1 (27.03.2024 07.52) on WINDOWS (J:21.0.5 FX:21.0.1)
23:38:58.118 [JavaFX Application Thread] DEBUG Engine               - JRE Vendor Name: Eclipse Adoptium
23:38:58.118 [JavaFX Application Thread] DEBUG Engine               - Running on OS: Windows 11 version 10.0
23:38:58.118 [JavaFX Application Thread] DEBUG Engine               - Architecture: amd64
23:38:58.119 [JavaFX Application Thread] INFO  Engine               - Source code and latest versions at: https://github.com/AlmasB/FXGL
23:38:58.119 [JavaFX Application Thread] INFO  Engine               -       Ask questions and discuss at: https://github.com/AlmasB/FXGL/discussions
23:38:58.119 [JavaFX Application Thread] INFO  Engine               -              Join the FXGL chat at: https://gitter.im/AlmasB/FXGL
23:38:58.234 [JavaFX Application Thread] DEBUG PrimaryStageWindow   - Creating a JavaFX scene
23:38:58.285 [JavaFX Application Thread] DEBUG PrimaryStageWindow   - Target settings size: 1280.0 x 720.0
23:38:58.285 [JavaFX Application Thread] DEBUG PrimaryStageWindow   - Scaled scene size:    1280.0 x 720.0
23:38:58.285 [JavaFX Application Thread] DEBUG PrimaryStageWindow   - Scaled ratio: (1.0, 1.0)
23:38:58.287 [JavaFX Application Thread] DEBUG PrimaryStageWindow   - Set initial scene to FXGLStartupScene
23:38:58.292 [JavaFX Application Thread] DEBUG PrimaryStageWindow   - Opening main window
23:38:58.405 [JavaFX Application Thread] DEBUG PrimaryStageWindow   - Window border size: (14.4000244140625, 37.5999755859375)
23:38:58.406 [JavaFX Application Thread] DEBUG PrimaryStageWindow   - Scaled size: 1280.0 x 720.0
23:38:58.406 [JavaFX Application Thread] DEBUG PrimaryStageWindow   - Scaled ratio: (1.0, 1.0)
23:38:58.406 [JavaFX Application Thread] DEBUG PrimaryStageWindow   - Scene size: 1280.0 x 720.0
23:38:58.406 [JavaFX Application Thread] DEBUG PrimaryStageWindow   - Stage size: 1294.4000244140625 x 757.5999755859375
23:38:58.493 [JavaFX Application Thread] DEBUG PrimaryStageWindow   - Going fullscreen
23:38:58.506 [FXGL Background Thread 1 ] DEBUG Engine               - Initializing environment variables
23:38:58.569 [FXGL Background Thread 1 ] DEBUG FXGLAssetLoaderServi - User app class for loading assets: class com.project.App
23:38:58.569 [FXGL Background Thread 1 ] DEBUG GameApplicationServi - Applying CSS: fxgl_dark.css
23:38:58.570 [FXGL Background Thread 1 ] DEBUG FXGLAssetLoaderServi - Loading from file system: jar:file:/C:/Users/Lenovo/.m2/repository/com/github/almasb/fxgl/21.1/fxgl-21.1.jar!/fxglassets/ui/css/fxgl_dark.css
23:38:58.610 [FXGL Background Thread 1 ] DEBUG GameApplicationServi - Initializing application scenes
23:38:58.660 [FXGL Background Thread 1 ] DEBUG GameWorld            - Game world initialized
23:38:58.719 [FXGL Background Thread 1 ] DEBUG PhysicsWorld         - Physics world initialized: appHeight=720, physics.ppm=50.0
23:38:58.719 [FXGL Background Thread 1 ] DEBUG PhysicsWorld         - Using strategy: BRUTE_FORCE
23:38:58.722 [FXGL Background Thread 1 ] DEBUG GameScene            - Game scene initialized: 1280x720
23:38:58.735 [FXGL Background Thread 1 ] DEBUG FXGL.DefaultMenu     - createMenuBodyGameMenu()
23:38:58.749 [FXGL Background Thread 1 ] DEBUG FXGL.DefaultMenu     - createOptionsMenu()
23:38:58.760 [FXGL Background Thread 1 ] DEBUG FXGLAssetLoaderServi - Loading from file system: jar:file:/C:/Users/Lenovo/.m2/repository/com/github/almasb/fxgl/21.1/fxgl-21.1.jar!/fxglassets/textures/particles/smoke.png
23:38:58.863 [FXGL Background Thread 1 ] DEBUG FXGLAssetLoaderServi - Loading from file system: jar:file:/C:/Users/Lenovo/.m2/repository/com/github/almasb/fxgl/21.1/fxgl-21.1.jar!/fxglassets/textures/particles/trace_horizontal.png
23:38:58.888 [FXGL Background Thread 1 ] DEBUG GameApplicationServi - Application scenes initialized
23:38:58.905 [FXGL Background Thread 1 ] DEBUG SystemBundleService  - Loading FXGL system data
23:38:58.909 [FXGL Background Thread 1 ] DEBUG FileSystemAccess     - Reading from: C:\Users\Lenovo\ProjectJava3.0\myproject\myproject\system\fxgl.bundle
23:38:58.918 [FXGL Background Thread 1 ] DEBUG SystemBundleService  - Bundle FXGL: {}
23:38:58.918 [FXGL Background Thread 1 ] DEBUG UpdaterService       - Checking for updates
23:38:58.948 [FXGL Background Thread 4 ] DEBUG FXGLApplication      - Loading fonts
23:38:58.949 [FXGL Background Thread 4 ] DEBUG FXGLAssetLoaderServi - Loading from file system: jar:file:/C:/Users/Lenovo/.m2/repository/com/github/almasb/fxgl/21.1/fxgl-21.1.jar!/fxglassets/ui/fonts/VarelaRound-Regular.ttf
23:38:58.949 [FXGL Background Thread 1 ] DEBUG FXGLApplication      - Loading default localization
23:38:58.950 [FXGL Background Thread 1 ] DEBUG FXGLAssetLoaderServi - Loading from file system: jar:file:/C:/Users/Lenovo/.m2/repository/com/github/almasb/fxgl/21.1/fxgl-21.1.jar!/fxglassets/languages/english.lang
23:38:58.974 [FXGL Background Thread 1 ] INFO  FXGLApplication      - FXGL initialization took: 0.469 sec
23:38:58.979 [FXGL Background Thread 4 ] DEBUG FXGLAssetLoaderServi - Loading from file system: jar:file:/C:/Users/Lenovo/.m2/repository/com/github/almasb/fxgl/21.1/fxgl-21.1.jar!/fxglassets/ui/fonts/Abel-Regular.ttf
23:38:58.983 [FXGL Background Thread 4 ] DEBUG FXGLAssetLoaderServi - Loading from file system: jar:file:/C:/Users/Lenovo/.m2/repository/com/github/almasb/fxgl/21.1/fxgl-21.1.jar!/fxglassets/ui/fonts/TerminalLandMono-Regular.otf
23:38:58.986 [JavaFX Application Thread] DEBUG Input                - Registered new binding: Right - D
23:38:58.986 [JavaFX Application Thread] DEBUG Input                - Registered new binding: Left - A
23:38:58.986 [FXGL Background Thread 4 ] DEBUG FXGLAssetLoaderServi - Loading from file system: jar:file:/C:/Users/Lenovo/.m2/repository/com/github/almasb/fxgl/21.1/fxgl-21.1.jar!/fxglassets/ui/fonts/Courier-Prime.ttf
23:38:58.986 [JavaFX Application Thread] DEBUG Input                - Registered new binding: Up - W
23:38:58.987 [JavaFX Application Thread] DEBUG Input                - Registered new binding: Down - S
23:38:58.987 [JavaFX Application Thread] DEBUG Input                - Registered new binding: Interact - E
23:38:58.988 [JavaFX Application Thread] DEBUG FXGLAssetLoaderServi - Loading from file system: jar:file:/C:/Users/Lenovo/.m2/repository/com/github/almasb/fxgl/21.1/fxgl-21.1.jar!/fxglassets/textures/fxgl_icon.png
23:38:59.006 [JavaFX Application Thread] DEBUG FXGLAssetLoaderServi - Loading from file system: jar:file:/C:/Users/Lenovo/.m2/repository/com/github/almasb/fxgl/21.1/fxgl-21.1.jar!/fxglassets/textures/fxgl_default_cursor.png
23:38:59.009 [JavaFX Application Thread] DEBUG Input                - Registered new binding: Screenshot - CTRL+8
23:38:59.009 [JavaFX Application Thread] DEBUG Input                - Registered new binding: Dev Options - 1
23:38:59.010 [JavaFX Application Thread] DEBUG Input                - Registered new binding: Dev Console - 2
23:38:59.010 [JavaFX Application Thread] DEBUG Input                - Registered new binding: System info dump - CTRL+9
23:38:59.011 [JavaFX Application Thread] DEBUG Input                - Registered new binding: Restart - CTRL+R
23:38:59.012 [JavaFX Application Thread] DEBUG Input                - Registered new binding: Toggle Debug Camera - CTRL+7
23:38:59.016 [JavaFX Application Thread] DEBUG LoopRunner           - Starting loop
23:38:59.040 [JavaFX Application Thread] DEBUG LoopRunner           - Initializing JavaFX AnimationTimerLoop
23:38:59.041 [JavaFX Application Thread] DEBUG GameApplicationServi - Starting new game
23:38:59.042 [JavaFX Application Thread] DEBUG Input                - Clearing active input actions
23:38:59.053 [JavaFX Application Thread] DEBUG GameApplicationServi - Removing overlay from FXGLStartupScene and adding to FXGLLoadingScene
23:38:59.059 [JavaFX Application Thread] DEBUG PrimaryStageWindow   - FXGLStartupScene -> FXGLLoadingScene
23:38:59.059 [JavaFX Application Thread] DEBUG GameApplicationServi - Clearing previous game
23:38:59.059 [JavaFX Application Thread] DEBUG GameScene            - Clearing game scene
23:38:59.059 [JavaFX Application Thread] DEBUG GameWorld            - Clearing game world
23:38:59.060 [JavaFX Application Thread] DEBUG PhysicsWorld         - Clearing physics world
23:38:59.061 [JavaFX Application Thread] DEBUG FXGLApplication      - Registering font factories with UI factory
23:38:59.061 [FXGL Background Thread 4 ] DEBUG FXGLApplication      - Initializing game
23:38:59.125 [FXGL Background Thread 4 ] WARN  TMXLevelLoader       - TiledMap generated from 1.11.2. Supported version: 1.9.0. Some features may not be parsed fully.
23:38:59.151 [FXGL Background Thread 4 ] DEBUG TMXLevelLoader       - Parsed TiledMap: file:/C:/Users/Lenovo/ProjectJava3.0/myproject/myproject/target/classes/assets/levels/scene1.tmx
23:38:59.152 [FXGL Background Thread 4 ] DEBUG TMXLevelLoader       - Creating tile layer entities
23:38:59.155 [FXGL Background Thread 4 ] DEBUG TilesetLoader        - Loading view for layer lowefloor
23:38:59.156 [FXGL Background Thread 4 ] DEBUG TilesetLoader        - Created buffer with size 512.0x1024.0
23:38:59.223 [FXGL Background Thread 4 ] DEBUG TilesetLoader        - Loading view for layer cliff
23:38:59.223 [FXGL Background Thread 4 ] DEBUG TilesetLoader        - Created buffer with size 512.0x1024.0
23:38:59.225 [FXGL Background Thread 4 ] DEBUG TilesetLoader        - Loading view for layer cliff1
23:38:59.227 [FXGL Background Thread 4 ] DEBUG TilesetLoader        - Created buffer with size 512.0x1024.0
23:38:59.228 [FXGL Background Thread 4 ] DEBUG TilesetLoader        - Loading view for layer cliff2
23:38:59.228 [FXGL Background Thread 4 ] DEBUG TilesetLoader        - Created buffer with size 512.0x1024.0
23:38:59.229 [FXGL Background Thread 4 ] DEBUG TilesetLoader        - Loading view for layer Tile Layer 3
23:38:59.230 [FXGL Background Thread 4 ] DEBUG TilesetLoader        - Created buffer with size 512.0x1024.0
23:38:59.231 [FXGL Background Thread 4 ] DEBUG TilesetLoader        - Loading view for layer Tile Layer 6
23:38:59.231 [FXGL Background Thread 4 ] DEBUG TilesetLoader        - Created buffer with size 512.0x1024.0
23:38:59.299 [FXGL Background Thread 4 ] DEBUG TilesetLoader        - Loading view for layer prop
23:38:59.300 [FXGL Background Thread 4 ] DEBUG TilesetLoader        - Created buffer with size 512.0x1024.0
23:38:59.300 [FXGL Background Thread 4 ] DEBUG TMXLevelLoader       - Creating object layer entities
23:38:59.336 [FXGL Background Thread 4 ] DEBUG FXGLAssetLoaderServi - Loading from file system: file:/C:/Users/Lenovo/ProjectJava3.0/myproject/myproject/target/classes/assets/textures/Rafflesia.png
23:38:59.358 [FXGL Background Thread 4 ] WARN  TMXLevelLoader       - TiledMap generated from 1.11.2. Supported version: 1.9.0. Some features may not be parsed fully.
23:38:59.370 [FXGL Background Thread 4 ] DEBUG TMXLevelLoader       - Parsed TiledMap: file:/C:/Users/Lenovo/ProjectJava3.0/myproject/myproject/target/classes/assets/levels/scene1.tmx
23:38:59.370 [FXGL Background Thread 4 ] DEBUG TMXLevelLoader       - Creating tile layer entities
23:38:59.371 [FXGL Background Thread 4 ] DEBUG TilesetLoader        - Loading view for layer lowefloor
23:38:59.371 [FXGL Background Thread 4 ] DEBUG TilesetLoader        - Created buffer with size 512.0x1024.0
23:38:59.399 [FXGL Background Thread 4 ] DEBUG TilesetLoader        - Loading view for layer cliff
23:38:59.400 [FXGL Background Thread 4 ] DEBUG TilesetLoader        - Created buffer with size 512.0x1024.0
23:38:59.401 [FXGL Background Thread 4 ] DEBUG TilesetLoader        - Loading view for layer cliff1
23:38:59.401 [FXGL Background Thread 4 ] DEBUG TilesetLoader        - Created buffer with size 512.0x1024.0
23:38:59.402 [FXGL Background Thread 4 ] DEBUG TilesetLoader        - Loading view for layer cliff2
23:38:59.403 [FXGL Background Thread 4 ] DEBUG TilesetLoader        - Created buffer with size 512.0x1024.0
23:38:59.404 [FXGL Background Thread 4 ] DEBUG TilesetLoader        - Loading view for layer Tile Layer 3
23:38:59.405 [FXGL Background Thread 4 ] DEBUG TilesetLoader        - Created buffer with size 512.0x1024.0
23:38:59.405 [FXGL Background Thread 4 ] DEBUG TilesetLoader        - Loading view for layer Tile Layer 6
23:38:59.406 [FXGL Background Thread 4 ] DEBUG TilesetLoader        - Created buffer with size 512.0x1024.0
23:38:59.461 [FXGL Background Thread 4 ] DEBUG TilesetLoader        - Loading view for layer prop
23:38:59.462 [FXGL Background Thread 4 ] DEBUG TilesetLoader        - Created buffer with size 512.0x1024.0
23:38:59.463 [FXGL Background Thread 4 ] DEBUG TMXLevelLoader       - Creating object layer entities
23:38:59.474 [FXGL Background Thread 4 ] DEBUG GameWorld            - Clearing removable entities
23:38:59.475 [FXGL Background Thread 4 ] DEBUG GameWorld            - Setting level: com.almasb.fxgl.entity.level.Level@403aaa1c
23:38:59.492 [FXGL Background Thread 4 ] DEBUG FXGLAssetLoaderServi - Loading from file system: file:/C:/Users/Lenovo/ProjectJava3.0/myproject/myproject/target/classes/assets/textures/Actor1.png
23:38:59.502 [FXGL Background Thread 4 ] INFO  FXGLApplication      - Game initialization took: 0.440 sec
23:38:59.504 [JavaFX Application Thread] DEBUG Input                - Clearing active input actions
23:38:59.514 [JavaFX Application Thread] DEBUG GameApplicationServi - Removing overlay from FXGLLoadingScene and adding to GameScene
23:38:59.520 [JavaFX Application Thread] DEBUG PrimaryStageWindow   - FXGLLoadingScene -> GameScene
23:39:01.947 [FXGL Background Thread 3 ] DEBUG Engine               - Logging environment variables
23:39:01.949 [FXGL Background Thread 3 ] DEBUG Engine               - achievements: []
23:39:01.949 [FXGL Background Thread 3 ] DEBUG Engine               - actualHeight: 864.0
23:39:01.950 [FXGL Background Thread 3 ] DEBUG Engine               - actualHeightProperty: ReadOnlyDoubleProperty [value: 864.0]
23:39:01.950 [FXGL Background Thread 3 ] DEBUG Engine               - actualWidth: 1536.0
23:39:01.950 [FXGL Background Thread 3 ] DEBUG Engine               - actualWidthProperty: ReadOnlyDoubleProperty [value: 1536.0]
23:39:01.950 [FXGL Background Thread 3 ] DEBUG Engine               - appIcon: fxgl_icon.png
23:39:01.950 [FXGL Background Thread 3 ] DEBUG Engine               - applicationMode: DEVELOPER
23:39:01.950 [FXGL Background Thread 3 ] DEBUG Engine               - cSSList: [fxgl_dark.css]
23:39:01.951 [FXGL Background Thread 3 ] DEBUG Engine               - collisionDetectionStrategy: BRUTE_FORCE
23:39:01.951 [FXGL Background Thread 3 ] DEBUG Engine               - configClass: Optional.empty
23:39:01.951 [FXGL Background Thread 3 ] DEBUG Engine               - credits: []
23:39:01.952 [FXGL Background Thread 3 ] DEBUG Engine               - defaultCursor: CursorInfo(imageName=fxgl_default_cursor.png, hotspotX=7.0, hotspotY=6.0)
23:39:01.953 [FXGL Background Thread 3 ] DEBUG Engine               - devBBoxColorProperty: ObjectProperty [value: 0xff0000ff]
23:39:01.953 [FXGL Background Thread 3 ] DEBUG Engine               - devEnableDebugCameraProperty: BooleanProperty [value: false]
23:39:01.954 [FXGL Background Thread 3 ] DEBUG Engine               - devSensorColorProperty: ObjectProperty [value: 0xffff00ff]
23:39:01.954 [FXGL Background Thread 3 ] DEBUG Engine               - devShowBBoxProperty: BooleanProperty [value: false]
23:39:01.955 [FXGL Background Thread 3 ] DEBUG Engine               - devShowPositionProperty: BooleanProperty [value: false]
23:39:01.955 [FXGL Background Thread 3 ] DEBUG Engine               - enabledMenuItems: []
23:39:01.955 [FXGL Background Thread 3 ] DEBUG Engine               - engineServices: [class com.almasb.fxgl.app.services.FXGLAssetLoaderService, class com.almasb.fxgl.app.FXGLApplication$GameApplicationService, class com.almasb.fxgl.app.services.FXGLDialogService, class com.almasb.fxgl.app.services.IOTaskExecutorService, class com.almasb.fxgl.io.FileSystemService, class com.almasb.fxgl.localization.LocalizationService, class com.almasb.fxgl.app.services.SystemBundleService, class com.almasb.fxgl.profile.SaveLoadService, class com.almasb.fxgl.ui.FXGLUIFactoryServiceProvider, class com.almasb.fxgl.ui.FXGLDialogFactoryServiceProvider, class com.almasb.fxgl.audio.AudioPlayer, class com.almasb.fxgl.notification.impl.NotificationServiceProvider, class com.almasb.fxgl.achievement.AchievementService, class com.almasb.fxgl.cutscene.CutsceneService, class com.almasb.fxgl.minigames.MiniGameService, class com.almasb.fxgl.net.NetService, class com.almasb.fxgl.app.services.UpdaterService, class com.almasb.fxgl.dev.DevService]
23:39:01.956 [FXGL Background Thread 3 ] DEBUG Engine               - fontGame: Abel-Regular.ttf
23:39:01.956 [FXGL Background Thread 3 ] DEBUG Engine               - fontMono: TerminalLandMono-Regular.otf
23:39:01.956 [FXGL Background Thread 3 ] DEBUG Engine               - fontSizeScaleUI: 1.0
23:39:01.956 [FXGL Background Thread 3 ] DEBUG Engine               - fontText: Courier-Prime.ttf
23:39:01.957 [FXGL Background Thread 3 ] DEBUG Engine               - fontUI: VarelaRound-Regular.ttf
23:39:01.957 [FXGL Background Thread 3 ] DEBUG Engine               - fullScreen: BooleanProperty [value: true]
23:39:01.957 [FXGL Background Thread 3 ] DEBUG Engine               - gameDifficulty: MEDIUM
23:39:01.957 [FXGL Background Thread 3 ] DEBUG Engine               - gameDifficultyProperty: ObjectProperty [value: MEDIUM]
23:39:01.958 [FXGL Background Thread 3 ] DEBUG Engine               - globalMusicVolume: 0.5
23:39:01.958 [FXGL Background Thread 3 ] DEBUG Engine               - globalMusicVolumeProperty: DoubleProperty [value: 0.5]
23:39:01.958 [FXGL Background Thread 3 ] DEBUG Engine               - globalSoundVolume: 0.5
23:39:01.959 [FXGL Background Thread 3 ] DEBUG Engine               - globalSoundVolumeProperty: DoubleProperty [value: 0.5]
23:39:01.959 [FXGL Background Thread 3 ] DEBUG Engine               - height: 720
23:39:01.959 [FXGL Background Thread 3 ] DEBUG Engine               - is3D: false
23:39:01.959 [FXGL Background Thread 3 ] DEBUG Engine               - isAndroid: false
23:39:01.960 [FXGL Background Thread 3 ] DEBUG Engine               - isBrowser: false
23:39:01.960 [FXGL Background Thread 3 ] DEBUG Engine               - isClickFeedbackEnabled: false
23:39:01.960 [FXGL Background Thread 3 ] DEBUG Engine               - isCloseConfirmation: false
23:39:01.960 [FXGL Background Thread 3 ] DEBUG Engine               - isDesktop: true
23:39:01.960 [FXGL Background Thread 3 ] DEBUG Engine               - isDeveloperMenuEnabled: true
23:39:01.960 [FXGL Background Thread 3 ] DEBUG Engine               - isEmbedded: false
23:39:01.960 [FXGL Background Thread 3 ] DEBUG Engine               - isEntityPreloadEnabled: true
23:39:01.960 [FXGL Background Thread 3 ] DEBUG Engine               - isExperimentalTiledLargeMap: false
23:39:01.960 [FXGL Background Thread 3 ] DEBUG Engine               - isFileSystemWriteAllowed: true
23:39:01.960 [FXGL Background Thread 3 ] DEBUG Engine               - isFullScreenAllowed: true
23:39:01.962 [FXGL Background Thread 3 ] DEBUG Engine               - isFullScreenFromStart: true
23:39:01.962 [FXGL Background Thread 3 ] DEBUG Engine               - isGameMenuEnabled: true
23:39:01.962 [FXGL Background Thread 3 ] DEBUG Engine               - isIOS: false
23:39:01.962 [FXGL Background Thread 3 ] DEBUG Engine               - isIntroEnabled: false
23:39:01.962 [FXGL Background Thread 3 ] DEBUG Engine               - isLinux: false
23:39:01.963 [FXGL Background Thread 3 ] DEBUG Engine               - isMac: false
23:39:01.963 [FXGL Background Thread 3 ] DEBUG Engine               - isMainMenuEnabled: false
23:39:01.963 [FXGL Background Thread 3 ] DEBUG Engine               - isManualResizeEnabled: false
23:39:01.963 [FXGL Background Thread 3 ] DEBUG Engine               - isMobile: false
23:39:01.963 [FXGL Background Thread 3 ] DEBUG Engine               - isNative: false
23:39:01.963 [FXGL Background Thread 3 ] DEBUG Engine               - isPauseMusicWhenMinimized: true
23:39:01.963 [FXGL Background Thread 3 ] DEBUG Engine               - isPreserveResizeRatio: false
23:39:01.963 [FXGL Background Thread 3 ] DEBUG Engine               - isProfilingEnabled: false
23:39:01.963 [FXGL Background Thread 3 ] DEBUG Engine               - isScaleAffectedOnResize: true
23:39:01.963 [FXGL Background Thread 3 ] DEBUG Engine               - isSingleStep: false
23:39:01.963 [FXGL Background Thread 3 ] DEBUG Engine               - isUserProfileEnabled: false
23:39:01.963 [FXGL Background Thread 3 ] DEBUG Engine               - isWindows: true
23:39:01.963 [FXGL Background Thread 3 ] DEBUG Engine               - language: ObjectProperty [value: ENGLISH]
23:39:01.963 [FXGL Background Thread 3 ] DEBUG Engine               - menuKey: ESCAPE
23:39:01.963 [FXGL Background Thread 3 ] DEBUG Engine               - mouseSensitivity: 0.2
23:39:01.963 [FXGL Background Thread 3 ] DEBUG Engine               - notificationViewClass: class com.almasb.fxgl.notification.view.XboxNotificationView
23:39:01.963 [FXGL Background Thread 3 ] DEBUG Engine               - pixelsPerMeter: 50.0
23:39:01.963 [FXGL Background Thread 3 ] DEBUG Engine               - platform: WINDOWS
23:39:01.963 [FXGL Background Thread 3 ] DEBUG Engine               - prefHeightProperty: ReadOnlyDoubleProperty [value: 720.0]
23:39:01.964 [FXGL Background Thread 3 ] DEBUG Engine               - prefWidthProperty: ReadOnlyDoubleProperty [value: 1280.0]
23:39:01.964 [FXGL Background Thread 3 ] DEBUG Engine               - profileDir: profiles/
23:39:01.964 [FXGL Background Thread 3 ] DEBUG Engine               - profileName: StringProperty [value: DEFAULT]
23:39:01.964 [FXGL Background Thread 3 ] DEBUG Engine               - randomSeed: -1
23:39:01.964 [FXGL Background Thread 3 ] DEBUG Engine               - runtimeInfo: RuntimeInfo(platform=WINDOWS, version=21.1, build=27.03.2024 07.52)
23:39:01.964 [FXGL Background Thread 3 ] DEBUG Engine               - saveFileExt: sav
23:39:01.964 [FXGL Background Thread 3 ] DEBUG Engine               - scaledHeightProp$fxgl: DoubleProperty [bound, value: 864.0]
23:39:01.964 [FXGL Background Thread 3 ] DEBUG Engine               - scaledWidthProp$fxgl: DoubleProperty [bound, value: 1536.0]
23:39:01.964 [FXGL Background Thread 3 ] DEBUG Engine               - sceneFactory: com.almasb.fxgl.app.scene.SceneFactory@3adc99a7
23:39:01.964 [FXGL Background Thread 3 ] DEBUG Engine               - secondsIn24h: 60
23:39:01.964 [FXGL Background Thread 3 ] DEBUG Engine               - soundMenuBack: menu/back.wav
23:39:01.964 [FXGL Background Thread 3 ] DEBUG Engine               - soundMenuPress: menu/press.wav
23:39:01.965 [FXGL Background Thread 3 ] DEBUG Engine               - soundMenuSelect: menu/select.wav
23:39:01.965 [FXGL Background Thread 3 ] DEBUG Engine               - soundNotification: core/notification.wav
23:39:01.965 [FXGL Background Thread 3 ] DEBUG Engine               - stageStyle: DECORATED
23:39:01.965 [FXGL Background Thread 3 ] DEBUG Engine               - supportedLanguages: [ENGLISH, FRENCH, GERMAN, HUNGARIAN, RUSSIAN]
23:39:01.965 [FXGL Background Thread 3 ] DEBUG Engine               - ticksPerSecond: -1
23:39:01.965 [FXGL Background Thread 3 ] DEBUG Engine               - title: Final Journey
23:39:01.965 [FXGL Background Thread 3 ] DEBUG Engine               - urlGithub: https://github.com/AlmasB/FXGL
23:39:01.965 [FXGL Background Thread 3 ] DEBUG Engine               - urlLeaderboard: http://fxgl-top.herokuapp.com/
23:39:01.965 [FXGL Background Thread 3 ] DEBUG Engine               - urlPOM: https://raw.githubusercontent.com/AlmasB/FXGL/release/README.md
23:39:01.965 [FXGL Background Thread 3 ] DEBUG Engine               - userAppClass: class com.project.App
23:39:01.965 [FXGL Background Thread 3 ] DEBUG Engine               - version: Alpha
23:39:01.965 [FXGL Background Thread 3 ] DEBUG Engine               - versionCheckDays: 7
23:39:01.965 [FXGL Background Thread 3 ] DEBUG Engine               - width: 1280
23:39:01.965 [FXGL Background Thread 3 ] DEBUG Engine               - Logging services
23:39:01.965 [FXGL Background Thread 3 ] DEBUG Engine               - class com.almasb.fxgl.app.services.FXGLAssetLoaderService
23:39:01.965 [FXGL Background Thread 3 ] DEBUG Engine               - class com.almasb.fxgl.app.FXGLApplication$GameApplicationService
23:39:01.965 [FXGL Background Thread 3 ] DEBUG Engine               - class com.almasb.fxgl.app.services.FXGLDialogService
23:39:01.965 [FXGL Background Thread 3 ] DEBUG Engine               - class com.almasb.fxgl.app.services.IOTaskExecutorService
23:39:01.965 [FXGL Background Thread 3 ] DEBUG Engine               - class com.almasb.fxgl.io.FileSystemService
23:39:01.965 [FXGL Background Thread 3 ] DEBUG Engine               - class com.almasb.fxgl.localization.LocalizationService
23:39:01.965 [FXGL Background Thread 3 ] DEBUG Engine               - class com.almasb.fxgl.app.services.SystemBundleService
23:39:01.966 [FXGL Background Thread 3 ] DEBUG Engine               - class com.almasb.fxgl.profile.SaveLoadService
23:39:01.966 [FXGL Background Thread 3 ] DEBUG Engine               - class com.almasb.fxgl.ui.FXGLUIFactoryServiceProvider
23:39:01.966 [FXGL Background Thread 3 ] DEBUG Engine               - class com.almasb.fxgl.ui.FXGLDialogFactoryServiceProvider
23:39:01.966 [FXGL Background Thread 3 ] DEBUG Engine               - class com.almasb.fxgl.audio.AudioPlayer
23:39:01.966 [FXGL Background Thread 3 ] DEBUG Engine               - class com.almasb.fxgl.notification.impl.NotificationServiceProvider
23:39:01.966 [FXGL Background Thread 3 ] DEBUG Engine               - class com.almasb.fxgl.achievement.AchievementService
23:39:01.966 [FXGL Background Thread 3 ] DEBUG Engine               - class com.almasb.fxgl.cutscene.CutsceneService
23:39:01.967 [FXGL Background Thread 3 ] DEBUG Engine               - class com.almasb.fxgl.minigames.MiniGameService
23:39:01.967 [FXGL Background Thread 3 ] DEBUG Engine               - class com.almasb.fxgl.net.NetService
23:39:01.967 [FXGL Background Thread 3 ] DEBUG Engine               - class com.almasb.fxgl.app.services.UpdaterService
23:39:01.967 [FXGL Background Thread 3 ] DEBUG Engine               - class com.almasb.fxgl.dev.DevService
23:39:02.433 [JavaFX Application Thread] DEBUG EventBus             - Firing event: com.GameEvent.NextScene[source=javafx.event.Event$$Lambda/0x0000025c9f173e08@76a21ce2]
23:39:02.435 [JavaFX Application Thread] WARN  TMXLevelLoader       - TiledMap generated from 1.11.2. Supported version: 1.9.0. Some features may not be parsed fully.
23:39:02.454 [JavaFX Application Thread] DEBUG TMXLevelLoader       - Parsed TiledMap: file:/C:/Users/Lenovo/ProjectJava3.0/myproject/myproject/target/classes/assets/levels/scene2.tmx
23:39:02.455 [JavaFX Application Thread] DEBUG TMXLevelLoader       - Creating tile layer entities
23:39:02.455 [JavaFX Application Thread] DEBUG TilesetLoader        - Loading view for layer Tile Layer 1
23:39:02.457 [JavaFX Application Thread] DEBUG TilesetLoader        - Created buffer with size 1024.0x1024.0
23:39:02.527 [JavaFX Application Thread] DEBUG TMXLevelLoader       - Creating object layer entities
23:39:02.533 [JavaFX Application Thread] DEBUG FXGLAssetLoaderServi - Loading from file system: file:/C:/Users/Lenovo/ProjectJava3.0/myproject/myproject/target/classes/assets/textures/CultistAni.png
23:39:02.535 [JavaFX Application Thread] DEBUG GameWorld            - Clearing removable entities
23:39:02.540 [JavaFX Application Thread] DEBUG GameWorld            - Setting level: com.almasb.fxgl.entity.level.Level@4d41db30
23:39:02.543 [JavaFX Application Thread] WARN  TMXLevelLoader       - TiledMap generated from 1.11.2. Supported version: 1.9.0. Some features may not be parsed fully.
23:39:02.547 [JavaFX Application Thread] DEBUG TMXLevelLoader       - Parsed TiledMap: file:/C:/Users/Lenovo/ProjectJava3.0/myproject/myproject/target/classes/assets/levels/scene2.tmx
23:39:02.547 [JavaFX Application Thread] DEBUG TMXLevelLoader       - Creating tile layer entities
23:39:02.548 [JavaFX Application Thread] DEBUG TilesetLoader        - Loading view for layer Tile Layer 1
23:39:02.549 [JavaFX Application Thread] DEBUG TilesetLoader        - Created buffer with size 1024.0x1024.0
23:39:02.617 [JavaFX Application Thread] DEBUG TMXLevelLoader       - Creating object layer entities
23:39:03.095 [JavaFX Application Thread] DEBUG EventBus             - Firing event: com.GameEvent.NextScene[source=javafx.event.Event$$Lambda/0x0000025c9f173e08@76a21ce2]
23:39:03.101 [JavaFX Application Thread] WARN  TMXLevelLoader       - TiledMap generated from 1.11.2. Supported version: 1.9.0. Some features may not be parsed fully.
23:39:03.106 [JavaFX Application Thread] DEBUG TMXLevelLoader       - Parsed TiledMap: file:/C:/Users/Lenovo/ProjectJava3.0/myproject/myproject/target/classes/assets/levels/scene3.tmx
23:39:03.106 [JavaFX Application Thread] DEBUG TMXLevelLoader       - Creating tile layer entities
23:39:03.107 [JavaFX Application Thread] DEBUG TilesetLoader        - Loading view for layer Tile Layer 1
23:39:03.113 [JavaFX Application Thread] DEBUG TilesetLoader        - Created buffer with size 2048.0x1024.0
23:39:03.207 [JavaFX Application Thread] DEBUG TMXLevelLoader       - Creating object layer entities
23:39:03.211 [JavaFX Application Thread] DEBUG FXGLAssetLoaderServi - Loading from file system: file:/C:/Users/Lenovo/ProjectJava3.0/myproject/myproject/target/classes/assets/textures/DuessaAni.png
23:39:03.213 [JavaFX Application Thread] DEBUG GameWorld            - Clearing removable entities
23:39:03.215 [JavaFX Application Thread] DEBUG GameWorld            - Setting level: com.almasb.fxgl.entity.level.Level@5bccd461
23:39:03.217 [JavaFX Application Thread] WARN  TMXLevelLoader       - TiledMap generated from 1.11.2. Supported version: 1.9.0. Some features may not be parsed fully.
23:39:03.221 [JavaFX Application Thread] DEBUG TMXLevelLoader       - Parsed TiledMap: file:/C:/Users/Lenovo/ProjectJava3.0/myproject/myproject/target/classes/assets/levels/scene3.tmx
23:39:03.221 [JavaFX Application Thread] DEBUG TMXLevelLoader       - Creating tile layer entities
23:39:03.222 [JavaFX Application Thread] DEBUG TilesetLoader        - Loading view for layer Tile Layer 1
23:39:03.223 [JavaFX Application Thread] DEBUG TilesetLoader        - Created buffer with size 2048.0x1024.0
23:39:03.305 [JavaFX Application Thread] DEBUG TMXLevelLoader       - Creating object layer entities
23:39:04.728 [JavaFX Application Thread] DEBUG FXGLAssetLoaderServi - Loading from file system: file:/C:/Users/Lenovo/ProjectJava3.0/myproject/myproject/target/classes/assets/text/filetext.txt
23:39:04.730 [JavaFX Application Thread] DEBUG EventBus             - Firing event: com.GameEvent.CombatScene[source=javafx.event.Event$$Lambda/0x0000025c9f173e08@76a21ce2]
23:39:04.732 [JavaFX Application Thread] WARN  TMXLevelLoader       - TiledMap generated from 1.11.2. Supported version: 1.9.0. Some features may not be parsed fully.
23:39:04.740 [JavaFX Application Thread] DEBUG TMXLevelLoader       - Parsed TiledMap: file:/C:/Users/Lenovo/ProjectJava3.0/myproject/myproject/target/classes/assets/levels/battle3.tmx
23:39:04.740 [JavaFX Application Thread] DEBUG TMXLevelLoader       - Creating tile layer entities
23:39:04.740 [JavaFX Application Thread] DEBUG TilesetLoader        - Loading view for layer Tile Layer 1
23:39:04.740 [JavaFX Application Thread] DEBUG TilesetLoader        - Created buffer with size 2048.0x1024.0
23:39:05.118 [JavaFX Application Thread] DEBUG TMXLevelLoader       - Creating object layer entities
23:39:05.121 [JavaFX Application Thread] DEBUG FXGLAssetLoaderServi - Loading from file system: file:/C:/Users/Lenovo/ProjectJava3.0/myproject/myproject/target/classes/assets/textures/marsha.png
23:39:05.281 [JavaFX Application Thread] DEBUG FXGLAssetLoaderServi - Loading from file system: file:/C:/Users/Lenovo/ProjectJava3.0/myproject/myproject/target/classes/assets/textures/Reid.png
23:39:05.428 [JavaFX Application Thread] DEBUG FXGLAssetLoaderServi - Loading from file system: file:/C:/Users/Lenovo/ProjectJava3.0/myproject/myproject/target/classes/assets/textures/King%20Archial.png
23:39:05.440 [JavaFX Application Thread] DEBUG FXGLAssetLoaderServi - Loading from file system: file:/C:/Users/Lenovo/ProjectJava3.0/myproject/myproject/target/classes/assets/textures/Knight%20Michael.png
23:39:05.456 [JavaFX Application Thread] DEBUG FXGLAssetLoaderServi - Loading from file system: file:/C:/Users/Lenovo/ProjectJava3.0/myproject/myproject/target/classes/assets/textures/Emprss%20Duessa.png
23:39:05.468 [JavaFX Application Thread] DEBUG GameWorld            - Clearing removable entities
23:39:05.470 [JavaFX Application Thread] DEBUG GameWorld            - Setting level: com.almasb.fxgl.entity.level.Level@5ded9ef0
23:39:05.472 [JavaFX Application Thread] WARN  TMXLevelLoader       - TiledMap generated from 1.11.2. Supported version: 1.9.0. Some features may not be parsed fully.
23:39:05.475 [JavaFX Application Thread] DEBUG TMXLevelLoader       - Parsed TiledMap: file:/C:/Users/Lenovo/ProjectJava3.0/myproject/myproject/target/classes/assets/levels/scene3.tmx
23:39:05.475 [JavaFX Application Thread] DEBUG TMXLevelLoader       - Creating tile layer entities
23:39:05.475 [JavaFX Application Thread] DEBUG TilesetLoader        - Loading view for layer Tile Layer 1
23:39:05.476 [JavaFX Application Thread] DEBUG TilesetLoader        - Created buffer with size 2048.0x1024.0
23:39:05.562 [JavaFX Application Thread] DEBUG TMXLevelLoader       - Creating object layer entities
23:39:11.739 [JavaFX Application Thread] DEBUG FXGLApplication      - Exiting FXGL
23:39:11.739 [JavaFX Application Thread] DEBUG LoopRunner           - Stopping loop
23:39:11.739 [JavaFX Application Thread] DEBUG SystemBundleService  - Saving FXGL system data
23:39:11.742 [JavaFX Application Thread] DEBUG FileSystemAccess     - Writing to: C:\Users\Lenovo\ProjectJava3.0\myproject\myproject\system\fxgl.bundle
23:39:11.744 [JavaFX Application Thread] DEBUG Async                - Shutting down background threads
23:39:11.744 [JavaFX Application Thread] DEBUG PrimaryStageWindow   - Closing main window
23:39:11.771 [JavaFX Application Thread] DEBUG Logger               - Closing Logger
