03:31:22.751 [main                     ] DEBUG Logger               - Configured Logger
03:31:22.770 [main                     ] DEBUG GameApplication      - Logging settings
Title: Final Journey
Version: Alpha
Width: 1280
Height: 720
Fullscreen: true
Intro: false
Profiling: false
Single step:false
App Mode: DEVELOPER
Menu Key: ESCAPE
Stage Style: DECORATED
Scene Factory: class com.almasb.fxgl.app.scene.SceneFactory

03:31:23.134 [JavaFX Application Thread] DEBUG FXGLApplication      - Initializing FXGL
03:31:23.138 [JavaFX Application Thread] INFO  Engine               - FXGL-21.1 (27.03.2024 07.52) on WINDOWS (J:21.0.6 FX:21.0.1)
03:31:23.139 [JavaFX Application Thread] DEBUG Engine               - JRE Vendor Name: Eclipse Adoptium
03:31:23.139 [JavaFX Application Thread] DEBUG Engine               - Running on OS: Windows 11 version 10.0
03:31:23.139 [JavaFX Application Thread] DEBUG Engine               - Architecture: amd64
03:31:23.139 [JavaFX Application Thread] INFO  Engine               - Source code and latest versions at: https://github.com/AlmasB/FXGL
03:31:23.139 [JavaFX Application Thread] INFO  Engine               -       Ask questions and discuss at: https://github.com/AlmasB/FXGL/discussions
03:31:23.139 [JavaFX Application Thread] INFO  Engine               -              Join the FXGL chat at: https://gitter.im/AlmasB/FXGL
03:31:23.223 [JavaFX Application Thread] DEBUG PrimaryStageWindow   - Creating a JavaFX scene
03:31:23.264 [JavaFX Application Thread] DEBUG PrimaryStageWindow   - Target settings size: 1280.0 x 720.0
03:31:23.264 [JavaFX Application Thread] DEBUG PrimaryStageWindow   - Scaled scene size:    1280.0 x 720.0
03:31:23.264 [JavaFX Application Thread] DEBUG PrimaryStageWindow   - Scaled ratio: (1.0, 1.0)
03:31:23.265 [JavaFX Application Thread] DEBUG PrimaryStageWindow   - Set initial scene to FXGLStartupScene
03:31:23.269 [JavaFX Application Thread] DEBUG PrimaryStageWindow   - Opening main window
03:31:23.350 [JavaFX Application Thread] DEBUG PrimaryStageWindow   - Window border size: (14.4000244140625, 37.5999755859375)
03:31:23.351 [JavaFX Application Thread] DEBUG PrimaryStageWindow   - Scaled size: 1280.0 x 720.0
03:31:23.351 [JavaFX Application Thread] DEBUG PrimaryStageWindow   - Scaled ratio: (1.0, 1.0)
03:31:23.351 [JavaFX Application Thread] DEBUG PrimaryStageWindow   - Scene size: 1280.0 x 720.0
03:31:23.352 [JavaFX Application Thread] DEBUG PrimaryStageWindow   - Stage size: 1294.4000244140625 x 757.5999755859375
03:31:23.410 [JavaFX Application Thread] DEBUG PrimaryStageWindow   - Going fullscreen
03:31:23.418 [FXGL Background Thread 1 ] DEBUG Engine               - Initializing environment variables
03:31:23.460 [FXGL Background Thread 1 ] DEBUG FXGLAssetLoaderServi - User app class for loading assets: class com.project.App
03:31:23.460 [FXGL Background Thread 1 ] DEBUG GameApplicationServi - Applying CSS: fxgl_dark.css
03:31:23.461 [FXGL Background Thread 1 ] DEBUG FXGLAssetLoaderServi - Loading from file system: jar:file:/C:/Users/frank/.m2/repository/com/github/almasb/fxgl/21.1/fxgl-21.1.jar!/fxglassets/ui/css/fxgl_dark.css
03:31:23.491 [FXGL Background Thread 1 ] DEBUG GameApplicationServi - Initializing application scenes
03:31:23.542 [FXGL Background Thread 1 ] DEBUG GameWorld            - Game world initialized
03:31:23.597 [FXGL Background Thread 1 ] DEBUG PhysicsWorld         - Physics world initialized: appHeight=720, physics.ppm=50.0
03:31:23.597 [FXGL Background Thread 1 ] DEBUG PhysicsWorld         - Using strategy: BRUTE_FORCE
03:31:23.600 [FXGL Background Thread 1 ] DEBUG GameScene            - Game scene initialized: 1280x720
03:31:23.609 [FXGL Background Thread 1 ] DEBUG FXGL.DefaultMenu     - createMenuBodyGameMenu()
03:31:23.620 [FXGL Background Thread 1 ] DEBUG FXGL.DefaultMenu     - createOptionsMenu()
03:31:23.628 [FXGL Background Thread 1 ] DEBUG FXGLAssetLoaderServi - Loading from file system: jar:file:/C:/Users/frank/.m2/repository/com/github/almasb/fxgl/21.1/fxgl-21.1.jar!/fxglassets/textures/particles/smoke.png
03:31:23.725 [FXGL Background Thread 1 ] DEBUG FXGLAssetLoaderServi - Loading from file system: jar:file:/C:/Users/frank/.m2/repository/com/github/almasb/fxgl/21.1/fxgl-21.1.jar!/fxglassets/textures/particles/trace_horizontal.png
03:31:23.747 [FXGL Background Thread 1 ] DEBUG GameApplicationServi - Application scenes initialized
03:31:23.757 [FXGL Background Thread 1 ] DEBUG SystemBundleService  - Loading FXGL system data
03:31:23.760 [FXGL Background Thread 1 ] DEBUG FileSystemAccess     - Reading from: C:\Users\frank\Desktop\ProjectFun\myproject\myproject\system\fxgl.bundle
03:31:23.767 [FXGL Background Thread 1 ] DEBUG SystemBundleService  - Bundle FXGL: {}
03:31:23.767 [FXGL Background Thread 1 ] DEBUG UpdaterService       - Checking for updates
03:31:23.789 [FXGL Background Thread 4 ] DEBUG FXGLApplication      - Loading fonts
03:31:23.790 [FXGL Background Thread 4 ] DEBUG FXGLAssetLoaderServi - Loading from file system: jar:file:/C:/Users/frank/.m2/repository/com/github/almasb/fxgl/21.1/fxgl-21.1.jar!/fxglassets/ui/fonts/VarelaRound-Regular.ttf
03:31:23.790 [FXGL Background Thread 1 ] DEBUG FXGLApplication      - Loading default localization
03:31:23.790 [FXGL Background Thread 1 ] DEBUG FXGLAssetLoaderServi - Loading from file system: jar:file:/C:/Users/frank/.m2/repository/com/github/almasb/fxgl/21.1/fxgl-21.1.jar!/fxglassets/languages/english.lang
03:31:23.808 [FXGL Background Thread 1 ] INFO  FXGLApplication      - FXGL initialization took: 0.390 sec
03:31:23.819 [JavaFX Application Thread] DEBUG Input                - Registered new binding: Right - D
03:31:23.819 [JavaFX Application Thread] DEBUG Input                - Registered new binding: Left - A
03:31:23.819 [JavaFX Application Thread] DEBUG Input                - Registered new binding: Up - W
03:31:23.820 [JavaFX Application Thread] DEBUG Input                - Registered new binding: Down - S
03:31:23.820 [JavaFX Application Thread] DEBUG Input                - Registered new binding: Interact - E
03:31:23.821 [JavaFX Application Thread] DEBUG FXGLAssetLoaderServi - Loading from file system: jar:file:/C:/Users/frank/.m2/repository/com/github/almasb/fxgl/21.1/fxgl-21.1.jar!/fxglassets/textures/fxgl_icon.png
03:31:23.823 [FXGL Background Thread 4 ] DEBUG FXGLAssetLoaderServi - Loading from file system: jar:file:/C:/Users/frank/.m2/repository/com/github/almasb/fxgl/21.1/fxgl-21.1.jar!/fxglassets/ui/fonts/Abel-Regular.ttf
03:31:23.826 [FXGL Background Thread 4 ] DEBUG FXGLAssetLoaderServi - Loading from file system: jar:file:/C:/Users/frank/.m2/repository/com/github/almasb/fxgl/21.1/fxgl-21.1.jar!/fxglassets/ui/fonts/TerminalLandMono-Regular.otf
03:31:23.829 [FXGL Background Thread 4 ] DEBUG FXGLAssetLoaderServi - Loading from file system: jar:file:/C:/Users/frank/.m2/repository/com/github/almasb/fxgl/21.1/fxgl-21.1.jar!/fxglassets/ui/fonts/Courier-Prime.ttf
03:31:23.841 [JavaFX Application Thread] DEBUG FXGLAssetLoaderServi - Loading from file system: jar:file:/C:/Users/frank/.m2/repository/com/github/almasb/fxgl/21.1/fxgl-21.1.jar!/fxglassets/textures/fxgl_default_cursor.png
03:31:23.845 [JavaFX Application Thread] DEBUG Input                - Registered new binding: Screenshot - CTRL+8
03:31:23.845 [JavaFX Application Thread] DEBUG Input                - Registered new binding: Dev Options - 1
03:31:23.846 [JavaFX Application Thread] DEBUG Input                - Registered new binding: Dev Console - 2
03:31:23.848 [JavaFX Application Thread] DEBUG Input                - Registered new binding: System info dump - CTRL+9
03:31:23.849 [JavaFX Application Thread] DEBUG Input                - Registered new binding: Restart - CTRL+R
03:31:23.849 [JavaFX Application Thread] DEBUG Input                - Registered new binding: Toggle Debug Camera - CTRL+7
03:31:23.858 [JavaFX Application Thread] DEBUG LoopRunner           - Starting loop
03:31:23.889 [JavaFX Application Thread] DEBUG LoopRunner           - Initializing JavaFX AnimationTimerLoop
03:31:23.892 [JavaFX Application Thread] DEBUG GameApplicationServi - Starting new game
03:31:23.893 [JavaFX Application Thread] DEBUG Input                - Clearing active input actions
03:31:23.905 [JavaFX Application Thread] DEBUG GameApplicationServi - Removing overlay from FXGLStartupScene and adding to FXGLLoadingScene
03:31:23.908 [JavaFX Application Thread] DEBUG PrimaryStageWindow   - FXGLStartupScene -> FXGLLoadingScene
03:31:23.908 [JavaFX Application Thread] DEBUG GameApplicationServi - Clearing previous game
03:31:23.909 [JavaFX Application Thread] DEBUG GameScene            - Clearing game scene
03:31:23.909 [JavaFX Application Thread] DEBUG GameWorld            - Clearing game world
03:31:23.909 [JavaFX Application Thread] DEBUG PhysicsWorld         - Clearing physics world
03:31:23.910 [JavaFX Application Thread] DEBUG FXGLApplication      - Registering font factories with UI factory
03:31:23.910 [FXGL Background Thread 4 ] DEBUG FXGLApplication      - Initializing game
03:31:24.085 [JavaFX Application Thread] DEBUG LoopRunner           - Stopping loop
03:31:24.088 [JavaFX Application Thread] FATAL FXGLApplication      - Uncaught Exception:
java.lang.RuntimeException: Initialization failed
	at com.almasb.fxgl.app.FXGLApplication$InitAppTask.failed(FXGLApplication.kt:347)
	at javafx.concurrent.Task.setState(Task.java:710)
	at javafx.concurrent.Task$TaskCallable.lambda$call$2(Task.java:1429)
	at com.sun.javafx.application.PlatformImpl.lambda$runLater$10(PlatformImpl.java:456)
	at java.base/java.security.AccessController.doPrivileged(AccessController.java:400)
	at com.sun.javafx.application.PlatformImpl.lambda$runLater$11(PlatformImpl.java:455)
	at com.sun.glass.ui.InvokeLaterDispatcher$Future.run(InvokeLaterDispatcher.java:95)
	at com.sun.glass.ui.win.WinApplication._runLoop(Native Method)
	at com.sun.glass.ui.win.WinApplication.lambda$runLoop$3(WinApplication.java:185)
	at java.base/java.lang.Thread.run(Thread.java:1583)
Caused by: java.lang.NullPointerException: Cannot invoke "com.almasb.fxgl.entity.Entity.getX()" because "this.player" is null
	at com.project.App.initGameVars(App.java:86)
	at com.almasb.fxgl.app.FXGLApplication$InitAppTask.initGame(FXGLApplication.kt:335)
	at com.almasb.fxgl.app.FXGLApplication$InitAppTask.call(FXGLApplication.kt:321)
	at com.almasb.fxgl.app.FXGLApplication$InitAppTask.call(FXGLApplication.kt:313)
	at javafx.concurrent.Task$TaskCallable.call(Task.java:1399)
	at java.base/java.util.concurrent.FutureTask.run(FutureTask.java:317)
	at java.base/java.util.concurrent.Executors$RunnableAdapter.call(Executors.java:572)
	at java.base/java.util.concurrent.FutureTask.run(FutureTask.java:317)
	at java.base/java.util.concurrent.ThreadPoolExecutor.runWorker(ThreadPoolExecutor.java:1144)
	at java.base/java.util.concurrent.ThreadPoolExecutor$Worker.run(ThreadPoolExecutor.java:642)
	... 1 more

03:31:24.089 [JavaFX Application Thread] FATAL FXGLApplication      - Application will now exit
03:31:24.097 [JavaFX Application Thread] DEBUG PrimaryStageWindow   - Push state: ErrorSubScene
03:31:24.097 [JavaFX Application Thread] DEBUG Input                - Clearing active input actions
03:31:24.098 [JavaFX Application Thread] DEBUG GameApplicationServi - Removing overlay from FXGLLoadingScene and adding to ErrorSubScene
03:31:24.099 [JavaFX Application Thread] DEBUG PrimaryStageWindow   - FXGLLoadingScene -> ErrorSubScene
03:31:26.790 [FXGL Background Thread 3 ] DEBUG Engine               - Logging environment variables
03:31:26.790 [FXGL Background Thread 3 ] DEBUG Engine               - achievements: []
03:31:26.791 [FXGL Background Thread 3 ] DEBUG Engine               - actualHeight: 864.0
03:31:26.791 [FXGL Background Thread 3 ] DEBUG Engine               - actualHeightProperty: ReadOnlyDoubleProperty [value: 864.0]
03:31:26.791 [FXGL Background Thread 3 ] DEBUG Engine               - actualWidth: 1536.0
03:31:26.791 [FXGL Background Thread 3 ] DEBUG Engine               - actualWidthProperty: ReadOnlyDoubleProperty [value: 1536.0]
03:31:26.792 [FXGL Background Thread 3 ] DEBUG Engine               - appIcon: fxgl_icon.png
03:31:26.792 [FXGL Background Thread 3 ] DEBUG Engine               - applicationMode: DEVELOPER
03:31:26.792 [FXGL Background Thread 3 ] DEBUG Engine               - cSSList: [fxgl_dark.css]
03:31:26.792 [FXGL Background Thread 3 ] DEBUG Engine               - collisionDetectionStrategy: BRUTE_FORCE
03:31:26.792 [FXGL Background Thread 3 ] DEBUG Engine               - configClass: Optional.empty
03:31:26.792 [FXGL Background Thread 3 ] DEBUG Engine               - credits: []
03:31:26.792 [FXGL Background Thread 3 ] DEBUG Engine               - defaultCursor: CursorInfo(imageName=fxgl_default_cursor.png, hotspotX=7.0, hotspotY=6.0)
03:31:26.792 [FXGL Background Thread 3 ] DEBUG Engine               - devBBoxColorProperty: ObjectProperty [value: 0xff0000ff]
03:31:26.792 [FXGL Background Thread 3 ] DEBUG Engine               - devEnableDebugCameraProperty: BooleanProperty [value: false]
03:31:26.792 [FXGL Background Thread 3 ] DEBUG Engine               - devSensorColorProperty: ObjectProperty [value: 0xffff00ff]
03:31:26.792 [FXGL Background Thread 3 ] DEBUG Engine               - devShowBBoxProperty: BooleanProperty [value: false]
03:31:26.792 [FXGL Background Thread 3 ] DEBUG Engine               - devShowPositionProperty: BooleanProperty [value: false]
03:31:26.792 [FXGL Background Thread 3 ] DEBUG Engine               - enabledMenuItems: []
03:31:26.792 [FXGL Background Thread 3 ] DEBUG Engine               - engineServices: [class com.almasb.fxgl.app.services.FXGLAssetLoaderService, class com.almasb.fxgl.app.FXGLApplication$GameApplicationService, class com.almasb.fxgl.app.services.FXGLDialogService, class com.almasb.fxgl.app.services.IOTaskExecutorService, class com.almasb.fxgl.io.FileSystemService, class com.almasb.fxgl.localization.LocalizationService, class com.almasb.fxgl.app.services.SystemBundleService, class com.almasb.fxgl.profile.SaveLoadService, class com.almasb.fxgl.ui.FXGLUIFactoryServiceProvider, class com.almasb.fxgl.ui.FXGLDialogFactoryServiceProvider, class com.almasb.fxgl.audio.AudioPlayer, class com.almasb.fxgl.notification.impl.NotificationServiceProvider, class com.almasb.fxgl.achievement.AchievementService, class com.almasb.fxgl.cutscene.CutsceneService, class com.almasb.fxgl.minigames.MiniGameService, class com.almasb.fxgl.net.NetService, class com.almasb.fxgl.app.services.UpdaterService, class com.almasb.fxgl.dev.DevService]
03:31:26.792 [FXGL Background Thread 3 ] DEBUG Engine               - fontGame: Abel-Regular.ttf
03:31:26.792 [FXGL Background Thread 3 ] DEBUG Engine               - fontMono: TerminalLandMono-Regular.otf
03:31:26.793 [FXGL Background Thread 3 ] DEBUG Engine               - fontSizeScaleUI: 1.0
03:31:26.793 [FXGL Background Thread 3 ] DEBUG Engine               - fontText: Courier-Prime.ttf
03:31:26.793 [FXGL Background Thread 3 ] DEBUG Engine               - fontUI: VarelaRound-Regular.ttf
03:31:26.793 [FXGL Background Thread 3 ] DEBUG Engine               - fullScreen: BooleanProperty [value: true]
03:31:26.793 [FXGL Background Thread 3 ] DEBUG Engine               - gameDifficulty: MEDIUM
03:31:26.793 [FXGL Background Thread 3 ] DEBUG Engine               - gameDifficultyProperty: ObjectProperty [value: MEDIUM]
03:31:26.793 [FXGL Background Thread 3 ] DEBUG Engine               - globalMusicVolume: 0.5
03:31:26.793 [FXGL Background Thread 3 ] DEBUG Engine               - globalMusicVolumeProperty: DoubleProperty [value: 0.5]
03:31:26.793 [FXGL Background Thread 3 ] DEBUG Engine               - globalSoundVolume: 0.5
03:31:26.793 [FXGL Background Thread 3 ] DEBUG Engine               - globalSoundVolumeProperty: DoubleProperty [value: 0.5]
03:31:26.793 [FXGL Background Thread 3 ] DEBUG Engine               - height: 720
03:31:26.793 [FXGL Background Thread 3 ] DEBUG Engine               - is3D: false
03:31:26.793 [FXGL Background Thread 3 ] DEBUG Engine               - isAndroid: false
03:31:26.793 [FXGL Background Thread 3 ] DEBUG Engine               - isBrowser: false
03:31:26.793 [FXGL Background Thread 3 ] DEBUG Engine               - isClickFeedbackEnabled: false
03:31:26.793 [FXGL Background Thread 3 ] DEBUG Engine               - isCloseConfirmation: false
03:31:26.793 [FXGL Background Thread 3 ] DEBUG Engine               - isDesktop: true
03:31:26.793 [FXGL Background Thread 3 ] DEBUG Engine               - isDeveloperMenuEnabled: true
03:31:26.793 [FXGL Background Thread 3 ] DEBUG Engine               - isEmbedded: false
03:31:26.793 [FXGL Background Thread 3 ] DEBUG Engine               - isEntityPreloadEnabled: true
03:31:26.793 [FXGL Background Thread 3 ] DEBUG Engine               - isExperimentalTiledLargeMap: false
03:31:26.793 [FXGL Background Thread 3 ] DEBUG Engine               - isFileSystemWriteAllowed: true
03:31:26.793 [FXGL Background Thread 3 ] DEBUG Engine               - isFullScreenAllowed: true
03:31:26.793 [FXGL Background Thread 3 ] DEBUG Engine               - isFullScreenFromStart: true
03:31:26.793 [FXGL Background Thread 3 ] DEBUG Engine               - isGameMenuEnabled: true
03:31:26.793 [FXGL Background Thread 3 ] DEBUG Engine               - isIOS: false
03:31:26.793 [FXGL Background Thread 3 ] DEBUG Engine               - isIntroEnabled: false
03:31:26.793 [FXGL Background Thread 3 ] DEBUG Engine               - isLinux: false
03:31:26.794 [FXGL Background Thread 3 ] DEBUG Engine               - isMac: false
03:31:26.794 [FXGL Background Thread 3 ] DEBUG Engine               - isMainMenuEnabled: false
03:31:26.794 [FXGL Background Thread 3 ] DEBUG Engine               - isManualResizeEnabled: false
03:31:26.794 [FXGL Background Thread 3 ] DEBUG Engine               - isMobile: false
03:31:26.794 [FXGL Background Thread 3 ] DEBUG Engine               - isNative: false
03:31:26.794 [FXGL Background Thread 3 ] DEBUG Engine               - isPauseMusicWhenMinimized: true
03:31:26.794 [FXGL Background Thread 3 ] DEBUG Engine               - isPreserveResizeRatio: false
03:31:26.794 [FXGL Background Thread 3 ] DEBUG Engine               - isProfilingEnabled: false
03:31:26.794 [FXGL Background Thread 3 ] DEBUG Engine               - isScaleAffectedOnResize: true
03:31:26.794 [FXGL Background Thread 3 ] DEBUG Engine               - isSingleStep: false
03:31:26.794 [FXGL Background Thread 3 ] DEBUG Engine               - isUserProfileEnabled: false
03:31:26.794 [FXGL Background Thread 3 ] DEBUG Engine               - isWindows: true
03:31:26.794 [FXGL Background Thread 3 ] DEBUG Engine               - language: ObjectProperty [value: ENGLISH]
03:31:26.794 [FXGL Background Thread 3 ] DEBUG Engine               - menuKey: ESCAPE
03:31:26.794 [FXGL Background Thread 3 ] DEBUG Engine               - mouseSensitivity: 0.2
03:31:26.794 [FXGL Background Thread 3 ] DEBUG Engine               - notificationViewClass: class com.almasb.fxgl.notification.view.XboxNotificationView
03:31:26.794 [FXGL Background Thread 3 ] DEBUG Engine               - pixelsPerMeter: 50.0
03:31:26.794 [FXGL Background Thread 3 ] DEBUG Engine               - platform: WINDOWS
03:31:26.794 [FXGL Background Thread 3 ] DEBUG Engine               - prefHeightProperty: ReadOnlyDoubleProperty [value: 720.0]
03:31:26.794 [FXGL Background Thread 3 ] DEBUG Engine               - prefWidthProperty: ReadOnlyDoubleProperty [value: 1280.0]
03:31:26.794 [FXGL Background Thread 3 ] DEBUG Engine               - profileDir: profiles/
03:31:26.794 [FXGL Background Thread 3 ] DEBUG Engine               - profileName: StringProperty [value: DEFAULT]
03:31:26.794 [FXGL Background Thread 3 ] DEBUG Engine               - randomSeed: -1
03:31:26.794 [FXGL Background Thread 3 ] DEBUG Engine               - runtimeInfo: RuntimeInfo(platform=WINDOWS, version=21.1, build=27.03.2024 07.52)
03:31:26.794 [FXGL Background Thread 3 ] DEBUG Engine               - saveFileExt: sav
03:31:26.794 [FXGL Background Thread 3 ] DEBUG Engine               - scaledHeightProp$fxgl: DoubleProperty [bound, value: 864.0]
03:31:26.794 [FXGL Background Thread 3 ] DEBUG Engine               - scaledWidthProp$fxgl: DoubleProperty [bound, value: 1536.0]
03:31:26.794 [FXGL Background Thread 3 ] DEBUG Engine               - sceneFactory: com.almasb.fxgl.app.scene.SceneFactory@1e0105b1
03:31:26.794 [FXGL Background Thread 3 ] DEBUG Engine               - secondsIn24h: 60
03:31:26.794 [FXGL Background Thread 3 ] DEBUG Engine               - soundMenuBack: menu/back.wav
03:31:26.794 [FXGL Background Thread 3 ] DEBUG Engine               - soundMenuPress: menu/press.wav
03:31:26.795 [FXGL Background Thread 3 ] DEBUG Engine               - soundMenuSelect: menu/select.wav
03:31:26.795 [FXGL Background Thread 3 ] DEBUG Engine               - soundNotification: core/notification.wav
03:31:26.795 [FXGL Background Thread 3 ] DEBUG Engine               - stageStyle: DECORATED
03:31:26.795 [FXGL Background Thread 3 ] DEBUG Engine               - supportedLanguages: [ENGLISH, FRENCH, GERMAN, HUNGARIAN, RUSSIAN]
03:31:26.795 [FXGL Background Thread 3 ] DEBUG Engine               - ticksPerSecond: -1
03:31:26.795 [FXGL Background Thread 3 ] DEBUG Engine               - title: Final Journey
03:31:26.795 [FXGL Background Thread 3 ] DEBUG Engine               - urlGithub: https://github.com/AlmasB/FXGL
03:31:26.795 [FXGL Background Thread 3 ] DEBUG Engine               - urlLeaderboard: http://fxgl-top.herokuapp.com/
03:31:26.795 [FXGL Background Thread 3 ] DEBUG Engine               - urlPOM: https://raw.githubusercontent.com/AlmasB/FXGL/release/README.md
03:31:26.795 [FXGL Background Thread 3 ] DEBUG Engine               - userAppClass: class com.project.App
03:31:26.795 [FXGL Background Thread 3 ] DEBUG Engine               - version: Alpha
03:31:26.795 [FXGL Background Thread 3 ] DEBUG Engine               - versionCheckDays: 7
03:31:26.795 [FXGL Background Thread 3 ] DEBUG Engine               - width: 1280
03:31:26.795 [FXGL Background Thread 3 ] DEBUG Engine               - Logging services
03:31:26.795 [FXGL Background Thread 3 ] DEBUG Engine               - class com.almasb.fxgl.app.services.FXGLAssetLoaderService
03:31:26.795 [FXGL Background Thread 3 ] DEBUG Engine               - class com.almasb.fxgl.app.FXGLApplication$GameApplicationService
03:31:26.795 [FXGL Background Thread 3 ] DEBUG Engine               - class com.almasb.fxgl.app.services.FXGLDialogService
03:31:26.795 [FXGL Background Thread 3 ] DEBUG Engine               - class com.almasb.fxgl.app.services.IOTaskExecutorService
03:31:26.795 [FXGL Background Thread 3 ] DEBUG Engine               - class com.almasb.fxgl.io.FileSystemService
03:31:26.795 [FXGL Background Thread 3 ] DEBUG Engine               - class com.almasb.fxgl.localization.LocalizationService
03:31:26.795 [FXGL Background Thread 3 ] DEBUG Engine               - class com.almasb.fxgl.app.services.SystemBundleService
03:31:26.795 [FXGL Background Thread 3 ] DEBUG Engine               - class com.almasb.fxgl.profile.SaveLoadService
03:31:26.795 [FXGL Background Thread 3 ] DEBUG Engine               - class com.almasb.fxgl.ui.FXGLUIFactoryServiceProvider
03:31:26.795 [FXGL Background Thread 3 ] DEBUG Engine               - class com.almasb.fxgl.ui.FXGLDialogFactoryServiceProvider
03:31:26.795 [FXGL Background Thread 3 ] DEBUG Engine               - class com.almasb.fxgl.audio.AudioPlayer
03:31:26.795 [FXGL Background Thread 3 ] DEBUG Engine               - class com.almasb.fxgl.notification.impl.NotificationServiceProvider
03:31:26.795 [FXGL Background Thread 3 ] DEBUG Engine               - class com.almasb.fxgl.achievement.AchievementService
03:31:26.795 [FXGL Background Thread 3 ] DEBUG Engine               - class com.almasb.fxgl.cutscene.CutsceneService
03:31:26.795 [FXGL Background Thread 3 ] DEBUG Engine               - class com.almasb.fxgl.minigames.MiniGameService
03:31:26.795 [FXGL Background Thread 3 ] DEBUG Engine               - class com.almasb.fxgl.net.NetService
03:31:26.795 [FXGL Background Thread 3 ] DEBUG Engine               - class com.almasb.fxgl.app.services.UpdaterService
03:31:26.795 [FXGL Background Thread 3 ] DEBUG Engine               - class com.almasb.fxgl.dev.DevService
03:31:26.903 [JavaFX Application Thread] DEBUG FXGLApplication      - Exiting FXGL
03:31:26.904 [JavaFX Application Thread] DEBUG Async                - Shutting down background threads
03:31:26.904 [JavaFX Application Thread] DEBUG PrimaryStageWindow   - Closing main window
03:31:26.927 [JavaFX Application Thread] DEBUG Logger               - Closing Logger
