08:02:35.187 [main                     ] DEBUG Logger               - Configured Logger
08:02:35.209 [main                     ] DEBUG GameApplication      - Logging settings
Title: Final Journey
Version: Alpha
Width: 1280
Height: 720
Fullscreen: true
Intro: false
Profiling: false
Single step:false
App Mode: DEVELOPER
Menu Key: ESCAPE
Stage Style: DECORATED
Scene Factory: class com.almasb.fxgl.app.scene.SceneFactory

08:02:35.630 [JavaFX Application Thread] DEBUG FXGLApplication      - Initializing FXGL
08:02:35.635 [JavaFX Application Thread] INFO  Engine               - FXGL-21.1 (27.03.2024 07.52) on WINDOWS (J:21.0.5 FX:21.0.1)
08:02:35.635 [JavaFX Application Thread] DEBUG Engine               - JRE Vendor Name: Eclipse Adoptium
08:02:35.636 [JavaFX Application Thread] DEBUG Engine               - Running on OS: Windows 11 version 10.0
08:02:35.636 [JavaFX Application Thread] DEBUG Engine               - Architecture: amd64
08:02:35.636 [JavaFX Application Thread] INFO  Engine               - Source code and latest versions at: https://github.com/AlmasB/FXGL
08:02:35.637 [JavaFX Application Thread] INFO  Engine               -       Ask questions and discuss at: https://github.com/AlmasB/FXGL/discussions
08:02:35.637 [JavaFX Application Thread] INFO  Engine               -              Join the FXGL chat at: https://gitter.im/AlmasB/FXGL
08:02:35.733 [JavaFX Application Thread] DEBUG PrimaryStageWindow   - Creating a JavaFX scene
08:02:35.793 [JavaFX Application Thread] DEBUG PrimaryStageWindow   - Target settings size: 1280.0 x 720.0
08:02:35.794 [JavaFX Application Thread] DEBUG PrimaryStageWindow   - Scaled scene size:    1280.0 x 720.0
08:02:35.794 [JavaFX Application Thread] DEBUG PrimaryStageWindow   - Scaled ratio: (1.0, 1.0)
08:02:35.795 [JavaFX Application Thread] DEBUG PrimaryStageWindow   - Set initial scene to FXGLStartupScene
08:02:35.798 [JavaFX Application Thread] DEBUG PrimaryStageWindow   - Opening main window
08:02:35.902 [JavaFX Application Thread] DEBUG PrimaryStageWindow   - Window border size: (14.4000244140625, 37.5999755859375)
08:02:35.902 [JavaFX Application Thread] DEBUG PrimaryStageWindow   - Scaled size: 1280.0 x 720.0
08:02:35.902 [JavaFX Application Thread] DEBUG PrimaryStageWindow   - Scaled ratio: (1.0, 1.0)
08:02:35.903 [JavaFX Application Thread] DEBUG PrimaryStageWindow   - Scene size: 1280.0 x 720.0
08:02:35.903 [JavaFX Application Thread] DEBUG PrimaryStageWindow   - Stage size: 1294.4000244140625 x 757.5999755859375
08:02:35.968 [JavaFX Application Thread] DEBUG PrimaryStageWindow   - Going fullscreen
08:02:35.976 [FXGL Background Thread 1 ] DEBUG Engine               - Initializing environment variables
08:02:36.025 [FXGL Background Thread 1 ] DEBUG FXGLAssetLoaderServi - User app class for loading assets: class com.project.App
08:02:36.025 [FXGL Background Thread 1 ] DEBUG GameApplicationServi - Applying CSS: fxgl_dark.css
08:02:36.026 [FXGL Background Thread 1 ] DEBUG FXGLAssetLoaderServi - Loading from file system: jar:file:/C:/Users/Lenovo/.m2/repository/com/github/almasb/fxgl/21.1/fxgl-21.1.jar!/fxglassets/ui/css/fxgl_dark.css
08:02:36.063 [FXGL Background Thread 1 ] DEBUG GameApplicationServi - Initializing application scenes
08:02:36.104 [FXGL Background Thread 1 ] DEBUG GameWorld            - Game world initialized
08:02:36.158 [FXGL Background Thread 1 ] DEBUG PhysicsWorld         - Physics world initialized: appHeight=720, physics.ppm=50.0
08:02:36.158 [FXGL Background Thread 1 ] DEBUG PhysicsWorld         - Using strategy: BRUTE_FORCE
08:02:36.161 [FXGL Background Thread 1 ] DEBUG GameScene            - Game scene initialized: 1280x720
08:02:36.171 [FXGL Background Thread 1 ] DEBUG FXGL.DefaultMenu     - createMenuBodyGameMenu()
08:02:36.183 [FXGL Background Thread 1 ] DEBUG FXGL.DefaultMenu     - createOptionsMenu()
08:02:36.190 [FXGL Background Thread 1 ] DEBUG FXGLAssetLoaderServi - Loading from file system: jar:file:/C:/Users/Lenovo/.m2/repository/com/github/almasb/fxgl/21.1/fxgl-21.1.jar!/fxglassets/textures/particles/smoke.png
08:02:36.280 [FXGL Background Thread 1 ] DEBUG FXGLAssetLoaderServi - Loading from file system: jar:file:/C:/Users/Lenovo/.m2/repository/com/github/almasb/fxgl/21.1/fxgl-21.1.jar!/fxglassets/textures/particles/trace_horizontal.png
08:02:36.302 [FXGL Background Thread 1 ] DEBUG GameApplicationServi - Application scenes initialized
08:02:36.315 [FXGL Background Thread 1 ] DEBUG SystemBundleService  - Loading FXGL system data
08:02:36.319 [FXGL Background Thread 1 ] DEBUG FileSystemAccess     - Reading from: C:\Users\Lenovo\ProjectJava3.0\myproject\myproject\system\fxgl.bundle
08:02:36.331 [FXGL Background Thread 1 ] DEBUG SystemBundleService  - Bundle FXGL: {}
08:02:36.331 [FXGL Background Thread 1 ] DEBUG UpdaterService       - Checking for updates
08:02:36.361 [FXGL Background Thread 4 ] DEBUG FXGLApplication      - Loading fonts
08:02:36.362 [FXGL Background Thread 4 ] DEBUG FXGLAssetLoaderServi - Loading from file system: jar:file:/C:/Users/Lenovo/.m2/repository/com/github/almasb/fxgl/21.1/fxgl-21.1.jar!/fxglassets/ui/fonts/VarelaRound-Regular.ttf
08:02:36.363 [FXGL Background Thread 1 ] DEBUG FXGLApplication      - Loading default localization
08:02:36.364 [FXGL Background Thread 1 ] DEBUG FXGLAssetLoaderServi - Loading from file system: jar:file:/C:/Users/Lenovo/.m2/repository/com/github/almasb/fxgl/21.1/fxgl-21.1.jar!/fxglassets/languages/english.lang
08:02:36.394 [FXGL Background Thread 1 ] INFO  FXGLApplication      - FXGL initialization took: 0.418 sec
08:02:36.397 [FXGL Background Thread 4 ] DEBUG FXGLAssetLoaderServi - Loading from file system: jar:file:/C:/Users/Lenovo/.m2/repository/com/github/almasb/fxgl/21.1/fxgl-21.1.jar!/fxglassets/ui/fonts/Abel-Regular.ttf
08:02:36.401 [FXGL Background Thread 4 ] DEBUG FXGLAssetLoaderServi - Loading from file system: jar:file:/C:/Users/Lenovo/.m2/repository/com/github/almasb/fxgl/21.1/fxgl-21.1.jar!/fxglassets/ui/fonts/TerminalLandMono-Regular.otf
08:02:36.405 [JavaFX Application Thread] DEBUG Input                - Registered new binding: Right - D
08:02:36.405 [JavaFX Application Thread] DEBUG Input                - Registered new binding: Left - A
08:02:36.405 [FXGL Background Thread 4 ] DEBUG FXGLAssetLoaderServi - Loading from file system: jar:file:/C:/Users/Lenovo/.m2/repository/com/github/almasb/fxgl/21.1/fxgl-21.1.jar!/fxglassets/ui/fonts/Courier-Prime.ttf
08:02:36.405 [JavaFX Application Thread] DEBUG Input                - Registered new binding: Up - W
08:02:36.405 [JavaFX Application Thread] DEBUG Input                - Registered new binding: Down - S
08:02:36.405 [JavaFX Application Thread] DEBUG Input                - Registered new binding: Interact - E
08:02:36.406 [JavaFX Application Thread] DEBUG FXGLAssetLoaderServi - Loading from file system: jar:file:/C:/Users/Lenovo/.m2/repository/com/github/almasb/fxgl/21.1/fxgl-21.1.jar!/fxglassets/textures/fxgl_icon.png
08:02:36.422 [JavaFX Application Thread] DEBUG FXGLAssetLoaderServi - Loading from file system: jar:file:/C:/Users/Lenovo/.m2/repository/com/github/almasb/fxgl/21.1/fxgl-21.1.jar!/fxglassets/textures/fxgl_default_cursor.png
08:02:36.425 [JavaFX Application Thread] DEBUG Input                - Registered new binding: Screenshot - CTRL+8
08:02:36.426 [JavaFX Application Thread] DEBUG Input                - Registered new binding: Dev Options - 1
08:02:36.427 [JavaFX Application Thread] DEBUG Input                - Registered new binding: Dev Console - 2
08:02:36.428 [JavaFX Application Thread] DEBUG Input                - Registered new binding: System info dump - CTRL+9
08:02:36.428 [JavaFX Application Thread] DEBUG Input                - Registered new binding: Restart - CTRL+R
08:02:36.429 [JavaFX Application Thread] DEBUG Input                - Registered new binding: Toggle Debug Camera - CTRL+7
08:02:36.435 [JavaFX Application Thread] DEBUG LoopRunner           - Starting loop
08:02:36.455 [JavaFX Application Thread] DEBUG LoopRunner           - Initializing JavaFX AnimationTimerLoop
08:02:36.458 [JavaFX Application Thread] DEBUG GameApplicationServi - Starting new game
08:02:36.458 [JavaFX Application Thread] DEBUG Input                - Clearing active input actions
08:02:36.471 [JavaFX Application Thread] DEBUG GameApplicationServi - Removing overlay from FXGLStartupScene and adding to FXGLLoadingScene
08:02:36.478 [JavaFX Application Thread] DEBUG PrimaryStageWindow   - FXGLStartupScene -> FXGLLoadingScene
08:02:36.478 [JavaFX Application Thread] DEBUG GameApplicationServi - Clearing previous game
08:02:36.478 [JavaFX Application Thread] DEBUG GameScene            - Clearing game scene
08:02:36.478 [JavaFX Application Thread] DEBUG GameWorld            - Clearing game world
08:02:36.478 [JavaFX Application Thread] DEBUG PhysicsWorld         - Clearing physics world
08:02:36.480 [FXGL Background Thread 4 ] DEBUG FXGLApplication      - Initializing game
08:02:36.480 [JavaFX Application Thread] DEBUG FXGLApplication      - Registering font factories with UI factory
08:02:36.548 [FXGL Background Thread 4 ] WARN  TMXLevelLoader       - TiledMap generated from 1.11.2. Supported version: 1.9.0. Some features may not be parsed fully.
08:02:36.573 [FXGL Background Thread 4 ] DEBUG TMXLevelLoader       - Parsed TiledMap: file:/C:/Users/Lenovo/ProjectJava3.0/myproject/myproject/target/classes/assets/levels/scene1.tmx
08:02:36.574 [FXGL Background Thread 4 ] DEBUG TMXLevelLoader       - Creating tile layer entities
08:02:36.576 [FXGL Background Thread 4 ] DEBUG TilesetLoader        - Loading view for layer lowefloor
08:02:36.577 [FXGL Background Thread 4 ] DEBUG TilesetLoader        - Created buffer with size 512.0x1024.0
08:02:36.644 [FXGL Background Thread 4 ] DEBUG TilesetLoader        - Loading view for layer cliff
08:02:36.644 [FXGL Background Thread 4 ] DEBUG TilesetLoader        - Created buffer with size 512.0x1024.0
08:02:36.645 [FXGL Background Thread 4 ] DEBUG TilesetLoader        - Loading view for layer cliff1
08:02:36.647 [FXGL Background Thread 4 ] DEBUG TilesetLoader        - Created buffer with size 512.0x1024.0
08:02:36.648 [FXGL Background Thread 4 ] DEBUG TilesetLoader        - Loading view for layer cliff2
08:02:36.648 [FXGL Background Thread 4 ] DEBUG TilesetLoader        - Created buffer with size 512.0x1024.0
08:02:36.650 [FXGL Background Thread 4 ] DEBUG TilesetLoader        - Loading view for layer Tile Layer 3
08:02:36.650 [FXGL Background Thread 4 ] DEBUG TilesetLoader        - Created buffer with size 512.0x1024.0
08:02:36.651 [FXGL Background Thread 4 ] DEBUG TilesetLoader        - Loading view for layer Tile Layer 6
08:02:36.651 [FXGL Background Thread 4 ] DEBUG TilesetLoader        - Created buffer with size 512.0x1024.0
08:02:36.725 [FXGL Background Thread 4 ] DEBUG TilesetLoader        - Loading view for layer prop
08:02:36.726 [FXGL Background Thread 4 ] DEBUG TilesetLoader        - Created buffer with size 512.0x1024.0
08:02:36.726 [FXGL Background Thread 4 ] DEBUG TMXLevelLoader       - Creating object layer entities
08:02:36.768 [FXGL Background Thread 4 ] DEBUG FXGLAssetLoaderServi - Loading from file system: file:/C:/Users/Lenovo/ProjectJava3.0/myproject/myproject/target/classes/assets/textures/Rafflesia.png
08:02:36.791 [FXGL Background Thread 4 ] WARN  TMXLevelLoader       - TiledMap generated from 1.11.2. Supported version: 1.9.0. Some features may not be parsed fully.
08:02:36.805 [FXGL Background Thread 4 ] DEBUG TMXLevelLoader       - Parsed TiledMap: file:/C:/Users/Lenovo/ProjectJava3.0/myproject/myproject/target/classes/assets/levels/scene1.tmx
08:02:36.806 [FXGL Background Thread 4 ] DEBUG TMXLevelLoader       - Creating tile layer entities
08:02:36.806 [FXGL Background Thread 4 ] DEBUG TilesetLoader        - Loading view for layer lowefloor
08:02:36.807 [FXGL Background Thread 4 ] DEBUG TilesetLoader        - Created buffer with size 512.0x1024.0
08:02:36.838 [FXGL Background Thread 4 ] DEBUG TilesetLoader        - Loading view for layer cliff
08:02:36.838 [FXGL Background Thread 4 ] DEBUG TilesetLoader        - Created buffer with size 512.0x1024.0
08:02:36.839 [FXGL Background Thread 4 ] DEBUG TilesetLoader        - Loading view for layer cliff1
08:02:36.839 [FXGL Background Thread 4 ] DEBUG TilesetLoader        - Created buffer with size 512.0x1024.0
08:02:36.840 [FXGL Background Thread 4 ] DEBUG TilesetLoader        - Loading view for layer cliff2
08:02:36.840 [FXGL Background Thread 4 ] DEBUG TilesetLoader        - Created buffer with size 512.0x1024.0
08:02:36.841 [FXGL Background Thread 4 ] DEBUG TilesetLoader        - Loading view for layer Tile Layer 3
08:02:36.842 [FXGL Background Thread 4 ] DEBUG TilesetLoader        - Created buffer with size 512.0x1024.0
08:02:36.843 [FXGL Background Thread 4 ] DEBUG TilesetLoader        - Loading view for layer Tile Layer 6
08:02:36.844 [FXGL Background Thread 4 ] DEBUG TilesetLoader        - Created buffer with size 512.0x1024.0
08:02:36.894 [FXGL Background Thread 4 ] DEBUG TilesetLoader        - Loading view for layer prop
08:02:36.895 [FXGL Background Thread 4 ] DEBUG TilesetLoader        - Created buffer with size 512.0x1024.0
08:02:36.895 [FXGL Background Thread 4 ] DEBUG TMXLevelLoader       - Creating object layer entities
08:02:36.908 [FXGL Background Thread 4 ] DEBUG GameWorld            - Clearing removable entities
08:02:36.909 [FXGL Background Thread 4 ] DEBUG GameWorld            - Setting level: com.almasb.fxgl.entity.level.Level@78ac6010
08:02:36.925 [FXGL Background Thread 4 ] DEBUG FXGLAssetLoaderServi - Loading from file system: file:/C:/Users/Lenovo/ProjectJava3.0/myproject/myproject/target/classes/assets/textures/Actor1.png
08:02:36.933 [FXGL Background Thread 4 ] INFO  FXGLApplication      - Game initialization took: 0.452 sec
08:02:36.934 [JavaFX Application Thread] DEBUG Input                - Clearing active input actions
08:02:36.942 [JavaFX Application Thread] DEBUG GameApplicationServi - Removing overlay from FXGLLoadingScene and adding to GameScene
08:02:36.947 [JavaFX Application Thread] DEBUG PrimaryStageWindow   - FXGLLoadingScene -> GameScene
08:02:39.359 [FXGL Background Thread 3 ] DEBUG Engine               - Logging environment variables
08:02:39.359 [FXGL Background Thread 3 ] DEBUG Engine               - achievements: []
08:02:39.359 [FXGL Background Thread 3 ] DEBUG Engine               - actualHeight: 864.0
08:02:39.360 [FXGL Background Thread 3 ] DEBUG Engine               - actualHeightProperty: ReadOnlyDoubleProperty [value: 864.0]
08:02:39.360 [FXGL Background Thread 3 ] DEBUG Engine               - actualWidth: 1536.0
08:02:39.360 [FXGL Background Thread 3 ] DEBUG Engine               - actualWidthProperty: ReadOnlyDoubleProperty [value: 1536.0]
08:02:39.360 [FXGL Background Thread 3 ] DEBUG Engine               - appIcon: fxgl_icon.png
08:02:39.360 [FXGL Background Thread 3 ] DEBUG Engine               - applicationMode: DEVELOPER
08:02:39.360 [FXGL Background Thread 3 ] DEBUG Engine               - cSSList: [fxgl_dark.css]
08:02:39.361 [FXGL Background Thread 3 ] DEBUG Engine               - collisionDetectionStrategy: BRUTE_FORCE
08:02:39.361 [FXGL Background Thread 3 ] DEBUG Engine               - configClass: Optional.empty
08:02:39.361 [FXGL Background Thread 3 ] DEBUG Engine               - credits: []
08:02:39.362 [FXGL Background Thread 3 ] DEBUG Engine               - defaultCursor: CursorInfo(imageName=fxgl_default_cursor.png, hotspotX=7.0, hotspotY=6.0)
08:02:39.362 [FXGL Background Thread 3 ] DEBUG Engine               - devBBoxColorProperty: ObjectProperty [value: 0xff0000ff]
08:02:39.362 [FXGL Background Thread 3 ] DEBUG Engine               - devEnableDebugCameraProperty: BooleanProperty [value: false]
08:02:39.362 [FXGL Background Thread 3 ] DEBUG Engine               - devSensorColorProperty: ObjectProperty [value: 0xffff00ff]
08:02:39.363 [FXGL Background Thread 3 ] DEBUG Engine               - devShowBBoxProperty: BooleanProperty [value: false]
08:02:39.363 [FXGL Background Thread 3 ] DEBUG Engine               - devShowPositionProperty: BooleanProperty [value: false]
08:02:39.363 [FXGL Background Thread 3 ] DEBUG Engine               - enabledMenuItems: []
08:02:39.363 [FXGL Background Thread 3 ] DEBUG Engine               - engineServices: [class com.almasb.fxgl.app.services.FXGLAssetLoaderService, class com.almasb.fxgl.app.FXGLApplication$GameApplicationService, class com.almasb.fxgl.app.services.FXGLDialogService, class com.almasb.fxgl.app.services.IOTaskExecutorService, class com.almasb.fxgl.io.FileSystemService, class com.almasb.fxgl.localization.LocalizationService, class com.almasb.fxgl.app.services.SystemBundleService, class com.almasb.fxgl.profile.SaveLoadService, class com.almasb.fxgl.ui.FXGLUIFactoryServiceProvider, class com.almasb.fxgl.ui.FXGLDialogFactoryServiceProvider, class com.almasb.fxgl.audio.AudioPlayer, class com.almasb.fxgl.notification.impl.NotificationServiceProvider, class com.almasb.fxgl.achievement.AchievementService, class com.almasb.fxgl.cutscene.CutsceneService, class com.almasb.fxgl.minigames.MiniGameService, class com.almasb.fxgl.net.NetService, class com.almasb.fxgl.app.services.UpdaterService, class com.almasb.fxgl.dev.DevService]
08:02:39.363 [FXGL Background Thread 3 ] DEBUG Engine               - fontGame: Abel-Regular.ttf
08:02:39.363 [FXGL Background Thread 3 ] DEBUG Engine               - fontMono: TerminalLandMono-Regular.otf
08:02:39.363 [FXGL Background Thread 3 ] DEBUG Engine               - fontSizeScaleUI: 1.0
08:02:39.363 [FXGL Background Thread 3 ] DEBUG Engine               - fontText: Courier-Prime.ttf
08:02:39.364 [FXGL Background Thread 3 ] DEBUG Engine               - fontUI: VarelaRound-Regular.ttf
08:02:39.364 [FXGL Background Thread 3 ] DEBUG Engine               - fullScreen: BooleanProperty [value: true]
08:02:39.364 [FXGL Background Thread 3 ] DEBUG Engine               - gameDifficulty: MEDIUM
08:02:39.364 [FXGL Background Thread 3 ] DEBUG Engine               - gameDifficultyProperty: ObjectProperty [value: MEDIUM]
08:02:39.364 [FXGL Background Thread 3 ] DEBUG Engine               - globalMusicVolume: 0.5
08:02:39.364 [FXGL Background Thread 3 ] DEBUG Engine               - globalMusicVolumeProperty: DoubleProperty [value: 0.5]
08:02:39.364 [FXGL Background Thread 3 ] DEBUG Engine               - globalSoundVolume: 0.5
08:02:39.364 [FXGL Background Thread 3 ] DEBUG Engine               - globalSoundVolumeProperty: DoubleProperty [value: 0.5]
08:02:39.365 [FXGL Background Thread 3 ] DEBUG Engine               - height: 720
08:02:39.365 [FXGL Background Thread 3 ] DEBUG Engine               - is3D: false
08:02:39.365 [FXGL Background Thread 3 ] DEBUG Engine               - isAndroid: false
08:02:39.365 [FXGL Background Thread 3 ] DEBUG Engine               - isBrowser: false
08:02:39.365 [FXGL Background Thread 3 ] DEBUG Engine               - isClickFeedbackEnabled: false
08:02:39.365 [FXGL Background Thread 3 ] DEBUG Engine               - isCloseConfirmation: false
08:02:39.365 [FXGL Background Thread 3 ] DEBUG Engine               - isDesktop: true
08:02:39.365 [FXGL Background Thread 3 ] DEBUG Engine               - isDeveloperMenuEnabled: true
08:02:39.365 [FXGL Background Thread 3 ] DEBUG Engine               - isEmbedded: false
08:02:39.365 [FXGL Background Thread 3 ] DEBUG Engine               - isEntityPreloadEnabled: true
08:02:39.365 [FXGL Background Thread 3 ] DEBUG Engine               - isExperimentalTiledLargeMap: false
08:02:39.365 [FXGL Background Thread 3 ] DEBUG Engine               - isFileSystemWriteAllowed: true
08:02:39.365 [FXGL Background Thread 3 ] DEBUG Engine               - isFullScreenAllowed: true
08:02:39.366 [FXGL Background Thread 3 ] DEBUG Engine               - isFullScreenFromStart: true
08:02:39.366 [FXGL Background Thread 3 ] DEBUG Engine               - isGameMenuEnabled: true
08:02:39.366 [FXGL Background Thread 3 ] DEBUG Engine               - isIOS: false
08:02:39.366 [FXGL Background Thread 3 ] DEBUG Engine               - isIntroEnabled: false
08:02:39.366 [FXGL Background Thread 3 ] DEBUG Engine               - isLinux: false
08:02:39.366 [FXGL Background Thread 3 ] DEBUG Engine               - isMac: false
08:02:39.366 [FXGL Background Thread 3 ] DEBUG Engine               - isMainMenuEnabled: false
08:02:39.366 [FXGL Background Thread 3 ] DEBUG Engine               - isManualResizeEnabled: false
08:02:39.366 [FXGL Background Thread 3 ] DEBUG Engine               - isMobile: false
08:02:39.366 [FXGL Background Thread 3 ] DEBUG Engine               - isNative: false
08:02:39.366 [FXGL Background Thread 3 ] DEBUG Engine               - isPauseMusicWhenMinimized: true
08:02:39.366 [FXGL Background Thread 3 ] DEBUG Engine               - isPreserveResizeRatio: false
08:02:39.366 [FXGL Background Thread 3 ] DEBUG Engine               - isProfilingEnabled: false
08:02:39.366 [FXGL Background Thread 3 ] DEBUG Engine               - isScaleAffectedOnResize: true
08:02:39.367 [FXGL Background Thread 3 ] DEBUG Engine               - isSingleStep: false
08:02:39.367 [FXGL Background Thread 3 ] DEBUG Engine               - isUserProfileEnabled: false
08:02:39.367 [FXGL Background Thread 3 ] DEBUG Engine               - isWindows: true
08:02:39.367 [FXGL Background Thread 3 ] DEBUG Engine               - language: ObjectProperty [value: ENGLISH]
08:02:39.367 [FXGL Background Thread 3 ] DEBUG Engine               - menuKey: ESCAPE
08:02:39.367 [FXGL Background Thread 3 ] DEBUG Engine               - mouseSensitivity: 0.2
08:02:39.367 [FXGL Background Thread 3 ] DEBUG Engine               - notificationViewClass: class com.almasb.fxgl.notification.view.XboxNotificationView
08:02:39.367 [FXGL Background Thread 3 ] DEBUG Engine               - pixelsPerMeter: 50.0
08:02:39.367 [FXGL Background Thread 3 ] DEBUG Engine               - platform: WINDOWS
08:02:39.367 [FXGL Background Thread 3 ] DEBUG Engine               - prefHeightProperty: ReadOnlyDoubleProperty [value: 720.0]
08:02:39.367 [FXGL Background Thread 3 ] DEBUG Engine               - prefWidthProperty: ReadOnlyDoubleProperty [value: 1280.0]
08:02:39.367 [FXGL Background Thread 3 ] DEBUG Engine               - profileDir: profiles/
08:02:39.367 [FXGL Background Thread 3 ] DEBUG Engine               - profileName: StringProperty [value: DEFAULT]
08:02:39.367 [FXGL Background Thread 3 ] DEBUG Engine               - randomSeed: -1
08:02:39.367 [FXGL Background Thread 3 ] DEBUG Engine               - runtimeInfo: RuntimeInfo(platform=WINDOWS, version=21.1, build=27.03.2024 07.52)
08:02:39.367 [FXGL Background Thread 3 ] DEBUG Engine               - saveFileExt: sav
08:02:39.367 [FXGL Background Thread 3 ] DEBUG Engine               - scaledHeightProp$fxgl: DoubleProperty [bound, value: 864.0]
08:02:39.368 [FXGL Background Thread 3 ] DEBUG Engine               - scaledWidthProp$fxgl: DoubleProperty [bound, value: 1536.0]
08:02:39.368 [FXGL Background Thread 3 ] DEBUG Engine               - sceneFactory: com.almasb.fxgl.app.scene.SceneFactory@f7d53dc
08:02:39.368 [FXGL Background Thread 3 ] DEBUG Engine               - secondsIn24h: 60
08:02:39.368 [FXGL Background Thread 3 ] DEBUG Engine               - soundMenuBack: menu/back.wav
08:02:39.368 [FXGL Background Thread 3 ] DEBUG Engine               - soundMenuPress: menu/press.wav
08:02:39.368 [FXGL Background Thread 3 ] DEBUG Engine               - soundMenuSelect: menu/select.wav
08:02:39.368 [FXGL Background Thread 3 ] DEBUG Engine               - soundNotification: core/notification.wav
08:02:39.368 [FXGL Background Thread 3 ] DEBUG Engine               - stageStyle: DECORATED
08:02:39.368 [FXGL Background Thread 3 ] DEBUG Engine               - supportedLanguages: [ENGLISH, FRENCH, GERMAN, HUNGARIAN, RUSSIAN]
08:02:39.368 [FXGL Background Thread 3 ] DEBUG Engine               - ticksPerSecond: -1
08:02:39.368 [FXGL Background Thread 3 ] DEBUG Engine               - title: Final Journey
08:02:39.368 [FXGL Background Thread 3 ] DEBUG Engine               - urlGithub: https://github.com/AlmasB/FXGL
08:02:39.368 [FXGL Background Thread 3 ] DEBUG Engine               - urlLeaderboard: http://fxgl-top.herokuapp.com/
08:02:39.368 [FXGL Background Thread 3 ] DEBUG Engine               - urlPOM: https://raw.githubusercontent.com/AlmasB/FXGL/release/README.md
08:02:39.368 [FXGL Background Thread 3 ] DEBUG Engine               - userAppClass: class com.project.App
08:02:39.368 [FXGL Background Thread 3 ] DEBUG Engine               - version: Alpha
08:02:39.368 [FXGL Background Thread 3 ] DEBUG Engine               - versionCheckDays: 7
08:02:39.368 [FXGL Background Thread 3 ] DEBUG Engine               - width: 1280
08:02:39.368 [FXGL Background Thread 3 ] DEBUG Engine               - Logging services
08:02:39.368 [FXGL Background Thread 3 ] DEBUG Engine               - class com.almasb.fxgl.app.services.FXGLAssetLoaderService
08:02:39.368 [FXGL Background Thread 3 ] DEBUG Engine               - class com.almasb.fxgl.app.FXGLApplication$GameApplicationService
08:02:39.368 [FXGL Background Thread 3 ] DEBUG Engine               - class com.almasb.fxgl.app.services.FXGLDialogService
08:02:39.368 [FXGL Background Thread 3 ] DEBUG Engine               - class com.almasb.fxgl.app.services.IOTaskExecutorService
08:02:39.368 [FXGL Background Thread 3 ] DEBUG Engine               - class com.almasb.fxgl.io.FileSystemService
08:02:39.368 [FXGL Background Thread 3 ] DEBUG Engine               - class com.almasb.fxgl.localization.LocalizationService
08:02:39.368 [FXGL Background Thread 3 ] DEBUG Engine               - class com.almasb.fxgl.app.services.SystemBundleService
08:02:39.368 [FXGL Background Thread 3 ] DEBUG Engine               - class com.almasb.fxgl.profile.SaveLoadService
08:02:39.368 [FXGL Background Thread 3 ] DEBUG Engine               - class com.almasb.fxgl.ui.FXGLUIFactoryServiceProvider
08:02:39.368 [FXGL Background Thread 3 ] DEBUG Engine               - class com.almasb.fxgl.ui.FXGLDialogFactoryServiceProvider
08:02:39.368 [FXGL Background Thread 3 ] DEBUG Engine               - class com.almasb.fxgl.audio.AudioPlayer
08:02:39.368 [FXGL Background Thread 3 ] DEBUG Engine               - class com.almasb.fxgl.notification.impl.NotificationServiceProvider
08:02:39.369 [FXGL Background Thread 3 ] DEBUG Engine               - class com.almasb.fxgl.achievement.AchievementService
08:02:39.369 [FXGL Background Thread 3 ] DEBUG Engine               - class com.almasb.fxgl.cutscene.CutsceneService
08:02:39.369 [FXGL Background Thread 3 ] DEBUG Engine               - class com.almasb.fxgl.minigames.MiniGameService
08:02:39.369 [FXGL Background Thread 3 ] DEBUG Engine               - class com.almasb.fxgl.net.NetService
08:02:39.369 [FXGL Background Thread 3 ] DEBUG Engine               - class com.almasb.fxgl.app.services.UpdaterService
08:02:39.369 [FXGL Background Thread 3 ] DEBUG Engine               - class com.almasb.fxgl.dev.DevService
08:02:39.874 [JavaFX Application Thread] DEBUG FXGLAssetLoaderServi - Loading from file system: file:/C:/Users/Lenovo/ProjectJava3.0/myproject/myproject/target/classes/assets/text/CutScene1.txt
08:02:39.879 [JavaFX Application Thread] DEBUG Input                - Registered new binding: Next RPG Line - Enter
08:02:39.880 [JavaFX Application Thread] DEBUG PrimaryStageWindow   - Push state: CutsceneScene
08:02:39.881 [JavaFX Application Thread] DEBUG Input                - Clearing active input actions
08:02:39.881 [JavaFX Application Thread] DEBUG GameApplicationServi - Removing overlay from GameScene and adding to CutsceneScene
08:02:39.884 [JavaFX Application Thread] DEBUG PrimaryStageWindow   - GameScene -> CutsceneScene
08:02:43.835 [JavaFX Application Thread] DEBUG PrimaryStageWindow   - Pop state: CutsceneScene
08:02:43.835 [JavaFX Application Thread] DEBUG Input                - Clearing active input actions
08:02:43.835 [JavaFX Application Thread] DEBUG GameApplicationServi - Removing overlay from CutsceneScene and adding to GameScene
08:02:43.837 [JavaFX Application Thread] DEBUG PrimaryStageWindow   - GameScene <- CutsceneScene
08:02:43.837 [JavaFX Application Thread] DEBUG EventBus             - Firing event: com.GameEvent.CombatScene[source=javafx.event.Event$$Lambda/0x00000208961740f0@461c80d1]
08:02:43.839 [JavaFX Application Thread] WARN  TMXLevelLoader       - TiledMap generated from 1.11.2. Supported version: 1.9.0. Some features may not be parsed fully.
08:02:43.844 [JavaFX Application Thread] DEBUG TMXLevelLoader       - Parsed TiledMap: file:/C:/Users/Lenovo/ProjectJava3.0/myproject/myproject/target/classes/assets/levels/battle1.tmx
08:02:43.844 [JavaFX Application Thread] DEBUG TMXLevelLoader       - Creating tile layer entities
08:02:43.844 [JavaFX Application Thread] DEBUG TilesetLoader        - Loading view for layer Tile Layer 1
08:02:43.846 [JavaFX Application Thread] DEBUG TilesetLoader        - Created buffer with size 2048.0x1024.0
08:02:43.940 [JavaFX Application Thread] DEBUG TMXLevelLoader       - Creating object layer entities
08:02:43.943 [JavaFX Application Thread] DEBUG FXGLAssetLoaderServi - Loading from file system: file:/C:/Users/Lenovo/ProjectJava3.0/myproject/myproject/target/classes/assets/textures/Boss%20Dryad%20Queen%20Rafflesia.png
08:02:43.963 [JavaFX Application Thread] DEBUG FXGLAssetLoaderServi - Loading from file system: file:/C:/Users/Lenovo/ProjectJava3.0/myproject/myproject/target/classes/assets/textures/Reid.png
08:02:44.104 [JavaFX Application Thread] DEBUG FXGLAssetLoaderServi - Loading from file system: file:/C:/Users/Lenovo/ProjectJava3.0/myproject/myproject/target/classes/assets/textures/marsha.png
08:02:44.255 [JavaFX Application Thread] DEBUG GameWorld            - Clearing removable entities
08:02:44.260 [JavaFX Application Thread] DEBUG GameWorld            - Setting level: com.almasb.fxgl.entity.level.Level@41921899
08:02:44.263 [JavaFX Application Thread] WARN  TMXLevelLoader       - TiledMap generated from 1.11.2. Supported version: 1.9.0. Some features may not be parsed fully.
08:02:44.268 [JavaFX Application Thread] DEBUG TMXLevelLoader       - Parsed TiledMap: file:/C:/Users/Lenovo/ProjectJava3.0/myproject/myproject/target/classes/assets/levels/battle1.tmx
08:02:44.268 [JavaFX Application Thread] DEBUG TMXLevelLoader       - Creating tile layer entities
08:02:44.268 [JavaFX Application Thread] DEBUG TilesetLoader        - Loading view for layer Tile Layer 1
08:02:44.269 [JavaFX Application Thread] DEBUG TilesetLoader        - Created buffer with size 2048.0x1024.0
08:02:44.360 [JavaFX Application Thread] DEBUG TMXLevelLoader       - Creating object layer entities
08:02:49.954 [JavaFX Application Thread] DEBUG FXGLApplication      - Exiting FXGL
08:02:49.954 [JavaFX Application Thread] DEBUG LoopRunner           - Stopping loop
08:02:49.954 [JavaFX Application Thread] DEBUG SystemBundleService  - Saving FXGL system data
08:02:49.956 [JavaFX Application Thread] DEBUG FileSystemAccess     - Writing to: C:\Users\Lenovo\ProjectJava3.0\myproject\myproject\system\fxgl.bundle
08:02:49.958 [JavaFX Application Thread] DEBUG Async                - Shutting down background threads
08:02:49.958 [JavaFX Application Thread] DEBUG PrimaryStageWindow   - Closing main window
08:02:49.990 [JavaFX Application Thread] DEBUG Logger               - Closing Logger
