17:56:44.569 [main                     ] DEBUG Logger               - Configured Logger
17:56:44.588 [main                     ] DEBUG GameApplication      - Logging settings
Title: Final Journey
Version: Alpha
Width: 1280
Height: 720
Fullscreen: true
Intro: false
Profiling: false
Single step:false
App Mode: DEVELOPER
Menu Key: ESCAPE
Stage Style: DECORATED
Scene Factory: class com.almasb.fxgl.app.scene.SceneFactory

17:56:45.040 [JavaFX Application Thread] DEBUG FXGLApplication      - Initializing FXGL
17:56:45.044 [JavaFX Application Thread] INFO  Engine               - FXGL-21.1 (27.03.2024 07.52) on WINDOWS (J:21.0.5 FX:21.0.1)
17:56:45.045 [JavaFX Application Thread] DEBUG Engine               - JRE Vendor Name: Eclipse Adoptium
17:56:45.045 [JavaFX Application Thread] DEBUG Engine               - Running on OS: Windows 11 version 10.0
17:56:45.045 [JavaFX Application Thread] DEBUG Engine               - Architecture: amd64
17:56:45.045 [JavaFX Application Thread] INFO  Engine               - Source code and latest versions at: https://github.com/AlmasB/FXGL
17:56:45.045 [JavaFX Application Thread] INFO  Engine               -       Ask questions and discuss at: https://github.com/AlmasB/FXGL/discussions
17:56:45.046 [JavaFX Application Thread] INFO  Engine               -              Join the FXGL chat at: https://gitter.im/AlmasB/FXGL
17:56:45.148 [JavaFX Application Thread] DEBUG PrimaryStageWindow   - Creating a JavaFX scene
17:56:45.202 [JavaFX Application Thread] DEBUG PrimaryStageWindow   - Target settings size: 1280.0 x 720.0
17:56:45.203 [JavaFX Application Thread] DEBUG PrimaryStageWindow   - Scaled scene size:    1280.0 x 720.0
17:56:45.203 [JavaFX Application Thread] DEBUG PrimaryStageWindow   - Scaled ratio: (1.0, 1.0)
17:56:45.204 [JavaFX Application Thread] DEBUG PrimaryStageWindow   - Set initial scene to FXGLStartupScene
17:56:45.208 [JavaFX Application Thread] DEBUG PrimaryStageWindow   - Opening main window
17:56:45.321 [JavaFX Application Thread] DEBUG PrimaryStageWindow   - Window border size: (14.4000244140625, 37.5999755859375)
17:56:45.321 [JavaFX Application Thread] DEBUG PrimaryStageWindow   - Scaled size: 1280.0 x 720.0
17:56:45.321 [JavaFX Application Thread] DEBUG PrimaryStageWindow   - Scaled ratio: (1.0, 1.0)
17:56:45.322 [JavaFX Application Thread] DEBUG PrimaryStageWindow   - Scene size: 1280.0 x 720.0
17:56:45.322 [JavaFX Application Thread] DEBUG PrimaryStageWindow   - Stage size: 1294.4000244140625 x 757.5999755859375
17:56:45.397 [JavaFX Application Thread] DEBUG PrimaryStageWindow   - Going fullscreen
17:56:45.406 [FXGL Background Thread 1 ] DEBUG Engine               - Initializing environment variables
17:56:45.471 [FXGL Background Thread 1 ] DEBUG FXGLAssetLoaderServi - User app class for loading assets: class com.project.App
17:56:45.472 [FXGL Background Thread 1 ] DEBUG GameApplicationServi - Applying CSS: fxgl_dark.css
17:56:45.473 [FXGL Background Thread 1 ] DEBUG FXGLAssetLoaderServi - Loading from file system: jar:file:/C:/Users/Lenovo/.m2/repository/com/github/almasb/fxgl/21.1/fxgl-21.1.jar!/fxglassets/ui/css/fxgl_dark.css
17:56:45.511 [FXGL Background Thread 1 ] DEBUG GameApplicationServi - Initializing application scenes
17:56:45.557 [FXGL Background Thread 1 ] DEBUG GameWorld            - Game world initialized
17:56:45.617 [FXGL Background Thread 1 ] DEBUG PhysicsWorld         - Physics world initialized: appHeight=720, physics.ppm=50.0
17:56:45.617 [FXGL Background Thread 1 ] DEBUG PhysicsWorld         - Using strategy: BRUTE_FORCE
17:56:45.621 [FXGL Background Thread 1 ] DEBUG GameScene            - Game scene initialized: 1280x720
17:56:45.630 [FXGL Background Thread 1 ] DEBUG FXGL.DefaultMenu     - createMenuBodyGameMenu()
17:56:45.643 [FXGL Background Thread 1 ] DEBUG FXGL.DefaultMenu     - createOptionsMenu()
17:56:45.651 [FXGL Background Thread 1 ] DEBUG FXGLAssetLoaderServi - Loading from file system: jar:file:/C:/Users/Lenovo/.m2/repository/com/github/almasb/fxgl/21.1/fxgl-21.1.jar!/fxglassets/textures/particles/smoke.png
17:56:45.742 [FXGL Background Thread 1 ] DEBUG FXGLAssetLoaderServi - Loading from file system: jar:file:/C:/Users/Lenovo/.m2/repository/com/github/almasb/fxgl/21.1/fxgl-21.1.jar!/fxglassets/textures/particles/trace_horizontal.png
17:56:45.767 [FXGL Background Thread 1 ] DEBUG GameApplicationServi - Application scenes initialized
17:56:45.781 [FXGL Background Thread 1 ] DEBUG SystemBundleService  - Loading FXGL system data
17:56:45.785 [FXGL Background Thread 1 ] DEBUG FileSystemAccess     - Reading from: C:\Users\Lenovo\ProjectJava3.0\myproject\myproject\system\fxgl.bundle
17:56:45.796 [FXGL Background Thread 1 ] DEBUG SystemBundleService  - Bundle FXGL: {}
17:56:45.796 [FXGL Background Thread 1 ] DEBUG UpdaterService       - Checking for updates
17:56:45.823 [FXGL Background Thread 4 ] DEBUG FXGLApplication      - Loading fonts
17:56:45.824 [FXGL Background Thread 4 ] DEBUG FXGLAssetLoaderServi - Loading from file system: jar:file:/C:/Users/Lenovo/.m2/repository/com/github/almasb/fxgl/21.1/fxgl-21.1.jar!/fxglassets/ui/fonts/VarelaRound-Regular.ttf
17:56:45.824 [FXGL Background Thread 1 ] DEBUG FXGLApplication      - Loading default localization
17:56:45.824 [FXGL Background Thread 1 ] DEBUG FXGLAssetLoaderServi - Loading from file system: jar:file:/C:/Users/Lenovo/.m2/repository/com/github/almasb/fxgl/21.1/fxgl-21.1.jar!/fxglassets/languages/english.lang
17:56:45.860 [FXGL Background Thread 1 ] INFO  FXGLApplication      - FXGL initialization took: 0.454 sec
17:56:45.866 [FXGL Background Thread 4 ] DEBUG FXGLAssetLoaderServi - Loading from file system: jar:file:/C:/Users/Lenovo/.m2/repository/com/github/almasb/fxgl/21.1/fxgl-21.1.jar!/fxglassets/ui/fonts/Abel-Regular.ttf
17:56:45.868 [JavaFX Application Thread] DEBUG Input                - Registered new binding: Right - D
17:56:45.870 [JavaFX Application Thread] DEBUG Input                - Registered new binding: Left - A
17:56:45.870 [JavaFX Application Thread] DEBUG Input                - Registered new binding: Up - W
17:56:45.870 [JavaFX Application Thread] DEBUG Input                - Registered new binding: Down - S
17:56:45.870 [JavaFX Application Thread] DEBUG Input                - Registered new binding: Interact - E
17:56:45.871 [FXGL Background Thread 4 ] DEBUG FXGLAssetLoaderServi - Loading from file system: jar:file:/C:/Users/Lenovo/.m2/repository/com/github/almasb/fxgl/21.1/fxgl-21.1.jar!/fxglassets/ui/fonts/TerminalLandMono-Regular.otf
17:56:45.871 [JavaFX Application Thread] DEBUG FXGLAssetLoaderServi - Loading from file system: jar:file:/C:/Users/Lenovo/.m2/repository/com/github/almasb/fxgl/21.1/fxgl-21.1.jar!/fxglassets/textures/fxgl_icon.png
17:56:45.875 [FXGL Background Thread 4 ] DEBUG FXGLAssetLoaderServi - Loading from file system: jar:file:/C:/Users/Lenovo/.m2/repository/com/github/almasb/fxgl/21.1/fxgl-21.1.jar!/fxglassets/ui/fonts/Courier-Prime.ttf
17:56:45.889 [JavaFX Application Thread] DEBUG FXGLAssetLoaderServi - Loading from file system: jar:file:/C:/Users/Lenovo/.m2/repository/com/github/almasb/fxgl/21.1/fxgl-21.1.jar!/fxglassets/textures/fxgl_default_cursor.png
17:56:45.892 [JavaFX Application Thread] DEBUG Input                - Registered new binding: Screenshot - CTRL+8
17:56:45.892 [JavaFX Application Thread] DEBUG Input                - Registered new binding: Dev Options - 1
17:56:45.893 [JavaFX Application Thread] DEBUG Input                - Registered new binding: Dev Console - 2
17:56:45.894 [JavaFX Application Thread] DEBUG Input                - Registered new binding: System info dump - CTRL+9
17:56:45.894 [JavaFX Application Thread] DEBUG Input                - Registered new binding: Restart - CTRL+R
17:56:45.895 [JavaFX Application Thread] DEBUG Input                - Registered new binding: Toggle Debug Camera - CTRL+7
17:56:45.900 [JavaFX Application Thread] DEBUG LoopRunner           - Starting loop
17:56:45.921 [JavaFX Application Thread] DEBUG LoopRunner           - Initializing JavaFX AnimationTimerLoop
17:56:45.923 [JavaFX Application Thread] DEBUG GameApplicationServi - Starting new game
17:56:45.924 [JavaFX Application Thread] DEBUG Input                - Clearing active input actions
17:56:45.935 [JavaFX Application Thread] DEBUG GameApplicationServi - Removing overlay from FXGLStartupScene and adding to FXGLLoadingScene
17:56:45.941 [JavaFX Application Thread] DEBUG PrimaryStageWindow   - FXGLStartupScene -> FXGLLoadingScene
17:56:45.941 [JavaFX Application Thread] DEBUG GameApplicationServi - Clearing previous game
17:56:45.941 [JavaFX Application Thread] DEBUG GameScene            - Clearing game scene
17:56:45.941 [JavaFX Application Thread] DEBUG GameWorld            - Clearing game world
17:56:45.941 [JavaFX Application Thread] DEBUG PhysicsWorld         - Clearing physics world
17:56:45.942 [FXGL Background Thread 4 ] DEBUG FXGLApplication      - Initializing game
17:56:45.944 [JavaFX Application Thread] DEBUG FXGLApplication      - Registering font factories with UI factory
17:56:46.011 [FXGL Background Thread 4 ] WARN  TMXLevelLoader       - TiledMap generated from 1.11.2. Supported version: 1.9.0. Some features may not be parsed fully.
17:56:46.039 [FXGL Background Thread 4 ] DEBUG TMXLevelLoader       - Parsed TiledMap: file:/C:/Users/Lenovo/ProjectJava3.0/myproject/myproject/target/classes/assets/levels/scene1.tmx
17:56:46.041 [FXGL Background Thread 4 ] DEBUG TMXLevelLoader       - Creating tile layer entities
17:56:46.043 [FXGL Background Thread 4 ] DEBUG TilesetLoader        - Loading view for layer lowefloor
17:56:46.044 [FXGL Background Thread 4 ] DEBUG TilesetLoader        - Created buffer with size 512.0x1024.0
17:56:46.114 [FXGL Background Thread 4 ] DEBUG TilesetLoader        - Loading view for layer cliff
17:56:46.114 [FXGL Background Thread 4 ] DEBUG TilesetLoader        - Created buffer with size 512.0x1024.0
17:56:46.115 [FXGL Background Thread 4 ] DEBUG TilesetLoader        - Loading view for layer cliff1
17:56:46.116 [FXGL Background Thread 4 ] DEBUG TilesetLoader        - Created buffer with size 512.0x1024.0
17:56:46.119 [FXGL Background Thread 4 ] DEBUG TilesetLoader        - Loading view for layer cliff2
17:56:46.119 [FXGL Background Thread 4 ] DEBUG TilesetLoader        - Created buffer with size 512.0x1024.0
17:56:46.121 [FXGL Background Thread 4 ] DEBUG TilesetLoader        - Loading view for layer Tile Layer 3
17:56:46.122 [FXGL Background Thread 4 ] DEBUG TilesetLoader        - Created buffer with size 512.0x1024.0
17:56:46.123 [FXGL Background Thread 4 ] DEBUG TilesetLoader        - Loading view for layer Tile Layer 6
17:56:46.125 [FXGL Background Thread 4 ] DEBUG TilesetLoader        - Created buffer with size 512.0x1024.0
17:56:46.208 [FXGL Background Thread 4 ] DEBUG TilesetLoader        - Loading view for layer prop
17:56:46.208 [FXGL Background Thread 4 ] DEBUG TilesetLoader        - Created buffer with size 512.0x1024.0
17:56:46.209 [FXGL Background Thread 4 ] DEBUG TMXLevelLoader       - Creating object layer entities
17:56:46.249 [FXGL Background Thread 4 ] DEBUG FXGLAssetLoaderServi - Loading from file system: file:/C:/Users/Lenovo/ProjectJava3.0/myproject/myproject/target/classes/assets/textures/Rafflesia.png
17:56:46.279 [FXGL Background Thread 4 ] WARN  TMXLevelLoader       - TiledMap generated from 1.11.2. Supported version: 1.9.0. Some features may not be parsed fully.
17:56:46.292 [FXGL Background Thread 4 ] DEBUG TMXLevelLoader       - Parsed TiledMap: file:/C:/Users/Lenovo/ProjectJava3.0/myproject/myproject/target/classes/assets/levels/scene1.tmx
17:56:46.292 [FXGL Background Thread 4 ] DEBUG TMXLevelLoader       - Creating tile layer entities
17:56:46.293 [FXGL Background Thread 4 ] DEBUG TilesetLoader        - Loading view for layer lowefloor
17:56:46.294 [FXGL Background Thread 4 ] DEBUG TilesetLoader        - Created buffer with size 512.0x1024.0
17:56:46.323 [FXGL Background Thread 4 ] DEBUG TilesetLoader        - Loading view for layer cliff
17:56:46.323 [FXGL Background Thread 4 ] DEBUG TilesetLoader        - Created buffer with size 512.0x1024.0
17:56:46.324 [FXGL Background Thread 4 ] DEBUG TilesetLoader        - Loading view for layer cliff1
17:56:46.324 [FXGL Background Thread 4 ] DEBUG TilesetLoader        - Created buffer with size 512.0x1024.0
17:56:46.325 [FXGL Background Thread 4 ] DEBUG TilesetLoader        - Loading view for layer cliff2
17:56:46.326 [FXGL Background Thread 4 ] DEBUG TilesetLoader        - Created buffer with size 512.0x1024.0
17:56:46.327 [FXGL Background Thread 4 ] DEBUG TilesetLoader        - Loading view for layer Tile Layer 3
17:56:46.328 [FXGL Background Thread 4 ] DEBUG TilesetLoader        - Created buffer with size 512.0x1024.0
17:56:46.329 [FXGL Background Thread 4 ] DEBUG TilesetLoader        - Loading view for layer Tile Layer 6
17:56:46.329 [FXGL Background Thread 4 ] DEBUG TilesetLoader        - Created buffer with size 512.0x1024.0
17:56:46.385 [FXGL Background Thread 4 ] DEBUG TilesetLoader        - Loading view for layer prop
17:56:46.386 [FXGL Background Thread 4 ] DEBUG TilesetLoader        - Created buffer with size 512.0x1024.0
17:56:46.386 [FXGL Background Thread 4 ] DEBUG TMXLevelLoader       - Creating object layer entities
17:56:46.399 [FXGL Background Thread 4 ] DEBUG GameWorld            - Clearing removable entities
17:56:46.399 [FXGL Background Thread 4 ] DEBUG GameWorld            - Setting level: com.almasb.fxgl.entity.level.Level@62884c60
17:56:46.415 [FXGL Background Thread 4 ] DEBUG FXGLAssetLoaderServi - Loading from file system: file:/C:/Users/Lenovo/ProjectJava3.0/myproject/myproject/target/classes/assets/textures/Actor1.png
17:56:46.425 [FXGL Background Thread 4 ] INFO  FXGLApplication      - Game initialization took: 0.483 sec
17:56:46.426 [JavaFX Application Thread] DEBUG Input                - Clearing active input actions
17:56:46.440 [JavaFX Application Thread] DEBUG GameApplicationServi - Removing overlay from FXGLLoadingScene and adding to GameScene
17:56:46.443 [JavaFX Application Thread] DEBUG PrimaryStageWindow   - FXGLLoadingScene -> GameScene
17:56:48.824 [FXGL Background Thread 3 ] DEBUG Engine               - Logging environment variables
17:56:48.824 [FXGL Background Thread 3 ] DEBUG Engine               - achievements: []
17:56:48.824 [FXGL Background Thread 3 ] DEBUG Engine               - actualHeight: 864.0
17:56:48.824 [FXGL Background Thread 3 ] DEBUG Engine               - actualHeightProperty: ReadOnlyDoubleProperty [value: 864.0]
17:56:48.825 [FXGL Background Thread 3 ] DEBUG Engine               - actualWidth: 1536.0
17:56:48.825 [FXGL Background Thread 3 ] DEBUG Engine               - actualWidthProperty: ReadOnlyDoubleProperty [value: 1536.0]
17:56:48.825 [FXGL Background Thread 3 ] DEBUG Engine               - appIcon: fxgl_icon.png
17:56:48.825 [FXGL Background Thread 3 ] DEBUG Engine               - applicationMode: DEVELOPER
17:56:48.825 [FXGL Background Thread 3 ] DEBUG Engine               - cSSList: [fxgl_dark.css]
17:56:48.825 [FXGL Background Thread 3 ] DEBUG Engine               - collisionDetectionStrategy: BRUTE_FORCE
17:56:48.825 [FXGL Background Thread 3 ] DEBUG Engine               - configClass: Optional.empty
17:56:48.825 [FXGL Background Thread 3 ] DEBUG Engine               - credits: []
17:56:48.825 [FXGL Background Thread 3 ] DEBUG Engine               - defaultCursor: CursorInfo(imageName=fxgl_default_cursor.png, hotspotX=7.0, hotspotY=6.0)
17:56:48.825 [FXGL Background Thread 3 ] DEBUG Engine               - devBBoxColorProperty: ObjectProperty [value: 0xff0000ff]
17:56:48.825 [FXGL Background Thread 3 ] DEBUG Engine               - devEnableDebugCameraProperty: BooleanProperty [value: false]
17:56:48.825 [FXGL Background Thread 3 ] DEBUG Engine               - devSensorColorProperty: ObjectProperty [value: 0xffff00ff]
17:56:48.826 [FXGL Background Thread 3 ] DEBUG Engine               - devShowBBoxProperty: BooleanProperty [value: false]
17:56:48.826 [FXGL Background Thread 3 ] DEBUG Engine               - devShowPositionProperty: BooleanProperty [value: false]
17:56:48.826 [FXGL Background Thread 3 ] DEBUG Engine               - enabledMenuItems: []
17:56:48.826 [FXGL Background Thread 3 ] DEBUG Engine               - engineServices: [class com.almasb.fxgl.app.services.FXGLAssetLoaderService, class com.almasb.fxgl.app.FXGLApplication$GameApplicationService, class com.almasb.fxgl.app.services.FXGLDialogService, class com.almasb.fxgl.app.services.IOTaskExecutorService, class com.almasb.fxgl.io.FileSystemService, class com.almasb.fxgl.localization.LocalizationService, class com.almasb.fxgl.app.services.SystemBundleService, class com.almasb.fxgl.profile.SaveLoadService, class com.almasb.fxgl.ui.FXGLUIFactoryServiceProvider, class com.almasb.fxgl.ui.FXGLDialogFactoryServiceProvider, class com.almasb.fxgl.audio.AudioPlayer, class com.almasb.fxgl.notification.impl.NotificationServiceProvider, class com.almasb.fxgl.achievement.AchievementService, class com.almasb.fxgl.cutscene.CutsceneService, class com.almasb.fxgl.minigames.MiniGameService, class com.almasb.fxgl.net.NetService, class com.almasb.fxgl.app.services.UpdaterService, class com.almasb.fxgl.dev.DevService]
17:56:48.826 [FXGL Background Thread 3 ] DEBUG Engine               - fontGame: Abel-Regular.ttf
17:56:48.826 [FXGL Background Thread 3 ] DEBUG Engine               - fontMono: TerminalLandMono-Regular.otf
17:56:48.826 [FXGL Background Thread 3 ] DEBUG Engine               - fontSizeScaleUI: 1.0
17:56:48.826 [FXGL Background Thread 3 ] DEBUG Engine               - fontText: Courier-Prime.ttf
17:56:48.826 [FXGL Background Thread 3 ] DEBUG Engine               - fontUI: VarelaRound-Regular.ttf
17:56:48.826 [FXGL Background Thread 3 ] DEBUG Engine               - fullScreen: BooleanProperty [value: true]
17:56:48.826 [FXGL Background Thread 3 ] DEBUG Engine               - gameDifficulty: MEDIUM
17:56:48.826 [FXGL Background Thread 3 ] DEBUG Engine               - gameDifficultyProperty: ObjectProperty [value: MEDIUM]
17:56:48.826 [FXGL Background Thread 3 ] DEBUG Engine               - globalMusicVolume: 0.5
17:56:48.826 [FXGL Background Thread 3 ] DEBUG Engine               - globalMusicVolumeProperty: DoubleProperty [value: 0.5]
17:56:48.827 [FXGL Background Thread 3 ] DEBUG Engine               - globalSoundVolume: 0.5
17:56:48.827 [FXGL Background Thread 3 ] DEBUG Engine               - globalSoundVolumeProperty: DoubleProperty [value: 0.5]
17:56:48.827 [FXGL Background Thread 3 ] DEBUG Engine               - height: 720
17:56:48.827 [FXGL Background Thread 3 ] DEBUG Engine               - is3D: false
17:56:48.827 [FXGL Background Thread 3 ] DEBUG Engine               - isAndroid: false
17:56:48.827 [FXGL Background Thread 3 ] DEBUG Engine               - isBrowser: false
17:56:48.827 [FXGL Background Thread 3 ] DEBUG Engine               - isClickFeedbackEnabled: false
17:56:48.827 [FXGL Background Thread 3 ] DEBUG Engine               - isCloseConfirmation: false
17:56:48.828 [FXGL Background Thread 3 ] DEBUG Engine               - isDesktop: true
17:56:48.828 [FXGL Background Thread 3 ] DEBUG Engine               - isDeveloperMenuEnabled: true
17:56:48.828 [FXGL Background Thread 3 ] DEBUG Engine               - isEmbedded: false
17:56:48.828 [FXGL Background Thread 3 ] DEBUG Engine               - isEntityPreloadEnabled: true
17:56:48.828 [FXGL Background Thread 3 ] DEBUG Engine               - isExperimentalTiledLargeMap: false
17:56:48.828 [FXGL Background Thread 3 ] DEBUG Engine               - isFileSystemWriteAllowed: true
17:56:48.828 [FXGL Background Thread 3 ] DEBUG Engine               - isFullScreenAllowed: true
17:56:48.828 [FXGL Background Thread 3 ] DEBUG Engine               - isFullScreenFromStart: true
17:56:48.828 [FXGL Background Thread 3 ] DEBUG Engine               - isGameMenuEnabled: true
17:56:48.828 [FXGL Background Thread 3 ] DEBUG Engine               - isIOS: false
17:56:48.828 [FXGL Background Thread 3 ] DEBUG Engine               - isIntroEnabled: false
17:56:48.828 [FXGL Background Thread 3 ] DEBUG Engine               - isLinux: false
17:56:48.828 [FXGL Background Thread 3 ] DEBUG Engine               - isMac: false
17:56:48.828 [FXGL Background Thread 3 ] DEBUG Engine               - isMainMenuEnabled: false
17:56:48.828 [FXGL Background Thread 3 ] DEBUG Engine               - isManualResizeEnabled: false
17:56:48.829 [FXGL Background Thread 3 ] DEBUG Engine               - isMobile: false
17:56:48.829 [FXGL Background Thread 3 ] DEBUG Engine               - isNative: false
17:56:48.829 [FXGL Background Thread 3 ] DEBUG Engine               - isPauseMusicWhenMinimized: true
17:56:48.829 [FXGL Background Thread 3 ] DEBUG Engine               - isPreserveResizeRatio: false
17:56:48.829 [FXGL Background Thread 3 ] DEBUG Engine               - isProfilingEnabled: false
17:56:48.829 [FXGL Background Thread 3 ] DEBUG Engine               - isScaleAffectedOnResize: true
17:56:48.829 [FXGL Background Thread 3 ] DEBUG Engine               - isSingleStep: false
17:56:48.829 [FXGL Background Thread 3 ] DEBUG Engine               - isUserProfileEnabled: false
17:56:48.829 [FXGL Background Thread 3 ] DEBUG Engine               - isWindows: true
17:56:48.829 [FXGL Background Thread 3 ] DEBUG Engine               - language: ObjectProperty [value: ENGLISH]
17:56:48.829 [FXGL Background Thread 3 ] DEBUG Engine               - menuKey: ESCAPE
17:56:48.829 [FXGL Background Thread 3 ] DEBUG Engine               - mouseSensitivity: 0.2
17:56:48.829 [FXGL Background Thread 3 ] DEBUG Engine               - notificationViewClass: class com.almasb.fxgl.notification.view.XboxNotificationView
17:56:48.829 [FXGL Background Thread 3 ] DEBUG Engine               - pixelsPerMeter: 50.0
17:56:48.829 [FXGL Background Thread 3 ] DEBUG Engine               - platform: WINDOWS
17:56:48.829 [FXGL Background Thread 3 ] DEBUG Engine               - prefHeightProperty: ReadOnlyDoubleProperty [value: 720.0]
17:56:48.829 [FXGL Background Thread 3 ] DEBUG Engine               - prefWidthProperty: ReadOnlyDoubleProperty [value: 1280.0]
17:56:48.829 [FXGL Background Thread 3 ] DEBUG Engine               - profileDir: profiles/
17:56:48.829 [FXGL Background Thread 3 ] DEBUG Engine               - profileName: StringProperty [value: DEFAULT]
17:56:48.829 [FXGL Background Thread 3 ] DEBUG Engine               - randomSeed: -1
17:56:48.830 [FXGL Background Thread 3 ] DEBUG Engine               - runtimeInfo: RuntimeInfo(platform=WINDOWS, version=21.1, build=27.03.2024 07.52)
17:56:48.830 [FXGL Background Thread 3 ] DEBUG Engine               - saveFileExt: sav
17:56:48.830 [FXGL Background Thread 3 ] DEBUG Engine               - scaledHeightProp$fxgl: DoubleProperty [bound, value: 864.0]
17:56:48.830 [FXGL Background Thread 3 ] DEBUG Engine               - scaledWidthProp$fxgl: DoubleProperty [bound, value: 1536.0]
17:56:48.830 [FXGL Background Thread 3 ] DEBUG Engine               - sceneFactory: com.almasb.fxgl.app.scene.SceneFactory@388e2d00
17:56:48.830 [FXGL Background Thread 3 ] DEBUG Engine               - secondsIn24h: 60
17:56:48.830 [FXGL Background Thread 3 ] DEBUG Engine               - soundMenuBack: menu/back.wav
17:56:48.830 [FXGL Background Thread 3 ] DEBUG Engine               - soundMenuPress: menu/press.wav
17:56:48.830 [FXGL Background Thread 3 ] DEBUG Engine               - soundMenuSelect: menu/select.wav
17:56:48.830 [FXGL Background Thread 3 ] DEBUG Engine               - soundNotification: core/notification.wav
17:56:48.830 [FXGL Background Thread 3 ] DEBUG Engine               - stageStyle: DECORATED
17:56:48.830 [FXGL Background Thread 3 ] DEBUG Engine               - supportedLanguages: [ENGLISH, FRENCH, GERMAN, HUNGARIAN, RUSSIAN]
17:56:48.830 [FXGL Background Thread 3 ] DEBUG Engine               - ticksPerSecond: -1
17:56:48.830 [FXGL Background Thread 3 ] DEBUG Engine               - title: Final Journey
17:56:48.830 [FXGL Background Thread 3 ] DEBUG Engine               - urlGithub: https://github.com/AlmasB/FXGL
17:56:48.830 [FXGL Background Thread 3 ] DEBUG Engine               - urlLeaderboard: http://fxgl-top.herokuapp.com/
17:56:48.830 [FXGL Background Thread 3 ] DEBUG Engine               - urlPOM: https://raw.githubusercontent.com/AlmasB/FXGL/release/README.md
17:56:48.830 [FXGL Background Thread 3 ] DEBUG Engine               - userAppClass: class com.project.App
17:56:48.830 [FXGL Background Thread 3 ] DEBUG Engine               - version: Alpha
17:56:48.830 [FXGL Background Thread 3 ] DEBUG Engine               - versionCheckDays: 7
17:56:48.830 [FXGL Background Thread 3 ] DEBUG Engine               - width: 1280
17:56:48.830 [FXGL Background Thread 3 ] DEBUG Engine               - Logging services
17:56:48.830 [FXGL Background Thread 3 ] DEBUG Engine               - class com.almasb.fxgl.app.services.FXGLAssetLoaderService
17:56:48.830 [FXGL Background Thread 3 ] DEBUG Engine               - class com.almasb.fxgl.app.FXGLApplication$GameApplicationService
17:56:48.830 [FXGL Background Thread 3 ] DEBUG Engine               - class com.almasb.fxgl.app.services.FXGLDialogService
17:56:48.830 [FXGL Background Thread 3 ] DEBUG Engine               - class com.almasb.fxgl.app.services.IOTaskExecutorService
17:56:48.830 [FXGL Background Thread 3 ] DEBUG Engine               - class com.almasb.fxgl.io.FileSystemService
17:56:48.830 [FXGL Background Thread 3 ] DEBUG Engine               - class com.almasb.fxgl.localization.LocalizationService
17:56:48.830 [FXGL Background Thread 3 ] DEBUG Engine               - class com.almasb.fxgl.app.services.SystemBundleService
17:56:48.831 [FXGL Background Thread 3 ] DEBUG Engine               - class com.almasb.fxgl.profile.SaveLoadService
17:56:48.831 [FXGL Background Thread 3 ] DEBUG Engine               - class com.almasb.fxgl.ui.FXGLUIFactoryServiceProvider
17:56:48.831 [FXGL Background Thread 3 ] DEBUG Engine               - class com.almasb.fxgl.ui.FXGLDialogFactoryServiceProvider
17:56:48.831 [FXGL Background Thread 3 ] DEBUG Engine               - class com.almasb.fxgl.audio.AudioPlayer
17:56:48.831 [FXGL Background Thread 3 ] DEBUG Engine               - class com.almasb.fxgl.notification.impl.NotificationServiceProvider
17:56:48.831 [FXGL Background Thread 3 ] DEBUG Engine               - class com.almasb.fxgl.achievement.AchievementService
17:56:48.831 [FXGL Background Thread 3 ] DEBUG Engine               - class com.almasb.fxgl.cutscene.CutsceneService
17:56:48.831 [FXGL Background Thread 3 ] DEBUG Engine               - class com.almasb.fxgl.minigames.MiniGameService
17:56:48.831 [FXGL Background Thread 3 ] DEBUG Engine               - class com.almasb.fxgl.net.NetService
17:56:48.831 [FXGL Background Thread 3 ] DEBUG Engine               - class com.almasb.fxgl.app.services.UpdaterService
17:56:48.831 [FXGL Background Thread 3 ] DEBUG Engine               - class com.almasb.fxgl.dev.DevService
17:56:49.223 [JavaFX Application Thread] DEBUG FXGLAssetLoaderServi - Loading from file system: file:/C:/Users/Lenovo/ProjectJava3.0/myproject/myproject/target/classes/assets/text/filetext.txt
17:56:49.224 [JavaFX Application Thread] DEBUG EventBus             - Firing event: com.GameEvent.CombatScene[source=javafx.event.Event$$Lambda/0x0000021ca51737f8@d61d69e]
17:56:49.226 [JavaFX Application Thread] WARN  TMXLevelLoader       - TiledMap generated from 1.11.2. Supported version: 1.9.0. Some features may not be parsed fully.
17:56:49.232 [JavaFX Application Thread] DEBUG TMXLevelLoader       - Parsed TiledMap: file:/C:/Users/Lenovo/ProjectJava3.0/myproject/myproject/target/classes/assets/levels/battle1.tmx
17:56:49.232 [JavaFX Application Thread] DEBUG TMXLevelLoader       - Creating tile layer entities
17:56:49.232 [JavaFX Application Thread] DEBUG TilesetLoader        - Loading view for layer Tile Layer 1
17:56:49.233 [JavaFX Application Thread] DEBUG TilesetLoader        - Created buffer with size 2048.0x1024.0
17:56:49.323 [JavaFX Application Thread] DEBUG TMXLevelLoader       - Creating object layer entities
17:56:49.325 [JavaFX Application Thread] DEBUG FXGLAssetLoaderServi - Loading from file system: file:/C:/Users/Lenovo/ProjectJava3.0/myproject/myproject/target/classes/assets/textures/Rex.png
17:56:49.339 [JavaFX Application Thread] DEBUG FXGLAssetLoaderServi - Loading from file system: file:/C:/Users/Lenovo/ProjectJava3.0/myproject/myproject/target/classes/assets/textures/Reid.png
17:56:49.501 [JavaFX Application Thread] DEBUG FXGLAssetLoaderServi - Loading from file system: file:/C:/Users/Lenovo/ProjectJava3.0/myproject/myproject/target/classes/assets/textures/marsha.png
17:56:49.649 [JavaFX Application Thread] DEBUG GameWorld            - Clearing removable entities
17:56:49.656 [JavaFX Application Thread] DEBUG GameWorld            - Setting level: com.almasb.fxgl.entity.level.Level@18ff85e8
17:56:49.660 [JavaFX Application Thread] WARN  TMXLevelLoader       - TiledMap generated from 1.11.2. Supported version: 1.9.0. Some features may not be parsed fully.
17:56:49.663 [JavaFX Application Thread] DEBUG TMXLevelLoader       - Parsed TiledMap: file:/C:/Users/Lenovo/ProjectJava3.0/myproject/myproject/target/classes/assets/levels/battle1.tmx
17:56:49.663 [JavaFX Application Thread] DEBUG TMXLevelLoader       - Creating tile layer entities
17:56:49.663 [JavaFX Application Thread] DEBUG TilesetLoader        - Loading view for layer Tile Layer 1
17:56:49.667 [JavaFX Application Thread] DEBUG TilesetLoader        - Created buffer with size 2048.0x1024.0
17:56:49.765 [JavaFX Application Thread] DEBUG TMXLevelLoader       - Creating object layer entities
17:56:53.270 [JavaFX Application Thread] DEBUG EventBus             - Firing event: com.GameEvent.BackMainScene[source=javafx.event.Event$$Lambda/0x0000021ca51737f8@d61d69e]
17:56:53.272 [JavaFX Application Thread] WARN  TMXLevelLoader       - TiledMap generated from 1.11.2. Supported version: 1.9.0. Some features may not be parsed fully.
17:56:53.278 [JavaFX Application Thread] DEBUG TMXLevelLoader       - Parsed TiledMap: file:/C:/Users/Lenovo/ProjectJava3.0/myproject/myproject/target/classes/assets/levels/scene1.tmx
17:56:53.279 [JavaFX Application Thread] DEBUG TMXLevelLoader       - Creating tile layer entities
17:56:53.280 [JavaFX Application Thread] DEBUG TilesetLoader        - Loading view for layer lowefloor
17:56:53.280 [JavaFX Application Thread] DEBUG TilesetLoader        - Created buffer with size 512.0x1024.0
17:56:53.314 [JavaFX Application Thread] DEBUG TilesetLoader        - Loading view for layer cliff
17:56:53.314 [JavaFX Application Thread] DEBUG TilesetLoader        - Created buffer with size 512.0x1024.0
17:56:53.315 [JavaFX Application Thread] DEBUG TilesetLoader        - Loading view for layer cliff1
17:56:53.315 [JavaFX Application Thread] DEBUG TilesetLoader        - Created buffer with size 512.0x1024.0
17:56:53.316 [JavaFX Application Thread] DEBUG TilesetLoader        - Loading view for layer cliff2
17:56:53.316 [JavaFX Application Thread] DEBUG TilesetLoader        - Created buffer with size 512.0x1024.0
17:56:53.316 [JavaFX Application Thread] DEBUG TilesetLoader        - Loading view for layer Tile Layer 3
17:56:53.316 [JavaFX Application Thread] DEBUG TilesetLoader        - Created buffer with size 512.0x1024.0
17:56:53.317 [JavaFX Application Thread] DEBUG TilesetLoader        - Loading view for layer Tile Layer 6
17:56:53.317 [JavaFX Application Thread] DEBUG TilesetLoader        - Created buffer with size 512.0x1024.0
17:56:53.373 [JavaFX Application Thread] DEBUG TilesetLoader        - Loading view for layer prop
17:56:53.373 [JavaFX Application Thread] DEBUG TilesetLoader        - Created buffer with size 512.0x1024.0
17:56:53.374 [JavaFX Application Thread] DEBUG TMXLevelLoader       - Creating object layer entities
17:56:53.379 [JavaFX Application Thread] DEBUG GameWorld            - Clearing removable entities
17:56:53.379 [JavaFX Application Thread] DEBUG GameWorld            - Setting level: com.almasb.fxgl.entity.level.Level@50bb35b4
17:56:53.383 [JavaFX Application Thread] WARN  TMXLevelLoader       - TiledMap generated from 1.11.2. Supported version: 1.9.0. Some features may not be parsed fully.
17:56:53.389 [JavaFX Application Thread] DEBUG TMXLevelLoader       - Parsed TiledMap: file:/C:/Users/Lenovo/ProjectJava3.0/myproject/myproject/target/classes/assets/levels/scene1.tmx
17:56:53.389 [JavaFX Application Thread] DEBUG TMXLevelLoader       - Creating tile layer entities
17:56:53.390 [JavaFX Application Thread] DEBUG TilesetLoader        - Loading view for layer lowefloor
17:56:53.390 [JavaFX Application Thread] DEBUG TilesetLoader        - Created buffer with size 512.0x1024.0
17:56:53.408 [JavaFX Application Thread] DEBUG TilesetLoader        - Loading view for layer cliff
17:56:53.408 [JavaFX Application Thread] DEBUG TilesetLoader        - Created buffer with size 512.0x1024.0
17:56:53.409 [JavaFX Application Thread] DEBUG TilesetLoader        - Loading view for layer cliff1
17:56:53.409 [JavaFX Application Thread] DEBUG TilesetLoader        - Created buffer with size 512.0x1024.0
17:56:53.410 [JavaFX Application Thread] DEBUG TilesetLoader        - Loading view for layer cliff2
17:56:53.410 [JavaFX Application Thread] DEBUG TilesetLoader        - Created buffer with size 512.0x1024.0
17:56:53.410 [JavaFX Application Thread] DEBUG TilesetLoader        - Loading view for layer Tile Layer 3
17:56:53.410 [JavaFX Application Thread] DEBUG TilesetLoader        - Created buffer with size 512.0x1024.0
17:56:53.411 [JavaFX Application Thread] DEBUG TilesetLoader        - Loading view for layer Tile Layer 6
17:56:53.411 [JavaFX Application Thread] DEBUG TilesetLoader        - Created buffer with size 512.0x1024.0
17:56:53.451 [JavaFX Application Thread] DEBUG TilesetLoader        - Loading view for layer prop
17:56:53.451 [JavaFX Application Thread] DEBUG TilesetLoader        - Created buffer with size 512.0x1024.0
17:56:53.451 [JavaFX Application Thread] DEBUG TMXLevelLoader       - Creating object layer entities
17:56:56.583 [JavaFX Application Thread] DEBUG EventBus             - Firing event: com.GameEvent.NextScene[source=javafx.event.Event$$Lambda/0x0000021ca51737f8@d61d69e]
17:56:56.586 [JavaFX Application Thread] WARN  TMXLevelLoader       - TiledMap generated from 1.11.2. Supported version: 1.9.0. Some features may not be parsed fully.
17:56:56.589 [JavaFX Application Thread] DEBUG TMXLevelLoader       - Parsed TiledMap: file:/C:/Users/Lenovo/ProjectJava3.0/myproject/myproject/target/classes/assets/levels/scene2.tmx
17:56:56.590 [JavaFX Application Thread] DEBUG TMXLevelLoader       - Creating tile layer entities
17:56:56.590 [JavaFX Application Thread] DEBUG TilesetLoader        - Loading view for layer Tile Layer 1
17:56:56.594 [JavaFX Application Thread] DEBUG TilesetLoader        - Created buffer with size 1024.0x1024.0
17:56:56.669 [JavaFX Application Thread] DEBUG TMXLevelLoader       - Creating object layer entities
17:56:56.676 [JavaFX Application Thread] DEBUG FXGLAssetLoaderServi - Loading from file system: file:/C:/Users/Lenovo/ProjectJava3.0/myproject/myproject/target/classes/assets/textures/CultistAni.png
17:56:56.677 [JavaFX Application Thread] DEBUG GameWorld            - Clearing removable entities
17:56:56.681 [JavaFX Application Thread] DEBUG GameWorld            - Setting level: com.almasb.fxgl.entity.level.Level@5b4af386
17:56:56.684 [JavaFX Application Thread] WARN  TMXLevelLoader       - TiledMap generated from 1.11.2. Supported version: 1.9.0. Some features may not be parsed fully.
17:56:56.685 [JavaFX Application Thread] DEBUG TMXLevelLoader       - Parsed TiledMap: file:/C:/Users/Lenovo/ProjectJava3.0/myproject/myproject/target/classes/assets/levels/scene2.tmx
17:56:56.685 [JavaFX Application Thread] DEBUG TMXLevelLoader       - Creating tile layer entities
17:56:56.686 [JavaFX Application Thread] DEBUG TilesetLoader        - Loading view for layer Tile Layer 1
17:56:56.686 [JavaFX Application Thread] DEBUG TilesetLoader        - Created buffer with size 1024.0x1024.0
17:56:56.748 [JavaFX Application Thread] DEBUG TMXLevelLoader       - Creating object layer entities
17:57:13.511 [JavaFX Application Thread] DEBUG EventBus             - Firing event: com.GameEvent.CombatScene[source=javafx.event.Event$$Lambda/0x0000021ca51737f8@d61d69e]
17:57:13.513 [JavaFX Application Thread] WARN  TMXLevelLoader       - TiledMap generated from 1.11.2. Supported version: 1.9.0. Some features may not be parsed fully.
17:57:13.515 [JavaFX Application Thread] DEBUG TMXLevelLoader       - Parsed TiledMap: file:/C:/Users/Lenovo/ProjectJava3.0/myproject/myproject/target/classes/assets/levels/battle2.tmx
17:57:13.515 [JavaFX Application Thread] DEBUG TMXLevelLoader       - Creating tile layer entities
17:57:13.515 [JavaFX Application Thread] DEBUG TilesetLoader        - Loading view for layer Tile Layer 1
17:57:13.516 [JavaFX Application Thread] DEBUG TilesetLoader        - Created buffer with size 2048.0x1024.0
17:57:13.615 [JavaFX Application Thread] DEBUG TMXLevelLoader       - Creating object layer entities
17:57:13.617 [JavaFX Application Thread] DEBUG FXGLAssetLoaderServi - Loading from file system: file:/C:/Users/Lenovo/ProjectJava3.0/myproject/myproject/target/classes/assets/textures/Dregan.png
17:57:13.628 [JavaFX Application Thread] DEBUG FXGLAssetLoaderServi - Loading from file system: file:/C:/Users/Lenovo/ProjectJava3.0/myproject/myproject/target/classes/assets/textures/Marlik.png
17:57:13.640 [JavaFX Application Thread] DEBUG GameWorld            - Clearing removable entities
17:57:13.641 [JavaFX Application Thread] DEBUG GameWorld            - Setting level: com.almasb.fxgl.entity.level.Level@4167014
17:57:13.644 [JavaFX Application Thread] WARN  TMXLevelLoader       - TiledMap generated from 1.11.2. Supported version: 1.9.0. Some features may not be parsed fully.
17:57:13.645 [JavaFX Application Thread] DEBUG TMXLevelLoader       - Parsed TiledMap: file:/C:/Users/Lenovo/ProjectJava3.0/myproject/myproject/target/classes/assets/levels/battle2.tmx
17:57:13.645 [JavaFX Application Thread] DEBUG TMXLevelLoader       - Creating tile layer entities
17:57:13.646 [JavaFX Application Thread] DEBUG TilesetLoader        - Loading view for layer Tile Layer 1
17:57:13.647 [JavaFX Application Thread] DEBUG TilesetLoader        - Created buffer with size 2048.0x1024.0
17:57:13.738 [JavaFX Application Thread] DEBUG TMXLevelLoader       - Creating object layer entities
17:57:15.391 [JavaFX Application Thread] DEBUG FXGLApplication      - Exiting FXGL
17:57:15.391 [JavaFX Application Thread] DEBUG LoopRunner           - Stopping loop
17:57:15.391 [JavaFX Application Thread] DEBUG SystemBundleService  - Saving FXGL system data
17:57:15.393 [JavaFX Application Thread] DEBUG FileSystemAccess     - Writing to: C:\Users\Lenovo\ProjectJava3.0\myproject\myproject\system\fxgl.bundle
17:57:15.397 [JavaFX Application Thread] DEBUG Async                - Shutting down background threads
17:57:15.397 [JavaFX Application Thread] DEBUG PrimaryStageWindow   - Closing main window
17:57:15.435 [JavaFX Application Thread] DEBUG Logger               - Closing Logger
