23:34:56.618 [main                     ] DEBUG Logger               - Configured Logger
23:34:56.635 [main                     ] DEBUG GameApplication      - Logging settings
Title: Final Journey
Version: Alpha
Width: 1280
Height: 720
Fullscreen: true
Intro: false
Profiling: false
Single step:false
App Mode: DEVELOPER
Menu Key: ESCAPE
Stage Style: DECORATED
Scene Factory: class com.almasb.fxgl.app.scene.SceneFactory

23:34:57.061 [JavaFX Application Thread] DEBUG FXGLApplication      - Initializing FXGL
23:34:57.064 [JavaFX Application Thread] INFO  Engine               - FXGL-21.1 (27.03.2024 07.52) on WINDOWS (J:21.0.5 FX:21.0.1)
23:34:57.065 [JavaFX Application Thread] DEBUG Engine               - JRE Vendor Name: Eclipse Adoptium
23:34:57.065 [JavaFX Application Thread] DEBUG Engine               - Running on OS: Windows 11 version 10.0
23:34:57.065 [JavaFX Application Thread] DEBUG Engine               - Architecture: amd64
23:34:57.065 [JavaFX Application Thread] INFO  Engine               - Source code and latest versions at: https://github.com/AlmasB/FXGL
23:34:57.066 [JavaFX Application Thread] INFO  Engine               -       Ask questions and discuss at: https://github.com/AlmasB/FXGL/discussions
23:34:57.066 [JavaFX Application Thread] INFO  Engine               -              Join the FXGL chat at: https://gitter.im/AlmasB/FXGL
23:34:57.157 [JavaFX Application Thread] DEBUG PrimaryStageWindow   - Creating a JavaFX scene
23:34:57.208 [JavaFX Application Thread] DEBUG PrimaryStageWindow   - Target settings size: 1280.0 x 720.0
23:34:57.208 [JavaFX Application Thread] DEBUG PrimaryStageWindow   - Scaled scene size:    1280.0 x 720.0
23:34:57.209 [JavaFX Application Thread] DEBUG PrimaryStageWindow   - Scaled ratio: (1.0, 1.0)
23:34:57.210 [JavaFX Application Thread] DEBUG PrimaryStageWindow   - Set initial scene to FXGLStartupScene
23:34:57.215 [JavaFX Application Thread] DEBUG PrimaryStageWindow   - Opening main window
23:34:57.310 [JavaFX Application Thread] DEBUG PrimaryStageWindow   - Window border size: (14.4000244140625, 37.5999755859375)
23:34:57.310 [JavaFX Application Thread] DEBUG PrimaryStageWindow   - Scaled size: 1280.0 x 720.0
23:34:57.310 [JavaFX Application Thread] DEBUG PrimaryStageWindow   - Scaled ratio: (1.0, 1.0)
23:34:57.310 [JavaFX Application Thread] DEBUG PrimaryStageWindow   - Scene size: 1280.0 x 720.0
23:34:57.310 [JavaFX Application Thread] DEBUG PrimaryStageWindow   - Stage size: 1294.4000244140625 x 757.5999755859375
23:34:57.375 [JavaFX Application Thread] DEBUG PrimaryStageWindow   - Going fullscreen
23:34:57.384 [FXGL Background Thread 1 ] DEBUG Engine               - Initializing environment variables
23:34:57.431 [FXGL Background Thread 1 ] DEBUG FXGLAssetLoaderServi - User app class for loading assets: class com.project.App
23:34:57.431 [FXGL Background Thread 1 ] DEBUG GameApplicationServi - Applying CSS: fxgl_dark.css
23:34:57.432 [FXGL Background Thread 1 ] DEBUG FXGLAssetLoaderServi - Loading from file system: jar:file:/C:/Users/Lenovo/.m2/repository/com/github/almasb/fxgl/21.1/fxgl-21.1.jar!/fxglassets/ui/css/fxgl_dark.css
23:34:57.468 [FXGL Background Thread 1 ] DEBUG GameApplicationServi - Initializing application scenes
23:34:57.509 [FXGL Background Thread 1 ] DEBUG GameWorld            - Game world initialized
23:34:57.566 [FXGL Background Thread 1 ] DEBUG PhysicsWorld         - Physics world initialized: appHeight=720, physics.ppm=50.0
23:34:57.566 [FXGL Background Thread 1 ] DEBUG PhysicsWorld         - Using strategy: BRUTE_FORCE
23:34:57.569 [FXGL Background Thread 1 ] DEBUG GameScene            - Game scene initialized: 1280x720
23:34:57.579 [FXGL Background Thread 1 ] DEBUG FXGL.DefaultMenu     - createMenuBodyGameMenu()
23:34:57.591 [FXGL Background Thread 1 ] DEBUG FXGL.DefaultMenu     - createOptionsMenu()
23:34:57.599 [FXGL Background Thread 1 ] DEBUG FXGLAssetLoaderServi - Loading from file system: jar:file:/C:/Users/Lenovo/.m2/repository/com/github/almasb/fxgl/21.1/fxgl-21.1.jar!/fxglassets/textures/particles/smoke.png
23:34:57.692 [FXGL Background Thread 1 ] DEBUG FXGLAssetLoaderServi - Loading from file system: jar:file:/C:/Users/Lenovo/.m2/repository/com/github/almasb/fxgl/21.1/fxgl-21.1.jar!/fxglassets/textures/particles/trace_horizontal.png
23:34:57.712 [FXGL Background Thread 1 ] DEBUG GameApplicationServi - Application scenes initialized
23:34:57.726 [FXGL Background Thread 1 ] DEBUG SystemBundleService  - Loading FXGL system data
23:34:57.731 [FXGL Background Thread 1 ] DEBUG FileSystemAccess     - Reading from: C:\Users\Lenovo\ProjectJava3.0\myproject\myproject\system\fxgl.bundle
23:34:57.739 [FXGL Background Thread 1 ] DEBUG SystemBundleService  - Bundle FXGL: {}
23:34:57.739 [FXGL Background Thread 1 ] DEBUG UpdaterService       - Checking for updates
23:34:57.766 [FXGL Background Thread 4 ] DEBUG FXGLApplication      - Loading fonts
23:34:57.766 [FXGL Background Thread 4 ] DEBUG FXGLAssetLoaderServi - Loading from file system: jar:file:/C:/Users/Lenovo/.m2/repository/com/github/almasb/fxgl/21.1/fxgl-21.1.jar!/fxglassets/ui/fonts/VarelaRound-Regular.ttf
23:34:57.767 [FXGL Background Thread 1 ] DEBUG FXGLApplication      - Loading default localization
23:34:57.767 [FXGL Background Thread 1 ] DEBUG FXGLAssetLoaderServi - Loading from file system: jar:file:/C:/Users/Lenovo/.m2/repository/com/github/almasb/fxgl/21.1/fxgl-21.1.jar!/fxglassets/languages/english.lang
23:34:57.796 [FXGL Background Thread 1 ] INFO  FXGLApplication      - FXGL initialization took: 0.413 sec
23:34:57.797 [FXGL Background Thread 4 ] DEBUG FXGLAssetLoaderServi - Loading from file system: jar:file:/C:/Users/Lenovo/.m2/repository/com/github/almasb/fxgl/21.1/fxgl-21.1.jar!/fxglassets/ui/fonts/Abel-Regular.ttf
23:34:57.800 [FXGL Background Thread 4 ] DEBUG FXGLAssetLoaderServi - Loading from file system: jar:file:/C:/Users/Lenovo/.m2/repository/com/github/almasb/fxgl/21.1/fxgl-21.1.jar!/fxglassets/ui/fonts/TerminalLandMono-Regular.otf
23:34:57.803 [FXGL Background Thread 4 ] DEBUG FXGLAssetLoaderServi - Loading from file system: jar:file:/C:/Users/Lenovo/.m2/repository/com/github/almasb/fxgl/21.1/fxgl-21.1.jar!/fxglassets/ui/fonts/Courier-Prime.ttf
23:34:57.806 [JavaFX Application Thread] DEBUG Input                - Registered new binding: Right - D
23:34:57.806 [JavaFX Application Thread] DEBUG Input                - Registered new binding: Left - A
23:34:57.806 [JavaFX Application Thread] DEBUG Input                - Registered new binding: Up - W
23:34:57.806 [JavaFX Application Thread] DEBUG Input                - Registered new binding: Down - S
23:34:57.806 [JavaFX Application Thread] DEBUG Input                - Registered new binding: Interact - E
23:34:57.806 [JavaFX Application Thread] DEBUG FXGLAssetLoaderServi - Loading from file system: jar:file:/C:/Users/Lenovo/.m2/repository/com/github/almasb/fxgl/21.1/fxgl-21.1.jar!/fxglassets/textures/fxgl_icon.png
23:34:57.824 [JavaFX Application Thread] DEBUG FXGLAssetLoaderServi - Loading from file system: jar:file:/C:/Users/Lenovo/.m2/repository/com/github/almasb/fxgl/21.1/fxgl-21.1.jar!/fxglassets/textures/fxgl_default_cursor.png
23:34:57.828 [JavaFX Application Thread] DEBUG Input                - Registered new binding: Screenshot - CTRL+8
23:34:57.829 [JavaFX Application Thread] DEBUG Input                - Registered new binding: Dev Options - 1
23:34:57.829 [JavaFX Application Thread] DEBUG Input                - Registered new binding: Dev Console - 2
23:34:57.829 [JavaFX Application Thread] DEBUG Input                - Registered new binding: System info dump - CTRL+9
23:34:57.830 [JavaFX Application Thread] DEBUG Input                - Registered new binding: Restart - CTRL+R
23:34:57.831 [JavaFX Application Thread] DEBUG Input                - Registered new binding: Toggle Debug Camera - CTRL+7
23:34:57.838 [JavaFX Application Thread] DEBUG LoopRunner           - Starting loop
23:34:57.857 [JavaFX Application Thread] DEBUG LoopRunner           - Initializing JavaFX AnimationTimerLoop
23:34:57.861 [JavaFX Application Thread] DEBUG GameApplicationServi - Starting new game
23:34:57.861 [JavaFX Application Thread] DEBUG Input                - Clearing active input actions
23:34:57.871 [JavaFX Application Thread] DEBUG GameApplicationServi - Removing overlay from FXGLStartupScene and adding to FXGLLoadingScene
23:34:57.874 [JavaFX Application Thread] DEBUG PrimaryStageWindow   - FXGLStartupScene -> FXGLLoadingScene
23:34:57.874 [JavaFX Application Thread] DEBUG GameApplicationServi - Clearing previous game
23:34:57.874 [JavaFX Application Thread] DEBUG GameScene            - Clearing game scene
23:34:57.874 [JavaFX Application Thread] DEBUG GameWorld            - Clearing game world
23:34:57.874 [JavaFX Application Thread] DEBUG PhysicsWorld         - Clearing physics world
23:34:57.875 [JavaFX Application Thread] DEBUG FXGLApplication      - Registering font factories with UI factory
23:34:57.875 [FXGL Background Thread 4 ] DEBUG FXGLApplication      - Initializing game
23:34:57.919 [FXGL Background Thread 4 ] WARN  TMXLevelLoader       - TiledMap generated from 1.11.2. Supported version: 1.9.0. Some features may not be parsed fully.
23:34:57.948 [FXGL Background Thread 4 ] DEBUG TMXLevelLoader       - Parsed TiledMap: file:/C:/Users/Lenovo/ProjectJava3.0/myproject/myproject/target/classes/assets/levels/scene1.tmx
23:34:57.950 [FXGL Background Thread 4 ] DEBUG TMXLevelLoader       - Creating tile layer entities
23:34:57.953 [FXGL Background Thread 4 ] DEBUG TilesetLoader        - Loading view for layer lowefloor
23:34:57.954 [FXGL Background Thread 4 ] DEBUG TilesetLoader        - Created buffer with size 512.0x1024.0
23:34:58.015 [FXGL Background Thread 4 ] DEBUG TilesetLoader        - Loading view for layer cliff
23:34:58.015 [FXGL Background Thread 4 ] DEBUG TilesetLoader        - Created buffer with size 512.0x1024.0
23:34:58.016 [FXGL Background Thread 4 ] DEBUG TilesetLoader        - Loading view for layer cliff1
23:34:58.018 [FXGL Background Thread 4 ] DEBUG TilesetLoader        - Created buffer with size 512.0x1024.0
23:34:58.019 [FXGL Background Thread 4 ] DEBUG TilesetLoader        - Loading view for layer cliff2
23:34:58.020 [FXGL Background Thread 4 ] DEBUG TilesetLoader        - Created buffer with size 512.0x1024.0
23:34:58.022 [FXGL Background Thread 4 ] DEBUG TilesetLoader        - Loading view for layer Tile Layer 3
23:34:58.023 [FXGL Background Thread 4 ] DEBUG TilesetLoader        - Created buffer with size 512.0x1024.0
23:34:58.024 [FXGL Background Thread 4 ] DEBUG TilesetLoader        - Loading view for layer Tile Layer 6
23:34:58.024 [FXGL Background Thread 4 ] DEBUG TilesetLoader        - Created buffer with size 512.0x1024.0
23:34:58.108 [FXGL Background Thread 4 ] DEBUG TilesetLoader        - Loading view for layer prop
23:34:58.109 [FXGL Background Thread 4 ] DEBUG TilesetLoader        - Created buffer with size 512.0x1024.0
23:34:58.109 [FXGL Background Thread 4 ] DEBUG TMXLevelLoader       - Creating object layer entities
23:34:58.145 [FXGL Background Thread 4 ] DEBUG FXGLAssetLoaderServi - Loading from file system: file:/C:/Users/Lenovo/ProjectJava3.0/myproject/myproject/target/classes/assets/textures/Rex.png
23:34:58.152 [FXGL Background Thread 4 ] WARN  TMXLevelLoader       - TiledMap generated from 1.11.2. Supported version: 1.9.0. Some features may not be parsed fully.
23:34:58.166 [FXGL Background Thread 4 ] DEBUG TMXLevelLoader       - Parsed TiledMap: file:/C:/Users/Lenovo/ProjectJava3.0/myproject/myproject/target/classes/assets/levels/scene1.tmx
23:34:58.166 [FXGL Background Thread 4 ] DEBUG TMXLevelLoader       - Creating tile layer entities
23:34:58.167 [FXGL Background Thread 4 ] DEBUG TilesetLoader        - Loading view for layer lowefloor
23:34:58.168 [FXGL Background Thread 4 ] DEBUG TilesetLoader        - Created buffer with size 512.0x1024.0
23:34:58.197 [FXGL Background Thread 4 ] DEBUG TilesetLoader        - Loading view for layer cliff
23:34:58.197 [FXGL Background Thread 4 ] DEBUG TilesetLoader        - Created buffer with size 512.0x1024.0
23:34:58.198 [FXGL Background Thread 4 ] DEBUG TilesetLoader        - Loading view for layer cliff1
23:34:58.199 [FXGL Background Thread 4 ] DEBUG TilesetLoader        - Created buffer with size 512.0x1024.0
23:34:58.200 [FXGL Background Thread 4 ] DEBUG TilesetLoader        - Loading view for layer cliff2
23:34:58.200 [FXGL Background Thread 4 ] DEBUG TilesetLoader        - Created buffer with size 512.0x1024.0
23:34:58.201 [FXGL Background Thread 4 ] DEBUG TilesetLoader        - Loading view for layer Tile Layer 3
23:34:58.203 [FXGL Background Thread 4 ] DEBUG TilesetLoader        - Created buffer with size 512.0x1024.0
23:34:58.203 [FXGL Background Thread 4 ] DEBUG TilesetLoader        - Loading view for layer Tile Layer 6
23:34:58.204 [FXGL Background Thread 4 ] DEBUG TilesetLoader        - Created buffer with size 512.0x1024.0
23:34:58.261 [FXGL Background Thread 4 ] DEBUG TilesetLoader        - Loading view for layer prop
23:34:58.262 [FXGL Background Thread 4 ] DEBUG TilesetLoader        - Created buffer with size 512.0x1024.0
23:34:58.263 [FXGL Background Thread 4 ] DEBUG TMXLevelLoader       - Creating object layer entities
23:34:58.275 [FXGL Background Thread 4 ] DEBUG GameWorld            - Clearing removable entities
23:34:58.275 [FXGL Background Thread 4 ] DEBUG GameWorld            - Setting level: com.almasb.fxgl.entity.level.Level@34323453
23:34:58.293 [FXGL Background Thread 4 ] DEBUG FXGLAssetLoaderServi - Loading from file system: file:/C:/Users/Lenovo/ProjectJava3.0/myproject/myproject/target/classes/assets/textures/Actor1.png
23:34:58.306 [FXGL Background Thread 4 ] INFO  FXGLApplication      - Game initialization took: 0.431 sec
23:34:58.307 [JavaFX Application Thread] DEBUG Input                - Clearing active input actions
23:34:58.318 [JavaFX Application Thread] DEBUG GameApplicationServi - Removing overlay from FXGLLoadingScene and adding to GameScene
23:34:58.323 [JavaFX Application Thread] DEBUG PrimaryStageWindow   - FXGLLoadingScene -> GameScene
23:35:00.766 [FXGL Background Thread 3 ] DEBUG Engine               - Logging environment variables
23:35:00.768 [FXGL Background Thread 3 ] DEBUG Engine               - achievements: []
23:35:00.768 [FXGL Background Thread 3 ] DEBUG Engine               - actualHeight: 864.0
23:35:00.768 [FXGL Background Thread 3 ] DEBUG Engine               - actualHeightProperty: ReadOnlyDoubleProperty [value: 864.0]
23:35:00.768 [FXGL Background Thread 3 ] DEBUG Engine               - actualWidth: 1536.0
23:35:00.768 [FXGL Background Thread 3 ] DEBUG Engine               - actualWidthProperty: ReadOnlyDoubleProperty [value: 1536.0]
23:35:00.768 [FXGL Background Thread 3 ] DEBUG Engine               - appIcon: fxgl_icon.png
23:35:00.768 [FXGL Background Thread 3 ] DEBUG Engine               - applicationMode: DEVELOPER
23:35:00.768 [FXGL Background Thread 3 ] DEBUG Engine               - cSSList: [fxgl_dark.css]
23:35:00.768 [FXGL Background Thread 3 ] DEBUG Engine               - collisionDetectionStrategy: BRUTE_FORCE
23:35:00.768 [FXGL Background Thread 3 ] DEBUG Engine               - configClass: Optional.empty
23:35:00.768 [FXGL Background Thread 3 ] DEBUG Engine               - credits: []
23:35:00.768 [FXGL Background Thread 3 ] DEBUG Engine               - defaultCursor: CursorInfo(imageName=fxgl_default_cursor.png, hotspotX=7.0, hotspotY=6.0)
23:35:00.769 [FXGL Background Thread 3 ] DEBUG Engine               - devBBoxColorProperty: ObjectProperty [value: 0xff0000ff]
23:35:00.769 [FXGL Background Thread 3 ] DEBUG Engine               - devEnableDebugCameraProperty: BooleanProperty [value: false]
23:35:00.769 [FXGL Background Thread 3 ] DEBUG Engine               - devSensorColorProperty: ObjectProperty [value: 0xffff00ff]
23:35:00.769 [FXGL Background Thread 3 ] DEBUG Engine               - devShowBBoxProperty: BooleanProperty [value: false]
23:35:00.769 [FXGL Background Thread 3 ] DEBUG Engine               - devShowPositionProperty: BooleanProperty [value: false]
23:35:00.769 [FXGL Background Thread 3 ] DEBUG Engine               - enabledMenuItems: []
23:35:00.769 [FXGL Background Thread 3 ] DEBUG Engine               - engineServices: [class com.almasb.fxgl.app.services.FXGLAssetLoaderService, class com.almasb.fxgl.app.FXGLApplication$GameApplicationService, class com.almasb.fxgl.app.services.FXGLDialogService, class com.almasb.fxgl.app.services.IOTaskExecutorService, class com.almasb.fxgl.io.FileSystemService, class com.almasb.fxgl.localization.LocalizationService, class com.almasb.fxgl.app.services.SystemBundleService, class com.almasb.fxgl.profile.SaveLoadService, class com.almasb.fxgl.ui.FXGLUIFactoryServiceProvider, class com.almasb.fxgl.ui.FXGLDialogFactoryServiceProvider, class com.almasb.fxgl.audio.AudioPlayer, class com.almasb.fxgl.notification.impl.NotificationServiceProvider, class com.almasb.fxgl.achievement.AchievementService, class com.almasb.fxgl.cutscene.CutsceneService, class com.almasb.fxgl.minigames.MiniGameService, class com.almasb.fxgl.net.NetService, class com.almasb.fxgl.app.services.UpdaterService, class com.almasb.fxgl.dev.DevService]
23:35:00.769 [FXGL Background Thread 3 ] DEBUG Engine               - fontGame: Abel-Regular.ttf
23:35:00.769 [FXGL Background Thread 3 ] DEBUG Engine               - fontMono: TerminalLandMono-Regular.otf
23:35:00.769 [FXGL Background Thread 3 ] DEBUG Engine               - fontSizeScaleUI: 1.0
23:35:00.769 [FXGL Background Thread 3 ] DEBUG Engine               - fontText: Courier-Prime.ttf
23:35:00.769 [FXGL Background Thread 3 ] DEBUG Engine               - fontUI: VarelaRound-Regular.ttf
23:35:00.769 [FXGL Background Thread 3 ] DEBUG Engine               - fullScreen: BooleanProperty [value: true]
23:35:00.769 [FXGL Background Thread 3 ] DEBUG Engine               - gameDifficulty: MEDIUM
23:35:00.769 [FXGL Background Thread 3 ] DEBUG Engine               - gameDifficultyProperty: ObjectProperty [value: MEDIUM]
23:35:00.769 [FXGL Background Thread 3 ] DEBUG Engine               - globalMusicVolume: 0.5
23:35:00.769 [FXGL Background Thread 3 ] DEBUG Engine               - globalMusicVolumeProperty: DoubleProperty [value: 0.5]
23:35:00.769 [FXGL Background Thread 3 ] DEBUG Engine               - globalSoundVolume: 0.5
23:35:00.770 [FXGL Background Thread 3 ] DEBUG Engine               - globalSoundVolumeProperty: DoubleProperty [value: 0.5]
23:35:00.770 [FXGL Background Thread 3 ] DEBUG Engine               - height: 720
23:35:00.770 [FXGL Background Thread 3 ] DEBUG Engine               - is3D: false
23:35:00.770 [FXGL Background Thread 3 ] DEBUG Engine               - isAndroid: false
23:35:00.770 [FXGL Background Thread 3 ] DEBUG Engine               - isBrowser: false
23:35:00.770 [FXGL Background Thread 3 ] DEBUG Engine               - isClickFeedbackEnabled: false
23:35:00.770 [FXGL Background Thread 3 ] DEBUG Engine               - isCloseConfirmation: false
23:35:00.770 [FXGL Background Thread 3 ] DEBUG Engine               - isDesktop: true
23:35:00.770 [FXGL Background Thread 3 ] DEBUG Engine               - isDeveloperMenuEnabled: true
23:35:00.770 [FXGL Background Thread 3 ] DEBUG Engine               - isEmbedded: false
23:35:00.770 [FXGL Background Thread 3 ] DEBUG Engine               - isEntityPreloadEnabled: true
23:35:00.770 [FXGL Background Thread 3 ] DEBUG Engine               - isExperimentalTiledLargeMap: false
23:35:00.770 [FXGL Background Thread 3 ] DEBUG Engine               - isFileSystemWriteAllowed: true
23:35:00.770 [FXGL Background Thread 3 ] DEBUG Engine               - isFullScreenAllowed: true
23:35:00.770 [FXGL Background Thread 3 ] DEBUG Engine               - isFullScreenFromStart: true
23:35:00.770 [FXGL Background Thread 3 ] DEBUG Engine               - isGameMenuEnabled: true
23:35:00.770 [FXGL Background Thread 3 ] DEBUG Engine               - isIOS: false
23:35:00.770 [FXGL Background Thread 3 ] DEBUG Engine               - isIntroEnabled: false
23:35:00.770 [FXGL Background Thread 3 ] DEBUG Engine               - isLinux: false
23:35:00.770 [FXGL Background Thread 3 ] DEBUG Engine               - isMac: false
23:35:00.770 [FXGL Background Thread 3 ] DEBUG Engine               - isMainMenuEnabled: false
23:35:00.770 [FXGL Background Thread 3 ] DEBUG Engine               - isManualResizeEnabled: false
23:35:00.770 [FXGL Background Thread 3 ] DEBUG Engine               - isMobile: false
23:35:00.770 [FXGL Background Thread 3 ] DEBUG Engine               - isNative: false
23:35:00.770 [FXGL Background Thread 3 ] DEBUG Engine               - isPauseMusicWhenMinimized: true
23:35:00.770 [FXGL Background Thread 3 ] DEBUG Engine               - isPreserveResizeRatio: false
23:35:00.770 [FXGL Background Thread 3 ] DEBUG Engine               - isProfilingEnabled: false
23:35:00.771 [FXGL Background Thread 3 ] DEBUG Engine               - isScaleAffectedOnResize: true
23:35:00.771 [FXGL Background Thread 3 ] DEBUG Engine               - isSingleStep: false
23:35:00.771 [FXGL Background Thread 3 ] DEBUG Engine               - isUserProfileEnabled: false
23:35:00.771 [FXGL Background Thread 3 ] DEBUG Engine               - isWindows: true
23:35:00.771 [FXGL Background Thread 3 ] DEBUG Engine               - language: ObjectProperty [value: ENGLISH]
23:35:00.771 [FXGL Background Thread 3 ] DEBUG Engine               - menuKey: ESCAPE
23:35:00.771 [FXGL Background Thread 3 ] DEBUG Engine               - mouseSensitivity: 0.2
23:35:00.771 [FXGL Background Thread 3 ] DEBUG Engine               - notificationViewClass: class com.almasb.fxgl.notification.view.XboxNotificationView
23:35:00.771 [FXGL Background Thread 3 ] DEBUG Engine               - pixelsPerMeter: 50.0
23:35:00.771 [FXGL Background Thread 3 ] DEBUG Engine               - platform: WINDOWS
23:35:00.771 [FXGL Background Thread 3 ] DEBUG Engine               - prefHeightProperty: ReadOnlyDoubleProperty [value: 720.0]
23:35:00.771 [FXGL Background Thread 3 ] DEBUG Engine               - prefWidthProperty: ReadOnlyDoubleProperty [value: 1280.0]
23:35:00.771 [FXGL Background Thread 3 ] DEBUG Engine               - profileDir: profiles/
23:35:00.772 [FXGL Background Thread 3 ] DEBUG Engine               - profileName: StringProperty [value: DEFAULT]
23:35:00.772 [FXGL Background Thread 3 ] DEBUG Engine               - randomSeed: -1
23:35:00.772 [FXGL Background Thread 3 ] DEBUG Engine               - runtimeInfo: RuntimeInfo(platform=WINDOWS, version=21.1, build=27.03.2024 07.52)
23:35:00.772 [FXGL Background Thread 3 ] DEBUG Engine               - saveFileExt: sav
23:35:00.772 [FXGL Background Thread 3 ] DEBUG Engine               - scaledHeightProp$fxgl: DoubleProperty [bound, value: 864.0]
23:35:00.772 [FXGL Background Thread 3 ] DEBUG Engine               - scaledWidthProp$fxgl: DoubleProperty [bound, value: 1536.0]
23:35:00.772 [FXGL Background Thread 3 ] DEBUG Engine               - sceneFactory: com.almasb.fxgl.app.scene.SceneFactory@7cdae705
23:35:00.772 [FXGL Background Thread 3 ] DEBUG Engine               - secondsIn24h: 60
23:35:00.772 [FXGL Background Thread 3 ] DEBUG Engine               - soundMenuBack: menu/back.wav
23:35:00.772 [FXGL Background Thread 3 ] DEBUG Engine               - soundMenuPress: menu/press.wav
23:35:00.772 [FXGL Background Thread 3 ] DEBUG Engine               - soundMenuSelect: menu/select.wav
23:35:00.773 [FXGL Background Thread 3 ] DEBUG Engine               - soundNotification: core/notification.wav
23:35:00.773 [FXGL Background Thread 3 ] DEBUG Engine               - stageStyle: DECORATED
23:35:00.773 [FXGL Background Thread 3 ] DEBUG Engine               - supportedLanguages: [ENGLISH, FRENCH, GERMAN, HUNGARIAN, RUSSIAN]
23:35:00.773 [FXGL Background Thread 3 ] DEBUG Engine               - ticksPerSecond: -1
23:35:00.773 [FXGL Background Thread 3 ] DEBUG Engine               - title: Final Journey
23:35:00.773 [FXGL Background Thread 3 ] DEBUG Engine               - urlGithub: https://github.com/AlmasB/FXGL
23:35:00.773 [FXGL Background Thread 3 ] DEBUG Engine               - urlLeaderboard: http://fxgl-top.herokuapp.com/
23:35:00.773 [FXGL Background Thread 3 ] DEBUG Engine               - urlPOM: https://raw.githubusercontent.com/AlmasB/FXGL/release/README.md
23:35:00.773 [FXGL Background Thread 3 ] DEBUG Engine               - userAppClass: class com.project.App
23:35:00.773 [FXGL Background Thread 3 ] DEBUG Engine               - version: Alpha
23:35:00.773 [FXGL Background Thread 3 ] DEBUG Engine               - versionCheckDays: 7
23:35:00.773 [FXGL Background Thread 3 ] DEBUG Engine               - width: 1280
23:35:00.773 [FXGL Background Thread 3 ] DEBUG Engine               - Logging services
23:35:00.773 [FXGL Background Thread 3 ] DEBUG Engine               - class com.almasb.fxgl.app.services.FXGLAssetLoaderService
23:35:00.773 [FXGL Background Thread 3 ] DEBUG Engine               - class com.almasb.fxgl.app.FXGLApplication$GameApplicationService
23:35:00.773 [FXGL Background Thread 3 ] DEBUG Engine               - class com.almasb.fxgl.app.services.FXGLDialogService
23:35:00.773 [FXGL Background Thread 3 ] DEBUG Engine               - class com.almasb.fxgl.app.services.IOTaskExecutorService
23:35:00.773 [FXGL Background Thread 3 ] DEBUG Engine               - class com.almasb.fxgl.io.FileSystemService
23:35:00.773 [FXGL Background Thread 3 ] DEBUG Engine               - class com.almasb.fxgl.localization.LocalizationService
23:35:00.773 [FXGL Background Thread 3 ] DEBUG Engine               - class com.almasb.fxgl.app.services.SystemBundleService
23:35:00.773 [FXGL Background Thread 3 ] DEBUG Engine               - class com.almasb.fxgl.profile.SaveLoadService
23:35:00.773 [FXGL Background Thread 3 ] DEBUG Engine               - class com.almasb.fxgl.ui.FXGLUIFactoryServiceProvider
23:35:00.774 [FXGL Background Thread 3 ] DEBUG Engine               - class com.almasb.fxgl.ui.FXGLDialogFactoryServiceProvider
23:35:00.774 [FXGL Background Thread 3 ] DEBUG Engine               - class com.almasb.fxgl.audio.AudioPlayer
23:35:00.774 [FXGL Background Thread 3 ] DEBUG Engine               - class com.almasb.fxgl.notification.impl.NotificationServiceProvider
23:35:00.774 [FXGL Background Thread 3 ] DEBUG Engine               - class com.almasb.fxgl.achievement.AchievementService
23:35:00.774 [FXGL Background Thread 3 ] DEBUG Engine               - class com.almasb.fxgl.cutscene.CutsceneService
23:35:00.774 [FXGL Background Thread 3 ] DEBUG Engine               - class com.almasb.fxgl.minigames.MiniGameService
23:35:00.774 [FXGL Background Thread 3 ] DEBUG Engine               - class com.almasb.fxgl.net.NetService
23:35:00.774 [FXGL Background Thread 3 ] DEBUG Engine               - class com.almasb.fxgl.app.services.UpdaterService
23:35:00.774 [FXGL Background Thread 3 ] DEBUG Engine               - class com.almasb.fxgl.dev.DevService
23:35:01.019 [JavaFX Application Thread] DEBUG FXGLAssetLoaderServi - Loading from file system: file:/C:/Users/Lenovo/ProjectJava3.0/myproject/myproject/target/classes/assets/text/filetext.txt
23:35:01.022 [JavaFX Application Thread] DEBUG EventBus             - Firing event: com.GameEvent.CombatScene[source=javafx.event.Event$$Lambda/0x000001cc2f172ba0@1f1b6569]
23:35:01.025 [JavaFX Application Thread] WARN  TMXLevelLoader       - TiledMap generated from 1.11.2. Supported version: 1.9.0. Some features may not be parsed fully.
23:35:01.031 [JavaFX Application Thread] DEBUG TMXLevelLoader       - Parsed TiledMap: file:/C:/Users/Lenovo/ProjectJava3.0/myproject/myproject/target/classes/assets/levels/battle1.tmx
23:35:01.031 [JavaFX Application Thread] DEBUG TMXLevelLoader       - Creating tile layer entities
23:35:01.031 [JavaFX Application Thread] DEBUG TilesetLoader        - Loading view for layer Tile Layer 1
23:35:01.033 [JavaFX Application Thread] DEBUG TilesetLoader        - Created buffer with size 2048.0x1024.0
23:35:01.124 [JavaFX Application Thread] DEBUG TMXLevelLoader       - Creating object layer entities
23:35:01.127 [JavaFX Application Thread] DEBUG FXGLAssetLoaderServi - Loading from file system: file:/C:/Users/Lenovo/ProjectJava3.0/myproject/myproject/target/classes/assets/textures/Rex.png
23:35:01.135 [JavaFX Application Thread] DEBUG FXGLAssetLoaderServi - Loading from file system: file:/C:/Users/Lenovo/ProjectJava3.0/myproject/myproject/target/classes/assets/textures/Reid.png
23:35:01.188 [JavaFX Application Thread] DEBUG FXGLAssetLoaderServi - Loading from file system: file:/C:/Users/Lenovo/ProjectJava3.0/myproject/myproject/target/classes/assets/textures/marsha.png
23:35:01.239 [JavaFX Application Thread] DEBUG GameWorld            - Clearing removable entities
23:35:01.246 [JavaFX Application Thread] DEBUG GameWorld            - Setting level: com.almasb.fxgl.entity.level.Level@6ee78638
23:35:01.249 [JavaFX Application Thread] WARN  TMXLevelLoader       - TiledMap generated from 1.11.2. Supported version: 1.9.0. Some features may not be parsed fully.
23:35:01.252 [JavaFX Application Thread] DEBUG TMXLevelLoader       - Parsed TiledMap: file:/C:/Users/Lenovo/ProjectJava3.0/myproject/myproject/target/classes/assets/levels/battle1.tmx
23:35:01.252 [JavaFX Application Thread] DEBUG TMXLevelLoader       - Creating tile layer entities
23:35:01.252 [JavaFX Application Thread] DEBUG TilesetLoader        - Loading view for layer Tile Layer 1
23:35:01.253 [JavaFX Application Thread] DEBUG TilesetLoader        - Created buffer with size 2048.0x1024.0
23:35:01.337 [JavaFX Application Thread] DEBUG TMXLevelLoader       - Creating object layer entities
23:35:09.155 [JavaFX Application Thread] DEBUG EventBus             - Firing event: com.GameEvent.BackMainScene[source=javafx.event.Event$$Lambda/0x000001cc2f172ba0@1f1b6569]
23:35:09.158 [JavaFX Application Thread] WARN  TMXLevelLoader       - TiledMap generated from 1.11.2. Supported version: 1.9.0. Some features may not be parsed fully.
23:35:09.168 [JavaFX Application Thread] DEBUG TMXLevelLoader       - Parsed TiledMap: file:/C:/Users/Lenovo/ProjectJava3.0/myproject/myproject/target/classes/assets/levels/scene1.tmx
23:35:09.168 [JavaFX Application Thread] DEBUG TMXLevelLoader       - Creating tile layer entities
23:35:09.169 [JavaFX Application Thread] DEBUG TilesetLoader        - Loading view for layer lowefloor
23:35:09.169 [JavaFX Application Thread] DEBUG TilesetLoader        - Created buffer with size 512.0x1024.0
23:35:09.196 [JavaFX Application Thread] DEBUG TilesetLoader        - Loading view for layer cliff
23:35:09.196 [JavaFX Application Thread] DEBUG TilesetLoader        - Created buffer with size 512.0x1024.0
23:35:09.197 [JavaFX Application Thread] DEBUG TilesetLoader        - Loading view for layer cliff1
23:35:09.197 [JavaFX Application Thread] DEBUG TilesetLoader        - Created buffer with size 512.0x1024.0
23:35:09.197 [JavaFX Application Thread] DEBUG TilesetLoader        - Loading view for layer cliff2
23:35:09.198 [JavaFX Application Thread] DEBUG TilesetLoader        - Created buffer with size 512.0x1024.0
23:35:09.198 [JavaFX Application Thread] DEBUG TilesetLoader        - Loading view for layer Tile Layer 3
23:35:09.198 [JavaFX Application Thread] DEBUG TilesetLoader        - Created buffer with size 512.0x1024.0
23:35:09.199 [JavaFX Application Thread] DEBUG TilesetLoader        - Loading view for layer Tile Layer 6
23:35:09.199 [JavaFX Application Thread] DEBUG TilesetLoader        - Created buffer with size 512.0x1024.0
23:35:09.238 [JavaFX Application Thread] DEBUG TilesetLoader        - Loading view for layer prop
23:35:09.238 [JavaFX Application Thread] DEBUG TilesetLoader        - Created buffer with size 512.0x1024.0
23:35:09.239 [JavaFX Application Thread] DEBUG TMXLevelLoader       - Creating object layer entities
23:35:09.244 [JavaFX Application Thread] DEBUG GameWorld            - Clearing removable entities
23:35:09.245 [JavaFX Application Thread] DEBUG GameWorld            - Setting level: com.almasb.fxgl.entity.level.Level@7c2fbdec
23:35:09.248 [JavaFX Application Thread] WARN  TMXLevelLoader       - TiledMap generated from 1.11.2. Supported version: 1.9.0. Some features may not be parsed fully.
23:35:09.254 [JavaFX Application Thread] DEBUG TMXLevelLoader       - Parsed TiledMap: file:/C:/Users/Lenovo/ProjectJava3.0/myproject/myproject/target/classes/assets/levels/scene1.tmx
23:35:09.254 [JavaFX Application Thread] DEBUG TMXLevelLoader       - Creating tile layer entities
23:35:09.255 [JavaFX Application Thread] DEBUG TilesetLoader        - Loading view for layer lowefloor
23:35:09.255 [JavaFX Application Thread] DEBUG TilesetLoader        - Created buffer with size 512.0x1024.0
23:35:09.279 [JavaFX Application Thread] DEBUG TilesetLoader        - Loading view for layer cliff
23:35:09.284 [JavaFX Application Thread] DEBUG TilesetLoader        - Created buffer with size 512.0x1024.0
23:35:09.285 [JavaFX Application Thread] DEBUG TilesetLoader        - Loading view for layer cliff1
23:35:09.286 [JavaFX Application Thread] DEBUG TilesetLoader        - Created buffer with size 512.0x1024.0
23:35:09.287 [JavaFX Application Thread] DEBUG TilesetLoader        - Loading view for layer cliff2
23:35:09.287 [JavaFX Application Thread] DEBUG TilesetLoader        - Created buffer with size 512.0x1024.0
23:35:09.288 [JavaFX Application Thread] DEBUG TilesetLoader        - Loading view for layer Tile Layer 3
23:35:09.289 [JavaFX Application Thread] DEBUG TilesetLoader        - Created buffer with size 512.0x1024.0
23:35:09.289 [JavaFX Application Thread] DEBUG TilesetLoader        - Loading view for layer Tile Layer 6
23:35:09.289 [JavaFX Application Thread] DEBUG TilesetLoader        - Created buffer with size 512.0x1024.0
23:35:09.337 [JavaFX Application Thread] DEBUG TilesetLoader        - Loading view for layer prop
23:35:09.337 [JavaFX Application Thread] DEBUG TilesetLoader        - Created buffer with size 512.0x1024.0
23:35:09.338 [JavaFX Application Thread] DEBUG TMXLevelLoader       - Creating object layer entities
23:35:09.996 [JavaFX Application Thread] DEBUG EventBus             - Firing event: com.GameEvent.CombatScene[source=javafx.event.Event$$Lambda/0x000001cc2f172ba0@1f1b6569]
23:35:09.998 [JavaFX Application Thread] WARN  TMXLevelLoader       - TiledMap generated from 1.11.2. Supported version: 1.9.0. Some features may not be parsed fully.
23:35:10.000 [JavaFX Application Thread] DEBUG TMXLevelLoader       - Parsed TiledMap: file:/C:/Users/Lenovo/ProjectJava3.0/myproject/myproject/target/classes/assets/levels/battle1.tmx
23:35:10.000 [JavaFX Application Thread] DEBUG TMXLevelLoader       - Creating tile layer entities
23:35:10.001 [JavaFX Application Thread] DEBUG TilesetLoader        - Loading view for layer Tile Layer 1
23:35:10.002 [JavaFX Application Thread] DEBUG TilesetLoader        - Created buffer with size 2048.0x1024.0
23:35:10.091 [JavaFX Application Thread] DEBUG TMXLevelLoader       - Creating object layer entities
23:35:10.092 [JavaFX Application Thread] DEBUG GameWorld            - Clearing removable entities
23:35:10.097 [JavaFX Application Thread] DEBUG GameWorld            - Setting level: com.almasb.fxgl.entity.level.Level@204e52e7
23:35:10.099 [JavaFX Application Thread] WARN  TMXLevelLoader       - TiledMap generated from 1.11.2. Supported version: 1.9.0. Some features may not be parsed fully.
23:35:10.101 [JavaFX Application Thread] DEBUG TMXLevelLoader       - Parsed TiledMap: file:/C:/Users/Lenovo/ProjectJava3.0/myproject/myproject/target/classes/assets/levels/battle1.tmx
23:35:10.101 [JavaFX Application Thread] DEBUG TMXLevelLoader       - Creating tile layer entities
23:35:10.101 [JavaFX Application Thread] DEBUG TilesetLoader        - Loading view for layer Tile Layer 1
23:35:10.102 [JavaFX Application Thread] DEBUG TilesetLoader        - Created buffer with size 2048.0x1024.0
23:35:10.188 [JavaFX Application Thread] DEBUG TMXLevelLoader       - Creating object layer entities
23:35:40.766 [JavaFX Application Thread] DEBUG LoopRunner           - Stopping loop
23:35:40.768 [JavaFX Application Thread] FATAL FXGLApplication      - Uncaught Exception:
java.lang.IllegalArgumentException: Component DamageHeroComponent not found!
	at com.almasb.fxgl.entity.Entity.getComponent(Entity.java:366)
	at com.Combat.OrderCombat.attack(OrderCombat.java:75)
	at com.UI.ActionButtonUI.lambda$1(ActionButtonUI.java:60)
	at com.sun.javafx.event.CompositeEventHandler.dispatchBubblingEvent(CompositeEventHandler.java:86)
	at com.sun.javafx.event.EventHandlerManager.dispatchBubblingEvent(EventHandlerManager.java:232)
	at com.sun.javafx.event.EventHandlerManager.dispatchBubblingEvent(EventHandlerManager.java:189)
	at com.sun.javafx.event.CompositeEventDispatcher.dispatchBubblingEvent(CompositeEventDispatcher.java:59)
	at com.sun.javafx.event.BasicEventDispatcher.dispatchEvent(BasicEventDispatcher.java:58)
	at com.sun.javafx.event.EventDispatchChainImpl.dispatchEvent(EventDispatchChainImpl.java:114)
	at com.sun.javafx.event.BasicEventDispatcher.dispatchEvent(BasicEventDispatcher.java:56)
	at com.sun.javafx.event.EventDispatchChainImpl.dispatchEvent(EventDispatchChainImpl.java:114)
	at com.sun.javafx.event.BasicEventDispatcher.dispatchEvent(BasicEventDispatcher.java:56)
	at com.sun.javafx.event.EventDispatchChainImpl.dispatchEvent(EventDispatchChainImpl.java:114)
	at com.sun.javafx.event.EventUtil.fireEventImpl(EventUtil.java:74)
	at com.sun.javafx.event.EventUtil.fireEvent(EventUtil.java:49)
	at javafx.event.Event.fireEvent(Event.java:198)
	at javafx.scene.Node.fireEvent(Node.java:8875)
	at javafx.scene.control.Button.fire(Button.java:203)
	at com.sun.javafx.scene.control.behavior.ButtonBehavior.mouseReleased(ButtonBehavior.java:207)
	at com.sun.javafx.scene.control.inputmap.InputMap.handle(InputMap.java:274)
	at com.sun.javafx.event.CompositeEventHandler$NormalEventHandlerRecord.handleBubblingEvent(CompositeEventHandler.java:247)
	at com.sun.javafx.event.CompositeEventHandler.dispatchBubblingEvent(CompositeEventHandler.java:80)
	at com.sun.javafx.event.EventHandlerManager.dispatchBubblingEvent(EventHandlerManager.java:232)
	at com.sun.javafx.event.EventHandlerManager.dispatchBubblingEvent(EventHandlerManager.java:189)
	at com.sun.javafx.event.CompositeEventDispatcher.dispatchBubblingEvent(CompositeEventDispatcher.java:59)
	at com.sun.javafx.event.BasicEventDispatcher.dispatchEvent(BasicEventDispatcher.java:58)
	at com.sun.javafx.event.EventDispatchChainImpl.dispatchEvent(EventDispatchChainImpl.java:114)
	at com.sun.javafx.event.BasicEventDispatcher.dispatchEvent(BasicEventDispatcher.java:56)
	at com.sun.javafx.event.EventDispatchChainImpl.dispatchEvent(EventDispatchChainImpl.java:114)
	at com.sun.javafx.event.BasicEventDispatcher.dispatchEvent(BasicEventDispatcher.java:56)
	at com.sun.javafx.event.EventDispatchChainImpl.dispatchEvent(EventDispatchChainImpl.java:114)
	at com.sun.javafx.event.EventUtil.fireEventImpl(EventUtil.java:74)
	at com.sun.javafx.event.EventUtil.fireEvent(EventUtil.java:54)
	at javafx.event.Event.fireEvent(Event.java:198)
	at javafx.scene.Scene$MouseHandler.process(Scene.java:3984)
	at javafx.scene.Scene.processMouseEvent(Scene.java:1890)
	at javafx.scene.Scene$ScenePeerListener.mouseEvent(Scene.java:2708)
	at com.sun.javafx.tk.quantum.GlassViewEventHandler$MouseEventNotification.run(GlassViewEventHandler.java:411)
	at com.sun.javafx.tk.quantum.GlassViewEventHandler$MouseEventNotification.run(GlassViewEventHandler.java:301)
	at java.base/java.security.AccessController.doPrivileged(AccessController.java:400)
	at com.sun.javafx.tk.quantum.GlassViewEventHandler.lambda$handleMouseEvent$2(GlassViewEventHandler.java:450)
	at com.sun.javafx.tk.quantum.QuantumToolkit.runWithoutRenderLock(QuantumToolkit.java:424)
	at com.sun.javafx.tk.quantum.GlassViewEventHandler.handleMouseEvent(GlassViewEventHandler.java:449)
	at com.sun.glass.ui.View.handleMouseEvent(View.java:551)
	at com.sun.glass.ui.View.notifyMouse(View.java:937)
	at com.sun.glass.ui.win.WinApplication._runLoop(Native Method)
	at com.sun.glass.ui.win.WinApplication.lambda$runLoop$3(WinApplication.java:185)
	at java.base/java.lang.Thread.run(Thread.java:1583)

23:35:40.769 [JavaFX Application Thread] FATAL FXGLApplication      - Application will now exit
23:35:40.773 [JavaFX Application Thread] DEBUG PrimaryStageWindow   - Push state: ErrorSubScene
23:35:40.773 [JavaFX Application Thread] DEBUG Input                - Clearing active input actions
23:35:40.774 [JavaFX Application Thread] DEBUG GameApplicationServi - Removing overlay from GameScene and adding to ErrorSubScene
23:35:40.774 [JavaFX Application Thread] DEBUG PrimaryStageWindow   - GameScene -> ErrorSubScene
23:39:08.571 [JavaFX Application Thread] DEBUG FXGLApplication      - Exiting FXGL
23:39:08.571 [JavaFX Application Thread] DEBUG Async                - Shutting down background threads
23:39:08.571 [JavaFX Application Thread] DEBUG PrimaryStageWindow   - Closing main window
23:39:08.615 [JavaFX Application Thread] DEBUG Logger               - Closing Logger
