23:54:02.993 [main                     ] DEBUG Logger               - Configured Logger
23:54:03.019 [main                     ] DEBUG GameApplication      - Logging settings
Title: Final Journey
Version: Alpha
Width: 1280
Height: 720
Fullscreen: true
Intro: false
Profiling: false
Single step:false
App Mode: DEVELOPER
Menu Key: ESCAPE
Stage Style: DECORATED
Scene Factory: class com.almasb.fxgl.app.scene.SceneFactory

23:54:03.471 [JavaFX Application Thread] DEBUG FXGLApplication      - Initializing FXGL
23:54:03.474 [JavaFX Application Thread] INFO  Engine               - FXGL-21.1 (27.03.2024 07.52) on WINDOWS (J:21.0.6 FX:21.0.1)
23:54:03.475 [JavaFX Application Thread] DEBUG Engine               - JRE Vendor Name: Eclipse Adoptium
23:54:03.475 [JavaFX Application Thread] DEBUG Engine               - Running on OS: Windows 11 version 10.0
23:54:03.475 [JavaFX Application Thread] DEBUG Engine               - Architecture: amd64
23:54:03.476 [JavaFX Application Thread] INFO  Engine               - Source code and latest versions at: https://github.com/AlmasB/FXGL
23:54:03.476 [JavaFX Application Thread] INFO  Engine               -       Ask questions and discuss at: https://github.com/AlmasB/FXGL/discussions
23:54:03.476 [JavaFX Application Thread] INFO  Engine               -              Join the FXGL chat at: https://gitter.im/AlmasB/FXGL
23:54:03.588 [JavaFX Application Thread] DEBUG PrimaryStageWindow   - Creating a JavaFX scene
23:54:03.634 [JavaFX Application Thread] DEBUG PrimaryStageWindow   - Target settings size: 1280.0 x 720.0
23:54:03.634 [JavaFX Application Thread] DEBUG PrimaryStageWindow   - Scaled scene size:    1280.0 x 720.0
23:54:03.634 [JavaFX Application Thread] DEBUG PrimaryStageWindow   - Scaled ratio: (1.0, 1.0)
23:54:03.635 [JavaFX Application Thread] DEBUG PrimaryStageWindow   - Set initial scene to FXGLStartupScene
23:54:03.638 [JavaFX Application Thread] DEBUG PrimaryStageWindow   - Opening main window
23:54:03.738 [JavaFX Application Thread] DEBUG PrimaryStageWindow   - Window border size: (14.4000244140625, 37.5999755859375)
23:54:03.738 [JavaFX Application Thread] DEBUG PrimaryStageWindow   - Scaled size: 1280.0 x 720.0
23:54:03.738 [JavaFX Application Thread] DEBUG PrimaryStageWindow   - Scaled ratio: (1.0, 1.0)
23:54:03.738 [JavaFX Application Thread] DEBUG PrimaryStageWindow   - Scene size: 1280.0 x 720.0
23:54:03.739 [JavaFX Application Thread] DEBUG PrimaryStageWindow   - Stage size: 1294.4000244140625 x 757.5999755859375
23:54:03.818 [JavaFX Application Thread] DEBUG PrimaryStageWindow   - Going fullscreen
23:54:03.831 [FXGL Background Thread 1 ] DEBUG Engine               - Initializing environment variables
23:54:03.883 [FXGL Background Thread 1 ] DEBUG FXGLAssetLoaderServi - User app class for loading assets: class com.project.App
23:54:03.883 [FXGL Background Thread 1 ] DEBUG GameApplicationServi - Applying CSS: fxgl_dark.css
23:54:03.884 [FXGL Background Thread 1 ] DEBUG FXGLAssetLoaderServi - Loading from file system: jar:file:/C:/Users/frank/.m2/repository/com/github/almasb/fxgl/21.1/fxgl-21.1.jar!/fxglassets/ui/css/fxgl_dark.css
23:54:03.920 [FXGL Background Thread 1 ] DEBUG GameApplicationServi - Initializing application scenes
23:54:03.986 [FXGL Background Thread 1 ] DEBUG GameWorld            - Game world initialized
23:54:04.049 [FXGL Background Thread 1 ] DEBUG PhysicsWorld         - Physics world initialized: appHeight=720, physics.ppm=50.0
23:54:04.050 [FXGL Background Thread 1 ] DEBUG PhysicsWorld         - Using strategy: BRUTE_FORCE
23:54:04.053 [FXGL Background Thread 1 ] DEBUG GameScene            - Game scene initialized: 1280x720
23:54:04.063 [FXGL Background Thread 1 ] DEBUG FXGL.DefaultMenu     - createMenuBodyGameMenu()
23:54:04.078 [FXGL Background Thread 1 ] DEBUG FXGL.DefaultMenu     - createOptionsMenu()
23:54:04.087 [FXGL Background Thread 1 ] DEBUG FXGLAssetLoaderServi - Loading from file system: jar:file:/C:/Users/frank/.m2/repository/com/github/almasb/fxgl/21.1/fxgl-21.1.jar!/fxglassets/textures/particles/smoke.png
23:54:04.198 [FXGL Background Thread 1 ] DEBUG FXGLAssetLoaderServi - Loading from file system: jar:file:/C:/Users/frank/.m2/repository/com/github/almasb/fxgl/21.1/fxgl-21.1.jar!/fxglassets/textures/particles/trace_horizontal.png
23:54:04.222 [FXGL Background Thread 1 ] DEBUG GameApplicationServi - Application scenes initialized
23:54:04.235 [FXGL Background Thread 1 ] DEBUG SystemBundleService  - Loading FXGL system data
23:54:04.238 [FXGL Background Thread 1 ] DEBUG FileSystemAccess     - Reading from: C:\Users\frank\Desktop\ProjectFun\myproject\myproject\system\fxgl.bundle
23:54:04.247 [FXGL Background Thread 1 ] DEBUG SystemBundleService  - Bundle FXGL: {}
23:54:04.247 [FXGL Background Thread 1 ] DEBUG UpdaterService       - Checking for updates
23:54:04.273 [FXGL Background Thread 4 ] DEBUG FXGLApplication      - Loading fonts
23:54:04.273 [FXGL Background Thread 4 ] DEBUG FXGLAssetLoaderServi - Loading from file system: jar:file:/C:/Users/frank/.m2/repository/com/github/almasb/fxgl/21.1/fxgl-21.1.jar!/fxglassets/ui/fonts/VarelaRound-Regular.ttf
23:54:04.274 [FXGL Background Thread 1 ] DEBUG FXGLApplication      - Loading default localization
23:54:04.275 [FXGL Background Thread 1 ] DEBUG FXGLAssetLoaderServi - Loading from file system: jar:file:/C:/Users/frank/.m2/repository/com/github/almasb/fxgl/21.1/fxgl-21.1.jar!/fxglassets/languages/english.lang
23:54:04.295 [FXGL Background Thread 1 ] INFO  FXGLApplication      - FXGL initialization took: 0.465 sec
23:54:04.305 [JavaFX Application Thread] DEBUG Input                - Registered new binding: Right - D
23:54:04.306 [JavaFX Application Thread] DEBUG Input                - Registered new binding: Left - A
23:54:04.306 [JavaFX Application Thread] DEBUG Input                - Registered new binding: Up - W
23:54:04.306 [JavaFX Application Thread] DEBUG Input                - Registered new binding: Down - S
23:54:04.307 [JavaFX Application Thread] DEBUG Input                - Registered new binding: Interact - E
23:54:04.307 [JavaFX Application Thread] DEBUG FXGLAssetLoaderServi - Loading from file system: jar:file:/C:/Users/frank/.m2/repository/com/github/almasb/fxgl/21.1/fxgl-21.1.jar!/fxglassets/textures/fxgl_icon.png
23:54:04.318 [FXGL Background Thread 4 ] DEBUG FXGLAssetLoaderServi - Loading from file system: jar:file:/C:/Users/frank/.m2/repository/com/github/almasb/fxgl/21.1/fxgl-21.1.jar!/fxglassets/ui/fonts/Abel-Regular.ttf
23:54:04.321 [FXGL Background Thread 4 ] DEBUG FXGLAssetLoaderServi - Loading from file system: jar:file:/C:/Users/frank/.m2/repository/com/github/almasb/fxgl/21.1/fxgl-21.1.jar!/fxglassets/ui/fonts/TerminalLandMono-Regular.otf
23:54:04.324 [FXGL Background Thread 4 ] DEBUG FXGLAssetLoaderServi - Loading from file system: jar:file:/C:/Users/frank/.m2/repository/com/github/almasb/fxgl/21.1/fxgl-21.1.jar!/fxglassets/ui/fonts/Courier-Prime.ttf
23:54:04.330 [JavaFX Application Thread] DEBUG FXGLAssetLoaderServi - Loading from file system: jar:file:/C:/Users/frank/.m2/repository/com/github/almasb/fxgl/21.1/fxgl-21.1.jar!/fxglassets/textures/fxgl_default_cursor.png
23:54:04.335 [JavaFX Application Thread] DEBUG Input                - Registered new binding: Screenshot - CTRL+8
23:54:04.336 [JavaFX Application Thread] DEBUG Input                - Registered new binding: Dev Options - 1
23:54:04.337 [JavaFX Application Thread] DEBUG Input                - Registered new binding: Dev Console - 2
23:54:04.338 [JavaFX Application Thread] DEBUG Input                - Registered new binding: System info dump - CTRL+9
23:54:04.339 [JavaFX Application Thread] DEBUG Input                - Registered new binding: Restart - CTRL+R
23:54:04.340 [JavaFX Application Thread] DEBUG Input                - Registered new binding: Toggle Debug Camera - CTRL+7
23:54:04.351 [JavaFX Application Thread] DEBUG LoopRunner           - Starting loop
23:54:04.386 [JavaFX Application Thread] DEBUG LoopRunner           - Initializing JavaFX AnimationTimerLoop
23:54:04.389 [JavaFX Application Thread] DEBUG GameApplicationServi - Starting new game
23:54:04.390 [JavaFX Application Thread] DEBUG Input                - Clearing active input actions
23:54:04.403 [JavaFX Application Thread] DEBUG GameApplicationServi - Removing overlay from FXGLStartupScene and adding to FXGLLoadingScene
23:54:04.416 [JavaFX Application Thread] DEBUG PrimaryStageWindow   - FXGLStartupScene -> FXGLLoadingScene
23:54:04.416 [JavaFX Application Thread] DEBUG GameApplicationServi - Clearing previous game
23:54:04.416 [JavaFX Application Thread] DEBUG GameScene            - Clearing game scene
23:54:04.416 [JavaFX Application Thread] DEBUG GameWorld            - Clearing game world
23:54:04.416 [JavaFX Application Thread] DEBUG PhysicsWorld         - Clearing physics world
23:54:04.418 [JavaFX Application Thread] DEBUG FXGLApplication      - Registering font factories with UI factory
23:54:04.418 [FXGL Background Thread 4 ] DEBUG FXGLApplication      - Initializing game
23:54:04.454 [FXGL Background Thread 4 ] WARN  TMXLevelLoader       - TiledMap generated from 1.11.2. Supported version: 1.9.0. Some features may not be parsed fully.
23:54:04.483 [FXGL Background Thread 4 ] DEBUG TMXLevelLoader       - Parsed TiledMap: file:/C:/Users/frank/Desktop/ProjectFun/myproject/myproject/target/classes/assets/levels/scene1.tmx
23:54:04.486 [FXGL Background Thread 4 ] DEBUG TMXLevelLoader       - Creating tile layer entities
23:54:04.490 [FXGL Background Thread 4 ] DEBUG TilesetLoader        - Loading view for layer lowefloor
23:54:04.491 [FXGL Background Thread 4 ] DEBUG TilesetLoader        - Created buffer with size 512.0x1024.0
23:54:04.551 [FXGL Background Thread 4 ] DEBUG TilesetLoader        - Loading view for layer cliff
23:54:04.552 [FXGL Background Thread 4 ] DEBUG TilesetLoader        - Created buffer with size 512.0x1024.0
23:54:04.553 [FXGL Background Thread 4 ] DEBUG TilesetLoader        - Loading view for layer cliff1
23:54:04.554 [FXGL Background Thread 4 ] DEBUG TilesetLoader        - Created buffer with size 512.0x1024.0
23:54:04.555 [FXGL Background Thread 4 ] DEBUG TilesetLoader        - Loading view for layer cliff2
23:54:04.555 [FXGL Background Thread 4 ] DEBUG TilesetLoader        - Created buffer with size 512.0x1024.0
23:54:04.556 [FXGL Background Thread 4 ] DEBUG TilesetLoader        - Loading view for layer Tile Layer 3
23:54:04.556 [FXGL Background Thread 4 ] DEBUG TilesetLoader        - Created buffer with size 512.0x1024.0
23:54:04.556 [FXGL Background Thread 4 ] DEBUG TilesetLoader        - Loading view for layer Tile Layer 6
23:54:04.556 [FXGL Background Thread 4 ] DEBUG TilesetLoader        - Created buffer with size 512.0x1024.0
23:54:04.635 [FXGL Background Thread 4 ] DEBUG TilesetLoader        - Loading view for layer prop
23:54:04.636 [FXGL Background Thread 4 ] DEBUG TilesetLoader        - Created buffer with size 512.0x1024.0
23:54:04.636 [FXGL Background Thread 4 ] DEBUG TMXLevelLoader       - Creating object layer entities
23:54:04.700 [FXGL Background Thread 4 ] DEBUG FXGLAssetLoaderServi - Loading from file system: file:/C:/Users/frank/Desktop/ProjectFun/myproject/myproject/target/classes/assets/textures/Actor1.png
23:54:04.746 [FXGL Background Thread 4 ] DEBUG FXGLAssetLoaderServi - Loading from file system: file:/C:/Users/frank/Desktop/ProjectFun/myproject/myproject/target/classes/assets/textures/Rex.png
23:54:04.752 [FXGL Background Thread 4 ] WARN  TMXLevelLoader       - TiledMap generated from 1.11.2. Supported version: 1.9.0. Some features may not be parsed fully.
23:54:04.758 [FXGL Background Thread 4 ] DEBUG TMXLevelLoader       - Parsed TiledMap: file:/C:/Users/frank/Desktop/ProjectFun/myproject/myproject/target/classes/assets/levels/scene1.tmx
23:54:04.758 [FXGL Background Thread 4 ] DEBUG TMXLevelLoader       - Creating tile layer entities
23:54:04.760 [FXGL Background Thread 4 ] DEBUG TilesetLoader        - Loading view for layer lowefloor
23:54:04.761 [FXGL Background Thread 4 ] DEBUG TilesetLoader        - Created buffer with size 512.0x1024.0
23:54:04.782 [FXGL Background Thread 4 ] DEBUG TilesetLoader        - Loading view for layer cliff
23:54:04.783 [FXGL Background Thread 4 ] DEBUG TilesetLoader        - Created buffer with size 512.0x1024.0
23:54:04.784 [FXGL Background Thread 4 ] DEBUG TilesetLoader        - Loading view for layer cliff1
23:54:04.784 [FXGL Background Thread 4 ] DEBUG TilesetLoader        - Created buffer with size 512.0x1024.0
23:54:04.784 [FXGL Background Thread 4 ] DEBUG TilesetLoader        - Loading view for layer cliff2
23:54:04.785 [FXGL Background Thread 4 ] DEBUG TilesetLoader        - Created buffer with size 512.0x1024.0
23:54:04.785 [FXGL Background Thread 4 ] DEBUG TilesetLoader        - Loading view for layer Tile Layer 3
23:54:04.789 [FXGL Background Thread 4 ] DEBUG TilesetLoader        - Created buffer with size 512.0x1024.0
23:54:04.790 [FXGL Background Thread 4 ] DEBUG TilesetLoader        - Loading view for layer Tile Layer 6
23:54:04.791 [FXGL Background Thread 4 ] DEBUG TilesetLoader        - Created buffer with size 512.0x1024.0
23:54:04.840 [FXGL Background Thread 4 ] DEBUG TilesetLoader        - Loading view for layer prop
23:54:04.841 [FXGL Background Thread 4 ] DEBUG TilesetLoader        - Created buffer with size 512.0x1024.0
23:54:04.841 [FXGL Background Thread 4 ] DEBUG TMXLevelLoader       - Creating object layer entities
23:54:04.848 [FXGL Background Thread 4 ] DEBUG GameWorld            - Clearing removable entities
23:54:04.850 [FXGL Background Thread 4 ] DEBUG GameWorld            - Setting level: com.almasb.fxgl.entity.level.Level@2766e7e8
23:54:04.881 [FXGL Background Thread 4 ] INFO  FXGLApplication      - Game initialization took: 0.465 sec
23:54:04.917 [JavaFX Application Thread] DEBUG Input                - Clearing active input actions
23:54:04.928 [JavaFX Application Thread] DEBUG GameApplicationServi - Removing overlay from FXGLLoadingScene and adding to GameScene
23:54:04.931 [JavaFX Application Thread] DEBUG PrimaryStageWindow   - FXGLLoadingScene -> GameScene
23:54:06.431 [JavaFX Application Thread] DEBUG FXGLAssetLoaderServi - Loading from file system: file:/C:/Users/frank/Desktop/ProjectFun/myproject/myproject/target/classes/assets/text/filetext.txt
23:54:06.433 [JavaFX Application Thread] DEBUG EventBus             - Firing event: com.GameEvent.CombatScene[source=javafx.event.Event$$Lambda/0x0000024f57172ba0@22f1c991]
23:54:06.436 [JavaFX Application Thread] WARN  TMXLevelLoader       - TiledMap generated from 1.11.2. Supported version: 1.9.0. Some features may not be parsed fully.
23:54:06.439 [JavaFX Application Thread] DEBUG TMXLevelLoader       - Parsed TiledMap: file:/C:/Users/frank/Desktop/ProjectFun/myproject/myproject/target/classes/assets/levels/battle1.tmx
23:54:06.439 [JavaFX Application Thread] DEBUG TMXLevelLoader       - Creating tile layer entities
23:54:06.440 [JavaFX Application Thread] DEBUG TilesetLoader        - Loading view for layer Tile Layer 1
23:54:06.440 [JavaFX Application Thread] DEBUG TilesetLoader        - Created buffer with size 2048.0x1024.0
23:54:06.534 [JavaFX Application Thread] DEBUG TMXLevelLoader       - Creating object layer entities
23:54:06.536 [JavaFX Application Thread] DEBUG FXGLAssetLoaderServi - Loading from file system: file:/C:/Users/frank/Desktop/ProjectFun/myproject/myproject/target/classes/assets/textures/Rex.png
23:54:06.541 [JavaFX Application Thread] DEBUG FXGLAssetLoaderServi - Loading from file system: file:/C:/Users/frank/Desktop/ProjectFun/myproject/myproject/target/classes/assets/textures/Karee.png
23:54:06.547 [JavaFX Application Thread] DEBUG GameWorld            - Clearing removable entities
23:54:06.556 [JavaFX Application Thread] DEBUG GameWorld            - Setting level: com.almasb.fxgl.entity.level.Level@453225d4
23:54:06.562 [JavaFX Application Thread] WARN  TMXLevelLoader       - TiledMap generated from 1.11.2. Supported version: 1.9.0. Some features may not be parsed fully.
23:54:06.568 [JavaFX Application Thread] DEBUG TMXLevelLoader       - Parsed TiledMap: file:/C:/Users/frank/Desktop/ProjectFun/myproject/myproject/target/classes/assets/levels/battle1.tmx
23:54:06.568 [JavaFX Application Thread] DEBUG TMXLevelLoader       - Creating tile layer entities
23:54:06.568 [JavaFX Application Thread] DEBUG TilesetLoader        - Loading view for layer Tile Layer 1
23:54:06.570 [JavaFX Application Thread] DEBUG TilesetLoader        - Created buffer with size 2048.0x1024.0
23:54:06.661 [JavaFX Application Thread] DEBUG TMXLevelLoader       - Creating object layer entities
23:54:07.273 [FXGL Background Thread 3 ] DEBUG Engine               - Logging environment variables
23:54:07.274 [FXGL Background Thread 3 ] DEBUG Engine               - achievements: []
23:54:07.274 [FXGL Background Thread 3 ] DEBUG Engine               - actualHeight: 864.0
23:54:07.275 [FXGL Background Thread 3 ] DEBUG Engine               - actualHeightProperty: ReadOnlyDoubleProperty [value: 864.0]
23:54:07.275 [FXGL Background Thread 3 ] DEBUG Engine               - actualWidth: 1536.0
23:54:07.275 [FXGL Background Thread 3 ] DEBUG Engine               - actualWidthProperty: ReadOnlyDoubleProperty [value: 1536.0]
23:54:07.276 [FXGL Background Thread 3 ] DEBUG Engine               - appIcon: fxgl_icon.png
23:54:07.276 [FXGL Background Thread 3 ] DEBUG Engine               - applicationMode: DEVELOPER
23:54:07.276 [FXGL Background Thread 3 ] DEBUG Engine               - cSSList: [fxgl_dark.css]
23:54:07.276 [FXGL Background Thread 3 ] DEBUG Engine               - collisionDetectionStrategy: BRUTE_FORCE
23:54:07.276 [FXGL Background Thread 3 ] DEBUG Engine               - configClass: Optional.empty
23:54:07.276 [FXGL Background Thread 3 ] DEBUG Engine               - credits: []
23:54:07.278 [FXGL Background Thread 3 ] DEBUG Engine               - defaultCursor: CursorInfo(imageName=fxgl_default_cursor.png, hotspotX=7.0, hotspotY=6.0)
23:54:07.278 [FXGL Background Thread 3 ] DEBUG Engine               - devBBoxColorProperty: ObjectProperty [value: 0xff0000ff]
23:54:07.279 [FXGL Background Thread 3 ] DEBUG Engine               - devEnableDebugCameraProperty: BooleanProperty [value: false]
23:54:07.279 [FXGL Background Thread 3 ] DEBUG Engine               - devSensorColorProperty: ObjectProperty [value: 0xffff00ff]
23:54:07.279 [FXGL Background Thread 3 ] DEBUG Engine               - devShowBBoxProperty: BooleanProperty [value: false]
23:54:07.279 [FXGL Background Thread 3 ] DEBUG Engine               - devShowPositionProperty: BooleanProperty [value: false]
23:54:07.279 [FXGL Background Thread 3 ] DEBUG Engine               - enabledMenuItems: []
23:54:07.279 [FXGL Background Thread 3 ] DEBUG Engine               - engineServices: [class com.almasb.fxgl.app.services.FXGLAssetLoaderService, class com.almasb.fxgl.app.FXGLApplication$GameApplicationService, class com.almasb.fxgl.app.services.FXGLDialogService, class com.almasb.fxgl.app.services.IOTaskExecutorService, class com.almasb.fxgl.io.FileSystemService, class com.almasb.fxgl.localization.LocalizationService, class com.almasb.fxgl.app.services.SystemBundleService, class com.almasb.fxgl.profile.SaveLoadService, class com.almasb.fxgl.ui.FXGLUIFactoryServiceProvider, class com.almasb.fxgl.ui.FXGLDialogFactoryServiceProvider, class com.almasb.fxgl.audio.AudioPlayer, class com.almasb.fxgl.notification.impl.NotificationServiceProvider, class com.almasb.fxgl.achievement.AchievementService, class com.almasb.fxgl.cutscene.CutsceneService, class com.almasb.fxgl.minigames.MiniGameService, class com.almasb.fxgl.net.NetService, class com.almasb.fxgl.app.services.UpdaterService, class com.almasb.fxgl.dev.DevService]
23:54:07.280 [FXGL Background Thread 3 ] DEBUG Engine               - fontGame: Abel-Regular.ttf
23:54:07.280 [FXGL Background Thread 3 ] DEBUG Engine               - fontMono: TerminalLandMono-Regular.otf
23:54:07.280 [FXGL Background Thread 3 ] DEBUG Engine               - fontSizeScaleUI: 1.0
23:54:07.280 [FXGL Background Thread 3 ] DEBUG Engine               - fontText: Courier-Prime.ttf
23:54:07.280 [FXGL Background Thread 3 ] DEBUG Engine               - fontUI: VarelaRound-Regular.ttf
23:54:07.280 [FXGL Background Thread 3 ] DEBUG Engine               - fullScreen: BooleanProperty [value: true]
23:54:07.280 [FXGL Background Thread 3 ] DEBUG Engine               - gameDifficulty: MEDIUM
23:54:07.280 [FXGL Background Thread 3 ] DEBUG Engine               - gameDifficultyProperty: ObjectProperty [value: MEDIUM]
23:54:07.280 [FXGL Background Thread 3 ] DEBUG Engine               - globalMusicVolume: 0.5
23:54:07.281 [FXGL Background Thread 3 ] DEBUG Engine               - globalMusicVolumeProperty: DoubleProperty [value: 0.5]
23:54:07.282 [FXGL Background Thread 3 ] DEBUG Engine               - globalSoundVolume: 0.5
23:54:07.282 [FXGL Background Thread 3 ] DEBUG Engine               - globalSoundVolumeProperty: DoubleProperty [value: 0.5]
23:54:07.282 [FXGL Background Thread 3 ] DEBUG Engine               - height: 720
23:54:07.284 [FXGL Background Thread 3 ] DEBUG Engine               - is3D: false
23:54:07.284 [FXGL Background Thread 3 ] DEBUG Engine               - isAndroid: false
23:54:07.284 [FXGL Background Thread 3 ] DEBUG Engine               - isBrowser: false
23:54:07.284 [FXGL Background Thread 3 ] DEBUG Engine               - isClickFeedbackEnabled: false
23:54:07.284 [FXGL Background Thread 3 ] DEBUG Engine               - isCloseConfirmation: false
23:54:07.285 [FXGL Background Thread 3 ] DEBUG Engine               - isDesktop: true
23:54:07.285 [FXGL Background Thread 3 ] DEBUG Engine               - isDeveloperMenuEnabled: true
23:54:07.285 [FXGL Background Thread 3 ] DEBUG Engine               - isEmbedded: false
23:54:07.285 [FXGL Background Thread 3 ] DEBUG Engine               - isEntityPreloadEnabled: true
23:54:07.285 [FXGL Background Thread 3 ] DEBUG Engine               - isExperimentalTiledLargeMap: false
23:54:07.285 [FXGL Background Thread 3 ] DEBUG Engine               - isFileSystemWriteAllowed: true
23:54:07.285 [FXGL Background Thread 3 ] DEBUG Engine               - isFullScreenAllowed: true
23:54:07.285 [FXGL Background Thread 3 ] DEBUG Engine               - isFullScreenFromStart: true
23:54:07.285 [FXGL Background Thread 3 ] DEBUG Engine               - isGameMenuEnabled: true
23:54:07.285 [FXGL Background Thread 3 ] DEBUG Engine               - isIOS: false
23:54:07.285 [FXGL Background Thread 3 ] DEBUG Engine               - isIntroEnabled: false
23:54:07.285 [FXGL Background Thread 3 ] DEBUG Engine               - isLinux: false
23:54:07.285 [FXGL Background Thread 3 ] DEBUG Engine               - isMac: false
23:54:07.285 [FXGL Background Thread 3 ] DEBUG Engine               - isMainMenuEnabled: false
23:54:07.285 [FXGL Background Thread 3 ] DEBUG Engine               - isManualResizeEnabled: false
23:54:07.285 [FXGL Background Thread 3 ] DEBUG Engine               - isMobile: false
23:54:07.285 [FXGL Background Thread 3 ] DEBUG Engine               - isNative: false
23:54:07.285 [FXGL Background Thread 3 ] DEBUG Engine               - isPauseMusicWhenMinimized: true
23:54:07.285 [FXGL Background Thread 3 ] DEBUG Engine               - isPreserveResizeRatio: false
23:54:07.286 [FXGL Background Thread 3 ] DEBUG Engine               - isProfilingEnabled: false
23:54:07.286 [FXGL Background Thread 3 ] DEBUG Engine               - isScaleAffectedOnResize: true
23:54:07.286 [FXGL Background Thread 3 ] DEBUG Engine               - isSingleStep: false
23:54:07.286 [FXGL Background Thread 3 ] DEBUG Engine               - isUserProfileEnabled: false
23:54:07.286 [FXGL Background Thread 3 ] DEBUG Engine               - isWindows: true
23:54:07.286 [FXGL Background Thread 3 ] DEBUG Engine               - language: ObjectProperty [value: ENGLISH]
23:54:07.286 [FXGL Background Thread 3 ] DEBUG Engine               - menuKey: ESCAPE
23:54:07.286 [FXGL Background Thread 3 ] DEBUG Engine               - mouseSensitivity: 0.2
23:54:07.286 [FXGL Background Thread 3 ] DEBUG Engine               - notificationViewClass: class com.almasb.fxgl.notification.view.XboxNotificationView
23:54:07.286 [FXGL Background Thread 3 ] DEBUG Engine               - pixelsPerMeter: 50.0
23:54:07.286 [FXGL Background Thread 3 ] DEBUG Engine               - platform: WINDOWS
23:54:07.286 [FXGL Background Thread 3 ] DEBUG Engine               - prefHeightProperty: ReadOnlyDoubleProperty [value: 720.0]
23:54:07.286 [FXGL Background Thread 3 ] DEBUG Engine               - prefWidthProperty: ReadOnlyDoubleProperty [value: 1280.0]
23:54:07.286 [FXGL Background Thread 3 ] DEBUG Engine               - profileDir: profiles/
23:54:07.286 [FXGL Background Thread 3 ] DEBUG Engine               - profileName: StringProperty [value: DEFAULT]
23:54:07.286 [FXGL Background Thread 3 ] DEBUG Engine               - randomSeed: -1
23:54:07.287 [FXGL Background Thread 3 ] DEBUG Engine               - runtimeInfo: RuntimeInfo(platform=WINDOWS, version=21.1, build=27.03.2024 07.52)
23:54:07.288 [FXGL Background Thread 3 ] DEBUG Engine               - saveFileExt: sav
23:54:07.288 [FXGL Background Thread 3 ] DEBUG Engine               - scaledHeightProp$fxgl: DoubleProperty [bound, value: 864.0]
23:54:07.288 [FXGL Background Thread 3 ] DEBUG Engine               - scaledWidthProp$fxgl: DoubleProperty [bound, value: 1536.0]
23:54:07.288 [FXGL Background Thread 3 ] DEBUG Engine               - sceneFactory: com.almasb.fxgl.app.scene.SceneFactory@785c24c0
23:54:07.288 [FXGL Background Thread 3 ] DEBUG Engine               - secondsIn24h: 60
23:54:07.288 [FXGL Background Thread 3 ] DEBUG Engine               - soundMenuBack: menu/back.wav
23:54:07.288 [FXGL Background Thread 3 ] DEBUG Engine               - soundMenuPress: menu/press.wav
23:54:07.288 [FXGL Background Thread 3 ] DEBUG Engine               - soundMenuSelect: menu/select.wav
23:54:07.288 [FXGL Background Thread 3 ] DEBUG Engine               - soundNotification: core/notification.wav
23:54:07.288 [FXGL Background Thread 3 ] DEBUG Engine               - stageStyle: DECORATED
23:54:07.288 [FXGL Background Thread 3 ] DEBUG Engine               - supportedLanguages: [ENGLISH, FRENCH, GERMAN, HUNGARIAN, RUSSIAN]
23:54:07.288 [FXGL Background Thread 3 ] DEBUG Engine               - ticksPerSecond: -1
23:54:07.288 [FXGL Background Thread 3 ] DEBUG Engine               - title: Final Journey
23:54:07.288 [FXGL Background Thread 3 ] DEBUG Engine               - urlGithub: https://github.com/AlmasB/FXGL
23:54:07.288 [FXGL Background Thread 3 ] DEBUG Engine               - urlLeaderboard: http://fxgl-top.herokuapp.com/
23:54:07.288 [FXGL Background Thread 3 ] DEBUG Engine               - urlPOM: https://raw.githubusercontent.com/AlmasB/FXGL/release/README.md
23:54:07.290 [FXGL Background Thread 3 ] DEBUG Engine               - userAppClass: class com.project.App
23:54:07.290 [FXGL Background Thread 3 ] DEBUG Engine               - version: Alpha
23:54:07.290 [FXGL Background Thread 3 ] DEBUG Engine               - versionCheckDays: 7
23:54:07.290 [FXGL Background Thread 3 ] DEBUG Engine               - width: 1280
23:54:07.290 [FXGL Background Thread 3 ] DEBUG Engine               - Logging services
23:54:07.290 [FXGL Background Thread 3 ] DEBUG Engine               - class com.almasb.fxgl.app.services.FXGLAssetLoaderService
23:54:07.290 [FXGL Background Thread 3 ] DEBUG Engine               - class com.almasb.fxgl.app.FXGLApplication$GameApplicationService
23:54:07.291 [FXGL Background Thread 3 ] DEBUG Engine               - class com.almasb.fxgl.app.services.FXGLDialogService
23:54:07.291 [FXGL Background Thread 3 ] DEBUG Engine               - class com.almasb.fxgl.app.services.IOTaskExecutorService
23:54:07.291 [FXGL Background Thread 3 ] DEBUG Engine               - class com.almasb.fxgl.io.FileSystemService
23:54:07.291 [FXGL Background Thread 3 ] DEBUG Engine               - class com.almasb.fxgl.localization.LocalizationService
23:54:07.291 [FXGL Background Thread 3 ] DEBUG Engine               - class com.almasb.fxgl.app.services.SystemBundleService
23:54:07.291 [FXGL Background Thread 3 ] DEBUG Engine               - class com.almasb.fxgl.profile.SaveLoadService
23:54:07.291 [FXGL Background Thread 3 ] DEBUG Engine               - class com.almasb.fxgl.ui.FXGLUIFactoryServiceProvider
23:54:07.291 [FXGL Background Thread 3 ] DEBUG Engine               - class com.almasb.fxgl.ui.FXGLDialogFactoryServiceProvider
23:54:07.291 [FXGL Background Thread 3 ] DEBUG Engine               - class com.almasb.fxgl.audio.AudioPlayer
23:54:07.291 [FXGL Background Thread 3 ] DEBUG Engine               - class com.almasb.fxgl.notification.impl.NotificationServiceProvider
23:54:07.291 [FXGL Background Thread 3 ] DEBUG Engine               - class com.almasb.fxgl.achievement.AchievementService
23:54:07.291 [FXGL Background Thread 3 ] DEBUG Engine               - class com.almasb.fxgl.cutscene.CutsceneService
23:54:07.291 [FXGL Background Thread 3 ] DEBUG Engine               - class com.almasb.fxgl.minigames.MiniGameService
23:54:07.291 [FXGL Background Thread 3 ] DEBUG Engine               - class com.almasb.fxgl.net.NetService
23:54:07.291 [FXGL Background Thread 3 ] DEBUG Engine               - class com.almasb.fxgl.app.services.UpdaterService
23:54:07.291 [FXGL Background Thread 3 ] DEBUG Engine               - class com.almasb.fxgl.dev.DevService
23:54:08.612 [JavaFX Application Thread] DEBUG PrimaryStageWindow   - Push state: FXGLDefaultMenu
23:54:08.615 [JavaFX Application Thread] DEBUG Input                - Clearing active input actions
23:54:08.616 [JavaFX Application Thread] DEBUG GameApplicationServi - Removing overlay from GameScene and adding to FXGLDefaultMenu
23:54:08.617 [JavaFX Application Thread] DEBUG PrimaryStageWindow   - GameScene -> FXGLDefaultMenu
23:54:09.022 [JavaFX Application Thread] DEBUG PrimaryStageWindow   - Pop state: FXGLDefaultMenu
23:54:09.022 [JavaFX Application Thread] DEBUG Input                - Clearing active input actions
23:54:09.024 [JavaFX Application Thread] DEBUG GameApplicationServi - Removing overlay from FXGLDefaultMenu and adding to GameScene
23:54:09.025 [JavaFX Application Thread] DEBUG PrimaryStageWindow   - GameScene <- FXGLDefaultMenu
23:54:09.340 [JavaFX Application Thread] DEBUG PrimaryStageWindow   - Push state: FXGLDefaultMenu
23:54:09.340 [JavaFX Application Thread] DEBUG Input                - Clearing active input actions
23:54:09.341 [JavaFX Application Thread] DEBUG GameApplicationServi - Removing overlay from GameScene and adding to FXGLDefaultMenu
23:54:09.343 [JavaFX Application Thread] DEBUG PrimaryStageWindow   - GameScene -> FXGLDefaultMenu
23:54:10.161 [JavaFX Application Thread] DEBUG Menu                 - fireExit()
23:54:10.165 [JavaFX Application Thread] DEBUG PrimaryStageWindow   - Push state: DialogSubScene
23:54:10.166 [JavaFX Application Thread] DEBUG Input                - Clearing active input actions
23:54:10.166 [JavaFX Application Thread] DEBUG GameApplicationServi - Removing overlay from FXGLDefaultMenu and adding to DialogSubScene
23:54:10.167 [JavaFX Application Thread] DEBUG PrimaryStageWindow   - FXGLDefaultMenu -> DialogSubScene
23:54:10.767 [JavaFX Application Thread] DEBUG PrimaryStageWindow   - Pop state: DialogSubScene
23:54:10.767 [JavaFX Application Thread] DEBUG Input                - Clearing active input actions
23:54:10.768 [JavaFX Application Thread] DEBUG GameApplicationServi - Removing overlay from DialogSubScene and adding to FXGLDefaultMenu
23:54:10.768 [JavaFX Application Thread] DEBUG PrimaryStageWindow   - FXGLDefaultMenu <- DialogSubScene
23:54:10.768 [JavaFX Application Thread] DEBUG FXGLApplication      - Exiting FXGL
23:54:10.768 [JavaFX Application Thread] DEBUG LoopRunner           - Stopping loop
23:54:10.768 [JavaFX Application Thread] DEBUG SystemBundleService  - Saving FXGL system data
23:54:10.771 [JavaFX Application Thread] DEBUG FileSystemAccess     - Writing to: C:\Users\frank\Desktop\ProjectFun\myproject\myproject\system\fxgl.bundle
23:54:10.774 [JavaFX Application Thread] DEBUG Async                - Shutting down background threads
23:54:10.774 [JavaFX Application Thread] DEBUG PrimaryStageWindow   - Closing main window
23:54:10.820 [JavaFX Application Thread] DEBUG Logger               - Closing Logger
