03:25:10.739 [main                     ] DEBUG Logger               - Configured Logger
03:25:10.761 [main                     ] DEBUG GameApplication      - Logging settings
Title: Final Journey
Version: Alpha
Width: 1280
Height: 720
Fullscreen: true
Intro: false
Profiling: false
Single step:false
App Mode: DEVELOPER
Menu Key: ESCAPE
Stage Style: DECORATED
Scene Factory: class com.almasb.fxgl.app.scene.SceneFactory

03:25:11.040 [JavaFX Application Thread] DEBUG FXGLApplication      - Initializing FXGL
03:25:11.042 [JavaFX Application Thread] INFO  Engine               - FXGL-21.1 (27.03.2024 07.52) on WINDOWS (J:21.0.5 FX:21.0.1)
03:25:11.042 [JavaFX Application Thread] DEBUG Engine               - JRE Vendor Name: Eclipse Adoptium
03:25:11.042 [JavaFX Application Thread] DEBUG Engine               - Running on OS: Windows 11 version 10.0
03:25:11.042 [JavaFX Application Thread] DEBUG Engine               - Architecture: amd64
03:25:11.042 [JavaFX Application Thread] INFO  Engine               - Source code and latest versions at: https://github.com/AlmasB/FXGL
03:25:11.042 [JavaFX Application Thread] INFO  Engine               -       Ask questions and discuss at: https://github.com/AlmasB/FXGL/discussions
03:25:11.043 [JavaFX Application Thread] INFO  Engine               -              Join the FXGL chat at: https://gitter.im/AlmasB/FXGL
03:25:11.101 [JavaFX Application Thread] DEBUG PrimaryStageWindow   - Creating a JavaFX scene
03:25:11.131 [JavaFX Application Thread] DEBUG PrimaryStageWindow   - Target settings size: 1280.0 x 720.0
03:25:11.131 [JavaFX Application Thread] DEBUG PrimaryStageWindow   - Scaled scene size:    1280.0 x 720.0
03:25:11.131 [JavaFX Application Thread] DEBUG PrimaryStageWindow   - Scaled ratio: (1.0, 1.0)
03:25:11.132 [JavaFX Application Thread] DEBUG PrimaryStageWindow   - Set initial scene to FXGLStartupScene
03:25:11.134 [JavaFX Application Thread] DEBUG PrimaryStageWindow   - Opening main window
03:25:11.189 [JavaFX Application Thread] DEBUG PrimaryStageWindow   - Window border size: (14.4000244140625, 37.5999755859375)
03:25:11.189 [JavaFX Application Thread] DEBUG PrimaryStageWindow   - Scaled size: 1280.0 x 720.0
03:25:11.189 [JavaFX Application Thread] DEBUG PrimaryStageWindow   - Scaled ratio: (1.0, 1.0)
03:25:11.189 [JavaFX Application Thread] DEBUG PrimaryStageWindow   - Scene size: 1280.0 x 720.0
03:25:11.189 [JavaFX Application Thread] DEBUG PrimaryStageWindow   - Stage size: 1294.4000244140625 x 757.5999755859375
03:25:11.225 [JavaFX Application Thread] DEBUG PrimaryStageWindow   - Going fullscreen
03:25:11.231 [FXGL Background Thread 1 ] DEBUG Engine               - Initializing environment variables
03:25:11.263 [FXGL Background Thread 1 ] DEBUG FXGLAssetLoaderServi - User app class for loading assets: class com.project.App
03:25:11.263 [FXGL Background Thread 1 ] DEBUG GameApplicationServi - Applying CSS: fxgl_dark.css
03:25:11.264 [FXGL Background Thread 1 ] DEBUG FXGLAssetLoaderServi - Loading from file system: jar:file:/C:/Users/nitro/.m2/repository/com/github/almasb/fxgl/21.1/fxgl-21.1.jar!/fxglassets/ui/css/fxgl_dark.css
03:25:11.286 [FXGL Background Thread 1 ] DEBUG GameApplicationServi - Initializing application scenes
03:25:11.316 [FXGL Background Thread 1 ] DEBUG GameWorld            - Game world initialized
03:25:11.353 [FXGL Background Thread 1 ] DEBUG PhysicsWorld         - Physics world initialized: appHeight=720, physics.ppm=50.0
03:25:11.354 [FXGL Background Thread 1 ] DEBUG PhysicsWorld         - Using strategy: BRUTE_FORCE
03:25:11.357 [FXGL Background Thread 1 ] DEBUG GameScene            - Game scene initialized: 1280x720
03:25:11.363 [FXGL Background Thread 1 ] DEBUG FXGL.DefaultMenu     - createMenuBodyGameMenu()
03:25:11.371 [FXGL Background Thread 1 ] DEBUG FXGL.DefaultMenu     - createOptionsMenu()
03:25:11.377 [FXGL Background Thread 1 ] DEBUG FXGLAssetLoaderServi - Loading from file system: jar:file:/C:/Users/nitro/.m2/repository/com/github/almasb/fxgl/21.1/fxgl-21.1.jar!/fxglassets/textures/particles/smoke.png
03:25:11.438 [FXGL Background Thread 1 ] DEBUG FXGLAssetLoaderServi - Loading from file system: jar:file:/C:/Users/nitro/.m2/repository/com/github/almasb/fxgl/21.1/fxgl-21.1.jar!/fxglassets/textures/particles/trace_horizontal.png
03:25:11.456 [FXGL Background Thread 1 ] DEBUG GameApplicationServi - Application scenes initialized
03:25:11.464 [FXGL Background Thread 1 ] DEBUG SystemBundleService  - Loading FXGL system data
03:25:11.466 [FXGL Background Thread 1 ] DEBUG FileSystemAccess     - Reading from: C:\Users\nitro\Desktop\ProjectFun2\myproject\myproject\system\fxgl.bundle
03:25:11.472 [FXGL Background Thread 1 ] DEBUG SystemBundleService  - Bundle FXGL: {}
03:25:11.472 [FXGL Background Thread 1 ] DEBUG UpdaterService       - Checking for updates
03:25:11.489 [FXGL Background Thread 4 ] DEBUG FXGLApplication      - Loading fonts
03:25:11.489 [FXGL Background Thread 4 ] DEBUG FXGLAssetLoaderServi - Loading from file system: jar:file:/C:/Users/nitro/.m2/repository/com/github/almasb/fxgl/21.1/fxgl-21.1.jar!/fxglassets/ui/fonts/VarelaRound-Regular.ttf
03:25:11.489 [FXGL Background Thread 1 ] DEBUG FXGLApplication      - Loading default localization
03:25:11.490 [FXGL Background Thread 1 ] DEBUG FXGLAssetLoaderServi - Loading from file system: jar:file:/C:/Users/nitro/.m2/repository/com/github/almasb/fxgl/21.1/fxgl-21.1.jar!/fxglassets/languages/english.lang
03:25:11.510 [FXGL Background Thread 1 ] INFO  FXGLApplication      - FXGL initialization took: 0.279 sec
03:25:11.511 [FXGL Background Thread 4 ] DEBUG FXGLAssetLoaderServi - Loading from file system: jar:file:/C:/Users/nitro/.m2/repository/com/github/almasb/fxgl/21.1/fxgl-21.1.jar!/fxglassets/ui/fonts/Abel-Regular.ttf
03:25:11.513 [FXGL Background Thread 4 ] DEBUG FXGLAssetLoaderServi - Loading from file system: jar:file:/C:/Users/nitro/.m2/repository/com/github/almasb/fxgl/21.1/fxgl-21.1.jar!/fxglassets/ui/fonts/TerminalLandMono-Regular.otf
03:25:11.515 [FXGL Background Thread 4 ] DEBUG FXGLAssetLoaderServi - Loading from file system: jar:file:/C:/Users/nitro/.m2/repository/com/github/almasb/fxgl/21.1/fxgl-21.1.jar!/fxglassets/ui/fonts/Courier-Prime.ttf
03:25:11.516 [JavaFX Application Thread] DEBUG Input                - Registered new binding: Right - D
03:25:11.516 [JavaFX Application Thread] DEBUG Input                - Registered new binding: Left - A
03:25:11.518 [JavaFX Application Thread] DEBUG Input                - Registered new binding: Up - W
03:25:11.518 [JavaFX Application Thread] DEBUG Input                - Registered new binding: Down - S
03:25:11.518 [JavaFX Application Thread] DEBUG Input                - Registered new binding: Interact - E
03:25:11.518 [JavaFX Application Thread] DEBUG FXGLAssetLoaderServi - Loading from file system: jar:file:/C:/Users/nitro/.m2/repository/com/github/almasb/fxgl/21.1/fxgl-21.1.jar!/fxglassets/textures/fxgl_icon.png
03:25:11.529 [JavaFX Application Thread] DEBUG FXGLAssetLoaderServi - Loading from file system: jar:file:/C:/Users/nitro/.m2/repository/com/github/almasb/fxgl/21.1/fxgl-21.1.jar!/fxglassets/textures/fxgl_default_cursor.png
03:25:11.531 [JavaFX Application Thread] DEBUG Input                - Registered new binding: Screenshot - CTRL+8
03:25:11.531 [JavaFX Application Thread] DEBUG Input                - Registered new binding: Dev Options - 1
03:25:11.531 [JavaFX Application Thread] DEBUG Input                - Registered new binding: Dev Console - 2
03:25:11.533 [JavaFX Application Thread] DEBUG Input                - Registered new binding: System info dump - CTRL+9
03:25:11.533 [JavaFX Application Thread] DEBUG Input                - Registered new binding: Restart - CTRL+R
03:25:11.534 [JavaFX Application Thread] DEBUG Input                - Registered new binding: Toggle Debug Camera - CTRL+7
03:25:11.537 [JavaFX Application Thread] DEBUG LoopRunner           - Starting loop
03:25:11.553 [JavaFX Application Thread] DEBUG LoopRunner           - Initializing JavaFX AnimationTimerLoop
03:25:11.556 [JavaFX Application Thread] DEBUG GameApplicationServi - Starting new game
03:25:11.556 [JavaFX Application Thread] DEBUG Input                - Clearing active input actions
03:25:11.564 [JavaFX Application Thread] DEBUG GameApplicationServi - Removing overlay from FXGLStartupScene and adding to FXGLLoadingScene
03:25:11.567 [JavaFX Application Thread] DEBUG PrimaryStageWindow   - FXGLStartupScene -> FXGLLoadingScene
03:25:11.567 [JavaFX Application Thread] DEBUG GameApplicationServi - Clearing previous game
03:25:11.567 [JavaFX Application Thread] DEBUG GameScene            - Clearing game scene
03:25:11.567 [JavaFX Application Thread] DEBUG GameWorld            - Clearing game world
03:25:11.567 [JavaFX Application Thread] DEBUG PhysicsWorld         - Clearing physics world
03:25:11.568 [FXGL Background Thread 4 ] DEBUG FXGLApplication      - Initializing game
03:25:11.568 [JavaFX Application Thread] DEBUG FXGLApplication      - Registering font factories with UI factory
03:25:11.594 [FXGL Background Thread 4 ] WARN  TMXLevelLoader       - TiledMap generated from 1.11.0. Supported version: 1.9.0. Some features may not be parsed fully.
03:25:11.611 [FXGL Background Thread 4 ] DEBUG TMXLevelLoader       - Parsed TiledMap: file:/C:/Users/nitro/Desktop/ProjectFun2/myproject/myproject/target/classes/assets/levels/scene1.tmx
03:25:11.612 [FXGL Background Thread 4 ] DEBUG TMXLevelLoader       - Creating tile layer entities
03:25:11.613 [FXGL Background Thread 4 ] DEBUG TilesetLoader        - Loading view for layer lowefloor
03:25:11.614 [FXGL Background Thread 4 ] DEBUG TilesetLoader        - Created buffer with size 512.0x1024.0
03:25:11.654 [FXGL Background Thread 4 ] DEBUG TilesetLoader        - Loading view for layer cliff
03:25:11.656 [FXGL Background Thread 4 ] DEBUG TilesetLoader        - Created buffer with size 512.0x1024.0
03:25:11.658 [FXGL Background Thread 4 ] DEBUG TilesetLoader        - Loading view for layer cliff1
03:25:11.660 [FXGL Background Thread 4 ] DEBUG TilesetLoader        - Created buffer with size 512.0x1024.0
03:25:11.660 [FXGL Background Thread 4 ] DEBUG TilesetLoader        - Loading view for layer cliff2
03:25:11.660 [FXGL Background Thread 4 ] DEBUG TilesetLoader        - Created buffer with size 512.0x1024.0
03:25:11.661 [FXGL Background Thread 4 ] DEBUG TilesetLoader        - Loading view for layer Tile Layer 3
03:25:11.661 [FXGL Background Thread 4 ] DEBUG TilesetLoader        - Created buffer with size 512.0x1024.0
03:25:11.662 [FXGL Background Thread 4 ] DEBUG TilesetLoader        - Loading view for layer Tile Layer 6
03:25:11.662 [FXGL Background Thread 4 ] DEBUG TilesetLoader        - Created buffer with size 512.0x1024.0
03:25:11.718 [FXGL Background Thread 4 ] DEBUG TilesetLoader        - Loading view for layer prop
03:25:11.718 [FXGL Background Thread 4 ] DEBUG TilesetLoader        - Created buffer with size 512.0x1024.0
03:25:11.719 [FXGL Background Thread 4 ] DEBUG TMXLevelLoader       - Creating object layer entities
03:25:11.740 [FXGL Background Thread 4 ] DEBUG FXGLAssetLoaderServi - Loading from file system: file:/C:/Users/nitro/Desktop/ProjectFun2/myproject/myproject/target/classes/assets/textures/Actor1.png
03:25:11.756 [FXGL Background Thread 4 ] DEBUG FXGLAssetLoaderServi - Loading from file system: file:/C:/Users/nitro/Desktop/ProjectFun2/myproject/myproject/target/classes/assets/textures/Rex.png
03:25:11.760 [FXGL Background Thread 4 ] WARN  TMXLevelLoader       - TiledMap generated from 1.11.0. Supported version: 1.9.0. Some features may not be parsed fully.
03:25:11.769 [FXGL Background Thread 4 ] DEBUG TMXLevelLoader       - Parsed TiledMap: file:/C:/Users/nitro/Desktop/ProjectFun2/myproject/myproject/target/classes/assets/levels/scene1.tmx
03:25:11.770 [FXGL Background Thread 4 ] DEBUG TMXLevelLoader       - Creating tile layer entities
03:25:11.770 [FXGL Background Thread 4 ] DEBUG TilesetLoader        - Loading view for layer lowefloor
03:25:11.771 [FXGL Background Thread 4 ] DEBUG TilesetLoader        - Created buffer with size 512.0x1024.0
03:25:11.792 [FXGL Background Thread 4 ] DEBUG TilesetLoader        - Loading view for layer cliff
03:25:11.792 [FXGL Background Thread 4 ] DEBUG TilesetLoader        - Created buffer with size 512.0x1024.0
03:25:11.793 [FXGL Background Thread 4 ] DEBUG TilesetLoader        - Loading view for layer cliff1
03:25:11.793 [FXGL Background Thread 4 ] DEBUG TilesetLoader        - Created buffer with size 512.0x1024.0
03:25:11.793 [FXGL Background Thread 4 ] DEBUG TilesetLoader        - Loading view for layer cliff2
03:25:11.796 [FXGL Background Thread 4 ] DEBUG TilesetLoader        - Created buffer with size 512.0x1024.0
03:25:11.797 [FXGL Background Thread 4 ] DEBUG TilesetLoader        - Loading view for layer Tile Layer 3
03:25:11.797 [FXGL Background Thread 4 ] DEBUG TilesetLoader        - Created buffer with size 512.0x1024.0
03:25:11.798 [FXGL Background Thread 4 ] DEBUG TilesetLoader        - Loading view for layer Tile Layer 6
03:25:11.798 [FXGL Background Thread 4 ] DEBUG TilesetLoader        - Created buffer with size 512.0x1024.0
03:25:11.846 [FXGL Background Thread 4 ] DEBUG TilesetLoader        - Loading view for layer prop
03:25:11.846 [FXGL Background Thread 4 ] DEBUG TilesetLoader        - Created buffer with size 512.0x1024.0
03:25:11.848 [FXGL Background Thread 4 ] DEBUG TMXLevelLoader       - Creating object layer entities
03:25:11.855 [FXGL Background Thread 4 ] DEBUG GameWorld            - Clearing removable entities
03:25:11.856 [FXGL Background Thread 4 ] DEBUG GameWorld            - Setting level: com.almasb.fxgl.entity.level.Level@10c2a4b4
03:25:11.866 [FXGL Background Thread 4 ] INFO  FXGLApplication      - Game initialization took: 0.299 sec
03:25:11.867 [JavaFX Application Thread] DEBUG Input                - Clearing active input actions
03:25:11.873 [JavaFX Application Thread] DEBUG GameApplicationServi - Removing overlay from FXGLLoadingScene and adding to GameScene
03:25:11.876 [JavaFX Application Thread] DEBUG PrimaryStageWindow   - FXGLLoadingScene -> GameScene
03:25:13.161 [JavaFX Application Thread] DEBUG FXGLAssetLoaderServi - Loading from file system: file:/C:/Users/nitro/Desktop/ProjectFun2/myproject/myproject/target/classes/assets/text/filetext.txt
03:25:13.166 [JavaFX Application Thread] DEBUG Input                - Registered new binding: Next RPG Line - Enter
03:25:13.167 [JavaFX Application Thread] DEBUG PrimaryStageWindow   - Push state: CutsceneScene
03:25:13.167 [JavaFX Application Thread] DEBUG Input                - Clearing active input actions
03:25:13.168 [JavaFX Application Thread] DEBUG GameApplicationServi - Removing overlay from GameScene and adding to CutsceneScene
03:25:13.169 [JavaFX Application Thread] DEBUG PrimaryStageWindow   - GameScene -> CutsceneScene
03:25:14.484 [JavaFX Application Thread] DEBUG FXGLAssetLoaderServi - Loading from file system: file:/C:/Users/nitro/Desktop/ProjectFun2/myproject/myproject/target/classes/assets/textures/Rex.png
03:25:14.490 [FXGL Background Thread 3 ] DEBUG Engine               - Logging environment variables
03:25:14.490 [FXGL Background Thread 3 ] DEBUG Engine               - achievements: []
03:25:14.490 [FXGL Background Thread 3 ] DEBUG Engine               - actualHeight: 864.0
03:25:14.490 [FXGL Background Thread 3 ] DEBUG Engine               - actualHeightProperty: ReadOnlyDoubleProperty [value: 864.0]
03:25:14.490 [FXGL Background Thread 3 ] DEBUG Engine               - actualWidth: 1536.0
03:25:14.490 [FXGL Background Thread 3 ] DEBUG Engine               - actualWidthProperty: ReadOnlyDoubleProperty [value: 1536.0]
03:25:14.490 [FXGL Background Thread 3 ] DEBUG Engine               - appIcon: fxgl_icon.png
03:25:14.490 [FXGL Background Thread 3 ] DEBUG Engine               - applicationMode: DEVELOPER
03:25:14.490 [FXGL Background Thread 3 ] DEBUG Engine               - cSSList: [fxgl_dark.css]
03:25:14.490 [FXGL Background Thread 3 ] DEBUG Engine               - collisionDetectionStrategy: BRUTE_FORCE
03:25:14.490 [FXGL Background Thread 3 ] DEBUG Engine               - configClass: Optional.empty
03:25:14.490 [FXGL Background Thread 3 ] DEBUG Engine               - credits: []
03:25:14.491 [FXGL Background Thread 3 ] DEBUG Engine               - defaultCursor: CursorInfo(imageName=fxgl_default_cursor.png, hotspotX=7.0, hotspotY=6.0)
03:25:14.491 [FXGL Background Thread 3 ] DEBUG Engine               - devBBoxColorProperty: ObjectProperty [value: 0xff0000ff]
03:25:14.491 [FXGL Background Thread 3 ] DEBUG Engine               - devEnableDebugCameraProperty: BooleanProperty [value: false]
03:25:14.491 [FXGL Background Thread 3 ] DEBUG Engine               - devSensorColorProperty: ObjectProperty [value: 0xffff00ff]
03:25:14.491 [FXGL Background Thread 3 ] DEBUG Engine               - devShowBBoxProperty: BooleanProperty [value: false]
03:25:14.491 [FXGL Background Thread 3 ] DEBUG Engine               - devShowPositionProperty: BooleanProperty [value: false]
03:25:14.491 [FXGL Background Thread 3 ] DEBUG Engine               - enabledMenuItems: []
03:25:14.491 [FXGL Background Thread 3 ] DEBUG Engine               - engineServices: [class com.almasb.fxgl.app.services.FXGLAssetLoaderService, class com.almasb.fxgl.app.FXGLApplication$GameApplicationService, class com.almasb.fxgl.app.services.FXGLDialogService, class com.almasb.fxgl.app.services.IOTaskExecutorService, class com.almasb.fxgl.io.FileSystemService, class com.almasb.fxgl.localization.LocalizationService, class com.almasb.fxgl.app.services.SystemBundleService, class com.almasb.fxgl.profile.SaveLoadService, class com.almasb.fxgl.ui.FXGLUIFactoryServiceProvider, class com.almasb.fxgl.ui.FXGLDialogFactoryServiceProvider, class com.almasb.fxgl.audio.AudioPlayer, class com.almasb.fxgl.notification.impl.NotificationServiceProvider, class com.almasb.fxgl.achievement.AchievementService, class com.almasb.fxgl.cutscene.CutsceneService, class com.almasb.fxgl.minigames.MiniGameService, class com.almasb.fxgl.net.NetService, class com.almasb.fxgl.app.services.UpdaterService, class com.almasb.fxgl.dev.DevService]
03:25:14.491 [FXGL Background Thread 3 ] DEBUG Engine               - fontGame: Abel-Regular.ttf
03:25:14.491 [FXGL Background Thread 3 ] DEBUG Engine               - fontMono: TerminalLandMono-Regular.otf
03:25:14.491 [FXGL Background Thread 3 ] DEBUG Engine               - fontSizeScaleUI: 1.0
03:25:14.491 [FXGL Background Thread 3 ] DEBUG Engine               - fontText: Courier-Prime.ttf
03:25:14.491 [FXGL Background Thread 3 ] DEBUG Engine               - fontUI: VarelaRound-Regular.ttf
03:25:14.491 [FXGL Background Thread 3 ] DEBUG Engine               - fullScreen: BooleanProperty [value: true]
03:25:14.491 [FXGL Background Thread 3 ] DEBUG Engine               - gameDifficulty: MEDIUM
03:25:14.491 [FXGL Background Thread 3 ] DEBUG Engine               - gameDifficultyProperty: ObjectProperty [value: MEDIUM]
03:25:14.491 [FXGL Background Thread 3 ] DEBUG Engine               - globalMusicVolume: 0.5
03:25:14.491 [FXGL Background Thread 3 ] DEBUG Engine               - globalMusicVolumeProperty: DoubleProperty [value: 0.5]
03:25:14.491 [FXGL Background Thread 3 ] DEBUG Engine               - globalSoundVolume: 0.5
03:25:14.491 [FXGL Background Thread 3 ] DEBUG Engine               - globalSoundVolumeProperty: DoubleProperty [value: 0.5]
03:25:14.491 [FXGL Background Thread 3 ] DEBUG Engine               - height: 720
03:25:14.491 [FXGL Background Thread 3 ] DEBUG Engine               - is3D: false
03:25:14.491 [FXGL Background Thread 3 ] DEBUG Engine               - isAndroid: false
03:25:14.491 [FXGL Background Thread 3 ] DEBUG Engine               - isBrowser: false
03:25:14.491 [FXGL Background Thread 3 ] DEBUG Engine               - isClickFeedbackEnabled: false
03:25:14.491 [FXGL Background Thread 3 ] DEBUG Engine               - isCloseConfirmation: false
03:25:14.491 [FXGL Background Thread 3 ] DEBUG Engine               - isDesktop: true
03:25:14.491 [FXGL Background Thread 3 ] DEBUG Engine               - isDeveloperMenuEnabled: true
03:25:14.491 [FXGL Background Thread 3 ] DEBUG Engine               - isEmbedded: false
03:25:14.491 [FXGL Background Thread 3 ] DEBUG Engine               - isEntityPreloadEnabled: true
03:25:14.492 [FXGL Background Thread 3 ] DEBUG Engine               - isExperimentalTiledLargeMap: false
03:25:14.492 [FXGL Background Thread 3 ] DEBUG Engine               - isFileSystemWriteAllowed: true
03:25:14.492 [FXGL Background Thread 3 ] DEBUG Engine               - isFullScreenAllowed: true
03:25:14.492 [FXGL Background Thread 3 ] DEBUG Engine               - isFullScreenFromStart: true
03:25:14.492 [FXGL Background Thread 3 ] DEBUG Engine               - isGameMenuEnabled: true
03:25:14.492 [FXGL Background Thread 3 ] DEBUG Engine               - isIOS: false
03:25:14.492 [FXGL Background Thread 3 ] DEBUG Engine               - isIntroEnabled: false
03:25:14.492 [FXGL Background Thread 3 ] DEBUG Engine               - isLinux: false
03:25:14.492 [FXGL Background Thread 3 ] DEBUG Engine               - isMac: false
03:25:14.492 [FXGL Background Thread 3 ] DEBUG Engine               - isMainMenuEnabled: false
03:25:14.492 [FXGL Background Thread 3 ] DEBUG Engine               - isManualResizeEnabled: false
03:25:14.492 [FXGL Background Thread 3 ] DEBUG Engine               - isMobile: false
03:25:14.492 [FXGL Background Thread 3 ] DEBUG Engine               - isNative: false
03:25:14.492 [FXGL Background Thread 3 ] DEBUG Engine               - isPauseMusicWhenMinimized: true
03:25:14.492 [FXGL Background Thread 3 ] DEBUG Engine               - isPreserveResizeRatio: false
03:25:14.492 [FXGL Background Thread 3 ] DEBUG Engine               - isProfilingEnabled: false
03:25:14.492 [FXGL Background Thread 3 ] DEBUG Engine               - isScaleAffectedOnResize: true
03:25:14.492 [FXGL Background Thread 3 ] DEBUG Engine               - isSingleStep: false
03:25:14.492 [FXGL Background Thread 3 ] DEBUG Engine               - isUserProfileEnabled: false
03:25:14.492 [FXGL Background Thread 3 ] DEBUG Engine               - isWindows: true
03:25:14.492 [FXGL Background Thread 3 ] DEBUG Engine               - language: ObjectProperty [value: ENGLISH]
03:25:14.492 [FXGL Background Thread 3 ] DEBUG Engine               - menuKey: ESCAPE
03:25:14.492 [FXGL Background Thread 3 ] DEBUG Engine               - mouseSensitivity: 0.2
03:25:14.492 [FXGL Background Thread 3 ] DEBUG Engine               - notificationViewClass: class com.almasb.fxgl.notification.view.XboxNotificationView
03:25:14.492 [FXGL Background Thread 3 ] DEBUG Engine               - pixelsPerMeter: 50.0
03:25:14.492 [FXGL Background Thread 3 ] DEBUG Engine               - platform: WINDOWS
03:25:14.492 [FXGL Background Thread 3 ] DEBUG Engine               - prefHeightProperty: ReadOnlyDoubleProperty [value: 720.0]
03:25:14.492 [FXGL Background Thread 3 ] DEBUG Engine               - prefWidthProperty: ReadOnlyDoubleProperty [value: 1280.0]
03:25:14.492 [FXGL Background Thread 3 ] DEBUG Engine               - profileDir: profiles/
03:25:14.492 [FXGL Background Thread 3 ] DEBUG Engine               - profileName: StringProperty [value: DEFAULT]
03:25:14.492 [FXGL Background Thread 3 ] DEBUG Engine               - randomSeed: -1
03:25:14.492 [FXGL Background Thread 3 ] DEBUG Engine               - runtimeInfo: RuntimeInfo(platform=WINDOWS, version=21.1, build=27.03.2024 07.52)
03:25:14.492 [FXGL Background Thread 3 ] DEBUG Engine               - saveFileExt: sav
03:25:14.492 [FXGL Background Thread 3 ] DEBUG Engine               - scaledHeightProp$fxgl: DoubleProperty [bound, value: 864.0]
03:25:14.492 [FXGL Background Thread 3 ] DEBUG Engine               - scaledWidthProp$fxgl: DoubleProperty [bound, value: 1536.0]
03:25:14.492 [FXGL Background Thread 3 ] DEBUG Engine               - sceneFactory: com.almasb.fxgl.app.scene.SceneFactory@2fadea14
03:25:14.492 [FXGL Background Thread 3 ] DEBUG Engine               - secondsIn24h: 60
03:25:14.492 [FXGL Background Thread 3 ] DEBUG Engine               - soundMenuBack: menu/back.wav
03:25:14.494 [FXGL Background Thread 3 ] DEBUG Engine               - soundMenuPress: menu/press.wav
03:25:14.494 [FXGL Background Thread 3 ] DEBUG Engine               - soundMenuSelect: menu/select.wav
03:25:14.494 [FXGL Background Thread 3 ] DEBUG Engine               - soundNotification: core/notification.wav
03:25:14.494 [FXGL Background Thread 3 ] DEBUG Engine               - stageStyle: DECORATED
03:25:14.494 [FXGL Background Thread 3 ] DEBUG Engine               - supportedLanguages: [ENGLISH, FRENCH, GERMAN, HUNGARIAN, RUSSIAN]
03:25:14.494 [FXGL Background Thread 3 ] DEBUG Engine               - ticksPerSecond: -1
03:25:14.494 [FXGL Background Thread 3 ] DEBUG Engine               - title: Final Journey
03:25:14.494 [FXGL Background Thread 3 ] DEBUG Engine               - urlGithub: https://github.com/AlmasB/FXGL
03:25:14.494 [FXGL Background Thread 3 ] DEBUG Engine               - urlLeaderboard: http://fxgl-top.herokuapp.com/
03:25:14.494 [FXGL Background Thread 3 ] DEBUG Engine               - urlPOM: https://raw.githubusercontent.com/AlmasB/FXGL/release/README.md
03:25:14.494 [FXGL Background Thread 3 ] DEBUG Engine               - userAppClass: class com.project.App
03:25:14.494 [FXGL Background Thread 3 ] DEBUG Engine               - version: Alpha
03:25:14.494 [FXGL Background Thread 3 ] DEBUG Engine               - versionCheckDays: 7
03:25:14.494 [FXGL Background Thread 3 ] DEBUG Engine               - width: 1280
03:25:14.494 [FXGL Background Thread 3 ] DEBUG Engine               - Logging services
03:25:14.494 [FXGL Background Thread 3 ] DEBUG Engine               - class com.almasb.fxgl.app.services.FXGLAssetLoaderService
03:25:14.494 [FXGL Background Thread 3 ] DEBUG Engine               - class com.almasb.fxgl.app.FXGLApplication$GameApplicationService
03:25:14.494 [FXGL Background Thread 3 ] DEBUG Engine               - class com.almasb.fxgl.app.services.FXGLDialogService
03:25:14.494 [FXGL Background Thread 3 ] DEBUG Engine               - class com.almasb.fxgl.app.services.IOTaskExecutorService
03:25:14.494 [FXGL Background Thread 3 ] DEBUG Engine               - class com.almasb.fxgl.io.FileSystemService
03:25:14.494 [FXGL Background Thread 3 ] DEBUG Engine               - class com.almasb.fxgl.localization.LocalizationService
03:25:14.494 [FXGL Background Thread 3 ] DEBUG Engine               - class com.almasb.fxgl.app.services.SystemBundleService
03:25:14.494 [FXGL Background Thread 3 ] DEBUG Engine               - class com.almasb.fxgl.profile.SaveLoadService
03:25:14.494 [FXGL Background Thread 3 ] DEBUG Engine               - class com.almasb.fxgl.ui.FXGLUIFactoryServiceProvider
03:25:14.494 [FXGL Background Thread 3 ] DEBUG Engine               - class com.almasb.fxgl.ui.FXGLDialogFactoryServiceProvider
03:25:14.494 [FXGL Background Thread 3 ] DEBUG Engine               - class com.almasb.fxgl.audio.AudioPlayer
03:25:14.494 [FXGL Background Thread 3 ] DEBUG Engine               - class com.almasb.fxgl.notification.impl.NotificationServiceProvider
03:25:14.494 [FXGL Background Thread 3 ] DEBUG Engine               - class com.almasb.fxgl.achievement.AchievementService
03:25:14.494 [FXGL Background Thread 3 ] DEBUG Engine               - class com.almasb.fxgl.cutscene.CutsceneService
03:25:14.494 [FXGL Background Thread 3 ] DEBUG Engine               - class com.almasb.fxgl.minigames.MiniGameService
03:25:14.494 [FXGL Background Thread 3 ] DEBUG Engine               - class com.almasb.fxgl.net.NetService
03:25:14.494 [FXGL Background Thread 3 ] DEBUG Engine               - class com.almasb.fxgl.app.services.UpdaterService
03:25:14.494 [FXGL Background Thread 3 ] DEBUG Engine               - class com.almasb.fxgl.dev.DevService
03:25:20.921 [JavaFX Application Thread] DEBUG PrimaryStageWindow   - Pop state: CutsceneScene
03:25:20.921 [JavaFX Application Thread] DEBUG Input                - Clearing active input actions
03:25:20.921 [JavaFX Application Thread] DEBUG GameApplicationServi - Removing overlay from CutsceneScene and adding to GameScene
03:25:20.923 [JavaFX Application Thread] DEBUG PrimaryStageWindow   - GameScene <- CutsceneScene
03:25:22.847 [JavaFX Application Thread] DEBUG PrimaryStageWindow   - Push state: FXGLDefaultMenu
03:25:22.848 [JavaFX Application Thread] DEBUG Input                - Clearing active input actions
03:25:22.849 [JavaFX Application Thread] DEBUG GameApplicationServi - Removing overlay from GameScene and adding to FXGLDefaultMenu
03:25:22.852 [JavaFX Application Thread] DEBUG PrimaryStageWindow   - GameScene -> FXGLDefaultMenu
03:25:23.882 [JavaFX Application Thread] DEBUG Menu                 - fireExit()
03:25:23.883 [JavaFX Application Thread] DEBUG PrimaryStageWindow   - Push state: DialogSubScene
03:25:23.883 [JavaFX Application Thread] DEBUG Input                - Clearing active input actions
03:25:23.883 [JavaFX Application Thread] DEBUG GameApplicationServi - Removing overlay from FXGLDefaultMenu and adding to DialogSubScene
03:25:23.883 [JavaFX Application Thread] DEBUG PrimaryStageWindow   - FXGLDefaultMenu -> DialogSubScene
03:25:24.498 [JavaFX Application Thread] DEBUG PrimaryStageWindow   - Pop state: DialogSubScene
03:25:24.499 [JavaFX Application Thread] DEBUG Input                - Clearing active input actions
03:25:24.499 [JavaFX Application Thread] DEBUG GameApplicationServi - Removing overlay from DialogSubScene and adding to FXGLDefaultMenu
03:25:24.499 [JavaFX Application Thread] DEBUG PrimaryStageWindow   - FXGLDefaultMenu <- DialogSubScene
03:25:24.499 [JavaFX Application Thread] DEBUG FXGLApplication      - Exiting FXGL
03:25:24.500 [JavaFX Application Thread] DEBUG LoopRunner           - Stopping loop
03:25:24.500 [JavaFX Application Thread] DEBUG SystemBundleService  - Saving FXGL system data
03:25:24.501 [JavaFX Application Thread] DEBUG FileSystemAccess     - Writing to: C:\Users\nitro\Desktop\ProjectFun2\myproject\myproject\system\fxgl.bundle
03:25:24.503 [JavaFX Application Thread] DEBUG Async                - Shutting down background threads
03:25:24.503 [JavaFX Application Thread] DEBUG PrimaryStageWindow   - Closing main window
03:25:24.519 [JavaFX Application Thread] DEBUG Logger               - Closing Logger
