03:36:46.794 [main                     ] DEBUG Logger               - Configured Logger
03:36:46.813 [main                     ] DEBUG GameApplication      - Logging settings
Title: Final Journey
Version: Alpha
Width: 1280
Height: 720
Fullscreen: true
Intro: false
Profiling: false
Single step:false
App Mode: DEVELOPER
Menu Key: ESCAPE
Stage Style: DECORATED
Scene Factory: class com.almasb.fxgl.app.scene.SceneFactory

03:36:47.175 [JavaFX Application Thread] DEBUG FXGLApplication      - Initializing FXGL
03:36:47.178 [JavaFX Application Thread] INFO  Engine               - FXGL-21.1 (27.03.2024 07.52) on WINDOWS (J:21.0.6 FX:21.0.1)
03:36:47.179 [JavaFX Application Thread] DEBUG Engine               - JRE Vendor Name: Eclipse Adoptium
03:36:47.179 [JavaFX Application Thread] DEBUG Engine               - Running on OS: Windows 11 version 10.0
03:36:47.179 [JavaFX Application Thread] DEBUG Engine               - Architecture: amd64
03:36:47.179 [JavaFX Application Thread] INFO  Engine               - Source code and latest versions at: https://github.com/AlmasB/FXGL
03:36:47.179 [JavaFX Application Thread] INFO  Engine               -       Ask questions and discuss at: https://github.com/AlmasB/FXGL/discussions
03:36:47.180 [JavaFX Application Thread] INFO  Engine               -              Join the FXGL chat at: https://gitter.im/AlmasB/FXGL
03:36:47.264 [JavaFX Application Thread] DEBUG PrimaryStageWindow   - Creating a JavaFX scene
03:36:47.305 [JavaFX Application Thread] DEBUG PrimaryStageWindow   - Target settings size: 1280.0 x 720.0
03:36:47.306 [JavaFX Application Thread] DEBUG PrimaryStageWindow   - Scaled scene size:    1280.0 x 720.0
03:36:47.306 [JavaFX Application Thread] DEBUG PrimaryStageWindow   - Scaled ratio: (1.0, 1.0)
03:36:47.307 [JavaFX Application Thread] DEBUG PrimaryStageWindow   - Set initial scene to FXGLStartupScene
03:36:47.310 [JavaFX Application Thread] DEBUG PrimaryStageWindow   - Opening main window
03:36:47.387 [JavaFX Application Thread] DEBUG PrimaryStageWindow   - Window border size: (14.4000244140625, 37.5999755859375)
03:36:47.387 [JavaFX Application Thread] DEBUG PrimaryStageWindow   - Scaled size: 1280.0 x 720.0
03:36:47.388 [JavaFX Application Thread] DEBUG PrimaryStageWindow   - Scaled ratio: (1.0, 1.0)
03:36:47.388 [JavaFX Application Thread] DEBUG PrimaryStageWindow   - Scene size: 1280.0 x 720.0
03:36:47.388 [JavaFX Application Thread] DEBUG PrimaryStageWindow   - Stage size: 1294.4000244140625 x 757.5999755859375
03:36:47.456 [JavaFX Application Thread] DEBUG PrimaryStageWindow   - Going fullscreen
03:36:47.464 [FXGL Background Thread 1 ] DEBUG Engine               - Initializing environment variables
03:36:47.504 [FXGL Background Thread 1 ] DEBUG FXGLAssetLoaderServi - User app class for loading assets: class com.project.App
03:36:47.504 [FXGL Background Thread 1 ] DEBUG GameApplicationServi - Applying CSS: fxgl_dark.css
03:36:47.505 [FXGL Background Thread 1 ] DEBUG FXGLAssetLoaderServi - Loading from file system: jar:file:/C:/Users/frank/.m2/repository/com/github/almasb/fxgl/21.1/fxgl-21.1.jar!/fxglassets/ui/css/fxgl_dark.css
03:36:47.534 [FXGL Background Thread 1 ] DEBUG GameApplicationServi - Initializing application scenes
03:36:47.586 [FXGL Background Thread 1 ] DEBUG GameWorld            - Game world initialized
03:36:47.636 [FXGL Background Thread 1 ] DEBUG PhysicsWorld         - Physics world initialized: appHeight=720, physics.ppm=50.0
03:36:47.636 [FXGL Background Thread 1 ] DEBUG PhysicsWorld         - Using strategy: BRUTE_FORCE
03:36:47.640 [FXGL Background Thread 1 ] DEBUG GameScene            - Game scene initialized: 1280x720
03:36:47.649 [FXGL Background Thread 1 ] DEBUG FXGL.DefaultMenu     - createMenuBodyGameMenu()
03:36:47.661 [FXGL Background Thread 1 ] DEBUG FXGL.DefaultMenu     - createOptionsMenu()
03:36:47.669 [FXGL Background Thread 1 ] DEBUG FXGLAssetLoaderServi - Loading from file system: jar:file:/C:/Users/frank/.m2/repository/com/github/almasb/fxgl/21.1/fxgl-21.1.jar!/fxglassets/textures/particles/smoke.png
03:36:47.763 [FXGL Background Thread 1 ] DEBUG FXGLAssetLoaderServi - Loading from file system: jar:file:/C:/Users/frank/.m2/repository/com/github/almasb/fxgl/21.1/fxgl-21.1.jar!/fxglassets/textures/particles/trace_horizontal.png
03:36:47.783 [FXGL Background Thread 1 ] DEBUG GameApplicationServi - Application scenes initialized
03:36:47.793 [FXGL Background Thread 1 ] DEBUG SystemBundleService  - Loading FXGL system data
03:36:47.797 [FXGL Background Thread 1 ] DEBUG FileSystemAccess     - Reading from: C:\Users\frank\Desktop\ProjectFun\myproject\myproject\system\fxgl.bundle
03:36:47.804 [FXGL Background Thread 1 ] DEBUG SystemBundleService  - Bundle FXGL: {}
03:36:47.804 [FXGL Background Thread 1 ] DEBUG UpdaterService       - Checking for updates
03:36:47.827 [FXGL Background Thread 4 ] DEBUG FXGLApplication      - Loading fonts
03:36:47.828 [FXGL Background Thread 4 ] DEBUG FXGLAssetLoaderServi - Loading from file system: jar:file:/C:/Users/frank/.m2/repository/com/github/almasb/fxgl/21.1/fxgl-21.1.jar!/fxglassets/ui/fonts/VarelaRound-Regular.ttf
03:36:47.828 [FXGL Background Thread 1 ] DEBUG FXGLApplication      - Loading default localization
03:36:47.828 [FXGL Background Thread 1 ] DEBUG FXGLAssetLoaderServi - Loading from file system: jar:file:/C:/Users/frank/.m2/repository/com/github/almasb/fxgl/21.1/fxgl-21.1.jar!/fxglassets/languages/english.lang
03:36:47.852 [FXGL Background Thread 1 ] INFO  FXGLApplication      - FXGL initialization took: 0.389 sec
03:36:47.862 [FXGL Background Thread 4 ] DEBUG FXGLAssetLoaderServi - Loading from file system: jar:file:/C:/Users/frank/.m2/repository/com/github/almasb/fxgl/21.1/fxgl-21.1.jar!/fxglassets/ui/fonts/Abel-Regular.ttf
03:36:47.865 [JavaFX Application Thread] DEBUG Input                - Registered new binding: Right - D
03:36:47.865 [FXGL Background Thread 4 ] DEBUG FXGLAssetLoaderServi - Loading from file system: jar:file:/C:/Users/frank/.m2/repository/com/github/almasb/fxgl/21.1/fxgl-21.1.jar!/fxglassets/ui/fonts/TerminalLandMono-Regular.otf
03:36:47.865 [JavaFX Application Thread] DEBUG Input                - Registered new binding: Left - A
03:36:47.865 [JavaFX Application Thread] DEBUG Input                - Registered new binding: Up - W
03:36:47.866 [JavaFX Application Thread] DEBUG Input                - Registered new binding: Down - S
03:36:47.866 [JavaFX Application Thread] DEBUG Input                - Registered new binding: Interact - E
03:36:47.867 [JavaFX Application Thread] DEBUG FXGLAssetLoaderServi - Loading from file system: jar:file:/C:/Users/frank/.m2/repository/com/github/almasb/fxgl/21.1/fxgl-21.1.jar!/fxglassets/textures/fxgl_icon.png
03:36:47.869 [FXGL Background Thread 4 ] DEBUG FXGLAssetLoaderServi - Loading from file system: jar:file:/C:/Users/frank/.m2/repository/com/github/almasb/fxgl/21.1/fxgl-21.1.jar!/fxglassets/ui/fonts/Courier-Prime.ttf
03:36:47.892 [JavaFX Application Thread] DEBUG FXGLAssetLoaderServi - Loading from file system: jar:file:/C:/Users/frank/.m2/repository/com/github/almasb/fxgl/21.1/fxgl-21.1.jar!/fxglassets/textures/fxgl_default_cursor.png
03:36:47.896 [JavaFX Application Thread] DEBUG Input                - Registered new binding: Screenshot - CTRL+8
03:36:47.897 [JavaFX Application Thread] DEBUG Input                - Registered new binding: Dev Options - 1
03:36:47.897 [JavaFX Application Thread] DEBUG Input                - Registered new binding: Dev Console - 2
03:36:47.898 [JavaFX Application Thread] DEBUG Input                - Registered new binding: System info dump - CTRL+9
03:36:47.899 [JavaFX Application Thread] DEBUG Input                - Registered new binding: Restart - CTRL+R
03:36:47.900 [JavaFX Application Thread] DEBUG Input                - Registered new binding: Toggle Debug Camera - CTRL+7
03:36:47.907 [JavaFX Application Thread] DEBUG LoopRunner           - Starting loop
03:36:47.940 [JavaFX Application Thread] DEBUG LoopRunner           - Initializing JavaFX AnimationTimerLoop
03:36:47.941 [JavaFX Application Thread] DEBUG GameApplicationServi - Starting new game
03:36:47.941 [JavaFX Application Thread] DEBUG Input                - Clearing active input actions
03:36:47.952 [JavaFX Application Thread] DEBUG GameApplicationServi - Removing overlay from FXGLStartupScene and adding to FXGLLoadingScene
03:36:47.961 [JavaFX Application Thread] DEBUG PrimaryStageWindow   - FXGLStartupScene -> FXGLLoadingScene
03:36:47.961 [JavaFX Application Thread] DEBUG GameApplicationServi - Clearing previous game
03:36:47.961 [JavaFX Application Thread] DEBUG GameScene            - Clearing game scene
03:36:47.961 [JavaFX Application Thread] DEBUG GameWorld            - Clearing game world
03:36:47.961 [JavaFX Application Thread] DEBUG PhysicsWorld         - Clearing physics world
03:36:47.962 [FXGL Background Thread 4 ] DEBUG FXGLApplication      - Initializing game
03:36:48.168 [JavaFX Application Thread] DEBUG LoopRunner           - Stopping loop
03:36:48.172 [JavaFX Application Thread] FATAL FXGLApplication      - Uncaught Exception:
java.lang.RuntimeException: Initialization failed
	at com.almasb.fxgl.app.FXGLApplication$InitAppTask.failed(FXGLApplication.kt:347)
	at javafx.concurrent.Task.setState(Task.java:710)
	at javafx.concurrent.Task$TaskCallable.lambda$call$2(Task.java:1429)
	at com.sun.javafx.application.PlatformImpl.lambda$runLater$10(PlatformImpl.java:456)
	at java.base/java.security.AccessController.doPrivileged(AccessController.java:400)
	at com.sun.javafx.application.PlatformImpl.lambda$runLater$11(PlatformImpl.java:455)
	at com.sun.glass.ui.InvokeLaterDispatcher$Future.run(InvokeLaterDispatcher.java:95)
	at com.sun.glass.ui.win.WinApplication._runLoop(Native Method)
	at com.sun.glass.ui.win.WinApplication.lambda$runLoop$3(WinApplication.java:185)
	at java.base/java.lang.Thread.run(Thread.java:1583)
Caused by: java.lang.NullPointerException: Cannot invoke "com.almasb.fxgl.entity.Entity.getX()" because "this.player" is null
	at com.project.App.initGame(App.java:113)
	at com.almasb.fxgl.app.FXGLApplication$InitAppTask.initGame(FXGLApplication.kt:343)
	at com.almasb.fxgl.app.FXGLApplication$InitAppTask.call(FXGLApplication.kt:321)
	at com.almasb.fxgl.app.FXGLApplication$InitAppTask.call(FXGLApplication.kt:313)
	at javafx.concurrent.Task$TaskCallable.call(Task.java:1399)
	at java.base/java.util.concurrent.FutureTask.run(FutureTask.java:317)
	at java.base/java.util.concurrent.Executors$RunnableAdapter.call(Executors.java:572)
	at java.base/java.util.concurrent.FutureTask.run(FutureTask.java:317)
	at java.base/java.util.concurrent.ThreadPoolExecutor.runWorker(ThreadPoolExecutor.java:1144)
	at java.base/java.util.concurrent.ThreadPoolExecutor$Worker.run(ThreadPoolExecutor.java:642)
	... 1 more

03:36:48.172 [JavaFX Application Thread] FATAL FXGLApplication      - Application will now exit
03:36:48.180 [JavaFX Application Thread] DEBUG PrimaryStageWindow   - Push state: ErrorSubScene
03:36:48.181 [JavaFX Application Thread] DEBUG Input                - Clearing active input actions
03:36:48.182 [JavaFX Application Thread] DEBUG GameApplicationServi - Removing overlay from FXGLLoadingScene and adding to ErrorSubScene
03:36:48.183 [JavaFX Application Thread] DEBUG PrimaryStageWindow   - FXGLLoadingScene -> ErrorSubScene
03:36:50.828 [FXGL Background Thread 3 ] DEBUG Engine               - Logging environment variables
03:36:50.828 [FXGL Background Thread 3 ] DEBUG Engine               - achievements: []
03:36:50.829 [FXGL Background Thread 3 ] DEBUG Engine               - actualHeight: 864.0
03:36:50.829 [FXGL Background Thread 3 ] DEBUG Engine               - actualHeightProperty: ReadOnlyDoubleProperty [value: 864.0]
03:36:50.829 [FXGL Background Thread 3 ] DEBUG Engine               - actualWidth: 1536.0
03:36:50.829 [FXGL Background Thread 3 ] DEBUG Engine               - actualWidthProperty: ReadOnlyDoubleProperty [value: 1536.0]
03:36:50.829 [FXGL Background Thread 3 ] DEBUG Engine               - appIcon: fxgl_icon.png
03:36:50.829 [FXGL Background Thread 3 ] DEBUG Engine               - applicationMode: DEVELOPER
03:36:50.829 [FXGL Background Thread 3 ] DEBUG Engine               - cSSList: [fxgl_dark.css]
03:36:50.830 [FXGL Background Thread 3 ] DEBUG Engine               - collisionDetectionStrategy: BRUTE_FORCE
03:36:50.830 [FXGL Background Thread 3 ] DEBUG Engine               - configClass: Optional.empty
03:36:50.830 [FXGL Background Thread 3 ] DEBUG Engine               - credits: []
03:36:50.830 [FXGL Background Thread 3 ] DEBUG Engine               - defaultCursor: CursorInfo(imageName=fxgl_default_cursor.png, hotspotX=7.0, hotspotY=6.0)
03:36:50.830 [FXGL Background Thread 3 ] DEBUG Engine               - devBBoxColorProperty: ObjectProperty [value: 0xff0000ff]
03:36:50.830 [FXGL Background Thread 3 ] DEBUG Engine               - devEnableDebugCameraProperty: BooleanProperty [value: false]
03:36:50.830 [FXGL Background Thread 3 ] DEBUG Engine               - devSensorColorProperty: ObjectProperty [value: 0xffff00ff]
03:36:50.830 [FXGL Background Thread 3 ] DEBUG Engine               - devShowBBoxProperty: BooleanProperty [value: false]
03:36:50.830 [FXGL Background Thread 3 ] DEBUG Engine               - devShowPositionProperty: BooleanProperty [value: false]
03:36:50.830 [FXGL Background Thread 3 ] DEBUG Engine               - enabledMenuItems: []
03:36:50.831 [FXGL Background Thread 3 ] DEBUG Engine               - engineServices: [class com.almasb.fxgl.app.services.FXGLAssetLoaderService, class com.almasb.fxgl.app.FXGLApplication$GameApplicationService, class com.almasb.fxgl.app.services.FXGLDialogService, class com.almasb.fxgl.app.services.IOTaskExecutorService, class com.almasb.fxgl.io.FileSystemService, class com.almasb.fxgl.localization.LocalizationService, class com.almasb.fxgl.app.services.SystemBundleService, class com.almasb.fxgl.profile.SaveLoadService, class com.almasb.fxgl.ui.FXGLUIFactoryServiceProvider, class com.almasb.fxgl.ui.FXGLDialogFactoryServiceProvider, class com.almasb.fxgl.audio.AudioPlayer, class com.almasb.fxgl.notification.impl.NotificationServiceProvider, class com.almasb.fxgl.achievement.AchievementService, class com.almasb.fxgl.cutscene.CutsceneService, class com.almasb.fxgl.minigames.MiniGameService, class com.almasb.fxgl.net.NetService, class com.almasb.fxgl.app.services.UpdaterService, class com.almasb.fxgl.dev.DevService]
03:36:50.831 [FXGL Background Thread 3 ] DEBUG Engine               - fontGame: Abel-Regular.ttf
03:36:50.831 [FXGL Background Thread 3 ] DEBUG Engine               - fontMono: TerminalLandMono-Regular.otf
03:36:50.831 [FXGL Background Thread 3 ] DEBUG Engine               - fontSizeScaleUI: 1.0
03:36:50.831 [FXGL Background Thread 3 ] DEBUG Engine               - fontText: Courier-Prime.ttf
03:36:50.831 [FXGL Background Thread 3 ] DEBUG Engine               - fontUI: VarelaRound-Regular.ttf
03:36:50.831 [FXGL Background Thread 3 ] DEBUG Engine               - fullScreen: BooleanProperty [value: true]
03:36:50.831 [FXGL Background Thread 3 ] DEBUG Engine               - gameDifficulty: MEDIUM
03:36:50.831 [FXGL Background Thread 3 ] DEBUG Engine               - gameDifficultyProperty: ObjectProperty [value: MEDIUM]
03:36:50.832 [FXGL Background Thread 3 ] DEBUG Engine               - globalMusicVolume: 0.5
03:36:50.832 [FXGL Background Thread 3 ] DEBUG Engine               - globalMusicVolumeProperty: DoubleProperty [value: 0.5]
03:36:50.833 [FXGL Background Thread 3 ] DEBUG Engine               - globalSoundVolume: 0.5
03:36:50.833 [FXGL Background Thread 3 ] DEBUG Engine               - globalSoundVolumeProperty: DoubleProperty [value: 0.5]
03:36:50.833 [FXGL Background Thread 3 ] DEBUG Engine               - height: 720
03:36:50.833 [FXGL Background Thread 3 ] DEBUG Engine               - is3D: false
03:36:50.833 [FXGL Background Thread 3 ] DEBUG Engine               - isAndroid: false
03:36:50.833 [FXGL Background Thread 3 ] DEBUG Engine               - isBrowser: false
03:36:50.833 [FXGL Background Thread 3 ] DEBUG Engine               - isClickFeedbackEnabled: false
03:36:50.833 [FXGL Background Thread 3 ] DEBUG Engine               - isCloseConfirmation: false
03:36:50.833 [FXGL Background Thread 3 ] DEBUG Engine               - isDesktop: true
03:36:50.833 [FXGL Background Thread 3 ] DEBUG Engine               - isDeveloperMenuEnabled: true
03:36:50.833 [FXGL Background Thread 3 ] DEBUG Engine               - isEmbedded: false
03:36:50.833 [FXGL Background Thread 3 ] DEBUG Engine               - isEntityPreloadEnabled: true
03:36:50.833 [FXGL Background Thread 3 ] DEBUG Engine               - isExperimentalTiledLargeMap: false
03:36:50.833 [FXGL Background Thread 3 ] DEBUG Engine               - isFileSystemWriteAllowed: true
03:36:50.833 [FXGL Background Thread 3 ] DEBUG Engine               - isFullScreenAllowed: true
03:36:50.833 [FXGL Background Thread 3 ] DEBUG Engine               - isFullScreenFromStart: true
03:36:50.833 [FXGL Background Thread 3 ] DEBUG Engine               - isGameMenuEnabled: true
03:36:50.833 [FXGL Background Thread 3 ] DEBUG Engine               - isIOS: false
03:36:50.835 [FXGL Background Thread 3 ] DEBUG Engine               - isIntroEnabled: false
03:36:50.835 [FXGL Background Thread 3 ] DEBUG Engine               - isLinux: false
03:36:50.835 [FXGL Background Thread 3 ] DEBUG Engine               - isMac: false
03:36:50.835 [FXGL Background Thread 3 ] DEBUG Engine               - isMainMenuEnabled: false
03:36:50.835 [FXGL Background Thread 3 ] DEBUG Engine               - isManualResizeEnabled: false
03:36:50.835 [FXGL Background Thread 3 ] DEBUG Engine               - isMobile: false
03:36:50.835 [FXGL Background Thread 3 ] DEBUG Engine               - isNative: false
03:36:50.835 [FXGL Background Thread 3 ] DEBUG Engine               - isPauseMusicWhenMinimized: true
03:36:50.835 [FXGL Background Thread 3 ] DEBUG Engine               - isPreserveResizeRatio: false
03:36:50.835 [FXGL Background Thread 3 ] DEBUG Engine               - isProfilingEnabled: false
03:36:50.835 [FXGL Background Thread 3 ] DEBUG Engine               - isScaleAffectedOnResize: true
03:36:50.835 [FXGL Background Thread 3 ] DEBUG Engine               - isSingleStep: false
03:36:50.835 [FXGL Background Thread 3 ] DEBUG Engine               - isUserProfileEnabled: false
03:36:50.835 [FXGL Background Thread 3 ] DEBUG Engine               - isWindows: true
03:36:50.835 [FXGL Background Thread 3 ] DEBUG Engine               - language: ObjectProperty [value: ENGLISH]
03:36:50.835 [FXGL Background Thread 3 ] DEBUG Engine               - menuKey: ESCAPE
03:36:50.835 [FXGL Background Thread 3 ] DEBUG Engine               - mouseSensitivity: 0.2
03:36:50.835 [FXGL Background Thread 3 ] DEBUG Engine               - notificationViewClass: class com.almasb.fxgl.notification.view.XboxNotificationView
03:36:50.835 [FXGL Background Thread 3 ] DEBUG Engine               - pixelsPerMeter: 50.0
03:36:50.835 [FXGL Background Thread 3 ] DEBUG Engine               - platform: WINDOWS
03:36:50.835 [FXGL Background Thread 3 ] DEBUG Engine               - prefHeightProperty: ReadOnlyDoubleProperty [value: 720.0]
03:36:50.835 [FXGL Background Thread 3 ] DEBUG Engine               - prefWidthProperty: ReadOnlyDoubleProperty [value: 1280.0]
03:36:50.835 [FXGL Background Thread 3 ] DEBUG Engine               - profileDir: profiles/
03:36:50.835 [FXGL Background Thread 3 ] DEBUG Engine               - profileName: StringProperty [value: DEFAULT]
03:36:50.835 [FXGL Background Thread 3 ] DEBUG Engine               - randomSeed: -1
03:36:50.835 [FXGL Background Thread 3 ] DEBUG Engine               - runtimeInfo: RuntimeInfo(platform=WINDOWS, version=21.1, build=27.03.2024 07.52)
03:36:50.836 [FXGL Background Thread 3 ] DEBUG Engine               - saveFileExt: sav
03:36:50.836 [FXGL Background Thread 3 ] DEBUG Engine               - scaledHeightProp$fxgl: DoubleProperty [bound, value: 864.0]
03:36:50.836 [FXGL Background Thread 3 ] DEBUG Engine               - scaledWidthProp$fxgl: DoubleProperty [bound, value: 1536.0]
03:36:50.836 [FXGL Background Thread 3 ] DEBUG Engine               - sceneFactory: com.almasb.fxgl.app.scene.SceneFactory@376231d
03:36:50.836 [FXGL Background Thread 3 ] DEBUG Engine               - secondsIn24h: 60
03:36:50.836 [FXGL Background Thread 3 ] DEBUG Engine               - soundMenuBack: menu/back.wav
03:36:50.836 [FXGL Background Thread 3 ] DEBUG Engine               - soundMenuPress: menu/press.wav
03:36:50.836 [FXGL Background Thread 3 ] DEBUG Engine               - soundMenuSelect: menu/select.wav
03:36:50.836 [FXGL Background Thread 3 ] DEBUG Engine               - soundNotification: core/notification.wav
03:36:50.836 [FXGL Background Thread 3 ] DEBUG Engine               - stageStyle: DECORATED
03:36:50.836 [FXGL Background Thread 3 ] DEBUG Engine               - supportedLanguages: [ENGLISH, FRENCH, GERMAN, HUNGARIAN, RUSSIAN]
03:36:50.836 [FXGL Background Thread 3 ] DEBUG Engine               - ticksPerSecond: -1
03:36:50.836 [FXGL Background Thread 3 ] DEBUG Engine               - title: Final Journey
03:36:50.836 [FXGL Background Thread 3 ] DEBUG Engine               - urlGithub: https://github.com/AlmasB/FXGL
03:36:50.836 [FXGL Background Thread 3 ] DEBUG Engine               - urlLeaderboard: http://fxgl-top.herokuapp.com/
03:36:50.836 [FXGL Background Thread 3 ] DEBUG Engine               - urlPOM: https://raw.githubusercontent.com/AlmasB/FXGL/release/README.md
03:36:50.836 [FXGL Background Thread 3 ] DEBUG Engine               - userAppClass: class com.project.App
03:36:50.836 [FXGL Background Thread 3 ] DEBUG Engine               - version: Alpha
03:36:50.836 [FXGL Background Thread 3 ] DEBUG Engine               - versionCheckDays: 7
03:36:50.836 [FXGL Background Thread 3 ] DEBUG Engine               - width: 1280
03:36:50.836 [FXGL Background Thread 3 ] DEBUG Engine               - Logging services
03:36:50.836 [FXGL Background Thread 3 ] DEBUG Engine               - class com.almasb.fxgl.app.services.FXGLAssetLoaderService
03:36:50.836 [FXGL Background Thread 3 ] DEBUG Engine               - class com.almasb.fxgl.app.FXGLApplication$GameApplicationService
03:36:50.836 [FXGL Background Thread 3 ] DEBUG Engine               - class com.almasb.fxgl.app.services.FXGLDialogService
03:36:50.836 [FXGL Background Thread 3 ] DEBUG Engine               - class com.almasb.fxgl.app.services.IOTaskExecutorService
03:36:50.836 [FXGL Background Thread 3 ] DEBUG Engine               - class com.almasb.fxgl.io.FileSystemService
03:36:50.836 [FXGL Background Thread 3 ] DEBUG Engine               - class com.almasb.fxgl.localization.LocalizationService
03:36:50.836 [FXGL Background Thread 3 ] DEBUG Engine               - class com.almasb.fxgl.app.services.SystemBundleService
03:36:50.836 [FXGL Background Thread 3 ] DEBUG Engine               - class com.almasb.fxgl.profile.SaveLoadService
03:36:50.836 [FXGL Background Thread 3 ] DEBUG Engine               - class com.almasb.fxgl.ui.FXGLUIFactoryServiceProvider
03:36:50.836 [FXGL Background Thread 3 ] DEBUG Engine               - class com.almasb.fxgl.ui.FXGLDialogFactoryServiceProvider
03:36:50.836 [FXGL Background Thread 3 ] DEBUG Engine               - class com.almasb.fxgl.audio.AudioPlayer
03:36:50.836 [FXGL Background Thread 3 ] DEBUG Engine               - class com.almasb.fxgl.notification.impl.NotificationServiceProvider
03:36:50.836 [FXGL Background Thread 3 ] DEBUG Engine               - class com.almasb.fxgl.achievement.AchievementService
03:36:50.836 [FXGL Background Thread 3 ] DEBUG Engine               - class com.almasb.fxgl.cutscene.CutsceneService
03:36:50.836 [FXGL Background Thread 3 ] DEBUG Engine               - class com.almasb.fxgl.minigames.MiniGameService
03:36:50.836 [FXGL Background Thread 3 ] DEBUG Engine               - class com.almasb.fxgl.net.NetService
03:36:50.836 [FXGL Background Thread 3 ] DEBUG Engine               - class com.almasb.fxgl.app.services.UpdaterService
03:36:50.836 [FXGL Background Thread 3 ] DEBUG Engine               - class com.almasb.fxgl.dev.DevService
03:36:55.060 [JavaFX Application Thread] DEBUG FXGLApplication      - Exiting FXGL
03:36:55.060 [JavaFX Application Thread] DEBUG Async                - Shutting down background threads
03:36:55.060 [JavaFX Application Thread] DEBUG PrimaryStageWindow   - Closing main window
03:36:55.088 [JavaFX Application Thread] DEBUG Logger               - Closing Logger
