08:34:21.765 [main                     ] DEBUG Logger               - Configured Logger
08:34:21.782 [main                     ] DEBUG GameApplication      - Logging settings
Title: Final Journey
Version: Alpha
Width: 1280
Height: 720
Fullscreen: true
Intro: false
Profiling: false
Single step:false
App Mode: DEVELOPER
Menu Key: ESCAPE
Stage Style: DECORATED
Scene Factory: class com.almasb.fxgl.app.scene.SceneFactory

08:34:22.222 [JavaFX Application Thread] DEBUG FXGLApplication      - Initializing FXGL
08:34:22.225 [JavaFX Application Thread] INFO  Engine               - FXGL-21.1 (27.03.2024 07.52) on WINDOWS (J:21.0.5 FX:21.0.1)
08:34:22.226 [JavaFX Application Thread] DEBUG Engine               - JRE Vendor Name: Eclipse Adoptium
08:34:22.226 [JavaFX Application Thread] DEBUG Engine               - Running on OS: Windows 11 version 10.0
08:34:22.227 [JavaFX Application Thread] DEBUG Engine               - Architecture: amd64
08:34:22.227 [JavaFX Application Thread] INFO  Engine               - Source code and latest versions at: https://github.com/AlmasB/FXGL
08:34:22.227 [JavaFX Application Thread] INFO  Engine               -       Ask questions and discuss at: https://github.com/AlmasB/FXGL/discussions
08:34:22.228 [JavaFX Application Thread] INFO  Engine               -              Join the FXGL chat at: https://gitter.im/AlmasB/FXGL
08:34:22.325 [JavaFX Application Thread] DEBUG PrimaryStageWindow   - Creating a JavaFX scene
08:34:22.375 [JavaFX Application Thread] DEBUG PrimaryStageWindow   - Target settings size: 1280.0 x 720.0
08:34:22.375 [JavaFX Application Thread] DEBUG PrimaryStageWindow   - Scaled scene size:    1280.0 x 720.0
08:34:22.376 [JavaFX Application Thread] DEBUG PrimaryStageWindow   - Scaled ratio: (1.0, 1.0)
08:34:22.377 [JavaFX Application Thread] DEBUG PrimaryStageWindow   - Set initial scene to FXGLStartupScene
08:34:22.381 [JavaFX Application Thread] DEBUG PrimaryStageWindow   - Opening main window
08:34:22.484 [JavaFX Application Thread] DEBUG PrimaryStageWindow   - Window border size: (14.4000244140625, 37.5999755859375)
08:34:22.484 [JavaFX Application Thread] DEBUG PrimaryStageWindow   - Scaled size: 1280.0 x 720.0
08:34:22.485 [JavaFX Application Thread] DEBUG PrimaryStageWindow   - Scaled ratio: (1.0, 1.0)
08:34:22.485 [JavaFX Application Thread] DEBUG PrimaryStageWindow   - Scene size: 1280.0 x 720.0
08:34:22.485 [JavaFX Application Thread] DEBUG PrimaryStageWindow   - Stage size: 1294.4000244140625 x 757.5999755859375
08:34:22.547 [JavaFX Application Thread] DEBUG PrimaryStageWindow   - Going fullscreen
08:34:22.556 [FXGL Background Thread 1 ] DEBUG Engine               - Initializing environment variables
08:34:22.611 [FXGL Background Thread 1 ] DEBUG FXGLAssetLoaderServi - User app class for loading assets: class com.project.App
08:34:22.611 [FXGL Background Thread 1 ] DEBUG GameApplicationServi - Applying CSS: fxgl_dark.css
08:34:22.612 [FXGL Background Thread 1 ] DEBUG FXGLAssetLoaderServi - Loading from file system: jar:file:/C:/Users/Lenovo/.m2/repository/com/github/almasb/fxgl/21.1/fxgl-21.1.jar!/fxglassets/ui/css/fxgl_dark.css
08:34:22.647 [FXGL Background Thread 1 ] DEBUG GameApplicationServi - Initializing application scenes
08:34:22.689 [FXGL Background Thread 1 ] DEBUG GameWorld            - Game world initialized
08:34:22.751 [FXGL Background Thread 1 ] DEBUG PhysicsWorld         - Physics world initialized: appHeight=720, physics.ppm=50.0
08:34:22.751 [FXGL Background Thread 1 ] DEBUG PhysicsWorld         - Using strategy: BRUTE_FORCE
08:34:22.753 [FXGL Background Thread 1 ] DEBUG GameScene            - Game scene initialized: 1280x720
08:34:22.763 [FXGL Background Thread 1 ] DEBUG FXGL.DefaultMenu     - createMenuBodyGameMenu()
08:34:22.775 [FXGL Background Thread 1 ] DEBUG FXGL.DefaultMenu     - createOptionsMenu()
08:34:22.783 [FXGL Background Thread 1 ] DEBUG FXGLAssetLoaderServi - Loading from file system: jar:file:/C:/Users/Lenovo/.m2/repository/com/github/almasb/fxgl/21.1/fxgl-21.1.jar!/fxglassets/textures/particles/smoke.png
08:34:22.869 [FXGL Background Thread 1 ] DEBUG FXGLAssetLoaderServi - Loading from file system: jar:file:/C:/Users/Lenovo/.m2/repository/com/github/almasb/fxgl/21.1/fxgl-21.1.jar!/fxglassets/textures/particles/trace_horizontal.png
08:34:22.890 [FXGL Background Thread 1 ] DEBUG GameApplicationServi - Application scenes initialized
08:34:22.905 [FXGL Background Thread 1 ] DEBUG SystemBundleService  - Loading FXGL system data
08:34:22.909 [FXGL Background Thread 1 ] DEBUG FileSystemAccess     - Reading from: C:\Users\Lenovo\ProjectJava3.0\myproject\myproject\system\fxgl.bundle
08:34:22.917 [FXGL Background Thread 1 ] DEBUG SystemBundleService  - Bundle FXGL: {}
08:34:22.918 [FXGL Background Thread 1 ] DEBUG UpdaterService       - Checking for updates
08:34:22.946 [FXGL Background Thread 4 ] DEBUG FXGLApplication      - Loading fonts
08:34:22.946 [FXGL Background Thread 4 ] DEBUG FXGLAssetLoaderServi - Loading from file system: jar:file:/C:/Users/Lenovo/.m2/repository/com/github/almasb/fxgl/21.1/fxgl-21.1.jar!/fxglassets/ui/fonts/VarelaRound-Regular.ttf
08:34:22.946 [FXGL Background Thread 1 ] DEBUG FXGLApplication      - Loading default localization
08:34:22.947 [FXGL Background Thread 1 ] DEBUG FXGLAssetLoaderServi - Loading from file system: jar:file:/C:/Users/Lenovo/.m2/repository/com/github/almasb/fxgl/21.1/fxgl-21.1.jar!/fxglassets/languages/english.lang
08:34:22.970 [FXGL Background Thread 1 ] INFO  FXGLApplication      - FXGL initialization took: 0.414 sec
08:34:22.976 [FXGL Background Thread 4 ] DEBUG FXGLAssetLoaderServi - Loading from file system: jar:file:/C:/Users/Lenovo/.m2/repository/com/github/almasb/fxgl/21.1/fxgl-21.1.jar!/fxglassets/ui/fonts/Abel-Regular.ttf
08:34:22.981 [FXGL Background Thread 4 ] DEBUG FXGLAssetLoaderServi - Loading from file system: jar:file:/C:/Users/Lenovo/.m2/repository/com/github/almasb/fxgl/21.1/fxgl-21.1.jar!/fxglassets/ui/fonts/TerminalLandMono-Regular.otf
08:34:22.981 [JavaFX Application Thread] DEBUG Input                - Registered new binding: Right - D
08:34:22.981 [JavaFX Application Thread] DEBUG Input                - Registered new binding: Left - A
08:34:22.982 [JavaFX Application Thread] DEBUG Input                - Registered new binding: Up - W
08:34:22.982 [JavaFX Application Thread] DEBUG Input                - Registered new binding: Down - S
08:34:22.982 [JavaFX Application Thread] DEBUG Input                - Registered new binding: Interact - E
08:34:22.983 [JavaFX Application Thread] DEBUG FXGLAssetLoaderServi - Loading from file system: jar:file:/C:/Users/Lenovo/.m2/repository/com/github/almasb/fxgl/21.1/fxgl-21.1.jar!/fxglassets/textures/fxgl_icon.png
08:34:22.985 [FXGL Background Thread 4 ] DEBUG FXGLAssetLoaderServi - Loading from file system: jar:file:/C:/Users/Lenovo/.m2/repository/com/github/almasb/fxgl/21.1/fxgl-21.1.jar!/fxglassets/ui/fonts/Courier-Prime.ttf
08:34:23.000 [JavaFX Application Thread] DEBUG FXGLAssetLoaderServi - Loading from file system: jar:file:/C:/Users/Lenovo/.m2/repository/com/github/almasb/fxgl/21.1/fxgl-21.1.jar!/fxglassets/textures/fxgl_default_cursor.png
08:34:23.002 [JavaFX Application Thread] DEBUG Input                - Registered new binding: Screenshot - CTRL+8
08:34:23.002 [JavaFX Application Thread] DEBUG Input                - Registered new binding: Dev Options - 1
08:34:23.003 [JavaFX Application Thread] DEBUG Input                - Registered new binding: Dev Console - 2
08:34:23.004 [JavaFX Application Thread] DEBUG Input                - Registered new binding: System info dump - CTRL+9
08:34:23.004 [JavaFX Application Thread] DEBUG Input                - Registered new binding: Restart - CTRL+R
08:34:23.005 [JavaFX Application Thread] DEBUG Input                - Registered new binding: Toggle Debug Camera - CTRL+7
08:34:23.009 [JavaFX Application Thread] DEBUG LoopRunner           - Starting loop
08:34:23.027 [JavaFX Application Thread] DEBUG LoopRunner           - Initializing JavaFX AnimationTimerLoop
08:34:23.029 [JavaFX Application Thread] DEBUG GameApplicationServi - Starting new game
08:34:23.029 [JavaFX Application Thread] DEBUG Input                - Clearing active input actions
08:34:23.040 [JavaFX Application Thread] DEBUG GameApplicationServi - Removing overlay from FXGLStartupScene and adding to FXGLLoadingScene
08:34:23.045 [JavaFX Application Thread] DEBUG PrimaryStageWindow   - FXGLStartupScene -> FXGLLoadingScene
08:34:23.045 [JavaFX Application Thread] DEBUG GameApplicationServi - Clearing previous game
08:34:23.045 [JavaFX Application Thread] DEBUG GameScene            - Clearing game scene
08:34:23.045 [JavaFX Application Thread] DEBUG GameWorld            - Clearing game world
08:34:23.045 [JavaFX Application Thread] DEBUG PhysicsWorld         - Clearing physics world
08:34:23.046 [FXGL Background Thread 4 ] DEBUG FXGLApplication      - Initializing game
08:34:23.047 [JavaFX Application Thread] DEBUG FXGLApplication      - Registering font factories with UI factory
08:34:23.107 [FXGL Background Thread 4 ] WARN  TMXLevelLoader       - TiledMap generated from 1.11.2. Supported version: 1.9.0. Some features may not be parsed fully.
08:34:23.130 [FXGL Background Thread 4 ] DEBUG TMXLevelLoader       - Parsed TiledMap: file:/C:/Users/Lenovo/ProjectJava3.0/myproject/myproject/target/classes/assets/levels/scene1.tmx
08:34:23.132 [FXGL Background Thread 4 ] DEBUG TMXLevelLoader       - Creating tile layer entities
08:34:23.134 [FXGL Background Thread 4 ] DEBUG TilesetLoader        - Loading view for layer lowefloor
08:34:23.135 [FXGL Background Thread 4 ] DEBUG TilesetLoader        - Created buffer with size 512.0x1024.0
08:34:23.213 [FXGL Background Thread 4 ] DEBUG TilesetLoader        - Loading view for layer cliff
08:34:23.213 [FXGL Background Thread 4 ] DEBUG TilesetLoader        - Created buffer with size 512.0x1024.0
08:34:23.214 [FXGL Background Thread 4 ] DEBUG TilesetLoader        - Loading view for layer cliff1
08:34:23.216 [FXGL Background Thread 4 ] DEBUG TilesetLoader        - Created buffer with size 512.0x1024.0
08:34:23.217 [FXGL Background Thread 4 ] DEBUG TilesetLoader        - Loading view for layer cliff2
08:34:23.217 [FXGL Background Thread 4 ] DEBUG TilesetLoader        - Created buffer with size 512.0x1024.0
08:34:23.220 [FXGL Background Thread 4 ] DEBUG TilesetLoader        - Loading view for layer Tile Layer 3
08:34:23.221 [FXGL Background Thread 4 ] DEBUG TilesetLoader        - Created buffer with size 512.0x1024.0
08:34:23.223 [FXGL Background Thread 4 ] DEBUG TilesetLoader        - Loading view for layer Tile Layer 6
08:34:23.224 [FXGL Background Thread 4 ] DEBUG TilesetLoader        - Created buffer with size 512.0x1024.0
08:34:23.292 [FXGL Background Thread 4 ] DEBUG TilesetLoader        - Loading view for layer prop
08:34:23.293 [FXGL Background Thread 4 ] DEBUG TilesetLoader        - Created buffer with size 512.0x1024.0
08:34:23.295 [FXGL Background Thread 4 ] DEBUG TMXLevelLoader       - Creating object layer entities
08:34:23.333 [FXGL Background Thread 4 ] DEBUG FXGLAssetLoaderServi - Loading from file system: file:/C:/Users/Lenovo/ProjectJava3.0/myproject/myproject/target/classes/assets/textures/Rafflesia.png
08:34:23.354 [FXGL Background Thread 4 ] WARN  TMXLevelLoader       - TiledMap generated from 1.11.2. Supported version: 1.9.0. Some features may not be parsed fully.
08:34:23.367 [FXGL Background Thread 4 ] DEBUG TMXLevelLoader       - Parsed TiledMap: file:/C:/Users/Lenovo/ProjectJava3.0/myproject/myproject/target/classes/assets/levels/scene1.tmx
08:34:23.367 [FXGL Background Thread 4 ] DEBUG TMXLevelLoader       - Creating tile layer entities
08:34:23.367 [FXGL Background Thread 4 ] DEBUG TilesetLoader        - Loading view for layer lowefloor
08:34:23.368 [FXGL Background Thread 4 ] DEBUG TilesetLoader        - Created buffer with size 512.0x1024.0
08:34:23.394 [FXGL Background Thread 4 ] DEBUG TilesetLoader        - Loading view for layer cliff
08:34:23.395 [FXGL Background Thread 4 ] DEBUG TilesetLoader        - Created buffer with size 512.0x1024.0
08:34:23.396 [FXGL Background Thread 4 ] DEBUG TilesetLoader        - Loading view for layer cliff1
08:34:23.396 [FXGL Background Thread 4 ] DEBUG TilesetLoader        - Created buffer with size 512.0x1024.0
08:34:23.397 [FXGL Background Thread 4 ] DEBUG TilesetLoader        - Loading view for layer cliff2
08:34:23.397 [FXGL Background Thread 4 ] DEBUG TilesetLoader        - Created buffer with size 512.0x1024.0
08:34:23.399 [FXGL Background Thread 4 ] DEBUG TilesetLoader        - Loading view for layer Tile Layer 3
08:34:23.399 [FXGL Background Thread 4 ] DEBUG TilesetLoader        - Created buffer with size 512.0x1024.0
08:34:23.401 [FXGL Background Thread 4 ] DEBUG TilesetLoader        - Loading view for layer Tile Layer 6
08:34:23.401 [FXGL Background Thread 4 ] DEBUG TilesetLoader        - Created buffer with size 512.0x1024.0
08:34:23.494 [FXGL Background Thread 4 ] DEBUG TilesetLoader        - Loading view for layer prop
08:34:23.496 [FXGL Background Thread 4 ] DEBUG TilesetLoader        - Created buffer with size 512.0x1024.0
08:34:23.496 [FXGL Background Thread 4 ] DEBUG TMXLevelLoader       - Creating object layer entities
08:34:23.514 [FXGL Background Thread 4 ] DEBUG GameWorld            - Clearing removable entities
08:34:23.515 [FXGL Background Thread 4 ] DEBUG GameWorld            - Setting level: com.almasb.fxgl.entity.level.Level@43c3ad05
08:34:23.535 [FXGL Background Thread 4 ] DEBUG FXGLAssetLoaderServi - Loading from file system: file:/C:/Users/Lenovo/ProjectJava3.0/myproject/myproject/target/classes/assets/textures/Actor1.png
08:34:23.544 [FXGL Background Thread 4 ] INFO  FXGLApplication      - Game initialization took: 0.498 sec
08:34:23.545 [JavaFX Application Thread] DEBUG Input                - Clearing active input actions
08:34:23.562 [JavaFX Application Thread] DEBUG GameApplicationServi - Removing overlay from FXGLLoadingScene and adding to GameScene
08:34:23.568 [JavaFX Application Thread] DEBUG PrimaryStageWindow   - FXGLLoadingScene -> GameScene
08:34:25.946 [FXGL Background Thread 3 ] DEBUG Engine               - Logging environment variables
08:34:25.947 [FXGL Background Thread 3 ] DEBUG Engine               - achievements: []
08:34:25.947 [FXGL Background Thread 3 ] DEBUG Engine               - actualHeight: 864.0
08:34:25.947 [FXGL Background Thread 3 ] DEBUG Engine               - actualHeightProperty: ReadOnlyDoubleProperty [value: 864.0]
08:34:25.947 [FXGL Background Thread 3 ] DEBUG Engine               - actualWidth: 1536.0
08:34:25.947 [FXGL Background Thread 3 ] DEBUG Engine               - actualWidthProperty: ReadOnlyDoubleProperty [value: 1536.0]
08:34:25.948 [FXGL Background Thread 3 ] DEBUG Engine               - appIcon: fxgl_icon.png
08:34:25.948 [FXGL Background Thread 3 ] DEBUG Engine               - applicationMode: DEVELOPER
08:34:25.948 [FXGL Background Thread 3 ] DEBUG Engine               - cSSList: [fxgl_dark.css]
08:34:25.948 [FXGL Background Thread 3 ] DEBUG Engine               - collisionDetectionStrategy: BRUTE_FORCE
08:34:25.948 [FXGL Background Thread 3 ] DEBUG Engine               - configClass: Optional.empty
08:34:25.948 [FXGL Background Thread 3 ] DEBUG Engine               - credits: []
08:34:25.949 [FXGL Background Thread 3 ] DEBUG Engine               - defaultCursor: CursorInfo(imageName=fxgl_default_cursor.png, hotspotX=7.0, hotspotY=6.0)
08:34:25.949 [FXGL Background Thread 3 ] DEBUG Engine               - devBBoxColorProperty: ObjectProperty [value: 0xff0000ff]
08:34:25.949 [FXGL Background Thread 3 ] DEBUG Engine               - devEnableDebugCameraProperty: BooleanProperty [value: false]
08:34:25.949 [FXGL Background Thread 3 ] DEBUG Engine               - devSensorColorProperty: ObjectProperty [value: 0xffff00ff]
08:34:25.949 [FXGL Background Thread 3 ] DEBUG Engine               - devShowBBoxProperty: BooleanProperty [value: false]
08:34:25.949 [FXGL Background Thread 3 ] DEBUG Engine               - devShowPositionProperty: BooleanProperty [value: false]
08:34:25.949 [FXGL Background Thread 3 ] DEBUG Engine               - enabledMenuItems: []
08:34:25.949 [FXGL Background Thread 3 ] DEBUG Engine               - engineServices: [class com.almasb.fxgl.app.services.FXGLAssetLoaderService, class com.almasb.fxgl.app.FXGLApplication$GameApplicationService, class com.almasb.fxgl.app.services.FXGLDialogService, class com.almasb.fxgl.app.services.IOTaskExecutorService, class com.almasb.fxgl.io.FileSystemService, class com.almasb.fxgl.localization.LocalizationService, class com.almasb.fxgl.app.services.SystemBundleService, class com.almasb.fxgl.profile.SaveLoadService, class com.almasb.fxgl.ui.FXGLUIFactoryServiceProvider, class com.almasb.fxgl.ui.FXGLDialogFactoryServiceProvider, class com.almasb.fxgl.audio.AudioPlayer, class com.almasb.fxgl.notification.impl.NotificationServiceProvider, class com.almasb.fxgl.achievement.AchievementService, class com.almasb.fxgl.cutscene.CutsceneService, class com.almasb.fxgl.minigames.MiniGameService, class com.almasb.fxgl.net.NetService, class com.almasb.fxgl.app.services.UpdaterService, class com.almasb.fxgl.dev.DevService]
08:34:25.950 [FXGL Background Thread 3 ] DEBUG Engine               - fontGame: Abel-Regular.ttf
08:34:25.950 [FXGL Background Thread 3 ] DEBUG Engine               - fontMono: TerminalLandMono-Regular.otf
08:34:25.950 [FXGL Background Thread 3 ] DEBUG Engine               - fontSizeScaleUI: 1.0
08:34:25.950 [FXGL Background Thread 3 ] DEBUG Engine               - fontText: Courier-Prime.ttf
08:34:25.950 [FXGL Background Thread 3 ] DEBUG Engine               - fontUI: VarelaRound-Regular.ttf
08:34:25.950 [FXGL Background Thread 3 ] DEBUG Engine               - fullScreen: BooleanProperty [value: true]
08:34:25.950 [FXGL Background Thread 3 ] DEBUG Engine               - gameDifficulty: MEDIUM
08:34:25.950 [FXGL Background Thread 3 ] DEBUG Engine               - gameDifficultyProperty: ObjectProperty [value: MEDIUM]
08:34:25.950 [FXGL Background Thread 3 ] DEBUG Engine               - globalMusicVolume: 0.5
08:34:25.950 [FXGL Background Thread 3 ] DEBUG Engine               - globalMusicVolumeProperty: DoubleProperty [value: 0.5]
08:34:25.951 [FXGL Background Thread 3 ] DEBUG Engine               - globalSoundVolume: 0.5
08:34:25.951 [FXGL Background Thread 3 ] DEBUG Engine               - globalSoundVolumeProperty: DoubleProperty [value: 0.5]
08:34:25.951 [FXGL Background Thread 3 ] DEBUG Engine               - height: 720
08:34:25.951 [FXGL Background Thread 3 ] DEBUG Engine               - is3D: false
08:34:25.951 [FXGL Background Thread 3 ] DEBUG Engine               - isAndroid: false
08:34:25.951 [FXGL Background Thread 3 ] DEBUG Engine               - isBrowser: false
08:34:25.951 [FXGL Background Thread 3 ] DEBUG Engine               - isClickFeedbackEnabled: false
08:34:25.951 [FXGL Background Thread 3 ] DEBUG Engine               - isCloseConfirmation: false
08:34:25.951 [FXGL Background Thread 3 ] DEBUG Engine               - isDesktop: true
08:34:25.951 [FXGL Background Thread 3 ] DEBUG Engine               - isDeveloperMenuEnabled: true
08:34:25.951 [FXGL Background Thread 3 ] DEBUG Engine               - isEmbedded: false
08:34:25.951 [FXGL Background Thread 3 ] DEBUG Engine               - isEntityPreloadEnabled: true
08:34:25.952 [FXGL Background Thread 3 ] DEBUG Engine               - isExperimentalTiledLargeMap: false
08:34:25.952 [FXGL Background Thread 3 ] DEBUG Engine               - isFileSystemWriteAllowed: true
08:34:25.952 [FXGL Background Thread 3 ] DEBUG Engine               - isFullScreenAllowed: true
08:34:25.952 [FXGL Background Thread 3 ] DEBUG Engine               - isFullScreenFromStart: true
08:34:25.952 [FXGL Background Thread 3 ] DEBUG Engine               - isGameMenuEnabled: true
08:34:25.952 [FXGL Background Thread 3 ] DEBUG Engine               - isIOS: false
08:34:25.952 [FXGL Background Thread 3 ] DEBUG Engine               - isIntroEnabled: false
08:34:25.952 [FXGL Background Thread 3 ] DEBUG Engine               - isLinux: false
08:34:25.952 [FXGL Background Thread 3 ] DEBUG Engine               - isMac: false
08:34:25.952 [FXGL Background Thread 3 ] DEBUG Engine               - isMainMenuEnabled: false
08:34:25.952 [FXGL Background Thread 3 ] DEBUG Engine               - isManualResizeEnabled: false
08:34:25.952 [FXGL Background Thread 3 ] DEBUG Engine               - isMobile: false
08:34:25.952 [FXGL Background Thread 3 ] DEBUG Engine               - isNative: false
08:34:25.952 [FXGL Background Thread 3 ] DEBUG Engine               - isPauseMusicWhenMinimized: true
08:34:25.952 [FXGL Background Thread 3 ] DEBUG Engine               - isPreserveResizeRatio: false
08:34:25.952 [FXGL Background Thread 3 ] DEBUG Engine               - isProfilingEnabled: false
08:34:25.952 [FXGL Background Thread 3 ] DEBUG Engine               - isScaleAffectedOnResize: true
08:34:25.952 [FXGL Background Thread 3 ] DEBUG Engine               - isSingleStep: false
08:34:25.952 [FXGL Background Thread 3 ] DEBUG Engine               - isUserProfileEnabled: false
08:34:25.952 [FXGL Background Thread 3 ] DEBUG Engine               - isWindows: true
08:34:25.953 [FXGL Background Thread 3 ] DEBUG Engine               - language: ObjectProperty [value: ENGLISH]
08:34:25.953 [FXGL Background Thread 3 ] DEBUG Engine               - menuKey: ESCAPE
08:34:25.953 [FXGL Background Thread 3 ] DEBUG Engine               - mouseSensitivity: 0.2
08:34:25.953 [FXGL Background Thread 3 ] DEBUG Engine               - notificationViewClass: class com.almasb.fxgl.notification.view.XboxNotificationView
08:34:25.953 [FXGL Background Thread 3 ] DEBUG Engine               - pixelsPerMeter: 50.0
08:34:25.953 [FXGL Background Thread 3 ] DEBUG Engine               - platform: WINDOWS
08:34:25.953 [FXGL Background Thread 3 ] DEBUG Engine               - prefHeightProperty: ReadOnlyDoubleProperty [value: 720.0]
08:34:25.953 [FXGL Background Thread 3 ] DEBUG Engine               - prefWidthProperty: ReadOnlyDoubleProperty [value: 1280.0]
08:34:25.953 [FXGL Background Thread 3 ] DEBUG Engine               - profileDir: profiles/
08:34:25.953 [FXGL Background Thread 3 ] DEBUG Engine               - profileName: StringProperty [value: DEFAULT]
08:34:25.953 [FXGL Background Thread 3 ] DEBUG Engine               - randomSeed: -1
08:34:25.953 [FXGL Background Thread 3 ] DEBUG Engine               - runtimeInfo: RuntimeInfo(platform=WINDOWS, version=21.1, build=27.03.2024 07.52)
08:34:25.953 [FXGL Background Thread 3 ] DEBUG Engine               - saveFileExt: sav
08:34:25.953 [FXGL Background Thread 3 ] DEBUG Engine               - scaledHeightProp$fxgl: DoubleProperty [bound, value: 864.0]
08:34:25.953 [FXGL Background Thread 3 ] DEBUG Engine               - scaledWidthProp$fxgl: DoubleProperty [bound, value: 1536.0]
08:34:25.953 [FXGL Background Thread 3 ] DEBUG Engine               - sceneFactory: com.almasb.fxgl.app.scene.SceneFactory@6e7567a5
08:34:25.953 [FXGL Background Thread 3 ] DEBUG Engine               - secondsIn24h: 60
08:34:25.954 [FXGL Background Thread 3 ] DEBUG Engine               - soundMenuBack: menu/back.wav
08:34:25.954 [FXGL Background Thread 3 ] DEBUG Engine               - soundMenuPress: menu/press.wav
08:34:25.954 [FXGL Background Thread 3 ] DEBUG Engine               - soundMenuSelect: menu/select.wav
08:34:25.954 [FXGL Background Thread 3 ] DEBUG Engine               - soundNotification: core/notification.wav
08:34:25.954 [FXGL Background Thread 3 ] DEBUG Engine               - stageStyle: DECORATED
08:34:25.954 [FXGL Background Thread 3 ] DEBUG Engine               - supportedLanguages: [ENGLISH, FRENCH, GERMAN, HUNGARIAN, RUSSIAN]
08:34:25.954 [FXGL Background Thread 3 ] DEBUG Engine               - ticksPerSecond: -1
08:34:25.954 [FXGL Background Thread 3 ] DEBUG Engine               - title: Final Journey
08:34:25.954 [FXGL Background Thread 3 ] DEBUG Engine               - urlGithub: https://github.com/AlmasB/FXGL
08:34:25.954 [FXGL Background Thread 3 ] DEBUG Engine               - urlLeaderboard: http://fxgl-top.herokuapp.com/
08:34:25.954 [FXGL Background Thread 3 ] DEBUG Engine               - urlPOM: https://raw.githubusercontent.com/AlmasB/FXGL/release/README.md
08:34:25.954 [FXGL Background Thread 3 ] DEBUG Engine               - userAppClass: class com.project.App
08:34:25.954 [FXGL Background Thread 3 ] DEBUG Engine               - version: Alpha
08:34:25.954 [FXGL Background Thread 3 ] DEBUG Engine               - versionCheckDays: 7
08:34:25.954 [FXGL Background Thread 3 ] DEBUG Engine               - width: 1280
08:34:25.954 [FXGL Background Thread 3 ] DEBUG Engine               - Logging services
08:34:25.954 [FXGL Background Thread 3 ] DEBUG Engine               - class com.almasb.fxgl.app.services.FXGLAssetLoaderService
08:34:25.954 [FXGL Background Thread 3 ] DEBUG Engine               - class com.almasb.fxgl.app.FXGLApplication$GameApplicationService
08:34:25.954 [FXGL Background Thread 3 ] DEBUG Engine               - class com.almasb.fxgl.app.services.FXGLDialogService
08:34:25.954 [FXGL Background Thread 3 ] DEBUG Engine               - class com.almasb.fxgl.app.services.IOTaskExecutorService
08:34:25.954 [FXGL Background Thread 3 ] DEBUG Engine               - class com.almasb.fxgl.io.FileSystemService
08:34:25.954 [FXGL Background Thread 3 ] DEBUG Engine               - class com.almasb.fxgl.localization.LocalizationService
08:34:25.954 [FXGL Background Thread 3 ] DEBUG Engine               - class com.almasb.fxgl.app.services.SystemBundleService
08:34:25.954 [FXGL Background Thread 3 ] DEBUG Engine               - class com.almasb.fxgl.profile.SaveLoadService
08:34:25.954 [FXGL Background Thread 3 ] DEBUG Engine               - class com.almasb.fxgl.ui.FXGLUIFactoryServiceProvider
08:34:25.954 [FXGL Background Thread 3 ] DEBUG Engine               - class com.almasb.fxgl.ui.FXGLDialogFactoryServiceProvider
08:34:25.954 [FXGL Background Thread 3 ] DEBUG Engine               - class com.almasb.fxgl.audio.AudioPlayer
08:34:25.954 [FXGL Background Thread 3 ] DEBUG Engine               - class com.almasb.fxgl.notification.impl.NotificationServiceProvider
08:34:25.954 [FXGL Background Thread 3 ] DEBUG Engine               - class com.almasb.fxgl.achievement.AchievementService
08:34:25.954 [FXGL Background Thread 3 ] DEBUG Engine               - class com.almasb.fxgl.cutscene.CutsceneService
08:34:25.954 [FXGL Background Thread 3 ] DEBUG Engine               - class com.almasb.fxgl.minigames.MiniGameService
08:34:25.955 [FXGL Background Thread 3 ] DEBUG Engine               - class com.almasb.fxgl.net.NetService
08:34:25.955 [FXGL Background Thread 3 ] DEBUG Engine               - class com.almasb.fxgl.app.services.UpdaterService
08:34:25.955 [FXGL Background Thread 3 ] DEBUG Engine               - class com.almasb.fxgl.dev.DevService
08:34:26.708 [JavaFX Application Thread] DEBUG FXGLAssetLoaderServi - Loading from file system: file:/C:/Users/Lenovo/ProjectJava3.0/myproject/myproject/target/classes/assets/text/CutScene1.txt
08:34:26.717 [JavaFX Application Thread] DEBUG Input                - Registered new binding: Next RPG Line - Enter
08:34:26.718 [JavaFX Application Thread] DEBUG PrimaryStageWindow   - Push state: CutsceneScene
08:34:26.719 [JavaFX Application Thread] DEBUG Input                - Clearing active input actions
08:34:26.720 [JavaFX Application Thread] DEBUG GameApplicationServi - Removing overlay from GameScene and adding to CutsceneScene
08:34:26.721 [JavaFX Application Thread] DEBUG PrimaryStageWindow   - GameScene -> CutsceneScene
08:34:30.292 [JavaFX Application Thread] DEBUG PrimaryStageWindow   - Pop state: CutsceneScene
08:34:30.292 [JavaFX Application Thread] DEBUG Input                - Clearing active input actions
08:34:30.293 [JavaFX Application Thread] DEBUG GameApplicationServi - Removing overlay from CutsceneScene and adding to GameScene
08:34:30.295 [JavaFX Application Thread] DEBUG PrimaryStageWindow   - GameScene <- CutsceneScene
08:34:30.295 [JavaFX Application Thread] DEBUG EventBus             - Firing event: com.GameEvent.CombatScene[source=javafx.event.Event$$Lambda/0x000001ea22174090@ebf0055]
08:34:30.297 [JavaFX Application Thread] WARN  TMXLevelLoader       - TiledMap generated from 1.11.2. Supported version: 1.9.0. Some features may not be parsed fully.
08:34:30.302 [JavaFX Application Thread] DEBUG TMXLevelLoader       - Parsed TiledMap: file:/C:/Users/Lenovo/ProjectJava3.0/myproject/myproject/target/classes/assets/levels/battle1.tmx
08:34:30.302 [JavaFX Application Thread] DEBUG TMXLevelLoader       - Creating tile layer entities
08:34:30.303 [JavaFX Application Thread] DEBUG TilesetLoader        - Loading view for layer Tile Layer 1
08:34:30.304 [JavaFX Application Thread] DEBUG TilesetLoader        - Created buffer with size 2048.0x1024.0
08:34:30.403 [JavaFX Application Thread] DEBUG TMXLevelLoader       - Creating object layer entities
08:34:30.405 [JavaFX Application Thread] DEBUG FXGLAssetLoaderServi - Loading from file system: file:/C:/Users/Lenovo/ProjectJava3.0/myproject/myproject/target/classes/assets/textures/Boss%20Dryad%20Queen%20Rafflesia.png
08:34:30.443 [JavaFX Application Thread] DEBUG FXGLAssetLoaderServi - Loading from file system: file:/C:/Users/Lenovo/ProjectJava3.0/myproject/myproject/target/classes/assets/textures/Reid.png
08:34:30.574 [JavaFX Application Thread] DEBUG FXGLAssetLoaderServi - Loading from file system: file:/C:/Users/Lenovo/ProjectJava3.0/myproject/myproject/target/classes/assets/textures/marsha.png
08:34:30.719 [JavaFX Application Thread] DEBUG GameWorld            - Clearing removable entities
08:34:30.724 [JavaFX Application Thread] DEBUG GameWorld            - Setting level: com.almasb.fxgl.entity.level.Level@3c671a92
08:34:30.726 [JavaFX Application Thread] WARN  TMXLevelLoader       - TiledMap generated from 1.11.2. Supported version: 1.9.0. Some features may not be parsed fully.
08:34:30.730 [JavaFX Application Thread] DEBUG TMXLevelLoader       - Parsed TiledMap: file:/C:/Users/Lenovo/ProjectJava3.0/myproject/myproject/target/classes/assets/levels/battle1.tmx
08:34:30.731 [JavaFX Application Thread] DEBUG TMXLevelLoader       - Creating tile layer entities
08:34:30.731 [JavaFX Application Thread] DEBUG TilesetLoader        - Loading view for layer Tile Layer 1
08:34:30.734 [JavaFX Application Thread] DEBUG TilesetLoader        - Created buffer with size 2048.0x1024.0
08:34:30.840 [JavaFX Application Thread] DEBUG TMXLevelLoader       - Creating object layer entities
08:34:39.933 [JavaFX Application Thread] DEBUG FXGLApplication      - Exiting FXGL
08:34:39.933 [JavaFX Application Thread] DEBUG LoopRunner           - Stopping loop
08:34:39.933 [JavaFX Application Thread] DEBUG SystemBundleService  - Saving FXGL system data
08:34:39.936 [JavaFX Application Thread] DEBUG FileSystemAccess     - Writing to: C:\Users\Lenovo\ProjectJava3.0\myproject\myproject\system\fxgl.bundle
08:34:39.939 [JavaFX Application Thread] DEBUG Async                - Shutting down background threads
08:34:39.939 [JavaFX Application Thread] DEBUG PrimaryStageWindow   - Closing main window
08:34:39.991 [JavaFX Application Thread] DEBUG Logger               - Closing Logger
