03:46:58.579 [main                     ] DEBUG Logger               - Configured Logger
03:46:58.601 [main                     ] DEBUG GameApplication      - Logging settings
Title: Final Journey
Version: Alpha
Width: 1280
Height: 720
Fullscreen: true
Intro: false
Profiling: false
Single step:false
App Mode: DEVELOPER
Menu Key: ESCAPE
Stage Style: DECORATED
Scene Factory: class com.almasb.fxgl.app.scene.SceneFactory

03:46:58.957 [JavaFX Application Thread] DEBUG FXGLApplication      - Initializing FXGL
03:46:58.960 [JavaFX Application Thread] INFO  Engine               - FXGL-21.1 (27.03.2024 07.52) on WINDOWS (J:21.0.6 FX:21.0.1)
03:46:58.960 [JavaFX Application Thread] DEBUG Engine               - JRE Vendor Name: Eclipse Adoptium
03:46:58.961 [JavaFX Application Thread] DEBUG Engine               - Running on OS: Windows 11 version 10.0
03:46:58.961 [JavaFX Application Thread] DEBUG Engine               - Architecture: amd64
03:46:58.961 [JavaFX Application Thread] INFO  Engine               - Source code and latest versions at: https://github.com/AlmasB/FXGL
03:46:58.961 [JavaFX Application Thread] INFO  Engine               -       Ask questions and discuss at: https://github.com/AlmasB/FXGL/discussions
03:46:58.961 [JavaFX Application Thread] INFO  Engine               -              Join the FXGL chat at: https://gitter.im/AlmasB/FXGL
03:46:59.049 [JavaFX Application Thread] DEBUG PrimaryStageWindow   - Creating a JavaFX scene
03:46:59.099 [JavaFX Application Thread] DEBUG PrimaryStageWindow   - Target settings size: 1280.0 x 720.0
03:46:59.099 [JavaFX Application Thread] DEBUG PrimaryStageWindow   - Scaled scene size:    1280.0 x 720.0
03:46:59.099 [JavaFX Application Thread] DEBUG PrimaryStageWindow   - Scaled ratio: (1.0, 1.0)
03:46:59.100 [JavaFX Application Thread] DEBUG PrimaryStageWindow   - Set initial scene to FXGLStartupScene
03:46:59.104 [JavaFX Application Thread] DEBUG PrimaryStageWindow   - Opening main window
03:46:59.181 [JavaFX Application Thread] DEBUG PrimaryStageWindow   - Window border size: (14.4000244140625, 37.5999755859375)
03:46:59.182 [JavaFX Application Thread] DEBUG PrimaryStageWindow   - Scaled size: 1280.0 x 720.0
03:46:59.182 [JavaFX Application Thread] DEBUG PrimaryStageWindow   - Scaled ratio: (1.0, 1.0)
03:46:59.182 [JavaFX Application Thread] DEBUG PrimaryStageWindow   - Scene size: 1280.0 x 720.0
03:46:59.183 [JavaFX Application Thread] DEBUG PrimaryStageWindow   - Stage size: 1294.4000244140625 x 757.5999755859375
03:46:59.232 [JavaFX Application Thread] DEBUG PrimaryStageWindow   - Going fullscreen
03:46:59.239 [FXGL Background Thread 1 ] DEBUG Engine               - Initializing environment variables
03:46:59.282 [FXGL Background Thread 1 ] DEBUG FXGLAssetLoaderServi - User app class for loading assets: class com.project.App
03:46:59.282 [FXGL Background Thread 1 ] DEBUG GameApplicationServi - Applying CSS: fxgl_dark.css
03:46:59.282 [FXGL Background Thread 1 ] DEBUG FXGLAssetLoaderServi - Loading from file system: jar:file:/C:/Users/frank/.m2/repository/com/github/almasb/fxgl/21.1/fxgl-21.1.jar!/fxglassets/ui/css/fxgl_dark.css
03:46:59.313 [FXGL Background Thread 1 ] DEBUG GameApplicationServi - Initializing application scenes
03:46:59.364 [FXGL Background Thread 1 ] DEBUG GameWorld            - Game world initialized
03:46:59.418 [FXGL Background Thread 1 ] DEBUG PhysicsWorld         - Physics world initialized: appHeight=720, physics.ppm=50.0
03:46:59.418 [FXGL Background Thread 1 ] DEBUG PhysicsWorld         - Using strategy: BRUTE_FORCE
03:46:59.421 [FXGL Background Thread 1 ] DEBUG GameScene            - Game scene initialized: 1280x720
03:46:59.429 [FXGL Background Thread 1 ] DEBUG FXGL.DefaultMenu     - createMenuBodyGameMenu()
03:46:59.442 [FXGL Background Thread 1 ] DEBUG FXGL.DefaultMenu     - createOptionsMenu()
03:46:59.450 [FXGL Background Thread 1 ] DEBUG FXGLAssetLoaderServi - Loading from file system: jar:file:/C:/Users/frank/.m2/repository/com/github/almasb/fxgl/21.1/fxgl-21.1.jar!/fxglassets/textures/particles/smoke.png
03:46:59.542 [FXGL Background Thread 1 ] DEBUG FXGLAssetLoaderServi - Loading from file system: jar:file:/C:/Users/frank/.m2/repository/com/github/almasb/fxgl/21.1/fxgl-21.1.jar!/fxglassets/textures/particles/trace_horizontal.png
03:46:59.562 [FXGL Background Thread 1 ] DEBUG GameApplicationServi - Application scenes initialized
03:46:59.573 [FXGL Background Thread 1 ] DEBUG SystemBundleService  - Loading FXGL system data
03:46:59.576 [FXGL Background Thread 1 ] DEBUG FileSystemAccess     - Reading from: C:\Users\frank\Desktop\ProjectFun\myproject\myproject\system\fxgl.bundle
03:46:59.583 [FXGL Background Thread 1 ] DEBUG SystemBundleService  - Bundle FXGL: {}
03:46:59.583 [FXGL Background Thread 1 ] DEBUG UpdaterService       - Checking for updates
03:46:59.608 [FXGL Background Thread 4 ] DEBUG FXGLApplication      - Loading fonts
03:46:59.609 [FXGL Background Thread 4 ] DEBUG FXGLAssetLoaderServi - Loading from file system: jar:file:/C:/Users/frank/.m2/repository/com/github/almasb/fxgl/21.1/fxgl-21.1.jar!/fxglassets/ui/fonts/VarelaRound-Regular.ttf
03:46:59.609 [FXGL Background Thread 1 ] DEBUG FXGLApplication      - Loading default localization
03:46:59.610 [FXGL Background Thread 1 ] DEBUG FXGLAssetLoaderServi - Loading from file system: jar:file:/C:/Users/frank/.m2/repository/com/github/almasb/fxgl/21.1/fxgl-21.1.jar!/fxglassets/languages/english.lang
03:46:59.628 [FXGL Background Thread 1 ] INFO  FXGLApplication      - FXGL initialization took: 0.390 sec
03:46:59.641 [JavaFX Application Thread] DEBUG Input                - Registered new binding: Right - D
03:46:59.642 [JavaFX Application Thread] DEBUG Input                - Registered new binding: Left - A
03:46:59.643 [JavaFX Application Thread] DEBUG Input                - Registered new binding: Up - W
03:46:59.643 [JavaFX Application Thread] DEBUG Input                - Registered new binding: Down - S
03:46:59.643 [JavaFX Application Thread] DEBUG Input                - Registered new binding: Interact - E
03:46:59.644 [JavaFX Application Thread] DEBUG FXGLAssetLoaderServi - Loading from file system: jar:file:/C:/Users/frank/.m2/repository/com/github/almasb/fxgl/21.1/fxgl-21.1.jar!/fxglassets/textures/fxgl_icon.png
03:46:59.645 [FXGL Background Thread 4 ] DEBUG FXGLAssetLoaderServi - Loading from file system: jar:file:/C:/Users/frank/.m2/repository/com/github/almasb/fxgl/21.1/fxgl-21.1.jar!/fxglassets/ui/fonts/Abel-Regular.ttf
03:46:59.647 [FXGL Background Thread 4 ] DEBUG FXGLAssetLoaderServi - Loading from file system: jar:file:/C:/Users/frank/.m2/repository/com/github/almasb/fxgl/21.1/fxgl-21.1.jar!/fxglassets/ui/fonts/TerminalLandMono-Regular.otf
03:46:59.650 [FXGL Background Thread 4 ] DEBUG FXGLAssetLoaderServi - Loading from file system: jar:file:/C:/Users/frank/.m2/repository/com/github/almasb/fxgl/21.1/fxgl-21.1.jar!/fxglassets/ui/fonts/Courier-Prime.ttf
03:46:59.664 [JavaFX Application Thread] DEBUG FXGLAssetLoaderServi - Loading from file system: jar:file:/C:/Users/frank/.m2/repository/com/github/almasb/fxgl/21.1/fxgl-21.1.jar!/fxglassets/textures/fxgl_default_cursor.png
03:46:59.668 [JavaFX Application Thread] DEBUG Input                - Registered new binding: Screenshot - CTRL+8
03:46:59.668 [JavaFX Application Thread] DEBUG Input                - Registered new binding: Dev Options - 1
03:46:59.668 [JavaFX Application Thread] DEBUG Input                - Registered new binding: Dev Console - 2
03:46:59.669 [JavaFX Application Thread] DEBUG Input                - Registered new binding: System info dump - CTRL+9
03:46:59.669 [JavaFX Application Thread] DEBUG Input                - Registered new binding: Restart - CTRL+R
03:46:59.670 [JavaFX Application Thread] DEBUG Input                - Registered new binding: Toggle Debug Camera - CTRL+7
03:46:59.673 [JavaFX Application Thread] DEBUG LoopRunner           - Starting loop
03:46:59.701 [JavaFX Application Thread] DEBUG LoopRunner           - Initializing JavaFX AnimationTimerLoop
03:46:59.703 [JavaFX Application Thread] DEBUG GameApplicationServi - Starting new game
03:46:59.703 [JavaFX Application Thread] DEBUG Input                - Clearing active input actions
03:46:59.715 [JavaFX Application Thread] DEBUG GameApplicationServi - Removing overlay from FXGLStartupScene and adding to FXGLLoadingScene
03:46:59.725 [JavaFX Application Thread] DEBUG PrimaryStageWindow   - FXGLStartupScene -> FXGLLoadingScene
03:46:59.725 [JavaFX Application Thread] DEBUG GameApplicationServi - Clearing previous game
03:46:59.725 [JavaFX Application Thread] DEBUG GameScene            - Clearing game scene
03:46:59.725 [JavaFX Application Thread] DEBUG GameWorld            - Clearing game world
03:46:59.725 [JavaFX Application Thread] DEBUG PhysicsWorld         - Clearing physics world
03:46:59.726 [JavaFX Application Thread] DEBUG FXGLApplication      - Registering font factories with UI factory
03:46:59.726 [FXGL Background Thread 4 ] DEBUG FXGLApplication      - Initializing game
03:46:59.759 [FXGL Background Thread 4 ] WARN  TMXLevelLoader       - TiledMap generated from 1.11.2. Supported version: 1.9.0. Some features may not be parsed fully.
03:46:59.792 [FXGL Background Thread 4 ] DEBUG TMXLevelLoader       - Parsed TiledMap: file:/C:/Users/frank/Desktop/ProjectFun/myproject/myproject/target/classes/assets/levels/scene1.tmx
03:46:59.794 [FXGL Background Thread 4 ] DEBUG TMXLevelLoader       - Creating tile layer entities
03:46:59.797 [FXGL Background Thread 4 ] DEBUG TilesetLoader        - Loading view for layer lowefloor
03:46:59.798 [FXGL Background Thread 4 ] DEBUG TilesetLoader        - Created buffer with size 512.0x1024.0
03:46:59.853 [FXGL Background Thread 4 ] DEBUG TilesetLoader        - Loading view for layer cliff
03:46:59.853 [FXGL Background Thread 4 ] DEBUG TilesetLoader        - Created buffer with size 512.0x1024.0
03:46:59.855 [FXGL Background Thread 4 ] DEBUG TilesetLoader        - Loading view for layer cliff1
03:46:59.857 [FXGL Background Thread 4 ] DEBUG TilesetLoader        - Created buffer with size 512.0x1024.0
03:46:59.858 [FXGL Background Thread 4 ] DEBUG TilesetLoader        - Loading view for layer cliff2
03:46:59.858 [FXGL Background Thread 4 ] DEBUG TilesetLoader        - Created buffer with size 512.0x1024.0
03:46:59.859 [FXGL Background Thread 4 ] DEBUG TilesetLoader        - Loading view for layer Tile Layer 3
03:46:59.859 [FXGL Background Thread 4 ] DEBUG TilesetLoader        - Created buffer with size 512.0x1024.0
03:46:59.860 [FXGL Background Thread 4 ] DEBUG TilesetLoader        - Loading view for layer Tile Layer 6
03:46:59.860 [FXGL Background Thread 4 ] DEBUG TilesetLoader        - Created buffer with size 512.0x1024.0
03:46:59.931 [FXGL Background Thread 4 ] DEBUG TilesetLoader        - Loading view for layer prop
03:46:59.931 [FXGL Background Thread 4 ] DEBUG TilesetLoader        - Created buffer with size 512.0x1024.0
03:46:59.932 [FXGL Background Thread 4 ] DEBUG TMXLevelLoader       - Creating object layer entities
03:46:59.990 [FXGL Background Thread 4 ] DEBUG FXGLAssetLoaderServi - Loading from file system: file:/C:/Users/frank/Desktop/ProjectFun/myproject/myproject/target/classes/assets/textures/Actor1.png
03:47:00.033 [FXGL Background Thread 4 ] DEBUG FXGLAssetLoaderServi - Loading from file system: file:/C:/Users/frank/Desktop/ProjectFun/myproject/myproject/target/classes/assets/textures/Rex.png
03:47:00.039 [FXGL Background Thread 4 ] WARN  TMXLevelLoader       - TiledMap generated from 1.11.2. Supported version: 1.9.0. Some features may not be parsed fully.
03:47:00.048 [FXGL Background Thread 4 ] DEBUG TMXLevelLoader       - Parsed TiledMap: file:/C:/Users/frank/Desktop/ProjectFun/myproject/myproject/target/classes/assets/levels/scene1.tmx
03:47:00.049 [FXGL Background Thread 4 ] DEBUG TMXLevelLoader       - Creating tile layer entities
03:47:00.049 [FXGL Background Thread 4 ] DEBUG TilesetLoader        - Loading view for layer lowefloor
03:47:00.050 [FXGL Background Thread 4 ] DEBUG TilesetLoader        - Created buffer with size 512.0x1024.0
03:47:00.070 [FXGL Background Thread 4 ] DEBUG TilesetLoader        - Loading view for layer cliff
03:47:00.070 [FXGL Background Thread 4 ] DEBUG TilesetLoader        - Created buffer with size 512.0x1024.0
03:47:00.071 [FXGL Background Thread 4 ] DEBUG TilesetLoader        - Loading view for layer cliff1
03:47:00.071 [FXGL Background Thread 4 ] DEBUG TilesetLoader        - Created buffer with size 512.0x1024.0
03:47:00.072 [FXGL Background Thread 4 ] DEBUG TilesetLoader        - Loading view for layer cliff2
03:47:00.073 [FXGL Background Thread 4 ] DEBUG TilesetLoader        - Created buffer with size 512.0x1024.0
03:47:00.073 [FXGL Background Thread 4 ] DEBUG TilesetLoader        - Loading view for layer Tile Layer 3
03:47:00.076 [FXGL Background Thread 4 ] DEBUG TilesetLoader        - Created buffer with size 512.0x1024.0
03:47:00.077 [FXGL Background Thread 4 ] DEBUG TilesetLoader        - Loading view for layer Tile Layer 6
03:47:00.078 [FXGL Background Thread 4 ] DEBUG TilesetLoader        - Created buffer with size 512.0x1024.0
03:47:00.124 [FXGL Background Thread 4 ] DEBUG TilesetLoader        - Loading view for layer prop
03:47:00.124 [FXGL Background Thread 4 ] DEBUG TilesetLoader        - Created buffer with size 512.0x1024.0
03:47:00.126 [FXGL Background Thread 4 ] DEBUG TMXLevelLoader       - Creating object layer entities
03:47:00.133 [FXGL Background Thread 4 ] DEBUG GameWorld            - Clearing removable entities
03:47:00.134 [FXGL Background Thread 4 ] DEBUG GameWorld            - Setting level: com.almasb.fxgl.entity.level.Level@3f78bf35
03:47:00.155 [FXGL Background Thread 4 ] INFO  FXGLApplication      - Game initialization took: 0.428 sec
03:47:00.186 [JavaFX Application Thread] DEBUG Input                - Clearing active input actions
03:47:00.193 [JavaFX Application Thread] DEBUG GameApplicationServi - Removing overlay from FXGLLoadingScene and adding to GameScene
03:47:00.195 [JavaFX Application Thread] DEBUG PrimaryStageWindow   - FXGLLoadingScene -> GameScene
03:47:01.728 [JavaFX Application Thread] DEBUG FXGLAssetLoaderServi - Loading from file system: file:/C:/Users/frank/Desktop/ProjectFun/myproject/myproject/target/classes/assets/text/filetext.txt
03:47:01.729 [JavaFX Application Thread] DEBUG EventBus             - Firing event: com.GameEvent.CombatScene[source=javafx.event.Event$$Lambda/0x000001c916172fa8@36ab4037]
03:47:01.732 [JavaFX Application Thread] WARN  TMXLevelLoader       - TiledMap generated from 1.11.2. Supported version: 1.9.0. Some features may not be parsed fully.
03:47:01.737 [JavaFX Application Thread] DEBUG TMXLevelLoader       - Parsed TiledMap: file:/C:/Users/frank/Desktop/ProjectFun/myproject/myproject/target/classes/assets/levels/battle1.tmx
03:47:01.737 [JavaFX Application Thread] DEBUG TMXLevelLoader       - Creating tile layer entities
03:47:01.737 [JavaFX Application Thread] DEBUG TilesetLoader        - Loading view for layer Tile Layer 1
03:47:01.738 [JavaFX Application Thread] DEBUG TilesetLoader        - Created buffer with size 2048.0x1024.0
03:47:01.827 [JavaFX Application Thread] DEBUG TMXLevelLoader       - Creating object layer entities
03:47:01.828 [JavaFX Application Thread] DEBUG FXGLAssetLoaderServi - Loading from file system: file:/C:/Users/frank/Desktop/ProjectFun/myproject/myproject/target/classes/assets/textures/Rex.png
03:47:01.834 [JavaFX Application Thread] DEBUG FXGLAssetLoaderServi - Loading from file system: file:/C:/Users/frank/Desktop/ProjectFun/myproject/myproject/target/classes/assets/textures/Karee.png
03:47:01.840 [JavaFX Application Thread] DEBUG GameWorld            - Clearing removable entities
03:47:01.852 [JavaFX Application Thread] DEBUG GameWorld            - Setting level: com.almasb.fxgl.entity.level.Level@743a30e0
03:47:01.856 [JavaFX Application Thread] WARN  TMXLevelLoader       - TiledMap generated from 1.11.2. Supported version: 1.9.0. Some features may not be parsed fully.
03:47:01.859 [JavaFX Application Thread] DEBUG TMXLevelLoader       - Parsed TiledMap: file:/C:/Users/frank/Desktop/ProjectFun/myproject/myproject/target/classes/assets/levels/battle1.tmx
03:47:01.859 [JavaFX Application Thread] DEBUG TMXLevelLoader       - Creating tile layer entities
03:47:01.860 [JavaFX Application Thread] DEBUG TilesetLoader        - Loading view for layer Tile Layer 1
03:47:01.861 [JavaFX Application Thread] DEBUG TilesetLoader        - Created buffer with size 2048.0x1024.0
03:47:01.946 [JavaFX Application Thread] DEBUG TMXLevelLoader       - Creating object layer entities
03:47:02.608 [FXGL Background Thread 3 ] DEBUG Engine               - Logging environment variables
03:47:02.608 [FXGL Background Thread 3 ] DEBUG Engine               - achievements: []
03:47:02.609 [FXGL Background Thread 3 ] DEBUG Engine               - actualHeight: 864.0
03:47:02.609 [FXGL Background Thread 3 ] DEBUG Engine               - actualHeightProperty: ReadOnlyDoubleProperty [value: 864.0]
03:47:02.609 [FXGL Background Thread 3 ] DEBUG Engine               - actualWidth: 1536.0
03:47:02.609 [FXGL Background Thread 3 ] DEBUG Engine               - actualWidthProperty: ReadOnlyDoubleProperty [value: 1536.0]
03:47:02.609 [FXGL Background Thread 3 ] DEBUG Engine               - appIcon: fxgl_icon.png
03:47:02.609 [FXGL Background Thread 3 ] DEBUG Engine               - applicationMode: DEVELOPER
03:47:02.609 [FXGL Background Thread 3 ] DEBUG Engine               - cSSList: [fxgl_dark.css]
03:47:02.609 [FXGL Background Thread 3 ] DEBUG Engine               - collisionDetectionStrategy: BRUTE_FORCE
03:47:02.609 [FXGL Background Thread 3 ] DEBUG Engine               - configClass: Optional.empty
03:47:02.609 [FXGL Background Thread 3 ] DEBUG Engine               - credits: []
03:47:02.610 [FXGL Background Thread 3 ] DEBUG Engine               - defaultCursor: CursorInfo(imageName=fxgl_default_cursor.png, hotspotX=7.0, hotspotY=6.0)
03:47:02.610 [FXGL Background Thread 3 ] DEBUG Engine               - devBBoxColorProperty: ObjectProperty [value: 0xff0000ff]
03:47:02.610 [FXGL Background Thread 3 ] DEBUG Engine               - devEnableDebugCameraProperty: BooleanProperty [value: false]
03:47:02.610 [FXGL Background Thread 3 ] DEBUG Engine               - devSensorColorProperty: ObjectProperty [value: 0xffff00ff]
03:47:02.610 [FXGL Background Thread 3 ] DEBUG Engine               - devShowBBoxProperty: BooleanProperty [value: false]
03:47:02.610 [FXGL Background Thread 3 ] DEBUG Engine               - devShowPositionProperty: BooleanProperty [value: false]
03:47:02.610 [FXGL Background Thread 3 ] DEBUG Engine               - enabledMenuItems: []
03:47:02.610 [FXGL Background Thread 3 ] DEBUG Engine               - engineServices: [class com.almasb.fxgl.app.services.FXGLAssetLoaderService, class com.almasb.fxgl.app.FXGLApplication$GameApplicationService, class com.almasb.fxgl.app.services.FXGLDialogService, class com.almasb.fxgl.app.services.IOTaskExecutorService, class com.almasb.fxgl.io.FileSystemService, class com.almasb.fxgl.localization.LocalizationService, class com.almasb.fxgl.app.services.SystemBundleService, class com.almasb.fxgl.profile.SaveLoadService, class com.almasb.fxgl.ui.FXGLUIFactoryServiceProvider, class com.almasb.fxgl.ui.FXGLDialogFactoryServiceProvider, class com.almasb.fxgl.audio.AudioPlayer, class com.almasb.fxgl.notification.impl.NotificationServiceProvider, class com.almasb.fxgl.achievement.AchievementService, class com.almasb.fxgl.cutscene.CutsceneService, class com.almasb.fxgl.minigames.MiniGameService, class com.almasb.fxgl.net.NetService, class com.almasb.fxgl.app.services.UpdaterService, class com.almasb.fxgl.dev.DevService]
03:47:02.610 [FXGL Background Thread 3 ] DEBUG Engine               - fontGame: Abel-Regular.ttf
03:47:02.610 [FXGL Background Thread 3 ] DEBUG Engine               - fontMono: TerminalLandMono-Regular.otf
03:47:02.610 [FXGL Background Thread 3 ] DEBUG Engine               - fontSizeScaleUI: 1.0
03:47:02.610 [FXGL Background Thread 3 ] DEBUG Engine               - fontText: Courier-Prime.ttf
03:47:02.610 [FXGL Background Thread 3 ] DEBUG Engine               - fontUI: VarelaRound-Regular.ttf
03:47:02.610 [FXGL Background Thread 3 ] DEBUG Engine               - fullScreen: BooleanProperty [value: true]
03:47:02.610 [FXGL Background Thread 3 ] DEBUG Engine               - gameDifficulty: MEDIUM
03:47:02.610 [FXGL Background Thread 3 ] DEBUG Engine               - gameDifficultyProperty: ObjectProperty [value: MEDIUM]
03:47:02.610 [FXGL Background Thread 3 ] DEBUG Engine               - globalMusicVolume: 0.5
03:47:02.611 [FXGL Background Thread 3 ] DEBUG Engine               - globalMusicVolumeProperty: DoubleProperty [value: 0.5]
03:47:02.611 [FXGL Background Thread 3 ] DEBUG Engine               - globalSoundVolume: 0.5
03:47:02.611 [FXGL Background Thread 3 ] DEBUG Engine               - globalSoundVolumeProperty: DoubleProperty [value: 0.5]
03:47:02.611 [FXGL Background Thread 3 ] DEBUG Engine               - height: 720
03:47:02.611 [FXGL Background Thread 3 ] DEBUG Engine               - is3D: false
03:47:02.611 [FXGL Background Thread 3 ] DEBUG Engine               - isAndroid: false
03:47:02.611 [FXGL Background Thread 3 ] DEBUG Engine               - isBrowser: false
03:47:02.611 [FXGL Background Thread 3 ] DEBUG Engine               - isClickFeedbackEnabled: false
03:47:02.611 [FXGL Background Thread 3 ] DEBUG Engine               - isCloseConfirmation: false
03:47:02.611 [FXGL Background Thread 3 ] DEBUG Engine               - isDesktop: true
03:47:02.611 [FXGL Background Thread 3 ] DEBUG Engine               - isDeveloperMenuEnabled: true
03:47:02.611 [FXGL Background Thread 3 ] DEBUG Engine               - isEmbedded: false
03:47:02.611 [FXGL Background Thread 3 ] DEBUG Engine               - isEntityPreloadEnabled: true
03:47:02.611 [FXGL Background Thread 3 ] DEBUG Engine               - isExperimentalTiledLargeMap: false
03:47:02.611 [FXGL Background Thread 3 ] DEBUG Engine               - isFileSystemWriteAllowed: true
03:47:02.611 [FXGL Background Thread 3 ] DEBUG Engine               - isFullScreenAllowed: true
03:47:02.611 [FXGL Background Thread 3 ] DEBUG Engine               - isFullScreenFromStart: true
03:47:02.611 [FXGL Background Thread 3 ] DEBUG Engine               - isGameMenuEnabled: true
03:47:02.611 [FXGL Background Thread 3 ] DEBUG Engine               - isIOS: false
03:47:02.611 [FXGL Background Thread 3 ] DEBUG Engine               - isIntroEnabled: false
03:47:02.611 [FXGL Background Thread 3 ] DEBUG Engine               - isLinux: false
03:47:02.611 [FXGL Background Thread 3 ] DEBUG Engine               - isMac: false
03:47:02.612 [FXGL Background Thread 3 ] DEBUG Engine               - isMainMenuEnabled: false
03:47:02.612 [FXGL Background Thread 3 ] DEBUG Engine               - isManualResizeEnabled: false
03:47:02.612 [FXGL Background Thread 3 ] DEBUG Engine               - isMobile: false
03:47:02.612 [FXGL Background Thread 3 ] DEBUG Engine               - isNative: false
03:47:02.612 [FXGL Background Thread 3 ] DEBUG Engine               - isPauseMusicWhenMinimized: true
03:47:02.612 [FXGL Background Thread 3 ] DEBUG Engine               - isPreserveResizeRatio: false
03:47:02.612 [FXGL Background Thread 3 ] DEBUG Engine               - isProfilingEnabled: false
03:47:02.612 [FXGL Background Thread 3 ] DEBUG Engine               - isScaleAffectedOnResize: true
03:47:02.612 [FXGL Background Thread 3 ] DEBUG Engine               - isSingleStep: false
03:47:02.612 [FXGL Background Thread 3 ] DEBUG Engine               - isUserProfileEnabled: false
03:47:02.612 [FXGL Background Thread 3 ] DEBUG Engine               - isWindows: true
03:47:02.612 [FXGL Background Thread 3 ] DEBUG Engine               - language: ObjectProperty [value: ENGLISH]
03:47:02.612 [FXGL Background Thread 3 ] DEBUG Engine               - menuKey: ESCAPE
03:47:02.612 [FXGL Background Thread 3 ] DEBUG Engine               - mouseSensitivity: 0.2
03:47:02.613 [FXGL Background Thread 3 ] DEBUG Engine               - notificationViewClass: class com.almasb.fxgl.notification.view.XboxNotificationView
03:47:02.613 [FXGL Background Thread 3 ] DEBUG Engine               - pixelsPerMeter: 50.0
03:47:02.613 [FXGL Background Thread 3 ] DEBUG Engine               - platform: WINDOWS
03:47:02.613 [FXGL Background Thread 3 ] DEBUG Engine               - prefHeightProperty: ReadOnlyDoubleProperty [value: 720.0]
03:47:02.613 [FXGL Background Thread 3 ] DEBUG Engine               - prefWidthProperty: ReadOnlyDoubleProperty [value: 1280.0]
03:47:02.613 [FXGL Background Thread 3 ] DEBUG Engine               - profileDir: profiles/
03:47:02.613 [FXGL Background Thread 3 ] DEBUG Engine               - profileName: StringProperty [value: DEFAULT]
03:47:02.613 [FXGL Background Thread 3 ] DEBUG Engine               - randomSeed: -1
03:47:02.613 [FXGL Background Thread 3 ] DEBUG Engine               - runtimeInfo: RuntimeInfo(platform=WINDOWS, version=21.1, build=27.03.2024 07.52)
03:47:02.613 [FXGL Background Thread 3 ] DEBUG Engine               - saveFileExt: sav
03:47:02.613 [FXGL Background Thread 3 ] DEBUG Engine               - scaledHeightProp$fxgl: DoubleProperty [bound, value: 864.0]
03:47:02.613 [FXGL Background Thread 3 ] DEBUG Engine               - scaledWidthProp$fxgl: DoubleProperty [bound, value: 1536.0]
03:47:02.613 [FXGL Background Thread 3 ] DEBUG Engine               - sceneFactory: com.almasb.fxgl.app.scene.SceneFactory@64adc53e
03:47:02.613 [FXGL Background Thread 3 ] DEBUG Engine               - secondsIn24h: 60
03:47:02.613 [FXGL Background Thread 3 ] DEBUG Engine               - soundMenuBack: menu/back.wav
03:47:02.613 [FXGL Background Thread 3 ] DEBUG Engine               - soundMenuPress: menu/press.wav
03:47:02.613 [FXGL Background Thread 3 ] DEBUG Engine               - soundMenuSelect: menu/select.wav
03:47:02.614 [FXGL Background Thread 3 ] DEBUG Engine               - soundNotification: core/notification.wav
03:47:02.614 [FXGL Background Thread 3 ] DEBUG Engine               - stageStyle: DECORATED
03:47:02.614 [FXGL Background Thread 3 ] DEBUG Engine               - supportedLanguages: [ENGLISH, FRENCH, GERMAN, HUNGARIAN, RUSSIAN]
03:47:02.614 [FXGL Background Thread 3 ] DEBUG Engine               - ticksPerSecond: -1
03:47:02.614 [FXGL Background Thread 3 ] DEBUG Engine               - title: Final Journey
03:47:02.614 [FXGL Background Thread 3 ] DEBUG Engine               - urlGithub: https://github.com/AlmasB/FXGL
03:47:02.614 [FXGL Background Thread 3 ] DEBUG Engine               - urlLeaderboard: http://fxgl-top.herokuapp.com/
03:47:02.614 [FXGL Background Thread 3 ] DEBUG Engine               - urlPOM: https://raw.githubusercontent.com/AlmasB/FXGL/release/README.md
03:47:02.614 [FXGL Background Thread 3 ] DEBUG Engine               - userAppClass: class com.project.App
03:47:02.614 [FXGL Background Thread 3 ] DEBUG Engine               - version: Alpha
03:47:02.614 [FXGL Background Thread 3 ] DEBUG Engine               - versionCheckDays: 7
03:47:02.614 [FXGL Background Thread 3 ] DEBUG Engine               - width: 1280
03:47:02.614 [FXGL Background Thread 3 ] DEBUG Engine               - Logging services
03:47:02.614 [FXGL Background Thread 3 ] DEBUG Engine               - class com.almasb.fxgl.app.services.FXGLAssetLoaderService
03:47:02.614 [FXGL Background Thread 3 ] DEBUG Engine               - class com.almasb.fxgl.app.FXGLApplication$GameApplicationService
03:47:02.614 [FXGL Background Thread 3 ] DEBUG Engine               - class com.almasb.fxgl.app.services.FXGLDialogService
03:47:02.614 [FXGL Background Thread 3 ] DEBUG Engine               - class com.almasb.fxgl.app.services.IOTaskExecutorService
03:47:02.614 [FXGL Background Thread 3 ] DEBUG Engine               - class com.almasb.fxgl.io.FileSystemService
03:47:02.614 [FXGL Background Thread 3 ] DEBUG Engine               - class com.almasb.fxgl.localization.LocalizationService
03:47:02.614 [FXGL Background Thread 3 ] DEBUG Engine               - class com.almasb.fxgl.app.services.SystemBundleService
03:47:02.614 [FXGL Background Thread 3 ] DEBUG Engine               - class com.almasb.fxgl.profile.SaveLoadService
03:47:02.614 [FXGL Background Thread 3 ] DEBUG Engine               - class com.almasb.fxgl.ui.FXGLUIFactoryServiceProvider
03:47:02.614 [FXGL Background Thread 3 ] DEBUG Engine               - class com.almasb.fxgl.ui.FXGLDialogFactoryServiceProvider
03:47:02.614 [FXGL Background Thread 3 ] DEBUG Engine               - class com.almasb.fxgl.audio.AudioPlayer
03:47:02.614 [FXGL Background Thread 3 ] DEBUG Engine               - class com.almasb.fxgl.notification.impl.NotificationServiceProvider
03:47:02.614 [FXGL Background Thread 3 ] DEBUG Engine               - class com.almasb.fxgl.achievement.AchievementService
03:47:02.614 [FXGL Background Thread 3 ] DEBUG Engine               - class com.almasb.fxgl.cutscene.CutsceneService
03:47:02.615 [FXGL Background Thread 3 ] DEBUG Engine               - class com.almasb.fxgl.minigames.MiniGameService
03:47:02.615 [FXGL Background Thread 3 ] DEBUG Engine               - class com.almasb.fxgl.net.NetService
03:47:02.615 [FXGL Background Thread 3 ] DEBUG Engine               - class com.almasb.fxgl.app.services.UpdaterService
03:47:02.615 [FXGL Background Thread 3 ] DEBUG Engine               - class com.almasb.fxgl.dev.DevService
03:47:02.788 [JavaFX Application Thread] DEBUG EventBus             - Firing event: com.GameEvent.BackMainScene[source=javafx.event.Event$$Lambda/0x000001c916172fa8@36ab4037]
03:47:02.790 [JavaFX Application Thread] WARN  TMXLevelLoader       - TiledMap generated from 1.11.2. Supported version: 1.9.0. Some features may not be parsed fully.
03:47:02.800 [JavaFX Application Thread] DEBUG TMXLevelLoader       - Parsed TiledMap: file:/C:/Users/frank/Desktop/ProjectFun/myproject/myproject/target/classes/assets/levels/scene1.tmx
03:47:02.800 [JavaFX Application Thread] DEBUG TMXLevelLoader       - Creating tile layer entities
03:47:02.800 [JavaFX Application Thread] DEBUG TilesetLoader        - Loading view for layer lowefloor
03:47:02.801 [JavaFX Application Thread] DEBUG TilesetLoader        - Created buffer with size 512.0x1024.0
03:47:02.826 [JavaFX Application Thread] DEBUG TilesetLoader        - Loading view for layer cliff
03:47:02.827 [JavaFX Application Thread] DEBUG TilesetLoader        - Created buffer with size 512.0x1024.0
03:47:02.828 [JavaFX Application Thread] DEBUG TilesetLoader        - Loading view for layer cliff1
03:47:02.829 [JavaFX Application Thread] DEBUG TilesetLoader        - Created buffer with size 512.0x1024.0
03:47:02.829 [JavaFX Application Thread] DEBUG TilesetLoader        - Loading view for layer cliff2
03:47:02.829 [JavaFX Application Thread] DEBUG TilesetLoader        - Created buffer with size 512.0x1024.0
03:47:02.831 [JavaFX Application Thread] DEBUG TilesetLoader        - Loading view for layer Tile Layer 3
03:47:02.831 [JavaFX Application Thread] DEBUG TilesetLoader        - Created buffer with size 512.0x1024.0
03:47:02.832 [JavaFX Application Thread] DEBUG TilesetLoader        - Loading view for layer Tile Layer 6
03:47:02.832 [JavaFX Application Thread] DEBUG TilesetLoader        - Created buffer with size 512.0x1024.0
03:47:02.870 [JavaFX Application Thread] DEBUG TilesetLoader        - Loading view for layer prop
03:47:02.870 [JavaFX Application Thread] DEBUG TilesetLoader        - Created buffer with size 512.0x1024.0
03:47:02.871 [JavaFX Application Thread] DEBUG TMXLevelLoader       - Creating object layer entities
03:47:02.881 [JavaFX Application Thread] DEBUG GameWorld            - Clearing removable entities
03:47:02.881 [JavaFX Application Thread] DEBUG GameWorld            - Setting level: com.almasb.fxgl.entity.level.Level@5bbfe63
03:47:02.885 [JavaFX Application Thread] WARN  TMXLevelLoader       - TiledMap generated from 1.11.2. Supported version: 1.9.0. Some features may not be parsed fully.
03:47:02.888 [JavaFX Application Thread] DEBUG TMXLevelLoader       - Parsed TiledMap: file:/C:/Users/frank/Desktop/ProjectFun/myproject/myproject/target/classes/assets/levels/scene1.tmx
03:47:02.889 [JavaFX Application Thread] DEBUG TMXLevelLoader       - Creating tile layer entities
03:47:02.889 [JavaFX Application Thread] DEBUG TilesetLoader        - Loading view for layer lowefloor
03:47:02.889 [JavaFX Application Thread] DEBUG TilesetLoader        - Created buffer with size 512.0x1024.0
03:47:02.904 [JavaFX Application Thread] DEBUG TilesetLoader        - Loading view for layer cliff
03:47:02.904 [JavaFX Application Thread] DEBUG TilesetLoader        - Created buffer with size 512.0x1024.0
03:47:02.905 [JavaFX Application Thread] DEBUG TilesetLoader        - Loading view for layer cliff1
03:47:02.905 [JavaFX Application Thread] DEBUG TilesetLoader        - Created buffer with size 512.0x1024.0
03:47:02.905 [JavaFX Application Thread] DEBUG TilesetLoader        - Loading view for layer cliff2
03:47:02.908 [JavaFX Application Thread] DEBUG TilesetLoader        - Created buffer with size 512.0x1024.0
03:47:02.910 [JavaFX Application Thread] DEBUG TilesetLoader        - Loading view for layer Tile Layer 3
03:47:02.910 [JavaFX Application Thread] DEBUG TilesetLoader        - Created buffer with size 512.0x1024.0
03:47:02.911 [JavaFX Application Thread] DEBUG TilesetLoader        - Loading view for layer Tile Layer 6
03:47:02.911 [JavaFX Application Thread] DEBUG TilesetLoader        - Created buffer with size 512.0x1024.0
03:47:02.963 [JavaFX Application Thread] DEBUG TilesetLoader        - Loading view for layer prop
03:47:02.967 [JavaFX Application Thread] DEBUG TilesetLoader        - Created buffer with size 512.0x1024.0
03:47:02.968 [JavaFX Application Thread] DEBUG TMXLevelLoader       - Creating object layer entities
03:47:04.463 [JavaFX Application Thread] DEBUG EventBus             - Firing event: com.GameEvent.BackMainScene[source=javafx.event.Event$$Lambda/0x000001c916172fa8@36ab4037]
03:47:04.467 [JavaFX Application Thread] WARN  TMXLevelLoader       - TiledMap generated from 1.11.2. Supported version: 1.9.0. Some features may not be parsed fully.
03:47:04.471 [JavaFX Application Thread] DEBUG TMXLevelLoader       - Parsed TiledMap: file:/C:/Users/frank/Desktop/ProjectFun/myproject/myproject/target/classes/assets/levels/scene1.tmx
03:47:04.471 [JavaFX Application Thread] DEBUG TMXLevelLoader       - Creating tile layer entities
03:47:04.472 [JavaFX Application Thread] DEBUG TilesetLoader        - Loading view for layer lowefloor
03:47:04.472 [JavaFX Application Thread] DEBUG TilesetLoader        - Created buffer with size 512.0x1024.0
03:47:04.490 [JavaFX Application Thread] DEBUG TilesetLoader        - Loading view for layer cliff
03:47:04.490 [JavaFX Application Thread] DEBUG TilesetLoader        - Created buffer with size 512.0x1024.0
03:47:04.490 [JavaFX Application Thread] DEBUG TilesetLoader        - Loading view for layer cliff1
03:47:04.490 [JavaFX Application Thread] DEBUG TilesetLoader        - Created buffer with size 512.0x1024.0
03:47:04.490 [JavaFX Application Thread] DEBUG TilesetLoader        - Loading view for layer cliff2
03:47:04.490 [JavaFX Application Thread] DEBUG TilesetLoader        - Created buffer with size 512.0x1024.0
03:47:04.490 [JavaFX Application Thread] DEBUG TilesetLoader        - Loading view for layer Tile Layer 3
03:47:04.490 [JavaFX Application Thread] DEBUG TilesetLoader        - Created buffer with size 512.0x1024.0
03:47:04.492 [JavaFX Application Thread] DEBUG TilesetLoader        - Loading view for layer Tile Layer 6
03:47:04.492 [JavaFX Application Thread] DEBUG TilesetLoader        - Created buffer with size 512.0x1024.0
03:47:04.530 [JavaFX Application Thread] DEBUG TilesetLoader        - Loading view for layer prop
03:47:04.531 [JavaFX Application Thread] DEBUG TilesetLoader        - Created buffer with size 512.0x1024.0
03:47:04.531 [JavaFX Application Thread] DEBUG TMXLevelLoader       - Creating object layer entities
03:47:04.535 [JavaFX Application Thread] DEBUG GameWorld            - Clearing removable entities
03:47:04.536 [JavaFX Application Thread] DEBUG GameWorld            - Setting level: com.almasb.fxgl.entity.level.Level@39ac4a69
03:47:04.538 [JavaFX Application Thread] WARN  TMXLevelLoader       - TiledMap generated from 1.11.2. Supported version: 1.9.0. Some features may not be parsed fully.
03:47:04.540 [JavaFX Application Thread] DEBUG TMXLevelLoader       - Parsed TiledMap: file:/C:/Users/frank/Desktop/ProjectFun/myproject/myproject/target/classes/assets/levels/scene1.tmx
03:47:04.540 [JavaFX Application Thread] DEBUG TMXLevelLoader       - Creating tile layer entities
03:47:04.541 [JavaFX Application Thread] DEBUG TilesetLoader        - Loading view for layer lowefloor
03:47:04.541 [JavaFX Application Thread] DEBUG TilesetLoader        - Created buffer with size 512.0x1024.0
03:47:04.557 [JavaFX Application Thread] DEBUG TilesetLoader        - Loading view for layer cliff
03:47:04.557 [JavaFX Application Thread] DEBUG TilesetLoader        - Created buffer with size 512.0x1024.0
03:47:04.557 [JavaFX Application Thread] DEBUG TilesetLoader        - Loading view for layer cliff1
03:47:04.557 [JavaFX Application Thread] DEBUG TilesetLoader        - Created buffer with size 512.0x1024.0
03:47:04.558 [JavaFX Application Thread] DEBUG TilesetLoader        - Loading view for layer cliff2
03:47:04.558 [JavaFX Application Thread] DEBUG TilesetLoader        - Created buffer with size 512.0x1024.0
03:47:04.558 [JavaFX Application Thread] DEBUG TilesetLoader        - Loading view for layer Tile Layer 3
03:47:04.558 [JavaFX Application Thread] DEBUG TilesetLoader        - Created buffer with size 512.0x1024.0
03:47:04.558 [JavaFX Application Thread] DEBUG TilesetLoader        - Loading view for layer Tile Layer 6
03:47:04.559 [JavaFX Application Thread] DEBUG TilesetLoader        - Created buffer with size 512.0x1024.0
03:47:04.597 [JavaFX Application Thread] DEBUG TilesetLoader        - Loading view for layer prop
03:47:04.597 [JavaFX Application Thread] DEBUG TilesetLoader        - Created buffer with size 512.0x1024.0
03:47:04.597 [JavaFX Application Thread] DEBUG TMXLevelLoader       - Creating object layer entities
03:47:05.280 [JavaFX Application Thread] DEBUG EventBus             - Firing event: com.GameEvent.BackMainScene[source=javafx.event.Event$$Lambda/0x000001c916172fa8@36ab4037]
03:47:05.281 [JavaFX Application Thread] WARN  TMXLevelLoader       - TiledMap generated from 1.11.2. Supported version: 1.9.0. Some features may not be parsed fully.
03:47:05.286 [JavaFX Application Thread] DEBUG TMXLevelLoader       - Parsed TiledMap: file:/C:/Users/frank/Desktop/ProjectFun/myproject/myproject/target/classes/assets/levels/scene1.tmx
03:47:05.286 [JavaFX Application Thread] DEBUG TMXLevelLoader       - Creating tile layer entities
03:47:05.286 [JavaFX Application Thread] DEBUG TilesetLoader        - Loading view for layer lowefloor
03:47:05.287 [JavaFX Application Thread] DEBUG TilesetLoader        - Created buffer with size 512.0x1024.0
03:47:05.306 [JavaFX Application Thread] DEBUG TilesetLoader        - Loading view for layer cliff
03:47:05.306 [JavaFX Application Thread] DEBUG TilesetLoader        - Created buffer with size 512.0x1024.0
03:47:05.307 [JavaFX Application Thread] DEBUG TilesetLoader        - Loading view for layer cliff1
03:47:05.307 [JavaFX Application Thread] DEBUG TilesetLoader        - Created buffer with size 512.0x1024.0
03:47:05.307 [JavaFX Application Thread] DEBUG TilesetLoader        - Loading view for layer cliff2
03:47:05.307 [JavaFX Application Thread] DEBUG TilesetLoader        - Created buffer with size 512.0x1024.0
03:47:05.308 [JavaFX Application Thread] DEBUG TilesetLoader        - Loading view for layer Tile Layer 3
03:47:05.308 [JavaFX Application Thread] DEBUG TilesetLoader        - Created buffer with size 512.0x1024.0
03:47:05.308 [JavaFX Application Thread] DEBUG TilesetLoader        - Loading view for layer Tile Layer 6
03:47:05.308 [JavaFX Application Thread] DEBUG TilesetLoader        - Created buffer with size 512.0x1024.0
03:47:05.355 [JavaFX Application Thread] DEBUG TilesetLoader        - Loading view for layer prop
03:47:05.356 [JavaFX Application Thread] DEBUG TilesetLoader        - Created buffer with size 512.0x1024.0
03:47:05.356 [JavaFX Application Thread] DEBUG TMXLevelLoader       - Creating object layer entities
03:47:05.359 [JavaFX Application Thread] DEBUG GameWorld            - Clearing removable entities
03:47:05.360 [JavaFX Application Thread] DEBUG GameWorld            - Setting level: com.almasb.fxgl.entity.level.Level@62f553bf
03:47:05.362 [JavaFX Application Thread] WARN  TMXLevelLoader       - TiledMap generated from 1.11.2. Supported version: 1.9.0. Some features may not be parsed fully.
03:47:05.366 [JavaFX Application Thread] DEBUG TMXLevelLoader       - Parsed TiledMap: file:/C:/Users/frank/Desktop/ProjectFun/myproject/myproject/target/classes/assets/levels/scene1.tmx
03:47:05.366 [JavaFX Application Thread] DEBUG TMXLevelLoader       - Creating tile layer entities
03:47:05.366 [JavaFX Application Thread] DEBUG TilesetLoader        - Loading view for layer lowefloor
03:47:05.366 [JavaFX Application Thread] DEBUG TilesetLoader        - Created buffer with size 512.0x1024.0
03:47:05.383 [JavaFX Application Thread] DEBUG TilesetLoader        - Loading view for layer cliff
03:47:05.383 [JavaFX Application Thread] DEBUG TilesetLoader        - Created buffer with size 512.0x1024.0
03:47:05.384 [JavaFX Application Thread] DEBUG TilesetLoader        - Loading view for layer cliff1
03:47:05.384 [JavaFX Application Thread] DEBUG TilesetLoader        - Created buffer with size 512.0x1024.0
03:47:05.385 [JavaFX Application Thread] DEBUG TilesetLoader        - Loading view for layer cliff2
03:47:05.385 [JavaFX Application Thread] DEBUG TilesetLoader        - Created buffer with size 512.0x1024.0
03:47:05.385 [JavaFX Application Thread] DEBUG TilesetLoader        - Loading view for layer Tile Layer 3
03:47:05.385 [JavaFX Application Thread] DEBUG TilesetLoader        - Created buffer with size 512.0x1024.0
03:47:05.386 [JavaFX Application Thread] DEBUG TilesetLoader        - Loading view for layer Tile Layer 6
03:47:05.386 [JavaFX Application Thread] DEBUG TilesetLoader        - Created buffer with size 512.0x1024.0
03:47:05.427 [JavaFX Application Thread] DEBUG TilesetLoader        - Loading view for layer prop
03:47:05.427 [JavaFX Application Thread] DEBUG TilesetLoader        - Created buffer with size 512.0x1024.0
03:47:05.427 [JavaFX Application Thread] DEBUG TMXLevelLoader       - Creating object layer entities
03:47:05.909 [JavaFX Application Thread] DEBUG EventBus             - Firing event: com.GameEvent.BackMainScene[source=javafx.event.Event$$Lambda/0x000001c916172fa8@36ab4037]
03:47:05.911 [JavaFX Application Thread] WARN  TMXLevelLoader       - TiledMap generated from 1.11.2. Supported version: 1.9.0. Some features may not be parsed fully.
03:47:05.914 [JavaFX Application Thread] DEBUG TMXLevelLoader       - Parsed TiledMap: file:/C:/Users/frank/Desktop/ProjectFun/myproject/myproject/target/classes/assets/levels/scene1.tmx
03:47:05.914 [JavaFX Application Thread] DEBUG TMXLevelLoader       - Creating tile layer entities
03:47:05.914 [JavaFX Application Thread] DEBUG TilesetLoader        - Loading view for layer lowefloor
03:47:05.914 [JavaFX Application Thread] DEBUG TilesetLoader        - Created buffer with size 512.0x1024.0
03:47:05.931 [JavaFX Application Thread] DEBUG TilesetLoader        - Loading view for layer cliff
03:47:05.932 [JavaFX Application Thread] DEBUG TilesetLoader        - Created buffer with size 512.0x1024.0
03:47:05.932 [JavaFX Application Thread] DEBUG TilesetLoader        - Loading view for layer cliff1
03:47:05.932 [JavaFX Application Thread] DEBUG TilesetLoader        - Created buffer with size 512.0x1024.0
03:47:05.932 [JavaFX Application Thread] DEBUG TilesetLoader        - Loading view for layer cliff2
03:47:05.932 [JavaFX Application Thread] DEBUG TilesetLoader        - Created buffer with size 512.0x1024.0
03:47:05.932 [JavaFX Application Thread] DEBUG TilesetLoader        - Loading view for layer Tile Layer 3
03:47:05.933 [JavaFX Application Thread] DEBUG TilesetLoader        - Created buffer with size 512.0x1024.0
03:47:05.933 [JavaFX Application Thread] DEBUG TilesetLoader        - Loading view for layer Tile Layer 6
03:47:05.933 [JavaFX Application Thread] DEBUG TilesetLoader        - Created buffer with size 512.0x1024.0
03:47:05.970 [JavaFX Application Thread] DEBUG TilesetLoader        - Loading view for layer prop
03:47:05.970 [JavaFX Application Thread] DEBUG TilesetLoader        - Created buffer with size 512.0x1024.0
03:47:05.970 [JavaFX Application Thread] DEBUG TMXLevelLoader       - Creating object layer entities
03:47:05.973 [JavaFX Application Thread] DEBUG GameWorld            - Clearing removable entities
03:47:05.975 [JavaFX Application Thread] DEBUG GameWorld            - Setting level: com.almasb.fxgl.entity.level.Level@152d16b2
03:47:05.977 [JavaFX Application Thread] WARN  TMXLevelLoader       - TiledMap generated from 1.11.2. Supported version: 1.9.0. Some features may not be parsed fully.
03:47:05.978 [JavaFX Application Thread] DEBUG TMXLevelLoader       - Parsed TiledMap: file:/C:/Users/frank/Desktop/ProjectFun/myproject/myproject/target/classes/assets/levels/scene1.tmx
03:47:05.978 [JavaFX Application Thread] DEBUG TMXLevelLoader       - Creating tile layer entities
03:47:05.979 [JavaFX Application Thread] DEBUG TilesetLoader        - Loading view for layer lowefloor
03:47:05.979 [JavaFX Application Thread] DEBUG TilesetLoader        - Created buffer with size 512.0x1024.0
03:47:05.992 [JavaFX Application Thread] DEBUG TilesetLoader        - Loading view for layer cliff
03:47:05.992 [JavaFX Application Thread] DEBUG TilesetLoader        - Created buffer with size 512.0x1024.0
03:47:05.992 [JavaFX Application Thread] DEBUG TilesetLoader        - Loading view for layer cliff1
03:47:05.992 [JavaFX Application Thread] DEBUG TilesetLoader        - Created buffer with size 512.0x1024.0
03:47:05.992 [JavaFX Application Thread] DEBUG TilesetLoader        - Loading view for layer cliff2
03:47:05.993 [JavaFX Application Thread] DEBUG TilesetLoader        - Created buffer with size 512.0x1024.0
03:47:05.993 [JavaFX Application Thread] DEBUG TilesetLoader        - Loading view for layer Tile Layer 3
03:47:05.993 [JavaFX Application Thread] DEBUG TilesetLoader        - Created buffer with size 512.0x1024.0
03:47:05.993 [JavaFX Application Thread] DEBUG TilesetLoader        - Loading view for layer Tile Layer 6
03:47:05.993 [JavaFX Application Thread] DEBUG TilesetLoader        - Created buffer with size 512.0x1024.0
03:47:06.029 [JavaFX Application Thread] DEBUG TilesetLoader        - Loading view for layer prop
03:47:06.029 [JavaFX Application Thread] DEBUG TilesetLoader        - Created buffer with size 512.0x1024.0
03:47:06.029 [JavaFX Application Thread] DEBUG TMXLevelLoader       - Creating object layer entities
03:47:06.320 [JavaFX Application Thread] DEBUG EventBus             - Firing event: com.GameEvent.BackMainScene[source=javafx.event.Event$$Lambda/0x000001c916172fa8@36ab4037]
03:47:06.321 [JavaFX Application Thread] WARN  TMXLevelLoader       - TiledMap generated from 1.11.2. Supported version: 1.9.0. Some features may not be parsed fully.
03:47:06.323 [JavaFX Application Thread] DEBUG TMXLevelLoader       - Parsed TiledMap: file:/C:/Users/frank/Desktop/ProjectFun/myproject/myproject/target/classes/assets/levels/scene1.tmx
03:47:06.323 [JavaFX Application Thread] DEBUG TMXLevelLoader       - Creating tile layer entities
03:47:06.323 [JavaFX Application Thread] DEBUG TilesetLoader        - Loading view for layer lowefloor
03:47:06.324 [JavaFX Application Thread] DEBUG TilesetLoader        - Created buffer with size 512.0x1024.0
03:47:06.338 [JavaFX Application Thread] DEBUG TilesetLoader        - Loading view for layer cliff
03:47:06.338 [JavaFX Application Thread] DEBUG TilesetLoader        - Created buffer with size 512.0x1024.0
03:47:06.338 [JavaFX Application Thread] DEBUG TilesetLoader        - Loading view for layer cliff1
03:47:06.339 [JavaFX Application Thread] DEBUG TilesetLoader        - Created buffer with size 512.0x1024.0
03:47:06.339 [JavaFX Application Thread] DEBUG TilesetLoader        - Loading view for layer cliff2
03:47:06.339 [JavaFX Application Thread] DEBUG TilesetLoader        - Created buffer with size 512.0x1024.0
03:47:06.339 [JavaFX Application Thread] DEBUG TilesetLoader        - Loading view for layer Tile Layer 3
03:47:06.339 [JavaFX Application Thread] DEBUG TilesetLoader        - Created buffer with size 512.0x1024.0
03:47:06.339 [JavaFX Application Thread] DEBUG TilesetLoader        - Loading view for layer Tile Layer 6
03:47:06.339 [JavaFX Application Thread] DEBUG TilesetLoader        - Created buffer with size 512.0x1024.0
03:47:06.374 [JavaFX Application Thread] DEBUG TilesetLoader        - Loading view for layer prop
03:47:06.375 [JavaFX Application Thread] DEBUG TilesetLoader        - Created buffer with size 512.0x1024.0
03:47:06.375 [JavaFX Application Thread] DEBUG TMXLevelLoader       - Creating object layer entities
03:47:06.377 [JavaFX Application Thread] DEBUG GameWorld            - Clearing removable entities
03:47:06.378 [JavaFX Application Thread] DEBUG GameWorld            - Setting level: com.almasb.fxgl.entity.level.Level@529a086d
03:47:06.380 [JavaFX Application Thread] WARN  TMXLevelLoader       - TiledMap generated from 1.11.2. Supported version: 1.9.0. Some features may not be parsed fully.
03:47:06.381 [JavaFX Application Thread] DEBUG TMXLevelLoader       - Parsed TiledMap: file:/C:/Users/frank/Desktop/ProjectFun/myproject/myproject/target/classes/assets/levels/scene1.tmx
03:47:06.381 [JavaFX Application Thread] DEBUG TMXLevelLoader       - Creating tile layer entities
03:47:06.381 [JavaFX Application Thread] DEBUG TilesetLoader        - Loading view for layer lowefloor
03:47:06.382 [JavaFX Application Thread] DEBUG TilesetLoader        - Created buffer with size 512.0x1024.0
03:47:06.396 [JavaFX Application Thread] DEBUG TilesetLoader        - Loading view for layer cliff
03:47:06.396 [JavaFX Application Thread] DEBUG TilesetLoader        - Created buffer with size 512.0x1024.0
03:47:06.396 [JavaFX Application Thread] DEBUG TilesetLoader        - Loading view for layer cliff1
03:47:06.396 [JavaFX Application Thread] DEBUG TilesetLoader        - Created buffer with size 512.0x1024.0
03:47:06.397 [JavaFX Application Thread] DEBUG TilesetLoader        - Loading view for layer cliff2
03:47:06.397 [JavaFX Application Thread] DEBUG TilesetLoader        - Created buffer with size 512.0x1024.0
03:47:06.397 [JavaFX Application Thread] DEBUG TilesetLoader        - Loading view for layer Tile Layer 3
03:47:06.400 [JavaFX Application Thread] DEBUG TilesetLoader        - Created buffer with size 512.0x1024.0
03:47:06.400 [JavaFX Application Thread] DEBUG TilesetLoader        - Loading view for layer Tile Layer 6
03:47:06.401 [JavaFX Application Thread] DEBUG TilesetLoader        - Created buffer with size 512.0x1024.0
03:47:06.437 [JavaFX Application Thread] DEBUG TilesetLoader        - Loading view for layer prop
03:47:06.437 [JavaFX Application Thread] DEBUG TilesetLoader        - Created buffer with size 512.0x1024.0
03:47:06.437 [JavaFX Application Thread] DEBUG TMXLevelLoader       - Creating object layer entities
03:47:06.558 [JavaFX Application Thread] DEBUG EventBus             - Firing event: com.GameEvent.BackMainScene[source=javafx.event.Event$$Lambda/0x000001c916172fa8@36ab4037]
03:47:06.559 [JavaFX Application Thread] WARN  TMXLevelLoader       - TiledMap generated from 1.11.2. Supported version: 1.9.0. Some features may not be parsed fully.
03:47:06.562 [JavaFX Application Thread] DEBUG TMXLevelLoader       - Parsed TiledMap: file:/C:/Users/frank/Desktop/ProjectFun/myproject/myproject/target/classes/assets/levels/scene1.tmx
03:47:06.562 [JavaFX Application Thread] DEBUG TMXLevelLoader       - Creating tile layer entities
03:47:06.562 [JavaFX Application Thread] DEBUG TilesetLoader        - Loading view for layer lowefloor
03:47:06.563 [JavaFX Application Thread] DEBUG TilesetLoader        - Created buffer with size 512.0x1024.0
03:47:06.580 [JavaFX Application Thread] DEBUG TilesetLoader        - Loading view for layer cliff
03:47:06.580 [JavaFX Application Thread] DEBUG TilesetLoader        - Created buffer with size 512.0x1024.0
03:47:06.580 [JavaFX Application Thread] DEBUG TilesetLoader        - Loading view for layer cliff1
03:47:06.580 [JavaFX Application Thread] DEBUG TilesetLoader        - Created buffer with size 512.0x1024.0
03:47:06.580 [JavaFX Application Thread] DEBUG TilesetLoader        - Loading view for layer cliff2
03:47:06.580 [JavaFX Application Thread] DEBUG TilesetLoader        - Created buffer with size 512.0x1024.0
03:47:06.581 [JavaFX Application Thread] DEBUG TilesetLoader        - Loading view for layer Tile Layer 3
03:47:06.581 [JavaFX Application Thread] DEBUG TilesetLoader        - Created buffer with size 512.0x1024.0
03:47:06.581 [JavaFX Application Thread] DEBUG TilesetLoader        - Loading view for layer Tile Layer 6
03:47:06.581 [JavaFX Application Thread] DEBUG TilesetLoader        - Created buffer with size 512.0x1024.0
03:47:06.621 [JavaFX Application Thread] DEBUG TilesetLoader        - Loading view for layer prop
03:47:06.621 [JavaFX Application Thread] DEBUG TilesetLoader        - Created buffer with size 512.0x1024.0
03:47:06.621 [JavaFX Application Thread] DEBUG TMXLevelLoader       - Creating object layer entities
03:47:06.623 [JavaFX Application Thread] DEBUG GameWorld            - Clearing removable entities
03:47:06.624 [JavaFX Application Thread] DEBUG GameWorld            - Setting level: com.almasb.fxgl.entity.level.Level@639665cd
03:47:06.626 [JavaFX Application Thread] WARN  TMXLevelLoader       - TiledMap generated from 1.11.2. Supported version: 1.9.0. Some features may not be parsed fully.
03:47:06.628 [JavaFX Application Thread] DEBUG TMXLevelLoader       - Parsed TiledMap: file:/C:/Users/frank/Desktop/ProjectFun/myproject/myproject/target/classes/assets/levels/scene1.tmx
03:47:06.628 [JavaFX Application Thread] DEBUG TMXLevelLoader       - Creating tile layer entities
03:47:06.628 [JavaFX Application Thread] DEBUG TilesetLoader        - Loading view for layer lowefloor
03:47:06.628 [JavaFX Application Thread] DEBUG TilesetLoader        - Created buffer with size 512.0x1024.0
03:47:06.642 [JavaFX Application Thread] DEBUG TilesetLoader        - Loading view for layer cliff
03:47:06.642 [JavaFX Application Thread] DEBUG TilesetLoader        - Created buffer with size 512.0x1024.0
03:47:06.642 [JavaFX Application Thread] DEBUG TilesetLoader        - Loading view for layer cliff1
03:47:06.642 [JavaFX Application Thread] DEBUG TilesetLoader        - Created buffer with size 512.0x1024.0
03:47:06.642 [JavaFX Application Thread] DEBUG TilesetLoader        - Loading view for layer cliff2
03:47:06.643 [JavaFX Application Thread] DEBUG TilesetLoader        - Created buffer with size 512.0x1024.0
03:47:06.643 [JavaFX Application Thread] DEBUG TilesetLoader        - Loading view for layer Tile Layer 3
03:47:06.643 [JavaFX Application Thread] DEBUG TilesetLoader        - Created buffer with size 512.0x1024.0
03:47:06.643 [JavaFX Application Thread] DEBUG TilesetLoader        - Loading view for layer Tile Layer 6
03:47:06.643 [JavaFX Application Thread] DEBUG TilesetLoader        - Created buffer with size 512.0x1024.0
03:47:06.679 [JavaFX Application Thread] DEBUG TilesetLoader        - Loading view for layer prop
03:47:06.680 [JavaFX Application Thread] DEBUG TilesetLoader        - Created buffer with size 512.0x1024.0
03:47:06.680 [JavaFX Application Thread] DEBUG TMXLevelLoader       - Creating object layer entities
03:47:06.777 [JavaFX Application Thread] DEBUG EventBus             - Firing event: com.GameEvent.BackMainScene[source=javafx.event.Event$$Lambda/0x000001c916172fa8@36ab4037]
03:47:06.778 [JavaFX Application Thread] WARN  TMXLevelLoader       - TiledMap generated from 1.11.2. Supported version: 1.9.0. Some features may not be parsed fully.
03:47:06.780 [JavaFX Application Thread] DEBUG TMXLevelLoader       - Parsed TiledMap: file:/C:/Users/frank/Desktop/ProjectFun/myproject/myproject/target/classes/assets/levels/scene1.tmx
03:47:06.781 [JavaFX Application Thread] DEBUG TMXLevelLoader       - Creating tile layer entities
03:47:06.781 [JavaFX Application Thread] DEBUG TilesetLoader        - Loading view for layer lowefloor
03:47:06.781 [JavaFX Application Thread] DEBUG TilesetLoader        - Created buffer with size 512.0x1024.0
03:47:06.798 [JavaFX Application Thread] DEBUG TilesetLoader        - Loading view for layer cliff
03:47:06.798 [JavaFX Application Thread] DEBUG TilesetLoader        - Created buffer with size 512.0x1024.0
03:47:06.798 [JavaFX Application Thread] DEBUG TilesetLoader        - Loading view for layer cliff1
03:47:06.798 [JavaFX Application Thread] DEBUG TilesetLoader        - Created buffer with size 512.0x1024.0
03:47:06.798 [JavaFX Application Thread] DEBUG TilesetLoader        - Loading view for layer cliff2
03:47:06.798 [JavaFX Application Thread] DEBUG TilesetLoader        - Created buffer with size 512.0x1024.0
03:47:06.798 [JavaFX Application Thread] DEBUG TilesetLoader        - Loading view for layer Tile Layer 3
03:47:06.799 [JavaFX Application Thread] DEBUG TilesetLoader        - Created buffer with size 512.0x1024.0
03:47:06.799 [JavaFX Application Thread] DEBUG TilesetLoader        - Loading view for layer Tile Layer 6
03:47:06.799 [JavaFX Application Thread] DEBUG TilesetLoader        - Created buffer with size 512.0x1024.0
03:47:06.835 [JavaFX Application Thread] DEBUG TilesetLoader        - Loading view for layer prop
03:47:06.835 [JavaFX Application Thread] DEBUG TilesetLoader        - Created buffer with size 512.0x1024.0
03:47:06.835 [JavaFX Application Thread] DEBUG TMXLevelLoader       - Creating object layer entities
03:47:06.836 [JavaFX Application Thread] DEBUG GameWorld            - Clearing removable entities
03:47:06.837 [JavaFX Application Thread] DEBUG GameWorld            - Setting level: com.almasb.fxgl.entity.level.Level@7ea47ff
03:47:06.839 [JavaFX Application Thread] WARN  TMXLevelLoader       - TiledMap generated from 1.11.2. Supported version: 1.9.0. Some features may not be parsed fully.
03:47:06.841 [JavaFX Application Thread] DEBUG TMXLevelLoader       - Parsed TiledMap: file:/C:/Users/frank/Desktop/ProjectFun/myproject/myproject/target/classes/assets/levels/scene1.tmx
03:47:06.841 [JavaFX Application Thread] DEBUG TMXLevelLoader       - Creating tile layer entities
03:47:06.841 [JavaFX Application Thread] DEBUG TilesetLoader        - Loading view for layer lowefloor
03:47:06.841 [JavaFX Application Thread] DEBUG TilesetLoader        - Created buffer with size 512.0x1024.0
03:47:06.856 [JavaFX Application Thread] DEBUG TilesetLoader        - Loading view for layer cliff
03:47:06.856 [JavaFX Application Thread] DEBUG TilesetLoader        - Created buffer with size 512.0x1024.0
03:47:06.856 [JavaFX Application Thread] DEBUG TilesetLoader        - Loading view for layer cliff1
03:47:06.856 [JavaFX Application Thread] DEBUG TilesetLoader        - Created buffer with size 512.0x1024.0
03:47:06.856 [JavaFX Application Thread] DEBUG TilesetLoader        - Loading view for layer cliff2
03:47:06.860 [JavaFX Application Thread] DEBUG TilesetLoader        - Created buffer with size 512.0x1024.0
03:47:06.860 [JavaFX Application Thread] DEBUG TilesetLoader        - Loading view for layer Tile Layer 3
03:47:06.860 [JavaFX Application Thread] DEBUG TilesetLoader        - Created buffer with size 512.0x1024.0
03:47:06.860 [JavaFX Application Thread] DEBUG TilesetLoader        - Loading view for layer Tile Layer 6
03:47:06.861 [JavaFX Application Thread] DEBUG TilesetLoader        - Created buffer with size 512.0x1024.0
03:47:06.897 [JavaFX Application Thread] DEBUG TilesetLoader        - Loading view for layer prop
03:47:06.897 [JavaFX Application Thread] DEBUG TilesetLoader        - Created buffer with size 512.0x1024.0
03:47:06.897 [JavaFX Application Thread] DEBUG TMXLevelLoader       - Creating object layer entities
03:47:06.991 [JavaFX Application Thread] DEBUG EventBus             - Firing event: com.GameEvent.BackMainScene[source=javafx.event.Event$$Lambda/0x000001c916172fa8@36ab4037]
03:47:06.993 [JavaFX Application Thread] WARN  TMXLevelLoader       - TiledMap generated from 1.11.2. Supported version: 1.9.0. Some features may not be parsed fully.
03:47:06.996 [JavaFX Application Thread] DEBUG TMXLevelLoader       - Parsed TiledMap: file:/C:/Users/frank/Desktop/ProjectFun/myproject/myproject/target/classes/assets/levels/scene1.tmx
03:47:06.996 [JavaFX Application Thread] DEBUG TMXLevelLoader       - Creating tile layer entities
03:47:06.997 [JavaFX Application Thread] DEBUG TilesetLoader        - Loading view for layer lowefloor
03:47:06.997 [JavaFX Application Thread] DEBUG TilesetLoader        - Created buffer with size 512.0x1024.0
03:47:07.019 [JavaFX Application Thread] DEBUG TilesetLoader        - Loading view for layer cliff
03:47:07.019 [JavaFX Application Thread] DEBUG TilesetLoader        - Created buffer with size 512.0x1024.0
03:47:07.020 [JavaFX Application Thread] DEBUG TilesetLoader        - Loading view for layer cliff1
03:47:07.020 [JavaFX Application Thread] DEBUG TilesetLoader        - Created buffer with size 512.0x1024.0
03:47:07.020 [JavaFX Application Thread] DEBUG TilesetLoader        - Loading view for layer cliff2
03:47:07.021 [JavaFX Application Thread] DEBUG TilesetLoader        - Created buffer with size 512.0x1024.0
03:47:07.021 [JavaFX Application Thread] DEBUG TilesetLoader        - Loading view for layer Tile Layer 3
03:47:07.021 [JavaFX Application Thread] DEBUG TilesetLoader        - Created buffer with size 512.0x1024.0
03:47:07.022 [JavaFX Application Thread] DEBUG TilesetLoader        - Loading view for layer Tile Layer 6
03:47:07.022 [JavaFX Application Thread] DEBUG TilesetLoader        - Created buffer with size 512.0x1024.0
03:47:07.091 [JavaFX Application Thread] DEBUG TilesetLoader        - Loading view for layer prop
03:47:07.091 [JavaFX Application Thread] DEBUG TilesetLoader        - Created buffer with size 512.0x1024.0
03:47:07.091 [JavaFX Application Thread] DEBUG TMXLevelLoader       - Creating object layer entities
03:47:07.093 [JavaFX Application Thread] DEBUG GameWorld            - Clearing removable entities
03:47:07.093 [JavaFX Application Thread] DEBUG GameWorld            - Setting level: com.almasb.fxgl.entity.level.Level@4fb22f4f
03:47:07.095 [JavaFX Application Thread] WARN  TMXLevelLoader       - TiledMap generated from 1.11.2. Supported version: 1.9.0. Some features may not be parsed fully.
03:47:07.097 [JavaFX Application Thread] DEBUG TMXLevelLoader       - Parsed TiledMap: file:/C:/Users/frank/Desktop/ProjectFun/myproject/myproject/target/classes/assets/levels/scene1.tmx
03:47:07.097 [JavaFX Application Thread] DEBUG TMXLevelLoader       - Creating tile layer entities
03:47:07.098 [JavaFX Application Thread] DEBUG TilesetLoader        - Loading view for layer lowefloor
03:47:07.098 [JavaFX Application Thread] DEBUG TilesetLoader        - Created buffer with size 512.0x1024.0
03:47:07.114 [JavaFX Application Thread] DEBUG TilesetLoader        - Loading view for layer cliff
03:47:07.114 [JavaFX Application Thread] DEBUG TilesetLoader        - Created buffer with size 512.0x1024.0
03:47:07.114 [JavaFX Application Thread] DEBUG TilesetLoader        - Loading view for layer cliff1
03:47:07.114 [JavaFX Application Thread] DEBUG TilesetLoader        - Created buffer with size 512.0x1024.0
03:47:07.114 [JavaFX Application Thread] DEBUG TilesetLoader        - Loading view for layer cliff2
03:47:07.114 [JavaFX Application Thread] DEBUG TilesetLoader        - Created buffer with size 512.0x1024.0
03:47:07.114 [JavaFX Application Thread] DEBUG TilesetLoader        - Loading view for layer Tile Layer 3
03:47:07.115 [JavaFX Application Thread] DEBUG TilesetLoader        - Created buffer with size 512.0x1024.0
03:47:07.115 [JavaFX Application Thread] DEBUG TilesetLoader        - Loading view for layer Tile Layer 6
03:47:07.115 [JavaFX Application Thread] DEBUG TilesetLoader        - Created buffer with size 512.0x1024.0
03:47:07.150 [JavaFX Application Thread] DEBUG TilesetLoader        - Loading view for layer prop
03:47:07.150 [JavaFX Application Thread] DEBUG TilesetLoader        - Created buffer with size 512.0x1024.0
03:47:07.150 [JavaFX Application Thread] DEBUG TMXLevelLoader       - Creating object layer entities
03:47:07.183 [JavaFX Application Thread] DEBUG EventBus             - Firing event: com.GameEvent.BackMainScene[source=javafx.event.Event$$Lambda/0x000001c916172fa8@36ab4037]
03:47:07.185 [JavaFX Application Thread] WARN  TMXLevelLoader       - TiledMap generated from 1.11.2. Supported version: 1.9.0. Some features may not be parsed fully.
03:47:07.187 [JavaFX Application Thread] DEBUG TMXLevelLoader       - Parsed TiledMap: file:/C:/Users/frank/Desktop/ProjectFun/myproject/myproject/target/classes/assets/levels/scene1.tmx
03:47:07.187 [JavaFX Application Thread] DEBUG TMXLevelLoader       - Creating tile layer entities
03:47:07.187 [JavaFX Application Thread] DEBUG TilesetLoader        - Loading view for layer lowefloor
03:47:07.188 [JavaFX Application Thread] DEBUG TilesetLoader        - Created buffer with size 512.0x1024.0
03:47:07.201 [JavaFX Application Thread] DEBUG TilesetLoader        - Loading view for layer cliff
03:47:07.201 [JavaFX Application Thread] DEBUG TilesetLoader        - Created buffer with size 512.0x1024.0
03:47:07.201 [JavaFX Application Thread] DEBUG TilesetLoader        - Loading view for layer cliff1
03:47:07.202 [JavaFX Application Thread] DEBUG TilesetLoader        - Created buffer with size 512.0x1024.0
03:47:07.202 [JavaFX Application Thread] DEBUG TilesetLoader        - Loading view for layer cliff2
03:47:07.202 [JavaFX Application Thread] DEBUG TilesetLoader        - Created buffer with size 512.0x1024.0
03:47:07.202 [JavaFX Application Thread] DEBUG TilesetLoader        - Loading view for layer Tile Layer 3
03:47:07.202 [JavaFX Application Thread] DEBUG TilesetLoader        - Created buffer with size 512.0x1024.0
03:47:07.202 [JavaFX Application Thread] DEBUG TilesetLoader        - Loading view for layer Tile Layer 6
03:47:07.202 [JavaFX Application Thread] DEBUG TilesetLoader        - Created buffer with size 512.0x1024.0
03:47:07.236 [JavaFX Application Thread] DEBUG TilesetLoader        - Loading view for layer prop
03:47:07.237 [JavaFX Application Thread] DEBUG TilesetLoader        - Created buffer with size 512.0x1024.0
03:47:07.237 [JavaFX Application Thread] DEBUG TMXLevelLoader       - Creating object layer entities
03:47:07.238 [JavaFX Application Thread] DEBUG GameWorld            - Clearing removable entities
03:47:07.239 [JavaFX Application Thread] DEBUG GameWorld            - Setting level: com.almasb.fxgl.entity.level.Level@2d54674d
03:47:07.241 [JavaFX Application Thread] WARN  TMXLevelLoader       - TiledMap generated from 1.11.2. Supported version: 1.9.0. Some features may not be parsed fully.
03:47:07.242 [JavaFX Application Thread] DEBUG TMXLevelLoader       - Parsed TiledMap: file:/C:/Users/frank/Desktop/ProjectFun/myproject/myproject/target/classes/assets/levels/scene1.tmx
03:47:07.242 [JavaFX Application Thread] DEBUG TMXLevelLoader       - Creating tile layer entities
03:47:07.242 [JavaFX Application Thread] DEBUG TilesetLoader        - Loading view for layer lowefloor
03:47:07.242 [JavaFX Application Thread] DEBUG TilesetLoader        - Created buffer with size 512.0x1024.0
03:47:07.257 [JavaFX Application Thread] DEBUG TilesetLoader        - Loading view for layer cliff
03:47:07.257 [JavaFX Application Thread] DEBUG TilesetLoader        - Created buffer with size 512.0x1024.0
03:47:07.257 [JavaFX Application Thread] DEBUG TilesetLoader        - Loading view for layer cliff1
03:47:07.260 [JavaFX Application Thread] DEBUG TilesetLoader        - Created buffer with size 512.0x1024.0
03:47:07.261 [JavaFX Application Thread] DEBUG TilesetLoader        - Loading view for layer cliff2
03:47:07.261 [JavaFX Application Thread] DEBUG TilesetLoader        - Created buffer with size 512.0x1024.0
03:47:07.261 [JavaFX Application Thread] DEBUG TilesetLoader        - Loading view for layer Tile Layer 3
03:47:07.261 [JavaFX Application Thread] DEBUG TilesetLoader        - Created buffer with size 512.0x1024.0
03:47:07.261 [JavaFX Application Thread] DEBUG TilesetLoader        - Loading view for layer Tile Layer 6
03:47:07.261 [JavaFX Application Thread] DEBUG TilesetLoader        - Created buffer with size 512.0x1024.0
03:47:07.297 [JavaFX Application Thread] DEBUG TilesetLoader        - Loading view for layer prop
03:47:07.297 [JavaFX Application Thread] DEBUG TilesetLoader        - Created buffer with size 512.0x1024.0
03:47:07.297 [JavaFX Application Thread] DEBUG TMXLevelLoader       - Creating object layer entities
03:47:12.236 [JavaFX Application Thread] DEBUG FXGLApplication      - Exiting FXGL
03:47:12.236 [JavaFX Application Thread] DEBUG LoopRunner           - Stopping loop
03:47:12.236 [JavaFX Application Thread] DEBUG SystemBundleService  - Saving FXGL system data
03:47:12.240 [JavaFX Application Thread] DEBUG FileSystemAccess     - Writing to: C:\Users\frank\Desktop\ProjectFun\myproject\myproject\system\fxgl.bundle
03:47:12.245 [JavaFX Application Thread] DEBUG Async                - Shutting down background threads
03:47:12.245 [JavaFX Application Thread] DEBUG PrimaryStageWindow   - Closing main window
03:47:12.275 [JavaFX Application Thread] DEBUG Logger               - Closing Logger
