02:27:02.420 [main                     ] DEBUG Logger               - Configured Logger
02:27:02.438 [main                     ] DEBUG GameApplication      - Logging settings
Title: Final Journey
Version: Alpha
Width: 1280
Height: 720
Fullscreen: true
Intro: false
Profiling: false
Single step:false
App Mode: DEVELOPER
Menu Key: ESCAPE
Stage Style: DECORATED
Scene Factory: class com.almasb.fxgl.app.scene.SceneFactory

02:27:02.866 [JavaFX Application Thread] DEBUG FXGLApplication      - Initializing FXGL
02:27:02.870 [JavaFX Application Thread] INFO  Engine               - FXGL-21.1 (27.03.2024 07.52) on WINDOWS (J:21.0.5 FX:21.0.1)
02:27:02.871 [JavaFX Application Thread] DEBUG Engine               - JRE Vendor Name: Eclipse Adoptium
02:27:02.871 [JavaFX Application Thread] DEBUG Engine               - Running on OS: Windows 11 version 10.0
02:27:02.871 [JavaFX Application Thread] DEBUG Engine               - Architecture: amd64
02:27:02.871 [JavaFX Application Thread] INFO  Engine               - Source code and latest versions at: https://github.com/AlmasB/FXGL
02:27:02.871 [JavaFX Application Thread] INFO  Engine               -       Ask questions and discuss at: https://github.com/AlmasB/FXGL/discussions
02:27:02.872 [JavaFX Application Thread] INFO  Engine               -              Join the FXGL chat at: https://gitter.im/AlmasB/FXGL
02:27:02.973 [JavaFX Application Thread] DEBUG PrimaryStageWindow   - Creating a JavaFX scene
02:27:03.021 [JavaFX Application Thread] DEBUG PrimaryStageWindow   - Target settings size: 1280.0 x 720.0
02:27:03.022 [JavaFX Application Thread] DEBUG PrimaryStageWindow   - Scaled scene size:    1280.0 x 720.0
02:27:03.022 [JavaFX Application Thread] DEBUG PrimaryStageWindow   - Scaled ratio: (1.0, 1.0)
02:27:03.023 [JavaFX Application Thread] DEBUG PrimaryStageWindow   - Set initial scene to FXGLStartupScene
02:27:03.027 [JavaFX Application Thread] DEBUG PrimaryStageWindow   - Opening main window
02:27:03.118 [JavaFX Application Thread] DEBUG PrimaryStageWindow   - Window border size: (14.4000244140625, 37.5999755859375)
02:27:03.118 [JavaFX Application Thread] DEBUG PrimaryStageWindow   - Scaled size: 1280.0 x 720.0
02:27:03.118 [JavaFX Application Thread] DEBUG PrimaryStageWindow   - Scaled ratio: (1.0, 1.0)
02:27:03.119 [JavaFX Application Thread] DEBUG PrimaryStageWindow   - Scene size: 1280.0 x 720.0
02:27:03.119 [JavaFX Application Thread] DEBUG PrimaryStageWindow   - Stage size: 1294.4000244140625 x 757.5999755859375
02:27:03.184 [JavaFX Application Thread] DEBUG PrimaryStageWindow   - Going fullscreen
02:27:03.192 [FXGL Background Thread 1 ] DEBUG Engine               - Initializing environment variables
02:27:03.250 [FXGL Background Thread 1 ] DEBUG FXGLAssetLoaderServi - User app class for loading assets: class com.project.App
02:27:03.250 [FXGL Background Thread 1 ] DEBUG GameApplicationServi - Applying CSS: fxgl_dark.css
02:27:03.251 [FXGL Background Thread 1 ] DEBUG FXGLAssetLoaderServi - Loading from file system: jar:file:/C:/Users/Lenovo/.m2/repository/com/github/almasb/fxgl/21.1/fxgl-21.1.jar!/fxglassets/ui/css/fxgl_dark.css
02:27:03.287 [FXGL Background Thread 1 ] DEBUG GameApplicationServi - Initializing application scenes
02:27:03.327 [FXGL Background Thread 1 ] DEBUG GameWorld            - Game world initialized
02:27:03.387 [FXGL Background Thread 1 ] DEBUG PhysicsWorld         - Physics world initialized: appHeight=720, physics.ppm=50.0
02:27:03.387 [FXGL Background Thread 1 ] DEBUG PhysicsWorld         - Using strategy: BRUTE_FORCE
02:27:03.389 [FXGL Background Thread 1 ] DEBUG GameScene            - Game scene initialized: 1280x720
02:27:03.399 [FXGL Background Thread 1 ] DEBUG FXGL.DefaultMenu     - createMenuBodyGameMenu()
02:27:03.412 [FXGL Background Thread 1 ] DEBUG FXGL.DefaultMenu     - createOptionsMenu()
02:27:03.420 [FXGL Background Thread 1 ] DEBUG FXGLAssetLoaderServi - Loading from file system: jar:file:/C:/Users/Lenovo/.m2/repository/com/github/almasb/fxgl/21.1/fxgl-21.1.jar!/fxglassets/textures/particles/smoke.png
02:27:03.509 [FXGL Background Thread 1 ] DEBUG FXGLAssetLoaderServi - Loading from file system: jar:file:/C:/Users/Lenovo/.m2/repository/com/github/almasb/fxgl/21.1/fxgl-21.1.jar!/fxglassets/textures/particles/trace_horizontal.png
02:27:03.530 [FXGL Background Thread 1 ] DEBUG GameApplicationServi - Application scenes initialized
02:27:03.544 [FXGL Background Thread 1 ] DEBUG SystemBundleService  - Loading FXGL system data
02:27:03.547 [FXGL Background Thread 1 ] DEBUG FileSystemAccess     - Reading from: C:\Users\Lenovo\ProjectJava3.0\myproject\myproject\system\fxgl.bundle
02:27:03.556 [FXGL Background Thread 1 ] DEBUG SystemBundleService  - Bundle FXGL: {}
02:27:03.556 [FXGL Background Thread 1 ] DEBUG UpdaterService       - Checking for updates
02:27:03.584 [FXGL Background Thread 4 ] DEBUG FXGLApplication      - Loading fonts
02:27:03.585 [FXGL Background Thread 4 ] DEBUG FXGLAssetLoaderServi - Loading from file system: jar:file:/C:/Users/Lenovo/.m2/repository/com/github/almasb/fxgl/21.1/fxgl-21.1.jar!/fxglassets/ui/fonts/VarelaRound-Regular.ttf
02:27:03.585 [FXGL Background Thread 1 ] DEBUG FXGLApplication      - Loading default localization
02:27:03.586 [FXGL Background Thread 1 ] DEBUG FXGLAssetLoaderServi - Loading from file system: jar:file:/C:/Users/Lenovo/.m2/repository/com/github/almasb/fxgl/21.1/fxgl-21.1.jar!/fxglassets/languages/english.lang
02:27:03.621 [FXGL Background Thread 4 ] DEBUG FXGLAssetLoaderServi - Loading from file system: jar:file:/C:/Users/Lenovo/.m2/repository/com/github/almasb/fxgl/21.1/fxgl-21.1.jar!/fxglassets/ui/fonts/Abel-Regular.ttf
02:27:03.624 [FXGL Background Thread 1 ] INFO  FXGLApplication      - FXGL initialization took: 0.432 sec
02:27:03.624 [FXGL Background Thread 4 ] DEBUG FXGLAssetLoaderServi - Loading from file system: jar:file:/C:/Users/Lenovo/.m2/repository/com/github/almasb/fxgl/21.1/fxgl-21.1.jar!/fxglassets/ui/fonts/TerminalLandMono-Regular.otf
02:27:03.629 [FXGL Background Thread 4 ] DEBUG FXGLAssetLoaderServi - Loading from file system: jar:file:/C:/Users/Lenovo/.m2/repository/com/github/almasb/fxgl/21.1/fxgl-21.1.jar!/fxglassets/ui/fonts/Courier-Prime.ttf
02:27:03.636 [JavaFX Application Thread] DEBUG Input                - Registered new binding: Right - D
02:27:03.637 [JavaFX Application Thread] DEBUG Input                - Registered new binding: Left - A
02:27:03.637 [JavaFX Application Thread] DEBUG Input                - Registered new binding: Up - W
02:27:03.637 [JavaFX Application Thread] DEBUG Input                - Registered new binding: Down - S
02:27:03.637 [JavaFX Application Thread] DEBUG Input                - Registered new binding: Interact - E
02:27:03.637 [JavaFX Application Thread] DEBUG FXGLAssetLoaderServi - Loading from file system: jar:file:/C:/Users/Lenovo/.m2/repository/com/github/almasb/fxgl/21.1/fxgl-21.1.jar!/fxglassets/textures/fxgl_icon.png
02:27:03.654 [JavaFX Application Thread] DEBUG FXGLAssetLoaderServi - Loading from file system: jar:file:/C:/Users/Lenovo/.m2/repository/com/github/almasb/fxgl/21.1/fxgl-21.1.jar!/fxglassets/textures/fxgl_default_cursor.png
02:27:03.656 [JavaFX Application Thread] DEBUG Input                - Registered new binding: Screenshot - CTRL+8
02:27:03.657 [JavaFX Application Thread] DEBUG Input                - Registered new binding: Dev Options - 1
02:27:03.657 [JavaFX Application Thread] DEBUG Input                - Registered new binding: Dev Console - 2
02:27:03.658 [JavaFX Application Thread] DEBUG Input                - Registered new binding: System info dump - CTRL+9
02:27:03.658 [JavaFX Application Thread] DEBUG Input                - Registered new binding: Restart - CTRL+R
02:27:03.659 [JavaFX Application Thread] DEBUG Input                - Registered new binding: Toggle Debug Camera - CTRL+7
02:27:03.665 [JavaFX Application Thread] DEBUG LoopRunner           - Starting loop
02:27:03.689 [JavaFX Application Thread] DEBUG LoopRunner           - Initializing JavaFX AnimationTimerLoop
02:27:03.691 [JavaFX Application Thread] DEBUG GameApplicationServi - Starting new game
02:27:03.692 [JavaFX Application Thread] DEBUG Input                - Clearing active input actions
02:27:03.702 [JavaFX Application Thread] DEBUG GameApplicationServi - Removing overlay from FXGLStartupScene and adding to FXGLLoadingScene
02:27:03.706 [JavaFX Application Thread] DEBUG PrimaryStageWindow   - FXGLStartupScene -> FXGLLoadingScene
02:27:03.707 [JavaFX Application Thread] DEBUG GameApplicationServi - Clearing previous game
02:27:03.707 [JavaFX Application Thread] DEBUG GameScene            - Clearing game scene
02:27:03.707 [JavaFX Application Thread] DEBUG GameWorld            - Clearing game world
02:27:03.707 [JavaFX Application Thread] DEBUG PhysicsWorld         - Clearing physics world
02:27:03.708 [JavaFX Application Thread] DEBUG FXGLApplication      - Registering font factories with UI factory
02:27:03.714 [FXGL Background Thread 4 ] DEBUG FXGLApplication      - Initializing game
02:27:03.756 [FXGL Background Thread 4 ] WARN  TMXLevelLoader       - TiledMap generated from 1.11.2. Supported version: 1.9.0. Some features may not be parsed fully.
02:27:03.782 [FXGL Background Thread 4 ] DEBUG TMXLevelLoader       - Parsed TiledMap: file:/C:/Users/Lenovo/ProjectJava3.0/myproject/myproject/target/classes/assets/levels/scene1.tmx
02:27:03.783 [FXGL Background Thread 4 ] DEBUG TMXLevelLoader       - Creating tile layer entities
02:27:03.785 [FXGL Background Thread 4 ] DEBUG TilesetLoader        - Loading view for layer lowefloor
02:27:03.786 [FXGL Background Thread 4 ] DEBUG TilesetLoader        - Created buffer with size 512.0x1024.0
02:27:03.860 [FXGL Background Thread 4 ] DEBUG TilesetLoader        - Loading view for layer cliff
02:27:03.860 [FXGL Background Thread 4 ] DEBUG TilesetLoader        - Created buffer with size 512.0x1024.0
02:27:03.861 [FXGL Background Thread 4 ] DEBUG TilesetLoader        - Loading view for layer cliff1
02:27:03.863 [FXGL Background Thread 4 ] DEBUG TilesetLoader        - Created buffer with size 512.0x1024.0
02:27:03.865 [FXGL Background Thread 4 ] DEBUG TilesetLoader        - Loading view for layer cliff2
02:27:03.865 [FXGL Background Thread 4 ] DEBUG TilesetLoader        - Created buffer with size 512.0x1024.0
02:27:03.868 [FXGL Background Thread 4 ] DEBUG TilesetLoader        - Loading view for layer Tile Layer 3
02:27:03.868 [FXGL Background Thread 4 ] DEBUG TilesetLoader        - Created buffer with size 512.0x1024.0
02:27:03.871 [FXGL Background Thread 4 ] DEBUG TilesetLoader        - Loading view for layer Tile Layer 6
02:27:03.872 [FXGL Background Thread 4 ] DEBUG TilesetLoader        - Created buffer with size 512.0x1024.0
02:27:03.926 [FXGL Background Thread 4 ] DEBUG TilesetLoader        - Loading view for layer prop
02:27:03.926 [FXGL Background Thread 4 ] DEBUG TilesetLoader        - Created buffer with size 512.0x1024.0
02:27:03.927 [FXGL Background Thread 4 ] DEBUG TMXLevelLoader       - Creating object layer entities
02:27:03.967 [FXGL Background Thread 4 ] DEBUG FXGLAssetLoaderServi - Loading from file system: file:/C:/Users/Lenovo/ProjectJava3.0/myproject/myproject/target/classes/assets/textures/Actor1.png
02:27:03.984 [FXGL Background Thread 4 ] DEBUG FXGLAssetLoaderServi - Loading from file system: file:/C:/Users/Lenovo/ProjectJava3.0/myproject/myproject/target/classes/assets/textures/Rex.png
02:27:03.989 [FXGL Background Thread 4 ] WARN  TMXLevelLoader       - TiledMap generated from 1.11.2. Supported version: 1.9.0. Some features may not be parsed fully.
02:27:04.002 [FXGL Background Thread 4 ] DEBUG TMXLevelLoader       - Parsed TiledMap: file:/C:/Users/Lenovo/ProjectJava3.0/myproject/myproject/target/classes/assets/levels/scene1.tmx
02:27:04.002 [FXGL Background Thread 4 ] DEBUG TMXLevelLoader       - Creating tile layer entities
02:27:04.002 [FXGL Background Thread 4 ] DEBUG TilesetLoader        - Loading view for layer lowefloor
02:27:04.002 [FXGL Background Thread 4 ] DEBUG TilesetLoader        - Created buffer with size 512.0x1024.0
02:27:04.030 [FXGL Background Thread 4 ] DEBUG TilesetLoader        - Loading view for layer cliff
02:27:04.031 [FXGL Background Thread 4 ] DEBUG TilesetLoader        - Created buffer with size 512.0x1024.0
02:27:04.032 [FXGL Background Thread 4 ] DEBUG TilesetLoader        - Loading view for layer cliff1
02:27:04.032 [FXGL Background Thread 4 ] DEBUG TilesetLoader        - Created buffer with size 512.0x1024.0
02:27:04.033 [FXGL Background Thread 4 ] DEBUG TilesetLoader        - Loading view for layer cliff2
02:27:04.034 [FXGL Background Thread 4 ] DEBUG TilesetLoader        - Created buffer with size 512.0x1024.0
02:27:04.035 [FXGL Background Thread 4 ] DEBUG TilesetLoader        - Loading view for layer Tile Layer 3
02:27:04.035 [FXGL Background Thread 4 ] DEBUG TilesetLoader        - Created buffer with size 512.0x1024.0
02:27:04.036 [FXGL Background Thread 4 ] DEBUG TilesetLoader        - Loading view for layer Tile Layer 6
02:27:04.037 [FXGL Background Thread 4 ] DEBUG TilesetLoader        - Created buffer with size 512.0x1024.0
02:27:04.086 [FXGL Background Thread 4 ] DEBUG TilesetLoader        - Loading view for layer prop
02:27:04.087 [FXGL Background Thread 4 ] DEBUG TilesetLoader        - Created buffer with size 512.0x1024.0
02:27:04.088 [FXGL Background Thread 4 ] DEBUG TMXLevelLoader       - Creating object layer entities
02:27:04.099 [FXGL Background Thread 4 ] DEBUG GameWorld            - Clearing removable entities
02:27:04.100 [FXGL Background Thread 4 ] DEBUG GameWorld            - Setting level: com.almasb.fxgl.entity.level.Level@5efbbdca
02:27:04.117 [FXGL Background Thread 4 ] INFO  FXGLApplication      - Game initialization took: 0.404 sec
02:27:04.118 [JavaFX Application Thread] DEBUG Input                - Clearing active input actions
02:27:04.129 [JavaFX Application Thread] DEBUG GameApplicationServi - Removing overlay from FXGLLoadingScene and adding to GameScene
02:27:04.134 [JavaFX Application Thread] DEBUG PrimaryStageWindow   - FXGLLoadingScene -> GameScene
02:27:06.567 [JavaFX Application Thread] DEBUG FXGLAssetLoaderServi - Loading from file system: file:/C:/Users/Lenovo/ProjectJava3.0/myproject/myproject/target/classes/assets/text/filetext.txt
02:27:06.570 [JavaFX Application Thread] DEBUG EventBus             - Firing event: com.GameEvent.CombatScene[source=javafx.event.Event$$Lambda/0x00000222071729c0@168cbe5f]
02:27:06.574 [JavaFX Application Thread] WARN  TMXLevelLoader       - TiledMap generated from 1.11.2. Supported version: 1.9.0. Some features may not be parsed fully.
02:27:06.580 [JavaFX Application Thread] DEBUG TMXLevelLoader       - Parsed TiledMap: file:/C:/Users/Lenovo/ProjectJava3.0/myproject/myproject/target/classes/assets/levels/battle1.tmx
02:27:06.580 [JavaFX Application Thread] DEBUG TMXLevelLoader       - Creating tile layer entities
02:27:06.581 [JavaFX Application Thread] DEBUG TilesetLoader        - Loading view for layer Tile Layer 1
02:27:06.584 [FXGL Background Thread 3 ] DEBUG Engine               - Logging environment variables
02:27:06.585 [FXGL Background Thread 3 ] DEBUG Engine               - achievements: []
02:27:06.585 [JavaFX Application Thread] DEBUG TilesetLoader        - Created buffer with size 2048.0x1024.0
02:27:06.585 [FXGL Background Thread 3 ] DEBUG Engine               - actualHeight: 864.0
02:27:06.586 [FXGL Background Thread 3 ] DEBUG Engine               - actualHeightProperty: ReadOnlyDoubleProperty [value: 864.0]
02:27:06.586 [FXGL Background Thread 3 ] DEBUG Engine               - actualWidth: 1536.0
02:27:06.587 [FXGL Background Thread 3 ] DEBUG Engine               - actualWidthProperty: ReadOnlyDoubleProperty [value: 1536.0]
02:27:06.587 [FXGL Background Thread 3 ] DEBUG Engine               - appIcon: fxgl_icon.png
02:27:06.588 [FXGL Background Thread 3 ] DEBUG Engine               - applicationMode: DEVELOPER
02:27:06.588 [FXGL Background Thread 3 ] DEBUG Engine               - cSSList: [fxgl_dark.css]
02:27:06.589 [FXGL Background Thread 3 ] DEBUG Engine               - collisionDetectionStrategy: BRUTE_FORCE
02:27:06.589 [FXGL Background Thread 3 ] DEBUG Engine               - configClass: Optional.empty
02:27:06.589 [FXGL Background Thread 3 ] DEBUG Engine               - credits: []
02:27:06.589 [FXGL Background Thread 3 ] DEBUG Engine               - defaultCursor: CursorInfo(imageName=fxgl_default_cursor.png, hotspotX=7.0, hotspotY=6.0)
02:27:06.590 [FXGL Background Thread 3 ] DEBUG Engine               - devBBoxColorProperty: ObjectProperty [value: 0xff0000ff]
02:27:06.590 [FXGL Background Thread 3 ] DEBUG Engine               - devEnableDebugCameraProperty: BooleanProperty [value: false]
02:27:06.590 [FXGL Background Thread 3 ] DEBUG Engine               - devSensorColorProperty: ObjectProperty [value: 0xffff00ff]
02:27:06.590 [FXGL Background Thread 3 ] DEBUG Engine               - devShowBBoxProperty: BooleanProperty [value: false]
02:27:06.590 [FXGL Background Thread 3 ] DEBUG Engine               - devShowPositionProperty: BooleanProperty [value: false]
02:27:06.591 [FXGL Background Thread 3 ] DEBUG Engine               - enabledMenuItems: []
02:27:06.591 [FXGL Background Thread 3 ] DEBUG Engine               - engineServices: [class com.almasb.fxgl.app.services.FXGLAssetLoaderService, class com.almasb.fxgl.app.FXGLApplication$GameApplicationService, class com.almasb.fxgl.app.services.FXGLDialogService, class com.almasb.fxgl.app.services.IOTaskExecutorService, class com.almasb.fxgl.io.FileSystemService, class com.almasb.fxgl.localization.LocalizationService, class com.almasb.fxgl.app.services.SystemBundleService, class com.almasb.fxgl.profile.SaveLoadService, class com.almasb.fxgl.ui.FXGLUIFactoryServiceProvider, class com.almasb.fxgl.ui.FXGLDialogFactoryServiceProvider, class com.almasb.fxgl.audio.AudioPlayer, class com.almasb.fxgl.notification.impl.NotificationServiceProvider, class com.almasb.fxgl.achievement.AchievementService, class com.almasb.fxgl.cutscene.CutsceneService, class com.almasb.fxgl.minigames.MiniGameService, class com.almasb.fxgl.net.NetService, class com.almasb.fxgl.app.services.UpdaterService, class com.almasb.fxgl.dev.DevService]
02:27:06.591 [FXGL Background Thread 3 ] DEBUG Engine               - fontGame: Abel-Regular.ttf
02:27:06.591 [FXGL Background Thread 3 ] DEBUG Engine               - fontMono: TerminalLandMono-Regular.otf
02:27:06.591 [FXGL Background Thread 3 ] DEBUG Engine               - fontSizeScaleUI: 1.0
02:27:06.592 [FXGL Background Thread 3 ] DEBUG Engine               - fontText: Courier-Prime.ttf
02:27:06.592 [FXGL Background Thread 3 ] DEBUG Engine               - fontUI: VarelaRound-Regular.ttf
02:27:06.593 [FXGL Background Thread 3 ] DEBUG Engine               - fullScreen: BooleanProperty [value: true]
02:27:06.593 [FXGL Background Thread 3 ] DEBUG Engine               - gameDifficulty: MEDIUM
02:27:06.593 [FXGL Background Thread 3 ] DEBUG Engine               - gameDifficultyProperty: ObjectProperty [value: MEDIUM]
02:27:06.594 [FXGL Background Thread 3 ] DEBUG Engine               - globalMusicVolume: 0.5
02:27:06.594 [FXGL Background Thread 3 ] DEBUG Engine               - globalMusicVolumeProperty: DoubleProperty [value: 0.5]
02:27:06.594 [FXGL Background Thread 3 ] DEBUG Engine               - globalSoundVolume: 0.5
02:27:06.594 [FXGL Background Thread 3 ] DEBUG Engine               - globalSoundVolumeProperty: DoubleProperty [value: 0.5]
02:27:06.594 [FXGL Background Thread 3 ] DEBUG Engine               - height: 720
02:27:06.595 [FXGL Background Thread 3 ] DEBUG Engine               - is3D: false
02:27:06.595 [FXGL Background Thread 3 ] DEBUG Engine               - isAndroid: false
02:27:06.595 [FXGL Background Thread 3 ] DEBUG Engine               - isBrowser: false
02:27:06.595 [FXGL Background Thread 3 ] DEBUG Engine               - isClickFeedbackEnabled: false
02:27:06.595 [FXGL Background Thread 3 ] DEBUG Engine               - isCloseConfirmation: false
02:27:06.595 [FXGL Background Thread 3 ] DEBUG Engine               - isDesktop: true
02:27:06.595 [FXGL Background Thread 3 ] DEBUG Engine               - isDeveloperMenuEnabled: true
02:27:06.595 [FXGL Background Thread 3 ] DEBUG Engine               - isEmbedded: false
02:27:06.596 [FXGL Background Thread 3 ] DEBUG Engine               - isEntityPreloadEnabled: true
02:27:06.596 [FXGL Background Thread 3 ] DEBUG Engine               - isExperimentalTiledLargeMap: false
02:27:06.596 [FXGL Background Thread 3 ] DEBUG Engine               - isFileSystemWriteAllowed: true
02:27:06.596 [FXGL Background Thread 3 ] DEBUG Engine               - isFullScreenAllowed: true
02:27:06.596 [FXGL Background Thread 3 ] DEBUG Engine               - isFullScreenFromStart: true
02:27:06.596 [FXGL Background Thread 3 ] DEBUG Engine               - isGameMenuEnabled: true
02:27:06.597 [FXGL Background Thread 3 ] DEBUG Engine               - isIOS: false
02:27:06.597 [FXGL Background Thread 3 ] DEBUG Engine               - isIntroEnabled: false
02:27:06.597 [FXGL Background Thread 3 ] DEBUG Engine               - isLinux: false
02:27:06.597 [FXGL Background Thread 3 ] DEBUG Engine               - isMac: false
02:27:06.597 [FXGL Background Thread 3 ] DEBUG Engine               - isMainMenuEnabled: false
02:27:06.597 [FXGL Background Thread 3 ] DEBUG Engine               - isManualResizeEnabled: false
02:27:06.597 [FXGL Background Thread 3 ] DEBUG Engine               - isMobile: false
02:27:06.597 [FXGL Background Thread 3 ] DEBUG Engine               - isNative: false
02:27:06.597 [FXGL Background Thread 3 ] DEBUG Engine               - isPauseMusicWhenMinimized: true
02:27:06.597 [FXGL Background Thread 3 ] DEBUG Engine               - isPreserveResizeRatio: false
02:27:06.597 [FXGL Background Thread 3 ] DEBUG Engine               - isProfilingEnabled: false
02:27:06.597 [FXGL Background Thread 3 ] DEBUG Engine               - isScaleAffectedOnResize: true
02:27:06.597 [FXGL Background Thread 3 ] DEBUG Engine               - isSingleStep: false
02:27:06.597 [FXGL Background Thread 3 ] DEBUG Engine               - isUserProfileEnabled: false
02:27:06.598 [FXGL Background Thread 3 ] DEBUG Engine               - isWindows: true
02:27:06.598 [FXGL Background Thread 3 ] DEBUG Engine               - language: ObjectProperty [value: ENGLISH]
02:27:06.598 [FXGL Background Thread 3 ] DEBUG Engine               - menuKey: ESCAPE
02:27:06.598 [FXGL Background Thread 3 ] DEBUG Engine               - mouseSensitivity: 0.2
02:27:06.598 [FXGL Background Thread 3 ] DEBUG Engine               - notificationViewClass: class com.almasb.fxgl.notification.view.XboxNotificationView
02:27:06.598 [FXGL Background Thread 3 ] DEBUG Engine               - pixelsPerMeter: 50.0
02:27:06.598 [FXGL Background Thread 3 ] DEBUG Engine               - platform: WINDOWS
02:27:06.598 [FXGL Background Thread 3 ] DEBUG Engine               - prefHeightProperty: ReadOnlyDoubleProperty [value: 720.0]
02:27:06.598 [FXGL Background Thread 3 ] DEBUG Engine               - prefWidthProperty: ReadOnlyDoubleProperty [value: 1280.0]
02:27:06.598 [FXGL Background Thread 3 ] DEBUG Engine               - profileDir: profiles/
02:27:06.598 [FXGL Background Thread 3 ] DEBUG Engine               - profileName: StringProperty [value: DEFAULT]
02:27:06.599 [FXGL Background Thread 3 ] DEBUG Engine               - randomSeed: -1
02:27:06.599 [FXGL Background Thread 3 ] DEBUG Engine               - runtimeInfo: RuntimeInfo(platform=WINDOWS, version=21.1, build=27.03.2024 07.52)
02:27:06.599 [FXGL Background Thread 3 ] DEBUG Engine               - saveFileExt: sav
02:27:06.599 [FXGL Background Thread 3 ] DEBUG Engine               - scaledHeightProp$fxgl: DoubleProperty [bound, value: 864.0]
02:27:06.600 [FXGL Background Thread 3 ] DEBUG Engine               - scaledWidthProp$fxgl: DoubleProperty [bound, value: 1536.0]
02:27:06.600 [FXGL Background Thread 3 ] DEBUG Engine               - sceneFactory: com.almasb.fxgl.app.scene.SceneFactory@7f93ec9e
02:27:06.600 [FXGL Background Thread 3 ] DEBUG Engine               - secondsIn24h: 60
02:27:06.600 [FXGL Background Thread 3 ] DEBUG Engine               - soundMenuBack: menu/back.wav
02:27:06.601 [FXGL Background Thread 3 ] DEBUG Engine               - soundMenuPress: menu/press.wav
02:27:06.601 [FXGL Background Thread 3 ] DEBUG Engine               - soundMenuSelect: menu/select.wav
02:27:06.601 [FXGL Background Thread 3 ] DEBUG Engine               - soundNotification: core/notification.wav
02:27:06.601 [FXGL Background Thread 3 ] DEBUG Engine               - stageStyle: DECORATED
02:27:06.601 [FXGL Background Thread 3 ] DEBUG Engine               - supportedLanguages: [ENGLISH, FRENCH, GERMAN, HUNGARIAN, RUSSIAN]
02:27:06.602 [FXGL Background Thread 3 ] DEBUG Engine               - ticksPerSecond: -1
02:27:06.602 [FXGL Background Thread 3 ] DEBUG Engine               - title: Final Journey
02:27:06.602 [FXGL Background Thread 3 ] DEBUG Engine               - urlGithub: https://github.com/AlmasB/FXGL
02:27:06.602 [FXGL Background Thread 3 ] DEBUG Engine               - urlLeaderboard: http://fxgl-top.herokuapp.com/
02:27:06.602 [FXGL Background Thread 3 ] DEBUG Engine               - urlPOM: https://raw.githubusercontent.com/AlmasB/FXGL/release/README.md
02:27:06.602 [FXGL Background Thread 3 ] DEBUG Engine               - userAppClass: class com.project.App
02:27:06.602 [FXGL Background Thread 3 ] DEBUG Engine               - version: Alpha
02:27:06.602 [FXGL Background Thread 3 ] DEBUG Engine               - versionCheckDays: 7
02:27:06.602 [FXGL Background Thread 3 ] DEBUG Engine               - width: 1280
02:27:06.602 [FXGL Background Thread 3 ] DEBUG Engine               - Logging services
02:27:06.602 [FXGL Background Thread 3 ] DEBUG Engine               - class com.almasb.fxgl.app.services.FXGLAssetLoaderService
02:27:06.602 [FXGL Background Thread 3 ] DEBUG Engine               - class com.almasb.fxgl.app.FXGLApplication$GameApplicationService
02:27:06.603 [FXGL Background Thread 3 ] DEBUG Engine               - class com.almasb.fxgl.app.services.FXGLDialogService
02:27:06.603 [FXGL Background Thread 3 ] DEBUG Engine               - class com.almasb.fxgl.app.services.IOTaskExecutorService
02:27:06.603 [FXGL Background Thread 3 ] DEBUG Engine               - class com.almasb.fxgl.io.FileSystemService
02:27:06.603 [FXGL Background Thread 3 ] DEBUG Engine               - class com.almasb.fxgl.localization.LocalizationService
02:27:06.603 [FXGL Background Thread 3 ] DEBUG Engine               - class com.almasb.fxgl.app.services.SystemBundleService
02:27:06.603 [FXGL Background Thread 3 ] DEBUG Engine               - class com.almasb.fxgl.profile.SaveLoadService
02:27:06.603 [FXGL Background Thread 3 ] DEBUG Engine               - class com.almasb.fxgl.ui.FXGLUIFactoryServiceProvider
02:27:06.603 [FXGL Background Thread 3 ] DEBUG Engine               - class com.almasb.fxgl.ui.FXGLDialogFactoryServiceProvider
02:27:06.603 [FXGL Background Thread 3 ] DEBUG Engine               - class com.almasb.fxgl.audio.AudioPlayer
02:27:06.603 [FXGL Background Thread 3 ] DEBUG Engine               - class com.almasb.fxgl.notification.impl.NotificationServiceProvider
02:27:06.603 [FXGL Background Thread 3 ] DEBUG Engine               - class com.almasb.fxgl.achievement.AchievementService
02:27:06.603 [FXGL Background Thread 3 ] DEBUG Engine               - class com.almasb.fxgl.cutscene.CutsceneService
02:27:06.603 [FXGL Background Thread 3 ] DEBUG Engine               - class com.almasb.fxgl.minigames.MiniGameService
02:27:06.603 [FXGL Background Thread 3 ] DEBUG Engine               - class com.almasb.fxgl.net.NetService
02:27:06.603 [FXGL Background Thread 3 ] DEBUG Engine               - class com.almasb.fxgl.app.services.UpdaterService
02:27:06.604 [FXGL Background Thread 3 ] DEBUG Engine               - class com.almasb.fxgl.dev.DevService
02:27:06.691 [JavaFX Application Thread] DEBUG TMXLevelLoader       - Creating object layer entities
02:27:06.692 [JavaFX Application Thread] DEBUG FXGLAssetLoaderServi - Loading from file system: file:/C:/Users/Lenovo/ProjectJava3.0/myproject/myproject/target/classes/assets/textures/Rex.png
02:27:06.698 [JavaFX Application Thread] DEBUG FXGLAssetLoaderServi - Loading from file system: file:/C:/Users/Lenovo/ProjectJava3.0/myproject/myproject/target/classes/assets/textures/Karee.png
02:27:06.704 [JavaFX Application Thread] DEBUG GameWorld            - Clearing removable entities
02:27:06.710 [JavaFX Application Thread] DEBUG GameWorld            - Setting level: com.almasb.fxgl.entity.level.Level@16b63196
02:27:06.716 [JavaFX Application Thread] WARN  TMXLevelLoader       - TiledMap generated from 1.11.2. Supported version: 1.9.0. Some features may not be parsed fully.
02:27:06.721 [JavaFX Application Thread] DEBUG TMXLevelLoader       - Parsed TiledMap: file:/C:/Users/Lenovo/ProjectJava3.0/myproject/myproject/target/classes/assets/levels/battle1.tmx
02:27:06.721 [JavaFX Application Thread] DEBUG TMXLevelLoader       - Creating tile layer entities
02:27:06.721 [JavaFX Application Thread] DEBUG TilesetLoader        - Loading view for layer Tile Layer 1
02:27:06.725 [JavaFX Application Thread] DEBUG TilesetLoader        - Created buffer with size 2048.0x1024.0
02:27:06.816 [JavaFX Application Thread] DEBUG TMXLevelLoader       - Creating object layer entities
02:27:09.861 [JavaFX Application Thread] DEBUG LoopRunner           - Stopping loop
02:27:09.865 [JavaFX Application Thread] FATAL FXGLApplication      - Uncaught Exception:
java.lang.NullPointerException: Cannot invoke "com.almasb.fxgl.entity.Entity.getComponent(java.lang.Class)" because "com.Component.CharecterHero.DamageHeroComponent.targetEnemy" is null
	at com.Component.CharecterHero.DamageHeroComponent.useSkill(DamageHeroComponent.java:66)
	at com.Combat.OrderCombat.useSkill(OrderCombat.java:147)
	at com.UI.ActionButtonUI.lambda$3(ActionButtonUI.java:83)
	at com.sun.javafx.event.CompositeEventHandler.dispatchBubblingEvent(CompositeEventHandler.java:86)
	at com.sun.javafx.event.EventHandlerManager.dispatchBubblingEvent(EventHandlerManager.java:232)
	at com.sun.javafx.event.EventHandlerManager.dispatchBubblingEvent(EventHandlerManager.java:189)
	at com.sun.javafx.event.CompositeEventDispatcher.dispatchBubblingEvent(CompositeEventDispatcher.java:59)
	at com.sun.javafx.event.BasicEventDispatcher.dispatchEvent(BasicEventDispatcher.java:58)
	at com.sun.javafx.event.EventDispatchChainImpl.dispatchEvent(EventDispatchChainImpl.java:114)
	at com.sun.javafx.event.BasicEventDispatcher.dispatchEvent(BasicEventDispatcher.java:56)
	at com.sun.javafx.event.EventDispatchChainImpl.dispatchEvent(EventDispatchChainImpl.java:114)
	at com.sun.javafx.event.BasicEventDispatcher.dispatchEvent(BasicEventDispatcher.java:56)
	at com.sun.javafx.event.EventDispatchChainImpl.dispatchEvent(EventDispatchChainImpl.java:114)
	at com.sun.javafx.event.EventUtil.fireEventImpl(EventUtil.java:74)
	at com.sun.javafx.event.EventUtil.fireEvent(EventUtil.java:49)
	at javafx.event.Event.fireEvent(Event.java:198)
	at javafx.scene.Node.fireEvent(Node.java:8875)
	at javafx.scene.control.Button.fire(Button.java:203)
	at com.sun.javafx.scene.control.behavior.ButtonBehavior.mouseReleased(ButtonBehavior.java:207)
	at com.sun.javafx.scene.control.inputmap.InputMap.handle(InputMap.java:274)
	at com.sun.javafx.event.CompositeEventHandler$NormalEventHandlerRecord.handleBubblingEvent(CompositeEventHandler.java:247)
	at com.sun.javafx.event.CompositeEventHandler.dispatchBubblingEvent(CompositeEventHandler.java:80)
	at com.sun.javafx.event.EventHandlerManager.dispatchBubblingEvent(EventHandlerManager.java:232)
	at com.sun.javafx.event.EventHandlerManager.dispatchBubblingEvent(EventHandlerManager.java:189)
	at com.sun.javafx.event.CompositeEventDispatcher.dispatchBubblingEvent(CompositeEventDispatcher.java:59)
	at com.sun.javafx.event.BasicEventDispatcher.dispatchEvent(BasicEventDispatcher.java:58)
	at com.sun.javafx.event.EventDispatchChainImpl.dispatchEvent(EventDispatchChainImpl.java:114)
	at com.sun.javafx.event.BasicEventDispatcher.dispatchEvent(BasicEventDispatcher.java:56)
	at com.sun.javafx.event.EventDispatchChainImpl.dispatchEvent(EventDispatchChainImpl.java:114)
	at com.sun.javafx.event.BasicEventDispatcher.dispatchEvent(BasicEventDispatcher.java:56)
	at com.sun.javafx.event.EventDispatchChainImpl.dispatchEvent(EventDispatchChainImpl.java:114)
	at com.sun.javafx.event.EventUtil.fireEventImpl(EventUtil.java:74)
	at com.sun.javafx.event.EventUtil.fireEvent(EventUtil.java:54)
	at javafx.event.Event.fireEvent(Event.java:198)
	at javafx.scene.Scene$MouseHandler.process(Scene.java:3984)
	at javafx.scene.Scene.processMouseEvent(Scene.java:1890)
	at javafx.scene.Scene$ScenePeerListener.mouseEvent(Scene.java:2708)
	at com.sun.javafx.tk.quantum.GlassViewEventHandler$MouseEventNotification.run(GlassViewEventHandler.java:411)
	at com.sun.javafx.tk.quantum.GlassViewEventHandler$MouseEventNotification.run(GlassViewEventHandler.java:301)
	at java.base/java.security.AccessController.doPrivileged(AccessController.java:400)
	at com.sun.javafx.tk.quantum.GlassViewEventHandler.lambda$handleMouseEvent$2(GlassViewEventHandler.java:450)
	at com.sun.javafx.tk.quantum.QuantumToolkit.runWithoutRenderLock(QuantumToolkit.java:424)
	at com.sun.javafx.tk.quantum.GlassViewEventHandler.handleMouseEvent(GlassViewEventHandler.java:449)
	at com.sun.glass.ui.View.handleMouseEvent(View.java:551)
	at com.sun.glass.ui.View.notifyMouse(View.java:937)
	at com.sun.glass.ui.win.WinApplication._runLoop(Native Method)
	at com.sun.glass.ui.win.WinApplication.lambda$runLoop$3(WinApplication.java:185)
	at java.base/java.lang.Thread.run(Thread.java:1583)

02:27:09.866 [JavaFX Application Thread] FATAL FXGLApplication      - Application will now exit
02:27:09.871 [JavaFX Application Thread] DEBUG PrimaryStageWindow   - Push state: ErrorSubScene
02:27:09.872 [JavaFX Application Thread] DEBUG Input                - Clearing active input actions
02:27:09.872 [JavaFX Application Thread] DEBUG GameApplicationServi - Removing overlay from GameScene and adding to ErrorSubScene
02:27:09.873 [JavaFX Application Thread] DEBUG PrimaryStageWindow   - GameScene -> ErrorSubScene
02:27:12.352 [JavaFX Application Thread] DEBUG FXGLApplication      - Exiting FXGL
02:27:12.353 [JavaFX Application Thread] DEBUG Async                - Shutting down background threads
02:27:12.353 [JavaFX Application Thread] DEBUG PrimaryStageWindow   - Closing main window
02:27:12.401 [JavaFX Application Thread] DEBUG Logger               - Closing Logger
