04:30:52.664 [main                     ] DEBUG Logger               - Configured Logger
04:30:52.680 [main                     ] DEBUG GameApplication      - Logging settings
Title: Final Journey
Version: Alpha
Width: 1280
Height: 720
Fullscreen: true
Intro: false
Profiling: false
Single step:false
App Mode: DEVELOPER
Menu Key: ESCAPE
Stage Style: DECORATED
Scene Factory: class com.almasb.fxgl.app.scene.SceneFactory

04:30:53.125 [JavaFX Application Thread] DEBUG FXGLApplication      - Initializing FXGL
04:30:53.128 [JavaFX Application Thread] INFO  Engine               - FXGL-21.1 (27.03.2024 07.52) on WINDOWS (J:21.0.5 FX:21.0.1)
04:30:53.129 [JavaFX Application Thread] DEBUG Engine               - JRE Vendor Name: Eclipse Adoptium
04:30:53.129 [JavaFX Application Thread] DEBUG Engine               - Running on OS: Windows 11 version 10.0
04:30:53.129 [JavaFX Application Thread] DEBUG Engine               - Architecture: amd64
04:30:53.129 [JavaFX Application Thread] INFO  Engine               - Source code and latest versions at: https://github.com/AlmasB/FXGL
04:30:53.129 [JavaFX Application Thread] INFO  Engine               -       Ask questions and discuss at: https://github.com/AlmasB/FXGL/discussions
04:30:53.129 [JavaFX Application Thread] INFO  Engine               -              Join the FXGL chat at: https://gitter.im/AlmasB/FXGL
04:30:53.220 [JavaFX Application Thread] DEBUG PrimaryStageWindow   - Creating a JavaFX scene
04:30:53.278 [JavaFX Application Thread] DEBUG PrimaryStageWindow   - Target settings size: 1280.0 x 720.0
04:30:53.279 [JavaFX Application Thread] DEBUG PrimaryStageWindow   - Scaled scene size:    1280.0 x 720.0
04:30:53.280 [JavaFX Application Thread] DEBUG PrimaryStageWindow   - Scaled ratio: (1.0, 1.0)
04:30:53.281 [JavaFX Application Thread] DEBUG PrimaryStageWindow   - Set initial scene to FXGLStartupScene
04:30:53.285 [JavaFX Application Thread] DEBUG PrimaryStageWindow   - Opening main window
04:30:53.369 [JavaFX Application Thread] DEBUG PrimaryStageWindow   - Window border size: (14.4000244140625, 37.5999755859375)
04:30:53.369 [JavaFX Application Thread] DEBUG PrimaryStageWindow   - Scaled size: 1280.0 x 720.0
04:30:53.369 [JavaFX Application Thread] DEBUG PrimaryStageWindow   - Scaled ratio: (1.0, 1.0)
04:30:53.370 [JavaFX Application Thread] DEBUG PrimaryStageWindow   - Scene size: 1280.0 x 720.0
04:30:53.370 [JavaFX Application Thread] DEBUG PrimaryStageWindow   - Stage size: 1294.4000244140625 x 757.5999755859375
04:30:53.437 [JavaFX Application Thread] DEBUG PrimaryStageWindow   - Going fullscreen
04:30:53.445 [FXGL Background Thread 1 ] DEBUG Engine               - Initializing environment variables
04:30:53.500 [FXGL Background Thread 1 ] DEBUG FXGLAssetLoaderServi - User app class for loading assets: class com.project.App
04:30:53.500 [FXGL Background Thread 1 ] DEBUG GameApplicationServi - Applying CSS: fxgl_dark.css
04:30:53.501 [FXGL Background Thread 1 ] DEBUG FXGLAssetLoaderServi - Loading from file system: jar:file:/C:/Users/Lenovo/.m2/repository/com/github/almasb/fxgl/21.1/fxgl-21.1.jar!/fxglassets/ui/css/fxgl_dark.css
04:30:53.540 [FXGL Background Thread 1 ] DEBUG GameApplicationServi - Initializing application scenes
04:30:53.581 [FXGL Background Thread 1 ] DEBUG GameWorld            - Game world initialized
04:30:53.639 [FXGL Background Thread 1 ] DEBUG PhysicsWorld         - Physics world initialized: appHeight=720, physics.ppm=50.0
04:30:53.639 [FXGL Background Thread 1 ] DEBUG PhysicsWorld         - Using strategy: BRUTE_FORCE
04:30:53.642 [FXGL Background Thread 1 ] DEBUG GameScene            - Game scene initialized: 1280x720
04:30:53.653 [FXGL Background Thread 1 ] DEBUG FXGL.DefaultMenu     - createMenuBodyGameMenu()
04:30:53.665 [FXGL Background Thread 1 ] DEBUG FXGL.DefaultMenu     - createOptionsMenu()
04:30:53.673 [FXGL Background Thread 1 ] DEBUG FXGLAssetLoaderServi - Loading from file system: jar:file:/C:/Users/Lenovo/.m2/repository/com/github/almasb/fxgl/21.1/fxgl-21.1.jar!/fxglassets/textures/particles/smoke.png
04:30:53.760 [FXGL Background Thread 1 ] DEBUG FXGLAssetLoaderServi - Loading from file system: jar:file:/C:/Users/Lenovo/.m2/repository/com/github/almasb/fxgl/21.1/fxgl-21.1.jar!/fxglassets/textures/particles/trace_horizontal.png
04:30:53.783 [FXGL Background Thread 1 ] DEBUG GameApplicationServi - Application scenes initialized
04:30:53.797 [FXGL Background Thread 1 ] DEBUG SystemBundleService  - Loading FXGL system data
04:30:53.801 [FXGL Background Thread 1 ] DEBUG FileSystemAccess     - Reading from: C:\Users\Lenovo\ProjectJava3.0\myproject\myproject\system\fxgl.bundle
04:30:53.809 [FXGL Background Thread 1 ] DEBUG SystemBundleService  - Bundle FXGL: {}
04:30:53.809 [FXGL Background Thread 1 ] DEBUG UpdaterService       - Checking for updates
04:30:53.839 [FXGL Background Thread 4 ] DEBUG FXGLApplication      - Loading fonts
04:30:53.839 [FXGL Background Thread 4 ] DEBUG FXGLAssetLoaderServi - Loading from file system: jar:file:/C:/Users/Lenovo/.m2/repository/com/github/almasb/fxgl/21.1/fxgl-21.1.jar!/fxglassets/ui/fonts/VarelaRound-Regular.ttf
04:30:53.840 [FXGL Background Thread 1 ] DEBUG FXGLApplication      - Loading default localization
04:30:53.841 [FXGL Background Thread 1 ] DEBUG FXGLAssetLoaderServi - Loading from file system: jar:file:/C:/Users/Lenovo/.m2/repository/com/github/almasb/fxgl/21.1/fxgl-21.1.jar!/fxglassets/languages/english.lang
04:30:53.880 [FXGL Background Thread 4 ] DEBUG FXGLAssetLoaderServi - Loading from file system: jar:file:/C:/Users/Lenovo/.m2/repository/com/github/almasb/fxgl/21.1/fxgl-21.1.jar!/fxglassets/ui/fonts/Abel-Regular.ttf
04:30:53.884 [FXGL Background Thread 1 ] INFO  FXGLApplication      - FXGL initialization took: 0.439 sec
04:30:53.884 [FXGL Background Thread 4 ] DEBUG FXGLAssetLoaderServi - Loading from file system: jar:file:/C:/Users/Lenovo/.m2/repository/com/github/almasb/fxgl/21.1/fxgl-21.1.jar!/fxglassets/ui/fonts/TerminalLandMono-Regular.otf
04:30:53.890 [FXGL Background Thread 4 ] DEBUG FXGLAssetLoaderServi - Loading from file system: jar:file:/C:/Users/Lenovo/.m2/repository/com/github/almasb/fxgl/21.1/fxgl-21.1.jar!/fxglassets/ui/fonts/Courier-Prime.ttf
04:30:53.895 [JavaFX Application Thread] DEBUG Input                - Registered new binding: Right - D
04:30:53.895 [JavaFX Application Thread] DEBUG Input                - Registered new binding: Left - A
04:30:53.895 [JavaFX Application Thread] DEBUG Input                - Registered new binding: Up - W
04:30:53.896 [JavaFX Application Thread] DEBUG Input                - Registered new binding: Down - S
04:30:53.896 [JavaFX Application Thread] DEBUG Input                - Registered new binding: Interact - E
04:30:53.896 [JavaFX Application Thread] DEBUG FXGLAssetLoaderServi - Loading from file system: jar:file:/C:/Users/Lenovo/.m2/repository/com/github/almasb/fxgl/21.1/fxgl-21.1.jar!/fxglassets/textures/fxgl_icon.png
04:30:53.914 [JavaFX Application Thread] DEBUG FXGLAssetLoaderServi - Loading from file system: jar:file:/C:/Users/Lenovo/.m2/repository/com/github/almasb/fxgl/21.1/fxgl-21.1.jar!/fxglassets/textures/fxgl_default_cursor.png
04:30:53.916 [JavaFX Application Thread] DEBUG Input                - Registered new binding: Screenshot - CTRL+8
04:30:53.916 [JavaFX Application Thread] DEBUG Input                - Registered new binding: Dev Options - 1
04:30:53.917 [JavaFX Application Thread] DEBUG Input                - Registered new binding: Dev Console - 2
04:30:53.918 [JavaFX Application Thread] DEBUG Input                - Registered new binding: System info dump - CTRL+9
04:30:53.919 [JavaFX Application Thread] DEBUG Input                - Registered new binding: Restart - CTRL+R
04:30:53.920 [JavaFX Application Thread] DEBUG Input                - Registered new binding: Toggle Debug Camera - CTRL+7
04:30:53.926 [JavaFX Application Thread] DEBUG LoopRunner           - Starting loop
04:30:53.946 [JavaFX Application Thread] DEBUG LoopRunner           - Initializing JavaFX AnimationTimerLoop
04:30:53.948 [JavaFX Application Thread] DEBUG GameApplicationServi - Starting new game
04:30:53.949 [JavaFX Application Thread] DEBUG Input                - Clearing active input actions
04:30:53.960 [JavaFX Application Thread] DEBUG GameApplicationServi - Removing overlay from FXGLStartupScene and adding to FXGLLoadingScene
04:30:53.966 [JavaFX Application Thread] DEBUG PrimaryStageWindow   - FXGLStartupScene -> FXGLLoadingScene
04:30:53.966 [JavaFX Application Thread] DEBUG GameApplicationServi - Clearing previous game
04:30:53.966 [JavaFX Application Thread] DEBUG GameScene            - Clearing game scene
04:30:53.966 [JavaFX Application Thread] DEBUG GameWorld            - Clearing game world
04:30:53.967 [JavaFX Application Thread] DEBUG PhysicsWorld         - Clearing physics world
04:30:53.968 [FXGL Background Thread 4 ] DEBUG FXGLApplication      - Initializing game
04:30:53.970 [JavaFX Application Thread] DEBUG FXGLApplication      - Registering font factories with UI factory
04:30:54.021 [FXGL Background Thread 4 ] WARN  TMXLevelLoader       - TiledMap generated from 1.11.2. Supported version: 1.9.0. Some features may not be parsed fully.
04:30:54.046 [FXGL Background Thread 4 ] DEBUG TMXLevelLoader       - Parsed TiledMap: file:/C:/Users/Lenovo/ProjectJava3.0/myproject/myproject/target/classes/assets/levels/scene1.tmx
04:30:54.048 [FXGL Background Thread 4 ] DEBUG TMXLevelLoader       - Creating tile layer entities
04:30:54.051 [FXGL Background Thread 4 ] DEBUG TilesetLoader        - Loading view for layer lowefloor
04:30:54.052 [FXGL Background Thread 4 ] DEBUG TilesetLoader        - Created buffer with size 512.0x1024.0
04:30:54.127 [FXGL Background Thread 4 ] DEBUG TilesetLoader        - Loading view for layer cliff
04:30:54.127 [FXGL Background Thread 4 ] DEBUG TilesetLoader        - Created buffer with size 512.0x1024.0
04:30:54.129 [FXGL Background Thread 4 ] DEBUG TilesetLoader        - Loading view for layer cliff1
04:30:54.130 [FXGL Background Thread 4 ] DEBUG TilesetLoader        - Created buffer with size 512.0x1024.0
04:30:54.133 [FXGL Background Thread 4 ] DEBUG TilesetLoader        - Loading view for layer cliff2
04:30:54.133 [FXGL Background Thread 4 ] DEBUG TilesetLoader        - Created buffer with size 512.0x1024.0
04:30:54.135 [FXGL Background Thread 4 ] DEBUG TilesetLoader        - Loading view for layer Tile Layer 3
04:30:54.135 [FXGL Background Thread 4 ] DEBUG TilesetLoader        - Created buffer with size 512.0x1024.0
04:30:54.136 [FXGL Background Thread 4 ] DEBUG TilesetLoader        - Loading view for layer Tile Layer 6
04:30:54.136 [FXGL Background Thread 4 ] DEBUG TilesetLoader        - Created buffer with size 512.0x1024.0
04:30:54.196 [FXGL Background Thread 4 ] DEBUG TilesetLoader        - Loading view for layer prop
04:30:54.196 [FXGL Background Thread 4 ] DEBUG TilesetLoader        - Created buffer with size 512.0x1024.0
04:30:54.197 [FXGL Background Thread 4 ] DEBUG TMXLevelLoader       - Creating object layer entities
04:30:54.228 [FXGL Background Thread 4 ] DEBUG FXGLAssetLoaderServi - Loading from file system: file:/C:/Users/Lenovo/ProjectJava3.0/myproject/myproject/target/classes/assets/textures/Rex.png
04:30:54.234 [FXGL Background Thread 4 ] WARN  TMXLevelLoader       - TiledMap generated from 1.11.2. Supported version: 1.9.0. Some features may not be parsed fully.
04:30:54.249 [FXGL Background Thread 4 ] DEBUG TMXLevelLoader       - Parsed TiledMap: file:/C:/Users/Lenovo/ProjectJava3.0/myproject/myproject/target/classes/assets/levels/scene1.tmx
04:30:54.249 [FXGL Background Thread 4 ] DEBUG TMXLevelLoader       - Creating tile layer entities
04:30:54.250 [FXGL Background Thread 4 ] DEBUG TilesetLoader        - Loading view for layer lowefloor
04:30:54.250 [FXGL Background Thread 4 ] DEBUG TilesetLoader        - Created buffer with size 512.0x1024.0
04:30:54.275 [FXGL Background Thread 4 ] DEBUG TilesetLoader        - Loading view for layer cliff
04:30:54.275 [FXGL Background Thread 4 ] DEBUG TilesetLoader        - Created buffer with size 512.0x1024.0
04:30:54.276 [FXGL Background Thread 4 ] DEBUG TilesetLoader        - Loading view for layer cliff1
04:30:54.277 [FXGL Background Thread 4 ] DEBUG TilesetLoader        - Created buffer with size 512.0x1024.0
04:30:54.278 [FXGL Background Thread 4 ] DEBUG TilesetLoader        - Loading view for layer cliff2
04:30:54.279 [FXGL Background Thread 4 ] DEBUG TilesetLoader        - Created buffer with size 512.0x1024.0
04:30:54.280 [FXGL Background Thread 4 ] DEBUG TilesetLoader        - Loading view for layer Tile Layer 3
04:30:54.281 [FXGL Background Thread 4 ] DEBUG TilesetLoader        - Created buffer with size 512.0x1024.0
04:30:54.282 [FXGL Background Thread 4 ] DEBUG TilesetLoader        - Loading view for layer Tile Layer 6
04:30:54.282 [FXGL Background Thread 4 ] DEBUG TilesetLoader        - Created buffer with size 512.0x1024.0
04:30:54.333 [FXGL Background Thread 4 ] DEBUG TilesetLoader        - Loading view for layer prop
04:30:54.333 [FXGL Background Thread 4 ] DEBUG TilesetLoader        - Created buffer with size 512.0x1024.0
04:30:54.335 [FXGL Background Thread 4 ] DEBUG TMXLevelLoader       - Creating object layer entities
04:30:54.346 [FXGL Background Thread 4 ] DEBUG GameWorld            - Clearing removable entities
04:30:54.347 [FXGL Background Thread 4 ] DEBUG GameWorld            - Setting level: com.almasb.fxgl.entity.level.Level@7c182292
04:30:54.363 [FXGL Background Thread 4 ] DEBUG FXGLAssetLoaderServi - Loading from file system: file:/C:/Users/Lenovo/ProjectJava3.0/myproject/myproject/target/classes/assets/textures/Actor1.png
04:30:54.375 [FXGL Background Thread 4 ] INFO  FXGLApplication      - Game initialization took: 0.407 sec
04:30:54.376 [JavaFX Application Thread] DEBUG Input                - Clearing active input actions
04:30:54.389 [JavaFX Application Thread] DEBUG GameApplicationServi - Removing overlay from FXGLLoadingScene and adding to GameScene
04:30:54.394 [JavaFX Application Thread] DEBUG PrimaryStageWindow   - FXGLLoadingScene -> GameScene
04:30:55.445 [JavaFX Application Thread] DEBUG FXGLApplication      - Exiting FXGL
04:30:55.446 [JavaFX Application Thread] DEBUG LoopRunner           - Stopping loop
04:30:55.446 [JavaFX Application Thread] DEBUG SystemBundleService  - Saving FXGL system data
04:30:55.448 [JavaFX Application Thread] DEBUG FileSystemAccess     - Writing to: C:\Users\Lenovo\ProjectJava3.0\myproject\myproject\system\fxgl.bundle
04:30:55.449 [JavaFX Application Thread] DEBUG Async                - Shutting down background threads
04:30:55.450 [JavaFX Application Thread] DEBUG PrimaryStageWindow   - Closing main window
04:30:55.499 [JavaFX Application Thread] DEBUG Logger               - Closing Logger
