03:44:06.686 [main                     ] DEBUG Logger               - Configured Logger
03:44:06.707 [main                     ] DEBUG GameApplication      - Logging settings
Title: Final Journey
Version: Alpha
Width: 1280
Height: 720
Fullscreen: true
Intro: false
Profiling: false
Single step:false
App Mode: DEVELOPER
Menu Key: ESCAPE
Stage Style: DECORATED
Scene Factory: class com.almasb.fxgl.app.scene.SceneFactory

03:44:07.075 [JavaFX Application Thread] DEBUG FXGLApplication      - Initializing FXGL
03:44:07.078 [JavaFX Application Thread] INFO  Engine               - FXGL-21.1 (27.03.2024 07.52) on WINDOWS (J:21.0.6 FX:21.0.1)
03:44:07.079 [JavaFX Application Thread] DEBUG Engine               - JRE Vendor Name: Eclipse Adoptium
03:44:07.079 [JavaFX Application Thread] DEBUG Engine               - Running on OS: Windows 11 version 10.0
03:44:07.079 [JavaFX Application Thread] DEBUG Engine               - Architecture: amd64
03:44:07.079 [JavaFX Application Thread] INFO  Engine               - Source code and latest versions at: https://github.com/AlmasB/FXGL
03:44:07.079 [JavaFX Application Thread] INFO  Engine               -       Ask questions and discuss at: https://github.com/AlmasB/FXGL/discussions
03:44:07.080 [JavaFX Application Thread] INFO  Engine               -              Join the FXGL chat at: https://gitter.im/AlmasB/FXGL
03:44:07.162 [JavaFX Application Thread] DEBUG PrimaryStageWindow   - Creating a JavaFX scene
03:44:07.202 [JavaFX Application Thread] DEBUG PrimaryStageWindow   - Target settings size: 1280.0 x 720.0
03:44:07.203 [JavaFX Application Thread] DEBUG PrimaryStageWindow   - Scaled scene size:    1280.0 x 720.0
03:44:07.203 [JavaFX Application Thread] DEBUG PrimaryStageWindow   - Scaled ratio: (1.0, 1.0)
03:44:07.204 [JavaFX Application Thread] DEBUG PrimaryStageWindow   - Set initial scene to FXGLStartupScene
03:44:07.208 [JavaFX Application Thread] DEBUG PrimaryStageWindow   - Opening main window
03:44:07.284 [JavaFX Application Thread] DEBUG PrimaryStageWindow   - Window border size: (14.4000244140625, 37.5999755859375)
03:44:07.284 [JavaFX Application Thread] DEBUG PrimaryStageWindow   - Scaled size: 1280.0 x 720.0
03:44:07.285 [JavaFX Application Thread] DEBUG PrimaryStageWindow   - Scaled ratio: (1.0, 1.0)
03:44:07.285 [JavaFX Application Thread] DEBUG PrimaryStageWindow   - Scene size: 1280.0 x 720.0
03:44:07.285 [JavaFX Application Thread] DEBUG PrimaryStageWindow   - Stage size: 1294.4000244140625 x 757.5999755859375
03:44:07.339 [JavaFX Application Thread] DEBUG PrimaryStageWindow   - Going fullscreen
03:44:07.347 [FXGL Background Thread 1 ] DEBUG Engine               - Initializing environment variables
03:44:07.403 [FXGL Background Thread 1 ] DEBUG FXGLAssetLoaderServi - User app class for loading assets: class com.project.App
03:44:07.403 [FXGL Background Thread 1 ] DEBUG GameApplicationServi - Applying CSS: fxgl_dark.css
03:44:07.404 [FXGL Background Thread 1 ] DEBUG FXGLAssetLoaderServi - Loading from file system: jar:file:/C:/Users/frank/.m2/repository/com/github/almasb/fxgl/21.1/fxgl-21.1.jar!/fxglassets/ui/css/fxgl_dark.css
03:44:07.433 [FXGL Background Thread 1 ] DEBUG GameApplicationServi - Initializing application scenes
03:44:07.489 [FXGL Background Thread 1 ] DEBUG GameWorld            - Game world initialized
03:44:07.540 [FXGL Background Thread 1 ] DEBUG PhysicsWorld         - Physics world initialized: appHeight=720, physics.ppm=50.0
03:44:07.541 [FXGL Background Thread 1 ] DEBUG PhysicsWorld         - Using strategy: BRUTE_FORCE
03:44:07.543 [FXGL Background Thread 1 ] DEBUG GameScene            - Game scene initialized: 1280x720
03:44:07.553 [FXGL Background Thread 1 ] DEBUG FXGL.DefaultMenu     - createMenuBodyGameMenu()
03:44:07.563 [FXGL Background Thread 1 ] DEBUG FXGL.DefaultMenu     - createOptionsMenu()
03:44:07.572 [FXGL Background Thread 1 ] DEBUG FXGLAssetLoaderServi - Loading from file system: jar:file:/C:/Users/frank/.m2/repository/com/github/almasb/fxgl/21.1/fxgl-21.1.jar!/fxglassets/textures/particles/smoke.png
03:44:07.661 [FXGL Background Thread 1 ] DEBUG FXGLAssetLoaderServi - Loading from file system: jar:file:/C:/Users/frank/.m2/repository/com/github/almasb/fxgl/21.1/fxgl-21.1.jar!/fxglassets/textures/particles/trace_horizontal.png
03:44:07.682 [FXGL Background Thread 1 ] DEBUG GameApplicationServi - Application scenes initialized
03:44:07.693 [FXGL Background Thread 1 ] DEBUG SystemBundleService  - Loading FXGL system data
03:44:07.695 [FXGL Background Thread 1 ] DEBUG FileSystemAccess     - Reading from: C:\Users\frank\Desktop\ProjectFun\myproject\myproject\system\fxgl.bundle
03:44:07.702 [FXGL Background Thread 1 ] DEBUG SystemBundleService  - Bundle FXGL: {}
03:44:07.702 [FXGL Background Thread 1 ] DEBUG UpdaterService       - Checking for updates
03:44:07.730 [FXGL Background Thread 4 ] DEBUG FXGLApplication      - Loading fonts
03:44:07.731 [FXGL Background Thread 4 ] DEBUG FXGLAssetLoaderServi - Loading from file system: jar:file:/C:/Users/frank/.m2/repository/com/github/almasb/fxgl/21.1/fxgl-21.1.jar!/fxglassets/ui/fonts/VarelaRound-Regular.ttf
03:44:07.732 [FXGL Background Thread 1 ] DEBUG FXGLApplication      - Loading default localization
03:44:07.732 [FXGL Background Thread 1 ] DEBUG FXGLAssetLoaderServi - Loading from file system: jar:file:/C:/Users/frank/.m2/repository/com/github/almasb/fxgl/21.1/fxgl-21.1.jar!/fxglassets/languages/english.lang
03:44:07.766 [FXGL Background Thread 4 ] DEBUG FXGLAssetLoaderServi - Loading from file system: jar:file:/C:/Users/frank/.m2/repository/com/github/almasb/fxgl/21.1/fxgl-21.1.jar!/fxglassets/ui/fonts/Abel-Regular.ttf
03:44:07.766 [FXGL Background Thread 1 ] INFO  FXGLApplication      - FXGL initialization took: 0.419 sec
03:44:07.768 [FXGL Background Thread 4 ] DEBUG FXGLAssetLoaderServi - Loading from file system: jar:file:/C:/Users/frank/.m2/repository/com/github/almasb/fxgl/21.1/fxgl-21.1.jar!/fxglassets/ui/fonts/TerminalLandMono-Regular.otf
03:44:07.770 [FXGL Background Thread 4 ] DEBUG FXGLAssetLoaderServi - Loading from file system: jar:file:/C:/Users/frank/.m2/repository/com/github/almasb/fxgl/21.1/fxgl-21.1.jar!/fxglassets/ui/fonts/Courier-Prime.ttf
03:44:07.780 [JavaFX Application Thread] DEBUG Input                - Registered new binding: Right - D
03:44:07.780 [JavaFX Application Thread] DEBUG Input                - Registered new binding: Left - A
03:44:07.780 [JavaFX Application Thread] DEBUG Input                - Registered new binding: Up - W
03:44:07.780 [JavaFX Application Thread] DEBUG Input                - Registered new binding: Down - S
03:44:07.780 [JavaFX Application Thread] DEBUG Input                - Registered new binding: Interact - E
03:44:07.781 [JavaFX Application Thread] DEBUG FXGLAssetLoaderServi - Loading from file system: jar:file:/C:/Users/frank/.m2/repository/com/github/almasb/fxgl/21.1/fxgl-21.1.jar!/fxglassets/textures/fxgl_icon.png
03:44:07.797 [JavaFX Application Thread] DEBUG FXGLAssetLoaderServi - Loading from file system: jar:file:/C:/Users/frank/.m2/repository/com/github/almasb/fxgl/21.1/fxgl-21.1.jar!/fxglassets/textures/fxgl_default_cursor.png
03:44:07.801 [JavaFX Application Thread] DEBUG Input                - Registered new binding: Screenshot - CTRL+8
03:44:07.803 [JavaFX Application Thread] DEBUG Input                - Registered new binding: Dev Options - 1
03:44:07.803 [JavaFX Application Thread] DEBUG Input                - Registered new binding: Dev Console - 2
03:44:07.804 [JavaFX Application Thread] DEBUG Input                - Registered new binding: System info dump - CTRL+9
03:44:07.805 [JavaFX Application Thread] DEBUG Input                - Registered new binding: Restart - CTRL+R
03:44:07.807 [JavaFX Application Thread] DEBUG Input                - Registered new binding: Toggle Debug Camera - CTRL+7
03:44:07.819 [JavaFX Application Thread] DEBUG LoopRunner           - Starting loop
03:44:07.839 [JavaFX Application Thread] DEBUG LoopRunner           - Initializing JavaFX AnimationTimerLoop
03:44:07.841 [JavaFX Application Thread] DEBUG GameApplicationServi - Starting new game
03:44:07.841 [JavaFX Application Thread] DEBUG Input                - Clearing active input actions
03:44:07.858 [JavaFX Application Thread] DEBUG GameApplicationServi - Removing overlay from FXGLStartupScene and adding to FXGLLoadingScene
03:44:07.861 [JavaFX Application Thread] DEBUG PrimaryStageWindow   - FXGLStartupScene -> FXGLLoadingScene
03:44:07.861 [JavaFX Application Thread] DEBUG GameApplicationServi - Clearing previous game
03:44:07.861 [JavaFX Application Thread] DEBUG GameScene            - Clearing game scene
03:44:07.861 [JavaFX Application Thread] DEBUG GameWorld            - Clearing game world
03:44:07.861 [JavaFX Application Thread] DEBUG PhysicsWorld         - Clearing physics world
03:44:07.862 [JavaFX Application Thread] DEBUG FXGLApplication      - Registering font factories with UI factory
03:44:07.862 [FXGL Background Thread 4 ] DEBUG FXGLApplication      - Initializing game
03:44:07.899 [FXGL Background Thread 4 ] WARN  TMXLevelLoader       - TiledMap generated from 1.11.2. Supported version: 1.9.0. Some features may not be parsed fully.
03:44:07.931 [FXGL Background Thread 4 ] DEBUG TMXLevelLoader       - Parsed TiledMap: file:/C:/Users/frank/Desktop/ProjectFun/myproject/myproject/target/classes/assets/levels/scene1.tmx
03:44:07.933 [FXGL Background Thread 4 ] DEBUG TMXLevelLoader       - Creating tile layer entities
03:44:07.936 [FXGL Background Thread 4 ] DEBUG TilesetLoader        - Loading view for layer lowefloor
03:44:07.936 [FXGL Background Thread 4 ] DEBUG TilesetLoader        - Created buffer with size 512.0x1024.0
03:44:07.985 [FXGL Background Thread 4 ] DEBUG TilesetLoader        - Loading view for layer cliff
03:44:07.986 [FXGL Background Thread 4 ] DEBUG TilesetLoader        - Created buffer with size 512.0x1024.0
03:44:07.987 [FXGL Background Thread 4 ] DEBUG TilesetLoader        - Loading view for layer cliff1
03:44:07.988 [FXGL Background Thread 4 ] DEBUG TilesetLoader        - Created buffer with size 512.0x1024.0
03:44:07.989 [FXGL Background Thread 4 ] DEBUG TilesetLoader        - Loading view for layer cliff2
03:44:07.989 [FXGL Background Thread 4 ] DEBUG TilesetLoader        - Created buffer with size 512.0x1024.0
03:44:07.990 [FXGL Background Thread 4 ] DEBUG TilesetLoader        - Loading view for layer Tile Layer 3
03:44:07.990 [FXGL Background Thread 4 ] DEBUG TilesetLoader        - Created buffer with size 512.0x1024.0
03:44:07.991 [FXGL Background Thread 4 ] DEBUG TilesetLoader        - Loading view for layer Tile Layer 6
03:44:07.991 [FXGL Background Thread 4 ] DEBUG TilesetLoader        - Created buffer with size 512.0x1024.0
03:44:08.055 [FXGL Background Thread 4 ] DEBUG TilesetLoader        - Loading view for layer prop
03:44:08.055 [FXGL Background Thread 4 ] DEBUG TilesetLoader        - Created buffer with size 512.0x1024.0
03:44:08.056 [FXGL Background Thread 4 ] DEBUG TMXLevelLoader       - Creating object layer entities
03:44:08.110 [FXGL Background Thread 4 ] DEBUG FXGLAssetLoaderServi - Loading from file system: file:/C:/Users/frank/Desktop/ProjectFun/myproject/myproject/target/classes/assets/textures/Actor1.png
03:44:08.146 [FXGL Background Thread 4 ] DEBUG FXGLAssetLoaderServi - Loading from file system: file:/C:/Users/frank/Desktop/ProjectFun/myproject/myproject/target/classes/assets/textures/Rex.png
03:44:08.151 [FXGL Background Thread 4 ] WARN  TMXLevelLoader       - TiledMap generated from 1.11.2. Supported version: 1.9.0. Some features may not be parsed fully.
03:44:08.158 [FXGL Background Thread 4 ] DEBUG TMXLevelLoader       - Parsed TiledMap: file:/C:/Users/frank/Desktop/ProjectFun/myproject/myproject/target/classes/assets/levels/scene1.tmx
03:44:08.158 [FXGL Background Thread 4 ] DEBUG TMXLevelLoader       - Creating tile layer entities
03:44:08.159 [FXGL Background Thread 4 ] DEBUG TilesetLoader        - Loading view for layer lowefloor
03:44:08.159 [FXGL Background Thread 4 ] DEBUG TilesetLoader        - Created buffer with size 512.0x1024.0
03:44:08.179 [FXGL Background Thread 4 ] DEBUG TilesetLoader        - Loading view for layer cliff
03:44:08.180 [FXGL Background Thread 4 ] DEBUG TilesetLoader        - Created buffer with size 512.0x1024.0
03:44:08.180 [FXGL Background Thread 4 ] DEBUG TilesetLoader        - Loading view for layer cliff1
03:44:08.181 [FXGL Background Thread 4 ] DEBUG TilesetLoader        - Created buffer with size 512.0x1024.0
03:44:08.181 [FXGL Background Thread 4 ] DEBUG TilesetLoader        - Loading view for layer cliff2
03:44:08.182 [FXGL Background Thread 4 ] DEBUG TilesetLoader        - Created buffer with size 512.0x1024.0
03:44:08.182 [FXGL Background Thread 4 ] DEBUG TilesetLoader        - Loading view for layer Tile Layer 3
03:44:08.183 [FXGL Background Thread 4 ] DEBUG TilesetLoader        - Created buffer with size 512.0x1024.0
03:44:08.183 [FXGL Background Thread 4 ] DEBUG TilesetLoader        - Loading view for layer Tile Layer 6
03:44:08.185 [FXGL Background Thread 4 ] DEBUG TilesetLoader        - Created buffer with size 512.0x1024.0
03:44:08.228 [FXGL Background Thread 4 ] DEBUG TilesetLoader        - Loading view for layer prop
03:44:08.231 [FXGL Background Thread 4 ] DEBUG TilesetLoader        - Created buffer with size 512.0x1024.0
03:44:08.232 [FXGL Background Thread 4 ] DEBUG TMXLevelLoader       - Creating object layer entities
03:44:08.239 [FXGL Background Thread 4 ] DEBUG GameWorld            - Clearing removable entities
03:44:08.240 [FXGL Background Thread 4 ] DEBUG GameWorld            - Setting level: com.almasb.fxgl.entity.level.Level@34884c94
03:44:08.267 [FXGL Background Thread 4 ] INFO  FXGLApplication      - Game initialization took: 0.405 sec
03:44:08.286 [JavaFX Application Thread] DEBUG Input                - Clearing active input actions
03:44:08.293 [JavaFX Application Thread] DEBUG GameApplicationServi - Removing overlay from FXGLLoadingScene and adding to GameScene
03:44:08.295 [JavaFX Application Thread] DEBUG PrimaryStageWindow   - FXGLLoadingScene -> GameScene
03:44:09.604 [JavaFX Application Thread] DEBUG FXGLAssetLoaderServi - Loading from file system: file:/C:/Users/frank/Desktop/ProjectFun/myproject/myproject/target/classes/assets/text/filetext.txt
03:44:09.605 [JavaFX Application Thread] DEBUG EventBus             - Firing event: com.GameEvent.CombatScene[source=javafx.event.Event$$Lambda/0x0000025b5e172db8@36ab4037]
03:44:09.606 [JavaFX Application Thread] WARN  TMXLevelLoader       - TiledMap generated from 1.11.2. Supported version: 1.9.0. Some features may not be parsed fully.
03:44:09.611 [JavaFX Application Thread] DEBUG TMXLevelLoader       - Parsed TiledMap: file:/C:/Users/frank/Desktop/ProjectFun/myproject/myproject/target/classes/assets/levels/battle1.tmx
03:44:09.611 [JavaFX Application Thread] DEBUG TMXLevelLoader       - Creating tile layer entities
03:44:09.611 [JavaFX Application Thread] DEBUG TilesetLoader        - Loading view for layer Tile Layer 1
03:44:09.612 [JavaFX Application Thread] DEBUG TilesetLoader        - Created buffer with size 2048.0x1024.0
03:44:09.705 [JavaFX Application Thread] DEBUG TMXLevelLoader       - Creating object layer entities
03:44:09.706 [JavaFX Application Thread] DEBUG FXGLAssetLoaderServi - Loading from file system: file:/C:/Users/frank/Desktop/ProjectFun/myproject/myproject/target/classes/assets/textures/Rex.png
03:44:09.713 [JavaFX Application Thread] DEBUG FXGLAssetLoaderServi - Loading from file system: file:/C:/Users/frank/Desktop/ProjectFun/myproject/myproject/target/classes/assets/textures/Karee.png
03:44:09.717 [JavaFX Application Thread] DEBUG GameWorld            - Clearing removable entities
03:44:09.726 [JavaFX Application Thread] DEBUG GameWorld            - Setting level: com.almasb.fxgl.entity.level.Level@743a30e0
03:44:09.728 [JavaFX Application Thread] WARN  TMXLevelLoader       - TiledMap generated from 1.11.2. Supported version: 1.9.0. Some features may not be parsed fully.
03:44:09.733 [JavaFX Application Thread] DEBUG TMXLevelLoader       - Parsed TiledMap: file:/C:/Users/frank/Desktop/ProjectFun/myproject/myproject/target/classes/assets/levels/battle1.tmx
03:44:09.734 [JavaFX Application Thread] DEBUG TMXLevelLoader       - Creating tile layer entities
03:44:09.734 [JavaFX Application Thread] DEBUG TilesetLoader        - Loading view for layer Tile Layer 1
03:44:09.735 [JavaFX Application Thread] DEBUG TilesetLoader        - Created buffer with size 2048.0x1024.0
03:44:09.821 [JavaFX Application Thread] DEBUG TMXLevelLoader       - Creating object layer entities
03:44:10.728 [FXGL Background Thread 3 ] DEBUG Engine               - Logging environment variables
03:44:10.729 [FXGL Background Thread 3 ] DEBUG Engine               - achievements: []
03:44:10.729 [FXGL Background Thread 3 ] DEBUG Engine               - actualHeight: 864.0
03:44:10.729 [FXGL Background Thread 3 ] DEBUG Engine               - actualHeightProperty: ReadOnlyDoubleProperty [value: 864.0]
03:44:10.729 [FXGL Background Thread 3 ] DEBUG Engine               - actualWidth: 1536.0
03:44:10.729 [FXGL Background Thread 3 ] DEBUG Engine               - actualWidthProperty: ReadOnlyDoubleProperty [value: 1536.0]
03:44:10.729 [FXGL Background Thread 3 ] DEBUG Engine               - appIcon: fxgl_icon.png
03:44:10.729 [FXGL Background Thread 3 ] DEBUG Engine               - applicationMode: DEVELOPER
03:44:10.729 [FXGL Background Thread 3 ] DEBUG Engine               - cSSList: [fxgl_dark.css]
03:44:10.729 [FXGL Background Thread 3 ] DEBUG Engine               - collisionDetectionStrategy: BRUTE_FORCE
03:44:10.729 [FXGL Background Thread 3 ] DEBUG Engine               - configClass: Optional.empty
03:44:10.729 [FXGL Background Thread 3 ] DEBUG Engine               - credits: []
03:44:10.730 [FXGL Background Thread 3 ] DEBUG Engine               - defaultCursor: CursorInfo(imageName=fxgl_default_cursor.png, hotspotX=7.0, hotspotY=6.0)
03:44:10.730 [FXGL Background Thread 3 ] DEBUG Engine               - devBBoxColorProperty: ObjectProperty [value: 0xff0000ff]
03:44:10.730 [FXGL Background Thread 3 ] DEBUG Engine               - devEnableDebugCameraProperty: BooleanProperty [value: false]
03:44:10.730 [FXGL Background Thread 3 ] DEBUG Engine               - devSensorColorProperty: ObjectProperty [value: 0xffff00ff]
03:44:10.730 [FXGL Background Thread 3 ] DEBUG Engine               - devShowBBoxProperty: BooleanProperty [value: false]
03:44:10.730 [FXGL Background Thread 3 ] DEBUG Engine               - devShowPositionProperty: BooleanProperty [value: false]
03:44:10.730 [FXGL Background Thread 3 ] DEBUG Engine               - enabledMenuItems: []
03:44:10.730 [FXGL Background Thread 3 ] DEBUG Engine               - engineServices: [class com.almasb.fxgl.app.services.FXGLAssetLoaderService, class com.almasb.fxgl.app.FXGLApplication$GameApplicationService, class com.almasb.fxgl.app.services.FXGLDialogService, class com.almasb.fxgl.app.services.IOTaskExecutorService, class com.almasb.fxgl.io.FileSystemService, class com.almasb.fxgl.localization.LocalizationService, class com.almasb.fxgl.app.services.SystemBundleService, class com.almasb.fxgl.profile.SaveLoadService, class com.almasb.fxgl.ui.FXGLUIFactoryServiceProvider, class com.almasb.fxgl.ui.FXGLDialogFactoryServiceProvider, class com.almasb.fxgl.audio.AudioPlayer, class com.almasb.fxgl.notification.impl.NotificationServiceProvider, class com.almasb.fxgl.achievement.AchievementService, class com.almasb.fxgl.cutscene.CutsceneService, class com.almasb.fxgl.minigames.MiniGameService, class com.almasb.fxgl.net.NetService, class com.almasb.fxgl.app.services.UpdaterService, class com.almasb.fxgl.dev.DevService]
03:44:10.730 [FXGL Background Thread 3 ] DEBUG Engine               - fontGame: Abel-Regular.ttf
03:44:10.730 [FXGL Background Thread 3 ] DEBUG Engine               - fontMono: TerminalLandMono-Regular.otf
03:44:10.730 [FXGL Background Thread 3 ] DEBUG Engine               - fontSizeScaleUI: 1.0
03:44:10.730 [FXGL Background Thread 3 ] DEBUG Engine               - fontText: Courier-Prime.ttf
03:44:10.730 [FXGL Background Thread 3 ] DEBUG Engine               - fontUI: VarelaRound-Regular.ttf
03:44:10.730 [FXGL Background Thread 3 ] DEBUG Engine               - fullScreen: BooleanProperty [value: true]
03:44:10.730 [FXGL Background Thread 3 ] DEBUG Engine               - gameDifficulty: MEDIUM
03:44:10.730 [FXGL Background Thread 3 ] DEBUG Engine               - gameDifficultyProperty: ObjectProperty [value: MEDIUM]
03:44:10.730 [FXGL Background Thread 3 ] DEBUG Engine               - globalMusicVolume: 0.5
03:44:10.730 [FXGL Background Thread 3 ] DEBUG Engine               - globalMusicVolumeProperty: DoubleProperty [value: 0.5]
03:44:10.730 [FXGL Background Thread 3 ] DEBUG Engine               - globalSoundVolume: 0.5
03:44:10.731 [FXGL Background Thread 3 ] DEBUG Engine               - globalSoundVolumeProperty: DoubleProperty [value: 0.5]
03:44:10.731 [FXGL Background Thread 3 ] DEBUG Engine               - height: 720
03:44:10.731 [FXGL Background Thread 3 ] DEBUG Engine               - is3D: false
03:44:10.731 [FXGL Background Thread 3 ] DEBUG Engine               - isAndroid: false
03:44:10.731 [FXGL Background Thread 3 ] DEBUG Engine               - isBrowser: false
03:44:10.731 [FXGL Background Thread 3 ] DEBUG Engine               - isClickFeedbackEnabled: false
03:44:10.731 [FXGL Background Thread 3 ] DEBUG Engine               - isCloseConfirmation: false
03:44:10.731 [FXGL Background Thread 3 ] DEBUG Engine               - isDesktop: true
03:44:10.731 [FXGL Background Thread 3 ] DEBUG Engine               - isDeveloperMenuEnabled: true
03:44:10.731 [FXGL Background Thread 3 ] DEBUG Engine               - isEmbedded: false
03:44:10.731 [FXGL Background Thread 3 ] DEBUG Engine               - isEntityPreloadEnabled: true
03:44:10.731 [FXGL Background Thread 3 ] DEBUG Engine               - isExperimentalTiledLargeMap: false
03:44:10.731 [FXGL Background Thread 3 ] DEBUG Engine               - isFileSystemWriteAllowed: true
03:44:10.731 [FXGL Background Thread 3 ] DEBUG Engine               - isFullScreenAllowed: true
03:44:10.731 [FXGL Background Thread 3 ] DEBUG Engine               - isFullScreenFromStart: true
03:44:10.731 [FXGL Background Thread 3 ] DEBUG Engine               - isGameMenuEnabled: true
03:44:10.731 [FXGL Background Thread 3 ] DEBUG Engine               - isIOS: false
03:44:10.731 [FXGL Background Thread 3 ] DEBUG Engine               - isIntroEnabled: false
03:44:10.732 [FXGL Background Thread 3 ] DEBUG Engine               - isLinux: false
03:44:10.732 [FXGL Background Thread 3 ] DEBUG Engine               - isMac: false
03:44:10.732 [FXGL Background Thread 3 ] DEBUG Engine               - isMainMenuEnabled: false
03:44:10.732 [FXGL Background Thread 3 ] DEBUG Engine               - isManualResizeEnabled: false
03:44:10.732 [FXGL Background Thread 3 ] DEBUG Engine               - isMobile: false
03:44:10.732 [FXGL Background Thread 3 ] DEBUG Engine               - isNative: false
03:44:10.732 [FXGL Background Thread 3 ] DEBUG Engine               - isPauseMusicWhenMinimized: true
03:44:10.732 [FXGL Background Thread 3 ] DEBUG Engine               - isPreserveResizeRatio: false
03:44:10.732 [FXGL Background Thread 3 ] DEBUG Engine               - isProfilingEnabled: false
03:44:10.732 [FXGL Background Thread 3 ] DEBUG Engine               - isScaleAffectedOnResize: true
03:44:10.732 [FXGL Background Thread 3 ] DEBUG Engine               - isSingleStep: false
03:44:10.732 [FXGL Background Thread 3 ] DEBUG Engine               - isUserProfileEnabled: false
03:44:10.732 [FXGL Background Thread 3 ] DEBUG Engine               - isWindows: true
03:44:10.732 [FXGL Background Thread 3 ] DEBUG Engine               - language: ObjectProperty [value: ENGLISH]
03:44:10.732 [FXGL Background Thread 3 ] DEBUG Engine               - menuKey: ESCAPE
03:44:10.732 [FXGL Background Thread 3 ] DEBUG Engine               - mouseSensitivity: 0.2
03:44:10.732 [FXGL Background Thread 3 ] DEBUG Engine               - notificationViewClass: class com.almasb.fxgl.notification.view.XboxNotificationView
03:44:10.732 [FXGL Background Thread 3 ] DEBUG Engine               - pixelsPerMeter: 50.0
03:44:10.732 [FXGL Background Thread 3 ] DEBUG Engine               - platform: WINDOWS
03:44:10.732 [FXGL Background Thread 3 ] DEBUG Engine               - prefHeightProperty: ReadOnlyDoubleProperty [value: 720.0]
03:44:10.732 [FXGL Background Thread 3 ] DEBUG Engine               - prefWidthProperty: ReadOnlyDoubleProperty [value: 1280.0]
03:44:10.732 [FXGL Background Thread 3 ] DEBUG Engine               - profileDir: profiles/
03:44:10.732 [FXGL Background Thread 3 ] DEBUG Engine               - profileName: StringProperty [value: DEFAULT]
03:44:10.732 [FXGL Background Thread 3 ] DEBUG Engine               - randomSeed: -1
03:44:10.732 [FXGL Background Thread 3 ] DEBUG Engine               - runtimeInfo: RuntimeInfo(platform=WINDOWS, version=21.1, build=27.03.2024 07.52)
03:44:10.732 [FXGL Background Thread 3 ] DEBUG Engine               - saveFileExt: sav
03:44:10.732 [FXGL Background Thread 3 ] DEBUG Engine               - scaledHeightProp$fxgl: DoubleProperty [bound, value: 864.0]
03:44:10.732 [FXGL Background Thread 3 ] DEBUG Engine               - scaledWidthProp$fxgl: DoubleProperty [bound, value: 1536.0]
03:44:10.732 [FXGL Background Thread 3 ] DEBUG Engine               - sceneFactory: com.almasb.fxgl.app.scene.SceneFactory@6ddead09
03:44:10.732 [FXGL Background Thread 3 ] DEBUG Engine               - secondsIn24h: 60
03:44:10.732 [FXGL Background Thread 3 ] DEBUG Engine               - soundMenuBack: menu/back.wav
03:44:10.732 [FXGL Background Thread 3 ] DEBUG Engine               - soundMenuPress: menu/press.wav
03:44:10.732 [FXGL Background Thread 3 ] DEBUG Engine               - soundMenuSelect: menu/select.wav
03:44:10.732 [FXGL Background Thread 3 ] DEBUG Engine               - soundNotification: core/notification.wav
03:44:10.732 [FXGL Background Thread 3 ] DEBUG Engine               - stageStyle: DECORATED
03:44:10.733 [FXGL Background Thread 3 ] DEBUG Engine               - supportedLanguages: [ENGLISH, FRENCH, GERMAN, HUNGARIAN, RUSSIAN]
03:44:10.733 [FXGL Background Thread 3 ] DEBUG Engine               - ticksPerSecond: -1
03:44:10.733 [FXGL Background Thread 3 ] DEBUG Engine               - title: Final Journey
03:44:10.733 [FXGL Background Thread 3 ] DEBUG Engine               - urlGithub: https://github.com/AlmasB/FXGL
03:44:10.733 [FXGL Background Thread 3 ] DEBUG Engine               - urlLeaderboard: http://fxgl-top.herokuapp.com/
03:44:10.733 [FXGL Background Thread 3 ] DEBUG Engine               - urlPOM: https://raw.githubusercontent.com/AlmasB/FXGL/release/README.md
03:44:10.733 [FXGL Background Thread 3 ] DEBUG Engine               - userAppClass: class com.project.App
03:44:10.733 [FXGL Background Thread 3 ] DEBUG Engine               - version: Alpha
03:44:10.733 [FXGL Background Thread 3 ] DEBUG Engine               - versionCheckDays: 7
03:44:10.733 [FXGL Background Thread 3 ] DEBUG Engine               - width: 1280
03:44:10.733 [FXGL Background Thread 3 ] DEBUG Engine               - Logging services
03:44:10.733 [FXGL Background Thread 3 ] DEBUG Engine               - class com.almasb.fxgl.app.services.FXGLAssetLoaderService
03:44:10.733 [FXGL Background Thread 3 ] DEBUG Engine               - class com.almasb.fxgl.app.FXGLApplication$GameApplicationService
03:44:10.733 [FXGL Background Thread 3 ] DEBUG Engine               - class com.almasb.fxgl.app.services.FXGLDialogService
03:44:10.733 [FXGL Background Thread 3 ] DEBUG Engine               - class com.almasb.fxgl.app.services.IOTaskExecutorService
03:44:10.733 [FXGL Background Thread 3 ] DEBUG Engine               - class com.almasb.fxgl.io.FileSystemService
03:44:10.733 [FXGL Background Thread 3 ] DEBUG Engine               - class com.almasb.fxgl.localization.LocalizationService
03:44:10.733 [FXGL Background Thread 3 ] DEBUG Engine               - class com.almasb.fxgl.app.services.SystemBundleService
03:44:10.733 [FXGL Background Thread 3 ] DEBUG Engine               - class com.almasb.fxgl.profile.SaveLoadService
03:44:10.733 [FXGL Background Thread 3 ] DEBUG Engine               - class com.almasb.fxgl.ui.FXGLUIFactoryServiceProvider
03:44:10.733 [FXGL Background Thread 3 ] DEBUG Engine               - class com.almasb.fxgl.ui.FXGLDialogFactoryServiceProvider
03:44:10.733 [FXGL Background Thread 3 ] DEBUG Engine               - class com.almasb.fxgl.audio.AudioPlayer
03:44:10.733 [FXGL Background Thread 3 ] DEBUG Engine               - class com.almasb.fxgl.notification.impl.NotificationServiceProvider
03:44:10.733 [FXGL Background Thread 3 ] DEBUG Engine               - class com.almasb.fxgl.achievement.AchievementService
03:44:10.733 [FXGL Background Thread 3 ] DEBUG Engine               - class com.almasb.fxgl.cutscene.CutsceneService
03:44:10.733 [FXGL Background Thread 3 ] DEBUG Engine               - class com.almasb.fxgl.minigames.MiniGameService
03:44:10.733 [FXGL Background Thread 3 ] DEBUG Engine               - class com.almasb.fxgl.net.NetService
03:44:10.733 [FXGL Background Thread 3 ] DEBUG Engine               - class com.almasb.fxgl.app.services.UpdaterService
03:44:10.733 [FXGL Background Thread 3 ] DEBUG Engine               - class com.almasb.fxgl.dev.DevService
03:44:11.238 [JavaFX Application Thread] DEBUG EventBus             - Firing event: com.GameEvent.BackMainScene[source=javafx.event.Event$$Lambda/0x0000025b5e172db8@36ab4037]
03:44:11.239 [JavaFX Application Thread] WARN  TMXLevelLoader       - TiledMap generated from 1.11.2. Supported version: 1.9.0. Some features may not be parsed fully.
03:44:11.243 [JavaFX Application Thread] DEBUG TMXLevelLoader       - Parsed TiledMap: file:/C:/Users/frank/Desktop/ProjectFun/myproject/myproject/target/classes/assets/levels/scene1.tmx
03:44:11.243 [JavaFX Application Thread] DEBUG TMXLevelLoader       - Creating tile layer entities
03:44:11.243 [JavaFX Application Thread] DEBUG TilesetLoader        - Loading view for layer lowefloor
03:44:11.245 [JavaFX Application Thread] DEBUG TilesetLoader        - Created buffer with size 512.0x1024.0
03:44:11.263 [JavaFX Application Thread] DEBUG TilesetLoader        - Loading view for layer cliff
03:44:11.263 [JavaFX Application Thread] DEBUG TilesetLoader        - Created buffer with size 512.0x1024.0
03:44:11.263 [JavaFX Application Thread] DEBUG TilesetLoader        - Loading view for layer cliff1
03:44:11.264 [JavaFX Application Thread] DEBUG TilesetLoader        - Created buffer with size 512.0x1024.0
03:44:11.264 [JavaFX Application Thread] DEBUG TilesetLoader        - Loading view for layer cliff2
03:44:11.269 [JavaFX Application Thread] DEBUG TilesetLoader        - Created buffer with size 512.0x1024.0
03:44:11.270 [JavaFX Application Thread] DEBUG TilesetLoader        - Loading view for layer Tile Layer 3
03:44:11.270 [JavaFX Application Thread] DEBUG TilesetLoader        - Created buffer with size 512.0x1024.0
03:44:11.271 [JavaFX Application Thread] DEBUG TilesetLoader        - Loading view for layer Tile Layer 6
03:44:11.271 [JavaFX Application Thread] DEBUG TilesetLoader        - Created buffer with size 512.0x1024.0
03:44:11.308 [JavaFX Application Thread] DEBUG TilesetLoader        - Loading view for layer prop
03:44:11.308 [JavaFX Application Thread] DEBUG TilesetLoader        - Created buffer with size 512.0x1024.0
03:44:11.309 [JavaFX Application Thread] DEBUG TMXLevelLoader       - Creating object layer entities
03:44:11.316 [JavaFX Application Thread] DEBUG GameWorld            - Clearing removable entities
03:44:11.317 [JavaFX Application Thread] DEBUG GameWorld            - Setting level: com.almasb.fxgl.entity.level.Level@5bbfe63
03:44:11.320 [JavaFX Application Thread] WARN  TMXLevelLoader       - TiledMap generated from 1.11.2. Supported version: 1.9.0. Some features may not be parsed fully.
03:44:11.325 [JavaFX Application Thread] DEBUG TMXLevelLoader       - Parsed TiledMap: file:/C:/Users/frank/Desktop/ProjectFun/myproject/myproject/target/classes/assets/levels/scene1.tmx
03:44:11.326 [JavaFX Application Thread] DEBUG TMXLevelLoader       - Creating tile layer entities
03:44:11.326 [JavaFX Application Thread] DEBUG TilesetLoader        - Loading view for layer lowefloor
03:44:11.329 [JavaFX Application Thread] DEBUG TilesetLoader        - Created buffer with size 512.0x1024.0
03:44:11.344 [JavaFX Application Thread] DEBUG TilesetLoader        - Loading view for layer cliff
03:44:11.344 [JavaFX Application Thread] DEBUG TilesetLoader        - Created buffer with size 512.0x1024.0
03:44:11.345 [JavaFX Application Thread] DEBUG TilesetLoader        - Loading view for layer cliff1
03:44:11.345 [JavaFX Application Thread] DEBUG TilesetLoader        - Created buffer with size 512.0x1024.0
03:44:11.345 [JavaFX Application Thread] DEBUG TilesetLoader        - Loading view for layer cliff2
03:44:11.348 [JavaFX Application Thread] DEBUG TilesetLoader        - Created buffer with size 512.0x1024.0
03:44:11.348 [JavaFX Application Thread] DEBUG TilesetLoader        - Loading view for layer Tile Layer 3
03:44:11.351 [JavaFX Application Thread] DEBUG TilesetLoader        - Created buffer with size 512.0x1024.0
03:44:11.352 [JavaFX Application Thread] DEBUG TilesetLoader        - Loading view for layer Tile Layer 6
03:44:11.352 [JavaFX Application Thread] DEBUG TilesetLoader        - Created buffer with size 512.0x1024.0
03:44:11.402 [JavaFX Application Thread] DEBUG TilesetLoader        - Loading view for layer prop
03:44:11.403 [JavaFX Application Thread] DEBUG TilesetLoader        - Created buffer with size 512.0x1024.0
03:44:11.403 [JavaFX Application Thread] DEBUG TMXLevelLoader       - Creating object layer entities
03:44:14.464 [JavaFX Application Thread] DEBUG EventBus             - Firing event: com.GameEvent.BackMainScene[source=javafx.event.Event$$Lambda/0x0000025b5e172db8@36ab4037]
03:44:14.467 [JavaFX Application Thread] WARN  TMXLevelLoader       - TiledMap generated from 1.11.2. Supported version: 1.9.0. Some features may not be parsed fully.
03:44:14.471 [JavaFX Application Thread] DEBUG TMXLevelLoader       - Parsed TiledMap: file:/C:/Users/frank/Desktop/ProjectFun/myproject/myproject/target/classes/assets/levels/scene1.tmx
03:44:14.471 [JavaFX Application Thread] DEBUG TMXLevelLoader       - Creating tile layer entities
03:44:14.471 [JavaFX Application Thread] DEBUG TilesetLoader        - Loading view for layer lowefloor
03:44:14.472 [JavaFX Application Thread] DEBUG TilesetLoader        - Created buffer with size 512.0x1024.0
03:44:14.490 [JavaFX Application Thread] DEBUG TilesetLoader        - Loading view for layer cliff
03:44:14.490 [JavaFX Application Thread] DEBUG TilesetLoader        - Created buffer with size 512.0x1024.0
03:44:14.490 [JavaFX Application Thread] DEBUG TilesetLoader        - Loading view for layer cliff1
03:44:14.490 [JavaFX Application Thread] DEBUG TilesetLoader        - Created buffer with size 512.0x1024.0
03:44:14.491 [JavaFX Application Thread] DEBUG TilesetLoader        - Loading view for layer cliff2
03:44:14.491 [JavaFX Application Thread] DEBUG TilesetLoader        - Created buffer with size 512.0x1024.0
03:44:14.491 [JavaFX Application Thread] DEBUG TilesetLoader        - Loading view for layer Tile Layer 3
03:44:14.491 [JavaFX Application Thread] DEBUG TilesetLoader        - Created buffer with size 512.0x1024.0
03:44:14.491 [JavaFX Application Thread] DEBUG TilesetLoader        - Loading view for layer Tile Layer 6
03:44:14.491 [JavaFX Application Thread] DEBUG TilesetLoader        - Created buffer with size 512.0x1024.0
03:44:14.533 [JavaFX Application Thread] DEBUG TilesetLoader        - Loading view for layer prop
03:44:14.533 [JavaFX Application Thread] DEBUG TilesetLoader        - Created buffer with size 512.0x1024.0
03:44:14.533 [JavaFX Application Thread] DEBUG TMXLevelLoader       - Creating object layer entities
03:44:14.536 [JavaFX Application Thread] DEBUG GameWorld            - Clearing removable entities
03:44:14.538 [JavaFX Application Thread] DEBUG GameWorld            - Setting level: com.almasb.fxgl.entity.level.Level@308bc56d
03:44:14.540 [JavaFX Application Thread] WARN  TMXLevelLoader       - TiledMap generated from 1.11.2. Supported version: 1.9.0. Some features may not be parsed fully.
03:44:14.542 [JavaFX Application Thread] DEBUG TMXLevelLoader       - Parsed TiledMap: file:/C:/Users/frank/Desktop/ProjectFun/myproject/myproject/target/classes/assets/levels/scene1.tmx
03:44:14.542 [JavaFX Application Thread] DEBUG TMXLevelLoader       - Creating tile layer entities
03:44:14.542 [JavaFX Application Thread] DEBUG TilesetLoader        - Loading view for layer lowefloor
03:44:14.543 [JavaFX Application Thread] DEBUG TilesetLoader        - Created buffer with size 512.0x1024.0
03:44:14.559 [JavaFX Application Thread] DEBUG TilesetLoader        - Loading view for layer cliff
03:44:14.560 [JavaFX Application Thread] DEBUG TilesetLoader        - Created buffer with size 512.0x1024.0
03:44:14.560 [JavaFX Application Thread] DEBUG TilesetLoader        - Loading view for layer cliff1
03:44:14.560 [JavaFX Application Thread] DEBUG TilesetLoader        - Created buffer with size 512.0x1024.0
03:44:14.560 [JavaFX Application Thread] DEBUG TilesetLoader        - Loading view for layer cliff2
03:44:14.560 [JavaFX Application Thread] DEBUG TilesetLoader        - Created buffer with size 512.0x1024.0
03:44:14.561 [JavaFX Application Thread] DEBUG TilesetLoader        - Loading view for layer Tile Layer 3
03:44:14.561 [JavaFX Application Thread] DEBUG TilesetLoader        - Created buffer with size 512.0x1024.0
03:44:14.561 [JavaFX Application Thread] DEBUG TilesetLoader        - Loading view for layer Tile Layer 6
03:44:14.561 [JavaFX Application Thread] DEBUG TilesetLoader        - Created buffer with size 512.0x1024.0
03:44:14.603 [JavaFX Application Thread] DEBUG TilesetLoader        - Loading view for layer prop
03:44:14.603 [JavaFX Application Thread] DEBUG TilesetLoader        - Created buffer with size 512.0x1024.0
03:44:14.603 [JavaFX Application Thread] DEBUG TMXLevelLoader       - Creating object layer entities
03:44:15.207 [JavaFX Application Thread] DEBUG EventBus             - Firing event: com.GameEvent.BackMainScene[source=javafx.event.Event$$Lambda/0x0000025b5e172db8@36ab4037]
03:44:15.209 [JavaFX Application Thread] WARN  TMXLevelLoader       - TiledMap generated from 1.11.2. Supported version: 1.9.0. Some features may not be parsed fully.
03:44:15.213 [JavaFX Application Thread] DEBUG TMXLevelLoader       - Parsed TiledMap: file:/C:/Users/frank/Desktop/ProjectFun/myproject/myproject/target/classes/assets/levels/scene1.tmx
03:44:15.213 [JavaFX Application Thread] DEBUG TMXLevelLoader       - Creating tile layer entities
03:44:15.213 [JavaFX Application Thread] DEBUG TilesetLoader        - Loading view for layer lowefloor
03:44:15.214 [JavaFX Application Thread] DEBUG TilesetLoader        - Created buffer with size 512.0x1024.0
03:44:15.230 [JavaFX Application Thread] DEBUG TilesetLoader        - Loading view for layer cliff
03:44:15.230 [JavaFX Application Thread] DEBUG TilesetLoader        - Created buffer with size 512.0x1024.0
03:44:15.230 [JavaFX Application Thread] DEBUG TilesetLoader        - Loading view for layer cliff1
03:44:15.230 [JavaFX Application Thread] DEBUG TilesetLoader        - Created buffer with size 512.0x1024.0
03:44:15.230 [JavaFX Application Thread] DEBUG TilesetLoader        - Loading view for layer cliff2
03:44:15.231 [JavaFX Application Thread] DEBUG TilesetLoader        - Created buffer with size 512.0x1024.0
03:44:15.231 [JavaFX Application Thread] DEBUG TilesetLoader        - Loading view for layer Tile Layer 3
03:44:15.231 [JavaFX Application Thread] DEBUG TilesetLoader        - Created buffer with size 512.0x1024.0
03:44:15.232 [JavaFX Application Thread] DEBUG TilesetLoader        - Loading view for layer Tile Layer 6
03:44:15.232 [JavaFX Application Thread] DEBUG TilesetLoader        - Created buffer with size 512.0x1024.0
03:44:15.272 [JavaFX Application Thread] DEBUG TilesetLoader        - Loading view for layer prop
03:44:15.272 [JavaFX Application Thread] DEBUG TilesetLoader        - Created buffer with size 512.0x1024.0
03:44:15.273 [JavaFX Application Thread] DEBUG TMXLevelLoader       - Creating object layer entities
03:44:15.276 [JavaFX Application Thread] DEBUG GameWorld            - Clearing removable entities
03:44:15.278 [JavaFX Application Thread] DEBUG GameWorld            - Setting level: com.almasb.fxgl.entity.level.Level@28d81b34
03:44:15.280 [JavaFX Application Thread] WARN  TMXLevelLoader       - TiledMap generated from 1.11.2. Supported version: 1.9.0. Some features may not be parsed fully.
03:44:15.282 [JavaFX Application Thread] DEBUG TMXLevelLoader       - Parsed TiledMap: file:/C:/Users/frank/Desktop/ProjectFun/myproject/myproject/target/classes/assets/levels/scene1.tmx
03:44:15.282 [JavaFX Application Thread] DEBUG TMXLevelLoader       - Creating tile layer entities
03:44:15.282 [JavaFX Application Thread] DEBUG TilesetLoader        - Loading view for layer lowefloor
03:44:15.282 [JavaFX Application Thread] DEBUG TilesetLoader        - Created buffer with size 512.0x1024.0
03:44:15.296 [JavaFX Application Thread] DEBUG TilesetLoader        - Loading view for layer cliff
03:44:15.297 [JavaFX Application Thread] DEBUG TilesetLoader        - Created buffer with size 512.0x1024.0
03:44:15.297 [JavaFX Application Thread] DEBUG TilesetLoader        - Loading view for layer cliff1
03:44:15.297 [JavaFX Application Thread] DEBUG TilesetLoader        - Created buffer with size 512.0x1024.0
03:44:15.297 [JavaFX Application Thread] DEBUG TilesetLoader        - Loading view for layer cliff2
03:44:15.298 [JavaFX Application Thread] DEBUG TilesetLoader        - Created buffer with size 512.0x1024.0
03:44:15.298 [JavaFX Application Thread] DEBUG TilesetLoader        - Loading view for layer Tile Layer 3
03:44:15.298 [JavaFX Application Thread] DEBUG TilesetLoader        - Created buffer with size 512.0x1024.0
03:44:15.298 [JavaFX Application Thread] DEBUG TilesetLoader        - Loading view for layer Tile Layer 6
03:44:15.299 [JavaFX Application Thread] DEBUG TilesetLoader        - Created buffer with size 512.0x1024.0
03:44:15.334 [JavaFX Application Thread] DEBUG TilesetLoader        - Loading view for layer prop
03:44:15.335 [JavaFX Application Thread] DEBUG TilesetLoader        - Created buffer with size 512.0x1024.0
03:44:15.335 [JavaFX Application Thread] DEBUG TMXLevelLoader       - Creating object layer entities
03:44:15.406 [JavaFX Application Thread] DEBUG EventBus             - Firing event: com.GameEvent.BackMainScene[source=javafx.event.Event$$Lambda/0x0000025b5e172db8@36ab4037]
03:44:15.407 [JavaFX Application Thread] WARN  TMXLevelLoader       - TiledMap generated from 1.11.2. Supported version: 1.9.0. Some features may not be parsed fully.
03:44:15.410 [JavaFX Application Thread] DEBUG TMXLevelLoader       - Parsed TiledMap: file:/C:/Users/frank/Desktop/ProjectFun/myproject/myproject/target/classes/assets/levels/scene1.tmx
03:44:15.410 [JavaFX Application Thread] DEBUG TMXLevelLoader       - Creating tile layer entities
03:44:15.410 [JavaFX Application Thread] DEBUG TilesetLoader        - Loading view for layer lowefloor
03:44:15.410 [JavaFX Application Thread] DEBUG TilesetLoader        - Created buffer with size 512.0x1024.0
03:44:15.428 [JavaFX Application Thread] DEBUG TilesetLoader        - Loading view for layer cliff
03:44:15.428 [JavaFX Application Thread] DEBUG TilesetLoader        - Created buffer with size 512.0x1024.0
03:44:15.428 [JavaFX Application Thread] DEBUG TilesetLoader        - Loading view for layer cliff1
03:44:15.428 [JavaFX Application Thread] DEBUG TilesetLoader        - Created buffer with size 512.0x1024.0
03:44:15.428 [JavaFX Application Thread] DEBUG TilesetLoader        - Loading view for layer cliff2
03:44:15.429 [JavaFX Application Thread] DEBUG TilesetLoader        - Created buffer with size 512.0x1024.0
03:44:15.429 [JavaFX Application Thread] DEBUG TilesetLoader        - Loading view for layer Tile Layer 3
03:44:15.429 [JavaFX Application Thread] DEBUG TilesetLoader        - Created buffer with size 512.0x1024.0
03:44:15.429 [JavaFX Application Thread] DEBUG TilesetLoader        - Loading view for layer Tile Layer 6
03:44:15.429 [JavaFX Application Thread] DEBUG TilesetLoader        - Created buffer with size 512.0x1024.0
03:44:15.464 [JavaFX Application Thread] DEBUG TilesetLoader        - Loading view for layer prop
03:44:15.465 [JavaFX Application Thread] DEBUG TilesetLoader        - Created buffer with size 512.0x1024.0
03:44:15.465 [JavaFX Application Thread] DEBUG TMXLevelLoader       - Creating object layer entities
03:44:15.467 [JavaFX Application Thread] DEBUG GameWorld            - Clearing removable entities
03:44:15.468 [JavaFX Application Thread] DEBUG GameWorld            - Setting level: com.almasb.fxgl.entity.level.Level@3c095223
03:44:15.470 [JavaFX Application Thread] WARN  TMXLevelLoader       - TiledMap generated from 1.11.2. Supported version: 1.9.0. Some features may not be parsed fully.
03:44:15.472 [JavaFX Application Thread] DEBUG TMXLevelLoader       - Parsed TiledMap: file:/C:/Users/frank/Desktop/ProjectFun/myproject/myproject/target/classes/assets/levels/scene1.tmx
03:44:15.472 [JavaFX Application Thread] DEBUG TMXLevelLoader       - Creating tile layer entities
03:44:15.472 [JavaFX Application Thread] DEBUG TilesetLoader        - Loading view for layer lowefloor
03:44:15.472 [JavaFX Application Thread] DEBUG TilesetLoader        - Created buffer with size 512.0x1024.0
03:44:15.486 [JavaFX Application Thread] DEBUG TilesetLoader        - Loading view for layer cliff
03:44:15.486 [JavaFX Application Thread] DEBUG TilesetLoader        - Created buffer with size 512.0x1024.0
03:44:15.486 [JavaFX Application Thread] DEBUG TilesetLoader        - Loading view for layer cliff1
03:44:15.486 [JavaFX Application Thread] DEBUG TilesetLoader        - Created buffer with size 512.0x1024.0
03:44:15.486 [JavaFX Application Thread] DEBUG TilesetLoader        - Loading view for layer cliff2
03:44:15.487 [JavaFX Application Thread] DEBUG TilesetLoader        - Created buffer with size 512.0x1024.0
03:44:15.487 [JavaFX Application Thread] DEBUG TilesetLoader        - Loading view for layer Tile Layer 3
03:44:15.487 [JavaFX Application Thread] DEBUG TilesetLoader        - Created buffer with size 512.0x1024.0
03:44:15.487 [JavaFX Application Thread] DEBUG TilesetLoader        - Loading view for layer Tile Layer 6
03:44:15.487 [JavaFX Application Thread] DEBUG TilesetLoader        - Created buffer with size 512.0x1024.0
03:44:15.528 [JavaFX Application Thread] DEBUG TilesetLoader        - Loading view for layer prop
03:44:15.528 [JavaFX Application Thread] DEBUG TilesetLoader        - Created buffer with size 512.0x1024.0
03:44:15.528 [JavaFX Application Thread] DEBUG TMXLevelLoader       - Creating object layer entities
03:44:18.189 [JavaFX Application Thread] DEBUG EventBus             - Firing event: com.GameEvent.BackMainScene[source=javafx.event.Event$$Lambda/0x0000025b5e172db8@36ab4037]
03:44:18.191 [JavaFX Application Thread] WARN  TMXLevelLoader       - TiledMap generated from 1.11.2. Supported version: 1.9.0. Some features may not be parsed fully.
03:44:18.193 [JavaFX Application Thread] DEBUG TMXLevelLoader       - Parsed TiledMap: file:/C:/Users/frank/Desktop/ProjectFun/myproject/myproject/target/classes/assets/levels/scene1.tmx
03:44:18.193 [JavaFX Application Thread] DEBUG TMXLevelLoader       - Creating tile layer entities
03:44:18.193 [JavaFX Application Thread] DEBUG TilesetLoader        - Loading view for layer lowefloor
03:44:18.195 [JavaFX Application Thread] DEBUG TilesetLoader        - Created buffer with size 512.0x1024.0
03:44:18.211 [JavaFX Application Thread] DEBUG TilesetLoader        - Loading view for layer cliff
03:44:18.211 [JavaFX Application Thread] DEBUG TilesetLoader        - Created buffer with size 512.0x1024.0
03:44:18.211 [JavaFX Application Thread] DEBUG TilesetLoader        - Loading view for layer cliff1
03:44:18.212 [JavaFX Application Thread] DEBUG TilesetLoader        - Created buffer with size 512.0x1024.0
03:44:18.212 [JavaFX Application Thread] DEBUG TilesetLoader        - Loading view for layer cliff2
03:44:18.212 [JavaFX Application Thread] DEBUG TilesetLoader        - Created buffer with size 512.0x1024.0
03:44:18.212 [JavaFX Application Thread] DEBUG TilesetLoader        - Loading view for layer Tile Layer 3
03:44:18.212 [JavaFX Application Thread] DEBUG TilesetLoader        - Created buffer with size 512.0x1024.0
03:44:18.212 [JavaFX Application Thread] DEBUG TilesetLoader        - Loading view for layer Tile Layer 6
03:44:18.213 [JavaFX Application Thread] DEBUG TilesetLoader        - Created buffer with size 512.0x1024.0
03:44:18.248 [JavaFX Application Thread] DEBUG TilesetLoader        - Loading view for layer prop
03:44:18.248 [JavaFX Application Thread] DEBUG TilesetLoader        - Created buffer with size 512.0x1024.0
03:44:18.248 [JavaFX Application Thread] DEBUG TMXLevelLoader       - Creating object layer entities
03:44:18.250 [JavaFX Application Thread] DEBUG GameWorld            - Clearing removable entities
03:44:18.251 [JavaFX Application Thread] DEBUG GameWorld            - Setting level: com.almasb.fxgl.entity.level.Level@3e160991
03:44:18.253 [JavaFX Application Thread] WARN  TMXLevelLoader       - TiledMap generated from 1.11.2. Supported version: 1.9.0. Some features may not be parsed fully.
03:44:18.253 [JavaFX Application Thread] DEBUG TMXLevelLoader       - Parsed TiledMap: file:/C:/Users/frank/Desktop/ProjectFun/myproject/myproject/target/classes/assets/levels/scene1.tmx
03:44:18.253 [JavaFX Application Thread] DEBUG TMXLevelLoader       - Creating tile layer entities
03:44:18.255 [JavaFX Application Thread] DEBUG TilesetLoader        - Loading view for layer lowefloor
03:44:18.255 [JavaFX Application Thread] DEBUG TilesetLoader        - Created buffer with size 512.0x1024.0
03:44:18.269 [JavaFX Application Thread] DEBUG TilesetLoader        - Loading view for layer cliff
03:44:18.269 [JavaFX Application Thread] DEBUG TilesetLoader        - Created buffer with size 512.0x1024.0
03:44:18.269 [JavaFX Application Thread] DEBUG TilesetLoader        - Loading view for layer cliff1
03:44:18.269 [JavaFX Application Thread] DEBUG TilesetLoader        - Created buffer with size 512.0x1024.0
03:44:18.269 [JavaFX Application Thread] DEBUG TilesetLoader        - Loading view for layer cliff2
03:44:18.270 [JavaFX Application Thread] DEBUG TilesetLoader        - Created buffer with size 512.0x1024.0
03:44:18.270 [JavaFX Application Thread] DEBUG TilesetLoader        - Loading view for layer Tile Layer 3
03:44:18.270 [JavaFX Application Thread] DEBUG TilesetLoader        - Created buffer with size 512.0x1024.0
03:44:18.270 [JavaFX Application Thread] DEBUG TilesetLoader        - Loading view for layer Tile Layer 6
03:44:18.270 [JavaFX Application Thread] DEBUG TilesetLoader        - Created buffer with size 512.0x1024.0
03:44:18.305 [JavaFX Application Thread] DEBUG TilesetLoader        - Loading view for layer prop
03:44:18.305 [JavaFX Application Thread] DEBUG TilesetLoader        - Created buffer with size 512.0x1024.0
03:44:18.305 [JavaFX Application Thread] DEBUG TMXLevelLoader       - Creating object layer entities
03:44:20.255 [JavaFX Application Thread] DEBUG EventBus             - Firing event: com.GameEvent.BackMainScene[source=javafx.event.Event$$Lambda/0x0000025b5e172db8@36ab4037]
03:44:20.256 [JavaFX Application Thread] WARN  TMXLevelLoader       - TiledMap generated from 1.11.2. Supported version: 1.9.0. Some features may not be parsed fully.
03:44:20.258 [JavaFX Application Thread] DEBUG TMXLevelLoader       - Parsed TiledMap: file:/C:/Users/frank/Desktop/ProjectFun/myproject/myproject/target/classes/assets/levels/scene1.tmx
03:44:20.258 [JavaFX Application Thread] DEBUG TMXLevelLoader       - Creating tile layer entities
03:44:20.258 [JavaFX Application Thread] DEBUG TilesetLoader        - Loading view for layer lowefloor
03:44:20.258 [JavaFX Application Thread] DEBUG TilesetLoader        - Created buffer with size 512.0x1024.0
03:44:20.272 [JavaFX Application Thread] DEBUG TilesetLoader        - Loading view for layer cliff
03:44:20.273 [JavaFX Application Thread] DEBUG TilesetLoader        - Created buffer with size 512.0x1024.0
03:44:20.273 [JavaFX Application Thread] DEBUG TilesetLoader        - Loading view for layer cliff1
03:44:20.276 [JavaFX Application Thread] DEBUG TilesetLoader        - Created buffer with size 512.0x1024.0
03:44:20.276 [JavaFX Application Thread] DEBUG TilesetLoader        - Loading view for layer cliff2
03:44:20.276 [JavaFX Application Thread] DEBUG TilesetLoader        - Created buffer with size 512.0x1024.0
03:44:20.277 [JavaFX Application Thread] DEBUG TilesetLoader        - Loading view for layer Tile Layer 3
03:44:20.277 [JavaFX Application Thread] DEBUG TilesetLoader        - Created buffer with size 512.0x1024.0
03:44:20.277 [JavaFX Application Thread] DEBUG TilesetLoader        - Loading view for layer Tile Layer 6
03:44:20.277 [JavaFX Application Thread] DEBUG TilesetLoader        - Created buffer with size 512.0x1024.0
03:44:20.312 [JavaFX Application Thread] DEBUG TilesetLoader        - Loading view for layer prop
03:44:20.313 [JavaFX Application Thread] DEBUG TilesetLoader        - Created buffer with size 512.0x1024.0
03:44:20.313 [JavaFX Application Thread] DEBUG TMXLevelLoader       - Creating object layer entities
03:44:20.315 [JavaFX Application Thread] DEBUG GameWorld            - Clearing removable entities
03:44:20.316 [JavaFX Application Thread] DEBUG GameWorld            - Setting level: com.almasb.fxgl.entity.level.Level@2456625e
03:44:20.317 [JavaFX Application Thread] WARN  TMXLevelLoader       - TiledMap generated from 1.11.2. Supported version: 1.9.0. Some features may not be parsed fully.
03:44:20.319 [JavaFX Application Thread] DEBUG TMXLevelLoader       - Parsed TiledMap: file:/C:/Users/frank/Desktop/ProjectFun/myproject/myproject/target/classes/assets/levels/scene1.tmx
03:44:20.319 [JavaFX Application Thread] DEBUG TMXLevelLoader       - Creating tile layer entities
03:44:20.319 [JavaFX Application Thread] DEBUG TilesetLoader        - Loading view for layer lowefloor
03:44:20.319 [JavaFX Application Thread] DEBUG TilesetLoader        - Created buffer with size 512.0x1024.0
03:44:20.332 [JavaFX Application Thread] DEBUG TilesetLoader        - Loading view for layer cliff
03:44:20.333 [JavaFX Application Thread] DEBUG TilesetLoader        - Created buffer with size 512.0x1024.0
03:44:20.333 [JavaFX Application Thread] DEBUG TilesetLoader        - Loading view for layer cliff1
03:44:20.333 [JavaFX Application Thread] DEBUG TilesetLoader        - Created buffer with size 512.0x1024.0
03:44:20.333 [JavaFX Application Thread] DEBUG TilesetLoader        - Loading view for layer cliff2
03:44:20.333 [JavaFX Application Thread] DEBUG TilesetLoader        - Created buffer with size 512.0x1024.0
03:44:20.333 [JavaFX Application Thread] DEBUG TilesetLoader        - Loading view for layer Tile Layer 3
03:44:20.333 [JavaFX Application Thread] DEBUG TilesetLoader        - Created buffer with size 512.0x1024.0
03:44:20.333 [JavaFX Application Thread] DEBUG TilesetLoader        - Loading view for layer Tile Layer 6
03:44:20.333 [JavaFX Application Thread] DEBUG TilesetLoader        - Created buffer with size 512.0x1024.0
03:44:20.368 [JavaFX Application Thread] DEBUG TilesetLoader        - Loading view for layer prop
03:44:20.369 [JavaFX Application Thread] DEBUG TilesetLoader        - Created buffer with size 512.0x1024.0
03:44:20.369 [JavaFX Application Thread] DEBUG TMXLevelLoader       - Creating object layer entities
03:44:24.936 [JavaFX Application Thread] DEBUG FXGLApplication      - Exiting FXGL
03:44:24.936 [JavaFX Application Thread] DEBUG LoopRunner           - Stopping loop
03:44:24.936 [JavaFX Application Thread] DEBUG SystemBundleService  - Saving FXGL system data
03:44:24.939 [JavaFX Application Thread] DEBUG FileSystemAccess     - Writing to: C:\Users\frank\Desktop\ProjectFun\myproject\myproject\system\fxgl.bundle
03:44:24.943 [JavaFX Application Thread] DEBUG Async                - Shutting down background threads
03:44:24.943 [JavaFX Application Thread] DEBUG PrimaryStageWindow   - Closing main window
03:44:24.974 [JavaFX Application Thread] DEBUG Logger               - Closing Logger
