23:41:18.070 [main                     ] DEBUG Logger               - Configured Logger
23:41:18.088 [main                     ] DEBUG GameApplication      - Logging settings
Title: Final Journey
Version: Alpha
Width: 1280
Height: 720
Fullscreen: true
Intro: false
Profiling: false
Single step:false
App Mode: DEVELOPER
Menu Key: ESCAPE
Stage Style: DECORATED
Scene Factory: class com.almasb.fxgl.app.scene.SceneFactory

23:41:18.546 [JavaFX Application Thread] DEBUG FXGLApplication      - Initializing FXGL
23:41:18.550 [JavaFX Application Thread] INFO  Engine               - FXGL-21.1 (27.03.2024 07.52) on WINDOWS (J:21.0.5 FX:21.0.1)
23:41:18.550 [JavaFX Application Thread] DEBUG Engine               - JRE Vendor Name: Eclipse Adoptium
23:41:18.550 [JavaFX Application Thread] DEBUG Engine               - Running on OS: Windows 11 version 10.0
23:41:18.550 [JavaFX Application Thread] DEBUG Engine               - Architecture: amd64
23:41:18.550 [JavaFX Application Thread] INFO  Engine               - Source code and latest versions at: https://github.com/AlmasB/FXGL
23:41:18.551 [JavaFX Application Thread] INFO  Engine               -       Ask questions and discuss at: https://github.com/AlmasB/FXGL/discussions
23:41:18.551 [JavaFX Application Thread] INFO  Engine               -              Join the FXGL chat at: https://gitter.im/AlmasB/FXGL
23:41:18.650 [JavaFX Application Thread] DEBUG PrimaryStageWindow   - Creating a JavaFX scene
23:41:18.700 [JavaFX Application Thread] DEBUG PrimaryStageWindow   - Target settings size: 1280.0 x 720.0
23:41:18.700 [JavaFX Application Thread] DEBUG PrimaryStageWindow   - Scaled scene size:    1280.0 x 720.0
23:41:18.700 [JavaFX Application Thread] DEBUG PrimaryStageWindow   - Scaled ratio: (1.0, 1.0)
23:41:18.701 [JavaFX Application Thread] DEBUG PrimaryStageWindow   - Set initial scene to FXGLStartupScene
23:41:18.705 [JavaFX Application Thread] DEBUG PrimaryStageWindow   - Opening main window
23:41:18.822 [JavaFX Application Thread] DEBUG PrimaryStageWindow   - Window border size: (14.4000244140625, 37.5999755859375)
23:41:18.823 [JavaFX Application Thread] DEBUG PrimaryStageWindow   - Scaled size: 1280.0 x 720.0
23:41:18.823 [JavaFX Application Thread] DEBUG PrimaryStageWindow   - Scaled ratio: (1.0, 1.0)
23:41:18.824 [JavaFX Application Thread] DEBUG PrimaryStageWindow   - Scene size: 1280.0 x 720.0
23:41:18.824 [JavaFX Application Thread] DEBUG PrimaryStageWindow   - Stage size: 1294.4000244140625 x 757.5999755859375
23:41:18.945 [JavaFX Application Thread] DEBUG PrimaryStageWindow   - Going fullscreen
23:41:18.955 [FXGL Background Thread 1 ] DEBUG Engine               - Initializing environment variables
23:41:19.009 [FXGL Background Thread 1 ] DEBUG FXGLAssetLoaderServi - User app class for loading assets: class com.project.App
23:41:19.010 [FXGL Background Thread 1 ] DEBUG GameApplicationServi - Applying CSS: fxgl_dark.css
23:41:19.011 [FXGL Background Thread 1 ] DEBUG FXGLAssetLoaderServi - Loading from file system: jar:file:/C:/Users/Lenovo/.m2/repository/com/github/almasb/fxgl/21.1/fxgl-21.1.jar!/fxglassets/ui/css/fxgl_dark.css
23:41:19.047 [FXGL Background Thread 1 ] DEBUG GameApplicationServi - Initializing application scenes
23:41:19.089 [FXGL Background Thread 1 ] DEBUG GameWorld            - Game world initialized
23:41:19.151 [FXGL Background Thread 1 ] DEBUG PhysicsWorld         - Physics world initialized: appHeight=720, physics.ppm=50.0
23:41:19.151 [FXGL Background Thread 1 ] DEBUG PhysicsWorld         - Using strategy: BRUTE_FORCE
23:41:19.154 [FXGL Background Thread 1 ] DEBUG GameScene            - Game scene initialized: 1280x720
23:41:19.167 [FXGL Background Thread 1 ] DEBUG FXGL.DefaultMenu     - createMenuBodyGameMenu()
23:41:19.180 [FXGL Background Thread 1 ] DEBUG FXGL.DefaultMenu     - createOptionsMenu()
23:41:19.189 [FXGL Background Thread 1 ] DEBUG FXGLAssetLoaderServi - Loading from file system: jar:file:/C:/Users/Lenovo/.m2/repository/com/github/almasb/fxgl/21.1/fxgl-21.1.jar!/fxglassets/textures/particles/smoke.png
23:41:19.280 [FXGL Background Thread 1 ] DEBUG FXGLAssetLoaderServi - Loading from file system: jar:file:/C:/Users/Lenovo/.m2/repository/com/github/almasb/fxgl/21.1/fxgl-21.1.jar!/fxglassets/textures/particles/trace_horizontal.png
23:41:19.302 [FXGL Background Thread 1 ] DEBUG GameApplicationServi - Application scenes initialized
23:41:19.314 [FXGL Background Thread 1 ] DEBUG SystemBundleService  - Loading FXGL system data
23:41:19.318 [FXGL Background Thread 1 ] DEBUG FileSystemAccess     - Reading from: C:\Users\Lenovo\ProjectJava3.0\myproject\myproject\system\fxgl.bundle
23:41:19.326 [FXGL Background Thread 1 ] DEBUG SystemBundleService  - Bundle FXGL: {}
23:41:19.326 [FXGL Background Thread 1 ] DEBUG UpdaterService       - Checking for updates
23:41:19.354 [FXGL Background Thread 4 ] DEBUG FXGLApplication      - Loading fonts
23:41:19.354 [FXGL Background Thread 1 ] DEBUG FXGLApplication      - Loading default localization
23:41:19.354 [FXGL Background Thread 4 ] DEBUG FXGLAssetLoaderServi - Loading from file system: jar:file:/C:/Users/Lenovo/.m2/repository/com/github/almasb/fxgl/21.1/fxgl-21.1.jar!/fxglassets/ui/fonts/VarelaRound-Regular.ttf
23:41:19.354 [FXGL Background Thread 1 ] DEBUG FXGLAssetLoaderServi - Loading from file system: jar:file:/C:/Users/Lenovo/.m2/repository/com/github/almasb/fxgl/21.1/fxgl-21.1.jar!/fxglassets/languages/english.lang
23:41:19.389 [FXGL Background Thread 4 ] DEBUG FXGLAssetLoaderServi - Loading from file system: jar:file:/C:/Users/Lenovo/.m2/repository/com/github/almasb/fxgl/21.1/fxgl-21.1.jar!/fxglassets/ui/fonts/Abel-Regular.ttf
23:41:19.392 [FXGL Background Thread 1 ] INFO  FXGLApplication      - FXGL initialization took: 0.436 sec
23:41:19.393 [FXGL Background Thread 4 ] DEBUG FXGLAssetLoaderServi - Loading from file system: jar:file:/C:/Users/Lenovo/.m2/repository/com/github/almasb/fxgl/21.1/fxgl-21.1.jar!/fxglassets/ui/fonts/TerminalLandMono-Regular.otf
23:41:19.398 [FXGL Background Thread 4 ] DEBUG FXGLAssetLoaderServi - Loading from file system: jar:file:/C:/Users/Lenovo/.m2/repository/com/github/almasb/fxgl/21.1/fxgl-21.1.jar!/fxglassets/ui/fonts/Courier-Prime.ttf
23:41:19.401 [JavaFX Application Thread] DEBUG Input                - Registered new binding: Right - D
23:41:19.401 [JavaFX Application Thread] DEBUG Input                - Registered new binding: Left - A
23:41:19.402 [JavaFX Application Thread] DEBUG Input                - Registered new binding: Up - W
23:41:19.402 [JavaFX Application Thread] DEBUG Input                - Registered new binding: Down - S
23:41:19.402 [JavaFX Application Thread] DEBUG Input                - Registered new binding: Interact - E
23:41:19.402 [JavaFX Application Thread] DEBUG FXGLAssetLoaderServi - Loading from file system: jar:file:/C:/Users/Lenovo/.m2/repository/com/github/almasb/fxgl/21.1/fxgl-21.1.jar!/fxglassets/textures/fxgl_icon.png
23:41:19.420 [JavaFX Application Thread] DEBUG FXGLAssetLoaderServi - Loading from file system: jar:file:/C:/Users/Lenovo/.m2/repository/com/github/almasb/fxgl/21.1/fxgl-21.1.jar!/fxglassets/textures/fxgl_default_cursor.png
23:41:19.423 [JavaFX Application Thread] DEBUG Input                - Registered new binding: Screenshot - CTRL+8
23:41:19.423 [JavaFX Application Thread] DEBUG Input                - Registered new binding: Dev Options - 1
23:41:19.424 [JavaFX Application Thread] DEBUG Input                - Registered new binding: Dev Console - 2
23:41:19.425 [JavaFX Application Thread] DEBUG Input                - Registered new binding: System info dump - CTRL+9
23:41:19.425 [JavaFX Application Thread] DEBUG Input                - Registered new binding: Restart - CTRL+R
23:41:19.426 [JavaFX Application Thread] DEBUG Input                - Registered new binding: Toggle Debug Camera - CTRL+7
23:41:19.431 [JavaFX Application Thread] DEBUG LoopRunner           - Starting loop
23:41:19.454 [JavaFX Application Thread] DEBUG LoopRunner           - Initializing JavaFX AnimationTimerLoop
23:41:19.456 [JavaFX Application Thread] DEBUG GameApplicationServi - Starting new game
23:41:19.457 [JavaFX Application Thread] DEBUG Input                - Clearing active input actions
23:41:19.470 [JavaFX Application Thread] DEBUG GameApplicationServi - Removing overlay from FXGLStartupScene and adding to FXGLLoadingScene
23:41:19.477 [JavaFX Application Thread] DEBUG PrimaryStageWindow   - FXGLStartupScene -> FXGLLoadingScene
23:41:19.478 [JavaFX Application Thread] DEBUG GameApplicationServi - Clearing previous game
23:41:19.478 [JavaFX Application Thread] DEBUG GameScene            - Clearing game scene
23:41:19.478 [JavaFX Application Thread] DEBUG GameWorld            - Clearing game world
23:41:19.478 [JavaFX Application Thread] DEBUG PhysicsWorld         - Clearing physics world
23:41:19.479 [FXGL Background Thread 4 ] DEBUG FXGLApplication      - Initializing game
23:41:19.482 [JavaFX Application Thread] DEBUG FXGLApplication      - Registering font factories with UI factory
23:41:19.548 [FXGL Background Thread 4 ] WARN  TMXLevelLoader       - TiledMap generated from 1.11.2. Supported version: 1.9.0. Some features may not be parsed fully.
23:41:19.575 [FXGL Background Thread 4 ] DEBUG TMXLevelLoader       - Parsed TiledMap: file:/C:/Users/Lenovo/ProjectJava3.0/myproject/myproject/target/classes/assets/levels/scene1.tmx
23:41:19.578 [FXGL Background Thread 4 ] DEBUG TMXLevelLoader       - Creating tile layer entities
23:41:19.581 [FXGL Background Thread 4 ] DEBUG TilesetLoader        - Loading view for layer lowefloor
23:41:19.583 [FXGL Background Thread 4 ] DEBUG TilesetLoader        - Created buffer with size 512.0x1024.0
23:41:19.664 [FXGL Background Thread 4 ] DEBUG TilesetLoader        - Loading view for layer cliff
23:41:19.664 [FXGL Background Thread 4 ] DEBUG TilesetLoader        - Created buffer with size 512.0x1024.0
23:41:19.665 [FXGL Background Thread 4 ] DEBUG TilesetLoader        - Loading view for layer cliff1
23:41:19.667 [FXGL Background Thread 4 ] DEBUG TilesetLoader        - Created buffer with size 512.0x1024.0
23:41:19.668 [FXGL Background Thread 4 ] DEBUG TilesetLoader        - Loading view for layer cliff2
23:41:19.669 [FXGL Background Thread 4 ] DEBUG TilesetLoader        - Created buffer with size 512.0x1024.0
23:41:19.671 [FXGL Background Thread 4 ] DEBUG TilesetLoader        - Loading view for layer Tile Layer 3
23:41:19.671 [FXGL Background Thread 4 ] DEBUG TilesetLoader        - Created buffer with size 512.0x1024.0
23:41:19.672 [FXGL Background Thread 4 ] DEBUG TilesetLoader        - Loading view for layer Tile Layer 6
23:41:19.672 [FXGL Background Thread 4 ] DEBUG TilesetLoader        - Created buffer with size 512.0x1024.0
23:41:19.754 [FXGL Background Thread 4 ] DEBUG TilesetLoader        - Loading view for layer prop
23:41:19.755 [FXGL Background Thread 4 ] DEBUG TilesetLoader        - Created buffer with size 512.0x1024.0
23:41:19.755 [FXGL Background Thread 4 ] DEBUG TMXLevelLoader       - Creating object layer entities
23:41:19.793 [FXGL Background Thread 4 ] DEBUG FXGLAssetLoaderServi - Loading from file system: file:/C:/Users/Lenovo/ProjectJava3.0/myproject/myproject/target/classes/assets/textures/Rafflesia.png
23:41:19.822 [FXGL Background Thread 4 ] WARN  TMXLevelLoader       - TiledMap generated from 1.11.2. Supported version: 1.9.0. Some features may not be parsed fully.
23:41:19.840 [FXGL Background Thread 4 ] DEBUG TMXLevelLoader       - Parsed TiledMap: file:/C:/Users/Lenovo/ProjectJava3.0/myproject/myproject/target/classes/assets/levels/scene1.tmx
23:41:19.840 [FXGL Background Thread 4 ] DEBUG TMXLevelLoader       - Creating tile layer entities
23:41:19.841 [FXGL Background Thread 4 ] DEBUG TilesetLoader        - Loading view for layer lowefloor
23:41:19.841 [FXGL Background Thread 4 ] DEBUG TilesetLoader        - Created buffer with size 512.0x1024.0
23:41:19.874 [FXGL Background Thread 4 ] DEBUG TilesetLoader        - Loading view for layer cliff
23:41:19.874 [FXGL Background Thread 4 ] DEBUG TilesetLoader        - Created buffer with size 512.0x1024.0
23:41:19.875 [FXGL Background Thread 4 ] DEBUG TilesetLoader        - Loading view for layer cliff1
23:41:19.875 [FXGL Background Thread 4 ] DEBUG TilesetLoader        - Created buffer with size 512.0x1024.0
23:41:19.876 [FXGL Background Thread 4 ] DEBUG TilesetLoader        - Loading view for layer cliff2
23:41:19.877 [FXGL Background Thread 4 ] DEBUG TilesetLoader        - Created buffer with size 512.0x1024.0
23:41:19.878 [FXGL Background Thread 4 ] DEBUG TilesetLoader        - Loading view for layer Tile Layer 3
23:41:19.879 [FXGL Background Thread 4 ] DEBUG TilesetLoader        - Created buffer with size 512.0x1024.0
23:41:19.880 [FXGL Background Thread 4 ] DEBUG TilesetLoader        - Loading view for layer Tile Layer 6
23:41:19.881 [FXGL Background Thread 4 ] DEBUG TilesetLoader        - Created buffer with size 512.0x1024.0
23:41:19.935 [FXGL Background Thread 4 ] DEBUG TilesetLoader        - Loading view for layer prop
23:41:19.936 [FXGL Background Thread 4 ] DEBUG TilesetLoader        - Created buffer with size 512.0x1024.0
23:41:19.937 [FXGL Background Thread 4 ] DEBUG TMXLevelLoader       - Creating object layer entities
23:41:19.949 [FXGL Background Thread 4 ] DEBUG GameWorld            - Clearing removable entities
23:41:19.950 [FXGL Background Thread 4 ] DEBUG GameWorld            - Setting level: com.almasb.fxgl.entity.level.Level@39c29865
23:41:19.968 [FXGL Background Thread 4 ] DEBUG FXGLAssetLoaderServi - Loading from file system: file:/C:/Users/Lenovo/ProjectJava3.0/myproject/myproject/target/classes/assets/textures/Actor1.png
23:41:19.979 [FXGL Background Thread 4 ] INFO  FXGLApplication      - Game initialization took: 0.499 sec
23:41:19.980 [JavaFX Application Thread] DEBUG Input                - Clearing active input actions
23:41:19.991 [JavaFX Application Thread] DEBUG GameApplicationServi - Removing overlay from FXGLLoadingScene and adding to GameScene
23:41:19.995 [JavaFX Application Thread] DEBUG PrimaryStageWindow   - FXGLLoadingScene -> GameScene
23:41:22.354 [FXGL Background Thread 3 ] DEBUG Engine               - Logging environment variables
23:41:22.355 [FXGL Background Thread 3 ] DEBUG Engine               - achievements: []
23:41:22.355 [FXGL Background Thread 3 ] DEBUG Engine               - actualHeight: 864.0
23:41:22.355 [FXGL Background Thread 3 ] DEBUG Engine               - actualHeightProperty: ReadOnlyDoubleProperty [value: 864.0]
23:41:22.355 [FXGL Background Thread 3 ] DEBUG Engine               - actualWidth: 1536.0
23:41:22.355 [FXGL Background Thread 3 ] DEBUG Engine               - actualWidthProperty: ReadOnlyDoubleProperty [value: 1536.0]
23:41:22.355 [FXGL Background Thread 3 ] DEBUG Engine               - appIcon: fxgl_icon.png
23:41:22.355 [FXGL Background Thread 3 ] DEBUG Engine               - applicationMode: DEVELOPER
23:41:22.355 [FXGL Background Thread 3 ] DEBUG Engine               - cSSList: [fxgl_dark.css]
23:41:22.355 [FXGL Background Thread 3 ] DEBUG Engine               - collisionDetectionStrategy: BRUTE_FORCE
23:41:22.356 [FXGL Background Thread 3 ] DEBUG Engine               - configClass: Optional.empty
23:41:22.356 [FXGL Background Thread 3 ] DEBUG Engine               - credits: []
23:41:22.356 [FXGL Background Thread 3 ] DEBUG Engine               - defaultCursor: CursorInfo(imageName=fxgl_default_cursor.png, hotspotX=7.0, hotspotY=6.0)
23:41:22.357 [FXGL Background Thread 3 ] DEBUG Engine               - devBBoxColorProperty: ObjectProperty [value: 0xff0000ff]
23:41:22.357 [FXGL Background Thread 3 ] DEBUG Engine               - devEnableDebugCameraProperty: BooleanProperty [value: false]
23:41:22.358 [FXGL Background Thread 3 ] DEBUG Engine               - devSensorColorProperty: ObjectProperty [value: 0xffff00ff]
23:41:22.358 [FXGL Background Thread 3 ] DEBUG Engine               - devShowBBoxProperty: BooleanProperty [value: false]
23:41:22.359 [FXGL Background Thread 3 ] DEBUG Engine               - devShowPositionProperty: BooleanProperty [value: false]
23:41:22.359 [FXGL Background Thread 3 ] DEBUG Engine               - enabledMenuItems: []
23:41:22.359 [FXGL Background Thread 3 ] DEBUG Engine               - engineServices: [class com.almasb.fxgl.app.services.FXGLAssetLoaderService, class com.almasb.fxgl.app.FXGLApplication$GameApplicationService, class com.almasb.fxgl.app.services.FXGLDialogService, class com.almasb.fxgl.app.services.IOTaskExecutorService, class com.almasb.fxgl.io.FileSystemService, class com.almasb.fxgl.localization.LocalizationService, class com.almasb.fxgl.app.services.SystemBundleService, class com.almasb.fxgl.profile.SaveLoadService, class com.almasb.fxgl.ui.FXGLUIFactoryServiceProvider, class com.almasb.fxgl.ui.FXGLDialogFactoryServiceProvider, class com.almasb.fxgl.audio.AudioPlayer, class com.almasb.fxgl.notification.impl.NotificationServiceProvider, class com.almasb.fxgl.achievement.AchievementService, class com.almasb.fxgl.cutscene.CutsceneService, class com.almasb.fxgl.minigames.MiniGameService, class com.almasb.fxgl.net.NetService, class com.almasb.fxgl.app.services.UpdaterService, class com.almasb.fxgl.dev.DevService]
23:41:22.359 [FXGL Background Thread 3 ] DEBUG Engine               - fontGame: Abel-Regular.ttf
23:41:22.360 [FXGL Background Thread 3 ] DEBUG Engine               - fontMono: TerminalLandMono-Regular.otf
23:41:22.360 [FXGL Background Thread 3 ] DEBUG Engine               - fontSizeScaleUI: 1.0
23:41:22.360 [FXGL Background Thread 3 ] DEBUG Engine               - fontText: Courier-Prime.ttf
23:41:22.360 [FXGL Background Thread 3 ] DEBUG Engine               - fontUI: VarelaRound-Regular.ttf
23:41:22.360 [FXGL Background Thread 3 ] DEBUG Engine               - fullScreen: BooleanProperty [value: true]
23:41:22.360 [FXGL Background Thread 3 ] DEBUG Engine               - gameDifficulty: MEDIUM
23:41:22.361 [FXGL Background Thread 3 ] DEBUG Engine               - gameDifficultyProperty: ObjectProperty [value: MEDIUM]
23:41:22.361 [FXGL Background Thread 3 ] DEBUG Engine               - globalMusicVolume: 0.5
23:41:22.361 [FXGL Background Thread 3 ] DEBUG Engine               - globalMusicVolumeProperty: DoubleProperty [value: 0.5]
23:41:22.361 [FXGL Background Thread 3 ] DEBUG Engine               - globalSoundVolume: 0.5
23:41:22.361 [FXGL Background Thread 3 ] DEBUG Engine               - globalSoundVolumeProperty: DoubleProperty [value: 0.5]
23:41:22.362 [FXGL Background Thread 3 ] DEBUG Engine               - height: 720
23:41:22.362 [FXGL Background Thread 3 ] DEBUG Engine               - is3D: false
23:41:22.362 [FXGL Background Thread 3 ] DEBUG Engine               - isAndroid: false
23:41:22.362 [FXGL Background Thread 3 ] DEBUG Engine               - isBrowser: false
23:41:22.362 [FXGL Background Thread 3 ] DEBUG Engine               - isClickFeedbackEnabled: false
23:41:22.363 [FXGL Background Thread 3 ] DEBUG Engine               - isCloseConfirmation: false
23:41:22.363 [FXGL Background Thread 3 ] DEBUG Engine               - isDesktop: true
23:41:22.363 [FXGL Background Thread 3 ] DEBUG Engine               - isDeveloperMenuEnabled: true
23:41:22.363 [FXGL Background Thread 3 ] DEBUG Engine               - isEmbedded: false
23:41:22.363 [FXGL Background Thread 3 ] DEBUG Engine               - isEntityPreloadEnabled: true
23:41:22.364 [FXGL Background Thread 3 ] DEBUG Engine               - isExperimentalTiledLargeMap: false
23:41:22.364 [FXGL Background Thread 3 ] DEBUG Engine               - isFileSystemWriteAllowed: true
23:41:22.364 [FXGL Background Thread 3 ] DEBUG Engine               - isFullScreenAllowed: true
23:41:22.364 [FXGL Background Thread 3 ] DEBUG Engine               - isFullScreenFromStart: true
23:41:22.365 [FXGL Background Thread 3 ] DEBUG Engine               - isGameMenuEnabled: true
23:41:22.365 [FXGL Background Thread 3 ] DEBUG Engine               - isIOS: false
23:41:22.366 [FXGL Background Thread 3 ] DEBUG Engine               - isIntroEnabled: false
23:41:22.366 [FXGL Background Thread 3 ] DEBUG Engine               - isLinux: false
23:41:22.366 [FXGL Background Thread 3 ] DEBUG Engine               - isMac: false
23:41:22.366 [FXGL Background Thread 3 ] DEBUG Engine               - isMainMenuEnabled: false
23:41:22.366 [FXGL Background Thread 3 ] DEBUG Engine               - isManualResizeEnabled: false
23:41:22.366 [FXGL Background Thread 3 ] DEBUG Engine               - isMobile: false
23:41:22.367 [FXGL Background Thread 3 ] DEBUG Engine               - isNative: false
23:41:22.367 [FXGL Background Thread 3 ] DEBUG Engine               - isPauseMusicWhenMinimized: true
23:41:22.367 [FXGL Background Thread 3 ] DEBUG Engine               - isPreserveResizeRatio: false
23:41:22.367 [FXGL Background Thread 3 ] DEBUG Engine               - isProfilingEnabled: false
23:41:22.367 [FXGL Background Thread 3 ] DEBUG Engine               - isScaleAffectedOnResize: true
23:41:22.367 [FXGL Background Thread 3 ] DEBUG Engine               - isSingleStep: false
23:41:22.368 [FXGL Background Thread 3 ] DEBUG Engine               - isUserProfileEnabled: false
23:41:22.368 [FXGL Background Thread 3 ] DEBUG Engine               - isWindows: true
23:41:22.368 [FXGL Background Thread 3 ] DEBUG Engine               - language: ObjectProperty [value: ENGLISH]
23:41:22.368 [FXGL Background Thread 3 ] DEBUG Engine               - menuKey: ESCAPE
23:41:22.368 [FXGL Background Thread 3 ] DEBUG Engine               - mouseSensitivity: 0.2
23:41:22.368 [FXGL Background Thread 3 ] DEBUG Engine               - notificationViewClass: class com.almasb.fxgl.notification.view.XboxNotificationView
23:41:22.368 [FXGL Background Thread 3 ] DEBUG Engine               - pixelsPerMeter: 50.0
23:41:22.369 [FXGL Background Thread 3 ] DEBUG Engine               - platform: WINDOWS
23:41:22.369 [FXGL Background Thread 3 ] DEBUG Engine               - prefHeightProperty: ReadOnlyDoubleProperty [value: 720.0]
23:41:22.369 [FXGL Background Thread 3 ] DEBUG Engine               - prefWidthProperty: ReadOnlyDoubleProperty [value: 1280.0]
23:41:22.369 [FXGL Background Thread 3 ] DEBUG Engine               - profileDir: profiles/
23:41:22.369 [FXGL Background Thread 3 ] DEBUG Engine               - profileName: StringProperty [value: DEFAULT]
23:41:22.369 [FXGL Background Thread 3 ] DEBUG Engine               - randomSeed: -1
23:41:22.370 [FXGL Background Thread 3 ] DEBUG Engine               - runtimeInfo: RuntimeInfo(platform=WINDOWS, version=21.1, build=27.03.2024 07.52)
23:41:22.370 [FXGL Background Thread 3 ] DEBUG Engine               - saveFileExt: sav
23:41:22.371 [FXGL Background Thread 3 ] DEBUG Engine               - scaledHeightProp$fxgl: DoubleProperty [bound, value: 864.0]
23:41:22.371 [FXGL Background Thread 3 ] DEBUG Engine               - scaledWidthProp$fxgl: DoubleProperty [bound, value: 1536.0]
23:41:22.371 [FXGL Background Thread 3 ] DEBUG Engine               - sceneFactory: com.almasb.fxgl.app.scene.SceneFactory@6534afcf
23:41:22.371 [FXGL Background Thread 3 ] DEBUG Engine               - secondsIn24h: 60
23:41:22.371 [FXGL Background Thread 3 ] DEBUG Engine               - soundMenuBack: menu/back.wav
23:41:22.371 [FXGL Background Thread 3 ] DEBUG Engine               - soundMenuPress: menu/press.wav
23:41:22.372 [FXGL Background Thread 3 ] DEBUG Engine               - soundMenuSelect: menu/select.wav
23:41:22.372 [FXGL Background Thread 3 ] DEBUG Engine               - soundNotification: core/notification.wav
23:41:22.373 [FXGL Background Thread 3 ] DEBUG Engine               - stageStyle: DECORATED
23:41:22.373 [FXGL Background Thread 3 ] DEBUG Engine               - supportedLanguages: [ENGLISH, FRENCH, GERMAN, HUNGARIAN, RUSSIAN]
23:41:22.373 [FXGL Background Thread 3 ] DEBUG Engine               - ticksPerSecond: -1
23:41:22.373 [FXGL Background Thread 3 ] DEBUG Engine               - title: Final Journey
23:41:22.373 [FXGL Background Thread 3 ] DEBUG Engine               - urlGithub: https://github.com/AlmasB/FXGL
23:41:22.373 [FXGL Background Thread 3 ] DEBUG Engine               - urlLeaderboard: http://fxgl-top.herokuapp.com/
23:41:22.373 [FXGL Background Thread 3 ] DEBUG Engine               - urlPOM: https://raw.githubusercontent.com/AlmasB/FXGL/release/README.md
23:41:22.373 [FXGL Background Thread 3 ] DEBUG Engine               - userAppClass: class com.project.App
23:41:22.373 [FXGL Background Thread 3 ] DEBUG Engine               - version: Alpha
23:41:22.374 [FXGL Background Thread 3 ] DEBUG Engine               - versionCheckDays: 7
23:41:22.374 [FXGL Background Thread 3 ] DEBUG Engine               - width: 1280
23:41:22.374 [FXGL Background Thread 3 ] DEBUG Engine               - Logging services
23:41:22.374 [FXGL Background Thread 3 ] DEBUG Engine               - class com.almasb.fxgl.app.services.FXGLAssetLoaderService
23:41:22.374 [FXGL Background Thread 3 ] DEBUG Engine               - class com.almasb.fxgl.app.FXGLApplication$GameApplicationService
23:41:22.374 [FXGL Background Thread 3 ] DEBUG Engine               - class com.almasb.fxgl.app.services.FXGLDialogService
23:41:22.374 [FXGL Background Thread 3 ] DEBUG Engine               - class com.almasb.fxgl.app.services.IOTaskExecutorService
23:41:22.374 [FXGL Background Thread 3 ] DEBUG Engine               - class com.almasb.fxgl.io.FileSystemService
23:41:22.374 [FXGL Background Thread 3 ] DEBUG Engine               - class com.almasb.fxgl.localization.LocalizationService
23:41:22.374 [FXGL Background Thread 3 ] DEBUG Engine               - class com.almasb.fxgl.app.services.SystemBundleService
23:41:22.374 [FXGL Background Thread 3 ] DEBUG Engine               - class com.almasb.fxgl.profile.SaveLoadService
23:41:22.374 [FXGL Background Thread 3 ] DEBUG Engine               - class com.almasb.fxgl.ui.FXGLUIFactoryServiceProvider
23:41:22.375 [FXGL Background Thread 3 ] DEBUG Engine               - class com.almasb.fxgl.ui.FXGLDialogFactoryServiceProvider
23:41:22.375 [FXGL Background Thread 3 ] DEBUG Engine               - class com.almasb.fxgl.audio.AudioPlayer
23:41:22.375 [FXGL Background Thread 3 ] DEBUG Engine               - class com.almasb.fxgl.notification.impl.NotificationServiceProvider
23:41:22.375 [FXGL Background Thread 3 ] DEBUG Engine               - class com.almasb.fxgl.achievement.AchievementService
23:41:22.375 [FXGL Background Thread 3 ] DEBUG Engine               - class com.almasb.fxgl.cutscene.CutsceneService
23:41:22.375 [FXGL Background Thread 3 ] DEBUG Engine               - class com.almasb.fxgl.minigames.MiniGameService
23:41:22.375 [FXGL Background Thread 3 ] DEBUG Engine               - class com.almasb.fxgl.net.NetService
23:41:22.375 [FXGL Background Thread 3 ] DEBUG Engine               - class com.almasb.fxgl.app.services.UpdaterService
23:41:22.375 [FXGL Background Thread 3 ] DEBUG Engine               - class com.almasb.fxgl.dev.DevService
23:41:22.504 [JavaFX Application Thread] DEBUG EventBus             - Firing event: com.GameEvent.NextScene[source=javafx.event.Event$$Lambda/0x00000297291740f0@37f7f83e]
23:41:22.506 [JavaFX Application Thread] WARN  TMXLevelLoader       - TiledMap generated from 1.11.2. Supported version: 1.9.0. Some features may not be parsed fully.
23:41:22.515 [JavaFX Application Thread] DEBUG TMXLevelLoader       - Parsed TiledMap: file:/C:/Users/Lenovo/ProjectJava3.0/myproject/myproject/target/classes/assets/levels/scene2.tmx
23:41:22.515 [JavaFX Application Thread] DEBUG TMXLevelLoader       - Creating tile layer entities
23:41:22.516 [JavaFX Application Thread] DEBUG TilesetLoader        - Loading view for layer Tile Layer 1
23:41:22.520 [JavaFX Application Thread] DEBUG TilesetLoader        - Created buffer with size 1024.0x1024.0
23:41:22.603 [JavaFX Application Thread] DEBUG TMXLevelLoader       - Creating object layer entities
23:41:22.609 [JavaFX Application Thread] DEBUG FXGLAssetLoaderServi - Loading from file system: file:/C:/Users/Lenovo/ProjectJava3.0/myproject/myproject/target/classes/assets/textures/CultistAni.png
23:41:22.612 [JavaFX Application Thread] DEBUG GameWorld            - Clearing removable entities
23:41:22.618 [JavaFX Application Thread] DEBUG GameWorld            - Setting level: com.almasb.fxgl.entity.level.Level@7e946e20
23:41:22.621 [JavaFX Application Thread] WARN  TMXLevelLoader       - TiledMap generated from 1.11.2. Supported version: 1.9.0. Some features may not be parsed fully.
23:41:22.625 [JavaFX Application Thread] DEBUG TMXLevelLoader       - Parsed TiledMap: file:/C:/Users/Lenovo/ProjectJava3.0/myproject/myproject/target/classes/assets/levels/scene2.tmx
23:41:22.625 [JavaFX Application Thread] DEBUG TMXLevelLoader       - Creating tile layer entities
23:41:22.625 [JavaFX Application Thread] DEBUG TilesetLoader        - Loading view for layer Tile Layer 1
23:41:22.627 [JavaFX Application Thread] DEBUG TilesetLoader        - Created buffer with size 1024.0x1024.0
23:41:22.697 [JavaFX Application Thread] DEBUG TMXLevelLoader       - Creating object layer entities
23:41:23.220 [JavaFX Application Thread] DEBUG EventBus             - Firing event: com.GameEvent.NextScene[source=javafx.event.Event$$Lambda/0x00000297291740f0@37f7f83e]
23:41:23.221 [JavaFX Application Thread] WARN  TMXLevelLoader       - TiledMap generated from 1.11.2. Supported version: 1.9.0. Some features may not be parsed fully.
23:41:23.226 [JavaFX Application Thread] DEBUG TMXLevelLoader       - Parsed TiledMap: file:/C:/Users/Lenovo/ProjectJava3.0/myproject/myproject/target/classes/assets/levels/scene3.tmx
23:41:23.226 [JavaFX Application Thread] DEBUG TMXLevelLoader       - Creating tile layer entities
23:41:23.227 [JavaFX Application Thread] DEBUG TilesetLoader        - Loading view for layer Tile Layer 1
23:41:23.227 [JavaFX Application Thread] DEBUG TilesetLoader        - Created buffer with size 2048.0x1024.0
23:41:23.323 [JavaFX Application Thread] DEBUG TMXLevelLoader       - Creating object layer entities
23:41:23.327 [JavaFX Application Thread] DEBUG FXGLAssetLoaderServi - Loading from file system: file:/C:/Users/Lenovo/ProjectJava3.0/myproject/myproject/target/classes/assets/textures/DuessaAni.png
23:41:23.329 [JavaFX Application Thread] DEBUG GameWorld            - Clearing removable entities
23:41:23.333 [JavaFX Application Thread] DEBUG GameWorld            - Setting level: com.almasb.fxgl.entity.level.Level@7ca8d7ad
23:41:23.335 [JavaFX Application Thread] WARN  TMXLevelLoader       - TiledMap generated from 1.11.2. Supported version: 1.9.0. Some features may not be parsed fully.
23:41:23.337 [JavaFX Application Thread] DEBUG TMXLevelLoader       - Parsed TiledMap: file:/C:/Users/Lenovo/ProjectJava3.0/myproject/myproject/target/classes/assets/levels/scene3.tmx
23:41:23.337 [JavaFX Application Thread] DEBUG TMXLevelLoader       - Creating tile layer entities
23:41:23.338 [JavaFX Application Thread] DEBUG TilesetLoader        - Loading view for layer Tile Layer 1
23:41:23.341 [JavaFX Application Thread] DEBUG TilesetLoader        - Created buffer with size 2048.0x1024.0
23:41:23.436 [JavaFX Application Thread] DEBUG TMXLevelLoader       - Creating object layer entities
23:41:24.713 [JavaFX Application Thread] DEBUG FXGLAssetLoaderServi - Loading from file system: file:/C:/Users/Lenovo/ProjectJava3.0/myproject/myproject/target/classes/assets/text/filetext.txt
23:41:24.715 [JavaFX Application Thread] DEBUG EventBus             - Firing event: com.GameEvent.CombatScene[source=javafx.event.Event$$Lambda/0x00000297291740f0@37f7f83e]
23:41:24.719 [JavaFX Application Thread] WARN  TMXLevelLoader       - TiledMap generated from 1.11.2. Supported version: 1.9.0. Some features may not be parsed fully.
23:41:24.721 [JavaFX Application Thread] DEBUG TMXLevelLoader       - Parsed TiledMap: file:/C:/Users/Lenovo/ProjectJava3.0/myproject/myproject/target/classes/assets/levels/battle3.tmx
23:41:24.722 [JavaFX Application Thread] DEBUG TMXLevelLoader       - Creating tile layer entities
23:41:24.722 [JavaFX Application Thread] DEBUG TilesetLoader        - Loading view for layer Tile Layer 1
23:41:24.722 [JavaFX Application Thread] DEBUG TilesetLoader        - Created buffer with size 2048.0x1024.0
23:41:25.108 [JavaFX Application Thread] DEBUG TMXLevelLoader       - Creating object layer entities
23:41:25.111 [JavaFX Application Thread] DEBUG FXGLAssetLoaderServi - Loading from file system: file:/C:/Users/Lenovo/ProjectJava3.0/myproject/myproject/target/classes/assets/textures/marsha.png
23:41:25.263 [JavaFX Application Thread] DEBUG FXGLAssetLoaderServi - Loading from file system: file:/C:/Users/Lenovo/ProjectJava3.0/myproject/myproject/target/classes/assets/textures/Reid.png
23:41:25.414 [JavaFX Application Thread] DEBUG FXGLAssetLoaderServi - Loading from file system: file:/C:/Users/Lenovo/ProjectJava3.0/myproject/myproject/target/classes/assets/textures/King%20Archial.png
23:41:25.427 [JavaFX Application Thread] DEBUG FXGLAssetLoaderServi - Loading from file system: file:/C:/Users/Lenovo/ProjectJava3.0/myproject/myproject/target/classes/assets/textures/Knight%20Michael.png
23:41:25.438 [JavaFX Application Thread] DEBUG FXGLAssetLoaderServi - Loading from file system: file:/C:/Users/Lenovo/ProjectJava3.0/myproject/myproject/target/classes/assets/textures/Emprss%20Duessa.png
23:41:25.454 [JavaFX Application Thread] DEBUG GameWorld            - Clearing removable entities
23:41:25.456 [JavaFX Application Thread] DEBUG GameWorld            - Setting level: com.almasb.fxgl.entity.level.Level@6277f82e
23:41:25.459 [JavaFX Application Thread] WARN  TMXLevelLoader       - TiledMap generated from 1.11.2. Supported version: 1.9.0. Some features may not be parsed fully.
23:41:25.462 [JavaFX Application Thread] DEBUG TMXLevelLoader       - Parsed TiledMap: file:/C:/Users/Lenovo/ProjectJava3.0/myproject/myproject/target/classes/assets/levels/scene3.tmx
23:41:25.462 [JavaFX Application Thread] DEBUG TMXLevelLoader       - Creating tile layer entities
23:41:25.462 [JavaFX Application Thread] DEBUG TilesetLoader        - Loading view for layer Tile Layer 1
23:41:25.463 [JavaFX Application Thread] DEBUG TilesetLoader        - Created buffer with size 2048.0x1024.0
23:41:25.545 [JavaFX Application Thread] DEBUG TMXLevelLoader       - Creating object layer entities
01:40:29.087 [JavaFX Application Thread] DEBUG FXGLApplication      - Exiting FXGL
01:40:29.088 [JavaFX Application Thread] DEBUG LoopRunner           - Stopping loop
01:40:29.089 [JavaFX Application Thread] DEBUG SystemBundleService  - Saving FXGL system data
01:40:29.094 [JavaFX Application Thread] DEBUG FileSystemAccess     - Writing to: C:\Users\Lenovo\ProjectJava3.0\myproject\myproject\system\fxgl.bundle
01:40:29.101 [JavaFX Application Thread] DEBUG Async                - Shutting down background threads
01:40:29.102 [JavaFX Application Thread] DEBUG PrimaryStageWindow   - Closing main window
01:40:29.143 [JavaFX Application Thread] DEBUG Logger               - Closing Logger
