03:37:28.939 [main                     ] DEBUG Logger               - Configured Logger
03:37:28.960 [main                     ] DEBUG GameApplication      - Logging settings
Title: Final Journey
Version: Alpha
Width: 1280
Height: 720
Fullscreen: true
Intro: false
Profiling: false
Single step:false
App Mode: DEVELOPER
Menu Key: ESCAPE
Stage Style: DECORATED
Scene Factory: class com.almasb.fxgl.app.scene.SceneFactory

03:37:29.549 [JavaFX Application Thread] DEBUG FXGLApplication      - Initializing FXGL
03:37:29.552 [JavaFX Application Thread] INFO  Engine               - FXGL-21.1 (27.03.2024 07.52) on WINDOWS (J:21.0.5 FX:21.0.1)
03:37:29.553 [JavaFX Application Thread] DEBUG Engine               - JRE Vendor Name: Eclipse Adoptium
03:37:29.553 [JavaFX Application Thread] DEBUG Engine               - Running on OS: Windows 11 version 10.0
03:37:29.553 [JavaFX Application Thread] DEBUG Engine               - Architecture: amd64
03:37:29.553 [JavaFX Application Thread] INFO  Engine               - Source code and latest versions at: https://github.com/AlmasB/FXGL
03:37:29.554 [JavaFX Application Thread] INFO  Engine               -       Ask questions and discuss at: https://github.com/AlmasB/FXGL/discussions
03:37:29.554 [JavaFX Application Thread] INFO  Engine               -              Join the FXGL chat at: https://gitter.im/AlmasB/FXGL
03:37:29.669 [JavaFX Application Thread] DEBUG PrimaryStageWindow   - Creating a JavaFX scene
03:37:29.729 [JavaFX Application Thread] DEBUG PrimaryStageWindow   - Target settings size: 1280.0 x 720.0
03:37:29.729 [JavaFX Application Thread] DEBUG PrimaryStageWindow   - Scaled scene size:    1280.0 x 720.0
03:37:29.729 [JavaFX Application Thread] DEBUG PrimaryStageWindow   - Scaled ratio: (1.0, 1.0)
03:37:29.732 [JavaFX Application Thread] DEBUG PrimaryStageWindow   - Set initial scene to FXGLStartupScene
03:37:29.739 [JavaFX Application Thread] DEBUG PrimaryStageWindow   - Opening main window
03:37:29.862 [JavaFX Application Thread] DEBUG PrimaryStageWindow   - Window border size: (14.4000244140625, 37.5999755859375)
03:37:29.863 [JavaFX Application Thread] DEBUG PrimaryStageWindow   - Scaled size: 1280.0 x 720.0
03:37:29.863 [JavaFX Application Thread] DEBUG PrimaryStageWindow   - Scaled ratio: (1.0, 1.0)
03:37:29.863 [JavaFX Application Thread] DEBUG PrimaryStageWindow   - Scene size: 1280.0 x 720.0
03:37:29.863 [JavaFX Application Thread] DEBUG PrimaryStageWindow   - Stage size: 1294.4000244140625 x 757.5999755859375
03:37:29.947 [JavaFX Application Thread] DEBUG PrimaryStageWindow   - Going fullscreen
03:37:29.958 [FXGL Background Thread 1 ] DEBUG Engine               - Initializing environment variables
03:37:30.035 [FXGL Background Thread 1 ] DEBUG FXGLAssetLoaderServi - User app class for loading assets: class com.project.App
03:37:30.035 [FXGL Background Thread 1 ] DEBUG GameApplicationServi - Applying CSS: fxgl_dark.css
03:37:30.036 [FXGL Background Thread 1 ] DEBUG FXGLAssetLoaderServi - Loading from file system: jar:file:/C:/Users/Lenovo/.m2/repository/com/github/almasb/fxgl/21.1/fxgl-21.1.jar!/fxglassets/ui/css/fxgl_dark.css
03:37:30.082 [FXGL Background Thread 1 ] DEBUG GameApplicationServi - Initializing application scenes
03:37:30.130 [FXGL Background Thread 1 ] DEBUG GameWorld            - Game world initialized
03:37:30.197 [FXGL Background Thread 1 ] DEBUG PhysicsWorld         - Physics world initialized: appHeight=720, physics.ppm=50.0
03:37:30.197 [FXGL Background Thread 1 ] DEBUG PhysicsWorld         - Using strategy: BRUTE_FORCE
03:37:30.201 [FXGL Background Thread 1 ] DEBUG GameScene            - Game scene initialized: 1280x720
03:37:30.212 [FXGL Background Thread 1 ] DEBUG FXGL.DefaultMenu     - createMenuBodyGameMenu()
03:37:30.228 [FXGL Background Thread 1 ] DEBUG FXGL.DefaultMenu     - createOptionsMenu()
03:37:30.241 [FXGL Background Thread 1 ] DEBUG FXGLAssetLoaderServi - Loading from file system: jar:file:/C:/Users/Lenovo/.m2/repository/com/github/almasb/fxgl/21.1/fxgl-21.1.jar!/fxglassets/textures/particles/smoke.png
03:37:30.372 [FXGL Background Thread 1 ] DEBUG FXGLAssetLoaderServi - Loading from file system: jar:file:/C:/Users/Lenovo/.m2/repository/com/github/almasb/fxgl/21.1/fxgl-21.1.jar!/fxglassets/textures/particles/trace_horizontal.png
03:37:30.398 [FXGL Background Thread 1 ] DEBUG GameApplicationServi - Application scenes initialized
03:37:30.417 [FXGL Background Thread 1 ] DEBUG SystemBundleService  - Loading FXGL system data
03:37:30.425 [FXGL Background Thread 1 ] DEBUG FileSystemAccess     - Reading from: C:\Users\Lenovo\ProjectJava3.0\myproject\myproject\system\fxgl.bundle
03:37:30.435 [FXGL Background Thread 1 ] DEBUG SystemBundleService  - Bundle FXGL: {}
03:37:30.435 [FXGL Background Thread 1 ] DEBUG UpdaterService       - Checking for updates
03:37:30.469 [FXGL Background Thread 4 ] DEBUG FXGLApplication      - Loading fonts
03:37:30.469 [FXGL Background Thread 4 ] DEBUG FXGLAssetLoaderServi - Loading from file system: jar:file:/C:/Users/Lenovo/.m2/repository/com/github/almasb/fxgl/21.1/fxgl-21.1.jar!/fxglassets/ui/fonts/VarelaRound-Regular.ttf
03:37:30.469 [FXGL Background Thread 1 ] DEBUG FXGLApplication      - Loading default localization
03:37:30.470 [FXGL Background Thread 1 ] DEBUG FXGLAssetLoaderServi - Loading from file system: jar:file:/C:/Users/Lenovo/.m2/repository/com/github/almasb/fxgl/21.1/fxgl-21.1.jar!/fxglassets/languages/english.lang
03:37:30.505 [FXGL Background Thread 1 ] INFO  FXGLApplication      - FXGL initialization took: 0.547 sec
03:37:30.506 [FXGL Background Thread 4 ] DEBUG FXGLAssetLoaderServi - Loading from file system: jar:file:/C:/Users/Lenovo/.m2/repository/com/github/almasb/fxgl/21.1/fxgl-21.1.jar!/fxglassets/ui/fonts/Abel-Regular.ttf
03:37:30.511 [FXGL Background Thread 4 ] DEBUG FXGLAssetLoaderServi - Loading from file system: jar:file:/C:/Users/Lenovo/.m2/repository/com/github/almasb/fxgl/21.1/fxgl-21.1.jar!/fxglassets/ui/fonts/TerminalLandMono-Regular.otf
03:37:30.516 [FXGL Background Thread 4 ] DEBUG FXGLAssetLoaderServi - Loading from file system: jar:file:/C:/Users/Lenovo/.m2/repository/com/github/almasb/fxgl/21.1/fxgl-21.1.jar!/fxglassets/ui/fonts/Courier-Prime.ttf
03:37:30.516 [JavaFX Application Thread] DEBUG Input                - Registered new binding: Right - D
03:37:30.517 [JavaFX Application Thread] DEBUG Input                - Registered new binding: Left - A
03:37:30.517 [JavaFX Application Thread] DEBUG Input                - Registered new binding: Up - W
03:37:30.517 [JavaFX Application Thread] DEBUG Input                - Registered new binding: Down - S
03:37:30.517 [JavaFX Application Thread] DEBUG Input                - Registered new binding: Interact - E
03:37:30.517 [JavaFX Application Thread] DEBUG FXGLAssetLoaderServi - Loading from file system: jar:file:/C:/Users/Lenovo/.m2/repository/com/github/almasb/fxgl/21.1/fxgl-21.1.jar!/fxglassets/textures/fxgl_icon.png
03:37:30.539 [JavaFX Application Thread] DEBUG FXGLAssetLoaderServi - Loading from file system: jar:file:/C:/Users/Lenovo/.m2/repository/com/github/almasb/fxgl/21.1/fxgl-21.1.jar!/fxglassets/textures/fxgl_default_cursor.png
03:37:30.542 [JavaFX Application Thread] DEBUG Input                - Registered new binding: Screenshot - CTRL+8
03:37:30.542 [JavaFX Application Thread] DEBUG Input                - Registered new binding: Dev Options - 1
03:37:30.548 [JavaFX Application Thread] DEBUG Input                - Registered new binding: Dev Console - 2
03:37:30.549 [JavaFX Application Thread] DEBUG Input                - Registered new binding: System info dump - CTRL+9
03:37:30.550 [JavaFX Application Thread] DEBUG Input                - Registered new binding: Restart - CTRL+R
03:37:30.551 [JavaFX Application Thread] DEBUG Input                - Registered new binding: Toggle Debug Camera - CTRL+7
03:37:30.557 [JavaFX Application Thread] DEBUG LoopRunner           - Starting loop
03:37:30.587 [JavaFX Application Thread] DEBUG LoopRunner           - Initializing JavaFX AnimationTimerLoop
03:37:30.591 [JavaFX Application Thread] DEBUG GameApplicationServi - Starting new game
03:37:30.594 [JavaFX Application Thread] DEBUG Input                - Clearing active input actions
03:37:30.611 [JavaFX Application Thread] DEBUG GameApplicationServi - Removing overlay from FXGLStartupScene and adding to FXGLLoadingScene
03:37:30.616 [JavaFX Application Thread] DEBUG PrimaryStageWindow   - FXGLStartupScene -> FXGLLoadingScene
03:37:30.616 [JavaFX Application Thread] DEBUG GameApplicationServi - Clearing previous game
03:37:30.616 [JavaFX Application Thread] DEBUG GameScene            - Clearing game scene
03:37:30.616 [JavaFX Application Thread] DEBUG GameWorld            - Clearing game world
03:37:30.616 [JavaFX Application Thread] DEBUG PhysicsWorld         - Clearing physics world
03:37:30.620 [FXGL Background Thread 4 ] DEBUG FXGLApplication      - Initializing game
03:37:30.620 [JavaFX Application Thread] DEBUG FXGLApplication      - Registering font factories with UI factory
03:37:30.678 [FXGL Background Thread 4 ] WARN  TMXLevelLoader       - TiledMap generated from 1.11.2. Supported version: 1.9.0. Some features may not be parsed fully.
03:37:30.711 [FXGL Background Thread 4 ] DEBUG TMXLevelLoader       - Parsed TiledMap: file:/C:/Users/Lenovo/ProjectJava3.0/myproject/myproject/target/classes/assets/levels/scene1.tmx
03:37:30.713 [FXGL Background Thread 4 ] DEBUG TMXLevelLoader       - Creating tile layer entities
03:37:30.716 [FXGL Background Thread 4 ] DEBUG TilesetLoader        - Loading view for layer lowefloor
03:37:30.717 [FXGL Background Thread 4 ] DEBUG TilesetLoader        - Created buffer with size 512.0x1024.0
03:37:30.799 [FXGL Background Thread 4 ] DEBUG TilesetLoader        - Loading view for layer cliff
03:37:30.799 [FXGL Background Thread 4 ] DEBUG TilesetLoader        - Created buffer with size 512.0x1024.0
03:37:30.801 [FXGL Background Thread 4 ] DEBUG TilesetLoader        - Loading view for layer cliff1
03:37:30.802 [FXGL Background Thread 4 ] DEBUG TilesetLoader        - Created buffer with size 512.0x1024.0
03:37:30.804 [FXGL Background Thread 4 ] DEBUG TilesetLoader        - Loading view for layer cliff2
03:37:30.805 [FXGL Background Thread 4 ] DEBUG TilesetLoader        - Created buffer with size 512.0x1024.0
03:37:30.806 [FXGL Background Thread 4 ] DEBUG TilesetLoader        - Loading view for layer Tile Layer 3
03:37:30.807 [FXGL Background Thread 4 ] DEBUG TilesetLoader        - Created buffer with size 512.0x1024.0
03:37:30.807 [FXGL Background Thread 4 ] DEBUG TilesetLoader        - Loading view for layer Tile Layer 6
03:37:30.809 [FXGL Background Thread 4 ] DEBUG TilesetLoader        - Created buffer with size 512.0x1024.0
03:37:30.920 [FXGL Background Thread 4 ] DEBUG TilesetLoader        - Loading view for layer prop
03:37:30.921 [FXGL Background Thread 4 ] DEBUG TilesetLoader        - Created buffer with size 512.0x1024.0
03:37:30.921 [FXGL Background Thread 4 ] DEBUG TMXLevelLoader       - Creating object layer entities
03:37:30.959 [FXGL Background Thread 4 ] DEBUG FXGLAssetLoaderServi - Loading from file system: file:/C:/Users/Lenovo/ProjectJava3.0/myproject/myproject/target/classes/assets/textures/Actor1.png
03:37:30.978 [FXGL Background Thread 4 ] DEBUG FXGLAssetLoaderServi - Loading from file system: file:/C:/Users/Lenovo/ProjectJava3.0/myproject/myproject/target/classes/assets/textures/Rex.png
03:37:30.984 [FXGL Background Thread 4 ] WARN  TMXLevelLoader       - TiledMap generated from 1.11.2. Supported version: 1.9.0. Some features may not be parsed fully.
03:37:30.998 [FXGL Background Thread 4 ] DEBUG TMXLevelLoader       - Parsed TiledMap: file:/C:/Users/Lenovo/ProjectJava3.0/myproject/myproject/target/classes/assets/levels/scene1.tmx
03:37:30.998 [FXGL Background Thread 4 ] DEBUG TMXLevelLoader       - Creating tile layer entities
03:37:30.999 [FXGL Background Thread 4 ] DEBUG TilesetLoader        - Loading view for layer lowefloor
03:37:31.000 [FXGL Background Thread 4 ] DEBUG TilesetLoader        - Created buffer with size 512.0x1024.0
03:37:31.026 [FXGL Background Thread 4 ] DEBUG TilesetLoader        - Loading view for layer cliff
03:37:31.027 [FXGL Background Thread 4 ] DEBUG TilesetLoader        - Created buffer with size 512.0x1024.0
03:37:31.028 [FXGL Background Thread 4 ] DEBUG TilesetLoader        - Loading view for layer cliff1
03:37:31.029 [FXGL Background Thread 4 ] DEBUG TilesetLoader        - Created buffer with size 512.0x1024.0
03:37:31.029 [FXGL Background Thread 4 ] DEBUG TilesetLoader        - Loading view for layer cliff2
03:37:31.030 [FXGL Background Thread 4 ] DEBUG TilesetLoader        - Created buffer with size 512.0x1024.0
03:37:31.031 [FXGL Background Thread 4 ] DEBUG TilesetLoader        - Loading view for layer Tile Layer 3
03:37:31.031 [FXGL Background Thread 4 ] DEBUG TilesetLoader        - Created buffer with size 512.0x1024.0
03:37:31.032 [FXGL Background Thread 4 ] DEBUG TilesetLoader        - Loading view for layer Tile Layer 6
03:37:31.033 [FXGL Background Thread 4 ] DEBUG TilesetLoader        - Created buffer with size 512.0x1024.0
03:37:31.088 [FXGL Background Thread 4 ] DEBUG TilesetLoader        - Loading view for layer prop
03:37:31.088 [FXGL Background Thread 4 ] DEBUG TilesetLoader        - Created buffer with size 512.0x1024.0
03:37:31.089 [FXGL Background Thread 4 ] DEBUG TMXLevelLoader       - Creating object layer entities
03:37:31.101 [FXGL Background Thread 4 ] DEBUG GameWorld            - Clearing removable entities
03:37:31.101 [FXGL Background Thread 4 ] DEBUG GameWorld            - Setting level: com.almasb.fxgl.entity.level.Level@2a6b61e6
03:37:31.116 [FXGL Background Thread 4 ] INFO  FXGLApplication      - Game initialization took: 0.497 sec
03:37:31.118 [JavaFX Application Thread] DEBUG Input                - Clearing active input actions
03:37:31.129 [JavaFX Application Thread] DEBUG GameApplicationServi - Removing overlay from FXGLLoadingScene and adding to GameScene
03:37:31.132 [JavaFX Application Thread] DEBUG PrimaryStageWindow   - FXGLLoadingScene -> GameScene
03:37:33.468 [FXGL Background Thread 3 ] DEBUG Engine               - Logging environment variables
03:37:33.468 [FXGL Background Thread 3 ] DEBUG Engine               - achievements: []
03:37:33.468 [FXGL Background Thread 3 ] DEBUG Engine               - actualHeight: 864.0
03:37:33.468 [FXGL Background Thread 3 ] DEBUG Engine               - actualHeightProperty: ReadOnlyDoubleProperty [value: 864.0]
03:37:33.468 [FXGL Background Thread 3 ] DEBUG Engine               - actualWidth: 1536.0
03:37:33.468 [FXGL Background Thread 3 ] DEBUG Engine               - actualWidthProperty: ReadOnlyDoubleProperty [value: 1536.0]
03:37:33.468 [FXGL Background Thread 3 ] DEBUG Engine               - appIcon: fxgl_icon.png
03:37:33.468 [FXGL Background Thread 3 ] DEBUG Engine               - applicationMode: DEVELOPER
03:37:33.468 [FXGL Background Thread 3 ] DEBUG Engine               - cSSList: [fxgl_dark.css]
03:37:33.468 [FXGL Background Thread 3 ] DEBUG Engine               - collisionDetectionStrategy: BRUTE_FORCE
03:37:33.468 [FXGL Background Thread 3 ] DEBUG Engine               - configClass: Optional.empty
03:37:33.468 [FXGL Background Thread 3 ] DEBUG Engine               - credits: []
03:37:33.470 [FXGL Background Thread 3 ] DEBUG Engine               - defaultCursor: CursorInfo(imageName=fxgl_default_cursor.png, hotspotX=7.0, hotspotY=6.0)
03:37:33.470 [FXGL Background Thread 3 ] DEBUG Engine               - devBBoxColorProperty: ObjectProperty [value: 0xff0000ff]
03:37:33.470 [FXGL Background Thread 3 ] DEBUG Engine               - devEnableDebugCameraProperty: BooleanProperty [value: false]
03:37:33.470 [FXGL Background Thread 3 ] DEBUG Engine               - devSensorColorProperty: ObjectProperty [value: 0xffff00ff]
03:37:33.470 [FXGL Background Thread 3 ] DEBUG Engine               - devShowBBoxProperty: BooleanProperty [value: false]
03:37:33.471 [FXGL Background Thread 3 ] DEBUG Engine               - devShowPositionProperty: BooleanProperty [value: false]
03:37:33.471 [FXGL Background Thread 3 ] DEBUG Engine               - enabledMenuItems: []
03:37:33.471 [FXGL Background Thread 3 ] DEBUG Engine               - engineServices: [class com.almasb.fxgl.app.services.FXGLAssetLoaderService, class com.almasb.fxgl.app.FXGLApplication$GameApplicationService, class com.almasb.fxgl.app.services.FXGLDialogService, class com.almasb.fxgl.app.services.IOTaskExecutorService, class com.almasb.fxgl.io.FileSystemService, class com.almasb.fxgl.localization.LocalizationService, class com.almasb.fxgl.app.services.SystemBundleService, class com.almasb.fxgl.profile.SaveLoadService, class com.almasb.fxgl.ui.FXGLUIFactoryServiceProvider, class com.almasb.fxgl.ui.FXGLDialogFactoryServiceProvider, class com.almasb.fxgl.audio.AudioPlayer, class com.almasb.fxgl.notification.impl.NotificationServiceProvider, class com.almasb.fxgl.achievement.AchievementService, class com.almasb.fxgl.cutscene.CutsceneService, class com.almasb.fxgl.minigames.MiniGameService, class com.almasb.fxgl.net.NetService, class com.almasb.fxgl.app.services.UpdaterService, class com.almasb.fxgl.dev.DevService]
03:37:33.471 [FXGL Background Thread 3 ] DEBUG Engine               - fontGame: Abel-Regular.ttf
03:37:33.471 [FXGL Background Thread 3 ] DEBUG Engine               - fontMono: TerminalLandMono-Regular.otf
03:37:33.472 [FXGL Background Thread 3 ] DEBUG Engine               - fontSizeScaleUI: 1.0
03:37:33.472 [FXGL Background Thread 3 ] DEBUG Engine               - fontText: Courier-Prime.ttf
03:37:33.472 [FXGL Background Thread 3 ] DEBUG Engine               - fontUI: VarelaRound-Regular.ttf
03:37:33.472 [FXGL Background Thread 3 ] DEBUG Engine               - fullScreen: BooleanProperty [value: true]
03:37:33.472 [FXGL Background Thread 3 ] DEBUG Engine               - gameDifficulty: MEDIUM
03:37:33.472 [FXGL Background Thread 3 ] DEBUG Engine               - gameDifficultyProperty: ObjectProperty [value: MEDIUM]
03:37:33.472 [FXGL Background Thread 3 ] DEBUG Engine               - globalMusicVolume: 0.5
03:37:33.473 [FXGL Background Thread 3 ] DEBUG Engine               - globalMusicVolumeProperty: DoubleProperty [value: 0.5]
03:37:33.473 [FXGL Background Thread 3 ] DEBUG Engine               - globalSoundVolume: 0.5
03:37:33.473 [FXGL Background Thread 3 ] DEBUG Engine               - globalSoundVolumeProperty: DoubleProperty [value: 0.5]
03:37:33.473 [FXGL Background Thread 3 ] DEBUG Engine               - height: 720
03:37:33.473 [FXGL Background Thread 3 ] DEBUG Engine               - is3D: false
03:37:33.473 [FXGL Background Thread 3 ] DEBUG Engine               - isAndroid: false
03:37:33.473 [FXGL Background Thread 3 ] DEBUG Engine               - isBrowser: false
03:37:33.473 [FXGL Background Thread 3 ] DEBUG Engine               - isClickFeedbackEnabled: false
03:37:33.473 [FXGL Background Thread 3 ] DEBUG Engine               - isCloseConfirmation: false
03:37:33.473 [FXGL Background Thread 3 ] DEBUG Engine               - isDesktop: true
03:37:33.473 [FXGL Background Thread 3 ] DEBUG Engine               - isDeveloperMenuEnabled: true
03:37:33.474 [FXGL Background Thread 3 ] DEBUG Engine               - isEmbedded: false
03:37:33.474 [FXGL Background Thread 3 ] DEBUG Engine               - isEntityPreloadEnabled: true
03:37:33.474 [FXGL Background Thread 3 ] DEBUG Engine               - isExperimentalTiledLargeMap: false
03:37:33.474 [FXGL Background Thread 3 ] DEBUG Engine               - isFileSystemWriteAllowed: true
03:37:33.474 [FXGL Background Thread 3 ] DEBUG Engine               - isFullScreenAllowed: true
03:37:33.474 [FXGL Background Thread 3 ] DEBUG Engine               - isFullScreenFromStart: true
03:37:33.474 [FXGL Background Thread 3 ] DEBUG Engine               - isGameMenuEnabled: true
03:37:33.474 [FXGL Background Thread 3 ] DEBUG Engine               - isIOS: false
03:37:33.474 [FXGL Background Thread 3 ] DEBUG Engine               - isIntroEnabled: false
03:37:33.475 [FXGL Background Thread 3 ] DEBUG Engine               - isLinux: false
03:37:33.475 [FXGL Background Thread 3 ] DEBUG Engine               - isMac: false
03:37:33.475 [FXGL Background Thread 3 ] DEBUG Engine               - isMainMenuEnabled: false
03:37:33.475 [FXGL Background Thread 3 ] DEBUG Engine               - isManualResizeEnabled: false
03:37:33.475 [FXGL Background Thread 3 ] DEBUG Engine               - isMobile: false
03:37:33.475 [FXGL Background Thread 3 ] DEBUG Engine               - isNative: false
03:37:33.475 [FXGL Background Thread 3 ] DEBUG Engine               - isPauseMusicWhenMinimized: true
03:37:33.475 [FXGL Background Thread 3 ] DEBUG Engine               - isPreserveResizeRatio: false
03:37:33.475 [FXGL Background Thread 3 ] DEBUG Engine               - isProfilingEnabled: false
03:37:33.475 [FXGL Background Thread 3 ] DEBUG Engine               - isScaleAffectedOnResize: true
03:37:33.476 [FXGL Background Thread 3 ] DEBUG Engine               - isSingleStep: false
03:37:33.476 [FXGL Background Thread 3 ] DEBUG Engine               - isUserProfileEnabled: false
03:37:33.476 [FXGL Background Thread 3 ] DEBUG Engine               - isWindows: true
03:37:33.476 [FXGL Background Thread 3 ] DEBUG Engine               - language: ObjectProperty [value: ENGLISH]
03:37:33.476 [FXGL Background Thread 3 ] DEBUG Engine               - menuKey: ESCAPE
03:37:33.476 [FXGL Background Thread 3 ] DEBUG Engine               - mouseSensitivity: 0.2
03:37:33.476 [FXGL Background Thread 3 ] DEBUG Engine               - notificationViewClass: class com.almasb.fxgl.notification.view.XboxNotificationView
03:37:33.476 [FXGL Background Thread 3 ] DEBUG Engine               - pixelsPerMeter: 50.0
03:37:33.476 [FXGL Background Thread 3 ] DEBUG Engine               - platform: WINDOWS
03:37:33.476 [FXGL Background Thread 3 ] DEBUG Engine               - prefHeightProperty: ReadOnlyDoubleProperty [value: 720.0]
03:37:33.476 [FXGL Background Thread 3 ] DEBUG Engine               - prefWidthProperty: ReadOnlyDoubleProperty [value: 1280.0]
03:37:33.476 [FXGL Background Thread 3 ] DEBUG Engine               - profileDir: profiles/
03:37:33.476 [FXGL Background Thread 3 ] DEBUG Engine               - profileName: StringProperty [value: DEFAULT]
03:37:33.476 [FXGL Background Thread 3 ] DEBUG Engine               - randomSeed: -1
03:37:33.477 [FXGL Background Thread 3 ] DEBUG Engine               - runtimeInfo: RuntimeInfo(platform=WINDOWS, version=21.1, build=27.03.2024 07.52)
03:37:33.477 [FXGL Background Thread 3 ] DEBUG Engine               - saveFileExt: sav
03:37:33.477 [FXGL Background Thread 3 ] DEBUG Engine               - scaledHeightProp$fxgl: DoubleProperty [bound, value: 864.0]
03:37:33.477 [FXGL Background Thread 3 ] DEBUG Engine               - scaledWidthProp$fxgl: DoubleProperty [bound, value: 1536.0]
03:37:33.477 [FXGL Background Thread 3 ] DEBUG Engine               - sceneFactory: com.almasb.fxgl.app.scene.SceneFactory@5980e0b1
03:37:33.477 [FXGL Background Thread 3 ] DEBUG Engine               - secondsIn24h: 60
03:37:33.477 [FXGL Background Thread 3 ] DEBUG Engine               - soundMenuBack: menu/back.wav
03:37:33.477 [FXGL Background Thread 3 ] DEBUG Engine               - soundMenuPress: menu/press.wav
03:37:33.477 [FXGL Background Thread 3 ] DEBUG Engine               - soundMenuSelect: menu/select.wav
03:37:33.477 [FXGL Background Thread 3 ] DEBUG Engine               - soundNotification: core/notification.wav
03:37:33.478 [FXGL Background Thread 3 ] DEBUG Engine               - stageStyle: DECORATED
03:37:33.478 [FXGL Background Thread 3 ] DEBUG Engine               - supportedLanguages: [ENGLISH, FRENCH, GERMAN, HUNGARIAN, RUSSIAN]
03:37:33.478 [FXGL Background Thread 3 ] DEBUG Engine               - ticksPerSecond: -1
03:37:33.478 [FXGL Background Thread 3 ] DEBUG Engine               - title: Final Journey
03:37:33.478 [FXGL Background Thread 3 ] DEBUG Engine               - urlGithub: https://github.com/AlmasB/FXGL
03:37:33.478 [FXGL Background Thread 3 ] DEBUG Engine               - urlLeaderboard: http://fxgl-top.herokuapp.com/
03:37:33.478 [FXGL Background Thread 3 ] DEBUG Engine               - urlPOM: https://raw.githubusercontent.com/AlmasB/FXGL/release/README.md
03:37:33.478 [FXGL Background Thread 3 ] DEBUG Engine               - userAppClass: class com.project.App
03:37:33.478 [FXGL Background Thread 3 ] DEBUG Engine               - version: Alpha
03:37:33.478 [FXGL Background Thread 3 ] DEBUG Engine               - versionCheckDays: 7
03:37:33.478 [FXGL Background Thread 3 ] DEBUG Engine               - width: 1280
03:37:33.479 [FXGL Background Thread 3 ] DEBUG Engine               - Logging services
03:37:33.479 [FXGL Background Thread 3 ] DEBUG Engine               - class com.almasb.fxgl.app.services.FXGLAssetLoaderService
03:37:33.479 [FXGL Background Thread 3 ] DEBUG Engine               - class com.almasb.fxgl.app.FXGLApplication$GameApplicationService
03:37:33.479 [FXGL Background Thread 3 ] DEBUG Engine               - class com.almasb.fxgl.app.services.FXGLDialogService
03:37:33.479 [FXGL Background Thread 3 ] DEBUG Engine               - class com.almasb.fxgl.app.services.IOTaskExecutorService
03:37:33.479 [FXGL Background Thread 3 ] DEBUG Engine               - class com.almasb.fxgl.io.FileSystemService
03:37:33.479 [FXGL Background Thread 3 ] DEBUG Engine               - class com.almasb.fxgl.localization.LocalizationService
03:37:33.479 [FXGL Background Thread 3 ] DEBUG Engine               - class com.almasb.fxgl.app.services.SystemBundleService
03:37:33.479 [FXGL Background Thread 3 ] DEBUG Engine               - class com.almasb.fxgl.profile.SaveLoadService
03:37:33.480 [FXGL Background Thread 3 ] DEBUG Engine               - class com.almasb.fxgl.ui.FXGLUIFactoryServiceProvider
03:37:33.480 [FXGL Background Thread 3 ] DEBUG Engine               - class com.almasb.fxgl.ui.FXGLDialogFactoryServiceProvider
03:37:33.480 [FXGL Background Thread 3 ] DEBUG Engine               - class com.almasb.fxgl.audio.AudioPlayer
03:37:33.480 [FXGL Background Thread 3 ] DEBUG Engine               - class com.almasb.fxgl.notification.impl.NotificationServiceProvider
03:37:33.480 [FXGL Background Thread 3 ] DEBUG Engine               - class com.almasb.fxgl.achievement.AchievementService
03:37:33.480 [FXGL Background Thread 3 ] DEBUG Engine               - class com.almasb.fxgl.cutscene.CutsceneService
03:37:33.481 [FXGL Background Thread 3 ] DEBUG Engine               - class com.almasb.fxgl.minigames.MiniGameService
03:37:33.481 [FXGL Background Thread 3 ] DEBUG Engine               - class com.almasb.fxgl.net.NetService
03:37:33.481 [FXGL Background Thread 3 ] DEBUG Engine               - class com.almasb.fxgl.app.services.UpdaterService
03:37:33.481 [FXGL Background Thread 3 ] DEBUG Engine               - class com.almasb.fxgl.dev.DevService
03:37:33.615 [JavaFX Application Thread] DEBUG FXGLAssetLoaderServi - Loading from file system: file:/C:/Users/Lenovo/ProjectJava3.0/myproject/myproject/target/classes/assets/text/filetext.txt
03:37:33.618 [JavaFX Application Thread] DEBUG EventBus             - Firing event: com.GameEvent.CombatScene[source=javafx.event.Event$$Lambda/0x0000019401172db8@547ba2fc]
03:37:33.624 [JavaFX Application Thread] WARN  TMXLevelLoader       - TiledMap generated from 1.11.2. Supported version: 1.9.0. Some features may not be parsed fully.
03:37:33.632 [JavaFX Application Thread] DEBUG TMXLevelLoader       - Parsed TiledMap: file:/C:/Users/Lenovo/ProjectJava3.0/myproject/myproject/target/classes/assets/levels/battle1.tmx
03:37:33.632 [JavaFX Application Thread] DEBUG TMXLevelLoader       - Creating tile layer entities
03:37:33.633 [JavaFX Application Thread] DEBUG TilesetLoader        - Loading view for layer Tile Layer 1
03:37:33.634 [JavaFX Application Thread] DEBUG TilesetLoader        - Created buffer with size 2048.0x1024.0
03:37:33.744 [JavaFX Application Thread] DEBUG TMXLevelLoader       - Creating object layer entities
03:37:33.746 [JavaFX Application Thread] DEBUG FXGLAssetLoaderServi - Loading from file system: file:/C:/Users/Lenovo/ProjectJava3.0/myproject/myproject/target/classes/assets/textures/Rex.png
03:37:33.764 [JavaFX Application Thread] DEBUG FXGLAssetLoaderServi - Loading from file system: file:/C:/Users/Lenovo/ProjectJava3.0/myproject/myproject/target/classes/assets/textures/Reid.png
03:37:33.831 [JavaFX Application Thread] DEBUG FXGLAssetLoaderServi - Loading from file system: file:/C:/Users/Lenovo/ProjectJava3.0/myproject/myproject/target/classes/assets/textures/marsha.png
03:37:33.888 [JavaFX Application Thread] DEBUG GameWorld            - Clearing removable entities
03:37:33.895 [JavaFX Application Thread] DEBUG GameWorld            - Setting level: com.almasb.fxgl.entity.level.Level@23e87ac
03:37:33.899 [JavaFX Application Thread] WARN  TMXLevelLoader       - TiledMap generated from 1.11.2. Supported version: 1.9.0. Some features may not be parsed fully.
03:37:33.903 [JavaFX Application Thread] DEBUG TMXLevelLoader       - Parsed TiledMap: file:/C:/Users/Lenovo/ProjectJava3.0/myproject/myproject/target/classes/assets/levels/battle1.tmx
03:37:33.904 [JavaFX Application Thread] DEBUG TMXLevelLoader       - Creating tile layer entities
03:37:33.904 [JavaFX Application Thread] DEBUG TilesetLoader        - Loading view for layer Tile Layer 1
03:37:33.905 [JavaFX Application Thread] DEBUG TilesetLoader        - Created buffer with size 2048.0x1024.0
03:37:34.001 [JavaFX Application Thread] DEBUG TMXLevelLoader       - Creating object layer entities
03:37:51.266 [JavaFX Application Thread] DEBUG FXGLApplication      - Exiting FXGL
03:37:51.266 [JavaFX Application Thread] DEBUG LoopRunner           - Stopping loop
03:37:51.266 [JavaFX Application Thread] DEBUG SystemBundleService  - Saving FXGL system data
03:37:51.269 [JavaFX Application Thread] DEBUG FileSystemAccess     - Writing to: C:\Users\Lenovo\ProjectJava3.0\myproject\myproject\system\fxgl.bundle
03:37:51.275 [JavaFX Application Thread] DEBUG Async                - Shutting down background threads
03:37:51.275 [JavaFX Application Thread] DEBUG PrimaryStageWindow   - Closing main window
03:37:51.325 [JavaFX Application Thread] DEBUG Logger               - Closing Logger
