17:55:49.962 [main                     ] DEBUG Logger               - Configured Logger
17:55:49.989 [main                     ] DEBUG GameApplication      - Logging settings
Title: Final Journey
Version: Alpha
Width: 1280
Height: 720
Fullscreen: true
Intro: false
Profiling: false
Single step:false
App Mode: DEVELOPER
Menu Key: ESCAPE
Stage Style: DECORATED
Scene Factory: class com.almasb.fxgl.app.scene.SceneFactory

17:55:50.456 [JavaFX Application Thread] DEBUG FXGLApplication      - Initializing FXGL
17:55:50.460 [JavaFX Application Thread] INFO  Engine               - FXGL-21.1 (27.03.2024 07.52) on WINDOWS (J:21.0.5 FX:21.0.1)
17:55:50.461 [JavaFX Application Thread] DEBUG Engine               - JRE Vendor Name: Eclipse Adoptium
17:55:50.461 [JavaFX Application Thread] DEBUG Engine               - Running on OS: Windows 11 version 10.0
17:55:50.461 [JavaFX Application Thread] DEBUG Engine               - Architecture: amd64
17:55:50.461 [JavaFX Application Thread] INFO  Engine               - Source code and latest versions at: https://github.com/AlmasB/FXGL
17:55:50.461 [JavaFX Application Thread] INFO  Engine               -       Ask questions and discuss at: https://github.com/AlmasB/FXGL/discussions
17:55:50.462 [JavaFX Application Thread] INFO  Engine               -              Join the FXGL chat at: https://gitter.im/AlmasB/FXGL
17:55:50.576 [JavaFX Application Thread] DEBUG PrimaryStageWindow   - Creating a JavaFX scene
17:55:50.632 [JavaFX Application Thread] DEBUG PrimaryStageWindow   - Target settings size: 1280.0 x 720.0
17:55:50.632 [JavaFX Application Thread] DEBUG PrimaryStageWindow   - Scaled scene size:    1280.0 x 720.0
17:55:50.632 [JavaFX Application Thread] DEBUG PrimaryStageWindow   - Scaled ratio: (1.0, 1.0)
17:55:50.634 [JavaFX Application Thread] DEBUG PrimaryStageWindow   - Set initial scene to FXGLStartupScene
17:55:50.638 [JavaFX Application Thread] DEBUG PrimaryStageWindow   - Opening main window
17:55:50.742 [JavaFX Application Thread] DEBUG PrimaryStageWindow   - Window border size: (14.4000244140625, 37.5999755859375)
17:55:50.742 [JavaFX Application Thread] DEBUG PrimaryStageWindow   - Scaled size: 1280.0 x 720.0
17:55:50.742 [JavaFX Application Thread] DEBUG PrimaryStageWindow   - Scaled ratio: (1.0, 1.0)
17:55:50.742 [JavaFX Application Thread] DEBUG PrimaryStageWindow   - Scene size: 1280.0 x 720.0
17:55:50.743 [JavaFX Application Thread] DEBUG PrimaryStageWindow   - Stage size: 1294.4000244140625 x 757.5999755859375
17:55:50.817 [JavaFX Application Thread] DEBUG PrimaryStageWindow   - Going fullscreen
17:55:50.825 [FXGL Background Thread 1 ] DEBUG Engine               - Initializing environment variables
17:55:50.881 [FXGL Background Thread 1 ] DEBUG FXGLAssetLoaderServi - User app class for loading assets: class com.project.App
17:55:50.881 [FXGL Background Thread 1 ] DEBUG GameApplicationServi - Applying CSS: fxgl_dark.css
17:55:50.882 [FXGL Background Thread 1 ] DEBUG FXGLAssetLoaderServi - Loading from file system: jar:file:/C:/Users/Lenovo/.m2/repository/com/github/almasb/fxgl/21.1/fxgl-21.1.jar!/fxglassets/ui/css/fxgl_dark.css
17:55:50.922 [FXGL Background Thread 1 ] DEBUG GameApplicationServi - Initializing application scenes
17:55:50.971 [FXGL Background Thread 1 ] DEBUG GameWorld            - Game world initialized
17:55:51.027 [FXGL Background Thread 1 ] DEBUG PhysicsWorld         - Physics world initialized: appHeight=720, physics.ppm=50.0
17:55:51.027 [FXGL Background Thread 1 ] DEBUG PhysicsWorld         - Using strategy: BRUTE_FORCE
17:55:51.033 [FXGL Background Thread 1 ] DEBUG GameScene            - Game scene initialized: 1280x720
17:55:51.042 [FXGL Background Thread 1 ] DEBUG FXGL.DefaultMenu     - createMenuBodyGameMenu()
17:55:51.055 [FXGL Background Thread 1 ] DEBUG FXGL.DefaultMenu     - createOptionsMenu()
17:55:51.063 [FXGL Background Thread 1 ] DEBUG FXGLAssetLoaderServi - Loading from file system: jar:file:/C:/Users/Lenovo/.m2/repository/com/github/almasb/fxgl/21.1/fxgl-21.1.jar!/fxglassets/textures/particles/smoke.png
17:55:51.158 [FXGL Background Thread 1 ] DEBUG FXGLAssetLoaderServi - Loading from file system: jar:file:/C:/Users/Lenovo/.m2/repository/com/github/almasb/fxgl/21.1/fxgl-21.1.jar!/fxglassets/textures/particles/trace_horizontal.png
17:55:51.183 [FXGL Background Thread 1 ] DEBUG GameApplicationServi - Application scenes initialized
17:55:51.197 [FXGL Background Thread 1 ] DEBUG SystemBundleService  - Loading FXGL system data
17:55:51.200 [FXGL Background Thread 1 ] DEBUG FileSystemAccess     - Reading from: C:\Users\Lenovo\ProjectJava3.0\myproject\myproject\system\fxgl.bundle
17:55:51.208 [FXGL Background Thread 1 ] DEBUG SystemBundleService  - Bundle FXGL: {}
17:55:51.208 [FXGL Background Thread 1 ] DEBUG UpdaterService       - Checking for updates
17:55:51.234 [FXGL Background Thread 4 ] DEBUG FXGLApplication      - Loading fonts
17:55:51.234 [FXGL Background Thread 4 ] DEBUG FXGLAssetLoaderServi - Loading from file system: jar:file:/C:/Users/Lenovo/.m2/repository/com/github/almasb/fxgl/21.1/fxgl-21.1.jar!/fxglassets/ui/fonts/VarelaRound-Regular.ttf
17:55:51.235 [FXGL Background Thread 1 ] DEBUG FXGLApplication      - Loading default localization
17:55:51.235 [FXGL Background Thread 1 ] DEBUG FXGLAssetLoaderServi - Loading from file system: jar:file:/C:/Users/Lenovo/.m2/repository/com/github/almasb/fxgl/21.1/fxgl-21.1.jar!/fxglassets/languages/english.lang
17:55:51.267 [FXGL Background Thread 4 ] DEBUG FXGLAssetLoaderServi - Loading from file system: jar:file:/C:/Users/Lenovo/.m2/repository/com/github/almasb/fxgl/21.1/fxgl-21.1.jar!/fxglassets/ui/fonts/Abel-Regular.ttf
17:55:51.270 [FXGL Background Thread 4 ] DEBUG FXGLAssetLoaderServi - Loading from file system: jar:file:/C:/Users/Lenovo/.m2/repository/com/github/almasb/fxgl/21.1/fxgl-21.1.jar!/fxglassets/ui/fonts/TerminalLandMono-Regular.otf
17:55:51.274 [FXGL Background Thread 4 ] DEBUG FXGLAssetLoaderServi - Loading from file system: jar:file:/C:/Users/Lenovo/.m2/repository/com/github/almasb/fxgl/21.1/fxgl-21.1.jar!/fxglassets/ui/fonts/Courier-Prime.ttf
17:55:51.275 [FXGL Background Thread 1 ] INFO  FXGLApplication      - FXGL initialization took: 0.449 sec
17:55:51.284 [JavaFX Application Thread] DEBUG Input                - Registered new binding: Right - D
17:55:51.285 [JavaFX Application Thread] DEBUG Input                - Registered new binding: Left - A
17:55:51.285 [JavaFX Application Thread] DEBUG Input                - Registered new binding: Up - W
17:55:51.285 [JavaFX Application Thread] DEBUG Input                - Registered new binding: Down - S
17:55:51.285 [JavaFX Application Thread] DEBUG Input                - Registered new binding: Interact - E
17:55:51.286 [JavaFX Application Thread] DEBUG FXGLAssetLoaderServi - Loading from file system: jar:file:/C:/Users/Lenovo/.m2/repository/com/github/almasb/fxgl/21.1/fxgl-21.1.jar!/fxglassets/textures/fxgl_icon.png
17:55:51.299 [JavaFX Application Thread] DEBUG FXGLAssetLoaderServi - Loading from file system: jar:file:/C:/Users/Lenovo/.m2/repository/com/github/almasb/fxgl/21.1/fxgl-21.1.jar!/fxglassets/textures/fxgl_default_cursor.png
17:55:51.302 [JavaFX Application Thread] DEBUG Input                - Registered new binding: Screenshot - CTRL+8
17:55:51.302 [JavaFX Application Thread] DEBUG Input                - Registered new binding: Dev Options - 1
17:55:51.303 [JavaFX Application Thread] DEBUG Input                - Registered new binding: Dev Console - 2
17:55:51.304 [JavaFX Application Thread] DEBUG Input                - Registered new binding: System info dump - CTRL+9
17:55:51.304 [JavaFX Application Thread] DEBUG Input                - Registered new binding: Restart - CTRL+R
17:55:51.305 [JavaFX Application Thread] DEBUG Input                - Registered new binding: Toggle Debug Camera - CTRL+7
17:55:51.311 [JavaFX Application Thread] DEBUG LoopRunner           - Starting loop
17:55:51.330 [JavaFX Application Thread] DEBUG LoopRunner           - Initializing JavaFX AnimationTimerLoop
17:55:51.331 [JavaFX Application Thread] DEBUG GameApplicationServi - Starting new game
17:55:51.332 [JavaFX Application Thread] DEBUG Input                - Clearing active input actions
17:55:51.341 [JavaFX Application Thread] DEBUG GameApplicationServi - Removing overlay from FXGLStartupScene and adding to FXGLLoadingScene
17:55:51.345 [JavaFX Application Thread] DEBUG PrimaryStageWindow   - FXGLStartupScene -> FXGLLoadingScene
17:55:51.345 [JavaFX Application Thread] DEBUG GameApplicationServi - Clearing previous game
17:55:51.345 [JavaFX Application Thread] DEBUG GameScene            - Clearing game scene
17:55:51.345 [JavaFX Application Thread] DEBUG GameWorld            - Clearing game world
17:55:51.345 [JavaFX Application Thread] DEBUG PhysicsWorld         - Clearing physics world
17:55:51.347 [FXGL Background Thread 4 ] DEBUG FXGLApplication      - Initializing game
17:55:51.349 [JavaFX Application Thread] DEBUG FXGLApplication      - Registering font factories with UI factory
17:55:51.395 [FXGL Background Thread 4 ] WARN  TMXLevelLoader       - TiledMap generated from 1.11.2. Supported version: 1.9.0. Some features may not be parsed fully.
17:55:51.424 [FXGL Background Thread 4 ] DEBUG TMXLevelLoader       - Parsed TiledMap: file:/C:/Users/Lenovo/ProjectJava3.0/myproject/myproject/target/classes/assets/levels/scene1.tmx
17:55:51.426 [FXGL Background Thread 4 ] DEBUG TMXLevelLoader       - Creating tile layer entities
17:55:51.428 [FXGL Background Thread 4 ] DEBUG TilesetLoader        - Loading view for layer lowefloor
17:55:51.429 [FXGL Background Thread 4 ] DEBUG TilesetLoader        - Created buffer with size 512.0x1024.0
17:55:51.492 [FXGL Background Thread 4 ] DEBUG TilesetLoader        - Loading view for layer cliff
17:55:51.493 [FXGL Background Thread 4 ] DEBUG TilesetLoader        - Created buffer with size 512.0x1024.0
17:55:51.494 [FXGL Background Thread 4 ] DEBUG TilesetLoader        - Loading view for layer cliff1
17:55:51.496 [FXGL Background Thread 4 ] DEBUG TilesetLoader        - Created buffer with size 512.0x1024.0
17:55:51.497 [FXGL Background Thread 4 ] DEBUG TilesetLoader        - Loading view for layer cliff2
17:55:51.498 [FXGL Background Thread 4 ] DEBUG TilesetLoader        - Created buffer with size 512.0x1024.0
17:55:51.500 [FXGL Background Thread 4 ] DEBUG TilesetLoader        - Loading view for layer Tile Layer 3
17:55:51.500 [FXGL Background Thread 4 ] DEBUG TilesetLoader        - Created buffer with size 512.0x1024.0
17:55:51.503 [FXGL Background Thread 4 ] DEBUG TilesetLoader        - Loading view for layer Tile Layer 6
17:55:51.504 [FXGL Background Thread 4 ] DEBUG TilesetLoader        - Created buffer with size 512.0x1024.0
17:55:51.559 [FXGL Background Thread 4 ] DEBUG TilesetLoader        - Loading view for layer prop
17:55:51.560 [FXGL Background Thread 4 ] DEBUG TilesetLoader        - Created buffer with size 512.0x1024.0
17:55:51.560 [FXGL Background Thread 4 ] DEBUG TMXLevelLoader       - Creating object layer entities
17:55:51.592 [FXGL Background Thread 4 ] DEBUG FXGLAssetLoaderServi - Loading from file system: file:/C:/Users/Lenovo/ProjectJava3.0/myproject/myproject/target/classes/assets/textures/Rafflesia.png
17:55:51.614 [FXGL Background Thread 4 ] WARN  TMXLevelLoader       - TiledMap generated from 1.11.2. Supported version: 1.9.0. Some features may not be parsed fully.
17:55:51.626 [FXGL Background Thread 4 ] DEBUG TMXLevelLoader       - Parsed TiledMap: file:/C:/Users/Lenovo/ProjectJava3.0/myproject/myproject/target/classes/assets/levels/scene1.tmx
17:55:51.626 [FXGL Background Thread 4 ] DEBUG TMXLevelLoader       - Creating tile layer entities
17:55:51.626 [FXGL Background Thread 4 ] DEBUG TilesetLoader        - Loading view for layer lowefloor
17:55:51.627 [FXGL Background Thread 4 ] DEBUG TilesetLoader        - Created buffer with size 512.0x1024.0
17:55:51.652 [FXGL Background Thread 4 ] DEBUG TilesetLoader        - Loading view for layer cliff
17:55:51.653 [FXGL Background Thread 4 ] DEBUG TilesetLoader        - Created buffer with size 512.0x1024.0
17:55:51.654 [FXGL Background Thread 4 ] DEBUG TilesetLoader        - Loading view for layer cliff1
17:55:51.655 [FXGL Background Thread 4 ] DEBUG TilesetLoader        - Created buffer with size 512.0x1024.0
17:55:51.657 [FXGL Background Thread 4 ] DEBUG TilesetLoader        - Loading view for layer cliff2
17:55:51.657 [FXGL Background Thread 4 ] DEBUG TilesetLoader        - Created buffer with size 512.0x1024.0
17:55:51.658 [FXGL Background Thread 4 ] DEBUG TilesetLoader        - Loading view for layer Tile Layer 3
17:55:51.659 [FXGL Background Thread 4 ] DEBUG TilesetLoader        - Created buffer with size 512.0x1024.0
17:55:51.659 [FXGL Background Thread 4 ] DEBUG TilesetLoader        - Loading view for layer Tile Layer 6
17:55:51.660 [FXGL Background Thread 4 ] DEBUG TilesetLoader        - Created buffer with size 512.0x1024.0
17:55:51.712 [FXGL Background Thread 4 ] DEBUG TilesetLoader        - Loading view for layer prop
17:55:51.713 [FXGL Background Thread 4 ] DEBUG TilesetLoader        - Created buffer with size 512.0x1024.0
17:55:51.713 [FXGL Background Thread 4 ] DEBUG TMXLevelLoader       - Creating object layer entities
17:55:51.725 [FXGL Background Thread 4 ] DEBUG GameWorld            - Clearing removable entities
17:55:51.726 [FXGL Background Thread 4 ] DEBUG GameWorld            - Setting level: com.almasb.fxgl.entity.level.Level@62884c60
17:55:51.747 [FXGL Background Thread 4 ] DEBUG FXGLAssetLoaderServi - Loading from file system: file:/C:/Users/Lenovo/ProjectJava3.0/myproject/myproject/target/classes/assets/textures/Actor1.png
17:55:51.756 [FXGL Background Thread 4 ] INFO  FXGLApplication      - Game initialization took: 0.409 sec
17:55:51.757 [JavaFX Application Thread] DEBUG Input                - Clearing active input actions
17:55:51.767 [JavaFX Application Thread] DEBUG GameApplicationServi - Removing overlay from FXGLLoadingScene and adding to GameScene
17:55:51.771 [JavaFX Application Thread] DEBUG PrimaryStageWindow   - FXGLLoadingScene -> GameScene
17:55:54.235 [FXGL Background Thread 3 ] DEBUG Engine               - Logging environment variables
17:55:54.235 [FXGL Background Thread 3 ] DEBUG Engine               - achievements: []
17:55:54.235 [FXGL Background Thread 3 ] DEBUG Engine               - actualHeight: 864.0
17:55:54.236 [FXGL Background Thread 3 ] DEBUG Engine               - actualHeightProperty: ReadOnlyDoubleProperty [value: 864.0]
17:55:54.236 [FXGL Background Thread 3 ] DEBUG Engine               - actualWidth: 1536.0
17:55:54.236 [FXGL Background Thread 3 ] DEBUG Engine               - actualWidthProperty: ReadOnlyDoubleProperty [value: 1536.0]
17:55:54.236 [FXGL Background Thread 3 ] DEBUG Engine               - appIcon: fxgl_icon.png
17:55:54.236 [FXGL Background Thread 3 ] DEBUG Engine               - applicationMode: DEVELOPER
17:55:54.236 [FXGL Background Thread 3 ] DEBUG Engine               - cSSList: [fxgl_dark.css]
17:55:54.236 [FXGL Background Thread 3 ] DEBUG Engine               - collisionDetectionStrategy: BRUTE_FORCE
17:55:54.237 [FXGL Background Thread 3 ] DEBUG Engine               - configClass: Optional.empty
17:55:54.237 [FXGL Background Thread 3 ] DEBUG Engine               - credits: []
17:55:54.237 [FXGL Background Thread 3 ] DEBUG Engine               - defaultCursor: CursorInfo(imageName=fxgl_default_cursor.png, hotspotX=7.0, hotspotY=6.0)
17:55:54.237 [FXGL Background Thread 3 ] DEBUG Engine               - devBBoxColorProperty: ObjectProperty [value: 0xff0000ff]
17:55:54.238 [FXGL Background Thread 3 ] DEBUG Engine               - devEnableDebugCameraProperty: BooleanProperty [value: false]
17:55:54.238 [FXGL Background Thread 3 ] DEBUG Engine               - devSensorColorProperty: ObjectProperty [value: 0xffff00ff]
17:55:54.238 [FXGL Background Thread 3 ] DEBUG Engine               - devShowBBoxProperty: BooleanProperty [value: false]
17:55:54.238 [FXGL Background Thread 3 ] DEBUG Engine               - devShowPositionProperty: BooleanProperty [value: false]
17:55:54.238 [FXGL Background Thread 3 ] DEBUG Engine               - enabledMenuItems: []
17:55:54.238 [FXGL Background Thread 3 ] DEBUG Engine               - engineServices: [class com.almasb.fxgl.app.services.FXGLAssetLoaderService, class com.almasb.fxgl.app.FXGLApplication$GameApplicationService, class com.almasb.fxgl.app.services.FXGLDialogService, class com.almasb.fxgl.app.services.IOTaskExecutorService, class com.almasb.fxgl.io.FileSystemService, class com.almasb.fxgl.localization.LocalizationService, class com.almasb.fxgl.app.services.SystemBundleService, class com.almasb.fxgl.profile.SaveLoadService, class com.almasb.fxgl.ui.FXGLUIFactoryServiceProvider, class com.almasb.fxgl.ui.FXGLDialogFactoryServiceProvider, class com.almasb.fxgl.audio.AudioPlayer, class com.almasb.fxgl.notification.impl.NotificationServiceProvider, class com.almasb.fxgl.achievement.AchievementService, class com.almasb.fxgl.cutscene.CutsceneService, class com.almasb.fxgl.minigames.MiniGameService, class com.almasb.fxgl.net.NetService, class com.almasb.fxgl.app.services.UpdaterService, class com.almasb.fxgl.dev.DevService]
17:55:54.238 [FXGL Background Thread 3 ] DEBUG Engine               - fontGame: Abel-Regular.ttf
17:55:54.238 [FXGL Background Thread 3 ] DEBUG Engine               - fontMono: TerminalLandMono-Regular.otf
17:55:54.238 [FXGL Background Thread 3 ] DEBUG Engine               - fontSizeScaleUI: 1.0
17:55:54.238 [FXGL Background Thread 3 ] DEBUG Engine               - fontText: Courier-Prime.ttf
17:55:54.238 [FXGL Background Thread 3 ] DEBUG Engine               - fontUI: VarelaRound-Regular.ttf
17:55:54.238 [FXGL Background Thread 3 ] DEBUG Engine               - fullScreen: BooleanProperty [value: true]
17:55:54.238 [FXGL Background Thread 3 ] DEBUG Engine               - gameDifficulty: MEDIUM
17:55:54.238 [FXGL Background Thread 3 ] DEBUG Engine               - gameDifficultyProperty: ObjectProperty [value: MEDIUM]
17:55:54.239 [FXGL Background Thread 3 ] DEBUG Engine               - globalMusicVolume: 0.5
17:55:54.239 [FXGL Background Thread 3 ] DEBUG Engine               - globalMusicVolumeProperty: DoubleProperty [value: 0.5]
17:55:54.239 [FXGL Background Thread 3 ] DEBUG Engine               - globalSoundVolume: 0.5
17:55:54.239 [FXGL Background Thread 3 ] DEBUG Engine               - globalSoundVolumeProperty: DoubleProperty [value: 0.5]
17:55:54.239 [FXGL Background Thread 3 ] DEBUG Engine               - height: 720
17:55:54.239 [FXGL Background Thread 3 ] DEBUG Engine               - is3D: false
17:55:54.239 [FXGL Background Thread 3 ] DEBUG Engine               - isAndroid: false
17:55:54.239 [FXGL Background Thread 3 ] DEBUG Engine               - isBrowser: false
17:55:54.239 [FXGL Background Thread 3 ] DEBUG Engine               - isClickFeedbackEnabled: false
17:55:54.239 [FXGL Background Thread 3 ] DEBUG Engine               - isCloseConfirmation: false
17:55:54.239 [FXGL Background Thread 3 ] DEBUG Engine               - isDesktop: true
17:55:54.239 [FXGL Background Thread 3 ] DEBUG Engine               - isDeveloperMenuEnabled: true
17:55:54.239 [FXGL Background Thread 3 ] DEBUG Engine               - isEmbedded: false
17:55:54.239 [FXGL Background Thread 3 ] DEBUG Engine               - isEntityPreloadEnabled: true
17:55:54.239 [FXGL Background Thread 3 ] DEBUG Engine               - isExperimentalTiledLargeMap: false
17:55:54.239 [FXGL Background Thread 3 ] DEBUG Engine               - isFileSystemWriteAllowed: true
17:55:54.239 [FXGL Background Thread 3 ] DEBUG Engine               - isFullScreenAllowed: true
17:55:54.239 [FXGL Background Thread 3 ] DEBUG Engine               - isFullScreenFromStart: true
17:55:54.239 [FXGL Background Thread 3 ] DEBUG Engine               - isGameMenuEnabled: true
17:55:54.239 [FXGL Background Thread 3 ] DEBUG Engine               - isIOS: false
17:55:54.239 [FXGL Background Thread 3 ] DEBUG Engine               - isIntroEnabled: false
17:55:54.239 [FXGL Background Thread 3 ] DEBUG Engine               - isLinux: false
17:55:54.239 [FXGL Background Thread 3 ] DEBUG Engine               - isMac: false
17:55:54.239 [FXGL Background Thread 3 ] DEBUG Engine               - isMainMenuEnabled: false
17:55:54.239 [FXGL Background Thread 3 ] DEBUG Engine               - isManualResizeEnabled: false
17:55:54.239 [FXGL Background Thread 3 ] DEBUG Engine               - isMobile: false
17:55:54.239 [FXGL Background Thread 3 ] DEBUG Engine               - isNative: false
17:55:54.239 [FXGL Background Thread 3 ] DEBUG Engine               - isPauseMusicWhenMinimized: true
17:55:54.240 [FXGL Background Thread 3 ] DEBUG Engine               - isPreserveResizeRatio: false
17:55:54.240 [FXGL Background Thread 3 ] DEBUG Engine               - isProfilingEnabled: false
17:55:54.240 [FXGL Background Thread 3 ] DEBUG Engine               - isScaleAffectedOnResize: true
17:55:54.240 [FXGL Background Thread 3 ] DEBUG Engine               - isSingleStep: false
17:55:54.240 [FXGL Background Thread 3 ] DEBUG Engine               - isUserProfileEnabled: false
17:55:54.240 [FXGL Background Thread 3 ] DEBUG Engine               - isWindows: true
17:55:54.240 [FXGL Background Thread 3 ] DEBUG Engine               - language: ObjectProperty [value: ENGLISH]
17:55:54.240 [FXGL Background Thread 3 ] DEBUG Engine               - menuKey: ESCAPE
17:55:54.240 [FXGL Background Thread 3 ] DEBUG Engine               - mouseSensitivity: 0.2
17:55:54.240 [FXGL Background Thread 3 ] DEBUG Engine               - notificationViewClass: class com.almasb.fxgl.notification.view.XboxNotificationView
17:55:54.240 [FXGL Background Thread 3 ] DEBUG Engine               - pixelsPerMeter: 50.0
17:55:54.240 [FXGL Background Thread 3 ] DEBUG Engine               - platform: WINDOWS
17:55:54.240 [FXGL Background Thread 3 ] DEBUG Engine               - prefHeightProperty: ReadOnlyDoubleProperty [value: 720.0]
17:55:54.240 [FXGL Background Thread 3 ] DEBUG Engine               - prefWidthProperty: ReadOnlyDoubleProperty [value: 1280.0]
17:55:54.240 [FXGL Background Thread 3 ] DEBUG Engine               - profileDir: profiles/
17:55:54.240 [FXGL Background Thread 3 ] DEBUG Engine               - profileName: StringProperty [value: DEFAULT]
17:55:54.241 [FXGL Background Thread 3 ] DEBUG Engine               - randomSeed: -1
17:55:54.241 [FXGL Background Thread 3 ] DEBUG Engine               - runtimeInfo: RuntimeInfo(platform=WINDOWS, version=21.1, build=27.03.2024 07.52)
17:55:54.241 [FXGL Background Thread 3 ] DEBUG Engine               - saveFileExt: sav
17:55:54.241 [FXGL Background Thread 3 ] DEBUG Engine               - scaledHeightProp$fxgl: DoubleProperty [bound, value: 864.0]
17:55:54.241 [FXGL Background Thread 3 ] DEBUG Engine               - scaledWidthProp$fxgl: DoubleProperty [bound, value: 1536.0]
17:55:54.241 [FXGL Background Thread 3 ] DEBUG Engine               - sceneFactory: com.almasb.fxgl.app.scene.SceneFactory@15006156
17:55:54.241 [FXGL Background Thread 3 ] DEBUG Engine               - secondsIn24h: 60
17:55:54.241 [FXGL Background Thread 3 ] DEBUG Engine               - soundMenuBack: menu/back.wav
17:55:54.241 [FXGL Background Thread 3 ] DEBUG Engine               - soundMenuPress: menu/press.wav
17:55:54.241 [FXGL Background Thread 3 ] DEBUG Engine               - soundMenuSelect: menu/select.wav
17:55:54.241 [FXGL Background Thread 3 ] DEBUG Engine               - soundNotification: core/notification.wav
17:55:54.241 [FXGL Background Thread 3 ] DEBUG Engine               - stageStyle: DECORATED
17:55:54.241 [FXGL Background Thread 3 ] DEBUG Engine               - supportedLanguages: [ENGLISH, FRENCH, GERMAN, HUNGARIAN, RUSSIAN]
17:55:54.241 [FXGL Background Thread 3 ] DEBUG Engine               - ticksPerSecond: -1
17:55:54.241 [FXGL Background Thread 3 ] DEBUG Engine               - title: Final Journey
17:55:54.241 [FXGL Background Thread 3 ] DEBUG Engine               - urlGithub: https://github.com/AlmasB/FXGL
17:55:54.241 [FXGL Background Thread 3 ] DEBUG Engine               - urlLeaderboard: http://fxgl-top.herokuapp.com/
17:55:54.241 [FXGL Background Thread 3 ] DEBUG Engine               - urlPOM: https://raw.githubusercontent.com/AlmasB/FXGL/release/README.md
17:55:54.241 [FXGL Background Thread 3 ] DEBUG Engine               - userAppClass: class com.project.App
17:55:54.241 [FXGL Background Thread 3 ] DEBUG Engine               - version: Alpha
17:55:54.242 [FXGL Background Thread 3 ] DEBUG Engine               - versionCheckDays: 7
17:55:54.242 [FXGL Background Thread 3 ] DEBUG Engine               - width: 1280
17:55:54.242 [FXGL Background Thread 3 ] DEBUG Engine               - Logging services
17:55:54.242 [FXGL Background Thread 3 ] DEBUG Engine               - class com.almasb.fxgl.app.services.FXGLAssetLoaderService
17:55:54.242 [FXGL Background Thread 3 ] DEBUG Engine               - class com.almasb.fxgl.app.FXGLApplication$GameApplicationService
17:55:54.242 [FXGL Background Thread 3 ] DEBUG Engine               - class com.almasb.fxgl.app.services.FXGLDialogService
17:55:54.242 [FXGL Background Thread 3 ] DEBUG Engine               - class com.almasb.fxgl.app.services.IOTaskExecutorService
17:55:54.242 [FXGL Background Thread 3 ] DEBUG Engine               - class com.almasb.fxgl.io.FileSystemService
17:55:54.242 [FXGL Background Thread 3 ] DEBUG Engine               - class com.almasb.fxgl.localization.LocalizationService
17:55:54.242 [FXGL Background Thread 3 ] DEBUG Engine               - class com.almasb.fxgl.app.services.SystemBundleService
17:55:54.242 [FXGL Background Thread 3 ] DEBUG Engine               - class com.almasb.fxgl.profile.SaveLoadService
17:55:54.242 [FXGL Background Thread 3 ] DEBUG Engine               - class com.almasb.fxgl.ui.FXGLUIFactoryServiceProvider
17:55:54.242 [FXGL Background Thread 3 ] DEBUG Engine               - class com.almasb.fxgl.ui.FXGLDialogFactoryServiceProvider
17:55:54.242 [FXGL Background Thread 3 ] DEBUG Engine               - class com.almasb.fxgl.audio.AudioPlayer
17:55:54.242 [FXGL Background Thread 3 ] DEBUG Engine               - class com.almasb.fxgl.notification.impl.NotificationServiceProvider
17:55:54.242 [FXGL Background Thread 3 ] DEBUG Engine               - class com.almasb.fxgl.achievement.AchievementService
17:55:54.242 [FXGL Background Thread 3 ] DEBUG Engine               - class com.almasb.fxgl.cutscene.CutsceneService
17:55:54.242 [FXGL Background Thread 3 ] DEBUG Engine               - class com.almasb.fxgl.minigames.MiniGameService
17:55:54.242 [FXGL Background Thread 3 ] DEBUG Engine               - class com.almasb.fxgl.net.NetService
17:55:54.242 [FXGL Background Thread 3 ] DEBUG Engine               - class com.almasb.fxgl.app.services.UpdaterService
17:55:54.242 [FXGL Background Thread 3 ] DEBUG Engine               - class com.almasb.fxgl.dev.DevService
17:56:29.278 [JavaFX Application Thread] DEBUG FXGLApplication      - Exiting FXGL
17:56:29.279 [JavaFX Application Thread] DEBUG LoopRunner           - Stopping loop
17:56:29.279 [JavaFX Application Thread] DEBUG SystemBundleService  - Saving FXGL system data
17:56:29.283 [JavaFX Application Thread] DEBUG FileSystemAccess     - Writing to: C:\Users\Lenovo\ProjectJava3.0\myproject\myproject\system\fxgl.bundle
17:56:29.288 [JavaFX Application Thread] DEBUG Async                - Shutting down background threads
17:56:29.289 [JavaFX Application Thread] DEBUG PrimaryStageWindow   - Closing main window
17:56:29.338 [JavaFX Application Thread] DEBUG Logger               - Closing Logger
