02:45:08.791 [main                     ] DEBUG Logger               - Configured Logger
02:45:08.808 [main                     ] DEBUG GameApplication      - Logging settings
Title: Final Journey
Version: Alpha
Width: 1280
Height: 720
Fullscreen: true
Intro: false
Profiling: false
Single step:false
App Mode: DEVELOPER
Menu Key: ESCAPE
Stage Style: DECORATED
Scene Factory: class com.almasb.fxgl.app.scene.SceneFactory

02:45:10.021 [JavaFX Application Thread] DEBUG FXGLApplication      - Initializing FXGL
02:45:10.024 [JavaFX Application Thread] INFO  Engine               - FXGL-21.1 (27.03.2024 07.52) on WINDOWS (J:21.0.5 FX:21.0.1)
02:45:10.024 [JavaFX Application Thread] DEBUG Engine               - JRE Vendor Name: Eclipse Adoptium
02:45:10.024 [JavaFX Application Thread] DEBUG Engine               - Running on OS: Windows 11 version 10.0
02:45:10.025 [JavaFX Application Thread] DEBUG Engine               - Architecture: amd64
02:45:10.025 [JavaFX Application Thread] INFO  Engine               - Source code and latest versions at: https://github.com/AlmasB/FXGL
02:45:10.025 [JavaFX Application Thread] INFO  Engine               -       Ask questions and discuss at: https://github.com/AlmasB/FXGL/discussions
02:45:10.025 [JavaFX Application Thread] INFO  Engine               -              Join the FXGL chat at: https://gitter.im/AlmasB/FXGL
02:45:10.120 [JavaFX Application Thread] DEBUG PrimaryStageWindow   - Creating a JavaFX scene
02:45:10.171 [JavaFX Application Thread] DEBUG PrimaryStageWindow   - Target settings size: 1280.0 x 720.0
02:45:10.171 [JavaFX Application Thread] DEBUG PrimaryStageWindow   - Scaled scene size:    1280.0 x 720.0
02:45:10.171 [JavaFX Application Thread] DEBUG PrimaryStageWindow   - Scaled ratio: (1.0, 1.0)
02:45:10.173 [JavaFX Application Thread] DEBUG PrimaryStageWindow   - Set initial scene to FXGLStartupScene
02:45:10.178 [JavaFX Application Thread] DEBUG PrimaryStageWindow   - Opening main window
02:45:10.282 [JavaFX Application Thread] DEBUG PrimaryStageWindow   - Window border size: (14.4000244140625, 37.5999755859375)
02:45:10.282 [JavaFX Application Thread] DEBUG PrimaryStageWindow   - Scaled size: 1280.0 x 720.0
02:45:10.283 [JavaFX Application Thread] DEBUG PrimaryStageWindow   - Scaled ratio: (1.0, 1.0)
02:45:10.283 [JavaFX Application Thread] DEBUG PrimaryStageWindow   - Scene size: 1280.0 x 720.0
02:45:10.283 [JavaFX Application Thread] DEBUG PrimaryStageWindow   - Stage size: 1294.4000244140625 x 757.5999755859375
02:45:10.344 [JavaFX Application Thread] DEBUG PrimaryStageWindow   - Going fullscreen
02:45:10.358 [FXGL Background Thread 1 ] DEBUG Engine               - Initializing environment variables
02:45:10.412 [FXGL Background Thread 1 ] DEBUG FXGLAssetLoaderServi - User app class for loading assets: class com.project.App
02:45:10.412 [FXGL Background Thread 1 ] DEBUG GameApplicationServi - Applying CSS: fxgl_dark.css
02:45:10.412 [FXGL Background Thread 1 ] DEBUG FXGLAssetLoaderServi - Loading from file system: jar:file:/C:/Users/Lenovo/.m2/repository/com/github/almasb/fxgl/21.1/fxgl-21.1.jar!/fxglassets/ui/css/fxgl_dark.css
02:45:10.456 [FXGL Background Thread 1 ] DEBUG GameApplicationServi - Initializing application scenes
02:45:10.531 [FXGL Background Thread 1 ] DEBUG GameWorld            - Game world initialized
02:45:10.595 [FXGL Background Thread 1 ] DEBUG PhysicsWorld         - Physics world initialized: appHeight=720, physics.ppm=50.0
02:45:10.595 [FXGL Background Thread 1 ] DEBUG PhysicsWorld         - Using strategy: BRUTE_FORCE
02:45:10.600 [FXGL Background Thread 1 ] DEBUG GameScene            - Game scene initialized: 1280x720
02:45:10.614 [FXGL Background Thread 1 ] DEBUG FXGL.DefaultMenu     - createMenuBodyGameMenu()
02:45:10.628 [FXGL Background Thread 1 ] DEBUG FXGL.DefaultMenu     - createOptionsMenu()
02:45:10.638 [FXGL Background Thread 1 ] DEBUG FXGLAssetLoaderServi - Loading from file system: jar:file:/C:/Users/Lenovo/.m2/repository/com/github/almasb/fxgl/21.1/fxgl-21.1.jar!/fxglassets/textures/particles/smoke.png
02:45:10.733 [FXGL Background Thread 1 ] DEBUG FXGLAssetLoaderServi - Loading from file system: jar:file:/C:/Users/Lenovo/.m2/repository/com/github/almasb/fxgl/21.1/fxgl-21.1.jar!/fxglassets/textures/particles/trace_horizontal.png
02:45:10.754 [FXGL Background Thread 1 ] DEBUG GameApplicationServi - Application scenes initialized
02:45:10.768 [FXGL Background Thread 1 ] DEBUG SystemBundleService  - Loading FXGL system data
02:45:10.772 [FXGL Background Thread 1 ] DEBUG FileSystemAccess     - Reading from: C:\Users\Lenovo\projectjava\myproject\myproject\system\fxgl.bundle
02:45:10.784 [FXGL Background Thread 1 ] DEBUG SystemBundleService  - Bundle FXGL: {}
02:45:10.784 [FXGL Background Thread 1 ] DEBUG UpdaterService       - Checking for updates
02:45:10.816 [FXGL Background Thread 4 ] DEBUG FXGLApplication      - Loading fonts
02:45:10.816 [FXGL Background Thread 4 ] DEBUG FXGLAssetLoaderServi - Loading from file system: jar:file:/C:/Users/Lenovo/.m2/repository/com/github/almasb/fxgl/21.1/fxgl-21.1.jar!/fxglassets/ui/fonts/VarelaRound-Regular.ttf
02:45:10.817 [FXGL Background Thread 1 ] DEBUG FXGLApplication      - Loading default localization
02:45:10.818 [FXGL Background Thread 1 ] DEBUG FXGLAssetLoaderServi - Loading from file system: jar:file:/C:/Users/Lenovo/.m2/repository/com/github/almasb/fxgl/21.1/fxgl-21.1.jar!/fxglassets/languages/english.lang
02:45:10.856 [FXGL Background Thread 4 ] DEBUG FXGLAssetLoaderServi - Loading from file system: jar:file:/C:/Users/Lenovo/.m2/repository/com/github/almasb/fxgl/21.1/fxgl-21.1.jar!/fxglassets/ui/fonts/Abel-Regular.ttf
02:45:10.859 [FXGL Background Thread 4 ] DEBUG FXGLAssetLoaderServi - Loading from file system: jar:file:/C:/Users/Lenovo/.m2/repository/com/github/almasb/fxgl/21.1/fxgl-21.1.jar!/fxglassets/ui/fonts/TerminalLandMono-Regular.otf
02:45:10.862 [FXGL Background Thread 4 ] DEBUG FXGLAssetLoaderServi - Loading from file system: jar:file:/C:/Users/Lenovo/.m2/repository/com/github/almasb/fxgl/21.1/fxgl-21.1.jar!/fxglassets/ui/fonts/Courier-Prime.ttf
02:45:10.867 [FXGL Background Thread 1 ] INFO  FXGLApplication      - FXGL initialization took: 0.509 sec
02:45:10.875 [JavaFX Application Thread] DEBUG Input                - Registered new binding: Right - D
02:45:10.876 [JavaFX Application Thread] DEBUG Input                - Registered new binding: Left - A
02:45:10.876 [JavaFX Application Thread] DEBUG Input                - Registered new binding: Up - W
02:45:10.876 [JavaFX Application Thread] DEBUG Input                - Registered new binding: Down - S
02:45:10.876 [JavaFX Application Thread] DEBUG Input                - Registered new binding: Interact - E
02:45:10.877 [JavaFX Application Thread] DEBUG FXGLAssetLoaderServi - Loading from file system: jar:file:/C:/Users/Lenovo/.m2/repository/com/github/almasb/fxgl/21.1/fxgl-21.1.jar!/fxglassets/textures/fxgl_icon.png
02:45:10.899 [JavaFX Application Thread] DEBUG FXGLAssetLoaderServi - Loading from file system: jar:file:/C:/Users/Lenovo/.m2/repository/com/github/almasb/fxgl/21.1/fxgl-21.1.jar!/fxglassets/textures/fxgl_default_cursor.png
02:45:10.902 [JavaFX Application Thread] DEBUG Input                - Registered new binding: Screenshot - CTRL+8
02:45:10.903 [JavaFX Application Thread] DEBUG Input                - Registered new binding: Dev Options - 1
02:45:10.903 [JavaFX Application Thread] DEBUG Input                - Registered new binding: Dev Console - 2
02:45:10.904 [JavaFX Application Thread] DEBUG Input                - Registered new binding: System info dump - CTRL+9
02:45:10.905 [JavaFX Application Thread] DEBUG Input                - Registered new binding: Restart - CTRL+R
02:45:10.905 [JavaFX Application Thread] DEBUG Input                - Registered new binding: Toggle Debug Camera - CTRL+7
02:45:10.911 [JavaFX Application Thread] DEBUG LoopRunner           - Starting loop
02:45:10.944 [JavaFX Application Thread] DEBUG LoopRunner           - Initializing JavaFX AnimationTimerLoop
02:45:10.946 [JavaFX Application Thread] DEBUG GameApplicationServi - Starting new game
02:45:10.947 [JavaFX Application Thread] DEBUG Input                - Clearing active input actions
02:45:10.958 [JavaFX Application Thread] DEBUG GameApplicationServi - Removing overlay from FXGLStartupScene and adding to FXGLLoadingScene
02:45:10.964 [JavaFX Application Thread] DEBUG PrimaryStageWindow   - FXGLStartupScene -> FXGLLoadingScene
02:45:10.964 [JavaFX Application Thread] DEBUG GameApplicationServi - Clearing previous game
02:45:10.964 [JavaFX Application Thread] DEBUG GameScene            - Clearing game scene
02:45:10.964 [JavaFX Application Thread] DEBUG GameWorld            - Clearing game world
02:45:10.964 [JavaFX Application Thread] DEBUG PhysicsWorld         - Clearing physics world
02:45:10.967 [FXGL Background Thread 4 ] DEBUG FXGLApplication      - Initializing game
02:45:10.967 [JavaFX Application Thread] DEBUG FXGLApplication      - Registering font factories with UI factory
02:45:11.042 [FXGL Background Thread 4 ] WARN  TMXLevelLoader       - TiledMap generated from 1.11.2. Supported version: 1.9.0. Some features may not be parsed fully.
02:45:11.073 [FXGL Background Thread 4 ] DEBUG TMXLevelLoader       - Parsed TiledMap: file:/C:/Users/Lenovo/projectjava/myproject/myproject/target/classes/assets/levels/scene1.tmx
02:45:11.074 [FXGL Background Thread 4 ] DEBUG TMXLevelLoader       - Creating tile layer entities
02:45:11.077 [FXGL Background Thread 4 ] DEBUG TilesetLoader        - Loading view for layer lowefloor
02:45:11.078 [FXGL Background Thread 4 ] DEBUG TilesetLoader        - Created buffer with size 512.0x1024.0
02:45:11.167 [FXGL Background Thread 4 ] DEBUG TilesetLoader        - Loading view for layer cliff
02:45:11.167 [FXGL Background Thread 4 ] DEBUG TilesetLoader        - Created buffer with size 512.0x1024.0
02:45:11.168 [FXGL Background Thread 4 ] DEBUG TilesetLoader        - Loading view for layer cliff1
02:45:11.170 [FXGL Background Thread 4 ] DEBUG TilesetLoader        - Created buffer with size 512.0x1024.0
02:45:11.172 [FXGL Background Thread 4 ] DEBUG TilesetLoader        - Loading view for layer cliff2
02:45:11.173 [FXGL Background Thread 4 ] DEBUG TilesetLoader        - Created buffer with size 512.0x1024.0
02:45:11.178 [FXGL Background Thread 4 ] DEBUG TilesetLoader        - Loading view for layer Tile Layer 3
02:45:11.178 [FXGL Background Thread 4 ] DEBUG TilesetLoader        - Created buffer with size 512.0x1024.0
02:45:11.181 [FXGL Background Thread 4 ] DEBUG TilesetLoader        - Loading view for layer Tile Layer 6
02:45:11.181 [FXGL Background Thread 4 ] DEBUG TilesetLoader        - Created buffer with size 512.0x1024.0
02:45:11.248 [FXGL Background Thread 4 ] DEBUG TilesetLoader        - Loading view for layer prop
02:45:11.248 [FXGL Background Thread 4 ] DEBUG TilesetLoader        - Created buffer with size 512.0x1024.0
02:45:11.249 [FXGL Background Thread 4 ] DEBUG TMXLevelLoader       - Creating object layer entities
02:45:11.302 [FXGL Background Thread 4 ] DEBUG FXGLAssetLoaderServi - Loading from file system: file:/C:/Users/Lenovo/projectjava/myproject/myproject/target/classes/assets/textures/Actor1.png
02:45:11.325 [FXGL Background Thread 4 ] DEBUG FXGLAssetLoaderServi - Loading from file system: file:/C:/Users/Lenovo/projectjava/myproject/myproject/target/classes/assets/textures/Rex.png
02:45:11.332 [FXGL Background Thread 4 ] WARN  TMXLevelLoader       - TiledMap generated from 1.11.2. Supported version: 1.9.0. Some features may not be parsed fully.
02:45:11.343 [FXGL Background Thread 4 ] DEBUG TMXLevelLoader       - Parsed TiledMap: file:/C:/Users/Lenovo/projectjava/myproject/myproject/target/classes/assets/levels/scene1.tmx
02:45:11.343 [FXGL Background Thread 4 ] DEBUG TMXLevelLoader       - Creating tile layer entities
02:45:11.344 [FXGL Background Thread 4 ] DEBUG TilesetLoader        - Loading view for layer lowefloor
02:45:11.344 [FXGL Background Thread 4 ] DEBUG TilesetLoader        - Created buffer with size 512.0x1024.0
02:45:11.373 [FXGL Background Thread 4 ] DEBUG TilesetLoader        - Loading view for layer cliff
02:45:11.374 [FXGL Background Thread 4 ] DEBUG TilesetLoader        - Created buffer with size 512.0x1024.0
02:45:11.375 [FXGL Background Thread 4 ] DEBUG TilesetLoader        - Loading view for layer cliff1
02:45:11.376 [FXGL Background Thread 4 ] DEBUG TilesetLoader        - Created buffer with size 512.0x1024.0
02:45:11.376 [FXGL Background Thread 4 ] DEBUG TilesetLoader        - Loading view for layer cliff2
02:45:11.377 [FXGL Background Thread 4 ] DEBUG TilesetLoader        - Created buffer with size 512.0x1024.0
02:45:11.378 [FXGL Background Thread 4 ] DEBUG TilesetLoader        - Loading view for layer Tile Layer 3
02:45:11.379 [FXGL Background Thread 4 ] DEBUG TilesetLoader        - Created buffer with size 512.0x1024.0
02:45:11.381 [FXGL Background Thread 4 ] DEBUG TilesetLoader        - Loading view for layer Tile Layer 6
02:45:11.382 [FXGL Background Thread 4 ] DEBUG TilesetLoader        - Created buffer with size 512.0x1024.0
02:45:11.437 [FXGL Background Thread 4 ] DEBUG TilesetLoader        - Loading view for layer prop
02:45:11.437 [FXGL Background Thread 4 ] DEBUG TilesetLoader        - Created buffer with size 512.0x1024.0
02:45:11.438 [FXGL Background Thread 4 ] DEBUG TMXLevelLoader       - Creating object layer entities
02:45:11.450 [FXGL Background Thread 4 ] DEBUG GameWorld            - Clearing removable entities
02:45:11.451 [FXGL Background Thread 4 ] DEBUG GameWorld            - Setting level: com.almasb.fxgl.entity.level.Level@ee74b22
02:45:11.466 [FXGL Background Thread 4 ] INFO  FXGLApplication      - Game initialization took: 0.499 sec
02:45:11.476 [JavaFX Application Thread] DEBUG Input                - Clearing active input actions
02:45:11.486 [JavaFX Application Thread] DEBUG GameApplicationServi - Removing overlay from FXGLLoadingScene and adding to GameScene
02:45:11.490 [JavaFX Application Thread] DEBUG PrimaryStageWindow   - FXGLLoadingScene -> GameScene
02:45:13.816 [FXGL Background Thread 3 ] DEBUG Engine               - Logging environment variables
02:45:13.818 [FXGL Background Thread 3 ] DEBUG Engine               - achievements: []
02:45:13.819 [FXGL Background Thread 3 ] DEBUG Engine               - actualHeight: 864.0
02:45:13.819 [FXGL Background Thread 3 ] DEBUG Engine               - actualHeightProperty: ReadOnlyDoubleProperty [value: 864.0]
02:45:13.819 [FXGL Background Thread 3 ] DEBUG Engine               - actualWidth: 1536.0
02:45:13.819 [FXGL Background Thread 3 ] DEBUG Engine               - actualWidthProperty: ReadOnlyDoubleProperty [value: 1536.0]
02:45:13.820 [FXGL Background Thread 3 ] DEBUG Engine               - appIcon: fxgl_icon.png
02:45:13.820 [FXGL Background Thread 3 ] DEBUG Engine               - applicationMode: DEVELOPER
02:45:13.820 [FXGL Background Thread 3 ] DEBUG Engine               - cSSList: [fxgl_dark.css]
02:45:13.821 [FXGL Background Thread 3 ] DEBUG Engine               - collisionDetectionStrategy: BRUTE_FORCE
02:45:13.821 [FXGL Background Thread 3 ] DEBUG Engine               - configClass: Optional.empty
02:45:13.821 [FXGL Background Thread 3 ] DEBUG Engine               - credits: []
02:45:13.822 [FXGL Background Thread 3 ] DEBUG Engine               - defaultCursor: CursorInfo(imageName=fxgl_default_cursor.png, hotspotX=7.0, hotspotY=6.0)
02:45:13.822 [FXGL Background Thread 3 ] DEBUG Engine               - devBBoxColorProperty: ObjectProperty [value: 0xff0000ff]
02:45:13.823 [FXGL Background Thread 3 ] DEBUG Engine               - devEnableDebugCameraProperty: BooleanProperty [value: false]
02:45:13.823 [FXGL Background Thread 3 ] DEBUG Engine               - devSensorColorProperty: ObjectProperty [value: 0xffff00ff]
02:45:13.824 [FXGL Background Thread 3 ] DEBUG Engine               - devShowBBoxProperty: BooleanProperty [value: false]
02:45:13.824 [FXGL Background Thread 3 ] DEBUG Engine               - devShowPositionProperty: BooleanProperty [value: false]
02:45:13.824 [FXGL Background Thread 3 ] DEBUG Engine               - enabledMenuItems: []
02:45:13.824 [FXGL Background Thread 3 ] DEBUG Engine               - engineServices: [class com.almasb.fxgl.app.services.FXGLAssetLoaderService, class com.almasb.fxgl.app.FXGLApplication$GameApplicationService, class com.almasb.fxgl.app.services.FXGLDialogService, class com.almasb.fxgl.app.services.IOTaskExecutorService, class com.almasb.fxgl.io.FileSystemService, class com.almasb.fxgl.localization.LocalizationService, class com.almasb.fxgl.app.services.SystemBundleService, class com.almasb.fxgl.profile.SaveLoadService, class com.almasb.fxgl.ui.FXGLUIFactoryServiceProvider, class com.almasb.fxgl.ui.FXGLDialogFactoryServiceProvider, class com.almasb.fxgl.audio.AudioPlayer, class com.almasb.fxgl.notification.impl.NotificationServiceProvider, class com.almasb.fxgl.achievement.AchievementService, class com.almasb.fxgl.cutscene.CutsceneService, class com.almasb.fxgl.minigames.MiniGameService, class com.almasb.fxgl.net.NetService, class com.almasb.fxgl.app.services.UpdaterService, class com.almasb.fxgl.dev.DevService]
02:45:13.825 [FXGL Background Thread 3 ] DEBUG Engine               - fontGame: Abel-Regular.ttf
02:45:13.825 [FXGL Background Thread 3 ] DEBUG Engine               - fontMono: TerminalLandMono-Regular.otf
02:45:13.825 [FXGL Background Thread 3 ] DEBUG Engine               - fontSizeScaleUI: 1.0
02:45:13.825 [FXGL Background Thread 3 ] DEBUG Engine               - fontText: Courier-Prime.ttf
02:45:13.825 [FXGL Background Thread 3 ] DEBUG Engine               - fontUI: VarelaRound-Regular.ttf
02:45:13.825 [FXGL Background Thread 3 ] DEBUG Engine               - fullScreen: BooleanProperty [value: true]
02:45:13.825 [FXGL Background Thread 3 ] DEBUG Engine               - gameDifficulty: MEDIUM
02:45:13.826 [FXGL Background Thread 3 ] DEBUG Engine               - gameDifficultyProperty: ObjectProperty [value: MEDIUM]
02:45:13.826 [FXGL Background Thread 3 ] DEBUG Engine               - globalMusicVolume: 0.5
02:45:13.826 [FXGL Background Thread 3 ] DEBUG Engine               - globalMusicVolumeProperty: DoubleProperty [value: 0.5]
02:45:13.827 [FXGL Background Thread 3 ] DEBUG Engine               - globalSoundVolume: 0.5
02:45:13.827 [FXGL Background Thread 3 ] DEBUG Engine               - globalSoundVolumeProperty: DoubleProperty [value: 0.5]
02:45:13.827 [FXGL Background Thread 3 ] DEBUG Engine               - height: 720
02:45:13.828 [FXGL Background Thread 3 ] DEBUG Engine               - is3D: false
02:45:13.828 [FXGL Background Thread 3 ] DEBUG Engine               - isAndroid: false
02:45:13.828 [FXGL Background Thread 3 ] DEBUG Engine               - isBrowser: false
02:45:13.829 [FXGL Background Thread 3 ] DEBUG Engine               - isClickFeedbackEnabled: false
02:45:13.829 [FXGL Background Thread 3 ] DEBUG Engine               - isCloseConfirmation: false
02:45:13.829 [FXGL Background Thread 3 ] DEBUG Engine               - isDesktop: true
02:45:13.829 [FXGL Background Thread 3 ] DEBUG Engine               - isDeveloperMenuEnabled: true
02:45:13.829 [FXGL Background Thread 3 ] DEBUG Engine               - isEmbedded: false
02:45:13.829 [FXGL Background Thread 3 ] DEBUG Engine               - isEntityPreloadEnabled: true
02:45:13.829 [FXGL Background Thread 3 ] DEBUG Engine               - isExperimentalTiledLargeMap: false
02:45:13.829 [FXGL Background Thread 3 ] DEBUG Engine               - isFileSystemWriteAllowed: true
02:45:13.829 [FXGL Background Thread 3 ] DEBUG Engine               - isFullScreenAllowed: true
02:45:13.830 [FXGL Background Thread 3 ] DEBUG Engine               - isFullScreenFromStart: true
02:45:13.830 [FXGL Background Thread 3 ] DEBUG Engine               - isGameMenuEnabled: true
02:45:13.831 [FXGL Background Thread 3 ] DEBUG Engine               - isIOS: false
02:45:13.831 [FXGL Background Thread 3 ] DEBUG Engine               - isIntroEnabled: false
02:45:13.832 [FXGL Background Thread 3 ] DEBUG Engine               - isLinux: false
02:45:13.832 [FXGL Background Thread 3 ] DEBUG Engine               - isMac: false
02:45:13.832 [FXGL Background Thread 3 ] DEBUG Engine               - isMainMenuEnabled: false
02:45:13.832 [FXGL Background Thread 3 ] DEBUG Engine               - isManualResizeEnabled: false
02:45:13.833 [FXGL Background Thread 3 ] DEBUG Engine               - isMobile: false
02:45:13.833 [FXGL Background Thread 3 ] DEBUG Engine               - isNative: false
02:45:13.833 [FXGL Background Thread 3 ] DEBUG Engine               - isPauseMusicWhenMinimized: true
02:45:13.833 [FXGL Background Thread 3 ] DEBUG Engine               - isPreserveResizeRatio: false
02:45:13.834 [FXGL Background Thread 3 ] DEBUG Engine               - isProfilingEnabled: false
02:45:13.834 [FXGL Background Thread 3 ] DEBUG Engine               - isScaleAffectedOnResize: true
02:45:13.834 [FXGL Background Thread 3 ] DEBUG Engine               - isSingleStep: false
02:45:13.834 [FXGL Background Thread 3 ] DEBUG Engine               - isUserProfileEnabled: false
02:45:13.834 [FXGL Background Thread 3 ] DEBUG Engine               - isWindows: true
02:45:13.835 [FXGL Background Thread 3 ] DEBUG Engine               - language: ObjectProperty [value: ENGLISH]
02:45:13.835 [FXGL Background Thread 3 ] DEBUG Engine               - menuKey: ESCAPE
02:45:13.835 [FXGL Background Thread 3 ] DEBUG Engine               - mouseSensitivity: 0.2
02:45:13.835 [FXGL Background Thread 3 ] DEBUG Engine               - notificationViewClass: class com.almasb.fxgl.notification.view.XboxNotificationView
02:45:13.835 [FXGL Background Thread 3 ] DEBUG Engine               - pixelsPerMeter: 50.0
02:45:13.835 [FXGL Background Thread 3 ] DEBUG Engine               - platform: WINDOWS
02:45:13.836 [FXGL Background Thread 3 ] DEBUG Engine               - prefHeightProperty: ReadOnlyDoubleProperty [value: 720.0]
02:45:13.836 [FXGL Background Thread 3 ] DEBUG Engine               - prefWidthProperty: ReadOnlyDoubleProperty [value: 1280.0]
02:45:13.836 [FXGL Background Thread 3 ] DEBUG Engine               - profileDir: profiles/
02:45:13.836 [FXGL Background Thread 3 ] DEBUG Engine               - profileName: StringProperty [value: DEFAULT]
02:45:13.837 [FXGL Background Thread 3 ] DEBUG Engine               - randomSeed: -1
02:45:13.838 [FXGL Background Thread 3 ] DEBUG Engine               - runtimeInfo: RuntimeInfo(platform=WINDOWS, version=21.1, build=27.03.2024 07.52)
02:45:13.839 [FXGL Background Thread 3 ] DEBUG Engine               - saveFileExt: sav
02:45:13.839 [FXGL Background Thread 3 ] DEBUG Engine               - scaledHeightProp$fxgl: DoubleProperty [bound, value: 864.0]
02:45:13.839 [FXGL Background Thread 3 ] DEBUG Engine               - scaledWidthProp$fxgl: DoubleProperty [bound, value: 1536.0]
02:45:13.839 [FXGL Background Thread 3 ] DEBUG Engine               - sceneFactory: com.almasb.fxgl.app.scene.SceneFactory@4f371a69
02:45:13.840 [FXGL Background Thread 3 ] DEBUG Engine               - secondsIn24h: 60
02:45:13.840 [FXGL Background Thread 3 ] DEBUG Engine               - soundMenuBack: menu/back.wav
02:45:13.840 [FXGL Background Thread 3 ] DEBUG Engine               - soundMenuPress: menu/press.wav
02:45:13.840 [FXGL Background Thread 3 ] DEBUG Engine               - soundMenuSelect: menu/select.wav
02:45:13.840 [FXGL Background Thread 3 ] DEBUG Engine               - soundNotification: core/notification.wav
02:45:13.840 [FXGL Background Thread 3 ] DEBUG Engine               - stageStyle: DECORATED
02:45:13.841 [FXGL Background Thread 3 ] DEBUG Engine               - supportedLanguages: [ENGLISH, FRENCH, GERMAN, HUNGARIAN, RUSSIAN]
02:45:13.841 [FXGL Background Thread 3 ] DEBUG Engine               - ticksPerSecond: -1
02:45:13.841 [FXGL Background Thread 3 ] DEBUG Engine               - title: Final Journey
02:45:13.841 [FXGL Background Thread 3 ] DEBUG Engine               - urlGithub: https://github.com/AlmasB/FXGL
02:45:13.841 [FXGL Background Thread 3 ] DEBUG Engine               - urlLeaderboard: http://fxgl-top.herokuapp.com/
02:45:13.842 [FXGL Background Thread 3 ] DEBUG Engine               - urlPOM: https://raw.githubusercontent.com/AlmasB/FXGL/release/README.md
02:45:13.842 [FXGL Background Thread 3 ] DEBUG Engine               - userAppClass: class com.project.App
02:45:13.842 [FXGL Background Thread 3 ] DEBUG Engine               - version: Alpha
02:45:13.842 [FXGL Background Thread 3 ] DEBUG Engine               - versionCheckDays: 7
02:45:13.842 [FXGL Background Thread 3 ] DEBUG Engine               - width: 1280
02:45:13.842 [FXGL Background Thread 3 ] DEBUG Engine               - Logging services
02:45:13.842 [FXGL Background Thread 3 ] DEBUG Engine               - class com.almasb.fxgl.app.services.FXGLAssetLoaderService
02:45:13.842 [FXGL Background Thread 3 ] DEBUG Engine               - class com.almasb.fxgl.app.FXGLApplication$GameApplicationService
02:45:13.842 [FXGL Background Thread 3 ] DEBUG Engine               - class com.almasb.fxgl.app.services.FXGLDialogService
02:45:13.842 [FXGL Background Thread 3 ] DEBUG Engine               - class com.almasb.fxgl.app.services.IOTaskExecutorService
02:45:13.843 [FXGL Background Thread 3 ] DEBUG Engine               - class com.almasb.fxgl.io.FileSystemService
02:45:13.843 [FXGL Background Thread 3 ] DEBUG Engine               - class com.almasb.fxgl.localization.LocalizationService
02:45:13.843 [FXGL Background Thread 3 ] DEBUG Engine               - class com.almasb.fxgl.app.services.SystemBundleService
02:45:13.843 [FXGL Background Thread 3 ] DEBUG Engine               - class com.almasb.fxgl.profile.SaveLoadService
02:45:13.843 [FXGL Background Thread 3 ] DEBUG Engine               - class com.almasb.fxgl.ui.FXGLUIFactoryServiceProvider
02:45:13.843 [FXGL Background Thread 3 ] DEBUG Engine               - class com.almasb.fxgl.ui.FXGLDialogFactoryServiceProvider
02:45:13.843 [FXGL Background Thread 3 ] DEBUG Engine               - class com.almasb.fxgl.audio.AudioPlayer
02:45:13.843 [FXGL Background Thread 3 ] DEBUG Engine               - class com.almasb.fxgl.notification.impl.NotificationServiceProvider
02:45:13.843 [FXGL Background Thread 3 ] DEBUG Engine               - class com.almasb.fxgl.achievement.AchievementService
02:45:13.843 [FXGL Background Thread 3 ] DEBUG Engine               - class com.almasb.fxgl.cutscene.CutsceneService
02:45:13.843 [FXGL Background Thread 3 ] DEBUG Engine               - class com.almasb.fxgl.minigames.MiniGameService
02:45:13.843 [FXGL Background Thread 3 ] DEBUG Engine               - class com.almasb.fxgl.net.NetService
02:45:13.843 [FXGL Background Thread 3 ] DEBUG Engine               - class com.almasb.fxgl.app.services.UpdaterService
02:45:13.843 [FXGL Background Thread 3 ] DEBUG Engine               - class com.almasb.fxgl.dev.DevService
02:45:14.639 [JavaFX Application Thread] DEBUG FXGLAssetLoaderServi - Loading from file system: file:/C:/Users/Lenovo/projectjava/myproject/myproject/target/classes/assets/text/filetext.txt
02:45:14.652 [JavaFX Application Thread] DEBUG Input                - Registered new binding: Next RPG Line - Enter
02:45:14.654 [JavaFX Application Thread] DEBUG PrimaryStageWindow   - Push state: CutsceneScene
02:45:14.655 [JavaFX Application Thread] DEBUG Input                - Clearing active input actions
02:45:14.657 [JavaFX Application Thread] DEBUG GameApplicationServi - Removing overlay from GameScene and adding to CutsceneScene
02:45:14.660 [JavaFX Application Thread] DEBUG PrimaryStageWindow   - GameScene -> CutsceneScene
02:45:16.087 [JavaFX Application Thread] DEBUG FXGLAssetLoaderServi - Loading from file system: file:/C:/Users/Lenovo/projectjava/myproject/myproject/target/classes/assets/textures/Rex.png
02:45:24.276 [JavaFX Application Thread] DEBUG PrimaryStageWindow   - Pop state: CutsceneScene
02:45:24.277 [JavaFX Application Thread] DEBUG Input                - Clearing active input actions
02:45:24.279 [JavaFX Application Thread] DEBUG GameApplicationServi - Removing overlay from CutsceneScene and adding to GameScene
02:45:24.284 [JavaFX Application Thread] DEBUG PrimaryStageWindow   - GameScene <- CutsceneScene
02:45:24.284 [JavaFX Application Thread] DEBUG EventBus             - Firing event: com.GameEvent.CombatScene[source=javafx.event.Event$$Lambda/0x0000029d3d172fa8@51ce049b]
02:45:24.290 [JavaFX Application Thread] WARN  TMXLevelLoader       - TiledMap generated from 1.11.2. Supported version: 1.9.0. Some features may not be parsed fully.
02:45:24.300 [JavaFX Application Thread] DEBUG TMXLevelLoader       - Parsed TiledMap: file:/C:/Users/Lenovo/projectjava/myproject/myproject/target/classes/assets/levels/battle1.tmx
02:45:24.301 [JavaFX Application Thread] DEBUG TMXLevelLoader       - Creating tile layer entities
02:45:24.301 [JavaFX Application Thread] DEBUG TilesetLoader        - Loading view for layer Tile Layer 1
02:45:24.303 [JavaFX Application Thread] DEBUG TilesetLoader        - Created buffer with size 2048.0x1024.0
02:45:24.405 [JavaFX Application Thread] DEBUG TMXLevelLoader       - Creating object layer entities
02:45:24.406 [JavaFX Application Thread] DEBUG FXGLAssetLoaderServi - Loading from file system: file:/C:/Users/Lenovo/projectjava/myproject/myproject/target/classes/assets/textures/Rex.png
02:45:24.412 [JavaFX Application Thread] DEBUG FXGLAssetLoaderServi - Loading from file system: file:/C:/Users/Lenovo/projectjava/myproject/myproject/target/classes/assets/textures/Karee.png
02:45:24.416 [JavaFX Application Thread] DEBUG GameWorld            - Clearing removable entities
02:45:24.422 [JavaFX Application Thread] DEBUG GameWorld            - Setting level: com.almasb.fxgl.entity.level.Level@51121db6
02:45:24.424 [JavaFX Application Thread] WARN  TMXLevelLoader       - TiledMap generated from 1.11.2. Supported version: 1.9.0. Some features may not be parsed fully.
02:45:24.429 [JavaFX Application Thread] DEBUG TMXLevelLoader       - Parsed TiledMap: file:/C:/Users/Lenovo/projectjava/myproject/myproject/target/classes/assets/levels/battle1.tmx
02:45:24.429 [JavaFX Application Thread] DEBUG TMXLevelLoader       - Creating tile layer entities
02:45:24.429 [JavaFX Application Thread] DEBUG TilesetLoader        - Loading view for layer Tile Layer 1
02:45:24.433 [JavaFX Application Thread] DEBUG TilesetLoader        - Created buffer with size 2048.0x1024.0
02:45:24.528 [JavaFX Application Thread] DEBUG TMXLevelLoader       - Creating object layer entities
02:45:35.638 [JavaFX Application Thread] DEBUG FXGLApplication      - Exiting FXGL
02:45:35.638 [JavaFX Application Thread] DEBUG LoopRunner           - Stopping loop
02:45:35.638 [JavaFX Application Thread] DEBUG SystemBundleService  - Saving FXGL system data
02:45:35.641 [JavaFX Application Thread] DEBUG FileSystemAccess     - Writing to: C:\Users\Lenovo\projectjava\myproject\myproject\system\fxgl.bundle
02:45:35.643 [JavaFX Application Thread] DEBUG Async                - Shutting down background threads
02:45:35.643 [JavaFX Application Thread] DEBUG PrimaryStageWindow   - Closing main window
02:45:35.693 [JavaFX Application Thread] DEBUG Logger               - Closing Logger
