23:39:34.015 [main                     ] DEBUG Logger               - Configured Logger
23:39:34.035 [main                     ] DEBUG GameApplication      - Logging settings
Title: Final Journey
Version: Alpha
Width: 1280
Height: 720
Fullscreen: true
Intro: false
Profiling: false
Single step:false
App Mode: DEVELOPER
Menu Key: ESCAPE
Stage Style: DECORATED
Scene Factory: class com.almasb.fxgl.app.scene.SceneFactory

23:39:34.451 [JavaFX Application Thread] DEBUG FXGLApplication      - Initializing FXGL
23:39:34.456 [JavaFX Application Thread] INFO  Engine               - FXGL-21.1 (27.03.2024 07.52) on WINDOWS (J:21.0.5 FX:21.0.1)
23:39:34.456 [JavaFX Application Thread] DEBUG Engine               - JRE Vendor Name: Eclipse Adoptium
23:39:34.457 [JavaFX Application Thread] DEBUG Engine               - Running on OS: Windows 11 version 10.0
23:39:34.457 [JavaFX Application Thread] DEBUG Engine               - Architecture: amd64
23:39:34.457 [JavaFX Application Thread] INFO  Engine               - Source code and latest versions at: https://github.com/AlmasB/FXGL
23:39:34.457 [JavaFX Application Thread] INFO  Engine               -       Ask questions and discuss at: https://github.com/AlmasB/FXGL/discussions
23:39:34.458 [JavaFX Application Thread] INFO  Engine               -              Join the FXGL chat at: https://gitter.im/AlmasB/FXGL
23:39:34.556 [JavaFX Application Thread] DEBUG PrimaryStageWindow   - Creating a JavaFX scene
23:39:34.612 [JavaFX Application Thread] DEBUG PrimaryStageWindow   - Target settings size: 1280.0 x 720.0
23:39:34.612 [JavaFX Application Thread] DEBUG PrimaryStageWindow   - Scaled scene size:    1280.0 x 720.0
23:39:34.613 [JavaFX Application Thread] DEBUG PrimaryStageWindow   - Scaled ratio: (1.0, 1.0)
23:39:34.614 [JavaFX Application Thread] DEBUG PrimaryStageWindow   - Set initial scene to FXGLStartupScene
23:39:34.619 [JavaFX Application Thread] DEBUG PrimaryStageWindow   - Opening main window
23:39:34.707 [JavaFX Application Thread] DEBUG PrimaryStageWindow   - Window border size: (14.4000244140625, 37.5999755859375)
23:39:34.707 [JavaFX Application Thread] DEBUG PrimaryStageWindow   - Scaled size: 1280.0 x 720.0
23:39:34.707 [JavaFX Application Thread] DEBUG PrimaryStageWindow   - Scaled ratio: (1.0, 1.0)
23:39:34.708 [JavaFX Application Thread] DEBUG PrimaryStageWindow   - Scene size: 1280.0 x 720.0
23:39:34.708 [JavaFX Application Thread] DEBUG PrimaryStageWindow   - Stage size: 1294.4000244140625 x 757.5999755859375
23:39:34.771 [JavaFX Application Thread] DEBUG PrimaryStageWindow   - Going fullscreen
23:39:34.780 [FXGL Background Thread 1 ] DEBUG Engine               - Initializing environment variables
23:39:34.830 [FXGL Background Thread 1 ] DEBUG FXGLAssetLoaderServi - User app class for loading assets: class com.project.App
23:39:34.830 [FXGL Background Thread 1 ] DEBUG GameApplicationServi - Applying CSS: fxgl_dark.css
23:39:34.831 [FXGL Background Thread 1 ] DEBUG FXGLAssetLoaderServi - Loading from file system: jar:file:/C:/Users/Lenovo/.m2/repository/com/github/almasb/fxgl/21.1/fxgl-21.1.jar!/fxglassets/ui/css/fxgl_dark.css
23:39:34.869 [FXGL Background Thread 1 ] DEBUG GameApplicationServi - Initializing application scenes
23:39:34.908 [FXGL Background Thread 1 ] DEBUG GameWorld            - Game world initialized
23:39:34.961 [FXGL Background Thread 1 ] DEBUG PhysicsWorld         - Physics world initialized: appHeight=720, physics.ppm=50.0
23:39:34.962 [FXGL Background Thread 1 ] DEBUG PhysicsWorld         - Using strategy: BRUTE_FORCE
23:39:34.965 [FXGL Background Thread 1 ] DEBUG GameScene            - Game scene initialized: 1280x720
23:39:34.978 [FXGL Background Thread 1 ] DEBUG FXGL.DefaultMenu     - createMenuBodyGameMenu()
23:39:34.989 [FXGL Background Thread 1 ] DEBUG FXGL.DefaultMenu     - createOptionsMenu()
23:39:34.998 [FXGL Background Thread 1 ] DEBUG FXGLAssetLoaderServi - Loading from file system: jar:file:/C:/Users/Lenovo/.m2/repository/com/github/almasb/fxgl/21.1/fxgl-21.1.jar!/fxglassets/textures/particles/smoke.png
23:39:35.094 [FXGL Background Thread 1 ] DEBUG FXGLAssetLoaderServi - Loading from file system: jar:file:/C:/Users/Lenovo/.m2/repository/com/github/almasb/fxgl/21.1/fxgl-21.1.jar!/fxglassets/textures/particles/trace_horizontal.png
23:39:35.118 [FXGL Background Thread 1 ] DEBUG GameApplicationServi - Application scenes initialized
23:39:35.133 [FXGL Background Thread 1 ] DEBUG SystemBundleService  - Loading FXGL system data
23:39:35.137 [FXGL Background Thread 1 ] DEBUG FileSystemAccess     - Reading from: C:\Users\Lenovo\ProjectJava3.0\myproject\myproject\system\fxgl.bundle
23:39:35.145 [FXGL Background Thread 1 ] DEBUG SystemBundleService  - Bundle FXGL: {}
23:39:35.145 [FXGL Background Thread 1 ] DEBUG UpdaterService       - Checking for updates
23:39:35.171 [FXGL Background Thread 4 ] DEBUG FXGLApplication      - Loading fonts
23:39:35.172 [FXGL Background Thread 4 ] DEBUG FXGLAssetLoaderServi - Loading from file system: jar:file:/C:/Users/Lenovo/.m2/repository/com/github/almasb/fxgl/21.1/fxgl-21.1.jar!/fxglassets/ui/fonts/VarelaRound-Regular.ttf
23:39:35.173 [FXGL Background Thread 1 ] DEBUG FXGLApplication      - Loading default localization
23:39:35.174 [FXGL Background Thread 1 ] DEBUG FXGLAssetLoaderServi - Loading from file system: jar:file:/C:/Users/Lenovo/.m2/repository/com/github/almasb/fxgl/21.1/fxgl-21.1.jar!/fxglassets/languages/english.lang
23:39:35.200 [FXGL Background Thread 4 ] DEBUG FXGLAssetLoaderServi - Loading from file system: jar:file:/C:/Users/Lenovo/.m2/repository/com/github/almasb/fxgl/21.1/fxgl-21.1.jar!/fxglassets/ui/fonts/Abel-Regular.ttf
23:39:35.200 [FXGL Background Thread 1 ] INFO  FXGLApplication      - FXGL initialization took: 0.420 sec
23:39:35.204 [FXGL Background Thread 4 ] DEBUG FXGLAssetLoaderServi - Loading from file system: jar:file:/C:/Users/Lenovo/.m2/repository/com/github/almasb/fxgl/21.1/fxgl-21.1.jar!/fxglassets/ui/fonts/TerminalLandMono-Regular.otf
23:39:35.207 [FXGL Background Thread 4 ] DEBUG FXGLAssetLoaderServi - Loading from file system: jar:file:/C:/Users/Lenovo/.m2/repository/com/github/almasb/fxgl/21.1/fxgl-21.1.jar!/fxglassets/ui/fonts/Courier-Prime.ttf
23:39:35.211 [JavaFX Application Thread] DEBUG Input                - Registered new binding: Right - D
23:39:35.211 [JavaFX Application Thread] DEBUG Input                - Registered new binding: Left - A
23:39:35.211 [JavaFX Application Thread] DEBUG Input                - Registered new binding: Up - W
23:39:35.211 [JavaFX Application Thread] DEBUG Input                - Registered new binding: Down - S
23:39:35.211 [JavaFX Application Thread] DEBUG Input                - Registered new binding: Interact - E
23:39:35.211 [JavaFX Application Thread] DEBUG FXGLAssetLoaderServi - Loading from file system: jar:file:/C:/Users/Lenovo/.m2/repository/com/github/almasb/fxgl/21.1/fxgl-21.1.jar!/fxglassets/textures/fxgl_icon.png
23:39:35.231 [JavaFX Application Thread] DEBUG FXGLAssetLoaderServi - Loading from file system: jar:file:/C:/Users/Lenovo/.m2/repository/com/github/almasb/fxgl/21.1/fxgl-21.1.jar!/fxglassets/textures/fxgl_default_cursor.png
23:39:35.234 [JavaFX Application Thread] DEBUG Input                - Registered new binding: Screenshot - CTRL+8
23:39:35.234 [JavaFX Application Thread] DEBUG Input                - Registered new binding: Dev Options - 1
23:39:35.235 [JavaFX Application Thread] DEBUG Input                - Registered new binding: Dev Console - 2
23:39:35.236 [JavaFX Application Thread] DEBUG Input                - Registered new binding: System info dump - CTRL+9
23:39:35.236 [JavaFX Application Thread] DEBUG Input                - Registered new binding: Restart - CTRL+R
23:39:35.237 [JavaFX Application Thread] DEBUG Input                - Registered new binding: Toggle Debug Camera - CTRL+7
23:39:35.243 [JavaFX Application Thread] DEBUG LoopRunner           - Starting loop
23:39:35.265 [JavaFX Application Thread] DEBUG LoopRunner           - Initializing JavaFX AnimationTimerLoop
23:39:35.268 [JavaFX Application Thread] DEBUG GameApplicationServi - Starting new game
23:39:35.269 [JavaFX Application Thread] DEBUG Input                - Clearing active input actions
23:39:35.279 [JavaFX Application Thread] DEBUG GameApplicationServi - Removing overlay from FXGLStartupScene and adding to FXGLLoadingScene
23:39:35.284 [JavaFX Application Thread] DEBUG PrimaryStageWindow   - FXGLStartupScene -> FXGLLoadingScene
23:39:35.284 [JavaFX Application Thread] DEBUG GameApplicationServi - Clearing previous game
23:39:35.284 [JavaFX Application Thread] DEBUG GameScene            - Clearing game scene
23:39:35.284 [JavaFX Application Thread] DEBUG GameWorld            - Clearing game world
23:39:35.284 [JavaFX Application Thread] DEBUG PhysicsWorld         - Clearing physics world
23:39:35.286 [FXGL Background Thread 4 ] DEBUG FXGLApplication      - Initializing game
23:39:35.288 [JavaFX Application Thread] DEBUG FXGLApplication      - Registering font factories with UI factory
23:39:35.340 [FXGL Background Thread 4 ] WARN  TMXLevelLoader       - TiledMap generated from 1.11.2. Supported version: 1.9.0. Some features may not be parsed fully.
23:39:35.367 [FXGL Background Thread 4 ] DEBUG TMXLevelLoader       - Parsed TiledMap: file:/C:/Users/Lenovo/ProjectJava3.0/myproject/myproject/target/classes/assets/levels/scene1.tmx
23:39:35.368 [FXGL Background Thread 4 ] DEBUG TMXLevelLoader       - Creating tile layer entities
23:39:35.371 [FXGL Background Thread 4 ] DEBUG TilesetLoader        - Loading view for layer lowefloor
23:39:35.372 [FXGL Background Thread 4 ] DEBUG TilesetLoader        - Created buffer with size 512.0x1024.0
23:39:35.449 [FXGL Background Thread 4 ] DEBUG TilesetLoader        - Loading view for layer cliff
23:39:35.451 [FXGL Background Thread 4 ] DEBUG TilesetLoader        - Created buffer with size 512.0x1024.0
23:39:35.452 [FXGL Background Thread 4 ] DEBUG TilesetLoader        - Loading view for layer cliff1
23:39:35.454 [FXGL Background Thread 4 ] DEBUG TilesetLoader        - Created buffer with size 512.0x1024.0
23:39:35.455 [FXGL Background Thread 4 ] DEBUG TilesetLoader        - Loading view for layer cliff2
23:39:35.455 [FXGL Background Thread 4 ] DEBUG TilesetLoader        - Created buffer with size 512.0x1024.0
23:39:35.459 [FXGL Background Thread 4 ] DEBUG TilesetLoader        - Loading view for layer Tile Layer 3
23:39:35.459 [FXGL Background Thread 4 ] DEBUG TilesetLoader        - Created buffer with size 512.0x1024.0
23:39:35.462 [FXGL Background Thread 4 ] DEBUG TilesetLoader        - Loading view for layer Tile Layer 6
23:39:35.462 [FXGL Background Thread 4 ] DEBUG TilesetLoader        - Created buffer with size 512.0x1024.0
23:39:35.529 [FXGL Background Thread 4 ] DEBUG TilesetLoader        - Loading view for layer prop
23:39:35.530 [FXGL Background Thread 4 ] DEBUG TilesetLoader        - Created buffer with size 512.0x1024.0
23:39:35.531 [FXGL Background Thread 4 ] DEBUG TMXLevelLoader       - Creating object layer entities
23:39:35.573 [FXGL Background Thread 4 ] DEBUG FXGLAssetLoaderServi - Loading from file system: file:/C:/Users/Lenovo/ProjectJava3.0/myproject/myproject/target/classes/assets/textures/Rex.png
23:39:35.579 [FXGL Background Thread 4 ] WARN  TMXLevelLoader       - TiledMap generated from 1.11.2. Supported version: 1.9.0. Some features may not be parsed fully.
23:39:35.593 [FXGL Background Thread 4 ] DEBUG TMXLevelLoader       - Parsed TiledMap: file:/C:/Users/Lenovo/ProjectJava3.0/myproject/myproject/target/classes/assets/levels/scene1.tmx
23:39:35.593 [FXGL Background Thread 4 ] DEBUG TMXLevelLoader       - Creating tile layer entities
23:39:35.594 [FXGL Background Thread 4 ] DEBUG TilesetLoader        - Loading view for layer lowefloor
23:39:35.595 [FXGL Background Thread 4 ] DEBUG TilesetLoader        - Created buffer with size 512.0x1024.0
23:39:35.625 [FXGL Background Thread 4 ] DEBUG TilesetLoader        - Loading view for layer cliff
23:39:35.625 [FXGL Background Thread 4 ] DEBUG TilesetLoader        - Created buffer with size 512.0x1024.0
23:39:35.626 [FXGL Background Thread 4 ] DEBUG TilesetLoader        - Loading view for layer cliff1
23:39:35.627 [FXGL Background Thread 4 ] DEBUG TilesetLoader        - Created buffer with size 512.0x1024.0
23:39:35.627 [FXGL Background Thread 4 ] DEBUG TilesetLoader        - Loading view for layer cliff2
23:39:35.628 [FXGL Background Thread 4 ] DEBUG TilesetLoader        - Created buffer with size 512.0x1024.0
23:39:35.629 [FXGL Background Thread 4 ] DEBUG TilesetLoader        - Loading view for layer Tile Layer 3
23:39:35.630 [FXGL Background Thread 4 ] DEBUG TilesetLoader        - Created buffer with size 512.0x1024.0
23:39:35.630 [FXGL Background Thread 4 ] DEBUG TilesetLoader        - Loading view for layer Tile Layer 6
23:39:35.632 [FXGL Background Thread 4 ] DEBUG TilesetLoader        - Created buffer with size 512.0x1024.0
23:39:35.683 [FXGL Background Thread 4 ] DEBUG TilesetLoader        - Loading view for layer prop
23:39:35.683 [FXGL Background Thread 4 ] DEBUG TilesetLoader        - Created buffer with size 512.0x1024.0
23:39:35.684 [FXGL Background Thread 4 ] DEBUG TMXLevelLoader       - Creating object layer entities
23:39:35.696 [FXGL Background Thread 4 ] DEBUG GameWorld            - Clearing removable entities
23:39:35.697 [FXGL Background Thread 4 ] DEBUG GameWorld            - Setting level: com.almasb.fxgl.entity.level.Level@12af8c82
23:39:35.718 [FXGL Background Thread 4 ] DEBUG FXGLAssetLoaderServi - Loading from file system: file:/C:/Users/Lenovo/ProjectJava3.0/myproject/myproject/target/classes/assets/textures/Actor1.png
23:39:35.732 [FXGL Background Thread 4 ] INFO  FXGLApplication      - Game initialization took: 0.446 sec
23:39:35.733 [JavaFX Application Thread] DEBUG Input                - Clearing active input actions
23:39:35.743 [JavaFX Application Thread] DEBUG GameApplicationServi - Removing overlay from FXGLLoadingScene and adding to GameScene
23:39:35.746 [JavaFX Application Thread] DEBUG PrimaryStageWindow   - FXGLLoadingScene -> GameScene
23:39:38.171 [FXGL Background Thread 3 ] DEBUG Engine               - Logging environment variables
23:39:38.171 [FXGL Background Thread 3 ] DEBUG Engine               - achievements: []
23:39:38.171 [FXGL Background Thread 3 ] DEBUG Engine               - actualHeight: 864.0
23:39:38.172 [FXGL Background Thread 3 ] DEBUG Engine               - actualHeightProperty: ReadOnlyDoubleProperty [value: 864.0]
23:39:38.172 [FXGL Background Thread 3 ] DEBUG Engine               - actualWidth: 1536.0
23:39:38.172 [FXGL Background Thread 3 ] DEBUG Engine               - actualWidthProperty: ReadOnlyDoubleProperty [value: 1536.0]
23:39:38.172 [FXGL Background Thread 3 ] DEBUG Engine               - appIcon: fxgl_icon.png
23:39:38.172 [FXGL Background Thread 3 ] DEBUG Engine               - applicationMode: DEVELOPER
23:39:38.172 [FXGL Background Thread 3 ] DEBUG Engine               - cSSList: [fxgl_dark.css]
23:39:38.172 [FXGL Background Thread 3 ] DEBUG Engine               - collisionDetectionStrategy: BRUTE_FORCE
23:39:38.172 [FXGL Background Thread 3 ] DEBUG Engine               - configClass: Optional.empty
23:39:38.172 [FXGL Background Thread 3 ] DEBUG Engine               - credits: []
23:39:38.173 [FXGL Background Thread 3 ] DEBUG Engine               - defaultCursor: CursorInfo(imageName=fxgl_default_cursor.png, hotspotX=7.0, hotspotY=6.0)
23:39:38.173 [FXGL Background Thread 3 ] DEBUG Engine               - devBBoxColorProperty: ObjectProperty [value: 0xff0000ff]
23:39:38.173 [FXGL Background Thread 3 ] DEBUG Engine               - devEnableDebugCameraProperty: BooleanProperty [value: false]
23:39:38.173 [FXGL Background Thread 3 ] DEBUG Engine               - devSensorColorProperty: ObjectProperty [value: 0xffff00ff]
23:39:38.173 [FXGL Background Thread 3 ] DEBUG Engine               - devShowBBoxProperty: BooleanProperty [value: false]
23:39:38.173 [FXGL Background Thread 3 ] DEBUG Engine               - devShowPositionProperty: BooleanProperty [value: false]
23:39:38.173 [FXGL Background Thread 3 ] DEBUG Engine               - enabledMenuItems: []
23:39:38.173 [FXGL Background Thread 3 ] DEBUG Engine               - engineServices: [class com.almasb.fxgl.app.services.FXGLAssetLoaderService, class com.almasb.fxgl.app.FXGLApplication$GameApplicationService, class com.almasb.fxgl.app.services.FXGLDialogService, class com.almasb.fxgl.app.services.IOTaskExecutorService, class com.almasb.fxgl.io.FileSystemService, class com.almasb.fxgl.localization.LocalizationService, class com.almasb.fxgl.app.services.SystemBundleService, class com.almasb.fxgl.profile.SaveLoadService, class com.almasb.fxgl.ui.FXGLUIFactoryServiceProvider, class com.almasb.fxgl.ui.FXGLDialogFactoryServiceProvider, class com.almasb.fxgl.audio.AudioPlayer, class com.almasb.fxgl.notification.impl.NotificationServiceProvider, class com.almasb.fxgl.achievement.AchievementService, class com.almasb.fxgl.cutscene.CutsceneService, class com.almasb.fxgl.minigames.MiniGameService, class com.almasb.fxgl.net.NetService, class com.almasb.fxgl.app.services.UpdaterService, class com.almasb.fxgl.dev.DevService]
23:39:38.173 [FXGL Background Thread 3 ] DEBUG Engine               - fontGame: Abel-Regular.ttf
23:39:38.174 [FXGL Background Thread 3 ] DEBUG Engine               - fontMono: TerminalLandMono-Regular.otf
23:39:38.174 [FXGL Background Thread 3 ] DEBUG Engine               - fontSizeScaleUI: 1.0
23:39:38.174 [FXGL Background Thread 3 ] DEBUG Engine               - fontText: Courier-Prime.ttf
23:39:38.174 [FXGL Background Thread 3 ] DEBUG Engine               - fontUI: VarelaRound-Regular.ttf
23:39:38.174 [FXGL Background Thread 3 ] DEBUG Engine               - fullScreen: BooleanProperty [value: true]
23:39:38.174 [FXGL Background Thread 3 ] DEBUG Engine               - gameDifficulty: MEDIUM
23:39:38.174 [FXGL Background Thread 3 ] DEBUG Engine               - gameDifficultyProperty: ObjectProperty [value: MEDIUM]
23:39:38.174 [FXGL Background Thread 3 ] DEBUG Engine               - globalMusicVolume: 0.5
23:39:38.174 [FXGL Background Thread 3 ] DEBUG Engine               - globalMusicVolumeProperty: DoubleProperty [value: 0.5]
23:39:38.174 [FXGL Background Thread 3 ] DEBUG Engine               - globalSoundVolume: 0.5
23:39:38.174 [FXGL Background Thread 3 ] DEBUG Engine               - globalSoundVolumeProperty: DoubleProperty [value: 0.5]
23:39:38.174 [FXGL Background Thread 3 ] DEBUG Engine               - height: 720
23:39:38.174 [FXGL Background Thread 3 ] DEBUG Engine               - is3D: false
23:39:38.174 [FXGL Background Thread 3 ] DEBUG Engine               - isAndroid: false
23:39:38.174 [FXGL Background Thread 3 ] DEBUG Engine               - isBrowser: false
23:39:38.174 [FXGL Background Thread 3 ] DEBUG Engine               - isClickFeedbackEnabled: false
23:39:38.174 [FXGL Background Thread 3 ] DEBUG Engine               - isCloseConfirmation: false
23:39:38.174 [FXGL Background Thread 3 ] DEBUG Engine               - isDesktop: true
23:39:38.174 [FXGL Background Thread 3 ] DEBUG Engine               - isDeveloperMenuEnabled: true
23:39:38.175 [FXGL Background Thread 3 ] DEBUG Engine               - isEmbedded: false
23:39:38.175 [FXGL Background Thread 3 ] DEBUG Engine               - isEntityPreloadEnabled: true
23:39:38.175 [FXGL Background Thread 3 ] DEBUG Engine               - isExperimentalTiledLargeMap: false
23:39:38.175 [FXGL Background Thread 3 ] DEBUG Engine               - isFileSystemWriteAllowed: true
23:39:38.175 [FXGL Background Thread 3 ] DEBUG Engine               - isFullScreenAllowed: true
23:39:38.175 [FXGL Background Thread 3 ] DEBUG Engine               - isFullScreenFromStart: true
23:39:38.175 [FXGL Background Thread 3 ] DEBUG Engine               - isGameMenuEnabled: true
23:39:38.175 [FXGL Background Thread 3 ] DEBUG Engine               - isIOS: false
23:39:38.175 [FXGL Background Thread 3 ] DEBUG Engine               - isIntroEnabled: false
23:39:38.175 [FXGL Background Thread 3 ] DEBUG Engine               - isLinux: false
23:39:38.175 [FXGL Background Thread 3 ] DEBUG Engine               - isMac: false
23:39:38.175 [FXGL Background Thread 3 ] DEBUG Engine               - isMainMenuEnabled: false
23:39:38.175 [FXGL Background Thread 3 ] DEBUG Engine               - isManualResizeEnabled: false
23:39:38.175 [FXGL Background Thread 3 ] DEBUG Engine               - isMobile: false
23:39:38.175 [FXGL Background Thread 3 ] DEBUG Engine               - isNative: false
23:39:38.175 [FXGL Background Thread 3 ] DEBUG Engine               - isPauseMusicWhenMinimized: true
23:39:38.175 [FXGL Background Thread 3 ] DEBUG Engine               - isPreserveResizeRatio: false
23:39:38.175 [FXGL Background Thread 3 ] DEBUG Engine               - isProfilingEnabled: false
23:39:38.175 [FXGL Background Thread 3 ] DEBUG Engine               - isScaleAffectedOnResize: true
23:39:38.175 [FXGL Background Thread 3 ] DEBUG Engine               - isSingleStep: false
23:39:38.175 [FXGL Background Thread 3 ] DEBUG Engine               - isUserProfileEnabled: false
23:39:38.175 [FXGL Background Thread 3 ] DEBUG Engine               - isWindows: true
23:39:38.175 [FXGL Background Thread 3 ] DEBUG Engine               - language: ObjectProperty [value: ENGLISH]
23:39:38.175 [FXGL Background Thread 3 ] DEBUG Engine               - menuKey: ESCAPE
23:39:38.175 [FXGL Background Thread 3 ] DEBUG Engine               - mouseSensitivity: 0.2
23:39:38.176 [FXGL Background Thread 3 ] DEBUG Engine               - notificationViewClass: class com.almasb.fxgl.notification.view.XboxNotificationView
23:39:38.176 [FXGL Background Thread 3 ] DEBUG Engine               - pixelsPerMeter: 50.0
23:39:38.176 [FXGL Background Thread 3 ] DEBUG Engine               - platform: WINDOWS
23:39:38.176 [FXGL Background Thread 3 ] DEBUG Engine               - prefHeightProperty: ReadOnlyDoubleProperty [value: 720.0]
23:39:38.176 [FXGL Background Thread 3 ] DEBUG Engine               - prefWidthProperty: ReadOnlyDoubleProperty [value: 1280.0]
23:39:38.176 [FXGL Background Thread 3 ] DEBUG Engine               - profileDir: profiles/
23:39:38.176 [FXGL Background Thread 3 ] DEBUG Engine               - profileName: StringProperty [value: DEFAULT]
23:39:38.176 [FXGL Background Thread 3 ] DEBUG Engine               - randomSeed: -1
23:39:38.176 [FXGL Background Thread 3 ] DEBUG Engine               - runtimeInfo: RuntimeInfo(platform=WINDOWS, version=21.1, build=27.03.2024 07.52)
23:39:38.176 [FXGL Background Thread 3 ] DEBUG Engine               - saveFileExt: sav
23:39:38.176 [FXGL Background Thread 3 ] DEBUG Engine               - scaledHeightProp$fxgl: DoubleProperty [bound, value: 864.0]
23:39:38.176 [FXGL Background Thread 3 ] DEBUG Engine               - scaledWidthProp$fxgl: DoubleProperty [bound, value: 1536.0]
23:39:38.176 [FXGL Background Thread 3 ] DEBUG Engine               - sceneFactory: com.almasb.fxgl.app.scene.SceneFactory@5f309d0f
23:39:38.176 [FXGL Background Thread 3 ] DEBUG Engine               - secondsIn24h: 60
23:39:38.176 [FXGL Background Thread 3 ] DEBUG Engine               - soundMenuBack: menu/back.wav
23:39:38.176 [FXGL Background Thread 3 ] DEBUG Engine               - soundMenuPress: menu/press.wav
23:39:38.176 [FXGL Background Thread 3 ] DEBUG Engine               - soundMenuSelect: menu/select.wav
23:39:38.176 [FXGL Background Thread 3 ] DEBUG Engine               - soundNotification: core/notification.wav
23:39:38.176 [FXGL Background Thread 3 ] DEBUG Engine               - stageStyle: DECORATED
23:39:38.176 [FXGL Background Thread 3 ] DEBUG Engine               - supportedLanguages: [ENGLISH, FRENCH, GERMAN, HUNGARIAN, RUSSIAN]
23:39:38.176 [FXGL Background Thread 3 ] DEBUG Engine               - ticksPerSecond: -1
23:39:38.176 [FXGL Background Thread 3 ] DEBUG Engine               - title: Final Journey
23:39:38.177 [FXGL Background Thread 3 ] DEBUG Engine               - urlGithub: https://github.com/AlmasB/FXGL
23:39:38.177 [FXGL Background Thread 3 ] DEBUG Engine               - urlLeaderboard: http://fxgl-top.herokuapp.com/
23:39:38.177 [FXGL Background Thread 3 ] DEBUG Engine               - urlPOM: https://raw.githubusercontent.com/AlmasB/FXGL/release/README.md
23:39:38.177 [FXGL Background Thread 3 ] DEBUG Engine               - userAppClass: class com.project.App
23:39:38.177 [FXGL Background Thread 3 ] DEBUG Engine               - version: Alpha
23:39:38.177 [FXGL Background Thread 3 ] DEBUG Engine               - versionCheckDays: 7
23:39:38.177 [FXGL Background Thread 3 ] DEBUG Engine               - width: 1280
23:39:38.177 [FXGL Background Thread 3 ] DEBUG Engine               - Logging services
23:39:38.177 [FXGL Background Thread 3 ] DEBUG Engine               - class com.almasb.fxgl.app.services.FXGLAssetLoaderService
23:39:38.177 [FXGL Background Thread 3 ] DEBUG Engine               - class com.almasb.fxgl.app.FXGLApplication$GameApplicationService
23:39:38.177 [FXGL Background Thread 3 ] DEBUG Engine               - class com.almasb.fxgl.app.services.FXGLDialogService
23:39:38.177 [FXGL Background Thread 3 ] DEBUG Engine               - class com.almasb.fxgl.app.services.IOTaskExecutorService
23:39:38.177 [FXGL Background Thread 3 ] DEBUG Engine               - class com.almasb.fxgl.io.FileSystemService
23:39:38.177 [FXGL Background Thread 3 ] DEBUG Engine               - class com.almasb.fxgl.localization.LocalizationService
23:39:38.177 [FXGL Background Thread 3 ] DEBUG Engine               - class com.almasb.fxgl.app.services.SystemBundleService
23:39:38.177 [FXGL Background Thread 3 ] DEBUG Engine               - class com.almasb.fxgl.profile.SaveLoadService
23:39:38.177 [FXGL Background Thread 3 ] DEBUG Engine               - class com.almasb.fxgl.ui.FXGLUIFactoryServiceProvider
23:39:38.177 [FXGL Background Thread 3 ] DEBUG Engine               - class com.almasb.fxgl.ui.FXGLDialogFactoryServiceProvider
23:39:38.177 [FXGL Background Thread 3 ] DEBUG Engine               - class com.almasb.fxgl.audio.AudioPlayer
23:39:38.177 [FXGL Background Thread 3 ] DEBUG Engine               - class com.almasb.fxgl.notification.impl.NotificationServiceProvider
23:39:38.177 [FXGL Background Thread 3 ] DEBUG Engine               - class com.almasb.fxgl.achievement.AchievementService
23:39:38.177 [FXGL Background Thread 3 ] DEBUG Engine               - class com.almasb.fxgl.cutscene.CutsceneService
23:39:38.177 [FXGL Background Thread 3 ] DEBUG Engine               - class com.almasb.fxgl.minigames.MiniGameService
23:39:38.177 [FXGL Background Thread 3 ] DEBUG Engine               - class com.almasb.fxgl.net.NetService
23:39:38.177 [FXGL Background Thread 3 ] DEBUG Engine               - class com.almasb.fxgl.app.services.UpdaterService
23:39:38.177 [FXGL Background Thread 3 ] DEBUG Engine               - class com.almasb.fxgl.dev.DevService
23:39:39.915 [JavaFX Application Thread] DEBUG FXGLAssetLoaderServi - Loading from file system: file:/C:/Users/Lenovo/ProjectJava3.0/myproject/myproject/target/classes/assets/text/filetext.txt
23:39:39.917 [JavaFX Application Thread] DEBUG EventBus             - Firing event: com.GameEvent.CombatScene[source=javafx.event.Event$$Lambda/0x000001a09f1729c0@364f19a7]
23:39:39.920 [JavaFX Application Thread] WARN  TMXLevelLoader       - TiledMap generated from 1.11.2. Supported version: 1.9.0. Some features may not be parsed fully.
23:39:39.924 [JavaFX Application Thread] DEBUG TMXLevelLoader       - Parsed TiledMap: file:/C:/Users/Lenovo/ProjectJava3.0/myproject/myproject/target/classes/assets/levels/battle1.tmx
23:39:39.924 [JavaFX Application Thread] DEBUG TMXLevelLoader       - Creating tile layer entities
23:39:39.925 [JavaFX Application Thread] DEBUG TilesetLoader        - Loading view for layer Tile Layer 1
23:39:39.928 [JavaFX Application Thread] DEBUG TilesetLoader        - Created buffer with size 2048.0x1024.0
23:39:40.023 [JavaFX Application Thread] DEBUG TMXLevelLoader       - Creating object layer entities
23:39:40.027 [JavaFX Application Thread] DEBUG FXGLAssetLoaderServi - Loading from file system: file:/C:/Users/Lenovo/ProjectJava3.0/myproject/myproject/target/classes/assets/textures/Rex.png
23:39:40.036 [JavaFX Application Thread] DEBUG FXGLAssetLoaderServi - Loading from file system: file:/C:/Users/Lenovo/ProjectJava3.0/myproject/myproject/target/classes/assets/textures/Reid.png
23:39:40.093 [JavaFX Application Thread] DEBUG FXGLAssetLoaderServi - Loading from file system: file:/C:/Users/Lenovo/ProjectJava3.0/myproject/myproject/target/classes/assets/textures/marsha.png
23:39:40.145 [JavaFX Application Thread] DEBUG GameWorld            - Clearing removable entities
23:39:40.152 [JavaFX Application Thread] DEBUG GameWorld            - Setting level: com.almasb.fxgl.entity.level.Level@21efd4d0
23:39:40.157 [JavaFX Application Thread] WARN  TMXLevelLoader       - TiledMap generated from 1.11.2. Supported version: 1.9.0. Some features may not be parsed fully.
23:39:40.170 [JavaFX Application Thread] DEBUG TMXLevelLoader       - Parsed TiledMap: file:/C:/Users/Lenovo/ProjectJava3.0/myproject/myproject/target/classes/assets/levels/battle1.tmx
23:39:40.170 [JavaFX Application Thread] DEBUG TMXLevelLoader       - Creating tile layer entities
23:39:40.171 [JavaFX Application Thread] DEBUG TilesetLoader        - Loading view for layer Tile Layer 1
23:39:40.172 [JavaFX Application Thread] DEBUG TilesetLoader        - Created buffer with size 2048.0x1024.0
23:39:40.254 [JavaFX Application Thread] DEBUG TMXLevelLoader       - Creating object layer entities
23:39:46.918 [JavaFX Application Thread] DEBUG LoopRunner           - Stopping loop
23:39:46.920 [JavaFX Application Thread] FATAL FXGLApplication      - Uncaught Exception:
java.lang.IllegalArgumentException: Component DamageHeroComponent not found!
	at com.almasb.fxgl.entity.Entity.getComponent(Entity.java:366)
	at com.Combat.OrderCombat.attack(OrderCombat.java:75)
	at com.UI.ActionButtonUI.lambda$1(ActionButtonUI.java:60)
	at com.sun.javafx.event.CompositeEventHandler.dispatchBubblingEvent(CompositeEventHandler.java:86)
	at com.sun.javafx.event.EventHandlerManager.dispatchBubblingEvent(EventHandlerManager.java:232)
	at com.sun.javafx.event.EventHandlerManager.dispatchBubblingEvent(EventHandlerManager.java:189)
	at com.sun.javafx.event.CompositeEventDispatcher.dispatchBubblingEvent(CompositeEventDispatcher.java:59)
	at com.sun.javafx.event.BasicEventDispatcher.dispatchEvent(BasicEventDispatcher.java:58)
	at com.sun.javafx.event.EventDispatchChainImpl.dispatchEvent(EventDispatchChainImpl.java:114)
	at com.sun.javafx.event.BasicEventDispatcher.dispatchEvent(BasicEventDispatcher.java:56)
	at com.sun.javafx.event.EventDispatchChainImpl.dispatchEvent(EventDispatchChainImpl.java:114)
	at com.sun.javafx.event.BasicEventDispatcher.dispatchEvent(BasicEventDispatcher.java:56)
	at com.sun.javafx.event.EventDispatchChainImpl.dispatchEvent(EventDispatchChainImpl.java:114)
	at com.sun.javafx.event.EventUtil.fireEventImpl(EventUtil.java:74)
	at com.sun.javafx.event.EventUtil.fireEvent(EventUtil.java:49)
	at javafx.event.Event.fireEvent(Event.java:198)
	at javafx.scene.Node.fireEvent(Node.java:8875)
	at javafx.scene.control.Button.fire(Button.java:203)
	at com.sun.javafx.scene.control.behavior.ButtonBehavior.mouseReleased(ButtonBehavior.java:207)
	at com.sun.javafx.scene.control.inputmap.InputMap.handle(InputMap.java:274)
	at com.sun.javafx.event.CompositeEventHandler$NormalEventHandlerRecord.handleBubblingEvent(CompositeEventHandler.java:247)
	at com.sun.javafx.event.CompositeEventHandler.dispatchBubblingEvent(CompositeEventHandler.java:80)
	at com.sun.javafx.event.EventHandlerManager.dispatchBubblingEvent(EventHandlerManager.java:232)
	at com.sun.javafx.event.EventHandlerManager.dispatchBubblingEvent(EventHandlerManager.java:189)
	at com.sun.javafx.event.CompositeEventDispatcher.dispatchBubblingEvent(CompositeEventDispatcher.java:59)
	at com.sun.javafx.event.BasicEventDispatcher.dispatchEvent(BasicEventDispatcher.java:58)
	at com.sun.javafx.event.EventDispatchChainImpl.dispatchEvent(EventDispatchChainImpl.java:114)
	at com.sun.javafx.event.BasicEventDispatcher.dispatchEvent(BasicEventDispatcher.java:56)
	at com.sun.javafx.event.EventDispatchChainImpl.dispatchEvent(EventDispatchChainImpl.java:114)
	at com.sun.javafx.event.BasicEventDispatcher.dispatchEvent(BasicEventDispatcher.java:56)
	at com.sun.javafx.event.EventDispatchChainImpl.dispatchEvent(EventDispatchChainImpl.java:114)
	at com.sun.javafx.event.EventUtil.fireEventImpl(EventUtil.java:74)
	at com.sun.javafx.event.EventUtil.fireEvent(EventUtil.java:54)
	at javafx.event.Event.fireEvent(Event.java:198)
	at javafx.scene.Scene$MouseHandler.process(Scene.java:3984)
	at javafx.scene.Scene.processMouseEvent(Scene.java:1890)
	at javafx.scene.Scene$ScenePeerListener.mouseEvent(Scene.java:2708)
	at com.sun.javafx.tk.quantum.GlassViewEventHandler$MouseEventNotification.run(GlassViewEventHandler.java:411)
	at com.sun.javafx.tk.quantum.GlassViewEventHandler$MouseEventNotification.run(GlassViewEventHandler.java:301)
	at java.base/java.security.AccessController.doPrivileged(AccessController.java:400)
	at com.sun.javafx.tk.quantum.GlassViewEventHandler.lambda$handleMouseEvent$2(GlassViewEventHandler.java:450)
	at com.sun.javafx.tk.quantum.QuantumToolkit.runWithoutRenderLock(QuantumToolkit.java:424)
	at com.sun.javafx.tk.quantum.GlassViewEventHandler.handleMouseEvent(GlassViewEventHandler.java:449)
	at com.sun.glass.ui.View.handleMouseEvent(View.java:551)
	at com.sun.glass.ui.View.notifyMouse(View.java:937)
	at com.sun.glass.ui.win.WinApplication._runLoop(Native Method)
	at com.sun.glass.ui.win.WinApplication.lambda$runLoop$3(WinApplication.java:185)
	at java.base/java.lang.Thread.run(Thread.java:1583)

23:39:46.921 [JavaFX Application Thread] FATAL FXGLApplication      - Application will now exit
23:39:46.928 [JavaFX Application Thread] DEBUG PrimaryStageWindow   - Push state: ErrorSubScene
23:39:46.928 [JavaFX Application Thread] DEBUG Input                - Clearing active input actions
23:39:46.929 [JavaFX Application Thread] DEBUG GameApplicationServi - Removing overlay from GameScene and adding to ErrorSubScene
23:39:46.929 [JavaFX Application Thread] DEBUG PrimaryStageWindow   - GameScene -> ErrorSubScene
23:40:16.341 [JavaFX Application Thread] DEBUG FXGLApplication      - Exiting FXGL
23:40:16.342 [JavaFX Application Thread] DEBUG Async                - Shutting down background threads
23:40:16.342 [JavaFX Application Thread] DEBUG PrimaryStageWindow   - Closing main window
23:40:16.387 [JavaFX Application Thread] DEBUG Logger               - Closing Logger
