16:05:15.676 [main                     ] DEBUG Logger               - Configured Logger
16:05:15.694 [main                     ] DEBUG GameApplication      - Logging settings
Title: Final Journey
Version: Alpha
Width: 1280
Height: 720
Fullscreen: true
Intro: false
Profiling: false
Single step:false
App Mode: DEVELOPER
Menu Key: ESCAPE
Stage Style: DECORATED
Scene Factory: class com.almasb.fxgl.app.scene.SceneFactory

16:05:16.167 [JavaFX Application Thread] DEBUG FXGLApplication      - Initializing FXGL
16:05:16.171 [JavaFX Application Thread] INFO  Engine               - FXGL-21.1 (27.03.2024 07.52) on WINDOWS (J:21.0.5 FX:21.0.1)
16:05:16.172 [JavaFX Application Thread] DEBUG Engine               - JRE Vendor Name: Eclipse Adoptium
16:05:16.173 [JavaFX Application Thread] DEBUG Engine               - Running on OS: Windows 11 version 10.0
16:05:16.173 [JavaFX Application Thread] DEBUG Engine               - Architecture: amd64
16:05:16.173 [JavaFX Application Thread] INFO  Engine               - Source code and latest versions at: https://github.com/AlmasB/FXGL
16:05:16.173 [JavaFX Application Thread] INFO  Engine               -       Ask questions and discuss at: https://github.com/AlmasB/FXGL/discussions
16:05:16.173 [JavaFX Application Thread] INFO  Engine               -              Join the FXGL chat at: https://gitter.im/AlmasB/FXGL
16:05:16.266 [JavaFX Application Thread] DEBUG PrimaryStageWindow   - Creating a JavaFX scene
16:05:16.309 [JavaFX Application Thread] DEBUG PrimaryStageWindow   - Target settings size: 1280.0 x 720.0
16:05:16.309 [JavaFX Application Thread] DEBUG PrimaryStageWindow   - Scaled scene size:    1280.0 x 720.0
16:05:16.309 [JavaFX Application Thread] DEBUG PrimaryStageWindow   - Scaled ratio: (1.0, 1.0)
16:05:16.311 [JavaFX Application Thread] DEBUG PrimaryStageWindow   - Set initial scene to FXGLStartupScene
16:05:16.315 [JavaFX Application Thread] DEBUG PrimaryStageWindow   - Opening main window
16:05:16.390 [JavaFX Application Thread] DEBUG PrimaryStageWindow   - Window border size: (14.4000244140625, 37.5999755859375)
16:05:16.390 [JavaFX Application Thread] DEBUG PrimaryStageWindow   - Scaled size: 1280.0 x 720.0
16:05:16.390 [JavaFX Application Thread] DEBUG PrimaryStageWindow   - Scaled ratio: (1.0, 1.0)
16:05:16.390 [JavaFX Application Thread] DEBUG PrimaryStageWindow   - Scene size: 1280.0 x 720.0
16:05:16.391 [JavaFX Application Thread] DEBUG PrimaryStageWindow   - Stage size: 1294.4000244140625 x 757.5999755859375
16:05:16.451 [JavaFX Application Thread] DEBUG PrimaryStageWindow   - Going fullscreen
16:05:16.460 [FXGL Background Thread 1 ] DEBUG Engine               - Initializing environment variables
16:05:16.511 [FXGL Background Thread 1 ] DEBUG FXGLAssetLoaderServi - User app class for loading assets: class com.project.App
16:05:16.511 [FXGL Background Thread 1 ] DEBUG GameApplicationServi - Applying CSS: fxgl_dark.css
16:05:16.512 [FXGL Background Thread 1 ] DEBUG FXGLAssetLoaderServi - Loading from file system: jar:file:/C:/Users/Lenovo/.m2/repository/com/github/almasb/fxgl/21.1/fxgl-21.1.jar!/fxglassets/ui/css/fxgl_dark.css
16:05:16.547 [FXGL Background Thread 1 ] DEBUG GameApplicationServi - Initializing application scenes
16:05:16.594 [FXGL Background Thread 1 ] DEBUG GameWorld            - Game world initialized
16:05:16.648 [FXGL Background Thread 1 ] DEBUG PhysicsWorld         - Physics world initialized: appHeight=720, physics.ppm=50.0
16:05:16.648 [FXGL Background Thread 1 ] DEBUG PhysicsWorld         - Using strategy: BRUTE_FORCE
16:05:16.651 [FXGL Background Thread 1 ] DEBUG GameScene            - Game scene initialized: 1280x720
16:05:16.662 [FXGL Background Thread 1 ] DEBUG FXGL.DefaultMenu     - createMenuBodyGameMenu()
16:05:16.673 [FXGL Background Thread 1 ] DEBUG FXGL.DefaultMenu     - createOptionsMenu()
16:05:16.680 [FXGL Background Thread 1 ] DEBUG FXGLAssetLoaderServi - Loading from file system: jar:file:/C:/Users/Lenovo/.m2/repository/com/github/almasb/fxgl/21.1/fxgl-21.1.jar!/fxglassets/textures/particles/smoke.png
16:05:16.764 [FXGL Background Thread 1 ] DEBUG FXGLAssetLoaderServi - Loading from file system: jar:file:/C:/Users/Lenovo/.m2/repository/com/github/almasb/fxgl/21.1/fxgl-21.1.jar!/fxglassets/textures/particles/trace_horizontal.png
16:05:16.783 [FXGL Background Thread 1 ] DEBUG GameApplicationServi - Application scenes initialized
16:05:16.794 [FXGL Background Thread 1 ] DEBUG SystemBundleService  - Loading FXGL system data
16:05:16.798 [FXGL Background Thread 1 ] DEBUG FileSystemAccess     - Reading from: C:\Users\Lenovo\projectjava\myproject\myproject\system\fxgl.bundle
16:05:16.806 [FXGL Background Thread 1 ] DEBUG SystemBundleService  - Bundle FXGL: {}
16:05:16.806 [FXGL Background Thread 1 ] DEBUG UpdaterService       - Checking for updates
16:05:16.832 [FXGL Background Thread 4 ] DEBUG FXGLApplication      - Loading fonts
16:05:16.832 [FXGL Background Thread 4 ] DEBUG FXGLAssetLoaderServi - Loading from file system: jar:file:/C:/Users/Lenovo/.m2/repository/com/github/almasb/fxgl/21.1/fxgl-21.1.jar!/fxglassets/ui/fonts/VarelaRound-Regular.ttf
16:05:16.833 [FXGL Background Thread 1 ] DEBUG FXGLApplication      - Loading default localization
16:05:16.833 [FXGL Background Thread 1 ] DEBUG FXGLAssetLoaderServi - Loading from file system: jar:file:/C:/Users/Lenovo/.m2/repository/com/github/almasb/fxgl/21.1/fxgl-21.1.jar!/fxglassets/languages/english.lang
16:05:16.861 [FXGL Background Thread 1 ] INFO  FXGLApplication      - FXGL initialization took: 0.401 sec
16:05:16.868 [FXGL Background Thread 4 ] DEBUG FXGLAssetLoaderServi - Loading from file system: jar:file:/C:/Users/Lenovo/.m2/repository/com/github/almasb/fxgl/21.1/fxgl-21.1.jar!/fxglassets/ui/fonts/Abel-Regular.ttf
16:05:16.873 [JavaFX Application Thread] DEBUG Input                - Registered new binding: Right - D
16:05:16.873 [JavaFX Application Thread] DEBUG Input                - Registered new binding: Left - A
16:05:16.873 [JavaFX Application Thread] DEBUG Input                - Registered new binding: Up - W
16:05:16.873 [JavaFX Application Thread] DEBUG Input                - Registered new binding: Down - S
16:05:16.874 [JavaFX Application Thread] DEBUG Input                - Registered new binding: Interact - E
16:05:16.874 [FXGL Background Thread 4 ] DEBUG FXGLAssetLoaderServi - Loading from file system: jar:file:/C:/Users/Lenovo/.m2/repository/com/github/almasb/fxgl/21.1/fxgl-21.1.jar!/fxglassets/ui/fonts/TerminalLandMono-Regular.otf
16:05:16.874 [JavaFX Application Thread] DEBUG FXGLAssetLoaderServi - Loading from file system: jar:file:/C:/Users/Lenovo/.m2/repository/com/github/almasb/fxgl/21.1/fxgl-21.1.jar!/fxglassets/textures/fxgl_icon.png
16:05:16.880 [FXGL Background Thread 4 ] DEBUG FXGLAssetLoaderServi - Loading from file system: jar:file:/C:/Users/Lenovo/.m2/repository/com/github/almasb/fxgl/21.1/fxgl-21.1.jar!/fxglassets/ui/fonts/Courier-Prime.ttf
16:05:16.895 [JavaFX Application Thread] DEBUG FXGLAssetLoaderServi - Loading from file system: jar:file:/C:/Users/Lenovo/.m2/repository/com/github/almasb/fxgl/21.1/fxgl-21.1.jar!/fxglassets/textures/fxgl_default_cursor.png
16:05:16.898 [JavaFX Application Thread] DEBUG Input                - Registered new binding: Screenshot - CTRL+8
16:05:16.898 [JavaFX Application Thread] DEBUG Input                - Registered new binding: Dev Options - 1
16:05:16.899 [JavaFX Application Thread] DEBUG Input                - Registered new binding: Dev Console - 2
16:05:16.900 [JavaFX Application Thread] DEBUG Input                - Registered new binding: System info dump - CTRL+9
16:05:16.900 [JavaFX Application Thread] DEBUG Input                - Registered new binding: Restart - CTRL+R
16:05:16.901 [JavaFX Application Thread] DEBUG Input                - Registered new binding: Toggle Debug Camera - CTRL+7
16:05:16.908 [JavaFX Application Thread] DEBUG LoopRunner           - Starting loop
16:05:16.925 [JavaFX Application Thread] DEBUG LoopRunner           - Initializing JavaFX AnimationTimerLoop
16:05:16.928 [JavaFX Application Thread] DEBUG GameApplicationServi - Starting new game
16:05:16.929 [JavaFX Application Thread] DEBUG Input                - Clearing active input actions
16:05:16.941 [JavaFX Application Thread] DEBUG GameApplicationServi - Removing overlay from FXGLStartupScene and adding to FXGLLoadingScene
16:05:16.944 [JavaFX Application Thread] DEBUG PrimaryStageWindow   - FXGLStartupScene -> FXGLLoadingScene
16:05:16.944 [JavaFX Application Thread] DEBUG GameApplicationServi - Clearing previous game
16:05:16.944 [JavaFX Application Thread] DEBUG GameScene            - Clearing game scene
16:05:16.944 [JavaFX Application Thread] DEBUG GameWorld            - Clearing game world
16:05:16.944 [JavaFX Application Thread] DEBUG PhysicsWorld         - Clearing physics world
16:05:16.945 [FXGL Background Thread 4 ] DEBUG FXGLApplication      - Initializing game
16:05:16.945 [JavaFX Application Thread] DEBUG FXGLApplication      - Registering font factories with UI factory
16:05:16.989 [FXGL Background Thread 4 ] WARN  TMXLevelLoader       - TiledMap generated from 1.11.0. Supported version: 1.9.0. Some features may not be parsed fully.
16:05:17.015 [FXGL Background Thread 4 ] DEBUG TMXLevelLoader       - Parsed TiledMap: file:/C:/Users/Lenovo/projectjava/myproject/myproject/target/classes/assets/levels/scene1.tmx
16:05:17.018 [FXGL Background Thread 4 ] DEBUG TMXLevelLoader       - Creating tile layer entities
16:05:17.019 [FXGL Background Thread 4 ] DEBUG TilesetLoader        - Loading view for layer lowefloor
16:05:17.020 [FXGL Background Thread 4 ] DEBUG TilesetLoader        - Created buffer with size 512.0x1024.0
16:05:17.082 [FXGL Background Thread 4 ] DEBUG TilesetLoader        - Loading view for layer cliff
16:05:17.083 [FXGL Background Thread 4 ] DEBUG TilesetLoader        - Created buffer with size 512.0x1024.0
16:05:17.084 [FXGL Background Thread 4 ] DEBUG TilesetLoader        - Loading view for layer cliff1
16:05:17.084 [FXGL Background Thread 4 ] DEBUG TilesetLoader        - Created buffer with size 512.0x1024.0
16:05:17.085 [FXGL Background Thread 4 ] DEBUG TilesetLoader        - Loading view for layer cliff2
16:05:17.085 [FXGL Background Thread 4 ] DEBUG TilesetLoader        - Created buffer with size 512.0x1024.0
16:05:17.086 [FXGL Background Thread 4 ] DEBUG TilesetLoader        - Loading view for layer Tile Layer 3
16:05:17.087 [FXGL Background Thread 4 ] DEBUG TilesetLoader        - Created buffer with size 512.0x1024.0
16:05:17.087 [FXGL Background Thread 4 ] DEBUG TilesetLoader        - Loading view for layer Tile Layer 6
16:05:17.088 [FXGL Background Thread 4 ] DEBUG TilesetLoader        - Created buffer with size 512.0x1024.0
16:05:17.142 [FXGL Background Thread 4 ] DEBUG TilesetLoader        - Loading view for layer prop
16:05:17.144 [FXGL Background Thread 4 ] DEBUG TilesetLoader        - Created buffer with size 512.0x1024.0
16:05:17.144 [FXGL Background Thread 4 ] DEBUG TMXLevelLoader       - Creating object layer entities
16:05:17.190 [FXGL Background Thread 4 ] DEBUG FXGLAssetLoaderServi - Loading from file system: file:/C:/Users/Lenovo/projectjava/myproject/myproject/target/classes/assets/textures/Actor1.png
16:05:17.205 [FXGL Background Thread 4 ] DEBUG FXGLAssetLoaderServi - Loading from file system: file:/C:/Users/Lenovo/projectjava/myproject/myproject/target/classes/assets/textures/Rex.png
16:05:17.210 [FXGL Background Thread 4 ] WARN  TMXLevelLoader       - TiledMap generated from 1.11.0. Supported version: 1.9.0. Some features may not be parsed fully.
16:05:17.223 [FXGL Background Thread 4 ] DEBUG TMXLevelLoader       - Parsed TiledMap: file:/C:/Users/Lenovo/projectjava/myproject/myproject/target/classes/assets/levels/scene1.tmx
16:05:17.224 [FXGL Background Thread 4 ] DEBUG TMXLevelLoader       - Creating tile layer entities
16:05:17.224 [FXGL Background Thread 4 ] DEBUG TilesetLoader        - Loading view for layer lowefloor
16:05:17.225 [FXGL Background Thread 4 ] DEBUG TilesetLoader        - Created buffer with size 512.0x1024.0
16:05:17.250 [FXGL Background Thread 4 ] DEBUG TilesetLoader        - Loading view for layer cliff
16:05:17.250 [FXGL Background Thread 4 ] DEBUG TilesetLoader        - Created buffer with size 512.0x1024.0
16:05:17.251 [FXGL Background Thread 4 ] DEBUG TilesetLoader        - Loading view for layer cliff1
16:05:17.252 [FXGL Background Thread 4 ] DEBUG TilesetLoader        - Created buffer with size 512.0x1024.0
16:05:17.252 [FXGL Background Thread 4 ] DEBUG TilesetLoader        - Loading view for layer cliff2
16:05:17.254 [FXGL Background Thread 4 ] DEBUG TilesetLoader        - Created buffer with size 512.0x1024.0
16:05:17.256 [FXGL Background Thread 4 ] DEBUG TilesetLoader        - Loading view for layer Tile Layer 3
16:05:17.256 [FXGL Background Thread 4 ] DEBUG TilesetLoader        - Created buffer with size 512.0x1024.0
16:05:17.257 [FXGL Background Thread 4 ] DEBUG TilesetLoader        - Loading view for layer Tile Layer 6
16:05:17.257 [FXGL Background Thread 4 ] DEBUG TilesetLoader        - Created buffer with size 512.0x1024.0
16:05:17.315 [FXGL Background Thread 4 ] DEBUG TilesetLoader        - Loading view for layer prop
16:05:17.316 [FXGL Background Thread 4 ] DEBUG TilesetLoader        - Created buffer with size 512.0x1024.0
16:05:17.318 [FXGL Background Thread 4 ] DEBUG TMXLevelLoader       - Creating object layer entities
16:05:17.333 [FXGL Background Thread 4 ] DEBUG GameWorld            - Clearing removable entities
16:05:17.334 [FXGL Background Thread 4 ] DEBUG GameWorld            - Setting level: com.almasb.fxgl.entity.level.Level@4e09ec91
16:05:17.351 [FXGL Background Thread 4 ] INFO  FXGLApplication      - Game initialization took: 0.405 sec
16:05:17.357 [JavaFX Application Thread] DEBUG Input                - Clearing active input actions
16:05:17.365 [JavaFX Application Thread] DEBUG GameApplicationServi - Removing overlay from FXGLLoadingScene and adding to GameScene
16:05:17.369 [JavaFX Application Thread] DEBUG PrimaryStageWindow   - FXGLLoadingScene -> GameScene
16:05:19.831 [FXGL Background Thread 3 ] DEBUG Engine               - Logging environment variables
16:05:19.832 [FXGL Background Thread 3 ] DEBUG Engine               - achievements: []
16:05:19.832 [FXGL Background Thread 3 ] DEBUG Engine               - actualHeight: 864.0
16:05:19.832 [FXGL Background Thread 3 ] DEBUG Engine               - actualHeightProperty: ReadOnlyDoubleProperty [value: 864.0]
16:05:19.832 [FXGL Background Thread 3 ] DEBUG Engine               - actualWidth: 1536.0
16:05:19.832 [FXGL Background Thread 3 ] DEBUG Engine               - actualWidthProperty: ReadOnlyDoubleProperty [value: 1536.0]
16:05:19.832 [FXGL Background Thread 3 ] DEBUG Engine               - appIcon: fxgl_icon.png
16:05:19.832 [FXGL Background Thread 3 ] DEBUG Engine               - applicationMode: DEVELOPER
16:05:19.833 [FXGL Background Thread 3 ] DEBUG Engine               - cSSList: [fxgl_dark.css]
16:05:19.833 [FXGL Background Thread 3 ] DEBUG Engine               - collisionDetectionStrategy: BRUTE_FORCE
16:05:19.833 [FXGL Background Thread 3 ] DEBUG Engine               - configClass: Optional.empty
16:05:19.833 [FXGL Background Thread 3 ] DEBUG Engine               - credits: []
16:05:19.833 [FXGL Background Thread 3 ] DEBUG Engine               - defaultCursor: CursorInfo(imageName=fxgl_default_cursor.png, hotspotX=7.0, hotspotY=6.0)
16:05:19.834 [FXGL Background Thread 3 ] DEBUG Engine               - devBBoxColorProperty: ObjectProperty [value: 0xff0000ff]
16:05:19.834 [FXGL Background Thread 3 ] DEBUG Engine               - devEnableDebugCameraProperty: BooleanProperty [value: false]
16:05:19.834 [FXGL Background Thread 3 ] DEBUG Engine               - devSensorColorProperty: ObjectProperty [value: 0xffff00ff]
16:05:19.834 [FXGL Background Thread 3 ] DEBUG Engine               - devShowBBoxProperty: BooleanProperty [value: false]
16:05:19.834 [FXGL Background Thread 3 ] DEBUG Engine               - devShowPositionProperty: BooleanProperty [value: false]
16:05:19.834 [FXGL Background Thread 3 ] DEBUG Engine               - enabledMenuItems: []
16:05:19.834 [FXGL Background Thread 3 ] DEBUG Engine               - engineServices: [class com.almasb.fxgl.app.services.FXGLAssetLoaderService, class com.almasb.fxgl.app.FXGLApplication$GameApplicationService, class com.almasb.fxgl.app.services.FXGLDialogService, class com.almasb.fxgl.app.services.IOTaskExecutorService, class com.almasb.fxgl.io.FileSystemService, class com.almasb.fxgl.localization.LocalizationService, class com.almasb.fxgl.app.services.SystemBundleService, class com.almasb.fxgl.profile.SaveLoadService, class com.almasb.fxgl.ui.FXGLUIFactoryServiceProvider, class com.almasb.fxgl.ui.FXGLDialogFactoryServiceProvider, class com.almasb.fxgl.audio.AudioPlayer, class com.almasb.fxgl.notification.impl.NotificationServiceProvider, class com.almasb.fxgl.achievement.AchievementService, class com.almasb.fxgl.cutscene.CutsceneService, class com.almasb.fxgl.minigames.MiniGameService, class com.almasb.fxgl.net.NetService, class com.almasb.fxgl.app.services.UpdaterService, class com.almasb.fxgl.dev.DevService]
16:05:19.834 [FXGL Background Thread 3 ] DEBUG Engine               - fontGame: Abel-Regular.ttf
16:05:19.834 [FXGL Background Thread 3 ] DEBUG Engine               - fontMono: TerminalLandMono-Regular.otf
16:05:19.834 [FXGL Background Thread 3 ] DEBUG Engine               - fontSizeScaleUI: 1.0
16:05:19.834 [FXGL Background Thread 3 ] DEBUG Engine               - fontText: Courier-Prime.ttf
16:05:19.834 [FXGL Background Thread 3 ] DEBUG Engine               - fontUI: VarelaRound-Regular.ttf
16:05:19.834 [FXGL Background Thread 3 ] DEBUG Engine               - fullScreen: BooleanProperty [value: true]
16:05:19.834 [FXGL Background Thread 3 ] DEBUG Engine               - gameDifficulty: MEDIUM
16:05:19.834 [FXGL Background Thread 3 ] DEBUG Engine               - gameDifficultyProperty: ObjectProperty [value: MEDIUM]
16:05:19.834 [FXGL Background Thread 3 ] DEBUG Engine               - globalMusicVolume: 0.5
16:05:19.834 [FXGL Background Thread 3 ] DEBUG Engine               - globalMusicVolumeProperty: DoubleProperty [value: 0.5]
16:05:19.834 [FXGL Background Thread 3 ] DEBUG Engine               - globalSoundVolume: 0.5
16:05:19.834 [FXGL Background Thread 3 ] DEBUG Engine               - globalSoundVolumeProperty: DoubleProperty [value: 0.5]
16:05:19.834 [FXGL Background Thread 3 ] DEBUG Engine               - height: 720
16:05:19.834 [FXGL Background Thread 3 ] DEBUG Engine               - is3D: false
16:05:19.834 [FXGL Background Thread 3 ] DEBUG Engine               - isAndroid: false
16:05:19.835 [FXGL Background Thread 3 ] DEBUG Engine               - isBrowser: false
16:05:19.835 [FXGL Background Thread 3 ] DEBUG Engine               - isClickFeedbackEnabled: false
16:05:19.835 [FXGL Background Thread 3 ] DEBUG Engine               - isCloseConfirmation: false
16:05:19.835 [FXGL Background Thread 3 ] DEBUG Engine               - isDesktop: true
16:05:19.835 [FXGL Background Thread 3 ] DEBUG Engine               - isDeveloperMenuEnabled: true
16:05:19.835 [FXGL Background Thread 3 ] DEBUG Engine               - isEmbedded: false
16:05:19.835 [FXGL Background Thread 3 ] DEBUG Engine               - isEntityPreloadEnabled: true
16:05:19.835 [FXGL Background Thread 3 ] DEBUG Engine               - isExperimentalTiledLargeMap: false
16:05:19.835 [FXGL Background Thread 3 ] DEBUG Engine               - isFileSystemWriteAllowed: true
16:05:19.835 [FXGL Background Thread 3 ] DEBUG Engine               - isFullScreenAllowed: true
16:05:19.835 [FXGL Background Thread 3 ] DEBUG Engine               - isFullScreenFromStart: true
16:05:19.835 [FXGL Background Thread 3 ] DEBUG Engine               - isGameMenuEnabled: true
16:05:19.835 [FXGL Background Thread 3 ] DEBUG Engine               - isIOS: false
16:05:19.835 [FXGL Background Thread 3 ] DEBUG Engine               - isIntroEnabled: false
16:05:19.835 [FXGL Background Thread 3 ] DEBUG Engine               - isLinux: false
16:05:19.835 [FXGL Background Thread 3 ] DEBUG Engine               - isMac: false
16:05:19.835 [FXGL Background Thread 3 ] DEBUG Engine               - isMainMenuEnabled: false
16:05:19.835 [FXGL Background Thread 3 ] DEBUG Engine               - isManualResizeEnabled: false
16:05:19.835 [FXGL Background Thread 3 ] DEBUG Engine               - isMobile: false
16:05:19.835 [FXGL Background Thread 3 ] DEBUG Engine               - isNative: false
16:05:19.835 [FXGL Background Thread 3 ] DEBUG Engine               - isPauseMusicWhenMinimized: true
16:05:19.835 [FXGL Background Thread 3 ] DEBUG Engine               - isPreserveResizeRatio: false
16:05:19.835 [FXGL Background Thread 3 ] DEBUG Engine               - isProfilingEnabled: false
16:05:19.835 [FXGL Background Thread 3 ] DEBUG Engine               - isScaleAffectedOnResize: true
16:05:19.835 [FXGL Background Thread 3 ] DEBUG Engine               - isSingleStep: false
16:05:19.835 [FXGL Background Thread 3 ] DEBUG Engine               - isUserProfileEnabled: false
16:05:19.836 [FXGL Background Thread 3 ] DEBUG Engine               - isWindows: true
16:05:19.836 [FXGL Background Thread 3 ] DEBUG Engine               - language: ObjectProperty [value: ENGLISH]
16:05:19.836 [FXGL Background Thread 3 ] DEBUG Engine               - menuKey: ESCAPE
16:05:19.836 [FXGL Background Thread 3 ] DEBUG Engine               - mouseSensitivity: 0.2
16:05:19.836 [FXGL Background Thread 3 ] DEBUG Engine               - notificationViewClass: class com.almasb.fxgl.notification.view.XboxNotificationView
16:05:19.836 [FXGL Background Thread 3 ] DEBUG Engine               - pixelsPerMeter: 50.0
16:05:19.837 [FXGL Background Thread 3 ] DEBUG Engine               - platform: WINDOWS
16:05:19.837 [FXGL Background Thread 3 ] DEBUG Engine               - prefHeightProperty: ReadOnlyDoubleProperty [value: 720.0]
16:05:19.837 [FXGL Background Thread 3 ] DEBUG Engine               - prefWidthProperty: ReadOnlyDoubleProperty [value: 1280.0]
16:05:19.837 [FXGL Background Thread 3 ] DEBUG Engine               - profileDir: profiles/
16:05:19.838 [FXGL Background Thread 3 ] DEBUG Engine               - profileName: StringProperty [value: DEFAULT]
16:05:19.838 [FXGL Background Thread 3 ] DEBUG Engine               - randomSeed: -1
16:05:19.838 [FXGL Background Thread 3 ] DEBUG Engine               - runtimeInfo: RuntimeInfo(platform=WINDOWS, version=21.1, build=27.03.2024 07.52)
16:05:19.838 [FXGL Background Thread 3 ] DEBUG Engine               - saveFileExt: sav
16:05:19.838 [FXGL Background Thread 3 ] DEBUG Engine               - scaledHeightProp$fxgl: DoubleProperty [bound, value: 864.0]
16:05:19.838 [FXGL Background Thread 3 ] DEBUG Engine               - scaledWidthProp$fxgl: DoubleProperty [bound, value: 1536.0]
16:05:19.838 [FXGL Background Thread 3 ] DEBUG Engine               - sceneFactory: com.almasb.fxgl.app.scene.SceneFactory@1cceb8ae
16:05:19.838 [FXGL Background Thread 3 ] DEBUG Engine               - secondsIn24h: 60
16:05:19.838 [FXGL Background Thread 3 ] DEBUG Engine               - soundMenuBack: menu/back.wav
16:05:19.838 [FXGL Background Thread 3 ] DEBUG Engine               - soundMenuPress: menu/press.wav
16:05:19.838 [FXGL Background Thread 3 ] DEBUG Engine               - soundMenuSelect: menu/select.wav
16:05:19.838 [FXGL Background Thread 3 ] DEBUG Engine               - soundNotification: core/notification.wav
16:05:19.838 [FXGL Background Thread 3 ] DEBUG Engine               - stageStyle: DECORATED
16:05:19.839 [FXGL Background Thread 3 ] DEBUG Engine               - supportedLanguages: [ENGLISH, FRENCH, GERMAN, HUNGARIAN, RUSSIAN]
16:05:19.839 [FXGL Background Thread 3 ] DEBUG Engine               - ticksPerSecond: -1
16:05:19.839 [FXGL Background Thread 3 ] DEBUG Engine               - title: Final Journey
16:05:19.839 [FXGL Background Thread 3 ] DEBUG Engine               - urlGithub: https://github.com/AlmasB/FXGL
16:05:19.839 [FXGL Background Thread 3 ] DEBUG Engine               - urlLeaderboard: http://fxgl-top.herokuapp.com/
16:05:19.839 [FXGL Background Thread 3 ] DEBUG Engine               - urlPOM: https://raw.githubusercontent.com/AlmasB/FXGL/release/README.md
16:05:19.839 [FXGL Background Thread 3 ] DEBUG Engine               - userAppClass: class com.project.App
16:05:19.839 [FXGL Background Thread 3 ] DEBUG Engine               - version: Alpha
16:05:19.839 [FXGL Background Thread 3 ] DEBUG Engine               - versionCheckDays: 7
16:05:19.839 [FXGL Background Thread 3 ] DEBUG Engine               - width: 1280
16:05:19.839 [FXGL Background Thread 3 ] DEBUG Engine               - Logging services
16:05:19.839 [FXGL Background Thread 3 ] DEBUG Engine               - class com.almasb.fxgl.app.services.FXGLAssetLoaderService
16:05:19.839 [FXGL Background Thread 3 ] DEBUG Engine               - class com.almasb.fxgl.app.FXGLApplication$GameApplicationService
16:05:19.839 [FXGL Background Thread 3 ] DEBUG Engine               - class com.almasb.fxgl.app.services.FXGLDialogService
16:05:19.839 [FXGL Background Thread 3 ] DEBUG Engine               - class com.almasb.fxgl.app.services.IOTaskExecutorService
16:05:19.839 [FXGL Background Thread 3 ] DEBUG Engine               - class com.almasb.fxgl.io.FileSystemService
16:05:19.839 [FXGL Background Thread 3 ] DEBUG Engine               - class com.almasb.fxgl.localization.LocalizationService
16:05:19.839 [FXGL Background Thread 3 ] DEBUG Engine               - class com.almasb.fxgl.app.services.SystemBundleService
16:05:19.839 [FXGL Background Thread 3 ] DEBUG Engine               - class com.almasb.fxgl.profile.SaveLoadService
16:05:19.839 [FXGL Background Thread 3 ] DEBUG Engine               - class com.almasb.fxgl.ui.FXGLUIFactoryServiceProvider
16:05:19.839 [FXGL Background Thread 3 ] DEBUG Engine               - class com.almasb.fxgl.ui.FXGLDialogFactoryServiceProvider
16:05:19.839 [FXGL Background Thread 3 ] DEBUG Engine               - class com.almasb.fxgl.audio.AudioPlayer
16:05:19.839 [FXGL Background Thread 3 ] DEBUG Engine               - class com.almasb.fxgl.notification.impl.NotificationServiceProvider
16:05:19.839 [FXGL Background Thread 3 ] DEBUG Engine               - class com.almasb.fxgl.achievement.AchievementService
16:05:19.839 [FXGL Background Thread 3 ] DEBUG Engine               - class com.almasb.fxgl.cutscene.CutsceneService
16:05:19.839 [FXGL Background Thread 3 ] DEBUG Engine               - class com.almasb.fxgl.minigames.MiniGameService
16:05:19.839 [FXGL Background Thread 3 ] DEBUG Engine               - class com.almasb.fxgl.net.NetService
16:05:19.839 [FXGL Background Thread 3 ] DEBUG Engine               - class com.almasb.fxgl.app.services.UpdaterService
16:05:19.839 [FXGL Background Thread 3 ] DEBUG Engine               - class com.almasb.fxgl.dev.DevService
16:05:27.245 [JavaFX Application Thread] DEBUG FXGLAssetLoaderServi - Loading from file system: file:/C:/Users/Lenovo/projectjava/myproject/myproject/target/classes/assets/text/filetext.txt
16:05:27.254 [JavaFX Application Thread] DEBUG Input                - Registered new binding: Next RPG Line - Enter
16:05:27.257 [JavaFX Application Thread] DEBUG PrimaryStageWindow   - Push state: CutsceneScene
16:05:27.258 [JavaFX Application Thread] DEBUG Input                - Clearing active input actions
16:05:27.259 [JavaFX Application Thread] DEBUG GameApplicationServi - Removing overlay from GameScene and adding to CutsceneScene
16:05:27.261 [JavaFX Application Thread] DEBUG PrimaryStageWindow   - GameScene -> CutsceneScene
16:05:30.128 [JavaFX Application Thread] DEBUG FXGLAssetLoaderServi - Loading from file system: file:/C:/Users/Lenovo/projectjava/myproject/myproject/target/classes/assets/textures/Rex.png
16:05:37.738 [JavaFX Application Thread] DEBUG PrimaryStageWindow   - Pop state: CutsceneScene
16:05:37.738 [JavaFX Application Thread] DEBUG Input                - Clearing active input actions
16:05:37.739 [JavaFX Application Thread] DEBUG GameApplicationServi - Removing overlay from CutsceneScene and adding to GameScene
16:05:37.741 [JavaFX Application Thread] DEBUG PrimaryStageWindow   - GameScene <- CutsceneScene
16:05:37.742 [JavaFX Application Thread] DEBUG EventBus             - Firing event: com.GameEvent.CombatScene[source=javafx.event.Event$$Lambda/0x000001c1281737b0@38a2c549]
16:05:37.746 [JavaFX Application Thread] WARN  TMXLevelLoader       - TiledMap generated from 1.11.2. Supported version: 1.9.0. Some features may not be parsed fully.
16:05:37.750 [JavaFX Application Thread] DEBUG TMXLevelLoader       - Parsed TiledMap: file:/C:/Users/Lenovo/projectjava/myproject/myproject/target/classes/assets/levels/battle1.tmx
16:05:37.750 [JavaFX Application Thread] DEBUG TMXLevelLoader       - Creating tile layer entities
16:05:37.751 [JavaFX Application Thread] DEBUG TilesetLoader        - Loading view for layer Tile Layer 1
16:05:37.752 [JavaFX Application Thread] DEBUG TilesetLoader        - Created buffer with size 2048.0x1024.0
16:05:37.856 [JavaFX Application Thread] DEBUG TMXLevelLoader       - Creating object layer entities
16:05:37.858 [JavaFX Application Thread] DEBUG FXGLAssetLoaderServi - Loading from file system: file:/C:/Users/Lenovo/projectjava/myproject/myproject/target/classes/assets/textures/Rex.png
16:05:37.863 [JavaFX Application Thread] DEBUG GameWorld            - Clearing removable entities
16:05:37.869 [JavaFX Application Thread] DEBUG GameWorld            - Setting level: com.almasb.fxgl.entity.level.Level@526c06d6
16:05:37.872 [JavaFX Application Thread] WARN  TMXLevelLoader       - TiledMap generated from 1.11.2. Supported version: 1.9.0. Some features may not be parsed fully.
16:05:37.878 [JavaFX Application Thread] DEBUG TMXLevelLoader       - Parsed TiledMap: file:/C:/Users/Lenovo/projectjava/myproject/myproject/target/classes/assets/levels/battle1.tmx
16:05:37.878 [JavaFX Application Thread] DEBUG TMXLevelLoader       - Creating tile layer entities
16:05:37.879 [JavaFX Application Thread] DEBUG TilesetLoader        - Loading view for layer Tile Layer 1
16:05:37.883 [JavaFX Application Thread] DEBUG TilesetLoader        - Created buffer with size 2048.0x1024.0
16:05:37.982 [JavaFX Application Thread] DEBUG TMXLevelLoader       - Creating object layer entities
16:05:42.812 [JavaFX Application Thread] DEBUG LoopRunner           - Stopping loop
16:05:42.815 [JavaFX Application Thread] FATAL FXGLApplication      - Uncaught Exception:
java.lang.IllegalArgumentException: Component ControllerComponent not found!
	at com.almasb.fxgl.entity.Entity.getComponent(Entity.java:366)
	at com.project.App$1.onAction(App.java:121)
	at com.almasb.fxgl.input.UserAction.action$fxgl_core(UserAction.kt:38)
	at com.almasb.fxgl.input.Input.update(Input.kt:278)
	at com.almasb.fxgl.scene.Scene.update(Scene.kt:103)
	at com.almasb.fxgl.app.MainWindow$update$1.invoke(MainWindow.kt:121)
	at com.almasb.fxgl.app.MainWindow$update$1.invoke(MainWindow.kt:121)
	at com.almasb.fxgl.core.fsm.StateMachine.runOnActiveStates(StateMachine.kt:69)
	at com.almasb.fxgl.app.MainWindow.update(MainWindow.kt:121)
	at com.almasb.fxgl.app.FXGLApplication$GameApplicationService.onUpdate(FXGLApplication.kt:445)
	at com.almasb.fxgl.app.Engine.loop(Engine.kt:134)
	at com.almasb.fxgl.app.Engine.access$loop(Engine.kt:24)
	at com.almasb.fxgl.app.Engine$loop$1.invoke(Engine.kt:28)
	at com.almasb.fxgl.app.Engine$loop$1.invoke(Engine.kt:28)
	at com.almasb.fxgl.app.LoopRunner.frame(LoopRunner.kt:103)
	at com.almasb.fxgl.app.LoopRunner.access$frame(LoopRunner.kt:23)
	at com.almasb.fxgl.app.LoopRunner$impl$2$1.onTick(LoopRunner.kt:57)
	at com.almasb.fxgl.app.AnimationTimerLoop$timer$1.handle(LoopRunner.kt:137)
	at javafx.animation.AnimationTimer$AnimationTimerReceiver.lambda$handle$0(AnimationTimer.java:58)
	at java.base/java.security.AccessController.doPrivileged(AccessController.java:400)
	at javafx.animation.AnimationTimer$AnimationTimerReceiver.handle(AnimationTimer.java:57)
	at com.sun.scenario.animation.AbstractPrimaryTimer.timePulseImpl(AbstractPrimaryTimer.java:356)
	at com.sun.scenario.animation.AbstractPrimaryTimer$MainLoop.run(AbstractPrimaryTimer.java:266)
	at com.sun.javafx.tk.quantum.QuantumToolkit.pulse(QuantumToolkit.java:588)
	at com.sun.javafx.tk.quantum.QuantumToolkit.pulse(QuantumToolkit.java:572)
	at com.sun.javafx.tk.quantum.QuantumToolkit.pulseFromQueue(QuantumToolkit.java:565)
	at com.sun.javafx.tk.quantum.QuantumToolkit.lambda$runToolkit$11(QuantumToolkit.java:352)
	at com.sun.glass.ui.InvokeLaterDispatcher$Future.run(InvokeLaterDispatcher.java:95)
	at com.sun.glass.ui.win.WinApplication._runLoop(Native Method)
	at com.sun.glass.ui.win.WinApplication.lambda$runLoop$3(WinApplication.java:185)
	at java.base/java.lang.Thread.run(Thread.java:1583)

16:05:42.818 [JavaFX Application Thread] FATAL FXGLApplication      - Application will now exit
16:05:42.830 [JavaFX Application Thread] DEBUG PrimaryStageWindow   - Push state: ErrorSubScene
16:05:42.831 [JavaFX Application Thread] DEBUG Input                - Clearing active input actions
16:06:10.179 [JavaFX Application Thread] DEBUG FXGLApplication      - Exiting FXGL
16:06:10.180 [JavaFX Application Thread] DEBUG Async                - Shutting down background threads
16:06:10.180 [JavaFX Application Thread] DEBUG PrimaryStageWindow   - Closing main window
16:06:10.227 [JavaFX Application Thread] DEBUG Logger               - Closing Logger
