23:56:04.136 [main                     ] DEBUG Logger               - Configured Logger
23:56:04.161 [main                     ] DEBUG GameApplication      - Logging settings
Title: Final Journey
Version: Alpha
Width: 1280
Height: 720
Fullscreen: true
Intro: false
Profiling: false
Single step:false
App Mode: DEVELOPER
Menu Key: ESCAPE
Stage Style: DECORATED
Scene Factory: class com.almasb.fxgl.app.scene.SceneFactory

23:56:04.569 [JavaFX Application Thread] DEBUG FXGLApplication      - Initializing FXGL
23:56:04.571 [JavaFX Application Thread] INFO  Engine               - FXGL-21.1 (27.03.2024 07.52) on WINDOWS (J:21.0.6 FX:21.0.1)
23:56:04.571 [JavaFX Application Thread] DEBUG Engine               - JRE Vendor Name: Eclipse Adoptium
23:56:04.571 [JavaFX Application Thread] DEBUG Engine               - Running on OS: Windows 11 version 10.0
23:56:04.573 [JavaFX Application Thread] DEBUG Engine               - Architecture: amd64
23:56:04.573 [JavaFX Application Thread] INFO  Engine               - Source code and latest versions at: https://github.com/AlmasB/FXGL
23:56:04.573 [JavaFX Application Thread] INFO  Engine               -       Ask questions and discuss at: https://github.com/AlmasB/FXGL/discussions
23:56:04.573 [JavaFX Application Thread] INFO  Engine               -              Join the FXGL chat at: https://gitter.im/AlmasB/FXGL
23:56:04.679 [JavaFX Application Thread] DEBUG PrimaryStageWindow   - Creating a JavaFX scene
23:56:04.726 [JavaFX Application Thread] DEBUG PrimaryStageWindow   - Target settings size: 1280.0 x 720.0
23:56:04.726 [JavaFX Application Thread] DEBUG PrimaryStageWindow   - Scaled scene size:    1280.0 x 720.0
23:56:04.726 [JavaFX Application Thread] DEBUG PrimaryStageWindow   - Scaled ratio: (1.0, 1.0)
23:56:04.727 [JavaFX Application Thread] DEBUG PrimaryStageWindow   - Set initial scene to FXGLStartupScene
23:56:04.731 [JavaFX Application Thread] DEBUG PrimaryStageWindow   - Opening main window
23:56:04.823 [JavaFX Application Thread] DEBUG PrimaryStageWindow   - Window border size: (14.4000244140625, 37.5999755859375)
23:56:04.823 [JavaFX Application Thread] DEBUG PrimaryStageWindow   - Scaled size: 1280.0 x 720.0
23:56:04.824 [JavaFX Application Thread] DEBUG PrimaryStageWindow   - Scaled ratio: (1.0, 1.0)
23:56:04.824 [JavaFX Application Thread] DEBUG PrimaryStageWindow   - Scene size: 1280.0 x 720.0
23:56:04.824 [JavaFX Application Thread] DEBUG PrimaryStageWindow   - Stage size: 1294.4000244140625 x 757.5999755859375
23:56:04.896 [JavaFX Application Thread] DEBUG PrimaryStageWindow   - Going fullscreen
23:56:04.905 [FXGL Background Thread 1 ] DEBUG Engine               - Initializing environment variables
23:56:04.965 [FXGL Background Thread 1 ] DEBUG FXGLAssetLoaderServi - User app class for loading assets: class com.project.App
23:56:04.966 [FXGL Background Thread 1 ] DEBUG GameApplicationServi - Applying CSS: fxgl_dark.css
23:56:04.966 [FXGL Background Thread 1 ] DEBUG FXGLAssetLoaderServi - Loading from file system: jar:file:/C:/Users/frank/.m2/repository/com/github/almasb/fxgl/21.1/fxgl-21.1.jar!/fxglassets/ui/css/fxgl_dark.css
23:56:05.000 [FXGL Background Thread 1 ] DEBUG GameApplicationServi - Initializing application scenes
23:56:05.075 [FXGL Background Thread 1 ] DEBUG GameWorld            - Game world initialized
23:56:05.148 [FXGL Background Thread 1 ] DEBUG PhysicsWorld         - Physics world initialized: appHeight=720, physics.ppm=50.0
23:56:05.148 [FXGL Background Thread 1 ] DEBUG PhysicsWorld         - Using strategy: BRUTE_FORCE
23:56:05.151 [FXGL Background Thread 1 ] DEBUG GameScene            - Game scene initialized: 1280x720
23:56:05.164 [FXGL Background Thread 1 ] DEBUG FXGL.DefaultMenu     - createMenuBodyGameMenu()
23:56:05.180 [FXGL Background Thread 1 ] DEBUG FXGL.DefaultMenu     - createOptionsMenu()
23:56:05.188 [FXGL Background Thread 1 ] DEBUG FXGLAssetLoaderServi - Loading from file system: jar:file:/C:/Users/frank/.m2/repository/com/github/almasb/fxgl/21.1/fxgl-21.1.jar!/fxglassets/textures/particles/smoke.png
23:56:05.308 [FXGL Background Thread 1 ] DEBUG FXGLAssetLoaderServi - Loading from file system: jar:file:/C:/Users/frank/.m2/repository/com/github/almasb/fxgl/21.1/fxgl-21.1.jar!/fxglassets/textures/particles/trace_horizontal.png
23:56:05.333 [FXGL Background Thread 1 ] DEBUG GameApplicationServi - Application scenes initialized
23:56:05.345 [FXGL Background Thread 1 ] DEBUG SystemBundleService  - Loading FXGL system data
23:56:05.348 [FXGL Background Thread 1 ] DEBUG FileSystemAccess     - Reading from: C:\Users\frank\Desktop\ProjectFun\myproject\myproject\system\fxgl.bundle
23:56:05.355 [FXGL Background Thread 1 ] DEBUG SystemBundleService  - Bundle FXGL: {}
23:56:05.355 [FXGL Background Thread 1 ] DEBUG UpdaterService       - Checking for updates
23:56:05.388 [FXGL Background Thread 4 ] DEBUG FXGLApplication      - Loading fonts
23:56:05.388 [FXGL Background Thread 4 ] DEBUG FXGLAssetLoaderServi - Loading from file system: jar:file:/C:/Users/frank/.m2/repository/com/github/almasb/fxgl/21.1/fxgl-21.1.jar!/fxglassets/ui/fonts/VarelaRound-Regular.ttf
23:56:05.389 [FXGL Background Thread 1 ] DEBUG FXGLApplication      - Loading default localization
23:56:05.390 [FXGL Background Thread 1 ] DEBUG FXGLAssetLoaderServi - Loading from file system: jar:file:/C:/Users/frank/.m2/repository/com/github/almasb/fxgl/21.1/fxgl-21.1.jar!/fxglassets/languages/english.lang
23:56:05.413 [FXGL Background Thread 1 ] INFO  FXGLApplication      - FXGL initialization took: 0.508 sec
23:56:05.434 [JavaFX Application Thread] DEBUG Input                - Registered new binding: Right - D
23:56:05.434 [FXGL Background Thread 4 ] DEBUG FXGLAssetLoaderServi - Loading from file system: jar:file:/C:/Users/frank/.m2/repository/com/github/almasb/fxgl/21.1/fxgl-21.1.jar!/fxglassets/ui/fonts/Abel-Regular.ttf
23:56:05.434 [JavaFX Application Thread] DEBUG Input                - Registered new binding: Left - A
23:56:05.435 [JavaFX Application Thread] DEBUG Input                - Registered new binding: Up - W
23:56:05.435 [JavaFX Application Thread] DEBUG Input                - Registered new binding: Down - S
23:56:05.435 [JavaFX Application Thread] DEBUG Input                - Registered new binding: Interact - E
23:56:05.436 [JavaFX Application Thread] DEBUG FXGLAssetLoaderServi - Loading from file system: jar:file:/C:/Users/frank/.m2/repository/com/github/almasb/fxgl/21.1/fxgl-21.1.jar!/fxglassets/textures/fxgl_icon.png
23:56:05.436 [FXGL Background Thread 4 ] DEBUG FXGLAssetLoaderServi - Loading from file system: jar:file:/C:/Users/frank/.m2/repository/com/github/almasb/fxgl/21.1/fxgl-21.1.jar!/fxglassets/ui/fonts/TerminalLandMono-Regular.otf
23:56:05.441 [FXGL Background Thread 4 ] DEBUG FXGLAssetLoaderServi - Loading from file system: jar:file:/C:/Users/frank/.m2/repository/com/github/almasb/fxgl/21.1/fxgl-21.1.jar!/fxglassets/ui/fonts/Courier-Prime.ttf
23:56:05.457 [JavaFX Application Thread] DEBUG FXGLAssetLoaderServi - Loading from file system: jar:file:/C:/Users/frank/.m2/repository/com/github/almasb/fxgl/21.1/fxgl-21.1.jar!/fxglassets/textures/fxgl_default_cursor.png
23:56:05.460 [JavaFX Application Thread] DEBUG Input                - Registered new binding: Screenshot - CTRL+8
23:56:05.460 [JavaFX Application Thread] DEBUG Input                - Registered new binding: Dev Options - 1
23:56:05.461 [JavaFX Application Thread] DEBUG Input                - Registered new binding: Dev Console - 2
23:56:05.461 [JavaFX Application Thread] DEBUG Input                - Registered new binding: System info dump - CTRL+9
23:56:05.462 [JavaFX Application Thread] DEBUG Input                - Registered new binding: Restart - CTRL+R
23:56:05.463 [JavaFX Application Thread] DEBUG Input                - Registered new binding: Toggle Debug Camera - CTRL+7
23:56:05.468 [JavaFX Application Thread] DEBUG LoopRunner           - Starting loop
23:56:05.504 [JavaFX Application Thread] DEBUG LoopRunner           - Initializing JavaFX AnimationTimerLoop
23:56:05.505 [JavaFX Application Thread] DEBUG GameApplicationServi - Starting new game
23:56:05.505 [JavaFX Application Thread] DEBUG Input                - Clearing active input actions
23:56:05.519 [JavaFX Application Thread] DEBUG GameApplicationServi - Removing overlay from FXGLStartupScene and adding to FXGLLoadingScene
23:56:05.531 [JavaFX Application Thread] DEBUG PrimaryStageWindow   - FXGLStartupScene -> FXGLLoadingScene
23:56:05.532 [JavaFX Application Thread] DEBUG GameApplicationServi - Clearing previous game
23:56:05.532 [JavaFX Application Thread] DEBUG GameScene            - Clearing game scene
23:56:05.532 [JavaFX Application Thread] DEBUG GameWorld            - Clearing game world
23:56:05.532 [JavaFX Application Thread] DEBUG PhysicsWorld         - Clearing physics world
23:56:05.533 [FXGL Background Thread 4 ] DEBUG FXGLApplication      - Initializing game
23:56:05.534 [JavaFX Application Thread] DEBUG FXGLApplication      - Registering font factories with UI factory
23:56:05.585 [FXGL Background Thread 4 ] WARN  TMXLevelLoader       - TiledMap generated from 1.11.2. Supported version: 1.9.0. Some features may not be parsed fully.
23:56:05.615 [FXGL Background Thread 4 ] DEBUG TMXLevelLoader       - Parsed TiledMap: file:/C:/Users/frank/Desktop/ProjectFun/myproject/myproject/target/classes/assets/levels/scene1.tmx
23:56:05.618 [FXGL Background Thread 4 ] DEBUG TMXLevelLoader       - Creating tile layer entities
23:56:05.624 [FXGL Background Thread 4 ] DEBUG TilesetLoader        - Loading view for layer lowefloor
23:56:05.625 [FXGL Background Thread 4 ] DEBUG TilesetLoader        - Created buffer with size 512.0x1024.0
23:56:05.681 [FXGL Background Thread 4 ] DEBUG TilesetLoader        - Loading view for layer cliff
23:56:05.681 [FXGL Background Thread 4 ] DEBUG TilesetLoader        - Created buffer with size 512.0x1024.0
23:56:05.683 [FXGL Background Thread 4 ] DEBUG TilesetLoader        - Loading view for layer cliff1
23:56:05.684 [FXGL Background Thread 4 ] DEBUG TilesetLoader        - Created buffer with size 512.0x1024.0
23:56:05.685 [FXGL Background Thread 4 ] DEBUG TilesetLoader        - Loading view for layer cliff2
23:56:05.685 [FXGL Background Thread 4 ] DEBUG TilesetLoader        - Created buffer with size 512.0x1024.0
23:56:05.686 [FXGL Background Thread 4 ] DEBUG TilesetLoader        - Loading view for layer Tile Layer 3
23:56:05.686 [FXGL Background Thread 4 ] DEBUG TilesetLoader        - Created buffer with size 512.0x1024.0
23:56:05.686 [FXGL Background Thread 4 ] DEBUG TilesetLoader        - Loading view for layer Tile Layer 6
23:56:05.688 [FXGL Background Thread 4 ] DEBUG TilesetLoader        - Created buffer with size 512.0x1024.0
23:56:05.755 [FXGL Background Thread 4 ] DEBUG TilesetLoader        - Loading view for layer prop
23:56:05.755 [FXGL Background Thread 4 ] DEBUG TilesetLoader        - Created buffer with size 512.0x1024.0
23:56:05.756 [FXGL Background Thread 4 ] DEBUG TMXLevelLoader       - Creating object layer entities
23:56:05.807 [FXGL Background Thread 4 ] DEBUG FXGLAssetLoaderServi - Loading from file system: file:/C:/Users/frank/Desktop/ProjectFun/myproject/myproject/target/classes/assets/textures/Actor1.png
23:56:05.826 [FXGL Background Thread 4 ] DEBUG FXGLAssetLoaderServi - Loading from file system: file:/C:/Users/frank/Desktop/ProjectFun/myproject/myproject/target/classes/assets/textures/Rex.png
23:56:05.831 [FXGL Background Thread 4 ] WARN  TMXLevelLoader       - TiledMap generated from 1.11.2. Supported version: 1.9.0. Some features may not be parsed fully.
23:56:05.838 [FXGL Background Thread 4 ] DEBUG TMXLevelLoader       - Parsed TiledMap: file:/C:/Users/frank/Desktop/ProjectFun/myproject/myproject/target/classes/assets/levels/scene1.tmx
23:56:05.838 [FXGL Background Thread 4 ] DEBUG TMXLevelLoader       - Creating tile layer entities
23:56:05.838 [FXGL Background Thread 4 ] DEBUG TilesetLoader        - Loading view for layer lowefloor
23:56:05.840 [FXGL Background Thread 4 ] DEBUG TilesetLoader        - Created buffer with size 512.0x1024.0
23:56:05.866 [FXGL Background Thread 4 ] DEBUG TilesetLoader        - Loading view for layer cliff
23:56:05.866 [FXGL Background Thread 4 ] DEBUG TilesetLoader        - Created buffer with size 512.0x1024.0
23:56:05.867 [FXGL Background Thread 4 ] DEBUG TilesetLoader        - Loading view for layer cliff1
23:56:05.867 [FXGL Background Thread 4 ] DEBUG TilesetLoader        - Created buffer with size 512.0x1024.0
23:56:05.868 [FXGL Background Thread 4 ] DEBUG TilesetLoader        - Loading view for layer cliff2
23:56:05.868 [FXGL Background Thread 4 ] DEBUG TilesetLoader        - Created buffer with size 512.0x1024.0
23:56:05.869 [FXGL Background Thread 4 ] DEBUG TilesetLoader        - Loading view for layer Tile Layer 3
23:56:05.871 [FXGL Background Thread 4 ] DEBUG TilesetLoader        - Created buffer with size 512.0x1024.0
23:56:05.873 [FXGL Background Thread 4 ] DEBUG TilesetLoader        - Loading view for layer Tile Layer 6
23:56:05.873 [FXGL Background Thread 4 ] DEBUG TilesetLoader        - Created buffer with size 512.0x1024.0
23:56:05.926 [FXGL Background Thread 4 ] DEBUG TilesetLoader        - Loading view for layer prop
23:56:05.927 [FXGL Background Thread 4 ] DEBUG TilesetLoader        - Created buffer with size 512.0x1024.0
23:56:05.928 [FXGL Background Thread 4 ] DEBUG TMXLevelLoader       - Creating object layer entities
23:56:05.938 [FXGL Background Thread 4 ] DEBUG GameWorld            - Clearing removable entities
23:56:05.938 [FXGL Background Thread 4 ] DEBUG GameWorld            - Setting level: com.almasb.fxgl.entity.level.Level@23322600
23:56:05.960 [FXGL Background Thread 4 ] INFO  FXGLApplication      - Game initialization took: 0.427 sec
23:56:05.964 [JavaFX Application Thread] DEBUG Input                - Clearing active input actions
23:56:05.971 [JavaFX Application Thread] DEBUG GameApplicationServi - Removing overlay from FXGLLoadingScene and adding to GameScene
23:56:05.973 [JavaFX Application Thread] DEBUG PrimaryStageWindow   - FXGLLoadingScene -> GameScene
23:56:08.388 [FXGL Background Thread 3 ] DEBUG Engine               - Logging environment variables
23:56:08.388 [FXGL Background Thread 3 ] DEBUG Engine               - achievements: []
23:56:08.388 [FXGL Background Thread 3 ] DEBUG Engine               - actualHeight: 864.0
23:56:08.388 [FXGL Background Thread 3 ] DEBUG Engine               - actualHeightProperty: ReadOnlyDoubleProperty [value: 864.0]
23:56:08.388 [FXGL Background Thread 3 ] DEBUG Engine               - actualWidth: 1536.0
23:56:08.388 [FXGL Background Thread 3 ] DEBUG Engine               - actualWidthProperty: ReadOnlyDoubleProperty [value: 1536.0]
23:56:08.388 [FXGL Background Thread 3 ] DEBUG Engine               - appIcon: fxgl_icon.png
23:56:08.389 [FXGL Background Thread 3 ] DEBUG Engine               - applicationMode: DEVELOPER
23:56:08.389 [FXGL Background Thread 3 ] DEBUG Engine               - cSSList: [fxgl_dark.css]
23:56:08.389 [FXGL Background Thread 3 ] DEBUG Engine               - collisionDetectionStrategy: BRUTE_FORCE
23:56:08.389 [FXGL Background Thread 3 ] DEBUG Engine               - configClass: Optional.empty
23:56:08.389 [FXGL Background Thread 3 ] DEBUG Engine               - credits: []
23:56:08.389 [FXGL Background Thread 3 ] DEBUG Engine               - defaultCursor: CursorInfo(imageName=fxgl_default_cursor.png, hotspotX=7.0, hotspotY=6.0)
23:56:08.389 [FXGL Background Thread 3 ] DEBUG Engine               - devBBoxColorProperty: ObjectProperty [value: 0xff0000ff]
23:56:08.389 [FXGL Background Thread 3 ] DEBUG Engine               - devEnableDebugCameraProperty: BooleanProperty [value: false]
23:56:08.389 [FXGL Background Thread 3 ] DEBUG Engine               - devSensorColorProperty: ObjectProperty [value: 0xffff00ff]
23:56:08.389 [FXGL Background Thread 3 ] DEBUG Engine               - devShowBBoxProperty: BooleanProperty [value: false]
23:56:08.389 [FXGL Background Thread 3 ] DEBUG Engine               - devShowPositionProperty: BooleanProperty [value: false]
23:56:08.389 [FXGL Background Thread 3 ] DEBUG Engine               - enabledMenuItems: []
23:56:08.389 [FXGL Background Thread 3 ] DEBUG Engine               - engineServices: [class com.almasb.fxgl.app.services.FXGLAssetLoaderService, class com.almasb.fxgl.app.FXGLApplication$GameApplicationService, class com.almasb.fxgl.app.services.FXGLDialogService, class com.almasb.fxgl.app.services.IOTaskExecutorService, class com.almasb.fxgl.io.FileSystemService, class com.almasb.fxgl.localization.LocalizationService, class com.almasb.fxgl.app.services.SystemBundleService, class com.almasb.fxgl.profile.SaveLoadService, class com.almasb.fxgl.ui.FXGLUIFactoryServiceProvider, class com.almasb.fxgl.ui.FXGLDialogFactoryServiceProvider, class com.almasb.fxgl.audio.AudioPlayer, class com.almasb.fxgl.notification.impl.NotificationServiceProvider, class com.almasb.fxgl.achievement.AchievementService, class com.almasb.fxgl.cutscene.CutsceneService, class com.almasb.fxgl.minigames.MiniGameService, class com.almasb.fxgl.net.NetService, class com.almasb.fxgl.app.services.UpdaterService, class com.almasb.fxgl.dev.DevService]
23:56:08.389 [FXGL Background Thread 3 ] DEBUG Engine               - fontGame: Abel-Regular.ttf
23:56:08.390 [FXGL Background Thread 3 ] DEBUG Engine               - fontMono: TerminalLandMono-Regular.otf
23:56:08.390 [FXGL Background Thread 3 ] DEBUG Engine               - fontSizeScaleUI: 1.0
23:56:08.390 [FXGL Background Thread 3 ] DEBUG Engine               - fontText: Courier-Prime.ttf
23:56:08.390 [FXGL Background Thread 3 ] DEBUG Engine               - fontUI: VarelaRound-Regular.ttf
23:56:08.390 [FXGL Background Thread 3 ] DEBUG Engine               - fullScreen: BooleanProperty [value: true]
23:56:08.390 [FXGL Background Thread 3 ] DEBUG Engine               - gameDifficulty: MEDIUM
23:56:08.390 [FXGL Background Thread 3 ] DEBUG Engine               - gameDifficultyProperty: ObjectProperty [value: MEDIUM]
23:56:08.390 [FXGL Background Thread 3 ] DEBUG Engine               - globalMusicVolume: 0.5
23:56:08.390 [FXGL Background Thread 3 ] DEBUG Engine               - globalMusicVolumeProperty: DoubleProperty [value: 0.5]
23:56:08.390 [FXGL Background Thread 3 ] DEBUG Engine               - globalSoundVolume: 0.5
23:56:08.390 [FXGL Background Thread 3 ] DEBUG Engine               - globalSoundVolumeProperty: DoubleProperty [value: 0.5]
23:56:08.390 [FXGL Background Thread 3 ] DEBUG Engine               - height: 720
23:56:08.390 [FXGL Background Thread 3 ] DEBUG Engine               - is3D: false
23:56:08.390 [FXGL Background Thread 3 ] DEBUG Engine               - isAndroid: false
23:56:08.390 [FXGL Background Thread 3 ] DEBUG Engine               - isBrowser: false
23:56:08.390 [FXGL Background Thread 3 ] DEBUG Engine               - isClickFeedbackEnabled: false
23:56:08.390 [FXGL Background Thread 3 ] DEBUG Engine               - isCloseConfirmation: false
23:56:08.390 [FXGL Background Thread 3 ] DEBUG Engine               - isDesktop: true
23:56:08.390 [FXGL Background Thread 3 ] DEBUG Engine               - isDeveloperMenuEnabled: true
23:56:08.390 [FXGL Background Thread 3 ] DEBUG Engine               - isEmbedded: false
23:56:08.390 [FXGL Background Thread 3 ] DEBUG Engine               - isEntityPreloadEnabled: true
23:56:08.390 [FXGL Background Thread 3 ] DEBUG Engine               - isExperimentalTiledLargeMap: false
23:56:08.390 [FXGL Background Thread 3 ] DEBUG Engine               - isFileSystemWriteAllowed: true
23:56:08.390 [FXGL Background Thread 3 ] DEBUG Engine               - isFullScreenAllowed: true
23:56:08.390 [FXGL Background Thread 3 ] DEBUG Engine               - isFullScreenFromStart: true
23:56:08.390 [FXGL Background Thread 3 ] DEBUG Engine               - isGameMenuEnabled: true
23:56:08.390 [FXGL Background Thread 3 ] DEBUG Engine               - isIOS: false
23:56:08.391 [FXGL Background Thread 3 ] DEBUG Engine               - isIntroEnabled: false
23:56:08.391 [FXGL Background Thread 3 ] DEBUG Engine               - isLinux: false
23:56:08.391 [FXGL Background Thread 3 ] DEBUG Engine               - isMac: false
23:56:08.391 [FXGL Background Thread 3 ] DEBUG Engine               - isMainMenuEnabled: false
23:56:08.391 [FXGL Background Thread 3 ] DEBUG Engine               - isManualResizeEnabled: false
23:56:08.391 [FXGL Background Thread 3 ] DEBUG Engine               - isMobile: false
23:56:08.391 [FXGL Background Thread 3 ] DEBUG Engine               - isNative: false
23:56:08.391 [FXGL Background Thread 3 ] DEBUG Engine               - isPauseMusicWhenMinimized: true
23:56:08.391 [FXGL Background Thread 3 ] DEBUG Engine               - isPreserveResizeRatio: false
23:56:08.391 [FXGL Background Thread 3 ] DEBUG Engine               - isProfilingEnabled: false
23:56:08.391 [FXGL Background Thread 3 ] DEBUG Engine               - isScaleAffectedOnResize: true
23:56:08.391 [FXGL Background Thread 3 ] DEBUG Engine               - isSingleStep: false
23:56:08.391 [FXGL Background Thread 3 ] DEBUG Engine               - isUserProfileEnabled: false
23:56:08.391 [FXGL Background Thread 3 ] DEBUG Engine               - isWindows: true
23:56:08.391 [FXGL Background Thread 3 ] DEBUG Engine               - language: ObjectProperty [value: ENGLISH]
23:56:08.391 [FXGL Background Thread 3 ] DEBUG Engine               - menuKey: ESCAPE
23:56:08.391 [FXGL Background Thread 3 ] DEBUG Engine               - mouseSensitivity: 0.2
23:56:08.391 [FXGL Background Thread 3 ] DEBUG Engine               - notificationViewClass: class com.almasb.fxgl.notification.view.XboxNotificationView
23:56:08.391 [FXGL Background Thread 3 ] DEBUG Engine               - pixelsPerMeter: 50.0
23:56:08.391 [FXGL Background Thread 3 ] DEBUG Engine               - platform: WINDOWS
23:56:08.392 [FXGL Background Thread 3 ] DEBUG Engine               - prefHeightProperty: ReadOnlyDoubleProperty [value: 720.0]
23:56:08.392 [FXGL Background Thread 3 ] DEBUG Engine               - prefWidthProperty: ReadOnlyDoubleProperty [value: 1280.0]
23:56:08.392 [FXGL Background Thread 3 ] DEBUG Engine               - profileDir: profiles/
23:56:08.392 [FXGL Background Thread 3 ] DEBUG Engine               - profileName: StringProperty [value: DEFAULT]
23:56:08.392 [FXGL Background Thread 3 ] DEBUG Engine               - randomSeed: -1
23:56:08.392 [FXGL Background Thread 3 ] DEBUG Engine               - runtimeInfo: RuntimeInfo(platform=WINDOWS, version=21.1, build=27.03.2024 07.52)
23:56:08.392 [FXGL Background Thread 3 ] DEBUG Engine               - saveFileExt: sav
23:56:08.392 [FXGL Background Thread 3 ] DEBUG Engine               - scaledHeightProp$fxgl: DoubleProperty [bound, value: 864.0]
23:56:08.392 [FXGL Background Thread 3 ] DEBUG Engine               - scaledWidthProp$fxgl: DoubleProperty [bound, value: 1536.0]
23:56:08.392 [FXGL Background Thread 3 ] DEBUG Engine               - sceneFactory: com.almasb.fxgl.app.scene.SceneFactory@37c3e3b6
23:56:08.392 [FXGL Background Thread 3 ] DEBUG Engine               - secondsIn24h: 60
23:56:08.394 [FXGL Background Thread 3 ] DEBUG Engine               - soundMenuBack: menu/back.wav
23:56:08.394 [FXGL Background Thread 3 ] DEBUG Engine               - soundMenuPress: menu/press.wav
23:56:08.394 [FXGL Background Thread 3 ] DEBUG Engine               - soundMenuSelect: menu/select.wav
23:56:08.394 [FXGL Background Thread 3 ] DEBUG Engine               - soundNotification: core/notification.wav
23:56:08.394 [FXGL Background Thread 3 ] DEBUG Engine               - stageStyle: DECORATED
23:56:08.394 [FXGL Background Thread 3 ] DEBUG Engine               - supportedLanguages: [ENGLISH, FRENCH, GERMAN, HUNGARIAN, RUSSIAN]
23:56:08.394 [FXGL Background Thread 3 ] DEBUG Engine               - ticksPerSecond: -1
23:56:08.394 [FXGL Background Thread 3 ] DEBUG Engine               - title: Final Journey
23:56:08.394 [FXGL Background Thread 3 ] DEBUG Engine               - urlGithub: https://github.com/AlmasB/FXGL
23:56:08.394 [FXGL Background Thread 3 ] DEBUG Engine               - urlLeaderboard: http://fxgl-top.herokuapp.com/
23:56:08.394 [FXGL Background Thread 3 ] DEBUG Engine               - urlPOM: https://raw.githubusercontent.com/AlmasB/FXGL/release/README.md
23:56:08.394 [FXGL Background Thread 3 ] DEBUG Engine               - userAppClass: class com.project.App
23:56:08.394 [FXGL Background Thread 3 ] DEBUG Engine               - version: Alpha
23:56:08.394 [FXGL Background Thread 3 ] DEBUG Engine               - versionCheckDays: 7
23:56:08.394 [FXGL Background Thread 3 ] DEBUG Engine               - width: 1280
23:56:08.394 [FXGL Background Thread 3 ] DEBUG Engine               - Logging services
23:56:08.394 [FXGL Background Thread 3 ] DEBUG Engine               - class com.almasb.fxgl.app.services.FXGLAssetLoaderService
23:56:08.394 [FXGL Background Thread 3 ] DEBUG Engine               - class com.almasb.fxgl.app.FXGLApplication$GameApplicationService
23:56:08.394 [FXGL Background Thread 3 ] DEBUG Engine               - class com.almasb.fxgl.app.services.FXGLDialogService
23:56:08.394 [FXGL Background Thread 3 ] DEBUG Engine               - class com.almasb.fxgl.app.services.IOTaskExecutorService
23:56:08.394 [FXGL Background Thread 3 ] DEBUG Engine               - class com.almasb.fxgl.io.FileSystemService
23:56:08.394 [FXGL Background Thread 3 ] DEBUG Engine               - class com.almasb.fxgl.localization.LocalizationService
23:56:08.394 [FXGL Background Thread 3 ] DEBUG Engine               - class com.almasb.fxgl.app.services.SystemBundleService
23:56:08.395 [FXGL Background Thread 3 ] DEBUG Engine               - class com.almasb.fxgl.profile.SaveLoadService
23:56:08.395 [FXGL Background Thread 3 ] DEBUG Engine               - class com.almasb.fxgl.ui.FXGLUIFactoryServiceProvider
23:56:08.395 [FXGL Background Thread 3 ] DEBUG Engine               - class com.almasb.fxgl.ui.FXGLDialogFactoryServiceProvider
23:56:08.395 [FXGL Background Thread 3 ] DEBUG Engine               - class com.almasb.fxgl.audio.AudioPlayer
23:56:08.395 [FXGL Background Thread 3 ] DEBUG Engine               - class com.almasb.fxgl.notification.impl.NotificationServiceProvider
23:56:08.395 [FXGL Background Thread 3 ] DEBUG Engine               - class com.almasb.fxgl.achievement.AchievementService
23:56:08.395 [FXGL Background Thread 3 ] DEBUG Engine               - class com.almasb.fxgl.cutscene.CutsceneService
23:56:08.395 [FXGL Background Thread 3 ] DEBUG Engine               - class com.almasb.fxgl.minigames.MiniGameService
23:56:08.395 [FXGL Background Thread 3 ] DEBUG Engine               - class com.almasb.fxgl.net.NetService
23:56:08.395 [FXGL Background Thread 3 ] DEBUG Engine               - class com.almasb.fxgl.app.services.UpdaterService
23:56:08.396 [FXGL Background Thread 3 ] DEBUG Engine               - class com.almasb.fxgl.dev.DevService
23:56:09.014 [JavaFX Application Thread] DEBUG FXGLAssetLoaderServi - Loading from file system: file:/C:/Users/frank/Desktop/ProjectFun/myproject/myproject/target/classes/assets/text/filetext.txt
23:56:09.016 [JavaFX Application Thread] DEBUG EventBus             - Firing event: com.GameEvent.CombatScene[source=javafx.event.Event$$Lambda/0x000002d3a6173198@22f1c991]
23:56:09.018 [JavaFX Application Thread] WARN  TMXLevelLoader       - TiledMap generated from 1.11.2. Supported version: 1.9.0. Some features may not be parsed fully.
23:56:09.022 [JavaFX Application Thread] DEBUG TMXLevelLoader       - Parsed TiledMap: file:/C:/Users/frank/Desktop/ProjectFun/myproject/myproject/target/classes/assets/levels/battle1.tmx
23:56:09.022 [JavaFX Application Thread] DEBUG TMXLevelLoader       - Creating tile layer entities
23:56:09.022 [JavaFX Application Thread] DEBUG TilesetLoader        - Loading view for layer Tile Layer 1
23:56:09.024 [JavaFX Application Thread] DEBUG TilesetLoader        - Created buffer with size 2048.0x1024.0
23:56:09.114 [JavaFX Application Thread] DEBUG TMXLevelLoader       - Creating object layer entities
23:56:09.116 [JavaFX Application Thread] DEBUG FXGLAssetLoaderServi - Loading from file system: file:/C:/Users/frank/Desktop/ProjectFun/myproject/myproject/target/classes/assets/textures/Rex.png
23:56:09.121 [JavaFX Application Thread] DEBUG FXGLAssetLoaderServi - Loading from file system: file:/C:/Users/frank/Desktop/ProjectFun/myproject/myproject/target/classes/assets/textures/Karee.png
23:56:09.124 [JavaFX Application Thread] DEBUG GameWorld            - Clearing removable entities
23:56:09.134 [JavaFX Application Thread] DEBUG GameWorld            - Setting level: com.almasb.fxgl.entity.level.Level@203bc7ad
23:56:09.136 [JavaFX Application Thread] WARN  TMXLevelLoader       - TiledMap generated from 1.11.2. Supported version: 1.9.0. Some features may not be parsed fully.
23:56:09.139 [JavaFX Application Thread] DEBUG TMXLevelLoader       - Parsed TiledMap: file:/C:/Users/frank/Desktop/ProjectFun/myproject/myproject/target/classes/assets/levels/battle1.tmx
23:56:09.139 [JavaFX Application Thread] DEBUG TMXLevelLoader       - Creating tile layer entities
23:56:09.139 [JavaFX Application Thread] DEBUG TilesetLoader        - Loading view for layer Tile Layer 1
23:56:09.140 [JavaFX Application Thread] DEBUG TilesetLoader        - Created buffer with size 2048.0x1024.0
23:56:09.230 [JavaFX Application Thread] DEBUG TMXLevelLoader       - Creating object layer entities
01:38:42.663 [JavaFX Application Thread] DEBUG FXGLApplication      - Exiting FXGL
01:38:42.663 [JavaFX Application Thread] DEBUG LoopRunner           - Stopping loop
01:38:42.663 [JavaFX Application Thread] DEBUG SystemBundleService  - Saving FXGL system data
01:38:42.666 [JavaFX Application Thread] DEBUG FileSystemAccess     - Writing to: C:\Users\frank\Desktop\ProjectFun\myproject\myproject\system\fxgl.bundle
01:38:42.669 [JavaFX Application Thread] DEBUG Async                - Shutting down background threads
01:38:42.669 [JavaFX Application Thread] DEBUG PrimaryStageWindow   - Closing main window
01:38:42.692 [JavaFX Application Thread] DEBUG Logger               - Closing Logger
