01:45:46.746 [main                     ] DEBUG Logger               - Configured Logger
01:45:46.771 [main                     ] DEBUG GameApplication      - Logging settings
Title: Final Journey
Version: Alpha
Width: 1280
Height: 720
Fullscreen: true
Intro: false
Profiling: false
Single step:false
App Mode: DEVELOPER
Menu Key: ESCAPE
Stage Style: DECORATED
Scene Factory: class com.almasb.fxgl.app.scene.SceneFactory

01:45:47.136 [JavaFX Application Thread] DEBUG FXGLApplication      - Initializing FXGL
01:45:47.139 [JavaFX Application Thread] INFO  Engine               - FXGL-21.1 (27.03.2024 07.52) on WINDOWS (J:21.0.6 FX:21.0.1)
01:45:47.139 [JavaFX Application Thread] DEBUG Engine               - JRE Vendor Name: Eclipse Adoptium
01:45:47.139 [JavaFX Application Thread] DEBUG Engine               - Running on OS: Windows 11 version 10.0
01:45:47.139 [JavaFX Application Thread] DEBUG Engine               - Architecture: amd64
01:45:47.139 [JavaFX Application Thread] INFO  Engine               - Source code and latest versions at: https://github.com/AlmasB/FXGL
01:45:47.140 [JavaFX Application Thread] INFO  Engine               -       Ask questions and discuss at: https://github.com/AlmasB/FXGL/discussions
01:45:47.140 [JavaFX Application Thread] INFO  Engine               -              Join the FXGL chat at: https://gitter.im/AlmasB/FXGL
01:45:47.223 [JavaFX Application Thread] DEBUG PrimaryStageWindow   - Creating a JavaFX scene
01:45:47.264 [JavaFX Application Thread] DEBUG PrimaryStageWindow   - Target settings size: 1280.0 x 720.0
01:45:47.265 [JavaFX Application Thread] DEBUG PrimaryStageWindow   - Scaled scene size:    1280.0 x 720.0
01:45:47.265 [JavaFX Application Thread] DEBUG PrimaryStageWindow   - Scaled ratio: (1.0, 1.0)
01:45:47.267 [JavaFX Application Thread] DEBUG PrimaryStageWindow   - Set initial scene to FXGLStartupScene
01:45:47.270 [JavaFX Application Thread] DEBUG PrimaryStageWindow   - Opening main window
01:45:47.348 [JavaFX Application Thread] DEBUG PrimaryStageWindow   - Window border size: (14.4000244140625, 37.5999755859375)
01:45:47.348 [JavaFX Application Thread] DEBUG PrimaryStageWindow   - Scaled size: 1280.0 x 720.0
01:45:47.348 [JavaFX Application Thread] DEBUG PrimaryStageWindow   - Scaled ratio: (1.0, 1.0)
01:45:47.349 [JavaFX Application Thread] DEBUG PrimaryStageWindow   - Scene size: 1280.0 x 720.0
01:45:47.349 [JavaFX Application Thread] DEBUG PrimaryStageWindow   - Stage size: 1294.4000244140625 x 757.5999755859375
01:45:47.403 [JavaFX Application Thread] DEBUG PrimaryStageWindow   - Going fullscreen
01:45:47.411 [FXGL Background Thread 1 ] DEBUG Engine               - Initializing environment variables
01:45:47.455 [FXGL Background Thread 1 ] DEBUG FXGLAssetLoaderServi - User app class for loading assets: class com.project.App
01:45:47.455 [FXGL Background Thread 1 ] DEBUG GameApplicationServi - Applying CSS: fxgl_dark.css
01:45:47.455 [FXGL Background Thread 1 ] DEBUG FXGLAssetLoaderServi - Loading from file system: jar:file:/C:/Users/frank/.m2/repository/com/github/almasb/fxgl/21.1/fxgl-21.1.jar!/fxglassets/ui/css/fxgl_dark.css
01:45:47.485 [FXGL Background Thread 1 ] DEBUG GameApplicationServi - Initializing application scenes
01:45:47.540 [FXGL Background Thread 1 ] DEBUG GameWorld            - Game world initialized
01:45:47.597 [FXGL Background Thread 1 ] DEBUG PhysicsWorld         - Physics world initialized: appHeight=720, physics.ppm=50.0
01:45:47.597 [FXGL Background Thread 1 ] DEBUG PhysicsWorld         - Using strategy: BRUTE_FORCE
01:45:47.600 [FXGL Background Thread 1 ] DEBUG GameScene            - Game scene initialized: 1280x720
01:45:47.611 [FXGL Background Thread 1 ] DEBUG FXGL.DefaultMenu     - createMenuBodyGameMenu()
01:45:47.624 [FXGL Background Thread 1 ] DEBUG FXGL.DefaultMenu     - createOptionsMenu()
01:45:47.631 [FXGL Background Thread 1 ] DEBUG FXGLAssetLoaderServi - Loading from file system: jar:file:/C:/Users/frank/.m2/repository/com/github/almasb/fxgl/21.1/fxgl-21.1.jar!/fxglassets/textures/particles/smoke.png
01:45:47.731 [FXGL Background Thread 1 ] DEBUG FXGLAssetLoaderServi - Loading from file system: jar:file:/C:/Users/frank/.m2/repository/com/github/almasb/fxgl/21.1/fxgl-21.1.jar!/fxglassets/textures/particles/trace_horizontal.png
01:45:47.750 [FXGL Background Thread 1 ] DEBUG GameApplicationServi - Application scenes initialized
01:45:47.762 [FXGL Background Thread 1 ] DEBUG SystemBundleService  - Loading FXGL system data
01:45:47.765 [FXGL Background Thread 1 ] DEBUG FileSystemAccess     - Reading from: C:\Users\frank\Desktop\ProjectFun\myproject\myproject\system\fxgl.bundle
01:45:47.773 [FXGL Background Thread 1 ] DEBUG SystemBundleService  - Bundle FXGL: {}
01:45:47.773 [FXGL Background Thread 1 ] DEBUG UpdaterService       - Checking for updates
01:45:47.800 [FXGL Background Thread 4 ] DEBUG FXGLApplication      - Loading fonts
01:45:47.800 [FXGL Background Thread 4 ] DEBUG FXGLAssetLoaderServi - Loading from file system: jar:file:/C:/Users/frank/.m2/repository/com/github/almasb/fxgl/21.1/fxgl-21.1.jar!/fxglassets/ui/fonts/VarelaRound-Regular.ttf
01:45:47.801 [FXGL Background Thread 1 ] DEBUG FXGLApplication      - Loading default localization
01:45:47.801 [FXGL Background Thread 1 ] DEBUG FXGLAssetLoaderServi - Loading from file system: jar:file:/C:/Users/frank/.m2/repository/com/github/almasb/fxgl/21.1/fxgl-21.1.jar!/fxglassets/languages/english.lang
01:45:47.836 [FXGL Background Thread 4 ] DEBUG FXGLAssetLoaderServi - Loading from file system: jar:file:/C:/Users/frank/.m2/repository/com/github/almasb/fxgl/21.1/fxgl-21.1.jar!/fxglassets/ui/fonts/Abel-Regular.ttf
01:45:47.840 [FXGL Background Thread 4 ] DEBUG FXGLAssetLoaderServi - Loading from file system: jar:file:/C:/Users/frank/.m2/repository/com/github/almasb/fxgl/21.1/fxgl-21.1.jar!/fxglassets/ui/fonts/TerminalLandMono-Regular.otf
01:45:47.841 [FXGL Background Thread 1 ] INFO  FXGLApplication      - FXGL initialization took: 0.430 sec
01:45:47.843 [FXGL Background Thread 4 ] DEBUG FXGLAssetLoaderServi - Loading from file system: jar:file:/C:/Users/frank/.m2/repository/com/github/almasb/fxgl/21.1/fxgl-21.1.jar!/fxglassets/ui/fonts/Courier-Prime.ttf
01:45:47.854 [JavaFX Application Thread] DEBUG Input                - Registered new binding: Right - D
01:45:47.855 [JavaFX Application Thread] DEBUG Input                - Registered new binding: Left - A
01:45:47.855 [JavaFX Application Thread] DEBUG Input                - Registered new binding: Up - W
01:45:47.855 [JavaFX Application Thread] DEBUG Input                - Registered new binding: Down - S
01:45:47.855 [JavaFX Application Thread] DEBUG Input                - Registered new binding: Interact - E
01:45:47.856 [JavaFX Application Thread] DEBUG FXGLAssetLoaderServi - Loading from file system: jar:file:/C:/Users/frank/.m2/repository/com/github/almasb/fxgl/21.1/fxgl-21.1.jar!/fxglassets/textures/fxgl_icon.png
01:45:47.874 [JavaFX Application Thread] DEBUG FXGLAssetLoaderServi - Loading from file system: jar:file:/C:/Users/frank/.m2/repository/com/github/almasb/fxgl/21.1/fxgl-21.1.jar!/fxglassets/textures/fxgl_default_cursor.png
01:45:47.879 [JavaFX Application Thread] DEBUG Input                - Registered new binding: Screenshot - CTRL+8
01:45:47.880 [JavaFX Application Thread] DEBUG Input                - Registered new binding: Dev Options - 1
01:45:47.882 [JavaFX Application Thread] DEBUG Input                - Registered new binding: Dev Console - 2
01:45:47.883 [JavaFX Application Thread] DEBUG Input                - Registered new binding: System info dump - CTRL+9
01:45:47.884 [JavaFX Application Thread] DEBUG Input                - Registered new binding: Restart - CTRL+R
01:45:47.885 [JavaFX Application Thread] DEBUG Input                - Registered new binding: Toggle Debug Camera - CTRL+7
01:45:47.897 [JavaFX Application Thread] DEBUG LoopRunner           - Starting loop
01:45:47.919 [JavaFX Application Thread] DEBUG LoopRunner           - Initializing JavaFX AnimationTimerLoop
01:45:47.927 [JavaFX Application Thread] DEBUG GameApplicationServi - Starting new game
01:45:47.928 [JavaFX Application Thread] DEBUG Input                - Clearing active input actions
01:45:47.939 [JavaFX Application Thread] DEBUG GameApplicationServi - Removing overlay from FXGLStartupScene and adding to FXGLLoadingScene
01:45:47.944 [JavaFX Application Thread] DEBUG PrimaryStageWindow   - FXGLStartupScene -> FXGLLoadingScene
01:45:47.944 [JavaFX Application Thread] DEBUG GameApplicationServi - Clearing previous game
01:45:47.944 [JavaFX Application Thread] DEBUG GameScene            - Clearing game scene
01:45:47.944 [JavaFX Application Thread] DEBUG GameWorld            - Clearing game world
01:45:47.944 [JavaFX Application Thread] DEBUG PhysicsWorld         - Clearing physics world
01:45:47.945 [FXGL Background Thread 4 ] DEBUG FXGLApplication      - Initializing game
01:45:47.946 [JavaFX Application Thread] DEBUG FXGLApplication      - Registering font factories with UI factory
01:45:47.977 [FXGL Background Thread 4 ] WARN  TMXLevelLoader       - TiledMap generated from 1.11.2. Supported version: 1.9.0. Some features may not be parsed fully.
01:45:48.005 [FXGL Background Thread 4 ] DEBUG TMXLevelLoader       - Parsed TiledMap: file:/C:/Users/frank/Desktop/ProjectFun/myproject/myproject/target/classes/assets/levels/scene1.tmx
01:45:48.007 [FXGL Background Thread 4 ] DEBUG TMXLevelLoader       - Creating tile layer entities
01:45:48.012 [FXGL Background Thread 4 ] DEBUG TilesetLoader        - Loading view for layer lowefloor
01:45:48.013 [FXGL Background Thread 4 ] DEBUG TilesetLoader        - Created buffer with size 512.0x1024.0
01:45:48.065 [FXGL Background Thread 4 ] DEBUG TilesetLoader        - Loading view for layer cliff
01:45:48.066 [FXGL Background Thread 4 ] DEBUG TilesetLoader        - Created buffer with size 512.0x1024.0
01:45:48.067 [FXGL Background Thread 4 ] DEBUG TilesetLoader        - Loading view for layer cliff1
01:45:48.068 [FXGL Background Thread 4 ] DEBUG TilesetLoader        - Created buffer with size 512.0x1024.0
01:45:48.070 [FXGL Background Thread 4 ] DEBUG TilesetLoader        - Loading view for layer cliff2
01:45:48.071 [FXGL Background Thread 4 ] DEBUG TilesetLoader        - Created buffer with size 512.0x1024.0
01:45:48.072 [FXGL Background Thread 4 ] DEBUG TilesetLoader        - Loading view for layer Tile Layer 3
01:45:48.072 [FXGL Background Thread 4 ] DEBUG TilesetLoader        - Created buffer with size 512.0x1024.0
01:45:48.073 [FXGL Background Thread 4 ] DEBUG TilesetLoader        - Loading view for layer Tile Layer 6
01:45:48.073 [FXGL Background Thread 4 ] DEBUG TilesetLoader        - Created buffer with size 512.0x1024.0
01:45:48.142 [FXGL Background Thread 4 ] DEBUG TilesetLoader        - Loading view for layer prop
01:45:48.142 [FXGL Background Thread 4 ] DEBUG TilesetLoader        - Created buffer with size 512.0x1024.0
01:45:48.143 [FXGL Background Thread 4 ] DEBUG TMXLevelLoader       - Creating object layer entities
01:45:48.192 [FXGL Background Thread 4 ] DEBUG FXGLAssetLoaderServi - Loading from file system: file:/C:/Users/frank/Desktop/ProjectFun/myproject/myproject/target/classes/assets/textures/Actor1.png
01:45:48.231 [FXGL Background Thread 4 ] DEBUG FXGLAssetLoaderServi - Loading from file system: file:/C:/Users/frank/Desktop/ProjectFun/myproject/myproject/target/classes/assets/textures/Rex.png
01:45:48.237 [FXGL Background Thread 4 ] WARN  TMXLevelLoader       - TiledMap generated from 1.11.2. Supported version: 1.9.0. Some features may not be parsed fully.
01:45:48.247 [FXGL Background Thread 4 ] DEBUG TMXLevelLoader       - Parsed TiledMap: file:/C:/Users/frank/Desktop/ProjectFun/myproject/myproject/target/classes/assets/levels/scene1.tmx
01:45:48.247 [FXGL Background Thread 4 ] DEBUG TMXLevelLoader       - Creating tile layer entities
01:45:48.248 [FXGL Background Thread 4 ] DEBUG TilesetLoader        - Loading view for layer lowefloor
01:45:48.248 [FXGL Background Thread 4 ] DEBUG TilesetLoader        - Created buffer with size 512.0x1024.0
01:45:48.268 [FXGL Background Thread 4 ] DEBUG TilesetLoader        - Loading view for layer cliff
01:45:48.269 [FXGL Background Thread 4 ] DEBUG TilesetLoader        - Created buffer with size 512.0x1024.0
01:45:48.269 [FXGL Background Thread 4 ] DEBUG TilesetLoader        - Loading view for layer cliff1
01:45:48.270 [FXGL Background Thread 4 ] DEBUG TilesetLoader        - Created buffer with size 512.0x1024.0
01:45:48.270 [FXGL Background Thread 4 ] DEBUG TilesetLoader        - Loading view for layer cliff2
01:45:48.271 [FXGL Background Thread 4 ] DEBUG TilesetLoader        - Created buffer with size 512.0x1024.0
01:45:48.271 [FXGL Background Thread 4 ] DEBUG TilesetLoader        - Loading view for layer Tile Layer 3
01:45:48.272 [FXGL Background Thread 4 ] DEBUG TilesetLoader        - Created buffer with size 512.0x1024.0
01:45:48.272 [FXGL Background Thread 4 ] DEBUG TilesetLoader        - Loading view for layer Tile Layer 6
01:45:48.275 [FXGL Background Thread 4 ] DEBUG TilesetLoader        - Created buffer with size 512.0x1024.0
01:45:48.317 [FXGL Background Thread 4 ] DEBUG TilesetLoader        - Loading view for layer prop
01:45:48.320 [FXGL Background Thread 4 ] DEBUG TilesetLoader        - Created buffer with size 512.0x1024.0
01:45:48.321 [FXGL Background Thread 4 ] DEBUG TMXLevelLoader       - Creating object layer entities
01:45:48.328 [FXGL Background Thread 4 ] DEBUG GameWorld            - Clearing removable entities
01:45:48.329 [FXGL Background Thread 4 ] DEBUG GameWorld            - Setting level: com.almasb.fxgl.entity.level.Level@3738baf8
01:45:48.355 [FXGL Background Thread 4 ] INFO  FXGLApplication      - Game initialization took: 0.409 sec
01:45:48.376 [JavaFX Application Thread] DEBUG Input                - Clearing active input actions
01:45:48.384 [JavaFX Application Thread] DEBUG GameApplicationServi - Removing overlay from FXGLLoadingScene and adding to GameScene
01:45:48.387 [JavaFX Application Thread] DEBUG PrimaryStageWindow   - FXGLLoadingScene -> GameScene
01:45:50.800 [FXGL Background Thread 3 ] DEBUG Engine               - Logging environment variables
01:45:50.800 [FXGL Background Thread 3 ] DEBUG Engine               - achievements: []
01:45:50.800 [FXGL Background Thread 3 ] DEBUG Engine               - actualHeight: 864.0
01:45:50.800 [FXGL Background Thread 3 ] DEBUG Engine               - actualHeightProperty: ReadOnlyDoubleProperty [value: 864.0]
01:45:50.800 [FXGL Background Thread 3 ] DEBUG Engine               - actualWidth: 1536.0
01:45:50.801 [FXGL Background Thread 3 ] DEBUG Engine               - actualWidthProperty: ReadOnlyDoubleProperty [value: 1536.0]
01:45:50.801 [FXGL Background Thread 3 ] DEBUG Engine               - appIcon: fxgl_icon.png
01:45:50.801 [FXGL Background Thread 3 ] DEBUG Engine               - applicationMode: DEVELOPER
01:45:50.801 [FXGL Background Thread 3 ] DEBUG Engine               - cSSList: [fxgl_dark.css]
01:45:50.801 [FXGL Background Thread 3 ] DEBUG Engine               - collisionDetectionStrategy: BRUTE_FORCE
01:45:50.801 [FXGL Background Thread 3 ] DEBUG Engine               - configClass: Optional.empty
01:45:50.801 [FXGL Background Thread 3 ] DEBUG Engine               - credits: []
01:45:50.802 [FXGL Background Thread 3 ] DEBUG Engine               - defaultCursor: CursorInfo(imageName=fxgl_default_cursor.png, hotspotX=7.0, hotspotY=6.0)
01:45:50.802 [FXGL Background Thread 3 ] DEBUG Engine               - devBBoxColorProperty: ObjectProperty [value: 0xff0000ff]
01:45:50.802 [FXGL Background Thread 3 ] DEBUG Engine               - devEnableDebugCameraProperty: BooleanProperty [value: false]
01:45:50.802 [FXGL Background Thread 3 ] DEBUG Engine               - devSensorColorProperty: ObjectProperty [value: 0xffff00ff]
01:45:50.802 [FXGL Background Thread 3 ] DEBUG Engine               - devShowBBoxProperty: BooleanProperty [value: false]
01:45:50.802 [FXGL Background Thread 3 ] DEBUG Engine               - devShowPositionProperty: BooleanProperty [value: false]
01:45:50.802 [FXGL Background Thread 3 ] DEBUG Engine               - enabledMenuItems: []
01:45:50.803 [FXGL Background Thread 3 ] DEBUG Engine               - engineServices: [class com.almasb.fxgl.app.services.FXGLAssetLoaderService, class com.almasb.fxgl.app.FXGLApplication$GameApplicationService, class com.almasb.fxgl.app.services.FXGLDialogService, class com.almasb.fxgl.app.services.IOTaskExecutorService, class com.almasb.fxgl.io.FileSystemService, class com.almasb.fxgl.localization.LocalizationService, class com.almasb.fxgl.app.services.SystemBundleService, class com.almasb.fxgl.profile.SaveLoadService, class com.almasb.fxgl.ui.FXGLUIFactoryServiceProvider, class com.almasb.fxgl.ui.FXGLDialogFactoryServiceProvider, class com.almasb.fxgl.audio.AudioPlayer, class com.almasb.fxgl.notification.impl.NotificationServiceProvider, class com.almasb.fxgl.achievement.AchievementService, class com.almasb.fxgl.cutscene.CutsceneService, class com.almasb.fxgl.minigames.MiniGameService, class com.almasb.fxgl.net.NetService, class com.almasb.fxgl.app.services.UpdaterService, class com.almasb.fxgl.dev.DevService]
01:45:50.803 [FXGL Background Thread 3 ] DEBUG Engine               - fontGame: Abel-Regular.ttf
01:45:50.803 [FXGL Background Thread 3 ] DEBUG Engine               - fontMono: TerminalLandMono-Regular.otf
01:45:50.803 [FXGL Background Thread 3 ] DEBUG Engine               - fontSizeScaleUI: 1.0
01:45:50.803 [FXGL Background Thread 3 ] DEBUG Engine               - fontText: Courier-Prime.ttf
01:45:50.803 [FXGL Background Thread 3 ] DEBUG Engine               - fontUI: VarelaRound-Regular.ttf
01:45:50.803 [FXGL Background Thread 3 ] DEBUG Engine               - fullScreen: BooleanProperty [value: true]
01:45:50.803 [FXGL Background Thread 3 ] DEBUG Engine               - gameDifficulty: MEDIUM
01:45:50.803 [FXGL Background Thread 3 ] DEBUG Engine               - gameDifficultyProperty: ObjectProperty [value: MEDIUM]
01:45:50.803 [FXGL Background Thread 3 ] DEBUG Engine               - globalMusicVolume: 0.5
01:45:50.803 [FXGL Background Thread 3 ] DEBUG Engine               - globalMusicVolumeProperty: DoubleProperty [value: 0.5]
01:45:50.803 [FXGL Background Thread 3 ] DEBUG Engine               - globalSoundVolume: 0.5
01:45:50.803 [FXGL Background Thread 3 ] DEBUG Engine               - globalSoundVolumeProperty: DoubleProperty [value: 0.5]
01:45:50.803 [FXGL Background Thread 3 ] DEBUG Engine               - height: 720
01:45:50.803 [FXGL Background Thread 3 ] DEBUG Engine               - is3D: false
01:45:50.803 [FXGL Background Thread 3 ] DEBUG Engine               - isAndroid: false
01:45:50.803 [FXGL Background Thread 3 ] DEBUG Engine               - isBrowser: false
01:45:50.803 [FXGL Background Thread 3 ] DEBUG Engine               - isClickFeedbackEnabled: false
01:45:50.804 [FXGL Background Thread 3 ] DEBUG Engine               - isCloseConfirmation: false
01:45:50.804 [FXGL Background Thread 3 ] DEBUG Engine               - isDesktop: true
01:45:50.804 [FXGL Background Thread 3 ] DEBUG Engine               - isDeveloperMenuEnabled: true
01:45:50.804 [FXGL Background Thread 3 ] DEBUG Engine               - isEmbedded: false
01:45:50.804 [FXGL Background Thread 3 ] DEBUG Engine               - isEntityPreloadEnabled: true
01:45:50.804 [FXGL Background Thread 3 ] DEBUG Engine               - isExperimentalTiledLargeMap: false
01:45:50.804 [FXGL Background Thread 3 ] DEBUG Engine               - isFileSystemWriteAllowed: true
01:45:50.804 [FXGL Background Thread 3 ] DEBUG Engine               - isFullScreenAllowed: true
01:45:50.804 [FXGL Background Thread 3 ] DEBUG Engine               - isFullScreenFromStart: true
01:45:50.804 [FXGL Background Thread 3 ] DEBUG Engine               - isGameMenuEnabled: true
01:45:50.804 [FXGL Background Thread 3 ] DEBUG Engine               - isIOS: false
01:45:50.804 [FXGL Background Thread 3 ] DEBUG Engine               - isIntroEnabled: false
01:45:50.804 [FXGL Background Thread 3 ] DEBUG Engine               - isLinux: false
01:45:50.804 [FXGL Background Thread 3 ] DEBUG Engine               - isMac: false
01:45:50.804 [FXGL Background Thread 3 ] DEBUG Engine               - isMainMenuEnabled: false
01:45:50.804 [FXGL Background Thread 3 ] DEBUG Engine               - isManualResizeEnabled: false
01:45:50.804 [FXGL Background Thread 3 ] DEBUG Engine               - isMobile: false
01:45:50.804 [FXGL Background Thread 3 ] DEBUG Engine               - isNative: false
01:45:50.804 [FXGL Background Thread 3 ] DEBUG Engine               - isPauseMusicWhenMinimized: true
01:45:50.804 [FXGL Background Thread 3 ] DEBUG Engine               - isPreserveResizeRatio: false
01:45:50.804 [FXGL Background Thread 3 ] DEBUG Engine               - isProfilingEnabled: false
01:45:50.804 [FXGL Background Thread 3 ] DEBUG Engine               - isScaleAffectedOnResize: true
01:45:50.804 [FXGL Background Thread 3 ] DEBUG Engine               - isSingleStep: false
01:45:50.804 [FXGL Background Thread 3 ] DEBUG Engine               - isUserProfileEnabled: false
01:45:50.804 [FXGL Background Thread 3 ] DEBUG Engine               - isWindows: true
01:45:50.805 [FXGL Background Thread 3 ] DEBUG Engine               - language: ObjectProperty [value: ENGLISH]
01:45:50.805 [FXGL Background Thread 3 ] DEBUG Engine               - menuKey: ESCAPE
01:45:50.805 [FXGL Background Thread 3 ] DEBUG Engine               - mouseSensitivity: 0.2
01:45:50.805 [FXGL Background Thread 3 ] DEBUG Engine               - notificationViewClass: class com.almasb.fxgl.notification.view.XboxNotificationView
01:45:50.805 [FXGL Background Thread 3 ] DEBUG Engine               - pixelsPerMeter: 50.0
01:45:50.805 [FXGL Background Thread 3 ] DEBUG Engine               - platform: WINDOWS
01:45:50.805 [FXGL Background Thread 3 ] DEBUG Engine               - prefHeightProperty: ReadOnlyDoubleProperty [value: 720.0]
01:45:50.805 [FXGL Background Thread 3 ] DEBUG Engine               - prefWidthProperty: ReadOnlyDoubleProperty [value: 1280.0]
01:45:50.805 [FXGL Background Thread 3 ] DEBUG Engine               - profileDir: profiles/
01:45:50.805 [FXGL Background Thread 3 ] DEBUG Engine               - profileName: StringProperty [value: DEFAULT]
01:45:50.805 [FXGL Background Thread 3 ] DEBUG Engine               - randomSeed: -1
01:45:50.805 [FXGL Background Thread 3 ] DEBUG Engine               - runtimeInfo: RuntimeInfo(platform=WINDOWS, version=21.1, build=27.03.2024 07.52)
01:45:50.805 [FXGL Background Thread 3 ] DEBUG Engine               - saveFileExt: sav
01:45:50.805 [FXGL Background Thread 3 ] DEBUG Engine               - scaledHeightProp$fxgl: DoubleProperty [bound, value: 864.0]
01:45:50.805 [FXGL Background Thread 3 ] DEBUG Engine               - scaledWidthProp$fxgl: DoubleProperty [bound, value: 1536.0]
01:45:50.805 [FXGL Background Thread 3 ] DEBUG Engine               - sceneFactory: com.almasb.fxgl.app.scene.SceneFactory@965533f
01:45:50.805 [FXGL Background Thread 3 ] DEBUG Engine               - secondsIn24h: 60
01:45:50.805 [FXGL Background Thread 3 ] DEBUG Engine               - soundMenuBack: menu/back.wav
01:45:50.805 [FXGL Background Thread 3 ] DEBUG Engine               - soundMenuPress: menu/press.wav
01:45:50.805 [FXGL Background Thread 3 ] DEBUG Engine               - soundMenuSelect: menu/select.wav
01:45:50.805 [FXGL Background Thread 3 ] DEBUG Engine               - soundNotification: core/notification.wav
01:45:50.805 [FXGL Background Thread 3 ] DEBUG Engine               - stageStyle: DECORATED
01:45:50.805 [FXGL Background Thread 3 ] DEBUG Engine               - supportedLanguages: [ENGLISH, FRENCH, GERMAN, HUNGARIAN, RUSSIAN]
01:45:50.805 [FXGL Background Thread 3 ] DEBUG Engine               - ticksPerSecond: -1
01:45:50.805 [FXGL Background Thread 3 ] DEBUG Engine               - title: Final Journey
01:45:50.805 [FXGL Background Thread 3 ] DEBUG Engine               - urlGithub: https://github.com/AlmasB/FXGL
01:45:50.805 [FXGL Background Thread 3 ] DEBUG Engine               - urlLeaderboard: http://fxgl-top.herokuapp.com/
01:45:50.805 [FXGL Background Thread 3 ] DEBUG Engine               - urlPOM: https://raw.githubusercontent.com/AlmasB/FXGL/release/README.md
01:45:50.805 [FXGL Background Thread 3 ] DEBUG Engine               - userAppClass: class com.project.App
01:45:50.805 [FXGL Background Thread 3 ] DEBUG Engine               - version: Alpha
01:45:50.805 [FXGL Background Thread 3 ] DEBUG Engine               - versionCheckDays: 7
01:45:50.805 [FXGL Background Thread 3 ] DEBUG Engine               - width: 1280
01:45:50.805 [FXGL Background Thread 3 ] DEBUG Engine               - Logging services
01:45:50.805 [FXGL Background Thread 3 ] DEBUG Engine               - class com.almasb.fxgl.app.services.FXGLAssetLoaderService
01:45:50.807 [FXGL Background Thread 3 ] DEBUG Engine               - class com.almasb.fxgl.app.FXGLApplication$GameApplicationService
01:45:50.807 [FXGL Background Thread 3 ] DEBUG Engine               - class com.almasb.fxgl.app.services.FXGLDialogService
01:45:50.807 [FXGL Background Thread 3 ] DEBUG Engine               - class com.almasb.fxgl.app.services.IOTaskExecutorService
01:45:50.807 [FXGL Background Thread 3 ] DEBUG Engine               - class com.almasb.fxgl.io.FileSystemService
01:45:50.807 [FXGL Background Thread 3 ] DEBUG Engine               - class com.almasb.fxgl.localization.LocalizationService
01:45:50.807 [FXGL Background Thread 3 ] DEBUG Engine               - class com.almasb.fxgl.app.services.SystemBundleService
01:45:50.807 [FXGL Background Thread 3 ] DEBUG Engine               - class com.almasb.fxgl.profile.SaveLoadService
01:45:50.807 [FXGL Background Thread 3 ] DEBUG Engine               - class com.almasb.fxgl.ui.FXGLUIFactoryServiceProvider
01:45:50.807 [FXGL Background Thread 3 ] DEBUG Engine               - class com.almasb.fxgl.ui.FXGLDialogFactoryServiceProvider
01:45:50.807 [FXGL Background Thread 3 ] DEBUG Engine               - class com.almasb.fxgl.audio.AudioPlayer
01:45:50.807 [FXGL Background Thread 3 ] DEBUG Engine               - class com.almasb.fxgl.notification.impl.NotificationServiceProvider
01:45:50.807 [FXGL Background Thread 3 ] DEBUG Engine               - class com.almasb.fxgl.achievement.AchievementService
01:45:50.807 [FXGL Background Thread 3 ] DEBUG Engine               - class com.almasb.fxgl.cutscene.CutsceneService
01:45:50.807 [FXGL Background Thread 3 ] DEBUG Engine               - class com.almasb.fxgl.minigames.MiniGameService
01:45:50.807 [FXGL Background Thread 3 ] DEBUG Engine               - class com.almasb.fxgl.net.NetService
01:45:50.807 [FXGL Background Thread 3 ] DEBUG Engine               - class com.almasb.fxgl.app.services.UpdaterService
01:45:50.807 [FXGL Background Thread 3 ] DEBUG Engine               - class com.almasb.fxgl.dev.DevService
01:46:03.737 [JavaFX Application Thread] DEBUG PrimaryStageWindow   - Push state: FXGLDefaultMenu
01:46:03.746 [JavaFX Application Thread] DEBUG Input                - Clearing active input actions
01:46:03.748 [JavaFX Application Thread] DEBUG GameApplicationServi - Removing overlay from GameScene and adding to FXGLDefaultMenu
01:46:03.750 [JavaFX Application Thread] DEBUG PrimaryStageWindow   - GameScene -> FXGLDefaultMenu
01:46:04.576 [JavaFX Application Thread] DEBUG Menu                 - fireExit()
01:46:04.578 [JavaFX Application Thread] DEBUG PrimaryStageWindow   - Push state: DialogSubScene
01:46:04.578 [JavaFX Application Thread] DEBUG Input                - Clearing active input actions
01:46:04.578 [JavaFX Application Thread] DEBUG GameApplicationServi - Removing overlay from FXGLDefaultMenu and adding to DialogSubScene
01:46:04.579 [JavaFX Application Thread] DEBUG PrimaryStageWindow   - FXGLDefaultMenu -> DialogSubScene
01:46:05.144 [JavaFX Application Thread] DEBUG PrimaryStageWindow   - Pop state: DialogSubScene
01:46:05.145 [JavaFX Application Thread] DEBUG Input                - Clearing active input actions
01:46:05.145 [JavaFX Application Thread] DEBUG GameApplicationServi - Removing overlay from DialogSubScene and adding to FXGLDefaultMenu
01:46:05.146 [JavaFX Application Thread] DEBUG PrimaryStageWindow   - FXGLDefaultMenu <- DialogSubScene
01:46:05.146 [JavaFX Application Thread] DEBUG FXGLApplication      - Exiting FXGL
01:46:05.146 [JavaFX Application Thread] DEBUG LoopRunner           - Stopping loop
01:46:05.146 [JavaFX Application Thread] DEBUG SystemBundleService  - Saving FXGL system data
01:46:05.148 [JavaFX Application Thread] DEBUG FileSystemAccess     - Writing to: C:\Users\frank\Desktop\ProjectFun\myproject\myproject\system\fxgl.bundle
01:46:05.152 [JavaFX Application Thread] DEBUG Async                - Shutting down background threads
01:46:05.152 [JavaFX Application Thread] DEBUG PrimaryStageWindow   - Closing main window
01:46:05.180 [JavaFX Application Thread] DEBUG Logger               - Closing Logger
