23:45:28.147 [main                     ] DEBUG Logger               - Configured Logger
23:45:28.165 [main                     ] DEBUG GameApplication      - Logging settings
Title: Final Journey
Version: Alpha
Width: 1280
Height: 720
Fullscreen: true
Intro: false
Profiling: false
Single step:false
App Mode: DEVELOPER
Menu Key: ESCAPE
Stage Style: DECORATED
Scene Factory: class com.almasb.fxgl.app.scene.SceneFactory

23:45:28.658 [JavaFX Application Thread] DEBUG FXGLApplication      - Initializing FXGL
23:45:28.661 [JavaFX Application Thread] INFO  Engine               - FXGL-21.1 (27.03.2024 07.52) on WINDOWS (J:21.0.5 FX:21.0.1)
23:45:28.662 [JavaFX Application Thread] DEBUG Engine               - JRE Vendor Name: Eclipse Adoptium
23:45:28.662 [JavaFX Application Thread] DEBUG Engine               - Running on OS: Windows 11 version 10.0
23:45:28.662 [JavaFX Application Thread] DEBUG Engine               - Architecture: amd64
23:45:28.662 [JavaFX Application Thread] INFO  Engine               - Source code and latest versions at: https://github.com/AlmasB/FXGL
23:45:28.662 [JavaFX Application Thread] INFO  Engine               -       Ask questions and discuss at: https://github.com/AlmasB/FXGL/discussions
23:45:28.662 [JavaFX Application Thread] INFO  Engine               -              Join the FXGL chat at: https://gitter.im/AlmasB/FXGL
23:45:28.767 [JavaFX Application Thread] DEBUG PrimaryStageWindow   - Creating a JavaFX scene
23:45:28.839 [JavaFX Application Thread] DEBUG PrimaryStageWindow   - Target settings size: 1280.0 x 720.0
23:45:28.839 [JavaFX Application Thread] DEBUG PrimaryStageWindow   - Scaled scene size:    1280.0 x 720.0
23:45:28.840 [JavaFX Application Thread] DEBUG PrimaryStageWindow   - Scaled ratio: (1.0, 1.0)
23:45:28.841 [JavaFX Application Thread] DEBUG PrimaryStageWindow   - Set initial scene to FXGLStartupScene
23:45:28.844 [JavaFX Application Thread] DEBUG PrimaryStageWindow   - Opening main window
23:45:28.965 [JavaFX Application Thread] DEBUG PrimaryStageWindow   - Window border size: (14.4000244140625, 37.5999755859375)
23:45:28.965 [JavaFX Application Thread] DEBUG PrimaryStageWindow   - Scaled size: 1280.0 x 720.0
23:45:28.965 [JavaFX Application Thread] DEBUG PrimaryStageWindow   - Scaled ratio: (1.0, 1.0)
23:45:28.965 [JavaFX Application Thread] DEBUG PrimaryStageWindow   - Scene size: 1280.0 x 720.0
23:45:28.965 [JavaFX Application Thread] DEBUG PrimaryStageWindow   - Stage size: 1294.4000244140625 x 757.5999755859375
23:45:29.070 [JavaFX Application Thread] DEBUG PrimaryStageWindow   - Going fullscreen
23:45:29.079 [FXGL Background Thread 1 ] DEBUG Engine               - Initializing environment variables
23:45:29.137 [FXGL Background Thread 1 ] DEBUG FXGLAssetLoaderServi - User app class for loading assets: class com.project.App
23:45:29.137 [FXGL Background Thread 1 ] DEBUG GameApplicationServi - Applying CSS: fxgl_dark.css
23:45:29.137 [FXGL Background Thread 1 ] DEBUG FXGLAssetLoaderServi - Loading from file system: jar:file:/C:/Users/Lenovo/.m2/repository/com/github/almasb/fxgl/21.1/fxgl-21.1.jar!/fxglassets/ui/css/fxgl_dark.css
23:45:29.176 [FXGL Background Thread 1 ] DEBUG GameApplicationServi - Initializing application scenes
23:45:29.223 [FXGL Background Thread 1 ] DEBUG GameWorld            - Game world initialized
23:45:29.289 [FXGL Background Thread 1 ] DEBUG PhysicsWorld         - Physics world initialized: appHeight=720, physics.ppm=50.0
23:45:29.289 [FXGL Background Thread 1 ] DEBUG PhysicsWorld         - Using strategy: BRUTE_FORCE
23:45:29.292 [FXGL Background Thread 1 ] DEBUG GameScene            - Game scene initialized: 1280x720
23:45:29.302 [FXGL Background Thread 1 ] DEBUG FXGL.DefaultMenu     - createMenuBodyGameMenu()
23:45:29.315 [FXGL Background Thread 1 ] DEBUG FXGL.DefaultMenu     - createOptionsMenu()
23:45:29.324 [FXGL Background Thread 1 ] DEBUG FXGLAssetLoaderServi - Loading from file system: jar:file:/C:/Users/Lenovo/.m2/repository/com/github/almasb/fxgl/21.1/fxgl-21.1.jar!/fxglassets/textures/particles/smoke.png
23:45:29.438 [FXGL Background Thread 1 ] DEBUG FXGLAssetLoaderServi - Loading from file system: jar:file:/C:/Users/Lenovo/.m2/repository/com/github/almasb/fxgl/21.1/fxgl-21.1.jar!/fxglassets/textures/particles/trace_horizontal.png
23:45:29.478 [FXGL Background Thread 1 ] DEBUG GameApplicationServi - Application scenes initialized
23:45:29.491 [FXGL Background Thread 1 ] DEBUG SystemBundleService  - Loading FXGL system data
23:45:29.496 [FXGL Background Thread 1 ] DEBUG FileSystemAccess     - Reading from: C:\Users\Lenovo\ProjectJava3.0\myproject\myproject\system\fxgl.bundle
23:45:29.504 [FXGL Background Thread 1 ] DEBUG SystemBundleService  - Bundle FXGL: {}
23:45:29.505 [FXGL Background Thread 1 ] DEBUG UpdaterService       - Checking for updates
23:45:29.541 [FXGL Background Thread 4 ] DEBUG FXGLApplication      - Loading fonts
23:45:29.541 [FXGL Background Thread 1 ] DEBUG FXGLApplication      - Loading default localization
23:45:29.542 [FXGL Background Thread 4 ] DEBUG FXGLAssetLoaderServi - Loading from file system: jar:file:/C:/Users/Lenovo/.m2/repository/com/github/almasb/fxgl/21.1/fxgl-21.1.jar!/fxglassets/ui/fonts/VarelaRound-Regular.ttf
23:45:29.542 [FXGL Background Thread 1 ] DEBUG FXGLAssetLoaderServi - Loading from file system: jar:file:/C:/Users/Lenovo/.m2/repository/com/github/almasb/fxgl/21.1/fxgl-21.1.jar!/fxglassets/languages/english.lang
23:45:29.579 [FXGL Background Thread 4 ] DEBUG FXGLAssetLoaderServi - Loading from file system: jar:file:/C:/Users/Lenovo/.m2/repository/com/github/almasb/fxgl/21.1/fxgl-21.1.jar!/fxglassets/ui/fonts/Abel-Regular.ttf
23:45:29.582 [FXGL Background Thread 1 ] INFO  FXGLApplication      - FXGL initialization took: 0.503 sec
23:45:29.583 [FXGL Background Thread 4 ] DEBUG FXGLAssetLoaderServi - Loading from file system: jar:file:/C:/Users/Lenovo/.m2/repository/com/github/almasb/fxgl/21.1/fxgl-21.1.jar!/fxglassets/ui/fonts/TerminalLandMono-Regular.otf
23:45:29.587 [FXGL Background Thread 4 ] DEBUG FXGLAssetLoaderServi - Loading from file system: jar:file:/C:/Users/Lenovo/.m2/repository/com/github/almasb/fxgl/21.1/fxgl-21.1.jar!/fxglassets/ui/fonts/Courier-Prime.ttf
23:45:29.595 [JavaFX Application Thread] DEBUG Input                - Registered new binding: Right - D
23:45:29.595 [JavaFX Application Thread] DEBUG Input                - Registered new binding: Left - A
23:45:29.595 [JavaFX Application Thread] DEBUG Input                - Registered new binding: Up - W
23:45:29.595 [JavaFX Application Thread] DEBUG Input                - Registered new binding: Down - S
23:45:29.595 [JavaFX Application Thread] DEBUG Input                - Registered new binding: Interact - E
23:45:29.596 [JavaFX Application Thread] DEBUG FXGLAssetLoaderServi - Loading from file system: jar:file:/C:/Users/Lenovo/.m2/repository/com/github/almasb/fxgl/21.1/fxgl-21.1.jar!/fxglassets/textures/fxgl_icon.png
23:45:29.618 [JavaFX Application Thread] DEBUG FXGLAssetLoaderServi - Loading from file system: jar:file:/C:/Users/Lenovo/.m2/repository/com/github/almasb/fxgl/21.1/fxgl-21.1.jar!/fxglassets/textures/fxgl_default_cursor.png
23:45:29.620 [JavaFX Application Thread] DEBUG Input                - Registered new binding: Screenshot - CTRL+8
23:45:29.620 [JavaFX Application Thread] DEBUG Input                - Registered new binding: Dev Options - 1
23:45:29.621 [JavaFX Application Thread] DEBUG Input                - Registered new binding: Dev Console - 2
23:45:29.621 [JavaFX Application Thread] DEBUG Input                - Registered new binding: System info dump - CTRL+9
23:45:29.622 [JavaFX Application Thread] DEBUG Input                - Registered new binding: Restart - CTRL+R
23:45:29.623 [JavaFX Application Thread] DEBUG Input                - Registered new binding: Toggle Debug Camera - CTRL+7
23:45:29.630 [JavaFX Application Thread] DEBUG LoopRunner           - Starting loop
23:45:29.657 [JavaFX Application Thread] DEBUG LoopRunner           - Initializing JavaFX AnimationTimerLoop
23:45:29.658 [JavaFX Application Thread] DEBUG GameApplicationServi - Starting new game
23:45:29.660 [JavaFX Application Thread] DEBUG Input                - Clearing active input actions
23:45:29.678 [JavaFX Application Thread] DEBUG GameApplicationServi - Removing overlay from FXGLStartupScene and adding to FXGLLoadingScene
23:45:29.686 [JavaFX Application Thread] DEBUG PrimaryStageWindow   - FXGLStartupScene -> FXGLLoadingScene
23:45:29.686 [JavaFX Application Thread] DEBUG GameApplicationServi - Clearing previous game
23:45:29.686 [JavaFX Application Thread] DEBUG GameScene            - Clearing game scene
23:45:29.686 [JavaFX Application Thread] DEBUG GameWorld            - Clearing game world
23:45:29.686 [JavaFX Application Thread] DEBUG PhysicsWorld         - Clearing physics world
23:45:29.687 [FXGL Background Thread 4 ] DEBUG FXGLApplication      - Initializing game
23:45:29.687 [JavaFX Application Thread] DEBUG FXGLApplication      - Registering font factories with UI factory
23:45:29.740 [FXGL Background Thread 4 ] WARN  TMXLevelLoader       - TiledMap generated from 1.11.2. Supported version: 1.9.0. Some features may not be parsed fully.
23:45:29.771 [FXGL Background Thread 4 ] DEBUG TMXLevelLoader       - Parsed TiledMap: file:/C:/Users/Lenovo/ProjectJava3.0/myproject/myproject/target/classes/assets/levels/scene1.tmx
23:45:29.773 [FXGL Background Thread 4 ] DEBUG TMXLevelLoader       - Creating tile layer entities
23:45:29.775 [FXGL Background Thread 4 ] DEBUG TilesetLoader        - Loading view for layer lowefloor
23:45:29.776 [FXGL Background Thread 4 ] DEBUG TilesetLoader        - Created buffer with size 512.0x1024.0
23:45:29.851 [FXGL Background Thread 4 ] DEBUG TilesetLoader        - Loading view for layer cliff
23:45:29.851 [FXGL Background Thread 4 ] DEBUG TilesetLoader        - Created buffer with size 512.0x1024.0
23:45:29.852 [FXGL Background Thread 4 ] DEBUG TilesetLoader        - Loading view for layer cliff1
23:45:29.853 [FXGL Background Thread 4 ] DEBUG TilesetLoader        - Created buffer with size 512.0x1024.0
23:45:29.853 [FXGL Background Thread 4 ] DEBUG TilesetLoader        - Loading view for layer cliff2
23:45:29.854 [FXGL Background Thread 4 ] DEBUG TilesetLoader        - Created buffer with size 512.0x1024.0
23:45:29.855 [FXGL Background Thread 4 ] DEBUG TilesetLoader        - Loading view for layer Tile Layer 3
23:45:29.855 [FXGL Background Thread 4 ] DEBUG TilesetLoader        - Created buffer with size 512.0x1024.0
23:45:29.856 [FXGL Background Thread 4 ] DEBUG TilesetLoader        - Loading view for layer Tile Layer 6
23:45:29.857 [FXGL Background Thread 4 ] DEBUG TilesetLoader        - Created buffer with size 512.0x1024.0
23:45:29.943 [FXGL Background Thread 4 ] DEBUG TilesetLoader        - Loading view for layer prop
23:45:29.944 [FXGL Background Thread 4 ] DEBUG TilesetLoader        - Created buffer with size 512.0x1024.0
23:45:29.944 [FXGL Background Thread 4 ] DEBUG TMXLevelLoader       - Creating object layer entities
23:45:29.979 [FXGL Background Thread 4 ] DEBUG FXGLAssetLoaderServi - Loading from file system: file:/C:/Users/Lenovo/ProjectJava3.0/myproject/myproject/target/classes/assets/textures/Rafflesia.png
23:45:29.998 [FXGL Background Thread 4 ] WARN  TMXLevelLoader       - TiledMap generated from 1.11.2. Supported version: 1.9.0. Some features may not be parsed fully.
23:45:30.018 [FXGL Background Thread 4 ] DEBUG TMXLevelLoader       - Parsed TiledMap: file:/C:/Users/Lenovo/ProjectJava3.0/myproject/myproject/target/classes/assets/levels/scene1.tmx
23:45:30.019 [FXGL Background Thread 4 ] DEBUG TMXLevelLoader       - Creating tile layer entities
23:45:30.019 [FXGL Background Thread 4 ] DEBUG TilesetLoader        - Loading view for layer lowefloor
23:45:30.020 [FXGL Background Thread 4 ] DEBUG TilesetLoader        - Created buffer with size 512.0x1024.0
23:45:30.047 [FXGL Background Thread 4 ] DEBUG TilesetLoader        - Loading view for layer cliff
23:45:30.048 [FXGL Background Thread 4 ] DEBUG TilesetLoader        - Created buffer with size 512.0x1024.0
23:45:30.050 [FXGL Background Thread 4 ] DEBUG TilesetLoader        - Loading view for layer cliff1
23:45:30.050 [FXGL Background Thread 4 ] DEBUG TilesetLoader        - Created buffer with size 512.0x1024.0
23:45:30.051 [FXGL Background Thread 4 ] DEBUG TilesetLoader        - Loading view for layer cliff2
23:45:30.052 [FXGL Background Thread 4 ] DEBUG TilesetLoader        - Created buffer with size 512.0x1024.0
23:45:30.053 [FXGL Background Thread 4 ] DEBUG TilesetLoader        - Loading view for layer Tile Layer 3
23:45:30.054 [FXGL Background Thread 4 ] DEBUG TilesetLoader        - Created buffer with size 512.0x1024.0
23:45:30.055 [FXGL Background Thread 4 ] DEBUG TilesetLoader        - Loading view for layer Tile Layer 6
23:45:30.056 [FXGL Background Thread 4 ] DEBUG TilesetLoader        - Created buffer with size 512.0x1024.0
23:45:30.109 [FXGL Background Thread 4 ] DEBUG TilesetLoader        - Loading view for layer prop
23:45:30.110 [FXGL Background Thread 4 ] DEBUG TilesetLoader        - Created buffer with size 512.0x1024.0
23:45:30.111 [FXGL Background Thread 4 ] DEBUG TMXLevelLoader       - Creating object layer entities
23:45:30.126 [FXGL Background Thread 4 ] DEBUG GameWorld            - Clearing removable entities
23:45:30.127 [FXGL Background Thread 4 ] DEBUG GameWorld            - Setting level: com.almasb.fxgl.entity.level.Level@e1d26c4
23:45:30.144 [FXGL Background Thread 4 ] DEBUG FXGLAssetLoaderServi - Loading from file system: file:/C:/Users/Lenovo/ProjectJava3.0/myproject/myproject/target/classes/assets/textures/Actor1.png
23:45:30.153 [FXGL Background Thread 4 ] INFO  FXGLApplication      - Game initialization took: 0.465 sec
23:45:30.157 [JavaFX Application Thread] DEBUG Input                - Clearing active input actions
23:45:30.169 [JavaFX Application Thread] DEBUG GameApplicationServi - Removing overlay from FXGLLoadingScene and adding to GameScene
23:45:30.173 [JavaFX Application Thread] DEBUG PrimaryStageWindow   - FXGLLoadingScene -> GameScene
23:45:32.505 [JavaFX Application Thread] DEBUG EventBus             - Firing event: com.GameEvent.NextScene[source=javafx.event.Event$$Lambda/0x0000022c89174090@6cca2fc6]
23:45:32.510 [JavaFX Application Thread] WARN  TMXLevelLoader       - TiledMap generated from 1.11.2. Supported version: 1.9.0. Some features may not be parsed fully.
23:45:32.521 [JavaFX Application Thread] DEBUG TMXLevelLoader       - Parsed TiledMap: file:/C:/Users/Lenovo/ProjectJava3.0/myproject/myproject/target/classes/assets/levels/scene2.tmx
23:45:32.522 [JavaFX Application Thread] DEBUG TMXLevelLoader       - Creating tile layer entities
23:45:32.524 [JavaFX Application Thread] DEBUG TilesetLoader        - Loading view for layer Tile Layer 1
23:45:32.529 [JavaFX Application Thread] DEBUG TilesetLoader        - Created buffer with size 1024.0x1024.0
23:45:32.540 [FXGL Background Thread 3 ] DEBUG Engine               - Logging environment variables
23:45:32.541 [FXGL Background Thread 3 ] DEBUG Engine               - achievements: []
23:45:32.541 [FXGL Background Thread 3 ] DEBUG Engine               - actualHeight: 864.0
23:45:32.542 [FXGL Background Thread 3 ] DEBUG Engine               - actualHeightProperty: ReadOnlyDoubleProperty [value: 864.0]
23:45:32.542 [FXGL Background Thread 3 ] DEBUG Engine               - actualWidth: 1536.0
23:45:32.542 [FXGL Background Thread 3 ] DEBUG Engine               - actualWidthProperty: ReadOnlyDoubleProperty [value: 1536.0]
23:45:32.542 [FXGL Background Thread 3 ] DEBUG Engine               - appIcon: fxgl_icon.png
23:45:32.542 [FXGL Background Thread 3 ] DEBUG Engine               - applicationMode: DEVELOPER
23:45:32.542 [FXGL Background Thread 3 ] DEBUG Engine               - cSSList: [fxgl_dark.css]
23:45:32.542 [FXGL Background Thread 3 ] DEBUG Engine               - collisionDetectionStrategy: BRUTE_FORCE
23:45:32.542 [FXGL Background Thread 3 ] DEBUG Engine               - configClass: Optional.empty
23:45:32.542 [FXGL Background Thread 3 ] DEBUG Engine               - credits: []
23:45:32.543 [FXGL Background Thread 3 ] DEBUG Engine               - defaultCursor: CursorInfo(imageName=fxgl_default_cursor.png, hotspotX=7.0, hotspotY=6.0)
23:45:32.543 [FXGL Background Thread 3 ] DEBUG Engine               - devBBoxColorProperty: ObjectProperty [value: 0xff0000ff]
23:45:32.543 [FXGL Background Thread 3 ] DEBUG Engine               - devEnableDebugCameraProperty: BooleanProperty [value: false]
23:45:32.544 [FXGL Background Thread 3 ] DEBUG Engine               - devSensorColorProperty: ObjectProperty [value: 0xffff00ff]
23:45:32.544 [FXGL Background Thread 3 ] DEBUG Engine               - devShowBBoxProperty: BooleanProperty [value: false]
23:45:32.544 [FXGL Background Thread 3 ] DEBUG Engine               - devShowPositionProperty: BooleanProperty [value: false]
23:45:32.544 [FXGL Background Thread 3 ] DEBUG Engine               - enabledMenuItems: []
23:45:32.544 [FXGL Background Thread 3 ] DEBUG Engine               - engineServices: [class com.almasb.fxgl.app.services.FXGLAssetLoaderService, class com.almasb.fxgl.app.FXGLApplication$GameApplicationService, class com.almasb.fxgl.app.services.FXGLDialogService, class com.almasb.fxgl.app.services.IOTaskExecutorService, class com.almasb.fxgl.io.FileSystemService, class com.almasb.fxgl.localization.LocalizationService, class com.almasb.fxgl.app.services.SystemBundleService, class com.almasb.fxgl.profile.SaveLoadService, class com.almasb.fxgl.ui.FXGLUIFactoryServiceProvider, class com.almasb.fxgl.ui.FXGLDialogFactoryServiceProvider, class com.almasb.fxgl.audio.AudioPlayer, class com.almasb.fxgl.notification.impl.NotificationServiceProvider, class com.almasb.fxgl.achievement.AchievementService, class com.almasb.fxgl.cutscene.CutsceneService, class com.almasb.fxgl.minigames.MiniGameService, class com.almasb.fxgl.net.NetService, class com.almasb.fxgl.app.services.UpdaterService, class com.almasb.fxgl.dev.DevService]
23:45:32.544 [FXGL Background Thread 3 ] DEBUG Engine               - fontGame: Abel-Regular.ttf
23:45:32.544 [FXGL Background Thread 3 ] DEBUG Engine               - fontMono: TerminalLandMono-Regular.otf
23:45:32.545 [FXGL Background Thread 3 ] DEBUG Engine               - fontSizeScaleUI: 1.0
23:45:32.545 [FXGL Background Thread 3 ] DEBUG Engine               - fontText: Courier-Prime.ttf
23:45:32.545 [FXGL Background Thread 3 ] DEBUG Engine               - fontUI: VarelaRound-Regular.ttf
23:45:32.545 [FXGL Background Thread 3 ] DEBUG Engine               - fullScreen: BooleanProperty [value: true]
23:45:32.545 [FXGL Background Thread 3 ] DEBUG Engine               - gameDifficulty: MEDIUM
23:45:32.545 [FXGL Background Thread 3 ] DEBUG Engine               - gameDifficultyProperty: ObjectProperty [value: MEDIUM]
23:45:32.545 [FXGL Background Thread 3 ] DEBUG Engine               - globalMusicVolume: 0.5
23:45:32.545 [FXGL Background Thread 3 ] DEBUG Engine               - globalMusicVolumeProperty: DoubleProperty [value: 0.5]
23:45:32.546 [FXGL Background Thread 3 ] DEBUG Engine               - globalSoundVolume: 0.5
23:45:32.546 [FXGL Background Thread 3 ] DEBUG Engine               - globalSoundVolumeProperty: DoubleProperty [value: 0.5]
23:45:32.546 [FXGL Background Thread 3 ] DEBUG Engine               - height: 720
23:45:32.546 [FXGL Background Thread 3 ] DEBUG Engine               - is3D: false
23:45:32.546 [FXGL Background Thread 3 ] DEBUG Engine               - isAndroid: false
23:45:32.546 [FXGL Background Thread 3 ] DEBUG Engine               - isBrowser: false
23:45:32.546 [FXGL Background Thread 3 ] DEBUG Engine               - isClickFeedbackEnabled: false
23:45:32.546 [FXGL Background Thread 3 ] DEBUG Engine               - isCloseConfirmation: false
23:45:32.546 [FXGL Background Thread 3 ] DEBUG Engine               - isDesktop: true
23:45:32.546 [FXGL Background Thread 3 ] DEBUG Engine               - isDeveloperMenuEnabled: true
23:45:32.546 [FXGL Background Thread 3 ] DEBUG Engine               - isEmbedded: false
23:45:32.546 [FXGL Background Thread 3 ] DEBUG Engine               - isEntityPreloadEnabled: true
23:45:32.546 [FXGL Background Thread 3 ] DEBUG Engine               - isExperimentalTiledLargeMap: false
23:45:32.546 [FXGL Background Thread 3 ] DEBUG Engine               - isFileSystemWriteAllowed: true
23:45:32.547 [FXGL Background Thread 3 ] DEBUG Engine               - isFullScreenAllowed: true
23:45:32.547 [FXGL Background Thread 3 ] DEBUG Engine               - isFullScreenFromStart: true
23:45:32.547 [FXGL Background Thread 3 ] DEBUG Engine               - isGameMenuEnabled: true
23:45:32.547 [FXGL Background Thread 3 ] DEBUG Engine               - isIOS: false
23:45:32.547 [FXGL Background Thread 3 ] DEBUG Engine               - isIntroEnabled: false
23:45:32.547 [FXGL Background Thread 3 ] DEBUG Engine               - isLinux: false
23:45:32.547 [FXGL Background Thread 3 ] DEBUG Engine               - isMac: false
23:45:32.547 [FXGL Background Thread 3 ] DEBUG Engine               - isMainMenuEnabled: false
23:45:32.547 [FXGL Background Thread 3 ] DEBUG Engine               - isManualResizeEnabled: false
23:45:32.547 [FXGL Background Thread 3 ] DEBUG Engine               - isMobile: false
23:45:32.547 [FXGL Background Thread 3 ] DEBUG Engine               - isNative: false
23:45:32.547 [FXGL Background Thread 3 ] DEBUG Engine               - isPauseMusicWhenMinimized: true
23:45:32.548 [FXGL Background Thread 3 ] DEBUG Engine               - isPreserveResizeRatio: false
23:45:32.548 [FXGL Background Thread 3 ] DEBUG Engine               - isProfilingEnabled: false
23:45:32.548 [FXGL Background Thread 3 ] DEBUG Engine               - isScaleAffectedOnResize: true
23:45:32.548 [FXGL Background Thread 3 ] DEBUG Engine               - isSingleStep: false
23:45:32.548 [FXGL Background Thread 3 ] DEBUG Engine               - isUserProfileEnabled: false
23:45:32.548 [FXGL Background Thread 3 ] DEBUG Engine               - isWindows: true
23:45:32.548 [FXGL Background Thread 3 ] DEBUG Engine               - language: ObjectProperty [value: ENGLISH]
23:45:32.548 [FXGL Background Thread 3 ] DEBUG Engine               - menuKey: ESCAPE
23:45:32.548 [FXGL Background Thread 3 ] DEBUG Engine               - mouseSensitivity: 0.2
23:45:32.548 [FXGL Background Thread 3 ] DEBUG Engine               - notificationViewClass: class com.almasb.fxgl.notification.view.XboxNotificationView
23:45:32.548 [FXGL Background Thread 3 ] DEBUG Engine               - pixelsPerMeter: 50.0
23:45:32.548 [FXGL Background Thread 3 ] DEBUG Engine               - platform: WINDOWS
23:45:32.548 [FXGL Background Thread 3 ] DEBUG Engine               - prefHeightProperty: ReadOnlyDoubleProperty [value: 720.0]
23:45:32.548 [FXGL Background Thread 3 ] DEBUG Engine               - prefWidthProperty: ReadOnlyDoubleProperty [value: 1280.0]
23:45:32.548 [FXGL Background Thread 3 ] DEBUG Engine               - profileDir: profiles/
23:45:32.549 [FXGL Background Thread 3 ] DEBUG Engine               - profileName: StringProperty [value: DEFAULT]
23:45:32.549 [FXGL Background Thread 3 ] DEBUG Engine               - randomSeed: -1
23:45:32.549 [FXGL Background Thread 3 ] DEBUG Engine               - runtimeInfo: RuntimeInfo(platform=WINDOWS, version=21.1, build=27.03.2024 07.52)
23:45:32.549 [FXGL Background Thread 3 ] DEBUG Engine               - saveFileExt: sav
23:45:32.549 [FXGL Background Thread 3 ] DEBUG Engine               - scaledHeightProp$fxgl: DoubleProperty [bound, value: 864.0]
23:45:32.549 [FXGL Background Thread 3 ] DEBUG Engine               - scaledWidthProp$fxgl: DoubleProperty [bound, value: 1536.0]
23:45:32.549 [FXGL Background Thread 3 ] DEBUG Engine               - sceneFactory: com.almasb.fxgl.app.scene.SceneFactory@965533f
23:45:32.549 [FXGL Background Thread 3 ] DEBUG Engine               - secondsIn24h: 60
23:45:32.549 [FXGL Background Thread 3 ] DEBUG Engine               - soundMenuBack: menu/back.wav
23:45:32.549 [FXGL Background Thread 3 ] DEBUG Engine               - soundMenuPress: menu/press.wav
23:45:32.549 [FXGL Background Thread 3 ] DEBUG Engine               - soundMenuSelect: menu/select.wav
23:45:32.549 [FXGL Background Thread 3 ] DEBUG Engine               - soundNotification: core/notification.wav
23:45:32.549 [FXGL Background Thread 3 ] DEBUG Engine               - stageStyle: DECORATED
23:45:32.549 [FXGL Background Thread 3 ] DEBUG Engine               - supportedLanguages: [ENGLISH, FRENCH, GERMAN, HUNGARIAN, RUSSIAN]
23:45:32.549 [FXGL Background Thread 3 ] DEBUG Engine               - ticksPerSecond: -1
23:45:32.549 [FXGL Background Thread 3 ] DEBUG Engine               - title: Final Journey
23:45:32.549 [FXGL Background Thread 3 ] DEBUG Engine               - urlGithub: https://github.com/AlmasB/FXGL
23:45:32.549 [FXGL Background Thread 3 ] DEBUG Engine               - urlLeaderboard: http://fxgl-top.herokuapp.com/
23:45:32.549 [FXGL Background Thread 3 ] DEBUG Engine               - urlPOM: https://raw.githubusercontent.com/AlmasB/FXGL/release/README.md
23:45:32.549 [FXGL Background Thread 3 ] DEBUG Engine               - userAppClass: class com.project.App
23:45:32.549 [FXGL Background Thread 3 ] DEBUG Engine               - version: Alpha
23:45:32.549 [FXGL Background Thread 3 ] DEBUG Engine               - versionCheckDays: 7
23:45:32.549 [FXGL Background Thread 3 ] DEBUG Engine               - width: 1280
23:45:32.549 [FXGL Background Thread 3 ] DEBUG Engine               - Logging services
23:45:32.550 [FXGL Background Thread 3 ] DEBUG Engine               - class com.almasb.fxgl.app.services.FXGLAssetLoaderService
23:45:32.550 [FXGL Background Thread 3 ] DEBUG Engine               - class com.almasb.fxgl.app.FXGLApplication$GameApplicationService
23:45:32.550 [FXGL Background Thread 3 ] DEBUG Engine               - class com.almasb.fxgl.app.services.FXGLDialogService
23:45:32.550 [FXGL Background Thread 3 ] DEBUG Engine               - class com.almasb.fxgl.app.services.IOTaskExecutorService
23:45:32.550 [FXGL Background Thread 3 ] DEBUG Engine               - class com.almasb.fxgl.io.FileSystemService
23:45:32.550 [FXGL Background Thread 3 ] DEBUG Engine               - class com.almasb.fxgl.localization.LocalizationService
23:45:32.550 [FXGL Background Thread 3 ] DEBUG Engine               - class com.almasb.fxgl.app.services.SystemBundleService
23:45:32.550 [FXGL Background Thread 3 ] DEBUG Engine               - class com.almasb.fxgl.profile.SaveLoadService
23:45:32.550 [FXGL Background Thread 3 ] DEBUG Engine               - class com.almasb.fxgl.ui.FXGLUIFactoryServiceProvider
23:45:32.550 [FXGL Background Thread 3 ] DEBUG Engine               - class com.almasb.fxgl.ui.FXGLDialogFactoryServiceProvider
23:45:32.550 [FXGL Background Thread 3 ] DEBUG Engine               - class com.almasb.fxgl.audio.AudioPlayer
23:45:32.550 [FXGL Background Thread 3 ] DEBUG Engine               - class com.almasb.fxgl.notification.impl.NotificationServiceProvider
23:45:32.550 [FXGL Background Thread 3 ] DEBUG Engine               - class com.almasb.fxgl.achievement.AchievementService
23:45:32.550 [FXGL Background Thread 3 ] DEBUG Engine               - class com.almasb.fxgl.cutscene.CutsceneService
23:45:32.550 [FXGL Background Thread 3 ] DEBUG Engine               - class com.almasb.fxgl.minigames.MiniGameService
23:45:32.550 [FXGL Background Thread 3 ] DEBUG Engine               - class com.almasb.fxgl.net.NetService
23:45:32.550 [FXGL Background Thread 3 ] DEBUG Engine               - class com.almasb.fxgl.app.services.UpdaterService
23:45:32.550 [FXGL Background Thread 3 ] DEBUG Engine               - class com.almasb.fxgl.dev.DevService
23:45:32.612 [JavaFX Application Thread] DEBUG TMXLevelLoader       - Creating object layer entities
23:45:32.620 [JavaFX Application Thread] DEBUG FXGLAssetLoaderServi - Loading from file system: file:/C:/Users/Lenovo/ProjectJava3.0/myproject/myproject/target/classes/assets/textures/CultistAni.png
23:45:32.622 [JavaFX Application Thread] DEBUG GameWorld            - Clearing removable entities
23:45:32.629 [JavaFX Application Thread] DEBUG GameWorld            - Setting level: com.almasb.fxgl.entity.level.Level@703dbd70
23:45:32.631 [JavaFX Application Thread] WARN  TMXLevelLoader       - TiledMap generated from 1.11.2. Supported version: 1.9.0. Some features may not be parsed fully.
23:45:32.636 [JavaFX Application Thread] DEBUG TMXLevelLoader       - Parsed TiledMap: file:/C:/Users/Lenovo/ProjectJava3.0/myproject/myproject/target/classes/assets/levels/scene2.tmx
23:45:32.636 [JavaFX Application Thread] DEBUG TMXLevelLoader       - Creating tile layer entities
23:45:32.637 [JavaFX Application Thread] DEBUG TilesetLoader        - Loading view for layer Tile Layer 1
23:45:32.638 [JavaFX Application Thread] DEBUG TilesetLoader        - Created buffer with size 1024.0x1024.0
23:45:32.704 [JavaFX Application Thread] DEBUG TMXLevelLoader       - Creating object layer entities
23:45:33.344 [JavaFX Application Thread] DEBUG EventBus             - Firing event: com.GameEvent.NextScene[source=javafx.event.Event$$Lambda/0x0000022c89174090@6cca2fc6]
23:45:33.346 [JavaFX Application Thread] WARN  TMXLevelLoader       - TiledMap generated from 1.11.2. Supported version: 1.9.0. Some features may not be parsed fully.
23:45:33.352 [JavaFX Application Thread] DEBUG TMXLevelLoader       - Parsed TiledMap: file:/C:/Users/Lenovo/ProjectJava3.0/myproject/myproject/target/classes/assets/levels/scene3.tmx
23:45:33.352 [JavaFX Application Thread] DEBUG TMXLevelLoader       - Creating tile layer entities
23:45:33.352 [JavaFX Application Thread] DEBUG TilesetLoader        - Loading view for layer Tile Layer 1
23:45:33.360 [JavaFX Application Thread] DEBUG TilesetLoader        - Created buffer with size 2048.0x1024.0
23:45:33.462 [JavaFX Application Thread] DEBUG TMXLevelLoader       - Creating object layer entities
23:45:33.466 [JavaFX Application Thread] DEBUG FXGLAssetLoaderServi - Loading from file system: file:/C:/Users/Lenovo/ProjectJava3.0/myproject/myproject/target/classes/assets/textures/DuessaAni.png
23:45:33.468 [JavaFX Application Thread] DEBUG GameWorld            - Clearing removable entities
23:45:33.470 [JavaFX Application Thread] DEBUG GameWorld            - Setting level: com.almasb.fxgl.entity.level.Level@75d4904d
23:45:33.473 [JavaFX Application Thread] WARN  TMXLevelLoader       - TiledMap generated from 1.11.2. Supported version: 1.9.0. Some features may not be parsed fully.
23:45:33.476 [JavaFX Application Thread] DEBUG TMXLevelLoader       - Parsed TiledMap: file:/C:/Users/Lenovo/ProjectJava3.0/myproject/myproject/target/classes/assets/levels/scene3.tmx
23:45:33.476 [JavaFX Application Thread] DEBUG TMXLevelLoader       - Creating tile layer entities
23:45:33.476 [JavaFX Application Thread] DEBUG TilesetLoader        - Loading view for layer Tile Layer 1
23:45:33.477 [JavaFX Application Thread] DEBUG TilesetLoader        - Created buffer with size 2048.0x1024.0
23:45:33.572 [JavaFX Application Thread] DEBUG TMXLevelLoader       - Creating object layer entities
23:45:34.986 [JavaFX Application Thread] DEBUG FXGLAssetLoaderServi - Loading from file system: file:/C:/Users/Lenovo/ProjectJava3.0/myproject/myproject/target/classes/assets/text/filetext.txt
23:45:34.987 [JavaFX Application Thread] DEBUG EventBus             - Firing event: com.GameEvent.CombatScene[source=javafx.event.Event$$Lambda/0x0000022c89174090@6cca2fc6]
23:45:34.991 [JavaFX Application Thread] WARN  TMXLevelLoader       - TiledMap generated from 1.11.2. Supported version: 1.9.0. Some features may not be parsed fully.
23:45:34.994 [JavaFX Application Thread] DEBUG TMXLevelLoader       - Parsed TiledMap: file:/C:/Users/Lenovo/ProjectJava3.0/myproject/myproject/target/classes/assets/levels/battle3.tmx
23:45:34.994 [JavaFX Application Thread] DEBUG TMXLevelLoader       - Creating tile layer entities
23:45:34.995 [JavaFX Application Thread] DEBUG TilesetLoader        - Loading view for layer Tile Layer 1
23:45:34.996 [JavaFX Application Thread] DEBUG TilesetLoader        - Created buffer with size 2048.0x1024.0
23:45:35.413 [JavaFX Application Thread] DEBUG TMXLevelLoader       - Creating object layer entities
23:45:35.415 [JavaFX Application Thread] DEBUG FXGLAssetLoaderServi - Loading from file system: file:/C:/Users/Lenovo/ProjectJava3.0/myproject/myproject/target/classes/assets/textures/marsha.png
23:45:35.587 [JavaFX Application Thread] DEBUG FXGLAssetLoaderServi - Loading from file system: file:/C:/Users/Lenovo/ProjectJava3.0/myproject/myproject/target/classes/assets/textures/Reid.png
23:45:35.747 [JavaFX Application Thread] DEBUG FXGLAssetLoaderServi - Loading from file system: file:/C:/Users/Lenovo/ProjectJava3.0/myproject/myproject/target/classes/assets/textures/King%20Archial.png
23:45:35.761 [JavaFX Application Thread] DEBUG FXGLAssetLoaderServi - Loading from file system: file:/C:/Users/Lenovo/ProjectJava3.0/myproject/myproject/target/classes/assets/textures/Knight%20Michael.png
23:45:35.772 [JavaFX Application Thread] DEBUG FXGLAssetLoaderServi - Loading from file system: file:/C:/Users/Lenovo/ProjectJava3.0/myproject/myproject/target/classes/assets/textures/Emprss%20Duessa.png
23:45:35.786 [JavaFX Application Thread] DEBUG GameWorld            - Clearing removable entities
23:45:35.788 [JavaFX Application Thread] DEBUG GameWorld            - Setting level: com.almasb.fxgl.entity.level.Level@3217f6e2
23:45:35.791 [JavaFX Application Thread] WARN  TMXLevelLoader       - TiledMap generated from 1.11.2. Supported version: 1.9.0. Some features may not be parsed fully.
23:45:35.793 [JavaFX Application Thread] DEBUG TMXLevelLoader       - Parsed TiledMap: file:/C:/Users/Lenovo/ProjectJava3.0/myproject/myproject/target/classes/assets/levels/scene3.tmx
23:45:35.793 [JavaFX Application Thread] DEBUG TMXLevelLoader       - Creating tile layer entities
23:45:35.793 [JavaFX Application Thread] DEBUG TilesetLoader        - Loading view for layer Tile Layer 1
23:45:35.794 [JavaFX Application Thread] DEBUG TilesetLoader        - Created buffer with size 2048.0x1024.0
23:45:35.880 [JavaFX Application Thread] DEBUG TMXLevelLoader       - Creating object layer entities
01:40:32.554 [JavaFX Application Thread] DEBUG FXGLApplication      - Exiting FXGL
01:40:32.555 [JavaFX Application Thread] DEBUG LoopRunner           - Stopping loop
01:40:32.555 [JavaFX Application Thread] DEBUG SystemBundleService  - Saving FXGL system data
01:40:32.561 [JavaFX Application Thread] DEBUG FileSystemAccess     - Writing to: C:\Users\Lenovo\ProjectJava3.0\myproject\myproject\system\fxgl.bundle
01:40:32.566 [JavaFX Application Thread] DEBUG Async                - Shutting down background threads
01:40:32.566 [JavaFX Application Thread] DEBUG PrimaryStageWindow   - Closing main window
01:40:32.603 [JavaFX Application Thread] DEBUG Logger               - Closing Logger
