03:38:57.950 [main                     ] DEBUG Logger               - Configured Logger
03:38:57.971 [main                     ] DEBUG GameApplication      - Logging settings
Title: Final Journey
Version: Alpha
Width: 1280
Height: 720
Fullscreen: true
Intro: false
Profiling: false
Single step:false
App Mode: DEVELOPER
Menu Key: ESCAPE
Stage Style: DECORATED
Scene Factory: class com.almasb.fxgl.app.scene.SceneFactory

03:38:58.475 [JavaFX Application Thread] DEBUG FXGLApplication      - Initializing FXGL
03:38:58.478 [JavaFX Application Thread] INFO  Engine               - FXGL-21.1 (27.03.2024 07.52) on WINDOWS (J:21.0.5 FX:21.0.1)
03:38:58.478 [JavaFX Application Thread] DEBUG Engine               - JRE Vendor Name: Eclipse Adoptium
03:38:58.479 [JavaFX Application Thread] DEBUG Engine               - Running on OS: Windows 11 version 10.0
03:38:58.479 [JavaFX Application Thread] DEBUG Engine               - Architecture: amd64
03:38:58.479 [JavaFX Application Thread] INFO  Engine               - Source code and latest versions at: https://github.com/AlmasB/FXGL
03:38:58.479 [JavaFX Application Thread] INFO  Engine               -       Ask questions and discuss at: https://github.com/AlmasB/FXGL/discussions
03:38:58.480 [JavaFX Application Thread] INFO  Engine               -              Join the FXGL chat at: https://gitter.im/AlmasB/FXGL
03:38:58.596 [JavaFX Application Thread] DEBUG PrimaryStageWindow   - Creating a JavaFX scene
03:38:58.653 [JavaFX Application Thread] DEBUG PrimaryStageWindow   - Target settings size: 1280.0 x 720.0
03:38:58.653 [JavaFX Application Thread] DEBUG PrimaryStageWindow   - Scaled scene size:    1280.0 x 720.0
03:38:58.654 [JavaFX Application Thread] DEBUG PrimaryStageWindow   - Scaled ratio: (1.0, 1.0)
03:38:58.655 [JavaFX Application Thread] DEBUG PrimaryStageWindow   - Set initial scene to FXGLStartupScene
03:38:58.660 [JavaFX Application Thread] DEBUG PrimaryStageWindow   - Opening main window
03:38:58.786 [JavaFX Application Thread] DEBUG PrimaryStageWindow   - Window border size: (14.4000244140625, 37.5999755859375)
03:38:58.786 [JavaFX Application Thread] DEBUG PrimaryStageWindow   - Scaled size: 1280.0 x 720.0
03:38:58.786 [JavaFX Application Thread] DEBUG PrimaryStageWindow   - Scaled ratio: (1.0, 1.0)
03:38:58.786 [JavaFX Application Thread] DEBUG PrimaryStageWindow   - Scene size: 1280.0 x 720.0
03:38:58.786 [JavaFX Application Thread] DEBUG PrimaryStageWindow   - Stage size: 1294.4000244140625 x 757.5999755859375
03:38:58.860 [JavaFX Application Thread] DEBUG PrimaryStageWindow   - Going fullscreen
03:38:58.871 [FXGL Background Thread 1 ] DEBUG Engine               - Initializing environment variables
03:38:58.932 [FXGL Background Thread 1 ] DEBUG FXGLAssetLoaderServi - User app class for loading assets: class com.project.App
03:38:58.933 [FXGL Background Thread 1 ] DEBUG GameApplicationServi - Applying CSS: fxgl_dark.css
03:38:58.934 [FXGL Background Thread 1 ] DEBUG FXGLAssetLoaderServi - Loading from file system: jar:file:/C:/Users/Lenovo/.m2/repository/com/github/almasb/fxgl/21.1/fxgl-21.1.jar!/fxglassets/ui/css/fxgl_dark.css
03:38:58.974 [FXGL Background Thread 1 ] DEBUG GameApplicationServi - Initializing application scenes
03:38:59.032 [FXGL Background Thread 1 ] DEBUG GameWorld            - Game world initialized
03:38:59.100 [FXGL Background Thread 1 ] DEBUG PhysicsWorld         - Physics world initialized: appHeight=720, physics.ppm=50.0
03:38:59.100 [FXGL Background Thread 1 ] DEBUG PhysicsWorld         - Using strategy: BRUTE_FORCE
03:38:59.105 [FXGL Background Thread 1 ] DEBUG GameScene            - Game scene initialized: 1280x720
03:38:59.116 [FXGL Background Thread 1 ] DEBUG FXGL.DefaultMenu     - createMenuBodyGameMenu()
03:38:59.130 [FXGL Background Thread 1 ] DEBUG FXGL.DefaultMenu     - createOptionsMenu()
03:38:59.140 [FXGL Background Thread 1 ] DEBUG FXGLAssetLoaderServi - Loading from file system: jar:file:/C:/Users/Lenovo/.m2/repository/com/github/almasb/fxgl/21.1/fxgl-21.1.jar!/fxglassets/textures/particles/smoke.png
03:38:59.255 [FXGL Background Thread 1 ] DEBUG FXGLAssetLoaderServi - Loading from file system: jar:file:/C:/Users/Lenovo/.m2/repository/com/github/almasb/fxgl/21.1/fxgl-21.1.jar!/fxglassets/textures/particles/trace_horizontal.png
03:38:59.283 [FXGL Background Thread 1 ] DEBUG GameApplicationServi - Application scenes initialized
03:38:59.296 [FXGL Background Thread 1 ] DEBUG SystemBundleService  - Loading FXGL system data
03:38:59.304 [FXGL Background Thread 1 ] DEBUG FileSystemAccess     - Reading from: C:\Users\Lenovo\ProjectJava3.0\myproject\myproject\system\fxgl.bundle
03:38:59.315 [FXGL Background Thread 1 ] DEBUG SystemBundleService  - Bundle FXGL: {}
03:38:59.316 [FXGL Background Thread 1 ] DEBUG UpdaterService       - Checking for updates
03:38:59.356 [FXGL Background Thread 4 ] DEBUG FXGLApplication      - Loading fonts
03:38:59.356 [FXGL Background Thread 4 ] DEBUG FXGLAssetLoaderServi - Loading from file system: jar:file:/C:/Users/Lenovo/.m2/repository/com/github/almasb/fxgl/21.1/fxgl-21.1.jar!/fxglassets/ui/fonts/VarelaRound-Regular.ttf
03:38:59.358 [FXGL Background Thread 1 ] DEBUG FXGLApplication      - Loading default localization
03:38:59.358 [FXGL Background Thread 1 ] DEBUG FXGLAssetLoaderServi - Loading from file system: jar:file:/C:/Users/Lenovo/.m2/repository/com/github/almasb/fxgl/21.1/fxgl-21.1.jar!/fxglassets/languages/english.lang
03:38:59.399 [FXGL Background Thread 4 ] DEBUG FXGLAssetLoaderServi - Loading from file system: jar:file:/C:/Users/Lenovo/.m2/repository/com/github/almasb/fxgl/21.1/fxgl-21.1.jar!/fxglassets/ui/fonts/Abel-Regular.ttf
03:38:59.401 [FXGL Background Thread 1 ] INFO  FXGLApplication      - FXGL initialization took: 0.530 sec
03:38:59.403 [FXGL Background Thread 4 ] DEBUG FXGLAssetLoaderServi - Loading from file system: jar:file:/C:/Users/Lenovo/.m2/repository/com/github/almasb/fxgl/21.1/fxgl-21.1.jar!/fxglassets/ui/fonts/TerminalLandMono-Regular.otf
03:38:59.408 [FXGL Background Thread 4 ] DEBUG FXGLAssetLoaderServi - Loading from file system: jar:file:/C:/Users/Lenovo/.m2/repository/com/github/almasb/fxgl/21.1/fxgl-21.1.jar!/fxglassets/ui/fonts/Courier-Prime.ttf
03:38:59.412 [JavaFX Application Thread] DEBUG Input                - Registered new binding: Right - D
03:38:59.412 [JavaFX Application Thread] DEBUG Input                - Registered new binding: Left - A
03:38:59.412 [JavaFX Application Thread] DEBUG Input                - Registered new binding: Up - W
03:38:59.413 [JavaFX Application Thread] DEBUG Input                - Registered new binding: Down - S
03:38:59.413 [JavaFX Application Thread] DEBUG Input                - Registered new binding: Interact - E
03:38:59.413 [JavaFX Application Thread] DEBUG FXGLAssetLoaderServi - Loading from file system: jar:file:/C:/Users/Lenovo/.m2/repository/com/github/almasb/fxgl/21.1/fxgl-21.1.jar!/fxglassets/textures/fxgl_icon.png
03:38:59.432 [JavaFX Application Thread] DEBUG FXGLAssetLoaderServi - Loading from file system: jar:file:/C:/Users/Lenovo/.m2/repository/com/github/almasb/fxgl/21.1/fxgl-21.1.jar!/fxglassets/textures/fxgl_default_cursor.png
03:38:59.436 [JavaFX Application Thread] DEBUG Input                - Registered new binding: Screenshot - CTRL+8
03:38:59.436 [JavaFX Application Thread] DEBUG Input                - Registered new binding: Dev Options - 1
03:38:59.437 [JavaFX Application Thread] DEBUG Input                - Registered new binding: Dev Console - 2
03:38:59.438 [JavaFX Application Thread] DEBUG Input                - Registered new binding: System info dump - CTRL+9
03:38:59.439 [JavaFX Application Thread] DEBUG Input                - Registered new binding: Restart - CTRL+R
03:38:59.440 [JavaFX Application Thread] DEBUG Input                - Registered new binding: Toggle Debug Camera - CTRL+7
03:38:59.445 [JavaFX Application Thread] DEBUG LoopRunner           - Starting loop
03:38:59.479 [JavaFX Application Thread] DEBUG LoopRunner           - Initializing JavaFX AnimationTimerLoop
03:38:59.482 [JavaFX Application Thread] DEBUG GameApplicationServi - Starting new game
03:38:59.482 [JavaFX Application Thread] DEBUG Input                - Clearing active input actions
03:38:59.497 [JavaFX Application Thread] DEBUG GameApplicationServi - Removing overlay from FXGLStartupScene and adding to FXGLLoadingScene
03:38:59.508 [JavaFX Application Thread] DEBUG PrimaryStageWindow   - FXGLStartupScene -> FXGLLoadingScene
03:38:59.509 [JavaFX Application Thread] DEBUG GameApplicationServi - Clearing previous game
03:38:59.509 [JavaFX Application Thread] DEBUG GameScene            - Clearing game scene
03:38:59.509 [JavaFX Application Thread] DEBUG GameWorld            - Clearing game world
03:38:59.509 [JavaFX Application Thread] DEBUG PhysicsWorld         - Clearing physics world
03:38:59.511 [FXGL Background Thread 4 ] DEBUG FXGLApplication      - Initializing game
03:38:59.513 [JavaFX Application Thread] DEBUG FXGLApplication      - Registering font factories with UI factory
03:38:59.560 [FXGL Background Thread 4 ] WARN  TMXLevelLoader       - TiledMap generated from 1.11.2. Supported version: 1.9.0. Some features may not be parsed fully.
03:38:59.588 [FXGL Background Thread 4 ] DEBUG TMXLevelLoader       - Parsed TiledMap: file:/C:/Users/Lenovo/ProjectJava3.0/myproject/myproject/target/classes/assets/levels/scene1.tmx
03:38:59.591 [FXGL Background Thread 4 ] DEBUG TMXLevelLoader       - Creating tile layer entities
03:38:59.596 [FXGL Background Thread 4 ] DEBUG TilesetLoader        - Loading view for layer lowefloor
03:38:59.597 [FXGL Background Thread 4 ] DEBUG TilesetLoader        - Created buffer with size 512.0x1024.0
03:38:59.677 [FXGL Background Thread 4 ] DEBUG TilesetLoader        - Loading view for layer cliff
03:38:59.677 [FXGL Background Thread 4 ] DEBUG TilesetLoader        - Created buffer with size 512.0x1024.0
03:38:59.678 [FXGL Background Thread 4 ] DEBUG TilesetLoader        - Loading view for layer cliff1
03:38:59.682 [FXGL Background Thread 4 ] DEBUG TilesetLoader        - Created buffer with size 512.0x1024.0
03:38:59.684 [FXGL Background Thread 4 ] DEBUG TilesetLoader        - Loading view for layer cliff2
03:38:59.684 [FXGL Background Thread 4 ] DEBUG TilesetLoader        - Created buffer with size 512.0x1024.0
03:38:59.685 [FXGL Background Thread 4 ] DEBUG TilesetLoader        - Loading view for layer Tile Layer 3
03:38:59.686 [FXGL Background Thread 4 ] DEBUG TilesetLoader        - Created buffer with size 512.0x1024.0
03:38:59.686 [FXGL Background Thread 4 ] DEBUG TilesetLoader        - Loading view for layer Tile Layer 6
03:38:59.686 [FXGL Background Thread 4 ] DEBUG TilesetLoader        - Created buffer with size 512.0x1024.0
03:38:59.760 [FXGL Background Thread 4 ] DEBUG TilesetLoader        - Loading view for layer prop
03:38:59.761 [FXGL Background Thread 4 ] DEBUG TilesetLoader        - Created buffer with size 512.0x1024.0
03:38:59.761 [FXGL Background Thread 4 ] DEBUG TMXLevelLoader       - Creating object layer entities
03:38:59.800 [FXGL Background Thread 4 ] DEBUG FXGLAssetLoaderServi - Loading from file system: file:/C:/Users/Lenovo/ProjectJava3.0/myproject/myproject/target/classes/assets/textures/Actor1.png
03:38:59.827 [FXGL Background Thread 4 ] DEBUG FXGLAssetLoaderServi - Loading from file system: file:/C:/Users/Lenovo/ProjectJava3.0/myproject/myproject/target/classes/assets/textures/Rex.png
03:38:59.833 [FXGL Background Thread 4 ] WARN  TMXLevelLoader       - TiledMap generated from 1.11.2. Supported version: 1.9.0. Some features may not be parsed fully.
03:38:59.849 [FXGL Background Thread 4 ] DEBUG TMXLevelLoader       - Parsed TiledMap: file:/C:/Users/Lenovo/ProjectJava3.0/myproject/myproject/target/classes/assets/levels/scene1.tmx
03:38:59.849 [FXGL Background Thread 4 ] DEBUG TMXLevelLoader       - Creating tile layer entities
03:38:59.849 [FXGL Background Thread 4 ] DEBUG TilesetLoader        - Loading view for layer lowefloor
03:38:59.850 [FXGL Background Thread 4 ] DEBUG TilesetLoader        - Created buffer with size 512.0x1024.0
03:38:59.884 [FXGL Background Thread 4 ] DEBUG TilesetLoader        - Loading view for layer cliff
03:38:59.885 [FXGL Background Thread 4 ] DEBUG TilesetLoader        - Created buffer with size 512.0x1024.0
03:38:59.886 [FXGL Background Thread 4 ] DEBUG TilesetLoader        - Loading view for layer cliff1
03:38:59.887 [FXGL Background Thread 4 ] DEBUG TilesetLoader        - Created buffer with size 512.0x1024.0
03:38:59.888 [FXGL Background Thread 4 ] DEBUG TilesetLoader        - Loading view for layer cliff2
03:38:59.888 [FXGL Background Thread 4 ] DEBUG TilesetLoader        - Created buffer with size 512.0x1024.0
03:38:59.889 [FXGL Background Thread 4 ] DEBUG TilesetLoader        - Loading view for layer Tile Layer 3
03:38:59.890 [FXGL Background Thread 4 ] DEBUG TilesetLoader        - Created buffer with size 512.0x1024.0
03:38:59.890 [FXGL Background Thread 4 ] DEBUG TilesetLoader        - Loading view for layer Tile Layer 6
03:38:59.891 [FXGL Background Thread 4 ] DEBUG TilesetLoader        - Created buffer with size 512.0x1024.0
03:38:59.948 [FXGL Background Thread 4 ] DEBUG TilesetLoader        - Loading view for layer prop
03:38:59.948 [FXGL Background Thread 4 ] DEBUG TilesetLoader        - Created buffer with size 512.0x1024.0
03:38:59.949 [FXGL Background Thread 4 ] DEBUG TMXLevelLoader       - Creating object layer entities
03:38:59.961 [FXGL Background Thread 4 ] DEBUG GameWorld            - Clearing removable entities
03:38:59.962 [FXGL Background Thread 4 ] DEBUG GameWorld            - Setting level: com.almasb.fxgl.entity.level.Level@2d53e8b1
03:38:59.986 [FXGL Background Thread 4 ] INFO  FXGLApplication      - Game initialization took: 0.475 sec
03:38:59.988 [JavaFX Application Thread] DEBUG Input                - Clearing active input actions
03:39:00.004 [JavaFX Application Thread] DEBUG GameApplicationServi - Removing overlay from FXGLLoadingScene and adding to GameScene
03:39:00.009 [JavaFX Application Thread] DEBUG PrimaryStageWindow   - FXGLLoadingScene -> GameScene
03:39:02.356 [FXGL Background Thread 3 ] DEBUG Engine               - Logging environment variables
03:39:02.358 [FXGL Background Thread 3 ] DEBUG Engine               - achievements: []
03:39:02.358 [FXGL Background Thread 3 ] DEBUG Engine               - actualHeight: 864.0
03:39:02.358 [FXGL Background Thread 3 ] DEBUG Engine               - actualHeightProperty: ReadOnlyDoubleProperty [value: 864.0]
03:39:02.359 [FXGL Background Thread 3 ] DEBUG Engine               - actualWidth: 1536.0
03:39:02.359 [FXGL Background Thread 3 ] DEBUG Engine               - actualWidthProperty: ReadOnlyDoubleProperty [value: 1536.0]
03:39:02.359 [FXGL Background Thread 3 ] DEBUG Engine               - appIcon: fxgl_icon.png
03:39:02.359 [FXGL Background Thread 3 ] DEBUG Engine               - applicationMode: DEVELOPER
03:39:02.359 [FXGL Background Thread 3 ] DEBUG Engine               - cSSList: [fxgl_dark.css]
03:39:02.360 [FXGL Background Thread 3 ] DEBUG Engine               - collisionDetectionStrategy: BRUTE_FORCE
03:39:02.360 [FXGL Background Thread 3 ] DEBUG Engine               - configClass: Optional.empty
03:39:02.360 [FXGL Background Thread 3 ] DEBUG Engine               - credits: []
03:39:02.361 [FXGL Background Thread 3 ] DEBUG Engine               - defaultCursor: CursorInfo(imageName=fxgl_default_cursor.png, hotspotX=7.0, hotspotY=6.0)
03:39:02.361 [FXGL Background Thread 3 ] DEBUG Engine               - devBBoxColorProperty: ObjectProperty [value: 0xff0000ff]
03:39:02.362 [FXGL Background Thread 3 ] DEBUG Engine               - devEnableDebugCameraProperty: BooleanProperty [value: false]
03:39:02.362 [FXGL Background Thread 3 ] DEBUG Engine               - devSensorColorProperty: ObjectProperty [value: 0xffff00ff]
03:39:02.362 [FXGL Background Thread 3 ] DEBUG Engine               - devShowBBoxProperty: BooleanProperty [value: false]
03:39:02.362 [FXGL Background Thread 3 ] DEBUG Engine               - devShowPositionProperty: BooleanProperty [value: false]
03:39:02.362 [FXGL Background Thread 3 ] DEBUG Engine               - enabledMenuItems: []
03:39:02.362 [FXGL Background Thread 3 ] DEBUG Engine               - engineServices: [class com.almasb.fxgl.app.services.FXGLAssetLoaderService, class com.almasb.fxgl.app.FXGLApplication$GameApplicationService, class com.almasb.fxgl.app.services.FXGLDialogService, class com.almasb.fxgl.app.services.IOTaskExecutorService, class com.almasb.fxgl.io.FileSystemService, class com.almasb.fxgl.localization.LocalizationService, class com.almasb.fxgl.app.services.SystemBundleService, class com.almasb.fxgl.profile.SaveLoadService, class com.almasb.fxgl.ui.FXGLUIFactoryServiceProvider, class com.almasb.fxgl.ui.FXGLDialogFactoryServiceProvider, class com.almasb.fxgl.audio.AudioPlayer, class com.almasb.fxgl.notification.impl.NotificationServiceProvider, class com.almasb.fxgl.achievement.AchievementService, class com.almasb.fxgl.cutscene.CutsceneService, class com.almasb.fxgl.minigames.MiniGameService, class com.almasb.fxgl.net.NetService, class com.almasb.fxgl.app.services.UpdaterService, class com.almasb.fxgl.dev.DevService]
03:39:02.362 [FXGL Background Thread 3 ] DEBUG Engine               - fontGame: Abel-Regular.ttf
03:39:02.363 [FXGL Background Thread 3 ] DEBUG Engine               - fontMono: TerminalLandMono-Regular.otf
03:39:02.363 [FXGL Background Thread 3 ] DEBUG Engine               - fontSizeScaleUI: 1.0
03:39:02.363 [FXGL Background Thread 3 ] DEBUG Engine               - fontText: Courier-Prime.ttf
03:39:02.363 [FXGL Background Thread 3 ] DEBUG Engine               - fontUI: VarelaRound-Regular.ttf
03:39:02.363 [FXGL Background Thread 3 ] DEBUG Engine               - fullScreen: BooleanProperty [value: true]
03:39:02.363 [FXGL Background Thread 3 ] DEBUG Engine               - gameDifficulty: MEDIUM
03:39:02.363 [FXGL Background Thread 3 ] DEBUG Engine               - gameDifficultyProperty: ObjectProperty [value: MEDIUM]
03:39:02.364 [FXGL Background Thread 3 ] DEBUG Engine               - globalMusicVolume: 0.5
03:39:02.364 [FXGL Background Thread 3 ] DEBUG Engine               - globalMusicVolumeProperty: DoubleProperty [value: 0.5]
03:39:02.364 [FXGL Background Thread 3 ] DEBUG Engine               - globalSoundVolume: 0.5
03:39:02.364 [FXGL Background Thread 3 ] DEBUG Engine               - globalSoundVolumeProperty: DoubleProperty [value: 0.5]
03:39:02.364 [FXGL Background Thread 3 ] DEBUG Engine               - height: 720
03:39:02.364 [FXGL Background Thread 3 ] DEBUG Engine               - is3D: false
03:39:02.365 [FXGL Background Thread 3 ] DEBUG Engine               - isAndroid: false
03:39:02.365 [FXGL Background Thread 3 ] DEBUG Engine               - isBrowser: false
03:39:02.365 [FXGL Background Thread 3 ] DEBUG Engine               - isClickFeedbackEnabled: false
03:39:02.365 [FXGL Background Thread 3 ] DEBUG Engine               - isCloseConfirmation: false
03:39:02.365 [FXGL Background Thread 3 ] DEBUG Engine               - isDesktop: true
03:39:02.365 [FXGL Background Thread 3 ] DEBUG Engine               - isDeveloperMenuEnabled: true
03:39:02.365 [FXGL Background Thread 3 ] DEBUG Engine               - isEmbedded: false
03:39:02.365 [FXGL Background Thread 3 ] DEBUG Engine               - isEntityPreloadEnabled: true
03:39:02.366 [FXGL Background Thread 3 ] DEBUG Engine               - isExperimentalTiledLargeMap: false
03:39:02.366 [FXGL Background Thread 3 ] DEBUG Engine               - isFileSystemWriteAllowed: true
03:39:02.366 [FXGL Background Thread 3 ] DEBUG Engine               - isFullScreenAllowed: true
03:39:02.367 [FXGL Background Thread 3 ] DEBUG Engine               - isFullScreenFromStart: true
03:39:02.367 [FXGL Background Thread 3 ] DEBUG Engine               - isGameMenuEnabled: true
03:39:02.367 [FXGL Background Thread 3 ] DEBUG Engine               - isIOS: false
03:39:02.367 [FXGL Background Thread 3 ] DEBUG Engine               - isIntroEnabled: false
03:39:02.368 [FXGL Background Thread 3 ] DEBUG Engine               - isLinux: false
03:39:02.368 [FXGL Background Thread 3 ] DEBUG Engine               - isMac: false
03:39:02.368 [FXGL Background Thread 3 ] DEBUG Engine               - isMainMenuEnabled: false
03:39:02.368 [FXGL Background Thread 3 ] DEBUG Engine               - isManualResizeEnabled: false
03:39:02.368 [FXGL Background Thread 3 ] DEBUG Engine               - isMobile: false
03:39:02.368 [FXGL Background Thread 3 ] DEBUG Engine               - isNative: false
03:39:02.368 [FXGL Background Thread 3 ] DEBUG Engine               - isPauseMusicWhenMinimized: true
03:39:02.369 [FXGL Background Thread 3 ] DEBUG Engine               - isPreserveResizeRatio: false
03:39:02.369 [FXGL Background Thread 3 ] DEBUG Engine               - isProfilingEnabled: false
03:39:02.369 [FXGL Background Thread 3 ] DEBUG Engine               - isScaleAffectedOnResize: true
03:39:02.369 [FXGL Background Thread 3 ] DEBUG Engine               - isSingleStep: false
03:39:02.369 [FXGL Background Thread 3 ] DEBUG Engine               - isUserProfileEnabled: false
03:39:02.370 [FXGL Background Thread 3 ] DEBUG Engine               - isWindows: true
03:39:02.370 [FXGL Background Thread 3 ] DEBUG Engine               - language: ObjectProperty [value: ENGLISH]
03:39:02.370 [FXGL Background Thread 3 ] DEBUG Engine               - menuKey: ESCAPE
03:39:02.371 [FXGL Background Thread 3 ] DEBUG Engine               - mouseSensitivity: 0.2
03:39:02.371 [FXGL Background Thread 3 ] DEBUG Engine               - notificationViewClass: class com.almasb.fxgl.notification.view.XboxNotificationView
03:39:02.371 [FXGL Background Thread 3 ] DEBUG Engine               - pixelsPerMeter: 50.0
03:39:02.371 [FXGL Background Thread 3 ] DEBUG Engine               - platform: WINDOWS
03:39:02.372 [FXGL Background Thread 3 ] DEBUG Engine               - prefHeightProperty: ReadOnlyDoubleProperty [value: 720.0]
03:39:02.372 [FXGL Background Thread 3 ] DEBUG Engine               - prefWidthProperty: ReadOnlyDoubleProperty [value: 1280.0]
03:39:02.372 [FXGL Background Thread 3 ] DEBUG Engine               - profileDir: profiles/
03:39:02.372 [FXGL Background Thread 3 ] DEBUG Engine               - profileName: StringProperty [value: DEFAULT]
03:39:02.372 [FXGL Background Thread 3 ] DEBUG Engine               - randomSeed: -1
03:39:02.373 [FXGL Background Thread 3 ] DEBUG Engine               - runtimeInfo: RuntimeInfo(platform=WINDOWS, version=21.1, build=27.03.2024 07.52)
03:39:02.373 [FXGL Background Thread 3 ] DEBUG Engine               - saveFileExt: sav
03:39:02.373 [FXGL Background Thread 3 ] DEBUG Engine               - scaledHeightProp$fxgl: DoubleProperty [bound, value: 864.0]
03:39:02.373 [FXGL Background Thread 3 ] DEBUG Engine               - scaledWidthProp$fxgl: DoubleProperty [bound, value: 1536.0]
03:39:02.374 [FXGL Background Thread 3 ] DEBUG Engine               - sceneFactory: com.almasb.fxgl.app.scene.SceneFactory@54918550
03:39:02.374 [FXGL Background Thread 3 ] DEBUG Engine               - secondsIn24h: 60
03:39:02.374 [FXGL Background Thread 3 ] DEBUG Engine               - soundMenuBack: menu/back.wav
03:39:02.374 [FXGL Background Thread 3 ] DEBUG Engine               - soundMenuPress: menu/press.wav
03:39:02.374 [FXGL Background Thread 3 ] DEBUG Engine               - soundMenuSelect: menu/select.wav
03:39:02.374 [FXGL Background Thread 3 ] DEBUG Engine               - soundNotification: core/notification.wav
03:39:02.375 [FXGL Background Thread 3 ] DEBUG Engine               - stageStyle: DECORATED
03:39:02.375 [FXGL Background Thread 3 ] DEBUG Engine               - supportedLanguages: [ENGLISH, FRENCH, GERMAN, HUNGARIAN, RUSSIAN]
03:39:02.375 [FXGL Background Thread 3 ] DEBUG Engine               - ticksPerSecond: -1
03:39:02.375 [FXGL Background Thread 3 ] DEBUG Engine               - title: Final Journey
03:39:02.375 [FXGL Background Thread 3 ] DEBUG Engine               - urlGithub: https://github.com/AlmasB/FXGL
03:39:02.375 [FXGL Background Thread 3 ] DEBUG Engine               - urlLeaderboard: http://fxgl-top.herokuapp.com/
03:39:02.375 [FXGL Background Thread 3 ] DEBUG Engine               - urlPOM: https://raw.githubusercontent.com/AlmasB/FXGL/release/README.md
03:39:02.376 [FXGL Background Thread 3 ] DEBUG Engine               - userAppClass: class com.project.App
03:39:02.376 [FXGL Background Thread 3 ] DEBUG Engine               - version: Alpha
03:39:02.376 [FXGL Background Thread 3 ] DEBUG Engine               - versionCheckDays: 7
03:39:02.376 [FXGL Background Thread 3 ] DEBUG Engine               - width: 1280
03:39:02.376 [FXGL Background Thread 3 ] DEBUG Engine               - Logging services
03:39:02.376 [FXGL Background Thread 3 ] DEBUG Engine               - class com.almasb.fxgl.app.services.FXGLAssetLoaderService
03:39:02.376 [FXGL Background Thread 3 ] DEBUG Engine               - class com.almasb.fxgl.app.FXGLApplication$GameApplicationService
03:39:02.376 [FXGL Background Thread 3 ] DEBUG Engine               - class com.almasb.fxgl.app.services.FXGLDialogService
03:39:02.376 [FXGL Background Thread 3 ] DEBUG Engine               - class com.almasb.fxgl.app.services.IOTaskExecutorService
03:39:02.376 [FXGL Background Thread 3 ] DEBUG Engine               - class com.almasb.fxgl.io.FileSystemService
03:39:02.376 [FXGL Background Thread 3 ] DEBUG Engine               - class com.almasb.fxgl.localization.LocalizationService
03:39:02.376 [FXGL Background Thread 3 ] DEBUG Engine               - class com.almasb.fxgl.app.services.SystemBundleService
03:39:02.376 [FXGL Background Thread 3 ] DEBUG Engine               - class com.almasb.fxgl.profile.SaveLoadService
03:39:02.376 [FXGL Background Thread 3 ] DEBUG Engine               - class com.almasb.fxgl.ui.FXGLUIFactoryServiceProvider
03:39:02.376 [FXGL Background Thread 3 ] DEBUG Engine               - class com.almasb.fxgl.ui.FXGLDialogFactoryServiceProvider
03:39:02.377 [FXGL Background Thread 3 ] DEBUG Engine               - class com.almasb.fxgl.audio.AudioPlayer
03:39:02.377 [FXGL Background Thread 3 ] DEBUG Engine               - class com.almasb.fxgl.notification.impl.NotificationServiceProvider
03:39:02.379 [FXGL Background Thread 3 ] DEBUG Engine               - class com.almasb.fxgl.achievement.AchievementService
03:39:02.380 [FXGL Background Thread 3 ] DEBUG Engine               - class com.almasb.fxgl.cutscene.CutsceneService
03:39:02.380 [FXGL Background Thread 3 ] DEBUG Engine               - class com.almasb.fxgl.minigames.MiniGameService
03:39:02.380 [FXGL Background Thread 3 ] DEBUG Engine               - class com.almasb.fxgl.net.NetService
03:39:02.380 [FXGL Background Thread 3 ] DEBUG Engine               - class com.almasb.fxgl.app.services.UpdaterService
03:39:02.380 [FXGL Background Thread 3 ] DEBUG Engine               - class com.almasb.fxgl.dev.DevService
03:39:02.690 [JavaFX Application Thread] DEBUG FXGLAssetLoaderServi - Loading from file system: file:/C:/Users/Lenovo/ProjectJava3.0/myproject/myproject/target/classes/assets/text/filetext.txt
03:39:02.694 [JavaFX Application Thread] DEBUG EventBus             - Firing event: com.GameEvent.CombatScene[source=javafx.event.Event$$Lambda/0x000002288c172fa8@13142605]
03:39:02.699 [JavaFX Application Thread] WARN  TMXLevelLoader       - TiledMap generated from 1.11.2. Supported version: 1.9.0. Some features may not be parsed fully.
03:39:02.710 [JavaFX Application Thread] DEBUG TMXLevelLoader       - Parsed TiledMap: file:/C:/Users/Lenovo/ProjectJava3.0/myproject/myproject/target/classes/assets/levels/battle1.tmx
03:39:02.711 [JavaFX Application Thread] DEBUG TMXLevelLoader       - Creating tile layer entities
03:39:02.712 [JavaFX Application Thread] DEBUG TilesetLoader        - Loading view for layer Tile Layer 1
03:39:02.715 [JavaFX Application Thread] DEBUG TilesetLoader        - Created buffer with size 2048.0x1024.0
03:39:02.829 [JavaFX Application Thread] DEBUG TMXLevelLoader       - Creating object layer entities
03:39:02.831 [JavaFX Application Thread] DEBUG FXGLAssetLoaderServi - Loading from file system: file:/C:/Users/Lenovo/ProjectJava3.0/myproject/myproject/target/classes/assets/textures/Rex.png
03:39:02.850 [JavaFX Application Thread] DEBUG FXGLAssetLoaderServi - Loading from file system: file:/C:/Users/Lenovo/ProjectJava3.0/myproject/myproject/target/classes/assets/textures/Reid.png
03:39:02.921 [JavaFX Application Thread] DEBUG FXGLAssetLoaderServi - Loading from file system: file:/C:/Users/Lenovo/ProjectJava3.0/myproject/myproject/target/classes/assets/textures/marsha.png
03:39:02.980 [JavaFX Application Thread] DEBUG GameWorld            - Clearing removable entities
03:39:02.988 [JavaFX Application Thread] DEBUG GameWorld            - Setting level: com.almasb.fxgl.entity.level.Level@4b96632c
03:39:02.991 [JavaFX Application Thread] WARN  TMXLevelLoader       - TiledMap generated from 1.11.2. Supported version: 1.9.0. Some features may not be parsed fully.
03:39:02.996 [JavaFX Application Thread] DEBUG TMXLevelLoader       - Parsed TiledMap: file:/C:/Users/Lenovo/ProjectJava3.0/myproject/myproject/target/classes/assets/levels/battle1.tmx
03:39:02.996 [JavaFX Application Thread] DEBUG TMXLevelLoader       - Creating tile layer entities
03:39:02.996 [JavaFX Application Thread] DEBUG TilesetLoader        - Loading view for layer Tile Layer 1
03:39:03.000 [JavaFX Application Thread] DEBUG TilesetLoader        - Created buffer with size 2048.0x1024.0
03:39:03.095 [JavaFX Application Thread] DEBUG TMXLevelLoader       - Creating object layer entities
03:39:18.255 [JavaFX Application Thread] DEBUG EventBus             - Firing event: com.GameEvent.BackMainScene[source=javafx.event.Event$$Lambda/0x000002288c172fa8@13142605]
03:39:18.258 [JavaFX Application Thread] WARN  TMXLevelLoader       - TiledMap generated from 1.11.2. Supported version: 1.9.0. Some features may not be parsed fully.
03:39:18.265 [JavaFX Application Thread] DEBUG TMXLevelLoader       - Parsed TiledMap: file:/C:/Users/Lenovo/ProjectJava3.0/myproject/myproject/target/classes/assets/levels/scene1.tmx
03:39:18.266 [JavaFX Application Thread] DEBUG TMXLevelLoader       - Creating tile layer entities
03:39:18.266 [JavaFX Application Thread] DEBUG TilesetLoader        - Loading view for layer lowefloor
03:39:18.267 [JavaFX Application Thread] DEBUG TilesetLoader        - Created buffer with size 512.0x1024.0
03:39:18.295 [JavaFX Application Thread] DEBUG TilesetLoader        - Loading view for layer cliff
03:39:18.296 [JavaFX Application Thread] DEBUG TilesetLoader        - Created buffer with size 512.0x1024.0
03:39:18.296 [JavaFX Application Thread] DEBUG TilesetLoader        - Loading view for layer cliff1
03:39:18.297 [JavaFX Application Thread] DEBUG TilesetLoader        - Created buffer with size 512.0x1024.0
03:39:18.298 [JavaFX Application Thread] DEBUG TilesetLoader        - Loading view for layer cliff2
03:39:18.298 [JavaFX Application Thread] DEBUG TilesetLoader        - Created buffer with size 512.0x1024.0
03:39:18.299 [JavaFX Application Thread] DEBUG TilesetLoader        - Loading view for layer Tile Layer 3
03:39:18.299 [JavaFX Application Thread] DEBUG TilesetLoader        - Created buffer with size 512.0x1024.0
03:39:18.300 [JavaFX Application Thread] DEBUG TilesetLoader        - Loading view for layer Tile Layer 6
03:39:18.300 [JavaFX Application Thread] DEBUG TilesetLoader        - Created buffer with size 512.0x1024.0
03:39:18.347 [JavaFX Application Thread] DEBUG TilesetLoader        - Loading view for layer prop
03:39:18.348 [JavaFX Application Thread] DEBUG TilesetLoader        - Created buffer with size 512.0x1024.0
03:39:18.348 [JavaFX Application Thread] DEBUG TMXLevelLoader       - Creating object layer entities
03:39:18.354 [JavaFX Application Thread] DEBUG GameWorld            - Clearing removable entities
03:39:18.355 [JavaFX Application Thread] DEBUG GameWorld            - Setting level: com.almasb.fxgl.entity.level.Level@773e0643
03:39:18.360 [JavaFX Application Thread] WARN  TMXLevelLoader       - TiledMap generated from 1.11.2. Supported version: 1.9.0. Some features may not be parsed fully.
03:39:18.368 [JavaFX Application Thread] DEBUG TMXLevelLoader       - Parsed TiledMap: file:/C:/Users/Lenovo/ProjectJava3.0/myproject/myproject/target/classes/assets/levels/scene1.tmx
03:39:18.368 [JavaFX Application Thread] DEBUG TMXLevelLoader       - Creating tile layer entities
03:39:18.368 [JavaFX Application Thread] DEBUG TilesetLoader        - Loading view for layer lowefloor
03:39:18.368 [JavaFX Application Thread] DEBUG TilesetLoader        - Created buffer with size 512.0x1024.0
03:39:18.393 [JavaFX Application Thread] DEBUG TilesetLoader        - Loading view for layer cliff
03:39:18.394 [JavaFX Application Thread] DEBUG TilesetLoader        - Created buffer with size 512.0x1024.0
03:39:18.394 [JavaFX Application Thread] DEBUG TilesetLoader        - Loading view for layer cliff1
03:39:18.395 [JavaFX Application Thread] DEBUG TilesetLoader        - Created buffer with size 512.0x1024.0
03:39:18.395 [JavaFX Application Thread] DEBUG TilesetLoader        - Loading view for layer cliff2
03:39:18.396 [JavaFX Application Thread] DEBUG TilesetLoader        - Created buffer with size 512.0x1024.0
03:39:18.398 [JavaFX Application Thread] DEBUG TilesetLoader        - Loading view for layer Tile Layer 3
03:39:18.398 [JavaFX Application Thread] DEBUG TilesetLoader        - Created buffer with size 512.0x1024.0
03:39:18.398 [JavaFX Application Thread] DEBUG TilesetLoader        - Loading view for layer Tile Layer 6
03:39:18.399 [JavaFX Application Thread] DEBUG TilesetLoader        - Created buffer with size 512.0x1024.0
03:39:18.444 [JavaFX Application Thread] DEBUG TilesetLoader        - Loading view for layer prop
03:39:18.444 [JavaFX Application Thread] DEBUG TilesetLoader        - Created buffer with size 512.0x1024.0
03:39:18.445 [JavaFX Application Thread] DEBUG TMXLevelLoader       - Creating object layer entities
03:39:23.871 [JavaFX Application Thread] DEBUG FXGLApplication      - Exiting FXGL
03:39:23.871 [JavaFX Application Thread] DEBUG LoopRunner           - Stopping loop
03:39:23.871 [JavaFX Application Thread] DEBUG SystemBundleService  - Saving FXGL system data
03:39:23.876 [JavaFX Application Thread] DEBUG FileSystemAccess     - Writing to: C:\Users\Lenovo\ProjectJava3.0\myproject\myproject\system\fxgl.bundle
03:39:23.881 [JavaFX Application Thread] DEBUG Async                - Shutting down background threads
03:39:23.881 [JavaFX Application Thread] DEBUG PrimaryStageWindow   - Closing main window
03:39:24.030 [JavaFX Application Thread] DEBUG Logger               - Closing Logger
