23:30:34.070 [main                     ] DEBUG Logger               - Configured Logger
23:30:34.092 [main                     ] DEBUG GameApplication      - Logging settings
Title: Final Journey
Version: Alpha
Width: 1280
Height: 720
Fullscreen: true
Intro: false
Profiling: false
Single step:false
App Mode: DEVELOPER
Menu Key: ESCAPE
Stage Style: DECORATED
Scene Factory: class com.almasb.fxgl.app.scene.SceneFactory

23:30:34.538 [JavaFX Application Thread] DEBUG FXGLApplication      - Initializing FXGL
23:30:34.542 [JavaFX Application Thread] INFO  Engine               - FXGL-21.1 (27.03.2024 07.52) on WINDOWS (J:21.0.5 FX:21.0.1)
23:30:34.543 [JavaFX Application Thread] DEBUG Engine               - JRE Vendor Name: Eclipse Adoptium
23:30:34.543 [JavaFX Application Thread] DEBUG Engine               - Running on OS: Windows 11 version 10.0
23:30:34.543 [JavaFX Application Thread] DEBUG Engine               - Architecture: amd64
23:30:34.543 [JavaFX Application Thread] INFO  Engine               - Source code and latest versions at: https://github.com/AlmasB/FXGL
23:30:34.543 [JavaFX Application Thread] INFO  Engine               -       Ask questions and discuss at: https://github.com/AlmasB/FXGL/discussions
23:30:34.544 [JavaFX Application Thread] INFO  Engine               -              Join the FXGL chat at: https://gitter.im/AlmasB/FXGL
23:30:34.646 [JavaFX Application Thread] DEBUG PrimaryStageWindow   - Creating a JavaFX scene
23:30:34.707 [JavaFX Application Thread] DEBUG PrimaryStageWindow   - Target settings size: 1280.0 x 720.0
23:30:34.707 [JavaFX Application Thread] DEBUG PrimaryStageWindow   - Scaled scene size:    1280.0 x 720.0
23:30:34.707 [JavaFX Application Thread] DEBUG PrimaryStageWindow   - Scaled ratio: (1.0, 1.0)
23:30:34.709 [JavaFX Application Thread] DEBUG PrimaryStageWindow   - Set initial scene to FXGLStartupScene
23:30:34.714 [JavaFX Application Thread] DEBUG PrimaryStageWindow   - Opening main window
23:30:34.825 [JavaFX Application Thread] DEBUG PrimaryStageWindow   - Window border size: (14.4000244140625, 37.5999755859375)
23:30:34.826 [JavaFX Application Thread] DEBUG PrimaryStageWindow   - Scaled size: 1280.0 x 720.0
23:30:34.826 [JavaFX Application Thread] DEBUG PrimaryStageWindow   - Scaled ratio: (1.0, 1.0)
23:30:34.826 [JavaFX Application Thread] DEBUG PrimaryStageWindow   - Scene size: 1280.0 x 720.0
23:30:34.826 [JavaFX Application Thread] DEBUG PrimaryStageWindow   - Stage size: 1294.4000244140625 x 757.5999755859375
23:30:34.915 [JavaFX Application Thread] DEBUG PrimaryStageWindow   - Going fullscreen
23:30:34.933 [FXGL Background Thread 1 ] DEBUG Engine               - Initializing environment variables
23:30:34.998 [FXGL Background Thread 1 ] DEBUG FXGLAssetLoaderServi - User app class for loading assets: class com.project.App
23:30:34.998 [FXGL Background Thread 1 ] DEBUG GameApplicationServi - Applying CSS: fxgl_dark.css
23:30:34.999 [FXGL Background Thread 1 ] DEBUG FXGLAssetLoaderServi - Loading from file system: jar:file:/C:/Users/Lenovo/.m2/repository/com/github/almasb/fxgl/21.1/fxgl-21.1.jar!/fxglassets/ui/css/fxgl_dark.css
23:30:35.041 [FXGL Background Thread 1 ] DEBUG GameApplicationServi - Initializing application scenes
23:30:35.091 [FXGL Background Thread 1 ] DEBUG GameWorld            - Game world initialized
23:30:35.147 [FXGL Background Thread 1 ] DEBUG PhysicsWorld         - Physics world initialized: appHeight=720, physics.ppm=50.0
23:30:35.147 [FXGL Background Thread 1 ] DEBUG PhysicsWorld         - Using strategy: BRUTE_FORCE
23:30:35.150 [FXGL Background Thread 1 ] DEBUG GameScene            - Game scene initialized: 1280x720
23:30:35.162 [FXGL Background Thread 1 ] DEBUG FXGL.DefaultMenu     - createMenuBodyGameMenu()
23:30:35.176 [FXGL Background Thread 1 ] DEBUG FXGL.DefaultMenu     - createOptionsMenu()
23:30:35.185 [FXGL Background Thread 1 ] DEBUG FXGLAssetLoaderServi - Loading from file system: jar:file:/C:/Users/Lenovo/.m2/repository/com/github/almasb/fxgl/21.1/fxgl-21.1.jar!/fxglassets/textures/particles/smoke.png
23:30:35.283 [FXGL Background Thread 1 ] DEBUG FXGLAssetLoaderServi - Loading from file system: jar:file:/C:/Users/Lenovo/.m2/repository/com/github/almasb/fxgl/21.1/fxgl-21.1.jar!/fxglassets/textures/particles/trace_horizontal.png
23:30:35.304 [FXGL Background Thread 1 ] DEBUG GameApplicationServi - Application scenes initialized
23:30:35.318 [FXGL Background Thread 1 ] DEBUG SystemBundleService  - Loading FXGL system data
23:30:35.323 [FXGL Background Thread 1 ] DEBUG FileSystemAccess     - Reading from: C:\Users\Lenovo\ProjectJava3.0\myproject\myproject\system\fxgl.bundle
23:30:35.333 [FXGL Background Thread 1 ] DEBUG SystemBundleService  - Bundle FXGL: {}
23:30:35.333 [FXGL Background Thread 1 ] DEBUG UpdaterService       - Checking for updates
23:30:35.363 [FXGL Background Thread 4 ] DEBUG FXGLApplication      - Loading fonts
23:30:35.363 [FXGL Background Thread 4 ] DEBUG FXGLAssetLoaderServi - Loading from file system: jar:file:/C:/Users/Lenovo/.m2/repository/com/github/almasb/fxgl/21.1/fxgl-21.1.jar!/fxglassets/ui/fonts/VarelaRound-Regular.ttf
23:30:35.363 [FXGL Background Thread 1 ] DEBUG FXGLApplication      - Loading default localization
23:30:35.364 [FXGL Background Thread 1 ] DEBUG FXGLAssetLoaderServi - Loading from file system: jar:file:/C:/Users/Lenovo/.m2/repository/com/github/almasb/fxgl/21.1/fxgl-21.1.jar!/fxglassets/languages/english.lang
23:30:35.397 [FXGL Background Thread 4 ] DEBUG FXGLAssetLoaderServi - Loading from file system: jar:file:/C:/Users/Lenovo/.m2/repository/com/github/almasb/fxgl/21.1/fxgl-21.1.jar!/fxglassets/ui/fonts/Abel-Regular.ttf
23:30:35.398 [FXGL Background Thread 1 ] INFO  FXGLApplication      - FXGL initialization took: 0.466 sec
23:30:35.401 [FXGL Background Thread 4 ] DEBUG FXGLAssetLoaderServi - Loading from file system: jar:file:/C:/Users/Lenovo/.m2/repository/com/github/almasb/fxgl/21.1/fxgl-21.1.jar!/fxglassets/ui/fonts/TerminalLandMono-Regular.otf
23:30:35.406 [FXGL Background Thread 4 ] DEBUG FXGLAssetLoaderServi - Loading from file system: jar:file:/C:/Users/Lenovo/.m2/repository/com/github/almasb/fxgl/21.1/fxgl-21.1.jar!/fxglassets/ui/fonts/Courier-Prime.ttf
23:30:35.411 [JavaFX Application Thread] DEBUG Input                - Registered new binding: Right - D
23:30:35.411 [JavaFX Application Thread] DEBUG Input                - Registered new binding: Left - A
23:30:35.412 [JavaFX Application Thread] DEBUG Input                - Registered new binding: Up - W
23:30:35.412 [JavaFX Application Thread] DEBUG Input                - Registered new binding: Down - S
23:30:35.412 [JavaFX Application Thread] DEBUG Input                - Registered new binding: Interact - E
23:30:35.413 [JavaFX Application Thread] DEBUG FXGLAssetLoaderServi - Loading from file system: jar:file:/C:/Users/Lenovo/.m2/repository/com/github/almasb/fxgl/21.1/fxgl-21.1.jar!/fxglassets/textures/fxgl_icon.png
23:30:35.429 [JavaFX Application Thread] DEBUG FXGLAssetLoaderServi - Loading from file system: jar:file:/C:/Users/Lenovo/.m2/repository/com/github/almasb/fxgl/21.1/fxgl-21.1.jar!/fxglassets/textures/fxgl_default_cursor.png
23:30:35.431 [JavaFX Application Thread] DEBUG Input                - Registered new binding: Screenshot - CTRL+8
23:30:35.432 [JavaFX Application Thread] DEBUG Input                - Registered new binding: Dev Options - 1
23:30:35.432 [JavaFX Application Thread] DEBUG Input                - Registered new binding: Dev Console - 2
23:30:35.433 [JavaFX Application Thread] DEBUG Input                - Registered new binding: System info dump - CTRL+9
23:30:35.434 [JavaFX Application Thread] DEBUG Input                - Registered new binding: Restart - CTRL+R
23:30:35.435 [JavaFX Application Thread] DEBUG Input                - Registered new binding: Toggle Debug Camera - CTRL+7
23:30:35.442 [JavaFX Application Thread] DEBUG LoopRunner           - Starting loop
23:30:35.464 [JavaFX Application Thread] DEBUG LoopRunner           - Initializing JavaFX AnimationTimerLoop
23:30:35.470 [JavaFX Application Thread] DEBUG GameApplicationServi - Starting new game
23:30:35.471 [JavaFX Application Thread] DEBUG Input                - Clearing active input actions
23:30:35.483 [JavaFX Application Thread] DEBUG GameApplicationServi - Removing overlay from FXGLStartupScene and adding to FXGLLoadingScene
23:30:35.488 [JavaFX Application Thread] DEBUG PrimaryStageWindow   - FXGLStartupScene -> FXGLLoadingScene
23:30:35.489 [JavaFX Application Thread] DEBUG GameApplicationServi - Clearing previous game
23:30:35.489 [JavaFX Application Thread] DEBUG GameScene            - Clearing game scene
23:30:35.489 [JavaFX Application Thread] DEBUG GameWorld            - Clearing game world
23:30:35.489 [JavaFX Application Thread] DEBUG PhysicsWorld         - Clearing physics world
23:30:35.490 [JavaFX Application Thread] DEBUG FXGLApplication      - Registering font factories with UI factory
23:30:35.490 [FXGL Background Thread 4 ] DEBUG FXGLApplication      - Initializing game
23:30:35.553 [FXGL Background Thread 4 ] WARN  TMXLevelLoader       - TiledMap generated from 1.11.2. Supported version: 1.9.0. Some features may not be parsed fully.
23:30:35.580 [FXGL Background Thread 4 ] DEBUG TMXLevelLoader       - Parsed TiledMap: file:/C:/Users/Lenovo/ProjectJava3.0/myproject/myproject/target/classes/assets/levels/scene1.tmx
23:30:35.582 [FXGL Background Thread 4 ] DEBUG TMXLevelLoader       - Creating tile layer entities
23:30:35.585 [FXGL Background Thread 4 ] DEBUG TilesetLoader        - Loading view for layer lowefloor
23:30:35.586 [FXGL Background Thread 4 ] DEBUG TilesetLoader        - Created buffer with size 512.0x1024.0
23:30:35.658 [FXGL Background Thread 4 ] DEBUG TilesetLoader        - Loading view for layer cliff
23:30:35.659 [FXGL Background Thread 4 ] DEBUG TilesetLoader        - Created buffer with size 512.0x1024.0
23:30:35.661 [FXGL Background Thread 4 ] DEBUG TilesetLoader        - Loading view for layer cliff1
23:30:35.662 [FXGL Background Thread 4 ] DEBUG TilesetLoader        - Created buffer with size 512.0x1024.0
23:30:35.663 [FXGL Background Thread 4 ] DEBUG TilesetLoader        - Loading view for layer cliff2
23:30:35.664 [FXGL Background Thread 4 ] DEBUG TilesetLoader        - Created buffer with size 512.0x1024.0
23:30:35.665 [FXGL Background Thread 4 ] DEBUG TilesetLoader        - Loading view for layer Tile Layer 3
23:30:35.666 [FXGL Background Thread 4 ] DEBUG TilesetLoader        - Created buffer with size 512.0x1024.0
23:30:35.667 [FXGL Background Thread 4 ] DEBUG TilesetLoader        - Loading view for layer Tile Layer 6
23:30:35.668 [FXGL Background Thread 4 ] DEBUG TilesetLoader        - Created buffer with size 512.0x1024.0
23:30:35.773 [FXGL Background Thread 4 ] DEBUG TilesetLoader        - Loading view for layer prop
23:30:35.774 [FXGL Background Thread 4 ] DEBUG TilesetLoader        - Created buffer with size 512.0x1024.0
23:30:35.775 [FXGL Background Thread 4 ] DEBUG TMXLevelLoader       - Creating object layer entities
23:30:35.808 [FXGL Background Thread 4 ] DEBUG FXGLAssetLoaderServi - Loading from file system: file:/C:/Users/Lenovo/ProjectJava3.0/myproject/myproject/target/classes/assets/textures/Rafflesia.png
23:30:35.830 [FXGL Background Thread 4 ] WARN  TMXLevelLoader       - TiledMap generated from 1.11.2. Supported version: 1.9.0. Some features may not be parsed fully.
23:30:35.844 [FXGL Background Thread 4 ] DEBUG TMXLevelLoader       - Parsed TiledMap: file:/C:/Users/Lenovo/ProjectJava3.0/myproject/myproject/target/classes/assets/levels/scene1.tmx
23:30:35.844 [FXGL Background Thread 4 ] DEBUG TMXLevelLoader       - Creating tile layer entities
23:30:35.845 [FXGL Background Thread 4 ] DEBUG TilesetLoader        - Loading view for layer lowefloor
23:30:35.845 [FXGL Background Thread 4 ] DEBUG TilesetLoader        - Created buffer with size 512.0x1024.0
23:30:35.868 [FXGL Background Thread 4 ] DEBUG TilesetLoader        - Loading view for layer cliff
23:30:35.868 [FXGL Background Thread 4 ] DEBUG TilesetLoader        - Created buffer with size 512.0x1024.0
23:30:35.869 [FXGL Background Thread 4 ] DEBUG TilesetLoader        - Loading view for layer cliff1
23:30:35.870 [FXGL Background Thread 4 ] DEBUG TilesetLoader        - Created buffer with size 512.0x1024.0
23:30:35.871 [FXGL Background Thread 4 ] DEBUG TilesetLoader        - Loading view for layer cliff2
23:30:35.871 [FXGL Background Thread 4 ] DEBUG TilesetLoader        - Created buffer with size 512.0x1024.0
23:30:35.872 [FXGL Background Thread 4 ] DEBUG TilesetLoader        - Loading view for layer Tile Layer 3
23:30:35.873 [FXGL Background Thread 4 ] DEBUG TilesetLoader        - Created buffer with size 512.0x1024.0
23:30:35.873 [FXGL Background Thread 4 ] DEBUG TilesetLoader        - Loading view for layer Tile Layer 6
23:30:35.875 [FXGL Background Thread 4 ] DEBUG TilesetLoader        - Created buffer with size 512.0x1024.0
23:30:35.926 [FXGL Background Thread 4 ] DEBUG TilesetLoader        - Loading view for layer prop
23:30:35.927 [FXGL Background Thread 4 ] DEBUG TilesetLoader        - Created buffer with size 512.0x1024.0
23:30:35.928 [FXGL Background Thread 4 ] DEBUG TMXLevelLoader       - Creating object layer entities
23:30:35.940 [FXGL Background Thread 4 ] DEBUG GameWorld            - Clearing removable entities
23:30:35.942 [FXGL Background Thread 4 ] DEBUG GameWorld            - Setting level: com.almasb.fxgl.entity.level.Level@3a098ba4
23:30:35.963 [FXGL Background Thread 4 ] DEBUG FXGLAssetLoaderServi - Loading from file system: file:/C:/Users/Lenovo/ProjectJava3.0/myproject/myproject/target/classes/assets/textures/Actor1.png
23:30:35.971 [FXGL Background Thread 4 ] INFO  FXGLApplication      - Game initialization took: 0.480 sec
23:30:35.972 [JavaFX Application Thread] DEBUG Input                - Clearing active input actions
23:30:35.983 [JavaFX Application Thread] DEBUG GameApplicationServi - Removing overlay from FXGLLoadingScene and adding to GameScene
23:30:35.986 [JavaFX Application Thread] DEBUG PrimaryStageWindow   - FXGLLoadingScene -> GameScene
23:30:38.361 [FXGL Background Thread 3 ] DEBUG Engine               - Logging environment variables
23:30:38.361 [FXGL Background Thread 3 ] DEBUG Engine               - achievements: []
23:30:38.361 [FXGL Background Thread 3 ] DEBUG Engine               - actualHeight: 864.0
23:30:38.362 [FXGL Background Thread 3 ] DEBUG Engine               - actualHeightProperty: ReadOnlyDoubleProperty [value: 864.0]
23:30:38.362 [FXGL Background Thread 3 ] DEBUG Engine               - actualWidth: 1536.0
23:30:38.362 [FXGL Background Thread 3 ] DEBUG Engine               - actualWidthProperty: ReadOnlyDoubleProperty [value: 1536.0]
23:30:38.362 [FXGL Background Thread 3 ] DEBUG Engine               - appIcon: fxgl_icon.png
23:30:38.362 [FXGL Background Thread 3 ] DEBUG Engine               - applicationMode: DEVELOPER
23:30:38.362 [FXGL Background Thread 3 ] DEBUG Engine               - cSSList: [fxgl_dark.css]
23:30:38.362 [FXGL Background Thread 3 ] DEBUG Engine               - collisionDetectionStrategy: BRUTE_FORCE
23:30:38.362 [FXGL Background Thread 3 ] DEBUG Engine               - configClass: Optional.empty
23:30:38.362 [FXGL Background Thread 3 ] DEBUG Engine               - credits: []
23:30:38.363 [FXGL Background Thread 3 ] DEBUG Engine               - defaultCursor: CursorInfo(imageName=fxgl_default_cursor.png, hotspotX=7.0, hotspotY=6.0)
23:30:38.363 [FXGL Background Thread 3 ] DEBUG Engine               - devBBoxColorProperty: ObjectProperty [value: 0xff0000ff]
23:30:38.363 [FXGL Background Thread 3 ] DEBUG Engine               - devEnableDebugCameraProperty: BooleanProperty [value: false]
23:30:38.363 [FXGL Background Thread 3 ] DEBUG Engine               - devSensorColorProperty: ObjectProperty [value: 0xffff00ff]
23:30:38.363 [FXGL Background Thread 3 ] DEBUG Engine               - devShowBBoxProperty: BooleanProperty [value: false]
23:30:38.363 [FXGL Background Thread 3 ] DEBUG Engine               - devShowPositionProperty: BooleanProperty [value: false]
23:30:38.363 [FXGL Background Thread 3 ] DEBUG Engine               - enabledMenuItems: []
23:30:38.363 [FXGL Background Thread 3 ] DEBUG Engine               - engineServices: [class com.almasb.fxgl.app.services.FXGLAssetLoaderService, class com.almasb.fxgl.app.FXGLApplication$GameApplicationService, class com.almasb.fxgl.app.services.FXGLDialogService, class com.almasb.fxgl.app.services.IOTaskExecutorService, class com.almasb.fxgl.io.FileSystemService, class com.almasb.fxgl.localization.LocalizationService, class com.almasb.fxgl.app.services.SystemBundleService, class com.almasb.fxgl.profile.SaveLoadService, class com.almasb.fxgl.ui.FXGLUIFactoryServiceProvider, class com.almasb.fxgl.ui.FXGLDialogFactoryServiceProvider, class com.almasb.fxgl.audio.AudioPlayer, class com.almasb.fxgl.notification.impl.NotificationServiceProvider, class com.almasb.fxgl.achievement.AchievementService, class com.almasb.fxgl.cutscene.CutsceneService, class com.almasb.fxgl.minigames.MiniGameService, class com.almasb.fxgl.net.NetService, class com.almasb.fxgl.app.services.UpdaterService, class com.almasb.fxgl.dev.DevService]
23:30:38.363 [FXGL Background Thread 3 ] DEBUG Engine               - fontGame: Abel-Regular.ttf
23:30:38.363 [FXGL Background Thread 3 ] DEBUG Engine               - fontMono: TerminalLandMono-Regular.otf
23:30:38.363 [FXGL Background Thread 3 ] DEBUG Engine               - fontSizeScaleUI: 1.0
23:30:38.363 [FXGL Background Thread 3 ] DEBUG Engine               - fontText: Courier-Prime.ttf
23:30:38.363 [FXGL Background Thread 3 ] DEBUG Engine               - fontUI: VarelaRound-Regular.ttf
23:30:38.363 [FXGL Background Thread 3 ] DEBUG Engine               - fullScreen: BooleanProperty [value: true]
23:30:38.364 [FXGL Background Thread 3 ] DEBUG Engine               - gameDifficulty: MEDIUM
23:30:38.364 [FXGL Background Thread 3 ] DEBUG Engine               - gameDifficultyProperty: ObjectProperty [value: MEDIUM]
23:30:38.364 [FXGL Background Thread 3 ] DEBUG Engine               - globalMusicVolume: 0.5
23:30:38.364 [FXGL Background Thread 3 ] DEBUG Engine               - globalMusicVolumeProperty: DoubleProperty [value: 0.5]
23:30:38.364 [FXGL Background Thread 3 ] DEBUG Engine               - globalSoundVolume: 0.5
23:30:38.364 [FXGL Background Thread 3 ] DEBUG Engine               - globalSoundVolumeProperty: DoubleProperty [value: 0.5]
23:30:38.365 [FXGL Background Thread 3 ] DEBUG Engine               - height: 720
23:30:38.365 [FXGL Background Thread 3 ] DEBUG Engine               - is3D: false
23:30:38.365 [FXGL Background Thread 3 ] DEBUG Engine               - isAndroid: false
23:30:38.365 [FXGL Background Thread 3 ] DEBUG Engine               - isBrowser: false
23:30:38.365 [FXGL Background Thread 3 ] DEBUG Engine               - isClickFeedbackEnabled: false
23:30:38.365 [FXGL Background Thread 3 ] DEBUG Engine               - isCloseConfirmation: false
23:30:38.365 [FXGL Background Thread 3 ] DEBUG Engine               - isDesktop: true
23:30:38.365 [FXGL Background Thread 3 ] DEBUG Engine               - isDeveloperMenuEnabled: true
23:30:38.365 [FXGL Background Thread 3 ] DEBUG Engine               - isEmbedded: false
23:30:38.365 [FXGL Background Thread 3 ] DEBUG Engine               - isEntityPreloadEnabled: true
23:30:38.366 [FXGL Background Thread 3 ] DEBUG Engine               - isExperimentalTiledLargeMap: false
23:30:38.366 [FXGL Background Thread 3 ] DEBUG Engine               - isFileSystemWriteAllowed: true
23:30:38.366 [FXGL Background Thread 3 ] DEBUG Engine               - isFullScreenAllowed: true
23:30:38.366 [FXGL Background Thread 3 ] DEBUG Engine               - isFullScreenFromStart: true
23:30:38.366 [FXGL Background Thread 3 ] DEBUG Engine               - isGameMenuEnabled: true
23:30:38.366 [FXGL Background Thread 3 ] DEBUG Engine               - isIOS: false
23:30:38.367 [FXGL Background Thread 3 ] DEBUG Engine               - isIntroEnabled: false
23:30:38.367 [FXGL Background Thread 3 ] DEBUG Engine               - isLinux: false
23:30:38.367 [FXGL Background Thread 3 ] DEBUG Engine               - isMac: false
23:30:38.367 [FXGL Background Thread 3 ] DEBUG Engine               - isMainMenuEnabled: false
23:30:38.367 [FXGL Background Thread 3 ] DEBUG Engine               - isManualResizeEnabled: false
23:30:38.368 [FXGL Background Thread 3 ] DEBUG Engine               - isMobile: false
23:30:38.368 [FXGL Background Thread 3 ] DEBUG Engine               - isNative: false
23:30:38.368 [FXGL Background Thread 3 ] DEBUG Engine               - isPauseMusicWhenMinimized: true
23:30:38.368 [FXGL Background Thread 3 ] DEBUG Engine               - isPreserveResizeRatio: false
23:30:38.369 [FXGL Background Thread 3 ] DEBUG Engine               - isProfilingEnabled: false
23:30:38.369 [FXGL Background Thread 3 ] DEBUG Engine               - isScaleAffectedOnResize: true
23:30:38.369 [FXGL Background Thread 3 ] DEBUG Engine               - isSingleStep: false
23:30:38.369 [FXGL Background Thread 3 ] DEBUG Engine               - isUserProfileEnabled: false
23:30:38.369 [FXGL Background Thread 3 ] DEBUG Engine               - isWindows: true
23:30:38.370 [FXGL Background Thread 3 ] DEBUG Engine               - language: ObjectProperty [value: ENGLISH]
23:30:38.370 [FXGL Background Thread 3 ] DEBUG Engine               - menuKey: ESCAPE
23:30:38.370 [FXGL Background Thread 3 ] DEBUG Engine               - mouseSensitivity: 0.2
23:30:38.370 [FXGL Background Thread 3 ] DEBUG Engine               - notificationViewClass: class com.almasb.fxgl.notification.view.XboxNotificationView
23:30:38.370 [FXGL Background Thread 3 ] DEBUG Engine               - pixelsPerMeter: 50.0
23:30:38.370 [FXGL Background Thread 3 ] DEBUG Engine               - platform: WINDOWS
23:30:38.370 [FXGL Background Thread 3 ] DEBUG Engine               - prefHeightProperty: ReadOnlyDoubleProperty [value: 720.0]
23:30:38.371 [FXGL Background Thread 3 ] DEBUG Engine               - prefWidthProperty: ReadOnlyDoubleProperty [value: 1280.0]
23:30:38.371 [FXGL Background Thread 3 ] DEBUG Engine               - profileDir: profiles/
23:30:38.371 [FXGL Background Thread 3 ] DEBUG Engine               - profileName: StringProperty [value: DEFAULT]
23:30:38.371 [FXGL Background Thread 3 ] DEBUG Engine               - randomSeed: -1
23:30:38.371 [FXGL Background Thread 3 ] DEBUG Engine               - runtimeInfo: RuntimeInfo(platform=WINDOWS, version=21.1, build=27.03.2024 07.52)
23:30:38.371 [FXGL Background Thread 3 ] DEBUG Engine               - saveFileExt: sav
23:30:38.371 [FXGL Background Thread 3 ] DEBUG Engine               - scaledHeightProp$fxgl: DoubleProperty [bound, value: 864.0]
23:30:38.371 [FXGL Background Thread 3 ] DEBUG Engine               - scaledWidthProp$fxgl: DoubleProperty [bound, value: 1536.0]
23:30:38.371 [FXGL Background Thread 3 ] DEBUG Engine               - sceneFactory: com.almasb.fxgl.app.scene.SceneFactory@199335
23:30:38.371 [FXGL Background Thread 3 ] DEBUG Engine               - secondsIn24h: 60
23:30:38.371 [FXGL Background Thread 3 ] DEBUG Engine               - soundMenuBack: menu/back.wav
23:30:38.371 [FXGL Background Thread 3 ] DEBUG Engine               - soundMenuPress: menu/press.wav
23:30:38.371 [FXGL Background Thread 3 ] DEBUG Engine               - soundMenuSelect: menu/select.wav
23:30:38.372 [FXGL Background Thread 3 ] DEBUG Engine               - soundNotification: core/notification.wav
23:30:38.372 [FXGL Background Thread 3 ] DEBUG Engine               - stageStyle: DECORATED
23:30:38.372 [FXGL Background Thread 3 ] DEBUG Engine               - supportedLanguages: [ENGLISH, FRENCH, GERMAN, HUNGARIAN, RUSSIAN]
23:30:38.372 [FXGL Background Thread 3 ] DEBUG Engine               - ticksPerSecond: -1
23:30:38.372 [FXGL Background Thread 3 ] DEBUG Engine               - title: Final Journey
23:30:38.372 [FXGL Background Thread 3 ] DEBUG Engine               - urlGithub: https://github.com/AlmasB/FXGL
23:30:38.372 [FXGL Background Thread 3 ] DEBUG Engine               - urlLeaderboard: http://fxgl-top.herokuapp.com/
23:30:38.372 [FXGL Background Thread 3 ] DEBUG Engine               - urlPOM: https://raw.githubusercontent.com/AlmasB/FXGL/release/README.md
23:30:38.372 [FXGL Background Thread 3 ] DEBUG Engine               - userAppClass: class com.project.App
23:30:38.372 [FXGL Background Thread 3 ] DEBUG Engine               - version: Alpha
23:30:38.372 [FXGL Background Thread 3 ] DEBUG Engine               - versionCheckDays: 7
23:30:38.372 [FXGL Background Thread 3 ] DEBUG Engine               - width: 1280
23:30:38.372 [FXGL Background Thread 3 ] DEBUG Engine               - Logging services
23:30:38.372 [FXGL Background Thread 3 ] DEBUG Engine               - class com.almasb.fxgl.app.services.FXGLAssetLoaderService
23:30:38.372 [FXGL Background Thread 3 ] DEBUG Engine               - class com.almasb.fxgl.app.FXGLApplication$GameApplicationService
23:30:38.372 [FXGL Background Thread 3 ] DEBUG Engine               - class com.almasb.fxgl.app.services.FXGLDialogService
23:30:38.372 [FXGL Background Thread 3 ] DEBUG Engine               - class com.almasb.fxgl.app.services.IOTaskExecutorService
23:30:38.372 [FXGL Background Thread 3 ] DEBUG Engine               - class com.almasb.fxgl.io.FileSystemService
23:30:38.372 [FXGL Background Thread 3 ] DEBUG Engine               - class com.almasb.fxgl.localization.LocalizationService
23:30:38.372 [FXGL Background Thread 3 ] DEBUG Engine               - class com.almasb.fxgl.app.services.SystemBundleService
23:30:38.372 [FXGL Background Thread 3 ] DEBUG Engine               - class com.almasb.fxgl.profile.SaveLoadService
23:30:38.372 [FXGL Background Thread 3 ] DEBUG Engine               - class com.almasb.fxgl.ui.FXGLUIFactoryServiceProvider
23:30:38.373 [FXGL Background Thread 3 ] DEBUG Engine               - class com.almasb.fxgl.ui.FXGLDialogFactoryServiceProvider
23:30:38.373 [FXGL Background Thread 3 ] DEBUG Engine               - class com.almasb.fxgl.audio.AudioPlayer
23:30:38.373 [FXGL Background Thread 3 ] DEBUG Engine               - class com.almasb.fxgl.notification.impl.NotificationServiceProvider
23:30:38.373 [FXGL Background Thread 3 ] DEBUG Engine               - class com.almasb.fxgl.achievement.AchievementService
23:30:38.373 [FXGL Background Thread 3 ] DEBUG Engine               - class com.almasb.fxgl.cutscene.CutsceneService
23:30:38.373 [FXGL Background Thread 3 ] DEBUG Engine               - class com.almasb.fxgl.minigames.MiniGameService
23:30:38.373 [FXGL Background Thread 3 ] DEBUG Engine               - class com.almasb.fxgl.net.NetService
23:30:38.373 [FXGL Background Thread 3 ] DEBUG Engine               - class com.almasb.fxgl.app.services.UpdaterService
23:30:38.373 [FXGL Background Thread 3 ] DEBUG Engine               - class com.almasb.fxgl.dev.DevService
23:30:38.842 [JavaFX Application Thread] DEBUG EventBus             - Firing event: com.GameEvent.NextScene[source=javafx.event.Event$$Lambda/0x00000247c81742e8@3539e7c7]
23:30:38.844 [JavaFX Application Thread] WARN  TMXLevelLoader       - TiledMap generated from 1.11.2. Supported version: 1.9.0. Some features may not be parsed fully.
23:30:38.851 [JavaFX Application Thread] DEBUG TMXLevelLoader       - Parsed TiledMap: file:/C:/Users/Lenovo/ProjectJava3.0/myproject/myproject/target/classes/assets/levels/scene2.tmx
23:30:38.851 [JavaFX Application Thread] DEBUG TMXLevelLoader       - Creating tile layer entities
23:30:38.852 [JavaFX Application Thread] DEBUG TilesetLoader        - Loading view for layer Tile Layer 1
23:30:38.852 [JavaFX Application Thread] DEBUG TilesetLoader        - Created buffer with size 1024.0x1024.0
23:30:38.916 [JavaFX Application Thread] DEBUG TMXLevelLoader       - Creating object layer entities
23:30:38.927 [JavaFX Application Thread] DEBUG FXGLAssetLoaderServi - Loading from file system: file:/C:/Users/Lenovo/ProjectJava3.0/myproject/myproject/target/classes/assets/textures/CultistAni.png
23:30:38.931 [JavaFX Application Thread] DEBUG GameWorld            - Clearing removable entities
23:30:38.938 [JavaFX Application Thread] DEBUG GameWorld            - Setting level: com.almasb.fxgl.entity.level.Level@2f76f33e
23:30:38.941 [JavaFX Application Thread] WARN  TMXLevelLoader       - TiledMap generated from 1.11.2. Supported version: 1.9.0. Some features may not be parsed fully.
23:30:38.945 [JavaFX Application Thread] DEBUG TMXLevelLoader       - Parsed TiledMap: file:/C:/Users/Lenovo/ProjectJava3.0/myproject/myproject/target/classes/assets/levels/scene2.tmx
23:30:38.945 [JavaFX Application Thread] DEBUG TMXLevelLoader       - Creating tile layer entities
23:30:38.946 [JavaFX Application Thread] DEBUG TilesetLoader        - Loading view for layer Tile Layer 1
23:30:38.946 [JavaFX Application Thread] DEBUG TilesetLoader        - Created buffer with size 1024.0x1024.0
23:30:39.021 [JavaFX Application Thread] DEBUG TMXLevelLoader       - Creating object layer entities
23:30:39.488 [JavaFX Application Thread] DEBUG EventBus             - Firing event: com.GameEvent.NextScene[source=javafx.event.Event$$Lambda/0x00000247c81742e8@3539e7c7]
23:30:39.491 [JavaFX Application Thread] WARN  TMXLevelLoader       - TiledMap generated from 1.11.2. Supported version: 1.9.0. Some features may not be parsed fully.
23:30:39.497 [JavaFX Application Thread] DEBUG TMXLevelLoader       - Parsed TiledMap: file:/C:/Users/Lenovo/ProjectJava3.0/myproject/myproject/target/classes/assets/levels/scene3.tmx
23:30:39.497 [JavaFX Application Thread] DEBUG TMXLevelLoader       - Creating tile layer entities
23:30:39.497 [JavaFX Application Thread] DEBUG TilesetLoader        - Loading view for layer Tile Layer 1
23:30:39.505 [JavaFX Application Thread] DEBUG TilesetLoader        - Created buffer with size 2048.0x1024.0
23:30:39.601 [JavaFX Application Thread] DEBUG TMXLevelLoader       - Creating object layer entities
23:30:39.605 [JavaFX Application Thread] DEBUG FXGLAssetLoaderServi - Loading from file system: file:/C:/Users/Lenovo/ProjectJava3.0/myproject/myproject/target/classes/assets/textures/DuessaAni.png
23:30:39.607 [JavaFX Application Thread] DEBUG GameWorld            - Clearing removable entities
23:30:39.609 [JavaFX Application Thread] DEBUG GameWorld            - Setting level: com.almasb.fxgl.entity.level.Level@5261833f
23:30:39.612 [JavaFX Application Thread] WARN  TMXLevelLoader       - TiledMap generated from 1.11.2. Supported version: 1.9.0. Some features may not be parsed fully.
23:30:39.615 [JavaFX Application Thread] DEBUG TMXLevelLoader       - Parsed TiledMap: file:/C:/Users/Lenovo/ProjectJava3.0/myproject/myproject/target/classes/assets/levels/scene3.tmx
23:30:39.616 [JavaFX Application Thread] DEBUG TMXLevelLoader       - Creating tile layer entities
23:30:39.616 [JavaFX Application Thread] DEBUG TilesetLoader        - Loading view for layer Tile Layer 1
23:30:39.617 [JavaFX Application Thread] DEBUG TilesetLoader        - Created buffer with size 2048.0x1024.0
23:30:39.711 [JavaFX Application Thread] DEBUG TMXLevelLoader       - Creating object layer entities
23:30:55.158 [JavaFX Application Thread] DEBUG FXGLAssetLoaderServi - Loading from file system: file:/C:/Users/Lenovo/ProjectJava3.0/myproject/myproject/target/classes/assets/text/filetext.txt
23:30:55.160 [JavaFX Application Thread] DEBUG EventBus             - Firing event: com.GameEvent.CombatScene[source=javafx.event.Event$$Lambda/0x00000247c81742e8@3539e7c7]
23:30:55.162 [JavaFX Application Thread] WARN  TMXLevelLoader       - TiledMap generated from 1.11.2. Supported version: 1.9.0. Some features may not be parsed fully.
23:30:55.167 [JavaFX Application Thread] DEBUG TMXLevelLoader       - Parsed TiledMap: file:/C:/Users/Lenovo/ProjectJava3.0/myproject/myproject/target/classes/assets/levels/battle3.tmx
23:30:55.167 [JavaFX Application Thread] DEBUG TMXLevelLoader       - Creating tile layer entities
23:30:55.168 [JavaFX Application Thread] DEBUG TilesetLoader        - Loading view for layer Tile Layer 1
23:30:55.169 [JavaFX Application Thread] DEBUG TilesetLoader        - Created buffer with size 1024.0x1024.0
23:30:55.271 [JavaFX Application Thread] DEBUG TMXLevelLoader       - Creating object layer entities
23:30:55.273 [JavaFX Application Thread] DEBUG FXGLAssetLoaderServi - Loading from file system: file:/C:/Users/Lenovo/ProjectJava3.0/myproject/myproject/target/classes/assets/textures/Reid.png
23:30:55.411 [JavaFX Application Thread] DEBUG FXGLAssetLoaderServi - Loading from file system: file:/C:/Users/Lenovo/ProjectJava3.0/myproject/myproject/target/classes/assets/textures/King%20Archial.png
23:30:55.423 [JavaFX Application Thread] DEBUG FXGLAssetLoaderServi - Loading from file system: file:/C:/Users/Lenovo/ProjectJava3.0/myproject/myproject/target/classes/assets/textures/marsha.png
23:30:55.566 [JavaFX Application Thread] DEBUG FXGLAssetLoaderServi - Loading from file system: file:/C:/Users/Lenovo/ProjectJava3.0/myproject/myproject/target/classes/assets/textures/Knight%20Michael.png
23:30:55.581 [JavaFX Application Thread] DEBUG FXGLAssetLoaderServi - Loading from file system: file:/C:/Users/Lenovo/ProjectJava3.0/myproject/myproject/target/classes/assets/textures/Emprss%20Duessa.png
23:30:55.591 [JavaFX Application Thread] DEBUG GameWorld            - Clearing removable entities
23:30:55.593 [JavaFX Application Thread] DEBUG GameWorld            - Setting level: com.almasb.fxgl.entity.level.Level@4c0819d
23:30:55.597 [JavaFX Application Thread] WARN  TMXLevelLoader       - TiledMap generated from 1.11.2. Supported version: 1.9.0. Some features may not be parsed fully.
23:30:55.599 [JavaFX Application Thread] DEBUG TMXLevelLoader       - Parsed TiledMap: file:/C:/Users/Lenovo/ProjectJava3.0/myproject/myproject/target/classes/assets/levels/scene3.tmx
23:30:55.600 [JavaFX Application Thread] DEBUG TMXLevelLoader       - Creating tile layer entities
23:30:55.600 [JavaFX Application Thread] DEBUG TilesetLoader        - Loading view for layer Tile Layer 1
23:30:55.604 [JavaFX Application Thread] DEBUG TilesetLoader        - Created buffer with size 2048.0x1024.0
23:30:55.696 [JavaFX Application Thread] DEBUG TMXLevelLoader       - Creating object layer entities
23:31:16.338 [JavaFX Application Thread] DEBUG FXGLApplication      - Exiting FXGL
23:31:16.339 [JavaFX Application Thread] DEBUG LoopRunner           - Stopping loop
23:31:16.339 [JavaFX Application Thread] DEBUG SystemBundleService  - Saving FXGL system data
23:31:16.341 [JavaFX Application Thread] DEBUG FileSystemAccess     - Writing to: C:\Users\Lenovo\ProjectJava3.0\myproject\myproject\system\fxgl.bundle
23:31:16.343 [JavaFX Application Thread] DEBUG Async                - Shutting down background threads
23:31:16.343 [JavaFX Application Thread] DEBUG PrimaryStageWindow   - Closing main window
23:31:16.372 [JavaFX Application Thread] DEBUG Logger               - Closing Logger
