03:53:24.654 [main                     ] DEBUG Logger               - Configured Logger
03:53:24.675 [main                     ] DEBUG GameApplication      - Logging settings
Title: Final Journey
Version: Alpha
Width: 1280
Height: 720
Fullscreen: true
Intro: false
Profiling: false
Single step:false
App Mode: DEVELOPER
Menu Key: ESCAPE
Stage Style: DECORATED
Scene Factory: class com.almasb.fxgl.app.scene.SceneFactory

03:53:25.038 [JavaFX Application Thread] DEBUG FXGLApplication      - Initializing FXGL
03:53:25.041 [JavaFX Application Thread] INFO  Engine               - FXGL-21.1 (27.03.2024 07.52) on WINDOWS (J:21.0.6 FX:21.0.1)
03:53:25.041 [JavaFX Application Thread] DEBUG Engine               - JRE Vendor Name: Eclipse Adoptium
03:53:25.041 [JavaFX Application Thread] DEBUG Engine               - Running on OS: Windows 11 version 10.0
03:53:25.042 [JavaFX Application Thread] DEBUG Engine               - Architecture: amd64
03:53:25.042 [JavaFX Application Thread] INFO  Engine               - Source code and latest versions at: https://github.com/AlmasB/FXGL
03:53:25.042 [JavaFX Application Thread] INFO  Engine               -       Ask questions and discuss at: https://github.com/AlmasB/FXGL/discussions
03:53:25.042 [JavaFX Application Thread] INFO  Engine               -              Join the FXGL chat at: https://gitter.im/AlmasB/FXGL
03:53:25.126 [JavaFX Application Thread] DEBUG PrimaryStageWindow   - Creating a JavaFX scene
03:53:25.169 [JavaFX Application Thread] DEBUG PrimaryStageWindow   - Target settings size: 1280.0 x 720.0
03:53:25.169 [JavaFX Application Thread] DEBUG PrimaryStageWindow   - Scaled scene size:    1280.0 x 720.0
03:53:25.169 [JavaFX Application Thread] DEBUG PrimaryStageWindow   - Scaled ratio: (1.0, 1.0)
03:53:25.170 [JavaFX Application Thread] DEBUG PrimaryStageWindow   - Set initial scene to FXGLStartupScene
03:53:25.173 [JavaFX Application Thread] DEBUG PrimaryStageWindow   - Opening main window
03:53:25.252 [JavaFX Application Thread] DEBUG PrimaryStageWindow   - Window border size: (14.4000244140625, 37.5999755859375)
03:53:25.253 [JavaFX Application Thread] DEBUG PrimaryStageWindow   - Scaled size: 1280.0 x 720.0
03:53:25.253 [JavaFX Application Thread] DEBUG PrimaryStageWindow   - Scaled ratio: (1.0, 1.0)
03:53:25.253 [JavaFX Application Thread] DEBUG PrimaryStageWindow   - Scene size: 1280.0 x 720.0
03:53:25.253 [JavaFX Application Thread] DEBUG PrimaryStageWindow   - Stage size: 1294.4000244140625 x 757.5999755859375
03:53:25.315 [JavaFX Application Thread] DEBUG PrimaryStageWindow   - Going fullscreen
03:53:25.328 [FXGL Background Thread 1 ] DEBUG Engine               - Initializing environment variables
03:53:25.385 [FXGL Background Thread 1 ] DEBUG FXGLAssetLoaderServi - User app class for loading assets: class com.project.App
03:53:25.386 [FXGL Background Thread 1 ] DEBUG GameApplicationServi - Applying CSS: fxgl_dark.css
03:53:25.386 [FXGL Background Thread 1 ] DEBUG FXGLAssetLoaderServi - Loading from file system: jar:file:/C:/Users/frank/.m2/repository/com/github/almasb/fxgl/21.1/fxgl-21.1.jar!/fxglassets/ui/css/fxgl_dark.css
03:53:25.422 [FXGL Background Thread 1 ] DEBUG GameApplicationServi - Initializing application scenes
03:53:25.480 [FXGL Background Thread 1 ] DEBUG GameWorld            - Game world initialized
03:53:25.530 [FXGL Background Thread 1 ] DEBUG PhysicsWorld         - Physics world initialized: appHeight=720, physics.ppm=50.0
03:53:25.530 [FXGL Background Thread 1 ] DEBUG PhysicsWorld         - Using strategy: BRUTE_FORCE
03:53:25.534 [FXGL Background Thread 1 ] DEBUG GameScene            - Game scene initialized: 1280x720
03:53:25.543 [FXGL Background Thread 1 ] DEBUG FXGL.DefaultMenu     - createMenuBodyGameMenu()
03:53:25.555 [FXGL Background Thread 1 ] DEBUG FXGL.DefaultMenu     - createOptionsMenu()
03:53:25.563 [FXGL Background Thread 1 ] DEBUG FXGLAssetLoaderServi - Loading from file system: jar:file:/C:/Users/frank/.m2/repository/com/github/almasb/fxgl/21.1/fxgl-21.1.jar!/fxglassets/textures/particles/smoke.png
03:53:25.655 [FXGL Background Thread 1 ] DEBUG FXGLAssetLoaderServi - Loading from file system: jar:file:/C:/Users/frank/.m2/repository/com/github/almasb/fxgl/21.1/fxgl-21.1.jar!/fxglassets/textures/particles/trace_horizontal.png
03:53:25.675 [FXGL Background Thread 1 ] DEBUG GameApplicationServi - Application scenes initialized
03:53:25.687 [FXGL Background Thread 1 ] DEBUG SystemBundleService  - Loading FXGL system data
03:53:25.691 [FXGL Background Thread 1 ] DEBUG FileSystemAccess     - Reading from: C:\Users\frank\Desktop\ProjectFun\myproject\myproject\system\fxgl.bundle
03:53:25.698 [FXGL Background Thread 1 ] DEBUG SystemBundleService  - Bundle FXGL: {}
03:53:25.698 [FXGL Background Thread 1 ] DEBUG UpdaterService       - Checking for updates
03:53:25.723 [FXGL Background Thread 4 ] DEBUG FXGLApplication      - Loading fonts
03:53:25.724 [FXGL Background Thread 4 ] DEBUG FXGLAssetLoaderServi - Loading from file system: jar:file:/C:/Users/frank/.m2/repository/com/github/almasb/fxgl/21.1/fxgl-21.1.jar!/fxglassets/ui/fonts/VarelaRound-Regular.ttf
03:53:25.725 [FXGL Background Thread 1 ] DEBUG FXGLApplication      - Loading default localization
03:53:25.726 [FXGL Background Thread 1 ] DEBUG FXGLAssetLoaderServi - Loading from file system: jar:file:/C:/Users/frank/.m2/repository/com/github/almasb/fxgl/21.1/fxgl-21.1.jar!/fxglassets/languages/english.lang
03:53:25.760 [FXGL Background Thread 1 ] INFO  FXGLApplication      - FXGL initialization took: 0.431 sec
03:53:25.760 [FXGL Background Thread 4 ] DEBUG FXGLAssetLoaderServi - Loading from file system: jar:file:/C:/Users/frank/.m2/repository/com/github/almasb/fxgl/21.1/fxgl-21.1.jar!/fxglassets/ui/fonts/Abel-Regular.ttf
03:53:25.764 [FXGL Background Thread 4 ] DEBUG FXGLAssetLoaderServi - Loading from file system: jar:file:/C:/Users/frank/.m2/repository/com/github/almasb/fxgl/21.1/fxgl-21.1.jar!/fxglassets/ui/fonts/TerminalLandMono-Regular.otf
03:53:25.767 [FXGL Background Thread 4 ] DEBUG FXGLAssetLoaderServi - Loading from file system: jar:file:/C:/Users/frank/.m2/repository/com/github/almasb/fxgl/21.1/fxgl-21.1.jar!/fxglassets/ui/fonts/Courier-Prime.ttf
03:53:25.773 [JavaFX Application Thread] DEBUG Input                - Registered new binding: Right - D
03:53:25.773 [JavaFX Application Thread] DEBUG Input                - Registered new binding: Left - A
03:53:25.774 [JavaFX Application Thread] DEBUG Input                - Registered new binding: Up - W
03:53:25.774 [JavaFX Application Thread] DEBUG Input                - Registered new binding: Down - S
03:53:25.774 [JavaFX Application Thread] DEBUG Input                - Registered new binding: Interact - E
03:53:25.776 [JavaFX Application Thread] DEBUG FXGLAssetLoaderServi - Loading from file system: jar:file:/C:/Users/frank/.m2/repository/com/github/almasb/fxgl/21.1/fxgl-21.1.jar!/fxglassets/textures/fxgl_icon.png
03:53:25.798 [JavaFX Application Thread] DEBUG FXGLAssetLoaderServi - Loading from file system: jar:file:/C:/Users/frank/.m2/repository/com/github/almasb/fxgl/21.1/fxgl-21.1.jar!/fxglassets/textures/fxgl_default_cursor.png
03:53:25.803 [JavaFX Application Thread] DEBUG Input                - Registered new binding: Screenshot - CTRL+8
03:53:25.804 [JavaFX Application Thread] DEBUG Input                - Registered new binding: Dev Options - 1
03:53:25.806 [JavaFX Application Thread] DEBUG Input                - Registered new binding: Dev Console - 2
03:53:25.807 [JavaFX Application Thread] DEBUG Input                - Registered new binding: System info dump - CTRL+9
03:53:25.808 [JavaFX Application Thread] DEBUG Input                - Registered new binding: Restart - CTRL+R
03:53:25.810 [JavaFX Application Thread] DEBUG Input                - Registered new binding: Toggle Debug Camera - CTRL+7
03:53:25.822 [JavaFX Application Thread] DEBUG LoopRunner           - Starting loop
03:53:25.841 [JavaFX Application Thread] DEBUG LoopRunner           - Initializing JavaFX AnimationTimerLoop
03:53:25.847 [JavaFX Application Thread] DEBUG GameApplicationServi - Starting new game
03:53:25.848 [JavaFX Application Thread] DEBUG Input                - Clearing active input actions
03:53:25.861 [JavaFX Application Thread] DEBUG GameApplicationServi - Removing overlay from FXGLStartupScene and adding to FXGLLoadingScene
03:53:25.866 [JavaFX Application Thread] DEBUG PrimaryStageWindow   - FXGLStartupScene -> FXGLLoadingScene
03:53:25.866 [JavaFX Application Thread] DEBUG GameApplicationServi - Clearing previous game
03:53:25.866 [JavaFX Application Thread] DEBUG GameScene            - Clearing game scene
03:53:25.866 [JavaFX Application Thread] DEBUG GameWorld            - Clearing game world
03:53:25.866 [JavaFX Application Thread] DEBUG PhysicsWorld         - Clearing physics world
03:53:25.867 [JavaFX Application Thread] DEBUG FXGLApplication      - Registering font factories with UI factory
03:53:25.867 [FXGL Background Thread 4 ] DEBUG FXGLApplication      - Initializing game
03:53:25.901 [FXGL Background Thread 4 ] WARN  TMXLevelLoader       - TiledMap generated from 1.11.2. Supported version: 1.9.0. Some features may not be parsed fully.
03:53:25.929 [FXGL Background Thread 4 ] DEBUG TMXLevelLoader       - Parsed TiledMap: file:/C:/Users/frank/Desktop/ProjectFun/myproject/myproject/target/classes/assets/levels/scene1.tmx
03:53:25.931 [FXGL Background Thread 4 ] DEBUG TMXLevelLoader       - Creating tile layer entities
03:53:25.936 [FXGL Background Thread 4 ] DEBUG TilesetLoader        - Loading view for layer lowefloor
03:53:25.936 [FXGL Background Thread 4 ] DEBUG TilesetLoader        - Created buffer with size 512.0x1024.0
03:53:25.989 [FXGL Background Thread 4 ] DEBUG TilesetLoader        - Loading view for layer cliff
03:53:25.990 [FXGL Background Thread 4 ] DEBUG TilesetLoader        - Created buffer with size 512.0x1024.0
03:53:25.992 [FXGL Background Thread 4 ] DEBUG TilesetLoader        - Loading view for layer cliff1
03:53:25.995 [FXGL Background Thread 4 ] DEBUG TilesetLoader        - Created buffer with size 512.0x1024.0
03:53:25.996 [FXGL Background Thread 4 ] DEBUG TilesetLoader        - Loading view for layer cliff2
03:53:25.996 [FXGL Background Thread 4 ] DEBUG TilesetLoader        - Created buffer with size 512.0x1024.0
03:53:25.997 [FXGL Background Thread 4 ] DEBUG TilesetLoader        - Loading view for layer Tile Layer 3
03:53:25.997 [FXGL Background Thread 4 ] DEBUG TilesetLoader        - Created buffer with size 512.0x1024.0
03:53:25.997 [FXGL Background Thread 4 ] DEBUG TilesetLoader        - Loading view for layer Tile Layer 6
03:53:25.998 [FXGL Background Thread 4 ] DEBUG TilesetLoader        - Created buffer with size 512.0x1024.0
03:53:26.066 [FXGL Background Thread 4 ] DEBUG TilesetLoader        - Loading view for layer prop
03:53:26.066 [FXGL Background Thread 4 ] DEBUG TilesetLoader        - Created buffer with size 512.0x1024.0
03:53:26.067 [FXGL Background Thread 4 ] DEBUG TMXLevelLoader       - Creating object layer entities
03:53:26.119 [FXGL Background Thread 4 ] DEBUG FXGLAssetLoaderServi - Loading from file system: file:/C:/Users/frank/Desktop/ProjectFun/myproject/myproject/target/classes/assets/textures/Actor1.png
03:53:26.159 [FXGL Background Thread 4 ] DEBUG FXGLAssetLoaderServi - Loading from file system: file:/C:/Users/frank/Desktop/ProjectFun/myproject/myproject/target/classes/assets/textures/Rex.png
03:53:26.165 [FXGL Background Thread 4 ] WARN  TMXLevelLoader       - TiledMap generated from 1.11.2. Supported version: 1.9.0. Some features may not be parsed fully.
03:53:26.172 [FXGL Background Thread 4 ] DEBUG TMXLevelLoader       - Parsed TiledMap: file:/C:/Users/frank/Desktop/ProjectFun/myproject/myproject/target/classes/assets/levels/scene1.tmx
03:53:26.172 [FXGL Background Thread 4 ] DEBUG TMXLevelLoader       - Creating tile layer entities
03:53:26.172 [FXGL Background Thread 4 ] DEBUG TilesetLoader        - Loading view for layer lowefloor
03:53:26.173 [FXGL Background Thread 4 ] DEBUG TilesetLoader        - Created buffer with size 512.0x1024.0
03:53:26.191 [FXGL Background Thread 4 ] DEBUG TilesetLoader        - Loading view for layer cliff
03:53:26.192 [FXGL Background Thread 4 ] DEBUG TilesetLoader        - Created buffer with size 512.0x1024.0
03:53:26.193 [FXGL Background Thread 4 ] DEBUG TilesetLoader        - Loading view for layer cliff1
03:53:26.194 [FXGL Background Thread 4 ] DEBUG TilesetLoader        - Created buffer with size 512.0x1024.0
03:53:26.194 [FXGL Background Thread 4 ] DEBUG TilesetLoader        - Loading view for layer cliff2
03:53:26.196 [FXGL Background Thread 4 ] DEBUG TilesetLoader        - Created buffer with size 512.0x1024.0
03:53:26.196 [FXGL Background Thread 4 ] DEBUG TilesetLoader        - Loading view for layer Tile Layer 3
03:53:26.200 [FXGL Background Thread 4 ] DEBUG TilesetLoader        - Created buffer with size 512.0x1024.0
03:53:26.201 [FXGL Background Thread 4 ] DEBUG TilesetLoader        - Loading view for layer Tile Layer 6
03:53:26.201 [FXGL Background Thread 4 ] DEBUG TilesetLoader        - Created buffer with size 512.0x1024.0
03:53:26.248 [FXGL Background Thread 4 ] DEBUG TilesetLoader        - Loading view for layer prop
03:53:26.249 [FXGL Background Thread 4 ] DEBUG TilesetLoader        - Created buffer with size 512.0x1024.0
03:53:26.250 [FXGL Background Thread 4 ] DEBUG TMXLevelLoader       - Creating object layer entities
03:53:26.257 [FXGL Background Thread 4 ] DEBUG GameWorld            - Clearing removable entities
03:53:26.259 [FXGL Background Thread 4 ] DEBUG GameWorld            - Setting level: com.almasb.fxgl.entity.level.Level@259d9036
03:53:26.287 [FXGL Background Thread 4 ] INFO  FXGLApplication      - Game initialization took: 0.419 sec
03:53:26.309 [JavaFX Application Thread] DEBUG Input                - Clearing active input actions
03:53:26.317 [JavaFX Application Thread] DEBUG GameApplicationServi - Removing overlay from FXGLLoadingScene and adding to GameScene
03:53:26.320 [JavaFX Application Thread] DEBUG PrimaryStageWindow   - FXGLLoadingScene -> GameScene
03:53:27.776 [JavaFX Application Thread] DEBUG FXGLAssetLoaderServi - Loading from file system: file:/C:/Users/frank/Desktop/ProjectFun/myproject/myproject/target/classes/assets/text/filetext.txt
03:53:27.778 [JavaFX Application Thread] DEBUG EventBus             - Firing event: com.GameEvent.CombatScene[source=javafx.event.Event$$Lambda/0x000001c440172fa8@36ab4037]
03:53:27.780 [JavaFX Application Thread] WARN  TMXLevelLoader       - TiledMap generated from 1.11.2. Supported version: 1.9.0. Some features may not be parsed fully.
03:53:27.784 [JavaFX Application Thread] DEBUG TMXLevelLoader       - Parsed TiledMap: file:/C:/Users/frank/Desktop/ProjectFun/myproject/myproject/target/classes/assets/levels/battle1.tmx
03:53:27.784 [JavaFX Application Thread] DEBUG TMXLevelLoader       - Creating tile layer entities
03:53:27.785 [JavaFX Application Thread] DEBUG TilesetLoader        - Loading view for layer Tile Layer 1
03:53:27.785 [JavaFX Application Thread] DEBUG TilesetLoader        - Created buffer with size 2048.0x1024.0
03:53:27.872 [JavaFX Application Thread] DEBUG TMXLevelLoader       - Creating object layer entities
03:53:27.873 [JavaFX Application Thread] DEBUG FXGLAssetLoaderServi - Loading from file system: file:/C:/Users/frank/Desktop/ProjectFun/myproject/myproject/target/classes/assets/textures/Rex.png
03:53:27.878 [JavaFX Application Thread] DEBUG FXGLAssetLoaderServi - Loading from file system: file:/C:/Users/frank/Desktop/ProjectFun/myproject/myproject/target/classes/assets/textures/Karee.png
03:53:27.881 [JavaFX Application Thread] DEBUG GameWorld            - Clearing removable entities
03:53:27.888 [JavaFX Application Thread] DEBUG GameWorld            - Setting level: com.almasb.fxgl.entity.level.Level@743a30e0
03:53:27.891 [JavaFX Application Thread] WARN  TMXLevelLoader       - TiledMap generated from 1.11.2. Supported version: 1.9.0. Some features may not be parsed fully.
03:53:27.893 [JavaFX Application Thread] DEBUG TMXLevelLoader       - Parsed TiledMap: file:/C:/Users/frank/Desktop/ProjectFun/myproject/myproject/target/classes/assets/levels/battle1.tmx
03:53:27.894 [JavaFX Application Thread] DEBUG TMXLevelLoader       - Creating tile layer entities
03:53:27.894 [JavaFX Application Thread] DEBUG TilesetLoader        - Loading view for layer Tile Layer 1
03:53:27.895 [JavaFX Application Thread] DEBUG TilesetLoader        - Created buffer with size 2048.0x1024.0
03:53:27.975 [JavaFX Application Thread] DEBUG TMXLevelLoader       - Creating object layer entities
03:53:28.723 [FXGL Background Thread 3 ] DEBUG Engine               - Logging environment variables
03:53:28.724 [FXGL Background Thread 3 ] DEBUG Engine               - achievements: []
03:53:28.725 [FXGL Background Thread 3 ] DEBUG Engine               - actualHeight: 864.0
03:53:28.725 [FXGL Background Thread 3 ] DEBUG Engine               - actualHeightProperty: ReadOnlyDoubleProperty [value: 864.0]
03:53:28.725 [FXGL Background Thread 3 ] DEBUG Engine               - actualWidth: 1536.0
03:53:28.726 [FXGL Background Thread 3 ] DEBUG Engine               - actualWidthProperty: ReadOnlyDoubleProperty [value: 1536.0]
03:53:28.726 [FXGL Background Thread 3 ] DEBUG Engine               - appIcon: fxgl_icon.png
03:53:28.726 [FXGL Background Thread 3 ] DEBUG Engine               - applicationMode: DEVELOPER
03:53:28.726 [FXGL Background Thread 3 ] DEBUG Engine               - cSSList: [fxgl_dark.css]
03:53:28.726 [FXGL Background Thread 3 ] DEBUG Engine               - collisionDetectionStrategy: BRUTE_FORCE
03:53:28.726 [FXGL Background Thread 3 ] DEBUG Engine               - configClass: Optional.empty
03:53:28.726 [FXGL Background Thread 3 ] DEBUG Engine               - credits: []
03:53:28.727 [FXGL Background Thread 3 ] DEBUG Engine               - defaultCursor: CursorInfo(imageName=fxgl_default_cursor.png, hotspotX=7.0, hotspotY=6.0)
03:53:28.727 [FXGL Background Thread 3 ] DEBUG Engine               - devBBoxColorProperty: ObjectProperty [value: 0xff0000ff]
03:53:28.727 [FXGL Background Thread 3 ] DEBUG Engine               - devEnableDebugCameraProperty: BooleanProperty [value: false]
03:53:28.727 [FXGL Background Thread 3 ] DEBUG Engine               - devSensorColorProperty: ObjectProperty [value: 0xffff00ff]
03:53:28.727 [FXGL Background Thread 3 ] DEBUG Engine               - devShowBBoxProperty: BooleanProperty [value: false]
03:53:28.727 [FXGL Background Thread 3 ] DEBUG Engine               - devShowPositionProperty: BooleanProperty [value: false]
03:53:28.727 [FXGL Background Thread 3 ] DEBUG Engine               - enabledMenuItems: []
03:53:28.727 [FXGL Background Thread 3 ] DEBUG Engine               - engineServices: [class com.almasb.fxgl.app.services.FXGLAssetLoaderService, class com.almasb.fxgl.app.FXGLApplication$GameApplicationService, class com.almasb.fxgl.app.services.FXGLDialogService, class com.almasb.fxgl.app.services.IOTaskExecutorService, class com.almasb.fxgl.io.FileSystemService, class com.almasb.fxgl.localization.LocalizationService, class com.almasb.fxgl.app.services.SystemBundleService, class com.almasb.fxgl.profile.SaveLoadService, class com.almasb.fxgl.ui.FXGLUIFactoryServiceProvider, class com.almasb.fxgl.ui.FXGLDialogFactoryServiceProvider, class com.almasb.fxgl.audio.AudioPlayer, class com.almasb.fxgl.notification.impl.NotificationServiceProvider, class com.almasb.fxgl.achievement.AchievementService, class com.almasb.fxgl.cutscene.CutsceneService, class com.almasb.fxgl.minigames.MiniGameService, class com.almasb.fxgl.net.NetService, class com.almasb.fxgl.app.services.UpdaterService, class com.almasb.fxgl.dev.DevService]
03:53:28.727 [FXGL Background Thread 3 ] DEBUG Engine               - fontGame: Abel-Regular.ttf
03:53:28.727 [FXGL Background Thread 3 ] DEBUG Engine               - fontMono: TerminalLandMono-Regular.otf
03:53:28.727 [FXGL Background Thread 3 ] DEBUG Engine               - fontSizeScaleUI: 1.0
03:53:28.727 [FXGL Background Thread 3 ] DEBUG Engine               - fontText: Courier-Prime.ttf
03:53:28.727 [FXGL Background Thread 3 ] DEBUG Engine               - fontUI: VarelaRound-Regular.ttf
03:53:28.727 [FXGL Background Thread 3 ] DEBUG Engine               - fullScreen: BooleanProperty [value: true]
03:53:28.727 [FXGL Background Thread 3 ] DEBUG Engine               - gameDifficulty: MEDIUM
03:53:28.727 [FXGL Background Thread 3 ] DEBUG Engine               - gameDifficultyProperty: ObjectProperty [value: MEDIUM]
03:53:28.727 [FXGL Background Thread 3 ] DEBUG Engine               - globalMusicVolume: 0.5
03:53:28.728 [FXGL Background Thread 3 ] DEBUG Engine               - globalMusicVolumeProperty: DoubleProperty [value: 0.5]
03:53:28.728 [FXGL Background Thread 3 ] DEBUG Engine               - globalSoundVolume: 0.5
03:53:28.728 [FXGL Background Thread 3 ] DEBUG Engine               - globalSoundVolumeProperty: DoubleProperty [value: 0.5]
03:53:28.728 [FXGL Background Thread 3 ] DEBUG Engine               - height: 720
03:53:28.728 [FXGL Background Thread 3 ] DEBUG Engine               - is3D: false
03:53:28.728 [FXGL Background Thread 3 ] DEBUG Engine               - isAndroid: false
03:53:28.728 [FXGL Background Thread 3 ] DEBUG Engine               - isBrowser: false
03:53:28.728 [FXGL Background Thread 3 ] DEBUG Engine               - isClickFeedbackEnabled: false
03:53:28.728 [FXGL Background Thread 3 ] DEBUG Engine               - isCloseConfirmation: false
03:53:28.728 [FXGL Background Thread 3 ] DEBUG Engine               - isDesktop: true
03:53:28.728 [FXGL Background Thread 3 ] DEBUG Engine               - isDeveloperMenuEnabled: true
03:53:28.728 [FXGL Background Thread 3 ] DEBUG Engine               - isEmbedded: false
03:53:28.729 [FXGL Background Thread 3 ] DEBUG Engine               - isEntityPreloadEnabled: true
03:53:28.729 [FXGL Background Thread 3 ] DEBUG Engine               - isExperimentalTiledLargeMap: false
03:53:28.729 [FXGL Background Thread 3 ] DEBUG Engine               - isFileSystemWriteAllowed: true
03:53:28.729 [FXGL Background Thread 3 ] DEBUG Engine               - isFullScreenAllowed: true
03:53:28.729 [FXGL Background Thread 3 ] DEBUG Engine               - isFullScreenFromStart: true
03:53:28.729 [FXGL Background Thread 3 ] DEBUG Engine               - isGameMenuEnabled: true
03:53:28.729 [FXGL Background Thread 3 ] DEBUG Engine               - isIOS: false
03:53:28.729 [FXGL Background Thread 3 ] DEBUG Engine               - isIntroEnabled: false
03:53:28.729 [FXGL Background Thread 3 ] DEBUG Engine               - isLinux: false
03:53:28.729 [FXGL Background Thread 3 ] DEBUG Engine               - isMac: false
03:53:28.729 [FXGL Background Thread 3 ] DEBUG Engine               - isMainMenuEnabled: false
03:53:28.729 [FXGL Background Thread 3 ] DEBUG Engine               - isManualResizeEnabled: false
03:53:28.729 [FXGL Background Thread 3 ] DEBUG Engine               - isMobile: false
03:53:28.729 [FXGL Background Thread 3 ] DEBUG Engine               - isNative: false
03:53:28.729 [FXGL Background Thread 3 ] DEBUG Engine               - isPauseMusicWhenMinimized: true
03:53:28.729 [FXGL Background Thread 3 ] DEBUG Engine               - isPreserveResizeRatio: false
03:53:28.729 [FXGL Background Thread 3 ] DEBUG Engine               - isProfilingEnabled: false
03:53:28.729 [FXGL Background Thread 3 ] DEBUG Engine               - isScaleAffectedOnResize: true
03:53:28.729 [FXGL Background Thread 3 ] DEBUG Engine               - isSingleStep: false
03:53:28.729 [FXGL Background Thread 3 ] DEBUG Engine               - isUserProfileEnabled: false
03:53:28.729 [FXGL Background Thread 3 ] DEBUG Engine               - isWindows: true
03:53:28.729 [FXGL Background Thread 3 ] DEBUG Engine               - language: ObjectProperty [value: ENGLISH]
03:53:28.729 [FXGL Background Thread 3 ] DEBUG Engine               - menuKey: ESCAPE
03:53:28.729 [FXGL Background Thread 3 ] DEBUG Engine               - mouseSensitivity: 0.2
03:53:28.729 [FXGL Background Thread 3 ] DEBUG Engine               - notificationViewClass: class com.almasb.fxgl.notification.view.XboxNotificationView
03:53:28.729 [FXGL Background Thread 3 ] DEBUG Engine               - pixelsPerMeter: 50.0
03:53:28.729 [FXGL Background Thread 3 ] DEBUG Engine               - platform: WINDOWS
03:53:28.730 [FXGL Background Thread 3 ] DEBUG Engine               - prefHeightProperty: ReadOnlyDoubleProperty [value: 720.0]
03:53:28.730 [FXGL Background Thread 3 ] DEBUG Engine               - prefWidthProperty: ReadOnlyDoubleProperty [value: 1280.0]
03:53:28.730 [FXGL Background Thread 3 ] DEBUG Engine               - profileDir: profiles/
03:53:28.730 [FXGL Background Thread 3 ] DEBUG Engine               - profileName: StringProperty [value: DEFAULT]
03:53:28.730 [FXGL Background Thread 3 ] DEBUG Engine               - randomSeed: -1
03:53:28.730 [FXGL Background Thread 3 ] DEBUG Engine               - runtimeInfo: RuntimeInfo(platform=WINDOWS, version=21.1, build=27.03.2024 07.52)
03:53:28.730 [FXGL Background Thread 3 ] DEBUG Engine               - saveFileExt: sav
03:53:28.730 [FXGL Background Thread 3 ] DEBUG Engine               - scaledHeightProp$fxgl: DoubleProperty [bound, value: 864.0]
03:53:28.730 [FXGL Background Thread 3 ] DEBUG Engine               - scaledWidthProp$fxgl: DoubleProperty [bound, value: 1536.0]
03:53:28.730 [FXGL Background Thread 3 ] DEBUG Engine               - sceneFactory: com.almasb.fxgl.app.scene.SceneFactory@7c808997
03:53:28.730 [FXGL Background Thread 3 ] DEBUG Engine               - secondsIn24h: 60
03:53:28.730 [FXGL Background Thread 3 ] DEBUG Engine               - soundMenuBack: menu/back.wav
03:53:28.730 [FXGL Background Thread 3 ] DEBUG Engine               - soundMenuPress: menu/press.wav
03:53:28.730 [FXGL Background Thread 3 ] DEBUG Engine               - soundMenuSelect: menu/select.wav
03:53:28.730 [FXGL Background Thread 3 ] DEBUG Engine               - soundNotification: core/notification.wav
03:53:28.730 [FXGL Background Thread 3 ] DEBUG Engine               - stageStyle: DECORATED
03:53:28.730 [FXGL Background Thread 3 ] DEBUG Engine               - supportedLanguages: [ENGLISH, FRENCH, GERMAN, HUNGARIAN, RUSSIAN]
03:53:28.730 [FXGL Background Thread 3 ] DEBUG Engine               - ticksPerSecond: -1
03:53:28.730 [FXGL Background Thread 3 ] DEBUG Engine               - title: Final Journey
03:53:28.730 [FXGL Background Thread 3 ] DEBUG Engine               - urlGithub: https://github.com/AlmasB/FXGL
03:53:28.730 [FXGL Background Thread 3 ] DEBUG Engine               - urlLeaderboard: http://fxgl-top.herokuapp.com/
03:53:28.730 [FXGL Background Thread 3 ] DEBUG Engine               - urlPOM: https://raw.githubusercontent.com/AlmasB/FXGL/release/README.md
03:53:28.730 [FXGL Background Thread 3 ] DEBUG Engine               - userAppClass: class com.project.App
03:53:28.730 [FXGL Background Thread 3 ] DEBUG Engine               - version: Alpha
03:53:28.730 [FXGL Background Thread 3 ] DEBUG Engine               - versionCheckDays: 7
03:53:28.730 [FXGL Background Thread 3 ] DEBUG Engine               - width: 1280
03:53:28.731 [FXGL Background Thread 3 ] DEBUG Engine               - Logging services
03:53:28.731 [FXGL Background Thread 3 ] DEBUG Engine               - class com.almasb.fxgl.app.services.FXGLAssetLoaderService
03:53:28.731 [FXGL Background Thread 3 ] DEBUG Engine               - class com.almasb.fxgl.app.FXGLApplication$GameApplicationService
03:53:28.731 [FXGL Background Thread 3 ] DEBUG Engine               - class com.almasb.fxgl.app.services.FXGLDialogService
03:53:28.731 [FXGL Background Thread 3 ] DEBUG Engine               - class com.almasb.fxgl.app.services.IOTaskExecutorService
03:53:28.731 [FXGL Background Thread 3 ] DEBUG Engine               - class com.almasb.fxgl.io.FileSystemService
03:53:28.731 [FXGL Background Thread 3 ] DEBUG Engine               - class com.almasb.fxgl.localization.LocalizationService
03:53:28.731 [FXGL Background Thread 3 ] DEBUG Engine               - class com.almasb.fxgl.app.services.SystemBundleService
03:53:28.731 [FXGL Background Thread 3 ] DEBUG Engine               - class com.almasb.fxgl.profile.SaveLoadService
03:53:28.731 [FXGL Background Thread 3 ] DEBUG Engine               - class com.almasb.fxgl.ui.FXGLUIFactoryServiceProvider
03:53:28.731 [FXGL Background Thread 3 ] DEBUG Engine               - class com.almasb.fxgl.ui.FXGLDialogFactoryServiceProvider
03:53:28.731 [FXGL Background Thread 3 ] DEBUG Engine               - class com.almasb.fxgl.audio.AudioPlayer
03:53:28.731 [FXGL Background Thread 3 ] DEBUG Engine               - class com.almasb.fxgl.notification.impl.NotificationServiceProvider
03:53:28.731 [FXGL Background Thread 3 ] DEBUG Engine               - class com.almasb.fxgl.achievement.AchievementService
03:53:28.731 [FXGL Background Thread 3 ] DEBUG Engine               - class com.almasb.fxgl.cutscene.CutsceneService
03:53:28.731 [FXGL Background Thread 3 ] DEBUG Engine               - class com.almasb.fxgl.minigames.MiniGameService
03:53:28.731 [FXGL Background Thread 3 ] DEBUG Engine               - class com.almasb.fxgl.net.NetService
03:53:28.731 [FXGL Background Thread 3 ] DEBUG Engine               - class com.almasb.fxgl.app.services.UpdaterService
03:53:28.731 [FXGL Background Thread 3 ] DEBUG Engine               - class com.almasb.fxgl.dev.DevService
03:53:28.928 [JavaFX Application Thread] DEBUG EventBus             - Firing event: com.GameEvent.BackMainScene[source=javafx.event.Event$$Lambda/0x000001c440172fa8@36ab4037]
03:53:28.930 [JavaFX Application Thread] WARN  TMXLevelLoader       - TiledMap generated from 1.11.2. Supported version: 1.9.0. Some features may not be parsed fully.
03:53:28.935 [JavaFX Application Thread] DEBUG TMXLevelLoader       - Parsed TiledMap: file:/C:/Users/frank/Desktop/ProjectFun/myproject/myproject/target/classes/assets/levels/scene1.tmx
03:53:28.935 [JavaFX Application Thread] DEBUG TMXLevelLoader       - Creating tile layer entities
03:53:28.935 [JavaFX Application Thread] DEBUG TilesetLoader        - Loading view for layer lowefloor
03:53:28.936 [JavaFX Application Thread] DEBUG TilesetLoader        - Created buffer with size 512.0x1024.0
03:53:28.958 [JavaFX Application Thread] DEBUG TilesetLoader        - Loading view for layer cliff
03:53:28.958 [JavaFX Application Thread] DEBUG TilesetLoader        - Created buffer with size 512.0x1024.0
03:53:28.959 [JavaFX Application Thread] DEBUG TilesetLoader        - Loading view for layer cliff1
03:53:28.959 [JavaFX Application Thread] DEBUG TilesetLoader        - Created buffer with size 512.0x1024.0
03:53:28.960 [JavaFX Application Thread] DEBUG TilesetLoader        - Loading view for layer cliff2
03:53:28.960 [JavaFX Application Thread] DEBUG TilesetLoader        - Created buffer with size 512.0x1024.0
03:53:28.960 [JavaFX Application Thread] DEBUG TilesetLoader        - Loading view for layer Tile Layer 3
03:53:28.960 [JavaFX Application Thread] DEBUG TilesetLoader        - Created buffer with size 512.0x1024.0
03:53:28.961 [JavaFX Application Thread] DEBUG TilesetLoader        - Loading view for layer Tile Layer 6
03:53:28.961 [JavaFX Application Thread] DEBUG TilesetLoader        - Created buffer with size 512.0x1024.0
03:53:29.012 [JavaFX Application Thread] DEBUG TilesetLoader        - Loading view for layer prop
03:53:29.013 [JavaFX Application Thread] DEBUG TilesetLoader        - Created buffer with size 512.0x1024.0
03:53:29.013 [JavaFX Application Thread] DEBUG TMXLevelLoader       - Creating object layer entities
03:53:29.021 [JavaFX Application Thread] DEBUG GameWorld            - Clearing removable entities
03:53:29.022 [JavaFX Application Thread] DEBUG GameWorld            - Setting level: com.almasb.fxgl.entity.level.Level@78cce3b9
03:53:29.025 [JavaFX Application Thread] WARN  TMXLevelLoader       - TiledMap generated from 1.11.2. Supported version: 1.9.0. Some features may not be parsed fully.
03:53:29.029 [JavaFX Application Thread] DEBUG TMXLevelLoader       - Parsed TiledMap: file:/C:/Users/frank/Desktop/ProjectFun/myproject/myproject/target/classes/assets/levels/scene1.tmx
03:53:29.029 [JavaFX Application Thread] DEBUG TMXLevelLoader       - Creating tile layer entities
03:53:29.029 [JavaFX Application Thread] DEBUG TilesetLoader        - Loading view for layer lowefloor
03:53:29.030 [JavaFX Application Thread] DEBUG TilesetLoader        - Created buffer with size 512.0x1024.0
03:53:29.045 [JavaFX Application Thread] DEBUG TilesetLoader        - Loading view for layer cliff
03:53:29.046 [JavaFX Application Thread] DEBUG TilesetLoader        - Created buffer with size 512.0x1024.0
03:53:29.046 [JavaFX Application Thread] DEBUG TilesetLoader        - Loading view for layer cliff1
03:53:29.049 [JavaFX Application Thread] DEBUG TilesetLoader        - Created buffer with size 512.0x1024.0
03:53:29.050 [JavaFX Application Thread] DEBUG TilesetLoader        - Loading view for layer cliff2
03:53:29.050 [JavaFX Application Thread] DEBUG TilesetLoader        - Created buffer with size 512.0x1024.0
03:53:29.050 [JavaFX Application Thread] DEBUG TilesetLoader        - Loading view for layer Tile Layer 3
03:53:29.050 [JavaFX Application Thread] DEBUG TilesetLoader        - Created buffer with size 512.0x1024.0
03:53:29.051 [JavaFX Application Thread] DEBUG TilesetLoader        - Loading view for layer Tile Layer 6
03:53:29.051 [JavaFX Application Thread] DEBUG TilesetLoader        - Created buffer with size 512.0x1024.0
03:53:29.113 [JavaFX Application Thread] DEBUG TilesetLoader        - Loading view for layer prop
03:53:29.114 [JavaFX Application Thread] DEBUG TilesetLoader        - Created buffer with size 512.0x1024.0
03:53:29.115 [JavaFX Application Thread] DEBUG TMXLevelLoader       - Creating object layer entities
03:53:39.447 [JavaFX Application Thread] DEBUG PrimaryStageWindow   - Push state: FXGLDefaultMenu
03:53:39.448 [JavaFX Application Thread] DEBUG Input                - Clearing active input actions
03:53:39.450 [JavaFX Application Thread] DEBUG GameApplicationServi - Removing overlay from GameScene and adding to FXGLDefaultMenu
03:53:39.452 [JavaFX Application Thread] DEBUG PrimaryStageWindow   - GameScene -> FXGLDefaultMenu
03:53:40.267 [JavaFX Application Thread] DEBUG Menu                 - fireExit()
03:53:40.268 [JavaFX Application Thread] DEBUG PrimaryStageWindow   - Push state: DialogSubScene
03:53:40.268 [JavaFX Application Thread] DEBUG Input                - Clearing active input actions
03:53:40.269 [JavaFX Application Thread] DEBUG GameApplicationServi - Removing overlay from FXGLDefaultMenu and adding to DialogSubScene
03:53:40.269 [JavaFX Application Thread] DEBUG PrimaryStageWindow   - FXGLDefaultMenu -> DialogSubScene
03:53:40.794 [JavaFX Application Thread] DEBUG PrimaryStageWindow   - Pop state: DialogSubScene
03:53:40.794 [JavaFX Application Thread] DEBUG Input                - Clearing active input actions
03:53:40.795 [JavaFX Application Thread] DEBUG GameApplicationServi - Removing overlay from DialogSubScene and adding to FXGLDefaultMenu
03:53:40.796 [JavaFX Application Thread] DEBUG PrimaryStageWindow   - FXGLDefaultMenu <- DialogSubScene
03:53:40.796 [JavaFX Application Thread] DEBUG FXGLApplication      - Exiting FXGL
03:53:40.796 [JavaFX Application Thread] DEBUG LoopRunner           - Stopping loop
03:53:40.796 [JavaFX Application Thread] DEBUG SystemBundleService  - Saving FXGL system data
03:53:40.798 [JavaFX Application Thread] DEBUG FileSystemAccess     - Writing to: C:\Users\frank\Desktop\ProjectFun\myproject\myproject\system\fxgl.bundle
03:53:40.801 [JavaFX Application Thread] DEBUG Async                - Shutting down background threads
03:53:40.801 [JavaFX Application Thread] DEBUG PrimaryStageWindow   - Closing main window
03:53:40.826 [JavaFX Application Thread] DEBUG Logger               - Closing Logger
