23:33:09.529 [main                     ] DEBUG Logger               - Configured Logger
23:33:09.548 [main                     ] DEBUG GameApplication      - Logging settings
Title: Final Journey
Version: Alpha
Width: 1280
Height: 720
Fullscreen: true
Intro: false
Profiling: false
Single step:false
App Mode: DEVELOPER
Menu Key: ESCAPE
Stage Style: DECORATED
Scene Factory: class com.almasb.fxgl.app.scene.SceneFactory

23:33:10.021 [JavaFX Application Thread] DEBUG FXGLApplication      - Initializing FXGL
23:33:10.025 [JavaFX Application Thread] INFO  Engine               - FXGL-21.1 (27.03.2024 07.52) on WINDOWS (J:21.0.5 FX:21.0.1)
23:33:10.025 [JavaFX Application Thread] DEBUG Engine               - JRE Vendor Name: Eclipse Adoptium
23:33:10.025 [JavaFX Application Thread] DEBUG Engine               - Running on OS: Windows 11 version 10.0
23:33:10.025 [JavaFX Application Thread] DEBUG Engine               - Architecture: amd64
23:33:10.025 [JavaFX Application Thread] INFO  Engine               - Source code and latest versions at: https://github.com/AlmasB/FXGL
23:33:10.026 [JavaFX Application Thread] INFO  Engine               -       Ask questions and discuss at: https://github.com/AlmasB/FXGL/discussions
23:33:10.026 [JavaFX Application Thread] INFO  Engine               -              Join the FXGL chat at: https://gitter.im/AlmasB/FXGL
23:33:10.129 [JavaFX Application Thread] DEBUG PrimaryStageWindow   - Creating a JavaFX scene
23:33:10.186 [JavaFX Application Thread] DEBUG PrimaryStageWindow   - Target settings size: 1280.0 x 720.0
23:33:10.186 [JavaFX Application Thread] DEBUG PrimaryStageWindow   - Scaled scene size:    1280.0 x 720.0
23:33:10.186 [JavaFX Application Thread] DEBUG PrimaryStageWindow   - Scaled ratio: (1.0, 1.0)
23:33:10.187 [JavaFX Application Thread] DEBUG PrimaryStageWindow   - Set initial scene to FXGLStartupScene
23:33:10.191 [JavaFX Application Thread] DEBUG PrimaryStageWindow   - Opening main window
23:33:10.304 [JavaFX Application Thread] DEBUG PrimaryStageWindow   - Window border size: (14.4000244140625, 37.5999755859375)
23:33:10.304 [JavaFX Application Thread] DEBUG PrimaryStageWindow   - Scaled size: 1280.0 x 720.0
23:33:10.304 [JavaFX Application Thread] DEBUG PrimaryStageWindow   - Scaled ratio: (1.0, 1.0)
23:33:10.304 [JavaFX Application Thread] DEBUG PrimaryStageWindow   - Scene size: 1280.0 x 720.0
23:33:10.305 [JavaFX Application Thread] DEBUG PrimaryStageWindow   - Stage size: 1294.4000244140625 x 757.5999755859375
23:33:10.395 [JavaFX Application Thread] DEBUG PrimaryStageWindow   - Going fullscreen
23:33:10.411 [FXGL Background Thread 1 ] DEBUG Engine               - Initializing environment variables
23:33:10.476 [FXGL Background Thread 1 ] DEBUG FXGLAssetLoaderServi - User app class for loading assets: class com.project.App
23:33:10.476 [FXGL Background Thread 1 ] DEBUG GameApplicationServi - Applying CSS: fxgl_dark.css
23:33:10.477 [FXGL Background Thread 1 ] DEBUG FXGLAssetLoaderServi - Loading from file system: jar:file:/C:/Users/Lenovo/.m2/repository/com/github/almasb/fxgl/21.1/fxgl-21.1.jar!/fxglassets/ui/css/fxgl_dark.css
23:33:10.515 [FXGL Background Thread 1 ] DEBUG GameApplicationServi - Initializing application scenes
23:33:10.554 [FXGL Background Thread 1 ] DEBUG GameWorld            - Game world initialized
23:33:10.605 [FXGL Background Thread 1 ] DEBUG PhysicsWorld         - Physics world initialized: appHeight=720, physics.ppm=50.0
23:33:10.605 [FXGL Background Thread 1 ] DEBUG PhysicsWorld         - Using strategy: BRUTE_FORCE
23:33:10.608 [FXGL Background Thread 1 ] DEBUG GameScene            - Game scene initialized: 1280x720
23:33:10.617 [FXGL Background Thread 1 ] DEBUG FXGL.DefaultMenu     - createMenuBodyGameMenu()
23:33:10.630 [FXGL Background Thread 1 ] DEBUG FXGL.DefaultMenu     - createOptionsMenu()
23:33:10.640 [FXGL Background Thread 1 ] DEBUG FXGLAssetLoaderServi - Loading from file system: jar:file:/C:/Users/Lenovo/.m2/repository/com/github/almasb/fxgl/21.1/fxgl-21.1.jar!/fxglassets/textures/particles/smoke.png
23:33:10.727 [FXGL Background Thread 1 ] DEBUG FXGLAssetLoaderServi - Loading from file system: jar:file:/C:/Users/Lenovo/.m2/repository/com/github/almasb/fxgl/21.1/fxgl-21.1.jar!/fxglassets/textures/particles/trace_horizontal.png
23:33:10.752 [FXGL Background Thread 1 ] DEBUG GameApplicationServi - Application scenes initialized
23:33:10.764 [FXGL Background Thread 1 ] DEBUG SystemBundleService  - Loading FXGL system data
23:33:10.768 [FXGL Background Thread 1 ] DEBUG FileSystemAccess     - Reading from: C:\Users\Lenovo\ProjectJava3.0\myproject\myproject\system\fxgl.bundle
23:33:10.776 [FXGL Background Thread 1 ] DEBUG SystemBundleService  - Bundle FXGL: {}
23:33:10.776 [FXGL Background Thread 1 ] DEBUG UpdaterService       - Checking for updates
23:33:10.806 [FXGL Background Thread 4 ] DEBUG FXGLApplication      - Loading fonts
23:33:10.806 [FXGL Background Thread 4 ] DEBUG FXGLAssetLoaderServi - Loading from file system: jar:file:/C:/Users/Lenovo/.m2/repository/com/github/almasb/fxgl/21.1/fxgl-21.1.jar!/fxglassets/ui/fonts/VarelaRound-Regular.ttf
23:33:10.808 [FXGL Background Thread 1 ] DEBUG FXGLApplication      - Loading default localization
23:33:10.808 [FXGL Background Thread 1 ] DEBUG FXGLAssetLoaderServi - Loading from file system: jar:file:/C:/Users/Lenovo/.m2/repository/com/github/almasb/fxgl/21.1/fxgl-21.1.jar!/fxglassets/languages/english.lang
23:33:10.849 [FXGL Background Thread 4 ] DEBUG FXGLAssetLoaderServi - Loading from file system: jar:file:/C:/Users/Lenovo/.m2/repository/com/github/almasb/fxgl/21.1/fxgl-21.1.jar!/fxglassets/ui/fonts/Abel-Regular.ttf
23:33:10.852 [FXGL Background Thread 4 ] DEBUG FXGLAssetLoaderServi - Loading from file system: jar:file:/C:/Users/Lenovo/.m2/repository/com/github/almasb/fxgl/21.1/fxgl-21.1.jar!/fxglassets/ui/fonts/TerminalLandMono-Regular.otf
23:33:10.858 [FXGL Background Thread 1 ] INFO  FXGLApplication      - FXGL initialization took: 0.447 sec
23:33:10.858 [FXGL Background Thread 4 ] DEBUG FXGLAssetLoaderServi - Loading from file system: jar:file:/C:/Users/Lenovo/.m2/repository/com/github/almasb/fxgl/21.1/fxgl-21.1.jar!/fxglassets/ui/fonts/Courier-Prime.ttf
23:33:10.871 [JavaFX Application Thread] DEBUG Input                - Registered new binding: Right - D
23:33:10.871 [JavaFX Application Thread] DEBUG Input                - Registered new binding: Left - A
23:33:10.871 [JavaFX Application Thread] DEBUG Input                - Registered new binding: Up - W
23:33:10.871 [JavaFX Application Thread] DEBUG Input                - Registered new binding: Down - S
23:33:10.871 [JavaFX Application Thread] DEBUG Input                - Registered new binding: Interact - E
23:33:10.872 [JavaFX Application Thread] DEBUG FXGLAssetLoaderServi - Loading from file system: jar:file:/C:/Users/Lenovo/.m2/repository/com/github/almasb/fxgl/21.1/fxgl-21.1.jar!/fxglassets/textures/fxgl_icon.png
23:33:10.892 [JavaFX Application Thread] DEBUG FXGLAssetLoaderServi - Loading from file system: jar:file:/C:/Users/Lenovo/.m2/repository/com/github/almasb/fxgl/21.1/fxgl-21.1.jar!/fxglassets/textures/fxgl_default_cursor.png
23:33:10.894 [JavaFX Application Thread] DEBUG Input                - Registered new binding: Screenshot - CTRL+8
23:33:10.895 [JavaFX Application Thread] DEBUG Input                - Registered new binding: Dev Options - 1
23:33:10.895 [JavaFX Application Thread] DEBUG Input                - Registered new binding: Dev Console - 2
23:33:10.896 [JavaFX Application Thread] DEBUG Input                - Registered new binding: System info dump - CTRL+9
23:33:10.897 [JavaFX Application Thread] DEBUG Input                - Registered new binding: Restart - CTRL+R
23:33:10.898 [JavaFX Application Thread] DEBUG Input                - Registered new binding: Toggle Debug Camera - CTRL+7
23:33:10.904 [JavaFX Application Thread] DEBUG LoopRunner           - Starting loop
23:33:10.926 [JavaFX Application Thread] DEBUG LoopRunner           - Initializing JavaFX AnimationTimerLoop
23:33:10.928 [JavaFX Application Thread] DEBUG GameApplicationServi - Starting new game
23:33:10.928 [JavaFX Application Thread] DEBUG Input                - Clearing active input actions
23:33:10.939 [JavaFX Application Thread] DEBUG GameApplicationServi - Removing overlay from FXGLStartupScene and adding to FXGLLoadingScene
23:33:10.943 [JavaFX Application Thread] DEBUG PrimaryStageWindow   - FXGLStartupScene -> FXGLLoadingScene
23:33:10.943 [JavaFX Application Thread] DEBUG GameApplicationServi - Clearing previous game
23:33:10.943 [JavaFX Application Thread] DEBUG GameScene            - Clearing game scene
23:33:10.943 [JavaFX Application Thread] DEBUG GameWorld            - Clearing game world
23:33:10.943 [JavaFX Application Thread] DEBUG PhysicsWorld         - Clearing physics world
23:33:10.950 [JavaFX Application Thread] DEBUG FXGLApplication      - Registering font factories with UI factory
23:33:10.950 [FXGL Background Thread 4 ] DEBUG FXGLApplication      - Initializing game
23:33:10.987 [FXGL Background Thread 2 ] WARN  UpdaterService       - Failed to find updates: java.net.UnknownHostException: raw.githubusercontent.com
23:33:10.991 [FXGL Background Thread 4 ] WARN  TMXLevelLoader       - TiledMap generated from 1.11.2. Supported version: 1.9.0. Some features may not be parsed fully.
23:33:11.014 [FXGL Background Thread 4 ] DEBUG TMXLevelLoader       - Parsed TiledMap: file:/C:/Users/Lenovo/ProjectJava3.0/myproject/myproject/target/classes/assets/levels/scene1.tmx
23:33:11.016 [FXGL Background Thread 4 ] DEBUG TMXLevelLoader       - Creating tile layer entities
23:33:11.018 [FXGL Background Thread 4 ] DEBUG TilesetLoader        - Loading view for layer lowefloor
23:33:11.019 [FXGL Background Thread 4 ] DEBUG TilesetLoader        - Created buffer with size 512.0x1024.0
23:33:11.081 [FXGL Background Thread 4 ] DEBUG TilesetLoader        - Loading view for layer cliff
23:33:11.082 [FXGL Background Thread 4 ] DEBUG TilesetLoader        - Created buffer with size 512.0x1024.0
23:33:11.083 [FXGL Background Thread 4 ] DEBUG TilesetLoader        - Loading view for layer cliff1
23:33:11.084 [FXGL Background Thread 4 ] DEBUG TilesetLoader        - Created buffer with size 512.0x1024.0
23:33:11.086 [FXGL Background Thread 4 ] DEBUG TilesetLoader        - Loading view for layer cliff2
23:33:11.086 [FXGL Background Thread 4 ] DEBUG TilesetLoader        - Created buffer with size 512.0x1024.0
23:33:11.088 [FXGL Background Thread 4 ] DEBUG TilesetLoader        - Loading view for layer Tile Layer 3
23:33:11.088 [FXGL Background Thread 4 ] DEBUG TilesetLoader        - Created buffer with size 512.0x1024.0
23:33:11.089 [FXGL Background Thread 4 ] DEBUG TilesetLoader        - Loading view for layer Tile Layer 6
23:33:11.089 [FXGL Background Thread 4 ] DEBUG TilesetLoader        - Created buffer with size 512.0x1024.0
23:33:11.206 [FXGL Background Thread 4 ] DEBUG TilesetLoader        - Loading view for layer prop
23:33:11.206 [FXGL Background Thread 4 ] DEBUG TilesetLoader        - Created buffer with size 512.0x1024.0
23:33:11.207 [FXGL Background Thread 4 ] DEBUG TMXLevelLoader       - Creating object layer entities
23:33:11.235 [FXGL Background Thread 4 ] DEBUG FXGLAssetLoaderServi - Loading from file system: file:/C:/Users/Lenovo/ProjectJava3.0/myproject/myproject/target/classes/assets/textures/Rafflesia.png
23:33:11.251 [FXGL Background Thread 4 ] WARN  TMXLevelLoader       - TiledMap generated from 1.11.2. Supported version: 1.9.0. Some features may not be parsed fully.
23:33:11.263 [FXGL Background Thread 4 ] DEBUG TMXLevelLoader       - Parsed TiledMap: file:/C:/Users/Lenovo/ProjectJava3.0/myproject/myproject/target/classes/assets/levels/scene1.tmx
23:33:11.263 [FXGL Background Thread 4 ] DEBUG TMXLevelLoader       - Creating tile layer entities
23:33:11.264 [FXGL Background Thread 4 ] DEBUG TilesetLoader        - Loading view for layer lowefloor
23:33:11.264 [FXGL Background Thread 4 ] DEBUG TilesetLoader        - Created buffer with size 512.0x1024.0
23:33:11.288 [FXGL Background Thread 4 ] DEBUG TilesetLoader        - Loading view for layer cliff
23:33:11.289 [FXGL Background Thread 4 ] DEBUG TilesetLoader        - Created buffer with size 512.0x1024.0
23:33:11.290 [FXGL Background Thread 4 ] DEBUG TilesetLoader        - Loading view for layer cliff1
23:33:11.291 [FXGL Background Thread 4 ] DEBUG TilesetLoader        - Created buffer with size 512.0x1024.0
23:33:11.291 [FXGL Background Thread 4 ] DEBUG TilesetLoader        - Loading view for layer cliff2
23:33:11.292 [FXGL Background Thread 4 ] DEBUG TilesetLoader        - Created buffer with size 512.0x1024.0
23:33:11.293 [FXGL Background Thread 4 ] DEBUG TilesetLoader        - Loading view for layer Tile Layer 3
23:33:11.293 [FXGL Background Thread 4 ] DEBUG TilesetLoader        - Created buffer with size 512.0x1024.0
23:33:11.294 [FXGL Background Thread 4 ] DEBUG TilesetLoader        - Loading view for layer Tile Layer 6
23:33:11.294 [FXGL Background Thread 4 ] DEBUG TilesetLoader        - Created buffer with size 512.0x1024.0
23:33:11.337 [FXGL Background Thread 4 ] DEBUG TilesetLoader        - Loading view for layer prop
23:33:11.338 [FXGL Background Thread 4 ] DEBUG TilesetLoader        - Created buffer with size 512.0x1024.0
23:33:11.338 [FXGL Background Thread 4 ] DEBUG TMXLevelLoader       - Creating object layer entities
23:33:11.347 [FXGL Background Thread 4 ] DEBUG GameWorld            - Clearing removable entities
23:33:11.348 [FXGL Background Thread 4 ] DEBUG GameWorld            - Setting level: com.almasb.fxgl.entity.level.Level@5b4b4daa
23:33:11.360 [FXGL Background Thread 4 ] DEBUG FXGLAssetLoaderServi - Loading from file system: file:/C:/Users/Lenovo/ProjectJava3.0/myproject/myproject/target/classes/assets/textures/Actor1.png
23:33:11.369 [FXGL Background Thread 4 ] INFO  FXGLApplication      - Game initialization took: 0.419 sec
23:33:11.370 [JavaFX Application Thread] DEBUG Input                - Clearing active input actions
23:33:11.376 [JavaFX Application Thread] DEBUG GameApplicationServi - Removing overlay from FXGLLoadingScene and adding to GameScene
23:33:11.381 [JavaFX Application Thread] DEBUG PrimaryStageWindow   - FXGLLoadingScene -> GameScene
23:33:13.803 [JavaFX Application Thread] DEBUG EventBus             - Firing event: com.GameEvent.NextScene[source=javafx.event.Event$$Lambda/0x0000024921173e08@1d7850bb]
23:33:13.806 [FXGL Background Thread 3 ] DEBUG Engine               - Logging environment variables
23:33:13.807 [FXGL Background Thread 3 ] DEBUG Engine               - achievements: []
23:33:13.807 [FXGL Background Thread 3 ] DEBUG Engine               - actualHeight: 864.0
23:33:13.807 [JavaFX Application Thread] WARN  TMXLevelLoader       - TiledMap generated from 1.11.2. Supported version: 1.9.0. Some features may not be parsed fully.
23:33:13.808 [FXGL Background Thread 3 ] DEBUG Engine               - actualHeightProperty: ReadOnlyDoubleProperty [value: 864.0]
23:33:13.808 [FXGL Background Thread 3 ] DEBUG Engine               - actualWidth: 1536.0
23:33:13.808 [FXGL Background Thread 3 ] DEBUG Engine               - actualWidthProperty: ReadOnlyDoubleProperty [value: 1536.0]
23:33:13.808 [FXGL Background Thread 3 ] DEBUG Engine               - appIcon: fxgl_icon.png
23:33:13.808 [FXGL Background Thread 3 ] DEBUG Engine               - applicationMode: DEVELOPER
23:33:13.809 [FXGL Background Thread 3 ] DEBUG Engine               - cSSList: [fxgl_dark.css]
23:33:13.809 [FXGL Background Thread 3 ] DEBUG Engine               - collisionDetectionStrategy: BRUTE_FORCE
23:33:13.809 [FXGL Background Thread 3 ] DEBUG Engine               - configClass: Optional.empty
23:33:13.809 [FXGL Background Thread 3 ] DEBUG Engine               - credits: []
23:33:13.810 [FXGL Background Thread 3 ] DEBUG Engine               - defaultCursor: CursorInfo(imageName=fxgl_default_cursor.png, hotspotX=7.0, hotspotY=6.0)
23:33:13.810 [FXGL Background Thread 3 ] DEBUG Engine               - devBBoxColorProperty: ObjectProperty [value: 0xff0000ff]
23:33:13.810 [FXGL Background Thread 3 ] DEBUG Engine               - devEnableDebugCameraProperty: BooleanProperty [value: false]
23:33:13.811 [FXGL Background Thread 3 ] DEBUG Engine               - devSensorColorProperty: ObjectProperty [value: 0xffff00ff]
23:33:13.811 [FXGL Background Thread 3 ] DEBUG Engine               - devShowBBoxProperty: BooleanProperty [value: false]
23:33:13.811 [FXGL Background Thread 3 ] DEBUG Engine               - devShowPositionProperty: BooleanProperty [value: false]
23:33:13.812 [FXGL Background Thread 3 ] DEBUG Engine               - enabledMenuItems: []
23:33:13.813 [FXGL Background Thread 3 ] DEBUG Engine               - engineServices: [class com.almasb.fxgl.app.services.FXGLAssetLoaderService, class com.almasb.fxgl.app.FXGLApplication$GameApplicationService, class com.almasb.fxgl.app.services.FXGLDialogService, class com.almasb.fxgl.app.services.IOTaskExecutorService, class com.almasb.fxgl.io.FileSystemService, class com.almasb.fxgl.localization.LocalizationService, class com.almasb.fxgl.app.services.SystemBundleService, class com.almasb.fxgl.profile.SaveLoadService, class com.almasb.fxgl.ui.FXGLUIFactoryServiceProvider, class com.almasb.fxgl.ui.FXGLDialogFactoryServiceProvider, class com.almasb.fxgl.audio.AudioPlayer, class com.almasb.fxgl.notification.impl.NotificationServiceProvider, class com.almasb.fxgl.achievement.AchievementService, class com.almasb.fxgl.cutscene.CutsceneService, class com.almasb.fxgl.minigames.MiniGameService, class com.almasb.fxgl.net.NetService, class com.almasb.fxgl.app.services.UpdaterService, class com.almasb.fxgl.dev.DevService]
23:33:13.813 [FXGL Background Thread 3 ] DEBUG Engine               - fontGame: Abel-Regular.ttf
23:33:13.813 [FXGL Background Thread 3 ] DEBUG Engine               - fontMono: TerminalLandMono-Regular.otf
23:33:13.814 [FXGL Background Thread 3 ] DEBUG Engine               - fontSizeScaleUI: 1.0
23:33:13.814 [FXGL Background Thread 3 ] DEBUG Engine               - fontText: Courier-Prime.ttf
23:33:13.814 [FXGL Background Thread 3 ] DEBUG Engine               - fontUI: VarelaRound-Regular.ttf
23:33:13.814 [FXGL Background Thread 3 ] DEBUG Engine               - fullScreen: BooleanProperty [value: true]
23:33:13.814 [FXGL Background Thread 3 ] DEBUG Engine               - gameDifficulty: MEDIUM
23:33:13.814 [FXGL Background Thread 3 ] DEBUG Engine               - gameDifficultyProperty: ObjectProperty [value: MEDIUM]
23:33:13.815 [FXGL Background Thread 3 ] DEBUG Engine               - globalMusicVolume: 0.5
23:33:13.815 [FXGL Background Thread 3 ] DEBUG Engine               - globalMusicVolumeProperty: DoubleProperty [value: 0.5]
23:33:13.815 [FXGL Background Thread 3 ] DEBUG Engine               - globalSoundVolume: 0.5
23:33:13.815 [FXGL Background Thread 3 ] DEBUG Engine               - globalSoundVolumeProperty: DoubleProperty [value: 0.5]
23:33:13.815 [FXGL Background Thread 3 ] DEBUG Engine               - height: 720
23:33:13.815 [FXGL Background Thread 3 ] DEBUG Engine               - is3D: false
23:33:13.815 [FXGL Background Thread 3 ] DEBUG Engine               - isAndroid: false
23:33:13.815 [FXGL Background Thread 3 ] DEBUG Engine               - isBrowser: false
23:33:13.815 [FXGL Background Thread 3 ] DEBUG Engine               - isClickFeedbackEnabled: false
23:33:13.815 [FXGL Background Thread 3 ] DEBUG Engine               - isCloseConfirmation: false
23:33:13.815 [FXGL Background Thread 3 ] DEBUG Engine               - isDesktop: true
23:33:13.815 [FXGL Background Thread 3 ] DEBUG Engine               - isDeveloperMenuEnabled: true
23:33:13.815 [FXGL Background Thread 3 ] DEBUG Engine               - isEmbedded: false
23:33:13.815 [FXGL Background Thread 3 ] DEBUG Engine               - isEntityPreloadEnabled: true
23:33:13.815 [FXGL Background Thread 3 ] DEBUG Engine               - isExperimentalTiledLargeMap: false
23:33:13.815 [FXGL Background Thread 3 ] DEBUG Engine               - isFileSystemWriteAllowed: true
23:33:13.816 [FXGL Background Thread 3 ] DEBUG Engine               - isFullScreenAllowed: true
23:33:13.816 [FXGL Background Thread 3 ] DEBUG Engine               - isFullScreenFromStart: true
23:33:13.816 [FXGL Background Thread 3 ] DEBUG Engine               - isGameMenuEnabled: true
23:33:13.816 [FXGL Background Thread 3 ] DEBUG Engine               - isIOS: false
23:33:13.816 [FXGL Background Thread 3 ] DEBUG Engine               - isIntroEnabled: false
23:33:13.816 [FXGL Background Thread 3 ] DEBUG Engine               - isLinux: false
23:33:13.816 [FXGL Background Thread 3 ] DEBUG Engine               - isMac: false
23:33:13.816 [FXGL Background Thread 3 ] DEBUG Engine               - isMainMenuEnabled: false
23:33:13.816 [FXGL Background Thread 3 ] DEBUG Engine               - isManualResizeEnabled: false
23:33:13.816 [FXGL Background Thread 3 ] DEBUG Engine               - isMobile: false
23:33:13.816 [FXGL Background Thread 3 ] DEBUG Engine               - isNative: false
23:33:13.816 [FXGL Background Thread 3 ] DEBUG Engine               - isPauseMusicWhenMinimized: true
23:33:13.816 [FXGL Background Thread 3 ] DEBUG Engine               - isPreserveResizeRatio: false
23:33:13.816 [FXGL Background Thread 3 ] DEBUG Engine               - isProfilingEnabled: false
23:33:13.817 [FXGL Background Thread 3 ] DEBUG Engine               - isScaleAffectedOnResize: true
23:33:13.817 [FXGL Background Thread 3 ] DEBUG Engine               - isSingleStep: false
23:33:13.817 [FXGL Background Thread 3 ] DEBUG Engine               - isUserProfileEnabled: false
23:33:13.817 [FXGL Background Thread 3 ] DEBUG Engine               - isWindows: true
23:33:13.817 [FXGL Background Thread 3 ] DEBUG Engine               - language: ObjectProperty [value: ENGLISH]
23:33:13.817 [FXGL Background Thread 3 ] DEBUG Engine               - menuKey: ESCAPE
23:33:13.817 [FXGL Background Thread 3 ] DEBUG Engine               - mouseSensitivity: 0.2
23:33:13.817 [FXGL Background Thread 3 ] DEBUG Engine               - notificationViewClass: class com.almasb.fxgl.notification.view.XboxNotificationView
23:33:13.817 [FXGL Background Thread 3 ] DEBUG Engine               - pixelsPerMeter: 50.0
23:33:13.817 [FXGL Background Thread 3 ] DEBUG Engine               - platform: WINDOWS
23:33:13.817 [FXGL Background Thread 3 ] DEBUG Engine               - prefHeightProperty: ReadOnlyDoubleProperty [value: 720.0]
23:33:13.817 [FXGL Background Thread 3 ] DEBUG Engine               - prefWidthProperty: ReadOnlyDoubleProperty [value: 1280.0]
23:33:13.817 [JavaFX Application Thread] DEBUG TMXLevelLoader       - Parsed TiledMap: file:/C:/Users/Lenovo/ProjectJava3.0/myproject/myproject/target/classes/assets/levels/scene2.tmx
23:33:13.817 [FXGL Background Thread 3 ] DEBUG Engine               - profileDir: profiles/
23:33:13.817 [FXGL Background Thread 3 ] DEBUG Engine               - profileName: StringProperty [value: DEFAULT]
23:33:13.817 [JavaFX Application Thread] DEBUG TMXLevelLoader       - Creating tile layer entities
23:33:13.817 [FXGL Background Thread 3 ] DEBUG Engine               - randomSeed: -1
23:33:13.817 [FXGL Background Thread 3 ] DEBUG Engine               - runtimeInfo: RuntimeInfo(platform=WINDOWS, version=21.1, build=27.03.2024 07.52)
23:33:13.818 [FXGL Background Thread 3 ] DEBUG Engine               - saveFileExt: sav
23:33:13.818 [JavaFX Application Thread] DEBUG TilesetLoader        - Loading view for layer Tile Layer 1
23:33:13.818 [FXGL Background Thread 3 ] DEBUG Engine               - scaledHeightProp$fxgl: DoubleProperty [bound, value: 864.0]
23:33:13.818 [FXGL Background Thread 3 ] DEBUG Engine               - scaledWidthProp$fxgl: DoubleProperty [bound, value: 1536.0]
23:33:13.818 [FXGL Background Thread 3 ] DEBUG Engine               - sceneFactory: com.almasb.fxgl.app.scene.SceneFactory@70320d9b
23:33:13.818 [FXGL Background Thread 3 ] DEBUG Engine               - secondsIn24h: 60
23:33:13.818 [FXGL Background Thread 3 ] DEBUG Engine               - soundMenuBack: menu/back.wav
23:33:13.818 [FXGL Background Thread 3 ] DEBUG Engine               - soundMenuPress: menu/press.wav
23:33:13.818 [FXGL Background Thread 3 ] DEBUG Engine               - soundMenuSelect: menu/select.wav
23:33:13.818 [FXGL Background Thread 3 ] DEBUG Engine               - soundNotification: core/notification.wav
23:33:13.818 [FXGL Background Thread 3 ] DEBUG Engine               - stageStyle: DECORATED
23:33:13.818 [JavaFX Application Thread] DEBUG TilesetLoader        - Created buffer with size 1024.0x1024.0
23:33:13.818 [FXGL Background Thread 3 ] DEBUG Engine               - supportedLanguages: [ENGLISH, FRENCH, GERMAN, HUNGARIAN, RUSSIAN]
23:33:13.818 [FXGL Background Thread 3 ] DEBUG Engine               - ticksPerSecond: -1
23:33:13.818 [FXGL Background Thread 3 ] DEBUG Engine               - title: Final Journey
23:33:13.818 [FXGL Background Thread 3 ] DEBUG Engine               - urlGithub: https://github.com/AlmasB/FXGL
23:33:13.818 [FXGL Background Thread 3 ] DEBUG Engine               - urlLeaderboard: http://fxgl-top.herokuapp.com/
23:33:13.818 [FXGL Background Thread 3 ] DEBUG Engine               - urlPOM: https://raw.githubusercontent.com/AlmasB/FXGL/release/README.md
23:33:13.818 [FXGL Background Thread 3 ] DEBUG Engine               - userAppClass: class com.project.App
23:33:13.818 [FXGL Background Thread 3 ] DEBUG Engine               - version: Alpha
23:33:13.818 [FXGL Background Thread 3 ] DEBUG Engine               - versionCheckDays: 7
23:33:13.818 [FXGL Background Thread 3 ] DEBUG Engine               - width: 1280
23:33:13.818 [FXGL Background Thread 3 ] DEBUG Engine               - Logging services
23:33:13.818 [FXGL Background Thread 3 ] DEBUG Engine               - class com.almasb.fxgl.app.services.FXGLAssetLoaderService
23:33:13.818 [FXGL Background Thread 3 ] DEBUG Engine               - class com.almasb.fxgl.app.FXGLApplication$GameApplicationService
23:33:13.818 [FXGL Background Thread 3 ] DEBUG Engine               - class com.almasb.fxgl.app.services.FXGLDialogService
23:33:13.819 [FXGL Background Thread 3 ] DEBUG Engine               - class com.almasb.fxgl.app.services.IOTaskExecutorService
23:33:13.819 [FXGL Background Thread 3 ] DEBUG Engine               - class com.almasb.fxgl.io.FileSystemService
23:33:13.819 [FXGL Background Thread 3 ] DEBUG Engine               - class com.almasb.fxgl.localization.LocalizationService
23:33:13.819 [FXGL Background Thread 3 ] DEBUG Engine               - class com.almasb.fxgl.app.services.SystemBundleService
23:33:13.819 [FXGL Background Thread 3 ] DEBUG Engine               - class com.almasb.fxgl.profile.SaveLoadService
23:33:13.819 [FXGL Background Thread 3 ] DEBUG Engine               - class com.almasb.fxgl.ui.FXGLUIFactoryServiceProvider
23:33:13.819 [FXGL Background Thread 3 ] DEBUG Engine               - class com.almasb.fxgl.ui.FXGLDialogFactoryServiceProvider
23:33:13.819 [FXGL Background Thread 3 ] DEBUG Engine               - class com.almasb.fxgl.audio.AudioPlayer
23:33:13.819 [FXGL Background Thread 3 ] DEBUG Engine               - class com.almasb.fxgl.notification.impl.NotificationServiceProvider
23:33:13.819 [FXGL Background Thread 3 ] DEBUG Engine               - class com.almasb.fxgl.achievement.AchievementService
23:33:13.819 [FXGL Background Thread 3 ] DEBUG Engine               - class com.almasb.fxgl.cutscene.CutsceneService
23:33:13.819 [FXGL Background Thread 3 ] DEBUG Engine               - class com.almasb.fxgl.minigames.MiniGameService
23:33:13.819 [FXGL Background Thread 3 ] DEBUG Engine               - class com.almasb.fxgl.net.NetService
23:33:13.819 [FXGL Background Thread 3 ] DEBUG Engine               - class com.almasb.fxgl.app.services.UpdaterService
23:33:13.819 [FXGL Background Thread 3 ] DEBUG Engine               - class com.almasb.fxgl.dev.DevService
23:33:13.890 [JavaFX Application Thread] DEBUG TMXLevelLoader       - Creating object layer entities
23:33:13.896 [JavaFX Application Thread] DEBUG FXGLAssetLoaderServi - Loading from file system: file:/C:/Users/Lenovo/ProjectJava3.0/myproject/myproject/target/classes/assets/textures/CultistAni.png
23:33:13.898 [JavaFX Application Thread] DEBUG GameWorld            - Clearing removable entities
23:33:13.902 [JavaFX Application Thread] DEBUG GameWorld            - Setting level: com.almasb.fxgl.entity.level.Level@355af7b5
23:33:13.908 [JavaFX Application Thread] WARN  TMXLevelLoader       - TiledMap generated from 1.11.2. Supported version: 1.9.0. Some features may not be parsed fully.
23:33:13.912 [JavaFX Application Thread] DEBUG TMXLevelLoader       - Parsed TiledMap: file:/C:/Users/Lenovo/ProjectJava3.0/myproject/myproject/target/classes/assets/levels/scene2.tmx
23:33:13.913 [JavaFX Application Thread] DEBUG TMXLevelLoader       - Creating tile layer entities
23:33:13.913 [JavaFX Application Thread] DEBUG TilesetLoader        - Loading view for layer Tile Layer 1
23:33:13.914 [JavaFX Application Thread] DEBUG TilesetLoader        - Created buffer with size 1024.0x1024.0
23:33:13.981 [JavaFX Application Thread] DEBUG TMXLevelLoader       - Creating object layer entities
23:33:14.133 [JavaFX Application Thread] DEBUG EventBus             - Firing event: com.GameEvent.NextScene[source=javafx.event.Event$$Lambda/0x0000024921173e08@1d7850bb]
23:33:14.137 [JavaFX Application Thread] WARN  TMXLevelLoader       - TiledMap generated from 1.11.2. Supported version: 1.9.0. Some features may not be parsed fully.
23:33:14.157 [JavaFX Application Thread] DEBUG TMXLevelLoader       - Parsed TiledMap: file:/C:/Users/Lenovo/ProjectJava3.0/myproject/myproject/target/classes/assets/levels/scene1.tmx
23:33:14.157 [JavaFX Application Thread] DEBUG TMXLevelLoader       - Creating tile layer entities
23:33:14.159 [JavaFX Application Thread] DEBUG TilesetLoader        - Loading view for layer lowefloor
23:33:14.167 [JavaFX Application Thread] DEBUG TilesetLoader        - Created buffer with size 512.0x1024.0
23:33:14.190 [JavaFX Application Thread] DEBUG TilesetLoader        - Loading view for layer cliff
23:33:14.191 [JavaFX Application Thread] DEBUG TilesetLoader        - Created buffer with size 512.0x1024.0
23:33:14.191 [JavaFX Application Thread] DEBUG TilesetLoader        - Loading view for layer cliff1
23:33:14.192 [JavaFX Application Thread] DEBUG TilesetLoader        - Created buffer with size 512.0x1024.0
23:33:14.192 [JavaFX Application Thread] DEBUG TilesetLoader        - Loading view for layer cliff2
23:33:14.193 [JavaFX Application Thread] DEBUG TilesetLoader        - Created buffer with size 512.0x1024.0
23:33:14.193 [JavaFX Application Thread] DEBUG TilesetLoader        - Loading view for layer Tile Layer 3
23:33:14.193 [JavaFX Application Thread] DEBUG TilesetLoader        - Created buffer with size 512.0x1024.0
23:33:14.194 [JavaFX Application Thread] DEBUG TilesetLoader        - Loading view for layer Tile Layer 6
23:33:14.197 [JavaFX Application Thread] DEBUG TilesetLoader        - Created buffer with size 512.0x1024.0
23:33:14.247 [JavaFX Application Thread] DEBUG TilesetLoader        - Loading view for layer prop
23:33:14.248 [JavaFX Application Thread] DEBUG TilesetLoader        - Created buffer with size 512.0x1024.0
23:33:14.248 [JavaFX Application Thread] DEBUG TMXLevelLoader       - Creating object layer entities
23:33:14.255 [JavaFX Application Thread] DEBUG GameWorld            - Clearing removable entities
23:33:14.258 [JavaFX Application Thread] DEBUG GameWorld            - Setting level: com.almasb.fxgl.entity.level.Level@77a4274f
23:33:14.261 [JavaFX Application Thread] WARN  TMXLevelLoader       - TiledMap generated from 1.11.2. Supported version: 1.9.0. Some features may not be parsed fully.
23:33:14.268 [JavaFX Application Thread] DEBUG TMXLevelLoader       - Parsed TiledMap: file:/C:/Users/Lenovo/ProjectJava3.0/myproject/myproject/target/classes/assets/levels/scene1.tmx
23:33:14.268 [JavaFX Application Thread] DEBUG TMXLevelLoader       - Creating tile layer entities
23:33:14.269 [JavaFX Application Thread] DEBUG TilesetLoader        - Loading view for layer lowefloor
23:33:14.269 [JavaFX Application Thread] DEBUG TilesetLoader        - Created buffer with size 512.0x1024.0
23:33:14.289 [JavaFX Application Thread] DEBUG TilesetLoader        - Loading view for layer cliff
23:33:14.290 [JavaFX Application Thread] DEBUG TilesetLoader        - Created buffer with size 512.0x1024.0
23:33:14.291 [JavaFX Application Thread] DEBUG TilesetLoader        - Loading view for layer cliff1
23:33:14.291 [JavaFX Application Thread] DEBUG TilesetLoader        - Created buffer with size 512.0x1024.0
23:33:14.292 [JavaFX Application Thread] DEBUG TilesetLoader        - Loading view for layer cliff2
23:33:14.293 [JavaFX Application Thread] DEBUG TilesetLoader        - Created buffer with size 512.0x1024.0
23:33:14.294 [JavaFX Application Thread] DEBUG TilesetLoader        - Loading view for layer Tile Layer 3
23:33:14.294 [JavaFX Application Thread] DEBUG TilesetLoader        - Created buffer with size 512.0x1024.0
23:33:14.295 [JavaFX Application Thread] DEBUG TilesetLoader        - Loading view for layer Tile Layer 6
23:33:14.295 [JavaFX Application Thread] DEBUG TilesetLoader        - Created buffer with size 512.0x1024.0
23:33:14.343 [JavaFX Application Thread] DEBUG TilesetLoader        - Loading view for layer prop
23:33:14.344 [JavaFX Application Thread] DEBUG TilesetLoader        - Created buffer with size 512.0x1024.0
23:33:14.344 [JavaFX Application Thread] DEBUG TMXLevelLoader       - Creating object layer entities
23:33:14.938 [JavaFX Application Thread] DEBUG EventBus             - Firing event: com.GameEvent.NextScene[source=javafx.event.Event$$Lambda/0x0000024921173e08@1d7850bb]
23:33:14.940 [JavaFX Application Thread] WARN  TMXLevelLoader       - TiledMap generated from 1.11.2. Supported version: 1.9.0. Some features may not be parsed fully.
23:33:14.946 [JavaFX Application Thread] DEBUG TMXLevelLoader       - Parsed TiledMap: file:/C:/Users/Lenovo/ProjectJava3.0/myproject/myproject/target/classes/assets/levels/scene2.tmx
23:33:14.947 [JavaFX Application Thread] DEBUG TMXLevelLoader       - Creating tile layer entities
23:33:14.949 [JavaFX Application Thread] DEBUG TilesetLoader        - Loading view for layer Tile Layer 1
23:33:14.950 [JavaFX Application Thread] DEBUG TilesetLoader        - Created buffer with size 1024.0x1024.0
23:33:15.028 [JavaFX Application Thread] DEBUG TMXLevelLoader       - Creating object layer entities
23:33:15.032 [JavaFX Application Thread] DEBUG GameWorld            - Clearing removable entities
23:33:15.034 [JavaFX Application Thread] DEBUG GameWorld            - Setting level: com.almasb.fxgl.entity.level.Level@5a79ffdc
23:33:15.037 [JavaFX Application Thread] WARN  TMXLevelLoader       - TiledMap generated from 1.11.2. Supported version: 1.9.0. Some features may not be parsed fully.
23:33:15.039 [JavaFX Application Thread] DEBUG TMXLevelLoader       - Parsed TiledMap: file:/C:/Users/Lenovo/ProjectJava3.0/myproject/myproject/target/classes/assets/levels/scene2.tmx
23:33:15.040 [JavaFX Application Thread] DEBUG TMXLevelLoader       - Creating tile layer entities
23:33:15.040 [JavaFX Application Thread] DEBUG TilesetLoader        - Loading view for layer Tile Layer 1
23:33:15.040 [JavaFX Application Thread] DEBUG TilesetLoader        - Created buffer with size 1024.0x1024.0
23:33:15.102 [JavaFX Application Thread] DEBUG TMXLevelLoader       - Creating object layer entities
23:33:15.275 [JavaFX Application Thread] DEBUG EventBus             - Firing event: com.GameEvent.NextScene[source=javafx.event.Event$$Lambda/0x0000024921173e08@1d7850bb]
23:33:15.277 [JavaFX Application Thread] WARN  TMXLevelLoader       - TiledMap generated from 1.11.2. Supported version: 1.9.0. Some features may not be parsed fully.
23:33:15.280 [JavaFX Application Thread] DEBUG TMXLevelLoader       - Parsed TiledMap: file:/C:/Users/Lenovo/ProjectJava3.0/myproject/myproject/target/classes/assets/levels/scene1.tmx
23:33:15.281 [JavaFX Application Thread] DEBUG TMXLevelLoader       - Creating tile layer entities
23:33:15.281 [JavaFX Application Thread] DEBUG TilesetLoader        - Loading view for layer lowefloor
23:33:15.281 [JavaFX Application Thread] DEBUG TilesetLoader        - Created buffer with size 512.0x1024.0
23:33:15.300 [JavaFX Application Thread] DEBUG TilesetLoader        - Loading view for layer cliff
23:33:15.301 [JavaFX Application Thread] DEBUG TilesetLoader        - Created buffer with size 512.0x1024.0
23:33:15.301 [JavaFX Application Thread] DEBUG TilesetLoader        - Loading view for layer cliff1
23:33:15.301 [JavaFX Application Thread] DEBUG TilesetLoader        - Created buffer with size 512.0x1024.0
23:33:15.301 [JavaFX Application Thread] DEBUG TilesetLoader        - Loading view for layer cliff2
23:33:15.302 [JavaFX Application Thread] DEBUG TilesetLoader        - Created buffer with size 512.0x1024.0
23:33:15.302 [JavaFX Application Thread] DEBUG TilesetLoader        - Loading view for layer Tile Layer 3
23:33:15.305 [JavaFX Application Thread] DEBUG TilesetLoader        - Created buffer with size 512.0x1024.0
23:33:15.306 [JavaFX Application Thread] DEBUG TilesetLoader        - Loading view for layer Tile Layer 6
23:33:15.307 [JavaFX Application Thread] DEBUG TilesetLoader        - Created buffer with size 512.0x1024.0
23:33:15.346 [JavaFX Application Thread] DEBUG TilesetLoader        - Loading view for layer prop
23:33:15.347 [JavaFX Application Thread] DEBUG TilesetLoader        - Created buffer with size 512.0x1024.0
23:33:15.347 [JavaFX Application Thread] DEBUG TMXLevelLoader       - Creating object layer entities
23:33:15.351 [JavaFX Application Thread] DEBUG GameWorld            - Clearing removable entities
23:33:15.353 [JavaFX Application Thread] DEBUG GameWorld            - Setting level: com.almasb.fxgl.entity.level.Level@26c530f4
23:33:15.355 [JavaFX Application Thread] WARN  TMXLevelLoader       - TiledMap generated from 1.11.2. Supported version: 1.9.0. Some features may not be parsed fully.
23:33:15.358 [JavaFX Application Thread] DEBUG TMXLevelLoader       - Parsed TiledMap: file:/C:/Users/Lenovo/ProjectJava3.0/myproject/myproject/target/classes/assets/levels/scene1.tmx
23:33:15.358 [JavaFX Application Thread] DEBUG TMXLevelLoader       - Creating tile layer entities
23:33:15.358 [JavaFX Application Thread] DEBUG TilesetLoader        - Loading view for layer lowefloor
23:33:15.358 [JavaFX Application Thread] DEBUG TilesetLoader        - Created buffer with size 512.0x1024.0
23:33:15.376 [JavaFX Application Thread] DEBUG TilesetLoader        - Loading view for layer cliff
23:33:15.376 [JavaFX Application Thread] DEBUG TilesetLoader        - Created buffer with size 512.0x1024.0
23:33:15.376 [JavaFX Application Thread] DEBUG TilesetLoader        - Loading view for layer cliff1
23:33:15.377 [JavaFX Application Thread] DEBUG TilesetLoader        - Created buffer with size 512.0x1024.0
23:33:15.377 [JavaFX Application Thread] DEBUG TilesetLoader        - Loading view for layer cliff2
23:33:15.377 [JavaFX Application Thread] DEBUG TilesetLoader        - Created buffer with size 512.0x1024.0
23:33:15.377 [JavaFX Application Thread] DEBUG TilesetLoader        - Loading view for layer Tile Layer 3
23:33:15.378 [JavaFX Application Thread] DEBUG TilesetLoader        - Created buffer with size 512.0x1024.0
23:33:15.378 [JavaFX Application Thread] DEBUG TilesetLoader        - Loading view for layer Tile Layer 6
23:33:15.378 [JavaFX Application Thread] DEBUG TilesetLoader        - Created buffer with size 512.0x1024.0
23:33:15.417 [JavaFX Application Thread] DEBUG TilesetLoader        - Loading view for layer prop
23:33:15.417 [JavaFX Application Thread] DEBUG TilesetLoader        - Created buffer with size 512.0x1024.0
23:33:15.418 [JavaFX Application Thread] DEBUG TMXLevelLoader       - Creating object layer entities
23:33:15.848 [JavaFX Application Thread] DEBUG EventBus             - Firing event: com.GameEvent.NextScene[source=javafx.event.Event$$Lambda/0x0000024921173e08@1d7850bb]
23:33:15.850 [JavaFX Application Thread] WARN  TMXLevelLoader       - TiledMap generated from 1.11.2. Supported version: 1.9.0. Some features may not be parsed fully.
23:33:15.851 [JavaFX Application Thread] DEBUG TMXLevelLoader       - Parsed TiledMap: file:/C:/Users/Lenovo/ProjectJava3.0/myproject/myproject/target/classes/assets/levels/scene2.tmx
23:33:15.851 [JavaFX Application Thread] DEBUG TMXLevelLoader       - Creating tile layer entities
23:33:15.852 [JavaFX Application Thread] DEBUG TilesetLoader        - Loading view for layer Tile Layer 1
23:33:15.852 [JavaFX Application Thread] DEBUG TilesetLoader        - Created buffer with size 1024.0x1024.0
23:33:15.918 [JavaFX Application Thread] DEBUG TMXLevelLoader       - Creating object layer entities
23:33:15.922 [JavaFX Application Thread] DEBUG GameWorld            - Clearing removable entities
23:33:15.925 [JavaFX Application Thread] DEBUG GameWorld            - Setting level: com.almasb.fxgl.entity.level.Level@42fc1a33
23:33:15.927 [JavaFX Application Thread] WARN  TMXLevelLoader       - TiledMap generated from 1.11.2. Supported version: 1.9.0. Some features may not be parsed fully.
23:33:15.928 [JavaFX Application Thread] DEBUG TMXLevelLoader       - Parsed TiledMap: file:/C:/Users/Lenovo/ProjectJava3.0/myproject/myproject/target/classes/assets/levels/scene2.tmx
23:33:15.929 [JavaFX Application Thread] DEBUG TMXLevelLoader       - Creating tile layer entities
23:33:15.929 [JavaFX Application Thread] DEBUG TilesetLoader        - Loading view for layer Tile Layer 1
23:33:15.929 [JavaFX Application Thread] DEBUG TilesetLoader        - Created buffer with size 1024.0x1024.0
23:33:15.998 [JavaFX Application Thread] DEBUG TMXLevelLoader       - Creating object layer entities
23:33:16.715 [JavaFX Application Thread] DEBUG EventBus             - Firing event: com.GameEvent.NextScene[source=javafx.event.Event$$Lambda/0x0000024921173e08@1d7850bb]
23:33:16.717 [JavaFX Application Thread] WARN  TMXLevelLoader       - TiledMap generated from 1.11.2. Supported version: 1.9.0. Some features may not be parsed fully.
23:33:16.720 [JavaFX Application Thread] DEBUG TMXLevelLoader       - Parsed TiledMap: file:/C:/Users/Lenovo/ProjectJava3.0/myproject/myproject/target/classes/assets/levels/scene3.tmx
23:33:16.720 [JavaFX Application Thread] DEBUG TMXLevelLoader       - Creating tile layer entities
23:33:16.720 [JavaFX Application Thread] DEBUG TilesetLoader        - Loading view for layer Tile Layer 1
23:33:16.722 [JavaFX Application Thread] DEBUG TilesetLoader        - Created buffer with size 2048.0x1024.0
23:33:16.817 [JavaFX Application Thread] DEBUG TMXLevelLoader       - Creating object layer entities
23:33:16.820 [JavaFX Application Thread] DEBUG FXGLAssetLoaderServi - Loading from file system: file:/C:/Users/Lenovo/ProjectJava3.0/myproject/myproject/target/classes/assets/textures/DuessaAni.png
23:33:16.822 [JavaFX Application Thread] DEBUG GameWorld            - Clearing removable entities
23:33:16.826 [JavaFX Application Thread] DEBUG GameWorld            - Setting level: com.almasb.fxgl.entity.level.Level@6e5e8568
23:33:16.827 [JavaFX Application Thread] WARN  TMXLevelLoader       - TiledMap generated from 1.11.2. Supported version: 1.9.0. Some features may not be parsed fully.
23:33:16.829 [JavaFX Application Thread] DEBUG TMXLevelLoader       - Parsed TiledMap: file:/C:/Users/Lenovo/ProjectJava3.0/myproject/myproject/target/classes/assets/levels/scene3.tmx
23:33:16.829 [JavaFX Application Thread] DEBUG TMXLevelLoader       - Creating tile layer entities
23:33:16.829 [JavaFX Application Thread] DEBUG TilesetLoader        - Loading view for layer Tile Layer 1
23:33:16.830 [JavaFX Application Thread] DEBUG TilesetLoader        - Created buffer with size 2048.0x1024.0
23:33:16.918 [JavaFX Application Thread] DEBUG TMXLevelLoader       - Creating object layer entities
23:33:19.498 [JavaFX Application Thread] DEBUG FXGLAssetLoaderServi - Loading from file system: file:/C:/Users/Lenovo/ProjectJava3.0/myproject/myproject/target/classes/assets/text/filetext.txt
23:33:19.499 [JavaFX Application Thread] DEBUG EventBus             - Firing event: com.GameEvent.CombatScene[source=javafx.event.Event$$Lambda/0x0000024921173e08@1d7850bb]
23:33:19.501 [JavaFX Application Thread] WARN  TMXLevelLoader       - TiledMap generated from 1.11.2. Supported version: 1.9.0. Some features may not be parsed fully.
23:33:19.503 [JavaFX Application Thread] DEBUG TMXLevelLoader       - Parsed TiledMap: file:/C:/Users/Lenovo/ProjectJava3.0/myproject/myproject/target/classes/assets/levels/battle3.tmx
23:33:19.503 [JavaFX Application Thread] DEBUG TMXLevelLoader       - Creating tile layer entities
23:33:19.503 [JavaFX Application Thread] DEBUG TilesetLoader        - Loading view for layer Tile Layer 1
23:33:19.504 [JavaFX Application Thread] DEBUG TilesetLoader        - Created buffer with size 1024.0x1024.0
23:33:19.596 [JavaFX Application Thread] DEBUG TMXLevelLoader       - Creating object layer entities
23:33:19.599 [JavaFX Application Thread] DEBUG FXGLAssetLoaderServi - Loading from file system: file:/C:/Users/Lenovo/ProjectJava3.0/myproject/myproject/target/classes/assets/textures/Reid.png
23:33:19.745 [JavaFX Application Thread] DEBUG FXGLAssetLoaderServi - Loading from file system: file:/C:/Users/Lenovo/ProjectJava3.0/myproject/myproject/target/classes/assets/textures/King%20Archial.png
23:33:19.760 [JavaFX Application Thread] DEBUG FXGLAssetLoaderServi - Loading from file system: file:/C:/Users/Lenovo/ProjectJava3.0/myproject/myproject/target/classes/assets/textures/marsha.png
23:33:19.910 [JavaFX Application Thread] DEBUG FXGLAssetLoaderServi - Loading from file system: file:/C:/Users/Lenovo/ProjectJava3.0/myproject/myproject/target/classes/assets/textures/Knight%20Michael.png
23:33:19.922 [JavaFX Application Thread] DEBUG FXGLAssetLoaderServi - Loading from file system: file:/C:/Users/Lenovo/ProjectJava3.0/myproject/myproject/target/classes/assets/textures/Emprss%20Duessa.png
23:33:19.955 [JavaFX Application Thread] DEBUG GameWorld            - Clearing removable entities
23:33:19.956 [JavaFX Application Thread] DEBUG GameWorld            - Setting level: com.almasb.fxgl.entity.level.Level@75e79965
23:33:19.959 [JavaFX Application Thread] WARN  TMXLevelLoader       - TiledMap generated from 1.11.2. Supported version: 1.9.0. Some features may not be parsed fully.
23:33:19.960 [JavaFX Application Thread] DEBUG TMXLevelLoader       - Parsed TiledMap: file:/C:/Users/Lenovo/ProjectJava3.0/myproject/myproject/target/classes/assets/levels/scene3.tmx
23:33:19.960 [JavaFX Application Thread] DEBUG TMXLevelLoader       - Creating tile layer entities
23:33:19.961 [JavaFX Application Thread] DEBUG TilesetLoader        - Loading view for layer Tile Layer 1
23:33:19.962 [JavaFX Application Thread] DEBUG TilesetLoader        - Created buffer with size 2048.0x1024.0
23:33:20.046 [JavaFX Application Thread] DEBUG TMXLevelLoader       - Creating object layer entities
23:33:40.445 [JavaFX Application Thread] DEBUG EventBus             - Firing event: com.GameEvent.BackMainScene[source=javafx.event.Event$$Lambda/0x0000024921173e08@1d7850bb]
23:33:40.446 [JavaFX Application Thread] WARN  TMXLevelLoader       - TiledMap generated from 1.11.2. Supported version: 1.9.0. Some features may not be parsed fully.
23:33:40.448 [JavaFX Application Thread] DEBUG TMXLevelLoader       - Parsed TiledMap: file:/C:/Users/Lenovo/ProjectJava3.0/myproject/myproject/target/classes/assets/levels/scene3.tmx
23:33:40.448 [JavaFX Application Thread] DEBUG TMXLevelLoader       - Creating tile layer entities
23:33:40.448 [JavaFX Application Thread] DEBUG TilesetLoader        - Loading view for layer Tile Layer 1
23:33:40.449 [JavaFX Application Thread] DEBUG TilesetLoader        - Created buffer with size 2048.0x1024.0
23:33:40.536 [JavaFX Application Thread] DEBUG TMXLevelLoader       - Creating object layer entities
23:33:40.539 [JavaFX Application Thread] DEBUG GameWorld            - Clearing removable entities
23:33:40.541 [JavaFX Application Thread] DEBUG GameWorld            - Setting level: com.almasb.fxgl.entity.level.Level@62c309fa
23:33:40.543 [JavaFX Application Thread] WARN  TMXLevelLoader       - TiledMap generated from 1.11.2. Supported version: 1.9.0. Some features may not be parsed fully.
23:33:40.546 [JavaFX Application Thread] DEBUG TMXLevelLoader       - Parsed TiledMap: file:/C:/Users/Lenovo/ProjectJava3.0/myproject/myproject/target/classes/assets/levels/scene3.tmx
23:33:40.547 [JavaFX Application Thread] DEBUG TMXLevelLoader       - Creating tile layer entities
23:33:40.547 [JavaFX Application Thread] DEBUG TilesetLoader        - Loading view for layer Tile Layer 1
23:33:40.550 [JavaFX Application Thread] DEBUG TilesetLoader        - Created buffer with size 2048.0x1024.0
23:33:40.634 [JavaFX Application Thread] DEBUG TMXLevelLoader       - Creating object layer entities
01:40:25.162 [JavaFX Application Thread] DEBUG FXGLApplication      - Exiting FXGL
01:40:25.165 [JavaFX Application Thread] DEBUG LoopRunner           - Stopping loop
01:40:25.165 [JavaFX Application Thread] DEBUG SystemBundleService  - Saving FXGL system data
01:40:25.179 [JavaFX Application Thread] DEBUG FileSystemAccess     - Writing to: C:\Users\Lenovo\ProjectJava3.0\myproject\myproject\system\fxgl.bundle
01:40:25.188 [JavaFX Application Thread] DEBUG Async                - Shutting down background threads
01:40:25.190 [JavaFX Application Thread] DEBUG PrimaryStageWindow   - Closing main window
01:40:25.252 [JavaFX Application Thread] DEBUG Logger               - Closing Logger
