02:07:28.473 [main                     ] DEBUG Logger               - Configured Logger
02:07:28.489 [main                     ] DEBUG GameApplication      - Logging settings
Title: Final Journey
Version: Alpha
Width: 1280
Height: 720
Fullscreen: true
Intro: false
Profiling: false
Single step:false
App Mode: DEVELOPER
Menu Key: ESCAPE
Stage Style: DECORATED
Scene Factory: class com.almasb.fxgl.app.scene.SceneFactory

02:07:28.909 [JavaFX Application Thread] DEBUG FXGLApplication      - Initializing FXGL
02:07:28.914 [JavaFX Application Thread] INFO  Engine               - FXGL-21.1 (27.03.2024 07.52) on WINDOWS (J:21.0.5 FX:21.0.1)
02:07:28.914 [JavaFX Application Thread] DEBUG Engine               - JRE Vendor Name: Eclipse Adoptium
02:07:28.914 [JavaFX Application Thread] DEBUG Engine               - Running on OS: Windows 11 version 10.0
02:07:28.914 [JavaFX Application Thread] DEBUG Engine               - Architecture: amd64
02:07:28.914 [JavaFX Application Thread] INFO  Engine               - Source code and latest versions at: https://github.com/AlmasB/FXGL
02:07:28.915 [JavaFX Application Thread] INFO  Engine               -       Ask questions and discuss at: https://github.com/AlmasB/FXGL/discussions
02:07:28.915 [JavaFX Application Thread] INFO  Engine               -              Join the FXGL chat at: https://gitter.im/AlmasB/FXGL
02:07:29.006 [JavaFX Application Thread] DEBUG PrimaryStageWindow   - Creating a JavaFX scene
02:07:29.055 [JavaFX Application Thread] DEBUG PrimaryStageWindow   - Target settings size: 1280.0 x 720.0
02:07:29.056 [JavaFX Application Thread] DEBUG PrimaryStageWindow   - Scaled scene size:    1280.0 x 720.0
02:07:29.056 [JavaFX Application Thread] DEBUG PrimaryStageWindow   - Scaled ratio: (1.0, 1.0)
02:07:29.057 [JavaFX Application Thread] DEBUG PrimaryStageWindow   - Set initial scene to FXGLStartupScene
02:07:29.062 [JavaFX Application Thread] DEBUG PrimaryStageWindow   - Opening main window
02:07:29.153 [JavaFX Application Thread] DEBUG PrimaryStageWindow   - Window border size: (14.4000244140625, 37.5999755859375)
02:07:29.154 [JavaFX Application Thread] DEBUG PrimaryStageWindow   - Scaled size: 1280.0 x 720.0
02:07:29.154 [JavaFX Application Thread] DEBUG PrimaryStageWindow   - Scaled ratio: (1.0, 1.0)
02:07:29.154 [JavaFX Application Thread] DEBUG PrimaryStageWindow   - Scene size: 1280.0 x 720.0
02:07:29.154 [JavaFX Application Thread] DEBUG PrimaryStageWindow   - Stage size: 1294.4000244140625 x 757.5999755859375
02:07:29.220 [JavaFX Application Thread] DEBUG PrimaryStageWindow   - Going fullscreen
02:07:29.229 [FXGL Background Thread 1 ] DEBUG Engine               - Initializing environment variables
02:07:29.278 [FXGL Background Thread 1 ] DEBUG FXGLAssetLoaderServi - User app class for loading assets: class com.project.App
02:07:29.279 [FXGL Background Thread 1 ] DEBUG GameApplicationServi - Applying CSS: fxgl_dark.css
02:07:29.279 [FXGL Background Thread 1 ] DEBUG FXGLAssetLoaderServi - Loading from file system: jar:file:/C:/Users/Lenovo/.m2/repository/com/github/almasb/fxgl/21.1/fxgl-21.1.jar!/fxglassets/ui/css/fxgl_dark.css
02:07:29.317 [FXGL Background Thread 1 ] DEBUG GameApplicationServi - Initializing application scenes
02:07:29.357 [FXGL Background Thread 1 ] DEBUG GameWorld            - Game world initialized
02:07:29.414 [FXGL Background Thread 1 ] DEBUG PhysicsWorld         - Physics world initialized: appHeight=720, physics.ppm=50.0
02:07:29.415 [FXGL Background Thread 1 ] DEBUG PhysicsWorld         - Using strategy: BRUTE_FORCE
02:07:29.417 [FXGL Background Thread 1 ] DEBUG GameScene            - Game scene initialized: 1280x720
02:07:29.426 [FXGL Background Thread 1 ] DEBUG FXGL.DefaultMenu     - createMenuBodyGameMenu()
02:07:29.440 [FXGL Background Thread 1 ] DEBUG FXGL.DefaultMenu     - createOptionsMenu()
02:07:29.449 [FXGL Background Thread 1 ] DEBUG FXGLAssetLoaderServi - Loading from file system: jar:file:/C:/Users/Lenovo/.m2/repository/com/github/almasb/fxgl/21.1/fxgl-21.1.jar!/fxglassets/textures/particles/smoke.png
02:07:29.533 [FXGL Background Thread 1 ] DEBUG FXGLAssetLoaderServi - Loading from file system: jar:file:/C:/Users/Lenovo/.m2/repository/com/github/almasb/fxgl/21.1/fxgl-21.1.jar!/fxglassets/textures/particles/trace_horizontal.png
02:07:29.551 [FXGL Background Thread 1 ] DEBUG GameApplicationServi - Application scenes initialized
02:07:29.565 [FXGL Background Thread 1 ] DEBUG SystemBundleService  - Loading FXGL system data
02:07:29.568 [FXGL Background Thread 1 ] DEBUG FileSystemAccess     - Reading from: C:\Users\Lenovo\ProjectJava3.0\myproject\myproject\system\fxgl.bundle
02:07:29.576 [FXGL Background Thread 1 ] DEBUG SystemBundleService  - Bundle FXGL: {}
02:07:29.577 [FXGL Background Thread 1 ] DEBUG UpdaterService       - Checking for updates
02:07:29.605 [FXGL Background Thread 4 ] DEBUG FXGLApplication      - Loading fonts
02:07:29.605 [FXGL Background Thread 4 ] DEBUG FXGLAssetLoaderServi - Loading from file system: jar:file:/C:/Users/Lenovo/.m2/repository/com/github/almasb/fxgl/21.1/fxgl-21.1.jar!/fxglassets/ui/fonts/VarelaRound-Regular.ttf
02:07:29.606 [FXGL Background Thread 1 ] DEBUG FXGLApplication      - Loading default localization
02:07:29.606 [FXGL Background Thread 1 ] DEBUG FXGLAssetLoaderServi - Loading from file system: jar:file:/C:/Users/Lenovo/.m2/repository/com/github/almasb/fxgl/21.1/fxgl-21.1.jar!/fxglassets/languages/english.lang
02:07:29.638 [FXGL Background Thread 4 ] DEBUG FXGLAssetLoaderServi - Loading from file system: jar:file:/C:/Users/Lenovo/.m2/repository/com/github/almasb/fxgl/21.1/fxgl-21.1.jar!/fxglassets/ui/fonts/Abel-Regular.ttf
02:07:29.643 [FXGL Background Thread 4 ] DEBUG FXGLAssetLoaderServi - Loading from file system: jar:file:/C:/Users/Lenovo/.m2/repository/com/github/almasb/fxgl/21.1/fxgl-21.1.jar!/fxglassets/ui/fonts/TerminalLandMono-Regular.otf
02:07:29.643 [FXGL Background Thread 1 ] INFO  FXGLApplication      - FXGL initialization took: 0.414 sec
02:07:29.647 [FXGL Background Thread 4 ] DEBUG FXGLAssetLoaderServi - Loading from file system: jar:file:/C:/Users/Lenovo/.m2/repository/com/github/almasb/fxgl/21.1/fxgl-21.1.jar!/fxglassets/ui/fonts/Courier-Prime.ttf
02:07:29.651 [JavaFX Application Thread] DEBUG Input                - Registered new binding: Right - D
02:07:29.652 [JavaFX Application Thread] DEBUG Input                - Registered new binding: Left - A
02:07:29.652 [JavaFX Application Thread] DEBUG Input                - Registered new binding: Up - W
02:07:29.652 [JavaFX Application Thread] DEBUG Input                - Registered new binding: Down - S
02:07:29.652 [JavaFX Application Thread] DEBUG Input                - Registered new binding: Interact - E
02:07:29.652 [JavaFX Application Thread] DEBUG FXGLAssetLoaderServi - Loading from file system: jar:file:/C:/Users/Lenovo/.m2/repository/com/github/almasb/fxgl/21.1/fxgl-21.1.jar!/fxglassets/textures/fxgl_icon.png
02:07:29.670 [JavaFX Application Thread] DEBUG FXGLAssetLoaderServi - Loading from file system: jar:file:/C:/Users/Lenovo/.m2/repository/com/github/almasb/fxgl/21.1/fxgl-21.1.jar!/fxglassets/textures/fxgl_default_cursor.png
02:07:29.672 [JavaFX Application Thread] DEBUG Input                - Registered new binding: Screenshot - CTRL+8
02:07:29.673 [JavaFX Application Thread] DEBUG Input                - Registered new binding: Dev Options - 1
02:07:29.673 [JavaFX Application Thread] DEBUG Input                - Registered new binding: Dev Console - 2
02:07:29.674 [JavaFX Application Thread] DEBUG Input                - Registered new binding: System info dump - CTRL+9
02:07:29.674 [JavaFX Application Thread] DEBUG Input                - Registered new binding: Restart - CTRL+R
02:07:29.678 [JavaFX Application Thread] DEBUG Input                - Registered new binding: Toggle Debug Camera - CTRL+7
02:07:29.685 [JavaFX Application Thread] DEBUG LoopRunner           - Starting loop
02:07:29.705 [JavaFX Application Thread] DEBUG LoopRunner           - Initializing JavaFX AnimationTimerLoop
02:07:29.707 [JavaFX Application Thread] DEBUG GameApplicationServi - Starting new game
02:07:29.708 [JavaFX Application Thread] DEBUG Input                - Clearing active input actions
02:07:29.719 [JavaFX Application Thread] DEBUG GameApplicationServi - Removing overlay from FXGLStartupScene and adding to FXGLLoadingScene
02:07:29.723 [JavaFX Application Thread] DEBUG PrimaryStageWindow   - FXGLStartupScene -> FXGLLoadingScene
02:07:29.723 [JavaFX Application Thread] DEBUG GameApplicationServi - Clearing previous game
02:07:29.723 [JavaFX Application Thread] DEBUG GameScene            - Clearing game scene
02:07:29.723 [JavaFX Application Thread] DEBUG GameWorld            - Clearing game world
02:07:29.723 [JavaFX Application Thread] DEBUG PhysicsWorld         - Clearing physics world
02:07:29.724 [FXGL Background Thread 4 ] DEBUG FXGLApplication      - Initializing game
02:07:29.724 [JavaFX Application Thread] DEBUG FXGLApplication      - Registering font factories with UI factory
02:07:29.765 [FXGL Background Thread 4 ] WARN  TMXLevelLoader       - TiledMap generated from 1.11.2. Supported version: 1.9.0. Some features may not be parsed fully.
02:07:29.794 [FXGL Background Thread 4 ] DEBUG TMXLevelLoader       - Parsed TiledMap: file:/C:/Users/Lenovo/ProjectJava3.0/myproject/myproject/target/classes/assets/levels/scene1.tmx
02:07:29.796 [FXGL Background Thread 4 ] DEBUG TMXLevelLoader       - Creating tile layer entities
02:07:29.798 [FXGL Background Thread 4 ] DEBUG TilesetLoader        - Loading view for layer lowefloor
02:07:29.799 [FXGL Background Thread 4 ] DEBUG TilesetLoader        - Created buffer with size 512.0x1024.0
02:07:29.868 [FXGL Background Thread 4 ] DEBUG TilesetLoader        - Loading view for layer cliff
02:07:29.868 [FXGL Background Thread 4 ] DEBUG TilesetLoader        - Created buffer with size 512.0x1024.0
02:07:29.869 [FXGL Background Thread 4 ] DEBUG TilesetLoader        - Loading view for layer cliff1
02:07:29.871 [FXGL Background Thread 4 ] DEBUG TilesetLoader        - Created buffer with size 512.0x1024.0
02:07:29.872 [FXGL Background Thread 4 ] DEBUG TilesetLoader        - Loading view for layer cliff2
02:07:29.873 [FXGL Background Thread 4 ] DEBUG TilesetLoader        - Created buffer with size 512.0x1024.0
02:07:29.874 [FXGL Background Thread 4 ] DEBUG TilesetLoader        - Loading view for layer Tile Layer 3
02:07:29.875 [FXGL Background Thread 4 ] DEBUG TilesetLoader        - Created buffer with size 512.0x1024.0
02:07:29.876 [FXGL Background Thread 4 ] DEBUG TilesetLoader        - Loading view for layer Tile Layer 6
02:07:29.876 [FXGL Background Thread 4 ] DEBUG TilesetLoader        - Created buffer with size 512.0x1024.0
02:07:29.953 [FXGL Background Thread 4 ] DEBUG TilesetLoader        - Loading view for layer prop
02:07:29.953 [FXGL Background Thread 4 ] DEBUG TilesetLoader        - Created buffer with size 512.0x1024.0
02:07:29.954 [FXGL Background Thread 4 ] DEBUG TMXLevelLoader       - Creating object layer entities
02:07:29.994 [FXGL Background Thread 4 ] DEBUG FXGLAssetLoaderServi - Loading from file system: file:/C:/Users/Lenovo/ProjectJava3.0/myproject/myproject/target/classes/assets/textures/Actor1.png
02:07:30.015 [FXGL Background Thread 4 ] DEBUG FXGLAssetLoaderServi - Loading from file system: file:/C:/Users/Lenovo/ProjectJava3.0/myproject/myproject/target/classes/assets/textures/Rex.png
02:07:30.021 [FXGL Background Thread 4 ] WARN  TMXLevelLoader       - TiledMap generated from 1.11.2. Supported version: 1.9.0. Some features may not be parsed fully.
02:07:30.033 [FXGL Background Thread 4 ] DEBUG TMXLevelLoader       - Parsed TiledMap: file:/C:/Users/Lenovo/ProjectJava3.0/myproject/myproject/target/classes/assets/levels/scene1.tmx
02:07:30.033 [FXGL Background Thread 4 ] DEBUG TMXLevelLoader       - Creating tile layer entities
02:07:30.033 [FXGL Background Thread 4 ] DEBUG TilesetLoader        - Loading view for layer lowefloor
02:07:30.034 [FXGL Background Thread 4 ] DEBUG TilesetLoader        - Created buffer with size 512.0x1024.0
02:07:30.068 [FXGL Background Thread 4 ] DEBUG TilesetLoader        - Loading view for layer cliff
02:07:30.069 [FXGL Background Thread 4 ] DEBUG TilesetLoader        - Created buffer with size 512.0x1024.0
02:07:30.069 [FXGL Background Thread 4 ] DEBUG TilesetLoader        - Loading view for layer cliff1
02:07:30.070 [FXGL Background Thread 4 ] DEBUG TilesetLoader        - Created buffer with size 512.0x1024.0
02:07:30.071 [FXGL Background Thread 4 ] DEBUG TilesetLoader        - Loading view for layer cliff2
02:07:30.072 [FXGL Background Thread 4 ] DEBUG TilesetLoader        - Created buffer with size 512.0x1024.0
02:07:30.073 [FXGL Background Thread 4 ] DEBUG TilesetLoader        - Loading view for layer Tile Layer 3
02:07:30.074 [FXGL Background Thread 4 ] DEBUG TilesetLoader        - Created buffer with size 512.0x1024.0
02:07:30.075 [FXGL Background Thread 4 ] DEBUG TilesetLoader        - Loading view for layer Tile Layer 6
02:07:30.075 [FXGL Background Thread 4 ] DEBUG TilesetLoader        - Created buffer with size 512.0x1024.0
02:07:30.124 [FXGL Background Thread 4 ] DEBUG TilesetLoader        - Loading view for layer prop
02:07:30.125 [FXGL Background Thread 4 ] DEBUG TilesetLoader        - Created buffer with size 512.0x1024.0
02:07:30.125 [FXGL Background Thread 4 ] DEBUG TMXLevelLoader       - Creating object layer entities
02:07:30.139 [FXGL Background Thread 4 ] DEBUG GameWorld            - Clearing removable entities
02:07:30.140 [FXGL Background Thread 4 ] DEBUG GameWorld            - Setting level: com.almasb.fxgl.entity.level.Level@7433a893
02:07:30.158 [FXGL Background Thread 4 ] INFO  FXGLApplication      - Game initialization took: 0.434 sec
02:07:30.159 [JavaFX Application Thread] DEBUG Input                - Clearing active input actions
02:07:30.170 [JavaFX Application Thread] DEBUG GameApplicationServi - Removing overlay from FXGLLoadingScene and adding to GameScene
02:07:30.174 [JavaFX Application Thread] DEBUG PrimaryStageWindow   - FXGLLoadingScene -> GameScene
02:07:32.605 [FXGL Background Thread 3 ] DEBUG Engine               - Logging environment variables
02:07:32.605 [FXGL Background Thread 3 ] DEBUG Engine               - achievements: []
02:07:32.605 [FXGL Background Thread 3 ] DEBUG Engine               - actualHeight: 864.0
02:07:32.605 [FXGL Background Thread 3 ] DEBUG Engine               - actualHeightProperty: ReadOnlyDoubleProperty [value: 864.0]
02:07:32.605 [FXGL Background Thread 3 ] DEBUG Engine               - actualWidth: 1536.0
02:07:32.605 [FXGL Background Thread 3 ] DEBUG Engine               - actualWidthProperty: ReadOnlyDoubleProperty [value: 1536.0]
02:07:32.606 [FXGL Background Thread 3 ] DEBUG Engine               - appIcon: fxgl_icon.png
02:07:32.606 [FXGL Background Thread 3 ] DEBUG Engine               - applicationMode: DEVELOPER
02:07:32.606 [FXGL Background Thread 3 ] DEBUG Engine               - cSSList: [fxgl_dark.css]
02:07:32.606 [FXGL Background Thread 3 ] DEBUG Engine               - collisionDetectionStrategy: BRUTE_FORCE
02:07:32.606 [FXGL Background Thread 3 ] DEBUG Engine               - configClass: Optional.empty
02:07:32.606 [FXGL Background Thread 3 ] DEBUG Engine               - credits: []
02:07:32.606 [FXGL Background Thread 3 ] DEBUG Engine               - defaultCursor: CursorInfo(imageName=fxgl_default_cursor.png, hotspotX=7.0, hotspotY=6.0)
02:07:32.607 [FXGL Background Thread 3 ] DEBUG Engine               - devBBoxColorProperty: ObjectProperty [value: 0xff0000ff]
02:07:32.607 [FXGL Background Thread 3 ] DEBUG Engine               - devEnableDebugCameraProperty: BooleanProperty [value: false]
02:07:32.607 [FXGL Background Thread 3 ] DEBUG Engine               - devSensorColorProperty: ObjectProperty [value: 0xffff00ff]
02:07:32.607 [FXGL Background Thread 3 ] DEBUG Engine               - devShowBBoxProperty: BooleanProperty [value: false]
02:07:32.607 [FXGL Background Thread 3 ] DEBUG Engine               - devShowPositionProperty: BooleanProperty [value: false]
02:07:32.607 [FXGL Background Thread 3 ] DEBUG Engine               - enabledMenuItems: []
02:07:32.607 [FXGL Background Thread 3 ] DEBUG Engine               - engineServices: [class com.almasb.fxgl.app.services.FXGLAssetLoaderService, class com.almasb.fxgl.app.FXGLApplication$GameApplicationService, class com.almasb.fxgl.app.services.FXGLDialogService, class com.almasb.fxgl.app.services.IOTaskExecutorService, class com.almasb.fxgl.io.FileSystemService, class com.almasb.fxgl.localization.LocalizationService, class com.almasb.fxgl.app.services.SystemBundleService, class com.almasb.fxgl.profile.SaveLoadService, class com.almasb.fxgl.ui.FXGLUIFactoryServiceProvider, class com.almasb.fxgl.ui.FXGLDialogFactoryServiceProvider, class com.almasb.fxgl.audio.AudioPlayer, class com.almasb.fxgl.notification.impl.NotificationServiceProvider, class com.almasb.fxgl.achievement.AchievementService, class com.almasb.fxgl.cutscene.CutsceneService, class com.almasb.fxgl.minigames.MiniGameService, class com.almasb.fxgl.net.NetService, class com.almasb.fxgl.app.services.UpdaterService, class com.almasb.fxgl.dev.DevService]
02:07:32.607 [FXGL Background Thread 3 ] DEBUG Engine               - fontGame: Abel-Regular.ttf
02:07:32.607 [FXGL Background Thread 3 ] DEBUG Engine               - fontMono: TerminalLandMono-Regular.otf
02:07:32.607 [FXGL Background Thread 3 ] DEBUG Engine               - fontSizeScaleUI: 1.0
02:07:32.607 [FXGL Background Thread 3 ] DEBUG Engine               - fontText: Courier-Prime.ttf
02:07:32.607 [FXGL Background Thread 3 ] DEBUG Engine               - fontUI: VarelaRound-Regular.ttf
02:07:32.607 [FXGL Background Thread 3 ] DEBUG Engine               - fullScreen: BooleanProperty [value: true]
02:07:32.607 [FXGL Background Thread 3 ] DEBUG Engine               - gameDifficulty: MEDIUM
02:07:32.607 [FXGL Background Thread 3 ] DEBUG Engine               - gameDifficultyProperty: ObjectProperty [value: MEDIUM]
02:07:32.608 [FXGL Background Thread 3 ] DEBUG Engine               - globalMusicVolume: 0.5
02:07:32.608 [FXGL Background Thread 3 ] DEBUG Engine               - globalMusicVolumeProperty: DoubleProperty [value: 0.5]
02:07:32.608 [FXGL Background Thread 3 ] DEBUG Engine               - globalSoundVolume: 0.5
02:07:32.608 [FXGL Background Thread 3 ] DEBUG Engine               - globalSoundVolumeProperty: DoubleProperty [value: 0.5]
02:07:32.608 [FXGL Background Thread 3 ] DEBUG Engine               - height: 720
02:07:32.608 [FXGL Background Thread 3 ] DEBUG Engine               - is3D: false
02:07:32.608 [FXGL Background Thread 3 ] DEBUG Engine               - isAndroid: false
02:07:32.608 [FXGL Background Thread 3 ] DEBUG Engine               - isBrowser: false
02:07:32.608 [FXGL Background Thread 3 ] DEBUG Engine               - isClickFeedbackEnabled: false
02:07:32.608 [FXGL Background Thread 3 ] DEBUG Engine               - isCloseConfirmation: false
02:07:32.608 [FXGL Background Thread 3 ] DEBUG Engine               - isDesktop: true
02:07:32.608 [FXGL Background Thread 3 ] DEBUG Engine               - isDeveloperMenuEnabled: true
02:07:32.608 [FXGL Background Thread 3 ] DEBUG Engine               - isEmbedded: false
02:07:32.608 [FXGL Background Thread 3 ] DEBUG Engine               - isEntityPreloadEnabled: true
02:07:32.608 [FXGL Background Thread 3 ] DEBUG Engine               - isExperimentalTiledLargeMap: false
02:07:32.608 [FXGL Background Thread 3 ] DEBUG Engine               - isFileSystemWriteAllowed: true
02:07:32.608 [FXGL Background Thread 3 ] DEBUG Engine               - isFullScreenAllowed: true
02:07:32.608 [FXGL Background Thread 3 ] DEBUG Engine               - isFullScreenFromStart: true
02:07:32.608 [FXGL Background Thread 3 ] DEBUG Engine               - isGameMenuEnabled: true
02:07:32.609 [FXGL Background Thread 3 ] DEBUG Engine               - isIOS: false
02:07:32.609 [FXGL Background Thread 3 ] DEBUG Engine               - isIntroEnabled: false
02:07:32.609 [FXGL Background Thread 3 ] DEBUG Engine               - isLinux: false
02:07:32.609 [FXGL Background Thread 3 ] DEBUG Engine               - isMac: false
02:07:32.609 [FXGL Background Thread 3 ] DEBUG Engine               - isMainMenuEnabled: false
02:07:32.609 [FXGL Background Thread 3 ] DEBUG Engine               - isManualResizeEnabled: false
02:07:32.609 [FXGL Background Thread 3 ] DEBUG Engine               - isMobile: false
02:07:32.609 [FXGL Background Thread 3 ] DEBUG Engine               - isNative: false
02:07:32.609 [FXGL Background Thread 3 ] DEBUG Engine               - isPauseMusicWhenMinimized: true
02:07:32.609 [FXGL Background Thread 3 ] DEBUG Engine               - isPreserveResizeRatio: false
02:07:32.609 [FXGL Background Thread 3 ] DEBUG Engine               - isProfilingEnabled: false
02:07:32.609 [FXGL Background Thread 3 ] DEBUG Engine               - isScaleAffectedOnResize: true
02:07:32.609 [FXGL Background Thread 3 ] DEBUG Engine               - isSingleStep: false
02:07:32.609 [FXGL Background Thread 3 ] DEBUG Engine               - isUserProfileEnabled: false
02:07:32.609 [FXGL Background Thread 3 ] DEBUG Engine               - isWindows: true
02:07:32.609 [FXGL Background Thread 3 ] DEBUG Engine               - language: ObjectProperty [value: ENGLISH]
02:07:32.609 [FXGL Background Thread 3 ] DEBUG Engine               - menuKey: ESCAPE
02:07:32.609 [FXGL Background Thread 3 ] DEBUG Engine               - mouseSensitivity: 0.2
02:07:32.609 [FXGL Background Thread 3 ] DEBUG Engine               - notificationViewClass: class com.almasb.fxgl.notification.view.XboxNotificationView
02:07:32.609 [FXGL Background Thread 3 ] DEBUG Engine               - pixelsPerMeter: 50.0
02:07:32.609 [FXGL Background Thread 3 ] DEBUG Engine               - platform: WINDOWS
02:07:32.610 [FXGL Background Thread 3 ] DEBUG Engine               - prefHeightProperty: ReadOnlyDoubleProperty [value: 720.0]
02:07:32.610 [FXGL Background Thread 3 ] DEBUG Engine               - prefWidthProperty: ReadOnlyDoubleProperty [value: 1280.0]
02:07:32.610 [FXGL Background Thread 3 ] DEBUG Engine               - profileDir: profiles/
02:07:32.610 [FXGL Background Thread 3 ] DEBUG Engine               - profileName: StringProperty [value: DEFAULT]
02:07:32.610 [FXGL Background Thread 3 ] DEBUG Engine               - randomSeed: -1
02:07:32.610 [FXGL Background Thread 3 ] DEBUG Engine               - runtimeInfo: RuntimeInfo(platform=WINDOWS, version=21.1, build=27.03.2024 07.52)
02:07:32.610 [FXGL Background Thread 3 ] DEBUG Engine               - saveFileExt: sav
02:07:32.610 [FXGL Background Thread 3 ] DEBUG Engine               - scaledHeightProp$fxgl: DoubleProperty [bound, value: 864.0]
02:07:32.610 [FXGL Background Thread 3 ] DEBUG Engine               - scaledWidthProp$fxgl: DoubleProperty [bound, value: 1536.0]
02:07:32.610 [FXGL Background Thread 3 ] DEBUG Engine               - sceneFactory: com.almasb.fxgl.app.scene.SceneFactory@3d806b45
02:07:32.610 [FXGL Background Thread 3 ] DEBUG Engine               - secondsIn24h: 60
02:07:32.610 [FXGL Background Thread 3 ] DEBUG Engine               - soundMenuBack: menu/back.wav
02:07:32.610 [FXGL Background Thread 3 ] DEBUG Engine               - soundMenuPress: menu/press.wav
02:07:32.610 [FXGL Background Thread 3 ] DEBUG Engine               - soundMenuSelect: menu/select.wav
02:07:32.610 [FXGL Background Thread 3 ] DEBUG Engine               - soundNotification: core/notification.wav
02:07:32.610 [FXGL Background Thread 3 ] DEBUG Engine               - stageStyle: DECORATED
02:07:32.610 [FXGL Background Thread 3 ] DEBUG Engine               - supportedLanguages: [ENGLISH, FRENCH, GERMAN, HUNGARIAN, RUSSIAN]
02:07:32.610 [FXGL Background Thread 3 ] DEBUG Engine               - ticksPerSecond: -1
02:07:32.610 [FXGL Background Thread 3 ] DEBUG Engine               - title: Final Journey
02:07:32.610 [FXGL Background Thread 3 ] DEBUG Engine               - urlGithub: https://github.com/AlmasB/FXGL
02:07:32.610 [FXGL Background Thread 3 ] DEBUG Engine               - urlLeaderboard: http://fxgl-top.herokuapp.com/
02:07:32.610 [FXGL Background Thread 3 ] DEBUG Engine               - urlPOM: https://raw.githubusercontent.com/AlmasB/FXGL/release/README.md
02:07:32.610 [FXGL Background Thread 3 ] DEBUG Engine               - userAppClass: class com.project.App
02:07:32.610 [FXGL Background Thread 3 ] DEBUG Engine               - version: Alpha
02:07:32.610 [FXGL Background Thread 3 ] DEBUG Engine               - versionCheckDays: 7
02:07:32.610 [FXGL Background Thread 3 ] DEBUG Engine               - width: 1280
02:07:32.611 [FXGL Background Thread 3 ] DEBUG Engine               - Logging services
02:07:32.611 [FXGL Background Thread 3 ] DEBUG Engine               - class com.almasb.fxgl.app.services.FXGLAssetLoaderService
02:07:32.611 [FXGL Background Thread 3 ] DEBUG Engine               - class com.almasb.fxgl.app.FXGLApplication$GameApplicationService
02:07:32.611 [FXGL Background Thread 3 ] DEBUG Engine               - class com.almasb.fxgl.app.services.FXGLDialogService
02:07:32.611 [FXGL Background Thread 3 ] DEBUG Engine               - class com.almasb.fxgl.app.services.IOTaskExecutorService
02:07:32.611 [FXGL Background Thread 3 ] DEBUG Engine               - class com.almasb.fxgl.io.FileSystemService
02:07:32.611 [FXGL Background Thread 3 ] DEBUG Engine               - class com.almasb.fxgl.localization.LocalizationService
02:07:32.611 [FXGL Background Thread 3 ] DEBUG Engine               - class com.almasb.fxgl.app.services.SystemBundleService
02:07:32.611 [FXGL Background Thread 3 ] DEBUG Engine               - class com.almasb.fxgl.profile.SaveLoadService
02:07:32.611 [FXGL Background Thread 3 ] DEBUG Engine               - class com.almasb.fxgl.ui.FXGLUIFactoryServiceProvider
02:07:32.611 [FXGL Background Thread 3 ] DEBUG Engine               - class com.almasb.fxgl.ui.FXGLDialogFactoryServiceProvider
02:07:32.611 [FXGL Background Thread 3 ] DEBUG Engine               - class com.almasb.fxgl.audio.AudioPlayer
02:07:32.611 [FXGL Background Thread 3 ] DEBUG Engine               - class com.almasb.fxgl.notification.impl.NotificationServiceProvider
02:07:32.611 [FXGL Background Thread 3 ] DEBUG Engine               - class com.almasb.fxgl.achievement.AchievementService
02:07:32.611 [FXGL Background Thread 3 ] DEBUG Engine               - class com.almasb.fxgl.cutscene.CutsceneService
02:07:32.611 [FXGL Background Thread 3 ] DEBUG Engine               - class com.almasb.fxgl.minigames.MiniGameService
02:07:32.611 [FXGL Background Thread 3 ] DEBUG Engine               - class com.almasb.fxgl.net.NetService
02:07:32.611 [FXGL Background Thread 3 ] DEBUG Engine               - class com.almasb.fxgl.app.services.UpdaterService
02:07:32.611 [FXGL Background Thread 3 ] DEBUG Engine               - class com.almasb.fxgl.dev.DevService
02:07:32.836 [JavaFX Application Thread] DEBUG FXGLAssetLoaderServi - Loading from file system: file:/C:/Users/Lenovo/ProjectJava3.0/myproject/myproject/target/classes/assets/text/filetext.txt
02:07:32.838 [JavaFX Application Thread] DEBUG EventBus             - Firing event: com.GameEvent.CombatScene[source=javafx.event.Event$$Lambda/0x0000025b011729c0@24fd6dc]
02:07:32.841 [JavaFX Application Thread] WARN  TMXLevelLoader       - TiledMap generated from 1.11.2. Supported version: 1.9.0. Some features may not be parsed fully.
02:07:32.846 [JavaFX Application Thread] DEBUG TMXLevelLoader       - Parsed TiledMap: file:/C:/Users/Lenovo/ProjectJava3.0/myproject/myproject/target/classes/assets/levels/battle1.tmx
02:07:32.846 [JavaFX Application Thread] DEBUG TMXLevelLoader       - Creating tile layer entities
02:07:32.847 [JavaFX Application Thread] DEBUG TilesetLoader        - Loading view for layer Tile Layer 1
02:07:32.849 [JavaFX Application Thread] DEBUG TilesetLoader        - Created buffer with size 2048.0x1024.0
02:07:32.944 [JavaFX Application Thread] DEBUG TMXLevelLoader       - Creating object layer entities
02:07:32.945 [JavaFX Application Thread] DEBUG FXGLAssetLoaderServi - Loading from file system: file:/C:/Users/Lenovo/ProjectJava3.0/myproject/myproject/target/classes/assets/textures/Rex.png
02:07:32.952 [JavaFX Application Thread] DEBUG FXGLAssetLoaderServi - Loading from file system: file:/C:/Users/Lenovo/ProjectJava3.0/myproject/myproject/target/classes/assets/textures/Karee.png
02:07:32.955 [JavaFX Application Thread] DEBUG GameWorld            - Clearing removable entities
02:07:32.961 [JavaFX Application Thread] DEBUG GameWorld            - Setting level: com.almasb.fxgl.entity.level.Level@3d921614
02:07:32.963 [JavaFX Application Thread] WARN  TMXLevelLoader       - TiledMap generated from 1.11.2. Supported version: 1.9.0. Some features may not be parsed fully.
02:07:32.968 [JavaFX Application Thread] DEBUG TMXLevelLoader       - Parsed TiledMap: file:/C:/Users/Lenovo/ProjectJava3.0/myproject/myproject/target/classes/assets/levels/battle1.tmx
02:07:32.968 [JavaFX Application Thread] DEBUG TMXLevelLoader       - Creating tile layer entities
02:07:32.968 [JavaFX Application Thread] DEBUG TilesetLoader        - Loading view for layer Tile Layer 1
02:07:32.972 [JavaFX Application Thread] DEBUG TilesetLoader        - Created buffer with size 2048.0x1024.0
02:07:33.064 [JavaFX Application Thread] DEBUG TMXLevelLoader       - Creating object layer entities
02:07:36.269 [JavaFX Application Thread] DEBUG GameApplicationServi - Starting new game
02:07:36.270 [JavaFX Application Thread] DEBUG Input                - Clearing active input actions
02:07:36.274 [JavaFX Application Thread] DEBUG GameApplicationServi - Removing overlay from GameScene and adding to FXGLLoadingScene
02:07:36.276 [JavaFX Application Thread] DEBUG PrimaryStageWindow   - GameScene -> FXGLLoadingScene
02:07:36.276 [JavaFX Application Thread] DEBUG GameApplicationServi - Clearing previous game
02:07:36.276 [JavaFX Application Thread] DEBUG GameScene            - Clearing game scene
02:07:36.276 [JavaFX Application Thread] DEBUG GameWorld            - Clearing game world
02:07:36.277 [JavaFX Application Thread] DEBUG PhysicsWorld         - Clearing physics world
02:07:36.277 [FXGL Background Thread 4 ] DEBUG FXGLApplication      - Initializing game
02:07:36.280 [FXGL Background Thread 4 ] WARN  TMXLevelLoader       - TiledMap generated from 1.11.2. Supported version: 1.9.0. Some features may not be parsed fully.
02:07:36.292 [FXGL Background Thread 4 ] DEBUG TMXLevelLoader       - Parsed TiledMap: file:/C:/Users/Lenovo/ProjectJava3.0/myproject/myproject/target/classes/assets/levels/scene1.tmx
02:07:36.292 [FXGL Background Thread 4 ] DEBUG TMXLevelLoader       - Creating tile layer entities
02:07:36.293 [FXGL Background Thread 4 ] DEBUG TilesetLoader        - Loading view for layer lowefloor
02:07:36.293 [FXGL Background Thread 4 ] DEBUG TilesetLoader        - Created buffer with size 512.0x1024.0
02:07:36.315 [FXGL Background Thread 4 ] DEBUG TilesetLoader        - Loading view for layer cliff
02:07:36.316 [FXGL Background Thread 4 ] DEBUG TilesetLoader        - Created buffer with size 512.0x1024.0
02:07:36.316 [FXGL Background Thread 4 ] DEBUG TilesetLoader        - Loading view for layer cliff1
02:07:36.317 [FXGL Background Thread 4 ] DEBUG TilesetLoader        - Created buffer with size 512.0x1024.0
02:07:36.317 [FXGL Background Thread 4 ] DEBUG TilesetLoader        - Loading view for layer cliff2
02:07:36.318 [FXGL Background Thread 4 ] DEBUG TilesetLoader        - Created buffer with size 512.0x1024.0
02:07:36.318 [FXGL Background Thread 4 ] DEBUG TilesetLoader        - Loading view for layer Tile Layer 3
02:07:36.319 [FXGL Background Thread 4 ] DEBUG TilesetLoader        - Created buffer with size 512.0x1024.0
02:07:36.319 [FXGL Background Thread 4 ] DEBUG TilesetLoader        - Loading view for layer Tile Layer 6
02:07:36.320 [FXGL Background Thread 4 ] DEBUG TilesetLoader        - Created buffer with size 512.0x1024.0
02:07:36.368 [FXGL Background Thread 4 ] DEBUG TilesetLoader        - Loading view for layer prop
02:07:36.368 [FXGL Background Thread 4 ] DEBUG TilesetLoader        - Created buffer with size 512.0x1024.0
02:07:36.369 [FXGL Background Thread 4 ] DEBUG TMXLevelLoader       - Creating object layer entities
02:07:36.377 [FXGL Background Thread 4 ] WARN  TMXLevelLoader       - TiledMap generated from 1.11.2. Supported version: 1.9.0. Some features may not be parsed fully.
02:07:36.383 [FXGL Background Thread 4 ] DEBUG TMXLevelLoader       - Parsed TiledMap: file:/C:/Users/Lenovo/ProjectJava3.0/myproject/myproject/target/classes/assets/levels/scene1.tmx
02:07:36.383 [FXGL Background Thread 4 ] DEBUG TMXLevelLoader       - Creating tile layer entities
02:07:36.384 [FXGL Background Thread 4 ] DEBUG TilesetLoader        - Loading view for layer lowefloor
02:07:36.384 [FXGL Background Thread 4 ] DEBUG TilesetLoader        - Created buffer with size 512.0x1024.0
02:07:36.404 [FXGL Background Thread 4 ] DEBUG TilesetLoader        - Loading view for layer cliff
02:07:36.404 [FXGL Background Thread 4 ] DEBUG TilesetLoader        - Created buffer with size 512.0x1024.0
02:07:36.405 [FXGL Background Thread 4 ] DEBUG TilesetLoader        - Loading view for layer cliff1
02:07:36.405 [FXGL Background Thread 4 ] DEBUG TilesetLoader        - Created buffer with size 512.0x1024.0
02:07:36.406 [FXGL Background Thread 4 ] DEBUG TilesetLoader        - Loading view for layer cliff2
02:07:36.406 [FXGL Background Thread 4 ] DEBUG TilesetLoader        - Created buffer with size 512.0x1024.0
02:07:36.407 [FXGL Background Thread 4 ] DEBUG TilesetLoader        - Loading view for layer Tile Layer 3
02:07:36.407 [FXGL Background Thread 4 ] DEBUG TilesetLoader        - Created buffer with size 512.0x1024.0
02:07:36.407 [FXGL Background Thread 4 ] DEBUG TilesetLoader        - Loading view for layer Tile Layer 6
02:07:36.407 [FXGL Background Thread 4 ] DEBUG TilesetLoader        - Created buffer with size 512.0x1024.0
02:07:36.447 [FXGL Background Thread 4 ] DEBUG TilesetLoader        - Loading view for layer prop
02:07:36.447 [FXGL Background Thread 4 ] DEBUG TilesetLoader        - Created buffer with size 512.0x1024.0
02:07:36.447 [FXGL Background Thread 4 ] DEBUG TMXLevelLoader       - Creating object layer entities
02:07:36.452 [FXGL Background Thread 4 ] DEBUG GameWorld            - Clearing removable entities
02:07:36.452 [FXGL Background Thread 4 ] DEBUG GameWorld            - Setting level: com.almasb.fxgl.entity.level.Level@4abb9d2b
02:07:36.455 [FXGL Background Thread 4 ] INFO  FXGLApplication      - Game initialization took: 0.179 sec
02:07:36.456 [JavaFX Application Thread] DEBUG Input                - Clearing active input actions
02:07:36.460 [JavaFX Application Thread] DEBUG GameApplicationServi - Removing overlay from FXGLLoadingScene and adding to GameScene
02:07:36.462 [JavaFX Application Thread] DEBUG PrimaryStageWindow   - FXGLLoadingScene -> GameScene
02:07:47.649 [JavaFX Application Thread] DEBUG FXGLApplication      - Exiting FXGL
02:07:47.650 [JavaFX Application Thread] DEBUG LoopRunner           - Stopping loop
02:07:47.650 [JavaFX Application Thread] DEBUG SystemBundleService  - Saving FXGL system data
02:07:47.651 [JavaFX Application Thread] DEBUG FileSystemAccess     - Writing to: C:\Users\Lenovo\ProjectJava3.0\myproject\myproject\system\fxgl.bundle
02:07:47.653 [JavaFX Application Thread] DEBUG Async                - Shutting down background threads
02:07:47.653 [JavaFX Application Thread] DEBUG PrimaryStageWindow   - Closing main window
02:07:47.672 [JavaFX Application Thread] DEBUG Logger               - Closing Logger
