18:03:09.429 [main                     ] DEBUG Logger               - Configured Logger
18:03:09.445 [main                     ] DEBUG GameApplication      - Logging settings
Title: Final Journey
Version: Alpha
Width: 1280
Height: 720
Fullscreen: true
Intro: false
Profiling: false
Single step:false
App Mode: DEVELOPER
Menu Key: ESCAPE
Stage Style: DECORATED
Scene Factory: class com.almasb.fxgl.app.scene.SceneFactory

18:03:09.873 [JavaFX Application Thread] DEBUG FXGLApplication      - Initializing FXGL
18:03:09.878 [JavaFX Application Thread] INFO  Engine               - FXGL-21.1 (27.03.2024 07.52) on WINDOWS (J:21.0.5 FX:21.0.1)
18:03:09.879 [JavaFX Application Thread] DEBUG Engine               - JRE Vendor Name: Eclipse Adoptium
18:03:09.879 [JavaFX Application Thread] DEBUG Engine               - Running on OS: Windows 11 version 10.0
18:03:09.879 [JavaFX Application Thread] DEBUG Engine               - Architecture: amd64
18:03:09.879 [JavaFX Application Thread] INFO  Engine               - Source code and latest versions at: https://github.com/AlmasB/FXGL
18:03:09.879 [JavaFX Application Thread] INFO  Engine               -       Ask questions and discuss at: https://github.com/AlmasB/FXGL/discussions
18:03:09.879 [JavaFX Application Thread] INFO  Engine               -              Join the FXGL chat at: https://gitter.im/AlmasB/FXGL
18:03:09.970 [JavaFX Application Thread] DEBUG PrimaryStageWindow   - Creating a JavaFX scene
18:03:10.021 [JavaFX Application Thread] DEBUG PrimaryStageWindow   - Target settings size: 1280.0 x 720.0
18:03:10.022 [JavaFX Application Thread] DEBUG PrimaryStageWindow   - Scaled scene size:    1280.0 x 720.0
18:03:10.022 [JavaFX Application Thread] DEBUG PrimaryStageWindow   - Scaled ratio: (1.0, 1.0)
18:03:10.023 [JavaFX Application Thread] DEBUG PrimaryStageWindow   - Set initial scene to FXGLStartupScene
18:03:10.030 [JavaFX Application Thread] DEBUG PrimaryStageWindow   - Opening main window
18:03:10.146 [JavaFX Application Thread] DEBUG PrimaryStageWindow   - Window border size: (14.4000244140625, 37.5999755859375)
18:03:10.146 [JavaFX Application Thread] DEBUG PrimaryStageWindow   - Scaled size: 1280.0 x 720.0
18:03:10.147 [JavaFX Application Thread] DEBUG PrimaryStageWindow   - Scaled ratio: (1.0, 1.0)
18:03:10.147 [JavaFX Application Thread] DEBUG PrimaryStageWindow   - Scene size: 1280.0 x 720.0
18:03:10.147 [JavaFX Application Thread] DEBUG PrimaryStageWindow   - Stage size: 1294.4000244140625 x 757.5999755859375
18:03:10.214 [JavaFX Application Thread] DEBUG PrimaryStageWindow   - Going fullscreen
18:03:10.222 [FXGL Background Thread 1 ] DEBUG Engine               - Initializing environment variables
18:03:10.278 [FXGL Background Thread 1 ] DEBUG FXGLAssetLoaderServi - User app class for loading assets: class com.project.App
18:03:10.278 [FXGL Background Thread 1 ] DEBUG GameApplicationServi - Applying CSS: fxgl_dark.css
18:03:10.279 [FXGL Background Thread 1 ] DEBUG FXGLAssetLoaderServi - Loading from file system: jar:file:/C:/Users/Lenovo/.m2/repository/com/github/almasb/fxgl/21.1/fxgl-21.1.jar!/fxglassets/ui/css/fxgl_dark.css
18:03:10.319 [FXGL Background Thread 1 ] DEBUG GameApplicationServi - Initializing application scenes
18:03:10.364 [FXGL Background Thread 1 ] DEBUG GameWorld            - Game world initialized
18:03:10.424 [FXGL Background Thread 1 ] DEBUG PhysicsWorld         - Physics world initialized: appHeight=720, physics.ppm=50.0
18:03:10.425 [FXGL Background Thread 1 ] DEBUG PhysicsWorld         - Using strategy: BRUTE_FORCE
18:03:10.428 [FXGL Background Thread 1 ] DEBUG GameScene            - Game scene initialized: 1280x720
18:03:10.438 [FXGL Background Thread 1 ] DEBUG FXGL.DefaultMenu     - createMenuBodyGameMenu()
18:03:10.450 [FXGL Background Thread 1 ] DEBUG FXGL.DefaultMenu     - createOptionsMenu()
18:03:10.458 [FXGL Background Thread 1 ] DEBUG FXGLAssetLoaderServi - Loading from file system: jar:file:/C:/Users/Lenovo/.m2/repository/com/github/almasb/fxgl/21.1/fxgl-21.1.jar!/fxglassets/textures/particles/smoke.png
18:03:10.552 [FXGL Background Thread 1 ] DEBUG FXGLAssetLoaderServi - Loading from file system: jar:file:/C:/Users/Lenovo/.m2/repository/com/github/almasb/fxgl/21.1/fxgl-21.1.jar!/fxglassets/textures/particles/trace_horizontal.png
18:03:10.575 [FXGL Background Thread 1 ] DEBUG GameApplicationServi - Application scenes initialized
18:03:10.589 [FXGL Background Thread 1 ] DEBUG SystemBundleService  - Loading FXGL system data
18:03:10.594 [FXGL Background Thread 1 ] DEBUG FileSystemAccess     - Reading from: C:\Users\Lenovo\ProjectJava3.0\myproject\myproject\system\fxgl.bundle
18:03:10.604 [FXGL Background Thread 1 ] DEBUG SystemBundleService  - Bundle FXGL: {}
18:03:10.604 [FXGL Background Thread 1 ] DEBUG UpdaterService       - Checking for updates
18:03:10.630 [FXGL Background Thread 4 ] DEBUG FXGLApplication      - Loading fonts
18:03:10.631 [FXGL Background Thread 4 ] DEBUG FXGLAssetLoaderServi - Loading from file system: jar:file:/C:/Users/Lenovo/.m2/repository/com/github/almasb/fxgl/21.1/fxgl-21.1.jar!/fxglassets/ui/fonts/VarelaRound-Regular.ttf
18:03:10.631 [FXGL Background Thread 1 ] DEBUG FXGLApplication      - Loading default localization
18:03:10.632 [FXGL Background Thread 1 ] DEBUG FXGLAssetLoaderServi - Loading from file system: jar:file:/C:/Users/Lenovo/.m2/repository/com/github/almasb/fxgl/21.1/fxgl-21.1.jar!/fxglassets/languages/english.lang
18:03:10.660 [FXGL Background Thread 1 ] INFO  FXGLApplication      - FXGL initialization took: 0.437 sec
18:03:10.665 [FXGL Background Thread 4 ] DEBUG FXGLAssetLoaderServi - Loading from file system: jar:file:/C:/Users/Lenovo/.m2/repository/com/github/almasb/fxgl/21.1/fxgl-21.1.jar!/fxglassets/ui/fonts/Abel-Regular.ttf
18:03:10.669 [FXGL Background Thread 4 ] DEBUG FXGLAssetLoaderServi - Loading from file system: jar:file:/C:/Users/Lenovo/.m2/repository/com/github/almasb/fxgl/21.1/fxgl-21.1.jar!/fxglassets/ui/fonts/TerminalLandMono-Regular.otf
18:03:10.671 [JavaFX Application Thread] DEBUG Input                - Registered new binding: Right - D
18:03:10.671 [JavaFX Application Thread] DEBUG Input                - Registered new binding: Left - A
18:03:10.671 [JavaFX Application Thread] DEBUG Input                - Registered new binding: Up - W
18:03:10.671 [JavaFX Application Thread] DEBUG Input                - Registered new binding: Down - S
18:03:10.671 [JavaFX Application Thread] DEBUG Input                - Registered new binding: Interact - E
18:03:10.672 [JavaFX Application Thread] DEBUG FXGLAssetLoaderServi - Loading from file system: jar:file:/C:/Users/Lenovo/.m2/repository/com/github/almasb/fxgl/21.1/fxgl-21.1.jar!/fxglassets/textures/fxgl_icon.png
18:03:10.673 [FXGL Background Thread 4 ] DEBUG FXGLAssetLoaderServi - Loading from file system: jar:file:/C:/Users/Lenovo/.m2/repository/com/github/almasb/fxgl/21.1/fxgl-21.1.jar!/fxglassets/ui/fonts/Courier-Prime.ttf
18:03:10.693 [JavaFX Application Thread] DEBUG FXGLAssetLoaderServi - Loading from file system: jar:file:/C:/Users/Lenovo/.m2/repository/com/github/almasb/fxgl/21.1/fxgl-21.1.jar!/fxglassets/textures/fxgl_default_cursor.png
18:03:10.695 [JavaFX Application Thread] DEBUG Input                - Registered new binding: Screenshot - CTRL+8
18:03:10.695 [JavaFX Application Thread] DEBUG Input                - Registered new binding: Dev Options - 1
18:03:10.696 [JavaFX Application Thread] DEBUG Input                - Registered new binding: Dev Console - 2
18:03:10.696 [JavaFX Application Thread] DEBUG Input                - Registered new binding: System info dump - CTRL+9
18:03:10.696 [JavaFX Application Thread] DEBUG Input                - Registered new binding: Restart - CTRL+R
18:03:10.697 [JavaFX Application Thread] DEBUG Input                - Registered new binding: Toggle Debug Camera - CTRL+7
18:03:10.704 [JavaFX Application Thread] DEBUG LoopRunner           - Starting loop
18:03:10.727 [JavaFX Application Thread] DEBUG LoopRunner           - Initializing JavaFX AnimationTimerLoop
18:03:10.731 [JavaFX Application Thread] DEBUG GameApplicationServi - Starting new game
18:03:10.731 [JavaFX Application Thread] DEBUG Input                - Clearing active input actions
18:03:10.743 [JavaFX Application Thread] DEBUG GameApplicationServi - Removing overlay from FXGLStartupScene and adding to FXGLLoadingScene
18:03:10.748 [JavaFX Application Thread] DEBUG PrimaryStageWindow   - FXGLStartupScene -> FXGLLoadingScene
18:03:10.748 [JavaFX Application Thread] DEBUG GameApplicationServi - Clearing previous game
18:03:10.748 [JavaFX Application Thread] DEBUG GameScene            - Clearing game scene
18:03:10.748 [JavaFX Application Thread] DEBUG GameWorld            - Clearing game world
18:03:10.748 [JavaFX Application Thread] DEBUG PhysicsWorld         - Clearing physics world
18:03:10.750 [FXGL Background Thread 4 ] DEBUG FXGLApplication      - Initializing game
18:03:10.806 [FXGL Background Thread 4 ] WARN  TMXLevelLoader       - TiledMap generated from 1.11.2. Supported version: 1.9.0. Some features may not be parsed fully.
18:03:10.833 [FXGL Background Thread 4 ] DEBUG TMXLevelLoader       - Parsed TiledMap: file:/C:/Users/Lenovo/ProjectJava3.0/myproject/myproject/target/classes/assets/levels/scene1.tmx
18:03:10.834 [FXGL Background Thread 4 ] DEBUG TMXLevelLoader       - Creating tile layer entities
18:03:10.837 [FXGL Background Thread 4 ] DEBUG TilesetLoader        - Loading view for layer lowefloor
18:03:10.838 [FXGL Background Thread 4 ] DEBUG TilesetLoader        - Created buffer with size 512.0x1024.0
18:03:10.907 [FXGL Background Thread 4 ] DEBUG TilesetLoader        - Loading view for layer cliff
18:03:10.907 [FXGL Background Thread 4 ] DEBUG TilesetLoader        - Created buffer with size 512.0x1024.0
18:03:10.909 [FXGL Background Thread 4 ] DEBUG TilesetLoader        - Loading view for layer cliff1
18:03:10.910 [FXGL Background Thread 4 ] DEBUG TilesetLoader        - Created buffer with size 512.0x1024.0
18:03:10.911 [FXGL Background Thread 4 ] DEBUG TilesetLoader        - Loading view for layer cliff2
18:03:10.913 [FXGL Background Thread 4 ] DEBUG TilesetLoader        - Created buffer with size 512.0x1024.0
18:03:10.914 [FXGL Background Thread 4 ] DEBUG TilesetLoader        - Loading view for layer Tile Layer 3
18:03:10.915 [FXGL Background Thread 4 ] DEBUG TilesetLoader        - Created buffer with size 512.0x1024.0
18:03:10.915 [FXGL Background Thread 4 ] DEBUG TilesetLoader        - Loading view for layer Tile Layer 6
18:03:10.916 [FXGL Background Thread 4 ] DEBUG TilesetLoader        - Created buffer with size 512.0x1024.0
18:03:10.974 [FXGL Background Thread 4 ] DEBUG TilesetLoader        - Loading view for layer prop
18:03:10.976 [FXGL Background Thread 4 ] DEBUG TilesetLoader        - Created buffer with size 512.0x1024.0
18:03:10.977 [FXGL Background Thread 4 ] DEBUG TMXLevelLoader       - Creating object layer entities
18:03:11.013 [FXGL Background Thread 4 ] DEBUG FXGLAssetLoaderServi - Loading from file system: file:/C:/Users/Lenovo/ProjectJava3.0/myproject/myproject/target/classes/assets/textures/Rafflesia.png
18:03:11.033 [FXGL Background Thread 4 ] WARN  TMXLevelLoader       - TiledMap generated from 1.11.2. Supported version: 1.9.0. Some features may not be parsed fully.
18:03:11.045 [FXGL Background Thread 4 ] DEBUG TMXLevelLoader       - Parsed TiledMap: file:/C:/Users/Lenovo/ProjectJava3.0/myproject/myproject/target/classes/assets/levels/scene1.tmx
18:03:11.045 [FXGL Background Thread 4 ] DEBUG TMXLevelLoader       - Creating tile layer entities
18:03:11.045 [FXGL Background Thread 4 ] DEBUG TilesetLoader        - Loading view for layer lowefloor
18:03:11.046 [FXGL Background Thread 4 ] DEBUG TilesetLoader        - Created buffer with size 512.0x1024.0
18:03:11.070 [FXGL Background Thread 4 ] DEBUG TilesetLoader        - Loading view for layer cliff
18:03:11.071 [FXGL Background Thread 4 ] DEBUG TilesetLoader        - Created buffer with size 512.0x1024.0
18:03:11.072 [FXGL Background Thread 4 ] DEBUG TilesetLoader        - Loading view for layer cliff1
18:03:11.073 [FXGL Background Thread 4 ] DEBUG TilesetLoader        - Created buffer with size 512.0x1024.0
18:03:11.073 [FXGL Background Thread 4 ] DEBUG TilesetLoader        - Loading view for layer cliff2
18:03:11.074 [FXGL Background Thread 4 ] DEBUG TilesetLoader        - Created buffer with size 512.0x1024.0
18:03:11.075 [FXGL Background Thread 4 ] DEBUG TilesetLoader        - Loading view for layer Tile Layer 3
18:03:11.075 [FXGL Background Thread 4 ] DEBUG TilesetLoader        - Created buffer with size 512.0x1024.0
18:03:11.076 [FXGL Background Thread 4 ] DEBUG TilesetLoader        - Loading view for layer Tile Layer 6
18:03:11.076 [FXGL Background Thread 4 ] DEBUG TilesetLoader        - Created buffer with size 512.0x1024.0
18:03:11.129 [FXGL Background Thread 4 ] DEBUG TilesetLoader        - Loading view for layer prop
18:03:11.130 [FXGL Background Thread 4 ] DEBUG TilesetLoader        - Created buffer with size 512.0x1024.0
18:03:11.130 [FXGL Background Thread 4 ] DEBUG TMXLevelLoader       - Creating object layer entities
18:03:11.142 [FXGL Background Thread 4 ] DEBUG GameWorld            - Clearing removable entities
18:03:11.143 [FXGL Background Thread 4 ] DEBUG GameWorld            - Setting level: com.almasb.fxgl.entity.level.Level@4a917d07
18:03:11.160 [FXGL Background Thread 4 ] DEBUG FXGLAssetLoaderServi - Loading from file system: file:/C:/Users/Lenovo/ProjectJava3.0/myproject/myproject/target/classes/assets/textures/Actor1.png
18:03:11.169 [FXGL Background Thread 4 ] INFO  FXGLApplication      - Game initialization took: 0.420 sec
18:03:11.170 [JavaFX Application Thread] DEBUG Input                - Clearing active input actions
18:03:11.180 [JavaFX Application Thread] DEBUG GameApplicationServi - Removing overlay from FXGLLoadingScene and adding to GameScene
18:03:11.186 [JavaFX Application Thread] DEBUG PrimaryStageWindow   - FXGLLoadingScene -> GameScene
18:03:13.629 [FXGL Background Thread 3 ] DEBUG Engine               - Logging environment variables
18:03:13.629 [FXGL Background Thread 3 ] DEBUG Engine               - achievements: []
18:03:13.630 [FXGL Background Thread 3 ] DEBUG Engine               - actualHeight: 864.0
18:03:13.630 [FXGL Background Thread 3 ] DEBUG Engine               - actualHeightProperty: ReadOnlyDoubleProperty [value: 864.0]
18:03:13.630 [FXGL Background Thread 3 ] DEBUG Engine               - actualWidth: 1536.0
18:03:13.630 [FXGL Background Thread 3 ] DEBUG Engine               - actualWidthProperty: ReadOnlyDoubleProperty [value: 1536.0]
18:03:13.630 [FXGL Background Thread 3 ] DEBUG Engine               - appIcon: fxgl_icon.png
18:03:13.630 [FXGL Background Thread 3 ] DEBUG Engine               - applicationMode: DEVELOPER
18:03:13.630 [FXGL Background Thread 3 ] DEBUG Engine               - cSSList: [fxgl_dark.css]
18:03:13.630 [FXGL Background Thread 3 ] DEBUG Engine               - collisionDetectionStrategy: BRUTE_FORCE
18:03:13.631 [FXGL Background Thread 3 ] DEBUG Engine               - configClass: Optional.empty
18:03:13.631 [FXGL Background Thread 3 ] DEBUG Engine               - credits: []
18:03:13.632 [FXGL Background Thread 3 ] DEBUG Engine               - defaultCursor: CursorInfo(imageName=fxgl_default_cursor.png, hotspotX=7.0, hotspotY=6.0)
18:03:13.633 [FXGL Background Thread 3 ] DEBUG Engine               - devBBoxColorProperty: ObjectProperty [value: 0xff0000ff]
18:03:13.633 [FXGL Background Thread 3 ] DEBUG Engine               - devEnableDebugCameraProperty: BooleanProperty [value: false]
18:03:13.633 [FXGL Background Thread 3 ] DEBUG Engine               - devSensorColorProperty: ObjectProperty [value: 0xffff00ff]
18:03:13.634 [FXGL Background Thread 3 ] DEBUG Engine               - devShowBBoxProperty: BooleanProperty [value: false]
18:03:13.634 [FXGL Background Thread 3 ] DEBUG Engine               - devShowPositionProperty: BooleanProperty [value: false]
18:03:13.634 [FXGL Background Thread 3 ] DEBUG Engine               - enabledMenuItems: []
18:03:13.634 [FXGL Background Thread 3 ] DEBUG Engine               - engineServices: [class com.almasb.fxgl.app.services.FXGLAssetLoaderService, class com.almasb.fxgl.app.FXGLApplication$GameApplicationService, class com.almasb.fxgl.app.services.FXGLDialogService, class com.almasb.fxgl.app.services.IOTaskExecutorService, class com.almasb.fxgl.io.FileSystemService, class com.almasb.fxgl.localization.LocalizationService, class com.almasb.fxgl.app.services.SystemBundleService, class com.almasb.fxgl.profile.SaveLoadService, class com.almasb.fxgl.ui.FXGLUIFactoryServiceProvider, class com.almasb.fxgl.ui.FXGLDialogFactoryServiceProvider, class com.almasb.fxgl.audio.AudioPlayer, class com.almasb.fxgl.notification.impl.NotificationServiceProvider, class com.almasb.fxgl.achievement.AchievementService, class com.almasb.fxgl.cutscene.CutsceneService, class com.almasb.fxgl.minigames.MiniGameService, class com.almasb.fxgl.net.NetService, class com.almasb.fxgl.app.services.UpdaterService, class com.almasb.fxgl.dev.DevService]
18:03:13.634 [FXGL Background Thread 3 ] DEBUG Engine               - fontGame: Abel-Regular.ttf
18:03:13.634 [FXGL Background Thread 3 ] DEBUG Engine               - fontMono: TerminalLandMono-Regular.otf
18:03:13.635 [FXGL Background Thread 3 ] DEBUG Engine               - fontSizeScaleUI: 1.0
18:03:13.635 [FXGL Background Thread 3 ] DEBUG Engine               - fontText: Courier-Prime.ttf
18:03:13.635 [FXGL Background Thread 3 ] DEBUG Engine               - fontUI: VarelaRound-Regular.ttf
18:03:13.635 [FXGL Background Thread 3 ] DEBUG Engine               - fullScreen: BooleanProperty [value: true]
18:03:13.636 [FXGL Background Thread 3 ] DEBUG Engine               - gameDifficulty: MEDIUM
18:03:13.636 [FXGL Background Thread 3 ] DEBUG Engine               - gameDifficultyProperty: ObjectProperty [value: MEDIUM]
18:03:13.636 [FXGL Background Thread 3 ] DEBUG Engine               - globalMusicVolume: 0.5
18:03:13.636 [FXGL Background Thread 3 ] DEBUG Engine               - globalMusicVolumeProperty: DoubleProperty [value: 0.5]
18:03:13.636 [FXGL Background Thread 3 ] DEBUG Engine               - globalSoundVolume: 0.5
18:03:13.636 [FXGL Background Thread 3 ] DEBUG Engine               - globalSoundVolumeProperty: DoubleProperty [value: 0.5]
18:03:13.636 [FXGL Background Thread 3 ] DEBUG Engine               - height: 720
18:03:13.636 [FXGL Background Thread 3 ] DEBUG Engine               - is3D: false
18:03:13.637 [FXGL Background Thread 3 ] DEBUG Engine               - isAndroid: false
18:03:13.637 [FXGL Background Thread 3 ] DEBUG Engine               - isBrowser: false
18:03:13.637 [FXGL Background Thread 3 ] DEBUG Engine               - isClickFeedbackEnabled: false
18:03:13.637 [FXGL Background Thread 3 ] DEBUG Engine               - isCloseConfirmation: false
18:03:13.637 [FXGL Background Thread 3 ] DEBUG Engine               - isDesktop: true
18:03:13.637 [FXGL Background Thread 3 ] DEBUG Engine               - isDeveloperMenuEnabled: true
18:03:13.637 [FXGL Background Thread 3 ] DEBUG Engine               - isEmbedded: false
18:03:13.637 [FXGL Background Thread 3 ] DEBUG Engine               - isEntityPreloadEnabled: true
18:03:13.637 [FXGL Background Thread 3 ] DEBUG Engine               - isExperimentalTiledLargeMap: false
18:03:13.637 [FXGL Background Thread 3 ] DEBUG Engine               - isFileSystemWriteAllowed: true
18:03:13.637 [FXGL Background Thread 3 ] DEBUG Engine               - isFullScreenAllowed: true
18:03:13.637 [FXGL Background Thread 3 ] DEBUG Engine               - isFullScreenFromStart: true
18:03:13.637 [FXGL Background Thread 3 ] DEBUG Engine               - isGameMenuEnabled: true
18:03:13.637 [FXGL Background Thread 3 ] DEBUG Engine               - isIOS: false
18:03:13.637 [FXGL Background Thread 3 ] DEBUG Engine               - isIntroEnabled: false
18:03:13.637 [FXGL Background Thread 3 ] DEBUG Engine               - isLinux: false
18:03:13.637 [FXGL Background Thread 3 ] DEBUG Engine               - isMac: false
18:03:13.637 [FXGL Background Thread 3 ] DEBUG Engine               - isMainMenuEnabled: false
18:03:13.638 [FXGL Background Thread 3 ] DEBUG Engine               - isManualResizeEnabled: false
18:03:13.638 [FXGL Background Thread 3 ] DEBUG Engine               - isMobile: false
18:03:13.638 [FXGL Background Thread 3 ] DEBUG Engine               - isNative: false
18:03:13.638 [FXGL Background Thread 3 ] DEBUG Engine               - isPauseMusicWhenMinimized: true
18:03:13.638 [FXGL Background Thread 3 ] DEBUG Engine               - isPreserveResizeRatio: false
18:03:13.638 [FXGL Background Thread 3 ] DEBUG Engine               - isProfilingEnabled: false
18:03:13.638 [FXGL Background Thread 3 ] DEBUG Engine               - isScaleAffectedOnResize: true
18:03:13.638 [FXGL Background Thread 3 ] DEBUG Engine               - isSingleStep: false
18:03:13.638 [FXGL Background Thread 3 ] DEBUG Engine               - isUserProfileEnabled: false
18:03:13.638 [FXGL Background Thread 3 ] DEBUG Engine               - isWindows: true
18:03:13.638 [FXGL Background Thread 3 ] DEBUG Engine               - language: ObjectProperty [value: ENGLISH]
18:03:13.638 [FXGL Background Thread 3 ] DEBUG Engine               - menuKey: ESCAPE
18:03:13.638 [FXGL Background Thread 3 ] DEBUG Engine               - mouseSensitivity: 0.2
18:03:13.638 [FXGL Background Thread 3 ] DEBUG Engine               - notificationViewClass: class com.almasb.fxgl.notification.view.XboxNotificationView
18:03:13.638 [FXGL Background Thread 3 ] DEBUG Engine               - pixelsPerMeter: 50.0
18:03:13.638 [FXGL Background Thread 3 ] DEBUG Engine               - platform: WINDOWS
18:03:13.638 [FXGL Background Thread 3 ] DEBUG Engine               - prefHeightProperty: ReadOnlyDoubleProperty [value: 720.0]
18:03:13.638 [FXGL Background Thread 3 ] DEBUG Engine               - prefWidthProperty: ReadOnlyDoubleProperty [value: 1280.0]
18:03:13.638 [FXGL Background Thread 3 ] DEBUG Engine               - profileDir: profiles/
18:03:13.638 [FXGL Background Thread 3 ] DEBUG Engine               - profileName: StringProperty [value: DEFAULT]
18:03:13.638 [FXGL Background Thread 3 ] DEBUG Engine               - randomSeed: -1
18:03:13.639 [FXGL Background Thread 3 ] DEBUG Engine               - runtimeInfo: RuntimeInfo(platform=WINDOWS, version=21.1, build=27.03.2024 07.52)
18:03:13.639 [FXGL Background Thread 3 ] DEBUG Engine               - saveFileExt: sav
18:03:13.639 [FXGL Background Thread 3 ] DEBUG Engine               - scaledHeightProp$fxgl: DoubleProperty [bound, value: 864.0]
18:03:13.639 [FXGL Background Thread 3 ] DEBUG Engine               - scaledWidthProp$fxgl: DoubleProperty [bound, value: 1536.0]
18:03:13.639 [FXGL Background Thread 3 ] DEBUG Engine               - sceneFactory: com.almasb.fxgl.app.scene.SceneFactory@5a5aefbe
18:03:13.639 [FXGL Background Thread 3 ] DEBUG Engine               - secondsIn24h: 60
18:03:13.639 [FXGL Background Thread 3 ] DEBUG Engine               - soundMenuBack: menu/back.wav
18:03:13.639 [FXGL Background Thread 3 ] DEBUG Engine               - soundMenuPress: menu/press.wav
18:03:13.639 [FXGL Background Thread 3 ] DEBUG Engine               - soundMenuSelect: menu/select.wav
18:03:13.639 [FXGL Background Thread 3 ] DEBUG Engine               - soundNotification: core/notification.wav
18:03:13.639 [FXGL Background Thread 3 ] DEBUG Engine               - stageStyle: DECORATED
18:03:13.639 [FXGL Background Thread 3 ] DEBUG Engine               - supportedLanguages: [ENGLISH, FRENCH, GERMAN, HUNGARIAN, RUSSIAN]
18:03:13.639 [FXGL Background Thread 3 ] DEBUG Engine               - ticksPerSecond: -1
18:03:13.639 [FXGL Background Thread 3 ] DEBUG Engine               - title: Final Journey
18:03:13.639 [FXGL Background Thread 3 ] DEBUG Engine               - urlGithub: https://github.com/AlmasB/FXGL
18:03:13.639 [FXGL Background Thread 3 ] DEBUG Engine               - urlLeaderboard: http://fxgl-top.herokuapp.com/
18:03:13.639 [FXGL Background Thread 3 ] DEBUG Engine               - urlPOM: https://raw.githubusercontent.com/AlmasB/FXGL/release/README.md
18:03:13.639 [FXGL Background Thread 3 ] DEBUG Engine               - userAppClass: class com.project.App
18:03:13.639 [FXGL Background Thread 3 ] DEBUG Engine               - version: Alpha
18:03:13.639 [FXGL Background Thread 3 ] DEBUG Engine               - versionCheckDays: 7
18:03:13.639 [FXGL Background Thread 3 ] DEBUG Engine               - width: 1280
18:03:13.639 [FXGL Background Thread 3 ] DEBUG Engine               - Logging services
18:03:13.640 [FXGL Background Thread 3 ] DEBUG Engine               - class com.almasb.fxgl.app.services.FXGLAssetLoaderService
18:03:13.640 [FXGL Background Thread 3 ] DEBUG Engine               - class com.almasb.fxgl.app.FXGLApplication$GameApplicationService
18:03:13.640 [FXGL Background Thread 3 ] DEBUG Engine               - class com.almasb.fxgl.app.services.FXGLDialogService
18:03:13.640 [FXGL Background Thread 3 ] DEBUG Engine               - class com.almasb.fxgl.app.services.IOTaskExecutorService
18:03:13.640 [FXGL Background Thread 3 ] DEBUG Engine               - class com.almasb.fxgl.io.FileSystemService
18:03:13.640 [FXGL Background Thread 3 ] DEBUG Engine               - class com.almasb.fxgl.localization.LocalizationService
18:03:13.640 [FXGL Background Thread 3 ] DEBUG Engine               - class com.almasb.fxgl.app.services.SystemBundleService
18:03:13.640 [FXGL Background Thread 3 ] DEBUG Engine               - class com.almasb.fxgl.profile.SaveLoadService
18:03:13.640 [FXGL Background Thread 3 ] DEBUG Engine               - class com.almasb.fxgl.ui.FXGLUIFactoryServiceProvider
18:03:13.640 [FXGL Background Thread 3 ] DEBUG Engine               - class com.almasb.fxgl.ui.FXGLDialogFactoryServiceProvider
18:03:13.640 [FXGL Background Thread 3 ] DEBUG Engine               - class com.almasb.fxgl.audio.AudioPlayer
18:03:13.640 [FXGL Background Thread 3 ] DEBUG Engine               - class com.almasb.fxgl.notification.impl.NotificationServiceProvider
18:03:13.640 [FXGL Background Thread 3 ] DEBUG Engine               - class com.almasb.fxgl.achievement.AchievementService
18:03:13.640 [FXGL Background Thread 3 ] DEBUG Engine               - class com.almasb.fxgl.cutscene.CutsceneService
18:03:13.640 [FXGL Background Thread 3 ] DEBUG Engine               - class com.almasb.fxgl.minigames.MiniGameService
18:03:13.640 [FXGL Background Thread 3 ] DEBUG Engine               - class com.almasb.fxgl.net.NetService
18:03:13.640 [FXGL Background Thread 3 ] DEBUG Engine               - class com.almasb.fxgl.app.services.UpdaterService
18:03:13.640 [FXGL Background Thread 3 ] DEBUG Engine               - class com.almasb.fxgl.dev.DevService
18:03:13.848 [JavaFX Application Thread] DEBUG FXGLAssetLoaderServi - Loading from file system: file:/C:/Users/Lenovo/ProjectJava3.0/myproject/myproject/target/classes/assets/text/filetext.txt
18:03:13.850 [JavaFX Application Thread] DEBUG EventBus             - Firing event: com.GameEvent.CombatScene[source=javafx.event.Event$$Lambda/0x000001f0a2174090@12e3473e]
18:03:13.852 [JavaFX Application Thread] WARN  TMXLevelLoader       - TiledMap generated from 1.11.2. Supported version: 1.9.0. Some features may not be parsed fully.
18:03:13.859 [JavaFX Application Thread] DEBUG TMXLevelLoader       - Parsed TiledMap: file:/C:/Users/Lenovo/ProjectJava3.0/myproject/myproject/target/classes/assets/levels/battle1.tmx
18:03:13.860 [JavaFX Application Thread] DEBUG TMXLevelLoader       - Creating tile layer entities
18:03:13.860 [JavaFX Application Thread] DEBUG TilesetLoader        - Loading view for layer Tile Layer 1
18:03:13.862 [JavaFX Application Thread] DEBUG TilesetLoader        - Created buffer with size 2048.0x1024.0
18:03:13.962 [JavaFX Application Thread] DEBUG TMXLevelLoader       - Creating object layer entities
18:03:13.965 [JavaFX Application Thread] DEBUG FXGLAssetLoaderServi - Loading from file system: file:/C:/Users/Lenovo/ProjectJava3.0/myproject/myproject/target/classes/assets/textures/Boss%20Dryad%20Queen%20Rafflesia.png
18:03:13.997 [JavaFX Application Thread] DEBUG FXGLAssetLoaderServi - Loading from file system: file:/C:/Users/Lenovo/ProjectJava3.0/myproject/myproject/target/classes/assets/textures/Reid.png
18:03:14.156 [JavaFX Application Thread] DEBUG FXGLAssetLoaderServi - Loading from file system: file:/C:/Users/Lenovo/ProjectJava3.0/myproject/myproject/target/classes/assets/textures/marsha.png
18:03:14.310 [JavaFX Application Thread] DEBUG GameWorld            - Clearing removable entities
18:03:14.318 [JavaFX Application Thread] DEBUG GameWorld            - Setting level: com.almasb.fxgl.entity.level.Level@56330f17
18:03:14.321 [JavaFX Application Thread] WARN  TMXLevelLoader       - TiledMap generated from 1.11.2. Supported version: 1.9.0. Some features may not be parsed fully.
18:03:14.324 [JavaFX Application Thread] DEBUG TMXLevelLoader       - Parsed TiledMap: file:/C:/Users/Lenovo/ProjectJava3.0/myproject/myproject/target/classes/assets/levels/battle1.tmx
18:03:14.324 [JavaFX Application Thread] DEBUG TMXLevelLoader       - Creating tile layer entities
18:03:14.328 [JavaFX Application Thread] DEBUG TilesetLoader        - Loading view for layer Tile Layer 1
18:03:14.330 [JavaFX Application Thread] DEBUG TilesetLoader        - Created buffer with size 2048.0x1024.0
18:03:14.422 [JavaFX Application Thread] DEBUG TMXLevelLoader       - Creating object layer entities
18:03:16.743 [JavaFX Application Thread] DEBUG FXGLApplication      - Exiting FXGL
18:03:16.743 [JavaFX Application Thread] DEBUG LoopRunner           - Stopping loop
18:03:16.743 [JavaFX Application Thread] DEBUG SystemBundleService  - Saving FXGL system data
18:03:16.746 [JavaFX Application Thread] DEBUG FileSystemAccess     - Writing to: C:\Users\Lenovo\ProjectJava3.0\myproject\myproject\system\fxgl.bundle
18:03:16.748 [JavaFX Application Thread] DEBUG Async                - Shutting down background threads
18:03:16.748 [JavaFX Application Thread] DEBUG PrimaryStageWindow   - Closing main window
18:03:16.784 [JavaFX Application Thread] DEBUG Logger               - Closing Logger
