22:16:17.632 [main                     ] DEBUG Logger               - Configured Logger
22:16:17.650 [main                     ] DEBUG GameApplication      - Logging settings
Title: Final Journey
Version: Alpha
Width: 1280
Height: 720
Fullscreen: true
Intro: false
Profiling: false
Single step:false
App Mode: DEVELOPER
Menu Key: ESCAPE
Stage Style: DECORATED
Scene Factory: class com.almasb.fxgl.app.scene.SceneFactory

22:16:18.086 [JavaFX Application Thread] DEBUG FXGLApplication      - Initializing FXGL
22:16:18.089 [JavaFX Application Thread] INFO  Engine               - FXGL-21.1 (27.03.2024 07.52) on WINDOWS (J:21.0.5 FX:21.0.1)
22:16:18.090 [JavaFX Application Thread] DEBUG Engine               - JRE Vendor Name: Eclipse Adoptium
22:16:18.090 [JavaFX Application Thread] DEBUG Engine               - Running on OS: Windows 11 version 10.0
22:16:18.090 [JavaFX Application Thread] DEBUG Engine               - Architecture: amd64
22:16:18.090 [JavaFX Application Thread] INFO  Engine               - Source code and latest versions at: https://github.com/AlmasB/FXGL
22:16:18.091 [JavaFX Application Thread] INFO  Engine               -       Ask questions and discuss at: https://github.com/AlmasB/FXGL/discussions
22:16:18.091 [JavaFX Application Thread] INFO  Engine               -              Join the FXGL chat at: https://gitter.im/AlmasB/FXGL
22:16:18.192 [JavaFX Application Thread] DEBUG PrimaryStageWindow   - Creating a JavaFX scene
22:16:18.249 [JavaFX Application Thread] DEBUG PrimaryStageWindow   - Target settings size: 1280.0 x 720.0
22:16:18.249 [JavaFX Application Thread] DEBUG PrimaryStageWindow   - Scaled scene size:    1280.0 x 720.0
22:16:18.250 [JavaFX Application Thread] DEBUG PrimaryStageWindow   - Scaled ratio: (1.0, 1.0)
22:16:18.251 [JavaFX Application Thread] DEBUG PrimaryStageWindow   - Set initial scene to FXGLStartupScene
22:16:18.255 [JavaFX Application Thread] DEBUG PrimaryStageWindow   - Opening main window
22:16:18.349 [JavaFX Application Thread] DEBUG PrimaryStageWindow   - Window border size: (14.4000244140625, 37.5999755859375)
22:16:18.349 [JavaFX Application Thread] DEBUG PrimaryStageWindow   - Scaled size: 1280.0 x 720.0
22:16:18.349 [JavaFX Application Thread] DEBUG PrimaryStageWindow   - Scaled ratio: (1.0, 1.0)
22:16:18.350 [JavaFX Application Thread] DEBUG PrimaryStageWindow   - Scene size: 1280.0 x 720.0
22:16:18.350 [JavaFX Application Thread] DEBUG PrimaryStageWindow   - Stage size: 1294.4000244140625 x 757.5999755859375
22:16:18.423 [JavaFX Application Thread] DEBUG PrimaryStageWindow   - Going fullscreen
22:16:18.435 [FXGL Background Thread 1 ] DEBUG Engine               - Initializing environment variables
22:16:18.499 [FXGL Background Thread 1 ] DEBUG FXGLAssetLoaderServi - User app class for loading assets: class com.project.App
22:16:18.499 [FXGL Background Thread 1 ] DEBUG GameApplicationServi - Applying CSS: fxgl_dark.css
22:16:18.500 [FXGL Background Thread 1 ] DEBUG FXGLAssetLoaderServi - Loading from file system: jar:file:/C:/Users/Lenovo/.m2/repository/com/github/almasb/fxgl/21.1/fxgl-21.1.jar!/fxglassets/ui/css/fxgl_dark.css
22:16:18.544 [FXGL Background Thread 1 ] DEBUG GameApplicationServi - Initializing application scenes
22:16:18.596 [FXGL Background Thread 1 ] DEBUG GameWorld            - Game world initialized
22:16:18.656 [FXGL Background Thread 1 ] DEBUG PhysicsWorld         - Physics world initialized: appHeight=720, physics.ppm=50.0
22:16:18.656 [FXGL Background Thread 1 ] DEBUG PhysicsWorld         - Using strategy: BRUTE_FORCE
22:16:18.659 [FXGL Background Thread 1 ] DEBUG GameScene            - Game scene initialized: 1280x720
22:16:18.670 [FXGL Background Thread 1 ] DEBUG FXGL.DefaultMenu     - createMenuBodyGameMenu()
22:16:18.683 [FXGL Background Thread 1 ] DEBUG FXGL.DefaultMenu     - createOptionsMenu()
22:16:18.691 [FXGL Background Thread 1 ] DEBUG FXGLAssetLoaderServi - Loading from file system: jar:file:/C:/Users/Lenovo/.m2/repository/com/github/almasb/fxgl/21.1/fxgl-21.1.jar!/fxglassets/textures/particles/smoke.png
22:16:18.792 [FXGL Background Thread 1 ] DEBUG FXGLAssetLoaderServi - Loading from file system: jar:file:/C:/Users/Lenovo/.m2/repository/com/github/almasb/fxgl/21.1/fxgl-21.1.jar!/fxglassets/textures/particles/trace_horizontal.png
22:16:18.812 [FXGL Background Thread 1 ] DEBUG GameApplicationServi - Application scenes initialized
22:16:18.826 [FXGL Background Thread 1 ] DEBUG SystemBundleService  - Loading FXGL system data
22:16:18.829 [FXGL Background Thread 1 ] DEBUG FileSystemAccess     - Reading from: C:\Users\Lenovo\projectjava\myproject\myproject\system\fxgl.bundle
22:16:18.837 [FXGL Background Thread 1 ] DEBUG SystemBundleService  - Bundle FXGL: {}
22:16:18.838 [FXGL Background Thread 1 ] DEBUG UpdaterService       - Checking for updates
22:16:18.866 [FXGL Background Thread 4 ] DEBUG FXGLApplication      - Loading fonts
22:16:18.866 [FXGL Background Thread 4 ] DEBUG FXGLAssetLoaderServi - Loading from file system: jar:file:/C:/Users/Lenovo/.m2/repository/com/github/almasb/fxgl/21.1/fxgl-21.1.jar!/fxglassets/ui/fonts/VarelaRound-Regular.ttf
22:16:18.867 [FXGL Background Thread 1 ] DEBUG FXGLApplication      - Loading default localization
22:16:18.868 [FXGL Background Thread 1 ] DEBUG FXGLAssetLoaderServi - Loading from file system: jar:file:/C:/Users/Lenovo/.m2/repository/com/github/almasb/fxgl/21.1/fxgl-21.1.jar!/fxglassets/languages/english.lang
22:16:18.902 [FXGL Background Thread 4 ] DEBUG FXGLAssetLoaderServi - Loading from file system: jar:file:/C:/Users/Lenovo/.m2/repository/com/github/almasb/fxgl/21.1/fxgl-21.1.jar!/fxglassets/ui/fonts/Abel-Regular.ttf
22:16:18.904 [FXGL Background Thread 1 ] INFO  FXGLApplication      - FXGL initialization took: 0.469 sec
22:16:18.906 [FXGL Background Thread 4 ] DEBUG FXGLAssetLoaderServi - Loading from file system: jar:file:/C:/Users/Lenovo/.m2/repository/com/github/almasb/fxgl/21.1/fxgl-21.1.jar!/fxglassets/ui/fonts/TerminalLandMono-Regular.otf
22:16:18.910 [FXGL Background Thread 4 ] DEBUG FXGLAssetLoaderServi - Loading from file system: jar:file:/C:/Users/Lenovo/.m2/repository/com/github/almasb/fxgl/21.1/fxgl-21.1.jar!/fxglassets/ui/fonts/Courier-Prime.ttf
22:16:18.914 [JavaFX Application Thread] DEBUG Input                - Registered new binding: Right - D
22:16:18.915 [JavaFX Application Thread] DEBUG Input                - Registered new binding: Left - A
22:16:18.915 [JavaFX Application Thread] DEBUG Input                - Registered new binding: Up - W
22:16:18.915 [JavaFX Application Thread] DEBUG Input                - Registered new binding: Down - S
22:16:18.915 [JavaFX Application Thread] DEBUG Input                - Registered new binding: Interact - E
22:16:18.915 [JavaFX Application Thread] DEBUG FXGLAssetLoaderServi - Loading from file system: jar:file:/C:/Users/Lenovo/.m2/repository/com/github/almasb/fxgl/21.1/fxgl-21.1.jar!/fxglassets/textures/fxgl_icon.png
22:16:18.937 [JavaFX Application Thread] DEBUG FXGLAssetLoaderServi - Loading from file system: jar:file:/C:/Users/Lenovo/.m2/repository/com/github/almasb/fxgl/21.1/fxgl-21.1.jar!/fxglassets/textures/fxgl_default_cursor.png
22:16:18.939 [JavaFX Application Thread] DEBUG Input                - Registered new binding: Screenshot - CTRL+8
22:16:18.940 [JavaFX Application Thread] DEBUG Input                - Registered new binding: Dev Options - 1
22:16:18.940 [JavaFX Application Thread] DEBUG Input                - Registered new binding: Dev Console - 2
22:16:18.941 [JavaFX Application Thread] DEBUG Input                - Registered new binding: System info dump - CTRL+9
22:16:18.942 [JavaFX Application Thread] DEBUG Input                - Registered new binding: Restart - CTRL+R
22:16:18.942 [JavaFX Application Thread] DEBUG Input                - Registered new binding: Toggle Debug Camera - CTRL+7
22:16:18.949 [JavaFX Application Thread] DEBUG LoopRunner           - Starting loop
22:16:18.972 [JavaFX Application Thread] DEBUG LoopRunner           - Initializing JavaFX AnimationTimerLoop
22:16:18.975 [JavaFX Application Thread] DEBUG GameApplicationServi - Starting new game
22:16:18.975 [JavaFX Application Thread] DEBUG Input                - Clearing active input actions
22:16:18.987 [JavaFX Application Thread] DEBUG GameApplicationServi - Removing overlay from FXGLStartupScene and adding to FXGLLoadingScene
22:16:18.991 [JavaFX Application Thread] DEBUG PrimaryStageWindow   - FXGLStartupScene -> FXGLLoadingScene
22:16:18.991 [JavaFX Application Thread] DEBUG GameApplicationServi - Clearing previous game
22:16:18.991 [JavaFX Application Thread] DEBUG GameScene            - Clearing game scene
22:16:18.991 [JavaFX Application Thread] DEBUG GameWorld            - Clearing game world
22:16:18.991 [JavaFX Application Thread] DEBUG PhysicsWorld         - Clearing physics world
22:16:18.997 [FXGL Background Thread 4 ] DEBUG FXGLApplication      - Initializing game
22:16:18.997 [JavaFX Application Thread] DEBUG FXGLApplication      - Registering font factories with UI factory
22:16:19.050 [FXGL Background Thread 4 ] WARN  TMXLevelLoader       - TiledMap generated from 1.11.2. Supported version: 1.9.0. Some features may not be parsed fully.
22:16:19.071 [FXGL Background Thread 4 ] DEBUG TMXLevelLoader       - Parsed TiledMap: file:/C:/Users/Lenovo/projectjava/myproject/myproject/target/classes/assets/levels/scene1.tmx
22:16:19.073 [FXGL Background Thread 4 ] DEBUG TMXLevelLoader       - Creating tile layer entities
22:16:19.076 [FXGL Background Thread 4 ] DEBUG TilesetLoader        - Loading view for layer lowefloor
22:16:19.077 [FXGL Background Thread 4 ] DEBUG TilesetLoader        - Created buffer with size 512.0x1024.0
22:16:19.145 [FXGL Background Thread 4 ] DEBUG TilesetLoader        - Loading view for layer cliff
22:16:19.146 [FXGL Background Thread 4 ] DEBUG TilesetLoader        - Created buffer with size 512.0x1024.0
22:16:19.147 [FXGL Background Thread 4 ] DEBUG TilesetLoader        - Loading view for layer cliff1
22:16:19.148 [FXGL Background Thread 4 ] DEBUG TilesetLoader        - Created buffer with size 512.0x1024.0
22:16:19.150 [FXGL Background Thread 4 ] DEBUG TilesetLoader        - Loading view for layer cliff2
22:16:19.151 [FXGL Background Thread 4 ] DEBUG TilesetLoader        - Created buffer with size 512.0x1024.0
22:16:19.152 [FXGL Background Thread 4 ] DEBUG TilesetLoader        - Loading view for layer Tile Layer 3
22:16:19.153 [FXGL Background Thread 4 ] DEBUG TilesetLoader        - Created buffer with size 512.0x1024.0
22:16:19.156 [FXGL Background Thread 4 ] DEBUG TilesetLoader        - Loading view for layer Tile Layer 6
22:16:19.157 [FXGL Background Thread 4 ] DEBUG TilesetLoader        - Created buffer with size 512.0x1024.0
22:16:19.222 [FXGL Background Thread 4 ] DEBUG TilesetLoader        - Loading view for layer prop
22:16:19.223 [FXGL Background Thread 4 ] DEBUG TilesetLoader        - Created buffer with size 512.0x1024.0
22:16:19.223 [FXGL Background Thread 4 ] DEBUG TMXLevelLoader       - Creating object layer entities
22:16:19.266 [FXGL Background Thread 4 ] DEBUG FXGLAssetLoaderServi - Loading from file system: file:/C:/Users/Lenovo/projectjava/myproject/myproject/target/classes/assets/textures/Actor1.png
22:16:19.286 [FXGL Background Thread 4 ] DEBUG FXGLAssetLoaderServi - Loading from file system: file:/C:/Users/Lenovo/projectjava/myproject/myproject/target/classes/assets/textures/Rex.png
22:16:19.291 [FXGL Background Thread 4 ] WARN  TMXLevelLoader       - TiledMap generated from 1.11.2. Supported version: 1.9.0. Some features may not be parsed fully.
22:16:19.304 [FXGL Background Thread 4 ] DEBUG TMXLevelLoader       - Parsed TiledMap: file:/C:/Users/Lenovo/projectjava/myproject/myproject/target/classes/assets/levels/scene1.tmx
22:16:19.304 [FXGL Background Thread 4 ] DEBUG TMXLevelLoader       - Creating tile layer entities
22:16:19.305 [FXGL Background Thread 4 ] DEBUG TilesetLoader        - Loading view for layer lowefloor
22:16:19.305 [FXGL Background Thread 4 ] DEBUG TilesetLoader        - Created buffer with size 512.0x1024.0
22:16:19.334 [FXGL Background Thread 4 ] DEBUG TilesetLoader        - Loading view for layer cliff
22:16:19.335 [FXGL Background Thread 4 ] DEBUG TilesetLoader        - Created buffer with size 512.0x1024.0
22:16:19.336 [FXGL Background Thread 4 ] DEBUG TilesetLoader        - Loading view for layer cliff1
22:16:19.337 [FXGL Background Thread 4 ] DEBUG TilesetLoader        - Created buffer with size 512.0x1024.0
22:16:19.338 [FXGL Background Thread 4 ] DEBUG TilesetLoader        - Loading view for layer cliff2
22:16:19.338 [FXGL Background Thread 4 ] DEBUG TilesetLoader        - Created buffer with size 512.0x1024.0
22:16:19.340 [FXGL Background Thread 4 ] DEBUG TilesetLoader        - Loading view for layer Tile Layer 3
22:16:19.340 [FXGL Background Thread 4 ] DEBUG TilesetLoader        - Created buffer with size 512.0x1024.0
22:16:19.341 [FXGL Background Thread 4 ] DEBUG TilesetLoader        - Loading view for layer Tile Layer 6
22:16:19.342 [FXGL Background Thread 4 ] DEBUG TilesetLoader        - Created buffer with size 512.0x1024.0
22:16:19.394 [FXGL Background Thread 4 ] DEBUG TilesetLoader        - Loading view for layer prop
22:16:19.395 [FXGL Background Thread 4 ] DEBUG TilesetLoader        - Created buffer with size 512.0x1024.0
22:16:19.402 [FXGL Background Thread 4 ] DEBUG TMXLevelLoader       - Creating object layer entities
22:16:19.414 [FXGL Background Thread 4 ] DEBUG GameWorld            - Clearing removable entities
22:16:19.415 [FXGL Background Thread 4 ] DEBUG GameWorld            - Setting level: com.almasb.fxgl.entity.level.Level@2d4e5863
22:16:19.433 [FXGL Background Thread 4 ] INFO  FXGLApplication      - Game initialization took: 0.436 sec
22:16:19.435 [JavaFX Application Thread] DEBUG Input                - Clearing active input actions
22:16:19.446 [JavaFX Application Thread] DEBUG GameApplicationServi - Removing overlay from FXGLLoadingScene and adding to GameScene
22:16:19.450 [JavaFX Application Thread] DEBUG PrimaryStageWindow   - FXGLLoadingScene -> GameScene
22:16:21.866 [FXGL Background Thread 3 ] DEBUG Engine               - Logging environment variables
22:16:21.867 [FXGL Background Thread 3 ] DEBUG Engine               - achievements: []
22:16:21.867 [FXGL Background Thread 3 ] DEBUG Engine               - actualHeight: 864.0
22:16:21.867 [FXGL Background Thread 3 ] DEBUG Engine               - actualHeightProperty: ReadOnlyDoubleProperty [value: 864.0]
22:16:21.867 [FXGL Background Thread 3 ] DEBUG Engine               - actualWidth: 1536.0
22:16:21.867 [FXGL Background Thread 3 ] DEBUG Engine               - actualWidthProperty: ReadOnlyDoubleProperty [value: 1536.0]
22:16:21.867 [FXGL Background Thread 3 ] DEBUG Engine               - appIcon: fxgl_icon.png
22:16:21.867 [FXGL Background Thread 3 ] DEBUG Engine               - applicationMode: DEVELOPER
22:16:21.868 [FXGL Background Thread 3 ] DEBUG Engine               - cSSList: [fxgl_dark.css]
22:16:21.868 [FXGL Background Thread 3 ] DEBUG Engine               - collisionDetectionStrategy: BRUTE_FORCE
22:16:21.868 [FXGL Background Thread 3 ] DEBUG Engine               - configClass: Optional.empty
22:16:21.868 [FXGL Background Thread 3 ] DEBUG Engine               - credits: []
22:16:21.868 [FXGL Background Thread 3 ] DEBUG Engine               - defaultCursor: CursorInfo(imageName=fxgl_default_cursor.png, hotspotX=7.0, hotspotY=6.0)
22:16:21.869 [FXGL Background Thread 3 ] DEBUG Engine               - devBBoxColorProperty: ObjectProperty [value: 0xff0000ff]
22:16:21.869 [FXGL Background Thread 3 ] DEBUG Engine               - devEnableDebugCameraProperty: BooleanProperty [value: false]
22:16:21.869 [FXGL Background Thread 3 ] DEBUG Engine               - devSensorColorProperty: ObjectProperty [value: 0xffff00ff]
22:16:21.869 [FXGL Background Thread 3 ] DEBUG Engine               - devShowBBoxProperty: BooleanProperty [value: false]
22:16:21.869 [FXGL Background Thread 3 ] DEBUG Engine               - devShowPositionProperty: BooleanProperty [value: false]
22:16:21.869 [FXGL Background Thread 3 ] DEBUG Engine               - enabledMenuItems: []
22:16:21.869 [FXGL Background Thread 3 ] DEBUG Engine               - engineServices: [class com.almasb.fxgl.app.services.FXGLAssetLoaderService, class com.almasb.fxgl.app.FXGLApplication$GameApplicationService, class com.almasb.fxgl.app.services.FXGLDialogService, class com.almasb.fxgl.app.services.IOTaskExecutorService, class com.almasb.fxgl.io.FileSystemService, class com.almasb.fxgl.localization.LocalizationService, class com.almasb.fxgl.app.services.SystemBundleService, class com.almasb.fxgl.profile.SaveLoadService, class com.almasb.fxgl.ui.FXGLUIFactoryServiceProvider, class com.almasb.fxgl.ui.FXGLDialogFactoryServiceProvider, class com.almasb.fxgl.audio.AudioPlayer, class com.almasb.fxgl.notification.impl.NotificationServiceProvider, class com.almasb.fxgl.achievement.AchievementService, class com.almasb.fxgl.cutscene.CutsceneService, class com.almasb.fxgl.minigames.MiniGameService, class com.almasb.fxgl.net.NetService, class com.almasb.fxgl.app.services.UpdaterService, class com.almasb.fxgl.dev.DevService]
22:16:21.869 [FXGL Background Thread 3 ] DEBUG Engine               - fontGame: Abel-Regular.ttf
22:16:21.869 [FXGL Background Thread 3 ] DEBUG Engine               - fontMono: TerminalLandMono-Regular.otf
22:16:21.869 [FXGL Background Thread 3 ] DEBUG Engine               - fontSizeScaleUI: 1.0
22:16:21.869 [FXGL Background Thread 3 ] DEBUG Engine               - fontText: Courier-Prime.ttf
22:16:21.869 [FXGL Background Thread 3 ] DEBUG Engine               - fontUI: VarelaRound-Regular.ttf
22:16:21.869 [FXGL Background Thread 3 ] DEBUG Engine               - fullScreen: BooleanProperty [value: true]
22:16:21.869 [FXGL Background Thread 3 ] DEBUG Engine               - gameDifficulty: MEDIUM
22:16:21.869 [FXGL Background Thread 3 ] DEBUG Engine               - gameDifficultyProperty: ObjectProperty [value: MEDIUM]
22:16:21.869 [FXGL Background Thread 3 ] DEBUG Engine               - globalMusicVolume: 0.5
22:16:21.869 [FXGL Background Thread 3 ] DEBUG Engine               - globalMusicVolumeProperty: DoubleProperty [value: 0.5]
22:16:21.869 [FXGL Background Thread 3 ] DEBUG Engine               - globalSoundVolume: 0.5
22:16:21.869 [FXGL Background Thread 3 ] DEBUG Engine               - globalSoundVolumeProperty: DoubleProperty [value: 0.5]
22:16:21.871 [FXGL Background Thread 3 ] DEBUG Engine               - height: 720
22:16:21.871 [FXGL Background Thread 3 ] DEBUG Engine               - is3D: false
22:16:21.871 [FXGL Background Thread 3 ] DEBUG Engine               - isAndroid: false
22:16:21.871 [FXGL Background Thread 3 ] DEBUG Engine               - isBrowser: false
22:16:21.871 [FXGL Background Thread 3 ] DEBUG Engine               - isClickFeedbackEnabled: false
22:16:21.871 [FXGL Background Thread 3 ] DEBUG Engine               - isCloseConfirmation: false
22:16:21.871 [FXGL Background Thread 3 ] DEBUG Engine               - isDesktop: true
22:16:21.871 [FXGL Background Thread 3 ] DEBUG Engine               - isDeveloperMenuEnabled: true
22:16:21.871 [FXGL Background Thread 3 ] DEBUG Engine               - isEmbedded: false
22:16:21.871 [FXGL Background Thread 3 ] DEBUG Engine               - isEntityPreloadEnabled: true
22:16:21.871 [FXGL Background Thread 3 ] DEBUG Engine               - isExperimentalTiledLargeMap: false
22:16:21.871 [FXGL Background Thread 3 ] DEBUG Engine               - isFileSystemWriteAllowed: true
22:16:21.871 [FXGL Background Thread 3 ] DEBUG Engine               - isFullScreenAllowed: true
22:16:21.871 [FXGL Background Thread 3 ] DEBUG Engine               - isFullScreenFromStart: true
22:16:21.871 [FXGL Background Thread 3 ] DEBUG Engine               - isGameMenuEnabled: true
22:16:21.871 [FXGL Background Thread 3 ] DEBUG Engine               - isIOS: false
22:16:21.871 [FXGL Background Thread 3 ] DEBUG Engine               - isIntroEnabled: false
22:16:21.871 [FXGL Background Thread 3 ] DEBUG Engine               - isLinux: false
22:16:21.871 [FXGL Background Thread 3 ] DEBUG Engine               - isMac: false
22:16:21.871 [FXGL Background Thread 3 ] DEBUG Engine               - isMainMenuEnabled: false
22:16:21.871 [FXGL Background Thread 3 ] DEBUG Engine               - isManualResizeEnabled: false
22:16:21.871 [FXGL Background Thread 3 ] DEBUG Engine               - isMobile: false
22:16:21.871 [FXGL Background Thread 3 ] DEBUG Engine               - isNative: false
22:16:21.871 [FXGL Background Thread 3 ] DEBUG Engine               - isPauseMusicWhenMinimized: true
22:16:21.871 [FXGL Background Thread 3 ] DEBUG Engine               - isPreserveResizeRatio: false
22:16:21.871 [FXGL Background Thread 3 ] DEBUG Engine               - isProfilingEnabled: false
22:16:21.871 [FXGL Background Thread 3 ] DEBUG Engine               - isScaleAffectedOnResize: true
22:16:21.871 [FXGL Background Thread 3 ] DEBUG Engine               - isSingleStep: false
22:16:21.871 [FXGL Background Thread 3 ] DEBUG Engine               - isUserProfileEnabled: false
22:16:21.871 [FXGL Background Thread 3 ] DEBUG Engine               - isWindows: true
22:16:21.871 [FXGL Background Thread 3 ] DEBUG Engine               - language: ObjectProperty [value: ENGLISH]
22:16:21.871 [FXGL Background Thread 3 ] DEBUG Engine               - menuKey: ESCAPE
22:16:21.871 [FXGL Background Thread 3 ] DEBUG Engine               - mouseSensitivity: 0.2
22:16:21.871 [FXGL Background Thread 3 ] DEBUG Engine               - notificationViewClass: class com.almasb.fxgl.notification.view.XboxNotificationView
22:16:21.871 [FXGL Background Thread 3 ] DEBUG Engine               - pixelsPerMeter: 50.0
22:16:21.871 [FXGL Background Thread 3 ] DEBUG Engine               - platform: WINDOWS
22:16:21.871 [FXGL Background Thread 3 ] DEBUG Engine               - prefHeightProperty: ReadOnlyDoubleProperty [value: 720.0]
22:16:21.871 [FXGL Background Thread 3 ] DEBUG Engine               - prefWidthProperty: ReadOnlyDoubleProperty [value: 1280.0]
22:16:21.871 [FXGL Background Thread 3 ] DEBUG Engine               - profileDir: profiles/
22:16:21.872 [FXGL Background Thread 3 ] DEBUG Engine               - profileName: StringProperty [value: DEFAULT]
22:16:21.872 [FXGL Background Thread 3 ] DEBUG Engine               - randomSeed: -1
22:16:21.872 [FXGL Background Thread 3 ] DEBUG Engine               - runtimeInfo: RuntimeInfo(platform=WINDOWS, version=21.1, build=27.03.2024 07.52)
22:16:21.872 [FXGL Background Thread 3 ] DEBUG Engine               - saveFileExt: sav
22:16:21.872 [FXGL Background Thread 3 ] DEBUG Engine               - scaledHeightProp$fxgl: DoubleProperty [bound, value: 864.0]
22:16:21.872 [FXGL Background Thread 3 ] DEBUG Engine               - scaledWidthProp$fxgl: DoubleProperty [bound, value: 1536.0]
22:16:21.873 [FXGL Background Thread 3 ] DEBUG Engine               - sceneFactory: com.almasb.fxgl.app.scene.SceneFactory@6c6eac37
22:16:21.873 [FXGL Background Thread 3 ] DEBUG Engine               - secondsIn24h: 60
22:16:21.873 [FXGL Background Thread 3 ] DEBUG Engine               - soundMenuBack: menu/back.wav
22:16:21.873 [FXGL Background Thread 3 ] DEBUG Engine               - soundMenuPress: menu/press.wav
22:16:21.873 [FXGL Background Thread 3 ] DEBUG Engine               - soundMenuSelect: menu/select.wav
22:16:21.873 [FXGL Background Thread 3 ] DEBUG Engine               - soundNotification: core/notification.wav
22:16:21.873 [FXGL Background Thread 3 ] DEBUG Engine               - stageStyle: DECORATED
22:16:21.873 [FXGL Background Thread 3 ] DEBUG Engine               - supportedLanguages: [ENGLISH, FRENCH, GERMAN, HUNGARIAN, RUSSIAN]
22:16:21.873 [FXGL Background Thread 3 ] DEBUG Engine               - ticksPerSecond: -1
22:16:21.873 [FXGL Background Thread 3 ] DEBUG Engine               - title: Final Journey
22:16:21.873 [FXGL Background Thread 3 ] DEBUG Engine               - urlGithub: https://github.com/AlmasB/FXGL
22:16:21.873 [FXGL Background Thread 3 ] DEBUG Engine               - urlLeaderboard: http://fxgl-top.herokuapp.com/
22:16:21.873 [FXGL Background Thread 3 ] DEBUG Engine               - urlPOM: https://raw.githubusercontent.com/AlmasB/FXGL/release/README.md
22:16:21.873 [FXGL Background Thread 3 ] DEBUG Engine               - userAppClass: class com.project.App
22:16:21.873 [FXGL Background Thread 3 ] DEBUG Engine               - version: Alpha
22:16:21.873 [FXGL Background Thread 3 ] DEBUG Engine               - versionCheckDays: 7
22:16:21.873 [FXGL Background Thread 3 ] DEBUG Engine               - width: 1280
22:16:21.873 [FXGL Background Thread 3 ] DEBUG Engine               - Logging services
22:16:21.873 [FXGL Background Thread 3 ] DEBUG Engine               - class com.almasb.fxgl.app.services.FXGLAssetLoaderService
22:16:21.873 [FXGL Background Thread 3 ] DEBUG Engine               - class com.almasb.fxgl.app.FXGLApplication$GameApplicationService
22:16:21.873 [FXGL Background Thread 3 ] DEBUG Engine               - class com.almasb.fxgl.app.services.FXGLDialogService
22:16:21.873 [FXGL Background Thread 3 ] DEBUG Engine               - class com.almasb.fxgl.app.services.IOTaskExecutorService
22:16:21.873 [FXGL Background Thread 3 ] DEBUG Engine               - class com.almasb.fxgl.io.FileSystemService
22:16:21.873 [FXGL Background Thread 3 ] DEBUG Engine               - class com.almasb.fxgl.localization.LocalizationService
22:16:21.873 [FXGL Background Thread 3 ] DEBUG Engine               - class com.almasb.fxgl.app.services.SystemBundleService
22:16:21.873 [FXGL Background Thread 3 ] DEBUG Engine               - class com.almasb.fxgl.profile.SaveLoadService
22:16:21.873 [FXGL Background Thread 3 ] DEBUG Engine               - class com.almasb.fxgl.ui.FXGLUIFactoryServiceProvider
22:16:21.873 [FXGL Background Thread 3 ] DEBUG Engine               - class com.almasb.fxgl.ui.FXGLDialogFactoryServiceProvider
22:16:21.874 [FXGL Background Thread 3 ] DEBUG Engine               - class com.almasb.fxgl.audio.AudioPlayer
22:16:21.874 [FXGL Background Thread 3 ] DEBUG Engine               - class com.almasb.fxgl.notification.impl.NotificationServiceProvider
22:16:21.874 [FXGL Background Thread 3 ] DEBUG Engine               - class com.almasb.fxgl.achievement.AchievementService
22:16:21.874 [FXGL Background Thread 3 ] DEBUG Engine               - class com.almasb.fxgl.cutscene.CutsceneService
22:16:21.874 [FXGL Background Thread 3 ] DEBUG Engine               - class com.almasb.fxgl.minigames.MiniGameService
22:16:21.874 [FXGL Background Thread 3 ] DEBUG Engine               - class com.almasb.fxgl.net.NetService
22:16:21.874 [FXGL Background Thread 3 ] DEBUG Engine               - class com.almasb.fxgl.app.services.UpdaterService
22:16:21.874 [FXGL Background Thread 3 ] DEBUG Engine               - class com.almasb.fxgl.dev.DevService
22:16:22.510 [JavaFX Application Thread] DEBUG FXGLAssetLoaderServi - Loading from file system: file:/C:/Users/Lenovo/projectjava/myproject/myproject/target/classes/assets/text/filetext.txt
22:16:22.512 [JavaFX Application Thread] DEBUG EventBus             - Firing event: com.GameEvent.CombatScene[source=javafx.event.Event$$Lambda/0x0000015b81173198@67e90a7c]
22:16:22.515 [JavaFX Application Thread] WARN  TMXLevelLoader       - TiledMap generated from 1.11.2. Supported version: 1.9.0. Some features may not be parsed fully.
22:16:22.519 [JavaFX Application Thread] DEBUG TMXLevelLoader       - Parsed TiledMap: file:/C:/Users/Lenovo/projectjava/myproject/myproject/target/classes/assets/levels/battle1.tmx
22:16:22.519 [JavaFX Application Thread] DEBUG TMXLevelLoader       - Creating tile layer entities
22:16:22.520 [JavaFX Application Thread] DEBUG TilesetLoader        - Loading view for layer Tile Layer 1
22:16:22.522 [JavaFX Application Thread] DEBUG TilesetLoader        - Created buffer with size 2048.0x1024.0
22:16:22.626 [JavaFX Application Thread] DEBUG TMXLevelLoader       - Creating object layer entities
22:16:22.627 [JavaFX Application Thread] DEBUG FXGLAssetLoaderServi - Loading from file system: file:/C:/Users/Lenovo/projectjava/myproject/myproject/target/classes/assets/textures/Rex.png
22:16:22.632 [JavaFX Application Thread] DEBUG FXGLAssetLoaderServi - Loading from file system: file:/C:/Users/Lenovo/projectjava/myproject/myproject/target/classes/assets/textures/Karee.png
22:16:22.638 [JavaFX Application Thread] DEBUG GameWorld            - Clearing removable entities
22:16:22.645 [JavaFX Application Thread] DEBUG GameWorld            - Setting level: com.almasb.fxgl.entity.level.Level@47fc3dd9
22:16:22.647 [JavaFX Application Thread] WARN  TMXLevelLoader       - TiledMap generated from 1.11.2. Supported version: 1.9.0. Some features may not be parsed fully.
22:16:22.652 [JavaFX Application Thread] DEBUG TMXLevelLoader       - Parsed TiledMap: file:/C:/Users/Lenovo/projectjava/myproject/myproject/target/classes/assets/levels/battle1.tmx
22:16:22.653 [JavaFX Application Thread] DEBUG TMXLevelLoader       - Creating tile layer entities
22:16:22.653 [JavaFX Application Thread] DEBUG TilesetLoader        - Loading view for layer Tile Layer 1
22:16:22.654 [JavaFX Application Thread] DEBUG TilesetLoader        - Created buffer with size 2048.0x1024.0
22:16:22.760 [JavaFX Application Thread] DEBUG TMXLevelLoader       - Creating object layer entities
22:16:23.946 [JavaFX Application Thread] DEBUG EventBus             - Firing event: com.GameEvent.BackMainScene[source=javafx.event.Event$$Lambda/0x0000015b81173198@67e90a7c]
22:16:23.947 [JavaFX Application Thread] WARN  TMXLevelLoader       - TiledMap generated from 1.11.2. Supported version: 1.9.0. Some features may not be parsed fully.
22:16:23.957 [JavaFX Application Thread] DEBUG TMXLevelLoader       - Parsed TiledMap: file:/C:/Users/Lenovo/projectjava/myproject/myproject/target/classes/assets/levels/scene1.tmx
22:16:23.957 [JavaFX Application Thread] DEBUG TMXLevelLoader       - Creating tile layer entities
22:16:23.957 [JavaFX Application Thread] DEBUG TilesetLoader        - Loading view for layer lowefloor
22:16:23.958 [JavaFX Application Thread] DEBUG TilesetLoader        - Created buffer with size 512.0x1024.0
22:16:23.978 [JavaFX Application Thread] DEBUG TilesetLoader        - Loading view for layer cliff
22:16:23.979 [JavaFX Application Thread] DEBUG TilesetLoader        - Created buffer with size 512.0x1024.0
22:16:23.979 [JavaFX Application Thread] DEBUG TilesetLoader        - Loading view for layer cliff1
22:16:23.980 [JavaFX Application Thread] DEBUG TilesetLoader        - Created buffer with size 512.0x1024.0
22:16:23.980 [JavaFX Application Thread] DEBUG TilesetLoader        - Loading view for layer cliff2
22:16:23.980 [JavaFX Application Thread] DEBUG TilesetLoader        - Created buffer with size 512.0x1024.0
22:16:23.981 [JavaFX Application Thread] DEBUG TilesetLoader        - Loading view for layer Tile Layer 3
22:16:23.981 [JavaFX Application Thread] DEBUG TilesetLoader        - Created buffer with size 512.0x1024.0
22:16:23.982 [JavaFX Application Thread] DEBUG TilesetLoader        - Loading view for layer Tile Layer 6
22:16:23.983 [JavaFX Application Thread] DEBUG TilesetLoader        - Created buffer with size 512.0x1024.0
22:16:24.027 [JavaFX Application Thread] DEBUG TilesetLoader        - Loading view for layer prop
22:16:24.027 [JavaFX Application Thread] DEBUG TilesetLoader        - Created buffer with size 512.0x1024.0
22:16:24.028 [JavaFX Application Thread] DEBUG TMXLevelLoader       - Creating object layer entities
22:16:24.035 [JavaFX Application Thread] DEBUG GameWorld            - Clearing removable entities
22:16:24.036 [JavaFX Application Thread] DEBUG GameWorld            - Setting level: com.almasb.fxgl.entity.level.Level@4c90bab
22:16:24.041 [JavaFX Application Thread] WARN  TMXLevelLoader       - TiledMap generated from 1.11.2. Supported version: 1.9.0. Some features may not be parsed fully.
22:16:24.046 [JavaFX Application Thread] DEBUG TMXLevelLoader       - Parsed TiledMap: file:/C:/Users/Lenovo/projectjava/myproject/myproject/target/classes/assets/levels/scene1.tmx
22:16:24.046 [JavaFX Application Thread] DEBUG TMXLevelLoader       - Creating tile layer entities
22:16:24.046 [JavaFX Application Thread] DEBUG TilesetLoader        - Loading view for layer lowefloor
22:16:24.047 [JavaFX Application Thread] DEBUG TilesetLoader        - Created buffer with size 512.0x1024.0
22:16:24.064 [JavaFX Application Thread] DEBUG TilesetLoader        - Loading view for layer cliff
22:16:24.064 [JavaFX Application Thread] DEBUG TilesetLoader        - Created buffer with size 512.0x1024.0
22:16:24.065 [JavaFX Application Thread] DEBUG TilesetLoader        - Loading view for layer cliff1
22:16:24.065 [JavaFX Application Thread] DEBUG TilesetLoader        - Created buffer with size 512.0x1024.0
22:16:24.065 [JavaFX Application Thread] DEBUG TilesetLoader        - Loading view for layer cliff2
22:16:24.065 [JavaFX Application Thread] DEBUG TilesetLoader        - Created buffer with size 512.0x1024.0
22:16:24.066 [JavaFX Application Thread] DEBUG TilesetLoader        - Loading view for layer Tile Layer 3
22:16:24.066 [JavaFX Application Thread] DEBUG TilesetLoader        - Created buffer with size 512.0x1024.0
22:16:24.066 [JavaFX Application Thread] DEBUG TilesetLoader        - Loading view for layer Tile Layer 6
22:16:24.067 [JavaFX Application Thread] DEBUG TilesetLoader        - Created buffer with size 512.0x1024.0
22:16:24.106 [JavaFX Application Thread] DEBUG TilesetLoader        - Loading view for layer prop
22:16:24.106 [JavaFX Application Thread] DEBUG TilesetLoader        - Created buffer with size 512.0x1024.0
22:16:24.106 [JavaFX Application Thread] DEBUG TMXLevelLoader       - Creating object layer entities
22:16:27.758 [JavaFX Application Thread] DEBUG EventBus             - Firing event: com.GameEvent.CombatScene[source=javafx.event.Event$$Lambda/0x0000015b81173198@67e90a7c]
22:16:27.759 [JavaFX Application Thread] DEBUG LoopRunner           - Stopping loop
22:16:27.761 [JavaFX Application Thread] FATAL FXGLApplication      - Uncaught Exception:
java.lang.IllegalArgumentException: Duplicated @Spawns(setenemy) in com.Factory.CombatWithRexFactory@4e1ace17. Already exists in com.Factory.CombatWithRexFactory@1da1ec9a=[setenemy, setcamera, sethero]
	at com.almasb.fxgl.entity.GameWorld.checkDuplicateSpawners(GameWorld.kt:341)
	at com.almasb.fxgl.entity.GameWorld.access$checkDuplicateSpawners(GameWorld.kt:35)
	at com.almasb.fxgl.entity.GameWorld$addEntityFactory$1.invoke(GameWorld.kt:314)
	at com.almasb.fxgl.entity.GameWorld$addEntityFactory$1.invoke(GameWorld.kt:310)
	at com.almasb.fxgl.entity.GameWorld.addEntityFactory$lambda$8(GameWorld.kt:310)
	at java.base/java.util.HashMap.forEach(HashMap.java:1429)
	at com.almasb.fxgl.entity.GameWorld.addEntityFactory(GameWorld.kt:310)
	at com.GameEvent.SystemEvent.lambda$0(SystemEvent.java:39)
	at com.sun.javafx.event.CompositeEventHandler$NormalEventHandlerRecord.handleBubblingEvent(CompositeEventHandler.java:247)
	at com.sun.javafx.event.CompositeEventHandler.dispatchBubblingEvent(CompositeEventHandler.java:80)
	at com.sun.javafx.event.EventHandlerManager.dispatchBubblingEvent(EventHandlerManager.java:232)
	at com.sun.javafx.event.EventHandlerManager.dispatchBubblingEvent(EventHandlerManager.java:189)
	at com.sun.javafx.event.CompositeEventDispatcher.dispatchBubblingEvent(CompositeEventDispatcher.java:59)
	at com.sun.javafx.event.BasicEventDispatcher.dispatchEvent(BasicEventDispatcher.java:58)
	at com.sun.javafx.event.EventDispatchChainImpl.dispatchEvent(EventDispatchChainImpl.java:114)
	at com.sun.javafx.event.EventUtil.fireEventImpl(EventUtil.java:74)
	at com.sun.javafx.event.EventUtil.fireEvent(EventUtil.java:54)
	at javafx.event.Event.fireEvent(Event.java:198)
	at javafx.scene.Node.fireEvent(Node.java:8875)
	at com.almasb.fxgl.event.EventBus.fireEvent(EventBus.kt:66)
	at com.Component.InteractComponent.interact(InteractComponent.java:55)
	at com.project.App$5.onAction(App.java:216)
	at com.almasb.fxgl.input.UserAction.action$fxgl_core(UserAction.kt:38)
	at com.almasb.fxgl.input.Input.update(Input.kt:278)
	at com.almasb.fxgl.scene.Scene.update(Scene.kt:103)
	at com.almasb.fxgl.app.MainWindow$update$1.invoke(MainWindow.kt:121)
	at com.almasb.fxgl.app.MainWindow$update$1.invoke(MainWindow.kt:121)
	at com.almasb.fxgl.core.fsm.StateMachine.runOnActiveStates(StateMachine.kt:69)
	at com.almasb.fxgl.app.MainWindow.update(MainWindow.kt:121)
	at com.almasb.fxgl.app.FXGLApplication$GameApplicationService.onUpdate(FXGLApplication.kt:445)
	at com.almasb.fxgl.app.Engine.loop(Engine.kt:134)
	at com.almasb.fxgl.app.Engine.access$loop(Engine.kt:24)
	at com.almasb.fxgl.app.Engine$loop$1.invoke(Engine.kt:28)
	at com.almasb.fxgl.app.Engine$loop$1.invoke(Engine.kt:28)
	at com.almasb.fxgl.app.LoopRunner.frame(LoopRunner.kt:103)
	at com.almasb.fxgl.app.LoopRunner.access$frame(LoopRunner.kt:23)
	at com.almasb.fxgl.app.LoopRunner$impl$2$1.onTick(LoopRunner.kt:57)
	at com.almasb.fxgl.app.AnimationTimerLoop$timer$1.handle(LoopRunner.kt:137)
	at javafx.animation.AnimationTimer$AnimationTimerReceiver.lambda$handle$0(AnimationTimer.java:58)
	at java.base/java.security.AccessController.doPrivileged(AccessController.java:400)
	at javafx.animation.AnimationTimer$AnimationTimerReceiver.handle(AnimationTimer.java:57)
	at com.sun.scenario.animation.AbstractPrimaryTimer.timePulseImpl(AbstractPrimaryTimer.java:356)
	at com.sun.scenario.animation.AbstractPrimaryTimer$MainLoop.run(AbstractPrimaryTimer.java:266)
	at com.sun.javafx.tk.quantum.QuantumToolkit.pulse(QuantumToolkit.java:588)
	at com.sun.javafx.tk.quantum.QuantumToolkit.pulse(QuantumToolkit.java:572)
	at com.sun.javafx.tk.quantum.QuantumToolkit.pulseFromQueue(QuantumToolkit.java:565)
	at com.sun.javafx.tk.quantum.QuantumToolkit.lambda$runToolkit$11(QuantumToolkit.java:352)
	at com.sun.glass.ui.InvokeLaterDispatcher$Future.run(InvokeLaterDispatcher.java:95)
	at com.sun.glass.ui.win.WinApplication._runLoop(Native Method)
	at com.sun.glass.ui.win.WinApplication.lambda$runLoop$3(WinApplication.java:185)
	at java.base/java.lang.Thread.run(Thread.java:1583)

22:16:27.762 [JavaFX Application Thread] FATAL FXGLApplication      - Application will now exit
22:16:27.767 [JavaFX Application Thread] DEBUG PrimaryStageWindow   - Push state: ErrorSubScene
22:16:27.767 [JavaFX Application Thread] DEBUG Input                - Clearing active input actions
22:16:27.768 [JavaFX Application Thread] DEBUG GameApplicationServi - Removing overlay from GameScene and adding to ErrorSubScene
22:16:27.769 [JavaFX Application Thread] DEBUG PrimaryStageWindow   - GameScene -> ErrorSubScene
22:16:29.828 [JavaFX Application Thread] DEBUG FXGLApplication      - Exiting FXGL
22:16:29.828 [JavaFX Application Thread] DEBUG Async                - Shutting down background threads
22:16:29.828 [JavaFX Application Thread] DEBUG PrimaryStageWindow   - Closing main window
22:16:29.868 [JavaFX Application Thread] DEBUG Logger               - Closing Logger
