08:23:36.590 [main                     ] DEBUG Logger               - Configured Logger
08:23:36.606 [main                     ] DEBUG GameApplication      - Logging settings
Title: Final Journey
Version: Alpha
Width: 1280
Height: 720
Fullscreen: true
Intro: false
Profiling: false
Single step:false
App Mode: DEVELOPER
Menu Key: ESCAPE
Stage Style: DECORATED
Scene Factory: class com.almasb.fxgl.app.scene.SceneFactory

08:23:37.033 [JavaFX Application Thread] DEBUG FXGLApplication      - Initializing FXGL
08:23:37.038 [JavaFX Application Thread] INFO  Engine               - FXGL-21.1 (27.03.2024 07.52) on WINDOWS (J:21.0.5 FX:21.0.1)
08:23:37.038 [JavaFX Application Thread] DEBUG Engine               - JRE Vendor Name: Eclipse Adoptium
08:23:37.039 [JavaFX Application Thread] DEBUG Engine               - Running on OS: Windows 11 version 10.0
08:23:37.039 [JavaFX Application Thread] DEBUG Engine               - Architecture: amd64
08:23:37.039 [JavaFX Application Thread] INFO  Engine               - Source code and latest versions at: https://github.com/AlmasB/FXGL
08:23:37.039 [JavaFX Application Thread] INFO  Engine               -       Ask questions and discuss at: https://github.com/AlmasB/FXGL/discussions
08:23:37.039 [JavaFX Application Thread] INFO  Engine               -              Join the FXGL chat at: https://gitter.im/AlmasB/FXGL
08:23:37.136 [JavaFX Application Thread] DEBUG PrimaryStageWindow   - Creating a JavaFX scene
08:23:37.188 [JavaFX Application Thread] DEBUG PrimaryStageWindow   - Target settings size: 1280.0 x 720.0
08:23:37.188 [JavaFX Application Thread] DEBUG PrimaryStageWindow   - Scaled scene size:    1280.0 x 720.0
08:23:37.189 [JavaFX Application Thread] DEBUG PrimaryStageWindow   - Scaled ratio: (1.0, 1.0)
08:23:37.190 [JavaFX Application Thread] DEBUG PrimaryStageWindow   - Set initial scene to FXGLStartupScene
08:23:37.195 [JavaFX Application Thread] DEBUG PrimaryStageWindow   - Opening main window
08:23:37.305 [JavaFX Application Thread] DEBUG PrimaryStageWindow   - Window border size: (14.4000244140625, 37.5999755859375)
08:23:37.306 [JavaFX Application Thread] DEBUG PrimaryStageWindow   - Scaled size: 1280.0 x 720.0
08:23:37.306 [JavaFX Application Thread] DEBUG PrimaryStageWindow   - Scaled ratio: (1.0, 1.0)
08:23:37.306 [JavaFX Application Thread] DEBUG PrimaryStageWindow   - Scene size: 1280.0 x 720.0
08:23:37.306 [JavaFX Application Thread] DEBUG PrimaryStageWindow   - Stage size: 1294.4000244140625 x 757.5999755859375
08:23:37.379 [JavaFX Application Thread] DEBUG PrimaryStageWindow   - Going fullscreen
08:23:37.387 [FXGL Background Thread 1 ] DEBUG Engine               - Initializing environment variables
08:23:37.449 [FXGL Background Thread 1 ] DEBUG FXGLAssetLoaderServi - User app class for loading assets: class com.project.App
08:23:37.449 [FXGL Background Thread 1 ] DEBUG GameApplicationServi - Applying CSS: fxgl_dark.css
08:23:37.450 [FXGL Background Thread 1 ] DEBUG FXGLAssetLoaderServi - Loading from file system: jar:file:/C:/Users/Lenovo/.m2/repository/com/github/almasb/fxgl/21.1/fxgl-21.1.jar!/fxglassets/ui/css/fxgl_dark.css
08:23:37.487 [FXGL Background Thread 1 ] DEBUG GameApplicationServi - Initializing application scenes
08:23:37.528 [FXGL Background Thread 1 ] DEBUG GameWorld            - Game world initialized
08:23:37.585 [FXGL Background Thread 1 ] DEBUG PhysicsWorld         - Physics world initialized: appHeight=720, physics.ppm=50.0
08:23:37.585 [FXGL Background Thread 1 ] DEBUG PhysicsWorld         - Using strategy: BRUTE_FORCE
08:23:37.588 [FXGL Background Thread 1 ] DEBUG GameScene            - Game scene initialized: 1280x720
08:23:37.599 [FXGL Background Thread 1 ] DEBUG FXGL.DefaultMenu     - createMenuBodyGameMenu()
08:23:37.611 [FXGL Background Thread 1 ] DEBUG FXGL.DefaultMenu     - createOptionsMenu()
08:23:37.620 [FXGL Background Thread 1 ] DEBUG FXGLAssetLoaderServi - Loading from file system: jar:file:/C:/Users/Lenovo/.m2/repository/com/github/almasb/fxgl/21.1/fxgl-21.1.jar!/fxglassets/textures/particles/smoke.png
08:23:37.707 [FXGL Background Thread 1 ] DEBUG FXGLAssetLoaderServi - Loading from file system: jar:file:/C:/Users/Lenovo/.m2/repository/com/github/almasb/fxgl/21.1/fxgl-21.1.jar!/fxglassets/textures/particles/trace_horizontal.png
08:23:37.728 [FXGL Background Thread 1 ] DEBUG GameApplicationServi - Application scenes initialized
08:23:37.742 [FXGL Background Thread 1 ] DEBUG SystemBundleService  - Loading FXGL system data
08:23:37.746 [FXGL Background Thread 1 ] DEBUG FileSystemAccess     - Reading from: C:\Users\Lenovo\ProjectJava3.0\myproject\myproject\system\fxgl.bundle
08:23:37.754 [FXGL Background Thread 1 ] DEBUG SystemBundleService  - Bundle FXGL: {}
08:23:37.754 [FXGL Background Thread 1 ] DEBUG UpdaterService       - Checking for updates
08:23:37.780 [FXGL Background Thread 4 ] DEBUG FXGLApplication      - Loading fonts
08:23:37.781 [FXGL Background Thread 4 ] DEBUG FXGLAssetLoaderServi - Loading from file system: jar:file:/C:/Users/Lenovo/.m2/repository/com/github/almasb/fxgl/21.1/fxgl-21.1.jar!/fxglassets/ui/fonts/VarelaRound-Regular.ttf
08:23:37.781 [FXGL Background Thread 1 ] DEBUG FXGLApplication      - Loading default localization
08:23:37.782 [FXGL Background Thread 1 ] DEBUG FXGLAssetLoaderServi - Loading from file system: jar:file:/C:/Users/Lenovo/.m2/repository/com/github/almasb/fxgl/21.1/fxgl-21.1.jar!/fxglassets/languages/english.lang
08:23:37.812 [FXGL Background Thread 1 ] INFO  FXGLApplication      - FXGL initialization took: 0.426 sec
08:23:37.813 [FXGL Background Thread 4 ] DEBUG FXGLAssetLoaderServi - Loading from file system: jar:file:/C:/Users/Lenovo/.m2/repository/com/github/almasb/fxgl/21.1/fxgl-21.1.jar!/fxglassets/ui/fonts/Abel-Regular.ttf
08:23:37.817 [FXGL Background Thread 4 ] DEBUG FXGLAssetLoaderServi - Loading from file system: jar:file:/C:/Users/Lenovo/.m2/repository/com/github/almasb/fxgl/21.1/fxgl-21.1.jar!/fxglassets/ui/fonts/TerminalLandMono-Regular.otf
08:23:37.821 [FXGL Background Thread 4 ] DEBUG FXGLAssetLoaderServi - Loading from file system: jar:file:/C:/Users/Lenovo/.m2/repository/com/github/almasb/fxgl/21.1/fxgl-21.1.jar!/fxglassets/ui/fonts/Courier-Prime.ttf
08:23:37.824 [JavaFX Application Thread] DEBUG Input                - Registered new binding: Right - D
08:23:37.824 [JavaFX Application Thread] DEBUG Input                - Registered new binding: Left - A
08:23:37.824 [JavaFX Application Thread] DEBUG Input                - Registered new binding: Up - W
08:23:37.825 [JavaFX Application Thread] DEBUG Input                - Registered new binding: Down - S
08:23:37.825 [JavaFX Application Thread] DEBUG Input                - Registered new binding: Interact - E
08:23:37.825 [JavaFX Application Thread] DEBUG FXGLAssetLoaderServi - Loading from file system: jar:file:/C:/Users/Lenovo/.m2/repository/com/github/almasb/fxgl/21.1/fxgl-21.1.jar!/fxglassets/textures/fxgl_icon.png
08:23:37.845 [JavaFX Application Thread] DEBUG FXGLAssetLoaderServi - Loading from file system: jar:file:/C:/Users/Lenovo/.m2/repository/com/github/almasb/fxgl/21.1/fxgl-21.1.jar!/fxglassets/textures/fxgl_default_cursor.png
08:23:37.847 [JavaFX Application Thread] DEBUG Input                - Registered new binding: Screenshot - CTRL+8
08:23:37.847 [JavaFX Application Thread] DEBUG Input                - Registered new binding: Dev Options - 1
08:23:37.848 [JavaFX Application Thread] DEBUG Input                - Registered new binding: Dev Console - 2
08:23:37.848 [JavaFX Application Thread] DEBUG Input                - Registered new binding: System info dump - CTRL+9
08:23:37.849 [JavaFX Application Thread] DEBUG Input                - Registered new binding: Restart - CTRL+R
08:23:37.850 [JavaFX Application Thread] DEBUG Input                - Registered new binding: Toggle Debug Camera - CTRL+7
08:23:37.856 [JavaFX Application Thread] DEBUG LoopRunner           - Starting loop
08:23:37.879 [JavaFX Application Thread] DEBUG LoopRunner           - Initializing JavaFX AnimationTimerLoop
08:23:37.881 [JavaFX Application Thread] DEBUG GameApplicationServi - Starting new game
08:23:37.882 [JavaFX Application Thread] DEBUG Input                - Clearing active input actions
08:23:37.894 [JavaFX Application Thread] DEBUG GameApplicationServi - Removing overlay from FXGLStartupScene and adding to FXGLLoadingScene
08:23:37.898 [JavaFX Application Thread] DEBUG PrimaryStageWindow   - FXGLStartupScene -> FXGLLoadingScene
08:23:37.898 [JavaFX Application Thread] DEBUG GameApplicationServi - Clearing previous game
08:23:37.898 [JavaFX Application Thread] DEBUG GameScene            - Clearing game scene
08:23:37.898 [JavaFX Application Thread] DEBUG GameWorld            - Clearing game world
08:23:37.898 [JavaFX Application Thread] DEBUG PhysicsWorld         - Clearing physics world
08:23:37.900 [FXGL Background Thread 4 ] DEBUG FXGLApplication      - Initializing game
08:23:37.900 [JavaFX Application Thread] DEBUG FXGLApplication      - Registering font factories with UI factory
08:23:37.955 [FXGL Background Thread 4 ] WARN  TMXLevelLoader       - TiledMap generated from 1.11.2. Supported version: 1.9.0. Some features may not be parsed fully.
08:23:37.982 [FXGL Background Thread 4 ] DEBUG TMXLevelLoader       - Parsed TiledMap: file:/C:/Users/Lenovo/ProjectJava3.0/myproject/myproject/target/classes/assets/levels/scene1.tmx
08:23:37.984 [FXGL Background Thread 4 ] DEBUG TMXLevelLoader       - Creating tile layer entities
08:23:37.987 [FXGL Background Thread 4 ] DEBUG TilesetLoader        - Loading view for layer lowefloor
08:23:37.988 [FXGL Background Thread 4 ] DEBUG TilesetLoader        - Created buffer with size 512.0x1024.0
08:23:38.051 [FXGL Background Thread 4 ] DEBUG TilesetLoader        - Loading view for layer cliff
08:23:38.052 [FXGL Background Thread 4 ] DEBUG TilesetLoader        - Created buffer with size 512.0x1024.0
08:23:38.053 [FXGL Background Thread 4 ] DEBUG TilesetLoader        - Loading view for layer cliff1
08:23:38.054 [FXGL Background Thread 4 ] DEBUG TilesetLoader        - Created buffer with size 512.0x1024.0
08:23:38.056 [FXGL Background Thread 4 ] DEBUG TilesetLoader        - Loading view for layer cliff2
08:23:38.056 [FXGL Background Thread 4 ] DEBUG TilesetLoader        - Created buffer with size 512.0x1024.0
08:23:38.059 [FXGL Background Thread 4 ] DEBUG TilesetLoader        - Loading view for layer Tile Layer 3
08:23:38.059 [FXGL Background Thread 4 ] DEBUG TilesetLoader        - Created buffer with size 512.0x1024.0
08:23:38.060 [FXGL Background Thread 4 ] DEBUG TilesetLoader        - Loading view for layer Tile Layer 6
08:23:38.060 [FXGL Background Thread 4 ] DEBUG TilesetLoader        - Created buffer with size 512.0x1024.0
08:23:38.123 [FXGL Background Thread 4 ] DEBUG TilesetLoader        - Loading view for layer prop
08:23:38.124 [FXGL Background Thread 4 ] DEBUG TilesetLoader        - Created buffer with size 512.0x1024.0
08:23:38.124 [FXGL Background Thread 4 ] DEBUG TMXLevelLoader       - Creating object layer entities
08:23:38.167 [FXGL Background Thread 4 ] DEBUG FXGLAssetLoaderServi - Loading from file system: file:/C:/Users/Lenovo/ProjectJava3.0/myproject/myproject/target/classes/assets/textures/Rafflesia.png
08:23:38.186 [FXGL Background Thread 4 ] WARN  TMXLevelLoader       - TiledMap generated from 1.11.2. Supported version: 1.9.0. Some features may not be parsed fully.
08:23:38.201 [FXGL Background Thread 4 ] DEBUG TMXLevelLoader       - Parsed TiledMap: file:/C:/Users/Lenovo/ProjectJava3.0/myproject/myproject/target/classes/assets/levels/scene1.tmx
08:23:38.201 [FXGL Background Thread 4 ] DEBUG TMXLevelLoader       - Creating tile layer entities
08:23:38.201 [FXGL Background Thread 4 ] DEBUG TilesetLoader        - Loading view for layer lowefloor
08:23:38.202 [FXGL Background Thread 4 ] DEBUG TilesetLoader        - Created buffer with size 512.0x1024.0
08:23:38.230 [FXGL Background Thread 4 ] DEBUG TilesetLoader        - Loading view for layer cliff
08:23:38.231 [FXGL Background Thread 4 ] DEBUG TilesetLoader        - Created buffer with size 512.0x1024.0
08:23:38.232 [FXGL Background Thread 4 ] DEBUG TilesetLoader        - Loading view for layer cliff1
08:23:38.233 [FXGL Background Thread 4 ] DEBUG TilesetLoader        - Created buffer with size 512.0x1024.0
08:23:38.234 [FXGL Background Thread 4 ] DEBUG TilesetLoader        - Loading view for layer cliff2
08:23:38.234 [FXGL Background Thread 4 ] DEBUG TilesetLoader        - Created buffer with size 512.0x1024.0
08:23:38.235 [FXGL Background Thread 4 ] DEBUG TilesetLoader        - Loading view for layer Tile Layer 3
08:23:38.236 [FXGL Background Thread 4 ] DEBUG TilesetLoader        - Created buffer with size 512.0x1024.0
08:23:38.236 [FXGL Background Thread 4 ] DEBUG TilesetLoader        - Loading view for layer Tile Layer 6
08:23:38.237 [FXGL Background Thread 4 ] DEBUG TilesetLoader        - Created buffer with size 512.0x1024.0
08:23:38.286 [FXGL Background Thread 4 ] DEBUG TilesetLoader        - Loading view for layer prop
08:23:38.287 [FXGL Background Thread 4 ] DEBUG TilesetLoader        - Created buffer with size 512.0x1024.0
08:23:38.288 [FXGL Background Thread 4 ] DEBUG TMXLevelLoader       - Creating object layer entities
08:23:38.302 [FXGL Background Thread 4 ] DEBUG GameWorld            - Clearing removable entities
08:23:38.303 [FXGL Background Thread 4 ] DEBUG GameWorld            - Setting level: com.almasb.fxgl.entity.level.Level@1b2a53c9
08:23:38.325 [FXGL Background Thread 4 ] DEBUG FXGLAssetLoaderServi - Loading from file system: file:/C:/Users/Lenovo/ProjectJava3.0/myproject/myproject/target/classes/assets/textures/Actor1.png
08:23:38.336 [FXGL Background Thread 4 ] INFO  FXGLApplication      - Game initialization took: 0.436 sec
08:23:38.337 [JavaFX Application Thread] DEBUG Input                - Clearing active input actions
08:23:38.346 [JavaFX Application Thread] DEBUG GameApplicationServi - Removing overlay from FXGLLoadingScene and adding to GameScene
08:23:38.351 [JavaFX Application Thread] DEBUG PrimaryStageWindow   - FXGLLoadingScene -> GameScene
08:23:40.780 [FXGL Background Thread 3 ] DEBUG Engine               - Logging environment variables
08:23:40.783 [FXGL Background Thread 3 ] DEBUG Engine               - achievements: []
08:23:40.783 [FXGL Background Thread 3 ] DEBUG Engine               - actualHeight: 864.0
08:23:40.784 [FXGL Background Thread 3 ] DEBUG Engine               - actualHeightProperty: ReadOnlyDoubleProperty [value: 864.0]
08:23:40.784 [FXGL Background Thread 3 ] DEBUG Engine               - actualWidth: 1536.0
08:23:40.784 [FXGL Background Thread 3 ] DEBUG Engine               - actualWidthProperty: ReadOnlyDoubleProperty [value: 1536.0]
08:23:40.784 [FXGL Background Thread 3 ] DEBUG Engine               - appIcon: fxgl_icon.png
08:23:40.784 [FXGL Background Thread 3 ] DEBUG Engine               - applicationMode: DEVELOPER
08:23:40.784 [FXGL Background Thread 3 ] DEBUG Engine               - cSSList: [fxgl_dark.css]
08:23:40.784 [FXGL Background Thread 3 ] DEBUG Engine               - collisionDetectionStrategy: BRUTE_FORCE
08:23:40.784 [FXGL Background Thread 3 ] DEBUG Engine               - configClass: Optional.empty
08:23:40.784 [FXGL Background Thread 3 ] DEBUG Engine               - credits: []
08:23:40.784 [FXGL Background Thread 3 ] DEBUG Engine               - defaultCursor: CursorInfo(imageName=fxgl_default_cursor.png, hotspotX=7.0, hotspotY=6.0)
08:23:40.785 [FXGL Background Thread 3 ] DEBUG Engine               - devBBoxColorProperty: ObjectProperty [value: 0xff0000ff]
08:23:40.785 [FXGL Background Thread 3 ] DEBUG Engine               - devEnableDebugCameraProperty: BooleanProperty [value: false]
08:23:40.785 [FXGL Background Thread 3 ] DEBUG Engine               - devSensorColorProperty: ObjectProperty [value: 0xffff00ff]
08:23:40.785 [FXGL Background Thread 3 ] DEBUG Engine               - devShowBBoxProperty: BooleanProperty [value: false]
08:23:40.785 [FXGL Background Thread 3 ] DEBUG Engine               - devShowPositionProperty: BooleanProperty [value: false]
08:23:40.785 [FXGL Background Thread 3 ] DEBUG Engine               - enabledMenuItems: []
08:23:40.785 [FXGL Background Thread 3 ] DEBUG Engine               - engineServices: [class com.almasb.fxgl.app.services.FXGLAssetLoaderService, class com.almasb.fxgl.app.FXGLApplication$GameApplicationService, class com.almasb.fxgl.app.services.FXGLDialogService, class com.almasb.fxgl.app.services.IOTaskExecutorService, class com.almasb.fxgl.io.FileSystemService, class com.almasb.fxgl.localization.LocalizationService, class com.almasb.fxgl.app.services.SystemBundleService, class com.almasb.fxgl.profile.SaveLoadService, class com.almasb.fxgl.ui.FXGLUIFactoryServiceProvider, class com.almasb.fxgl.ui.FXGLDialogFactoryServiceProvider, class com.almasb.fxgl.audio.AudioPlayer, class com.almasb.fxgl.notification.impl.NotificationServiceProvider, class com.almasb.fxgl.achievement.AchievementService, class com.almasb.fxgl.cutscene.CutsceneService, class com.almasb.fxgl.minigames.MiniGameService, class com.almasb.fxgl.net.NetService, class com.almasb.fxgl.app.services.UpdaterService, class com.almasb.fxgl.dev.DevService]
08:23:40.785 [FXGL Background Thread 3 ] DEBUG Engine               - fontGame: Abel-Regular.ttf
08:23:40.785 [FXGL Background Thread 3 ] DEBUG Engine               - fontMono: TerminalLandMono-Regular.otf
08:23:40.785 [FXGL Background Thread 3 ] DEBUG Engine               - fontSizeScaleUI: 1.0
08:23:40.785 [FXGL Background Thread 3 ] DEBUG Engine               - fontText: Courier-Prime.ttf
08:23:40.785 [FXGL Background Thread 3 ] DEBUG Engine               - fontUI: VarelaRound-Regular.ttf
08:23:40.785 [FXGL Background Thread 3 ] DEBUG Engine               - fullScreen: BooleanProperty [value: true]
08:23:40.785 [FXGL Background Thread 3 ] DEBUG Engine               - gameDifficulty: MEDIUM
08:23:40.785 [FXGL Background Thread 3 ] DEBUG Engine               - gameDifficultyProperty: ObjectProperty [value: MEDIUM]
08:23:40.785 [FXGL Background Thread 3 ] DEBUG Engine               - globalMusicVolume: 0.5
08:23:40.785 [FXGL Background Thread 3 ] DEBUG Engine               - globalMusicVolumeProperty: DoubleProperty [value: 0.5]
08:23:40.785 [FXGL Background Thread 3 ] DEBUG Engine               - globalSoundVolume: 0.5
08:23:40.785 [FXGL Background Thread 3 ] DEBUG Engine               - globalSoundVolumeProperty: DoubleProperty [value: 0.5]
08:23:40.785 [FXGL Background Thread 3 ] DEBUG Engine               - height: 720
08:23:40.785 [FXGL Background Thread 3 ] DEBUG Engine               - is3D: false
08:23:40.785 [FXGL Background Thread 3 ] DEBUG Engine               - isAndroid: false
08:23:40.785 [FXGL Background Thread 3 ] DEBUG Engine               - isBrowser: false
08:23:40.785 [FXGL Background Thread 3 ] DEBUG Engine               - isClickFeedbackEnabled: false
08:23:40.785 [FXGL Background Thread 3 ] DEBUG Engine               - isCloseConfirmation: false
08:23:40.785 [FXGL Background Thread 3 ] DEBUG Engine               - isDesktop: true
08:23:40.785 [FXGL Background Thread 3 ] DEBUG Engine               - isDeveloperMenuEnabled: true
08:23:40.785 [FXGL Background Thread 3 ] DEBUG Engine               - isEmbedded: false
08:23:40.785 [FXGL Background Thread 3 ] DEBUG Engine               - isEntityPreloadEnabled: true
08:23:40.786 [FXGL Background Thread 3 ] DEBUG Engine               - isExperimentalTiledLargeMap: false
08:23:40.786 [FXGL Background Thread 3 ] DEBUG Engine               - isFileSystemWriteAllowed: true
08:23:40.786 [FXGL Background Thread 3 ] DEBUG Engine               - isFullScreenAllowed: true
08:23:40.786 [FXGL Background Thread 3 ] DEBUG Engine               - isFullScreenFromStart: true
08:23:40.786 [FXGL Background Thread 3 ] DEBUG Engine               - isGameMenuEnabled: true
08:23:40.786 [FXGL Background Thread 3 ] DEBUG Engine               - isIOS: false
08:23:40.786 [FXGL Background Thread 3 ] DEBUG Engine               - isIntroEnabled: false
08:23:40.786 [FXGL Background Thread 3 ] DEBUG Engine               - isLinux: false
08:23:40.786 [FXGL Background Thread 3 ] DEBUG Engine               - isMac: false
08:23:40.786 [FXGL Background Thread 3 ] DEBUG Engine               - isMainMenuEnabled: false
08:23:40.786 [FXGL Background Thread 3 ] DEBUG Engine               - isManualResizeEnabled: false
08:23:40.786 [FXGL Background Thread 3 ] DEBUG Engine               - isMobile: false
08:23:40.786 [FXGL Background Thread 3 ] DEBUG Engine               - isNative: false
08:23:40.786 [FXGL Background Thread 3 ] DEBUG Engine               - isPauseMusicWhenMinimized: true
08:23:40.786 [FXGL Background Thread 3 ] DEBUG Engine               - isPreserveResizeRatio: false
08:23:40.786 [FXGL Background Thread 3 ] DEBUG Engine               - isProfilingEnabled: false
08:23:40.786 [FXGL Background Thread 3 ] DEBUG Engine               - isScaleAffectedOnResize: true
08:23:40.786 [FXGL Background Thread 3 ] DEBUG Engine               - isSingleStep: false
08:23:40.786 [FXGL Background Thread 3 ] DEBUG Engine               - isUserProfileEnabled: false
08:23:40.786 [FXGL Background Thread 3 ] DEBUG Engine               - isWindows: true
08:23:40.787 [FXGL Background Thread 3 ] DEBUG Engine               - language: ObjectProperty [value: ENGLISH]
08:23:40.787 [FXGL Background Thread 3 ] DEBUG Engine               - menuKey: ESCAPE
08:23:40.787 [FXGL Background Thread 3 ] DEBUG Engine               - mouseSensitivity: 0.2
08:23:40.787 [FXGL Background Thread 3 ] DEBUG Engine               - notificationViewClass: class com.almasb.fxgl.notification.view.XboxNotificationView
08:23:40.787 [FXGL Background Thread 3 ] DEBUG Engine               - pixelsPerMeter: 50.0
08:23:40.787 [FXGL Background Thread 3 ] DEBUG Engine               - platform: WINDOWS
08:23:40.787 [FXGL Background Thread 3 ] DEBUG Engine               - prefHeightProperty: ReadOnlyDoubleProperty [value: 720.0]
08:23:40.787 [FXGL Background Thread 3 ] DEBUG Engine               - prefWidthProperty: ReadOnlyDoubleProperty [value: 1280.0]
08:23:40.787 [FXGL Background Thread 3 ] DEBUG Engine               - profileDir: profiles/
08:23:40.787 [FXGL Background Thread 3 ] DEBUG Engine               - profileName: StringProperty [value: DEFAULT]
08:23:40.787 [FXGL Background Thread 3 ] DEBUG Engine               - randomSeed: -1
08:23:40.788 [FXGL Background Thread 3 ] DEBUG Engine               - runtimeInfo: RuntimeInfo(platform=WINDOWS, version=21.1, build=27.03.2024 07.52)
08:23:40.788 [FXGL Background Thread 3 ] DEBUG Engine               - saveFileExt: sav
08:23:40.788 [FXGL Background Thread 3 ] DEBUG Engine               - scaledHeightProp$fxgl: DoubleProperty [bound, value: 864.0]
08:23:40.788 [FXGL Background Thread 3 ] DEBUG Engine               - scaledWidthProp$fxgl: DoubleProperty [bound, value: 1536.0]
08:23:40.788 [FXGL Background Thread 3 ] DEBUG Engine               - sceneFactory: com.almasb.fxgl.app.scene.SceneFactory@23270a98
08:23:40.788 [FXGL Background Thread 3 ] DEBUG Engine               - secondsIn24h: 60
08:23:40.788 [FXGL Background Thread 3 ] DEBUG Engine               - soundMenuBack: menu/back.wav
08:23:40.788 [FXGL Background Thread 3 ] DEBUG Engine               - soundMenuPress: menu/press.wav
08:23:40.788 [FXGL Background Thread 3 ] DEBUG Engine               - soundMenuSelect: menu/select.wav
08:23:40.788 [FXGL Background Thread 3 ] DEBUG Engine               - soundNotification: core/notification.wav
08:23:40.788 [FXGL Background Thread 3 ] DEBUG Engine               - stageStyle: DECORATED
08:23:40.788 [FXGL Background Thread 3 ] DEBUG Engine               - supportedLanguages: [ENGLISH, FRENCH, GERMAN, HUNGARIAN, RUSSIAN]
08:23:40.788 [FXGL Background Thread 3 ] DEBUG Engine               - ticksPerSecond: -1
08:23:40.788 [FXGL Background Thread 3 ] DEBUG Engine               - title: Final Journey
08:23:40.788 [FXGL Background Thread 3 ] DEBUG Engine               - urlGithub: https://github.com/AlmasB/FXGL
08:23:40.788 [FXGL Background Thread 3 ] DEBUG Engine               - urlLeaderboard: http://fxgl-top.herokuapp.com/
08:23:40.788 [FXGL Background Thread 3 ] DEBUG Engine               - urlPOM: https://raw.githubusercontent.com/AlmasB/FXGL/release/README.md
08:23:40.788 [FXGL Background Thread 3 ] DEBUG Engine               - userAppClass: class com.project.App
08:23:40.788 [FXGL Background Thread 3 ] DEBUG Engine               - version: Alpha
08:23:40.788 [FXGL Background Thread 3 ] DEBUG Engine               - versionCheckDays: 7
08:23:40.788 [FXGL Background Thread 3 ] DEBUG Engine               - width: 1280
08:23:40.788 [FXGL Background Thread 3 ] DEBUG Engine               - Logging services
08:23:40.788 [FXGL Background Thread 3 ] DEBUG Engine               - class com.almasb.fxgl.app.services.FXGLAssetLoaderService
08:23:40.788 [FXGL Background Thread 3 ] DEBUG Engine               - class com.almasb.fxgl.app.FXGLApplication$GameApplicationService
08:23:40.788 [FXGL Background Thread 3 ] DEBUG Engine               - class com.almasb.fxgl.app.services.FXGLDialogService
08:23:40.788 [FXGL Background Thread 3 ] DEBUG Engine               - class com.almasb.fxgl.app.services.IOTaskExecutorService
08:23:40.788 [FXGL Background Thread 3 ] DEBUG Engine               - class com.almasb.fxgl.io.FileSystemService
08:23:40.789 [FXGL Background Thread 3 ] DEBUG Engine               - class com.almasb.fxgl.localization.LocalizationService
08:23:40.789 [FXGL Background Thread 3 ] DEBUG Engine               - class com.almasb.fxgl.app.services.SystemBundleService
08:23:40.789 [FXGL Background Thread 3 ] DEBUG Engine               - class com.almasb.fxgl.profile.SaveLoadService
08:23:40.789 [FXGL Background Thread 3 ] DEBUG Engine               - class com.almasb.fxgl.ui.FXGLUIFactoryServiceProvider
08:23:40.789 [FXGL Background Thread 3 ] DEBUG Engine               - class com.almasb.fxgl.ui.FXGLDialogFactoryServiceProvider
08:23:40.789 [FXGL Background Thread 3 ] DEBUG Engine               - class com.almasb.fxgl.audio.AudioPlayer
08:23:40.789 [FXGL Background Thread 3 ] DEBUG Engine               - class com.almasb.fxgl.notification.impl.NotificationServiceProvider
08:23:40.789 [FXGL Background Thread 3 ] DEBUG Engine               - class com.almasb.fxgl.achievement.AchievementService
08:23:40.789 [FXGL Background Thread 3 ] DEBUG Engine               - class com.almasb.fxgl.cutscene.CutsceneService
08:23:40.789 [FXGL Background Thread 3 ] DEBUG Engine               - class com.almasb.fxgl.minigames.MiniGameService
08:23:40.789 [FXGL Background Thread 3 ] DEBUG Engine               - class com.almasb.fxgl.net.NetService
08:23:40.789 [FXGL Background Thread 3 ] DEBUG Engine               - class com.almasb.fxgl.app.services.UpdaterService
08:23:40.789 [FXGL Background Thread 3 ] DEBUG Engine               - class com.almasb.fxgl.dev.DevService
08:23:41.010 [JavaFX Application Thread] DEBUG FXGLAssetLoaderServi - Loading from file system: file:/C:/Users/Lenovo/ProjectJava3.0/myproject/myproject/target/classes/assets/text/CutScene1.txt
08:23:41.015 [JavaFX Application Thread] DEBUG Input                - Registered new binding: Next RPG Line - Enter
08:23:41.016 [JavaFX Application Thread] DEBUG PrimaryStageWindow   - Push state: CutsceneScene
08:23:41.016 [JavaFX Application Thread] DEBUG Input                - Clearing active input actions
08:23:41.017 [JavaFX Application Thread] DEBUG GameApplicationServi - Removing overlay from GameScene and adding to CutsceneScene
08:23:41.020 [JavaFX Application Thread] DEBUG PrimaryStageWindow   - GameScene -> CutsceneScene
08:23:43.903 [JavaFX Application Thread] DEBUG PrimaryStageWindow   - Pop state: CutsceneScene
08:23:43.904 [JavaFX Application Thread] DEBUG Input                - Clearing active input actions
08:23:43.904 [JavaFX Application Thread] DEBUG GameApplicationServi - Removing overlay from CutsceneScene and adding to GameScene
08:23:43.906 [JavaFX Application Thread] DEBUG PrimaryStageWindow   - GameScene <- CutsceneScene
08:23:43.906 [JavaFX Application Thread] DEBUG EventBus             - Firing event: com.GameEvent.CombatScene[source=javafx.event.Event$$Lambda/0x0000029763174720@6496eddb]
08:23:43.908 [JavaFX Application Thread] WARN  TMXLevelLoader       - TiledMap generated from 1.11.2. Supported version: 1.9.0. Some features may not be parsed fully.
08:23:43.912 [JavaFX Application Thread] DEBUG TMXLevelLoader       - Parsed TiledMap: file:/C:/Users/Lenovo/ProjectJava3.0/myproject/myproject/target/classes/assets/levels/battle1.tmx
08:23:43.912 [JavaFX Application Thread] DEBUG TMXLevelLoader       - Creating tile layer entities
08:23:43.913 [JavaFX Application Thread] DEBUG TilesetLoader        - Loading view for layer Tile Layer 1
08:23:43.914 [JavaFX Application Thread] DEBUG TilesetLoader        - Created buffer with size 2048.0x1024.0
08:23:44.007 [JavaFX Application Thread] DEBUG TMXLevelLoader       - Creating object layer entities
08:23:44.012 [JavaFX Application Thread] DEBUG FXGLAssetLoaderServi - Loading from file system: file:/C:/Users/Lenovo/ProjectJava3.0/myproject/myproject/target/classes/assets/textures/Boss%20Dryad%20Queen%20Rafflesia.png
08:23:44.036 [JavaFX Application Thread] DEBUG FXGLAssetLoaderServi - Loading from file system: file:/C:/Users/Lenovo/ProjectJava3.0/myproject/myproject/target/classes/assets/textures/Reid.png
08:23:44.183 [JavaFX Application Thread] DEBUG FXGLAssetLoaderServi - Loading from file system: file:/C:/Users/Lenovo/ProjectJava3.0/myproject/myproject/target/classes/assets/textures/marsha.png
08:23:44.337 [JavaFX Application Thread] DEBUG GameWorld            - Clearing removable entities
08:23:44.343 [JavaFX Application Thread] DEBUG GameWorld            - Setting level: com.almasb.fxgl.entity.level.Level@b85bd44
08:23:44.345 [JavaFX Application Thread] WARN  TMXLevelLoader       - TiledMap generated from 1.11.2. Supported version: 1.9.0. Some features may not be parsed fully.
08:23:44.350 [JavaFX Application Thread] DEBUG TMXLevelLoader       - Parsed TiledMap: file:/C:/Users/Lenovo/ProjectJava3.0/myproject/myproject/target/classes/assets/levels/battle1.tmx
08:23:44.350 [JavaFX Application Thread] DEBUG TMXLevelLoader       - Creating tile layer entities
08:23:44.351 [JavaFX Application Thread] DEBUG TilesetLoader        - Loading view for layer Tile Layer 1
08:23:44.351 [JavaFX Application Thread] DEBUG TilesetLoader        - Created buffer with size 2048.0x1024.0
08:23:44.442 [JavaFX Application Thread] DEBUG TMXLevelLoader       - Creating object layer entities
08:23:44.452 [JavaFX Application Thread] DEBUG LoopRunner           - Stopping loop
08:23:44.456 [JavaFX Application Thread] FATAL FXGLApplication      - Uncaught Exception:
java.lang.NullPointerException: Cannot invoke "javafx.scene.layout.VBox.getChildren()" because "this.enemyStatusBox" is null
	at com.UI.StatusUIEnemy.updateEnemyStatus(StatusUIEnemy.java:37)
	at com.UI.StatusUIEnemy.<init>(StatusUIEnemy.java:32)
	at com.GameEvent.SystemEvent.lambda$0(SystemEvent.java:75)
	at com.sun.javafx.event.CompositeEventHandler$NormalEventHandlerRecord.handleBubblingEvent(CompositeEventHandler.java:247)
	at com.sun.javafx.event.CompositeEventHandler.dispatchBubblingEvent(CompositeEventHandler.java:80)
	at com.sun.javafx.event.EventHandlerManager.dispatchBubblingEvent(EventHandlerManager.java:232)
	at com.sun.javafx.event.EventHandlerManager.dispatchBubblingEvent(EventHandlerManager.java:189)
	at com.sun.javafx.event.CompositeEventDispatcher.dispatchBubblingEvent(CompositeEventDispatcher.java:59)
	at com.sun.javafx.event.BasicEventDispatcher.dispatchEvent(BasicEventDispatcher.java:58)
	at com.sun.javafx.event.EventDispatchChainImpl.dispatchEvent(EventDispatchChainImpl.java:114)
	at com.sun.javafx.event.EventUtil.fireEventImpl(EventUtil.java:74)
	at com.sun.javafx.event.EventUtil.fireEvent(EventUtil.java:54)
	at javafx.event.Event.fireEvent(Event.java:198)
	at javafx.scene.Node.fireEvent(Node.java:8875)
	at com.almasb.fxgl.event.EventBus.fireEvent(EventBus.kt:66)
	at com.Component.CharecterHero.InteractComponent.lambda$0(InteractComponent.java:63)
	at com.almasb.fxgl.cutscene.CutsceneScene.endCutscene$lambda$1(CutsceneScene.kt:121)
	at com.almasb.fxgl.animation.Animation.onUpdate(Animation.kt:112)
	at com.almasb.fxgl.cutscene.CutsceneScene.onUpdate(CutsceneScene.kt:106)
	at com.almasb.fxgl.scene.Scene.update(Scene.kt:105)
	at com.almasb.fxgl.app.MainWindow$update$1.invoke(MainWindow.kt:121)
	at com.almasb.fxgl.app.MainWindow$update$1.invoke(MainWindow.kt:121)
	at com.almasb.fxgl.core.fsm.StateMachine.runOnActiveStates(StateMachine.kt:69)
	at com.almasb.fxgl.app.MainWindow.update(MainWindow.kt:121)
	at com.almasb.fxgl.app.FXGLApplication$GameApplicationService.onUpdate(FXGLApplication.kt:445)
	at com.almasb.fxgl.app.Engine.loop(Engine.kt:134)
	at com.almasb.fxgl.app.Engine.access$loop(Engine.kt:24)
	at com.almasb.fxgl.app.Engine$loop$1.invoke(Engine.kt:28)
	at com.almasb.fxgl.app.Engine$loop$1.invoke(Engine.kt:28)
	at com.almasb.fxgl.app.LoopRunner.frame(LoopRunner.kt:103)
	at com.almasb.fxgl.app.LoopRunner.access$frame(LoopRunner.kt:23)
	at com.almasb.fxgl.app.LoopRunner$impl$2$1.onTick(LoopRunner.kt:57)
	at com.almasb.fxgl.app.AnimationTimerLoop$timer$1.handle(LoopRunner.kt:137)
	at javafx.animation.AnimationTimer$AnimationTimerReceiver.lambda$handle$0(AnimationTimer.java:58)
	at java.base/java.security.AccessController.doPrivileged(AccessController.java:400)
	at javafx.animation.AnimationTimer$AnimationTimerReceiver.handle(AnimationTimer.java:57)
	at com.sun.scenario.animation.AbstractPrimaryTimer.timePulseImpl(AbstractPrimaryTimer.java:356)
	at com.sun.scenario.animation.AbstractPrimaryTimer$MainLoop.run(AbstractPrimaryTimer.java:266)
	at com.sun.javafx.tk.quantum.QuantumToolkit.pulse(QuantumToolkit.java:588)
	at com.sun.javafx.tk.quantum.QuantumToolkit.pulse(QuantumToolkit.java:572)
	at com.sun.javafx.tk.quantum.QuantumToolkit.pulseFromQueue(QuantumToolkit.java:565)
	at com.sun.javafx.tk.quantum.QuantumToolkit.lambda$runToolkit$11(QuantumToolkit.java:352)
	at com.sun.glass.ui.InvokeLaterDispatcher$Future.run(InvokeLaterDispatcher.java:95)
	at com.sun.glass.ui.win.WinApplication._runLoop(Native Method)
	at com.sun.glass.ui.win.WinApplication.lambda$runLoop$3(WinApplication.java:185)
	at java.base/java.lang.Thread.run(Thread.java:1583)

08:23:44.457 [JavaFX Application Thread] FATAL FXGLApplication      - Application will now exit
08:23:44.461 [JavaFX Application Thread] DEBUG PrimaryStageWindow   - Push state: ErrorSubScene
08:23:44.461 [JavaFX Application Thread] DEBUG Input                - Clearing active input actions
08:23:44.461 [JavaFX Application Thread] DEBUG GameApplicationServi - Removing overlay from GameScene and adding to ErrorSubScene
08:23:44.461 [JavaFX Application Thread] DEBUG PrimaryStageWindow   - GameScene -> ErrorSubScene
08:23:46.905 [JavaFX Application Thread] DEBUG FXGLApplication      - Exiting FXGL
08:23:46.906 [JavaFX Application Thread] DEBUG Async                - Shutting down background threads
08:23:46.906 [JavaFX Application Thread] DEBUG PrimaryStageWindow   - Closing main window
08:23:46.953 [JavaFX Application Thread] DEBUG Logger               - Closing Logger
