03:36:15.209 [main                     ] DEBUG Logger               - Configured Logger
03:36:15.228 [main                     ] DEBUG GameApplication      - Logging settings
Title: Final Journey
Version: Alpha
Width: 1280
Height: 720
Fullscreen: true
Intro: false
Profiling: false
Single step:false
App Mode: DEVELOPER
Menu Key: ESCAPE
Stage Style: DECORATED
Scene Factory: class com.almasb.fxgl.app.scene.SceneFactory

03:36:15.716 [JavaFX Application Thread] DEBUG FXGLApplication      - Initializing FXGL
03:36:15.719 [JavaFX Application Thread] INFO  Engine               - FXGL-21.1 (27.03.2024 07.52) on WINDOWS (J:21.0.5 FX:21.0.1)
03:36:15.720 [JavaFX Application Thread] DEBUG Engine               - JRE Vendor Name: Eclipse Adoptium
03:36:15.720 [JavaFX Application Thread] DEBUG Engine               - Running on OS: Windows 11 version 10.0
03:36:15.720 [JavaFX Application Thread] DEBUG Engine               - Architecture: amd64
03:36:15.720 [JavaFX Application Thread] INFO  Engine               - Source code and latest versions at: https://github.com/AlmasB/FXGL
03:36:15.721 [JavaFX Application Thread] INFO  Engine               -       Ask questions and discuss at: https://github.com/AlmasB/FXGL/discussions
03:36:15.721 [JavaFX Application Thread] INFO  Engine               -              Join the FXGL chat at: https://gitter.im/AlmasB/FXGL
03:36:15.823 [JavaFX Application Thread] DEBUG PrimaryStageWindow   - Creating a JavaFX scene
03:36:15.872 [JavaFX Application Thread] DEBUG PrimaryStageWindow   - Target settings size: 1280.0 x 720.0
03:36:15.873 [JavaFX Application Thread] DEBUG PrimaryStageWindow   - Scaled scene size:    1280.0 x 720.0
03:36:15.874 [JavaFX Application Thread] DEBUG PrimaryStageWindow   - Scaled ratio: (1.0, 1.0)
03:36:15.875 [JavaFX Application Thread] DEBUG PrimaryStageWindow   - Set initial scene to FXGLStartupScene
03:36:15.881 [JavaFX Application Thread] DEBUG PrimaryStageWindow   - Opening main window
03:36:16.028 [JavaFX Application Thread] DEBUG PrimaryStageWindow   - Window border size: (14.4000244140625, 37.5999755859375)
03:36:16.028 [JavaFX Application Thread] DEBUG PrimaryStageWindow   - Scaled size: 1280.0 x 720.0
03:36:16.028 [JavaFX Application Thread] DEBUG PrimaryStageWindow   - Scaled ratio: (1.0, 1.0)
03:36:16.029 [JavaFX Application Thread] DEBUG PrimaryStageWindow   - Scene size: 1280.0 x 720.0
03:36:16.029 [JavaFX Application Thread] DEBUG PrimaryStageWindow   - Stage size: 1294.4000244140625 x 757.5999755859375
03:36:16.134 [JavaFX Application Thread] DEBUG PrimaryStageWindow   - Going fullscreen
03:36:16.147 [FXGL Background Thread 1 ] DEBUG Engine               - Initializing environment variables
03:36:16.216 [FXGL Background Thread 1 ] DEBUG FXGLAssetLoaderServi - User app class for loading assets: class com.project.App
03:36:16.216 [FXGL Background Thread 1 ] DEBUG GameApplicationServi - Applying CSS: fxgl_dark.css
03:36:16.217 [FXGL Background Thread 1 ] DEBUG FXGLAssetLoaderServi - Loading from file system: jar:file:/C:/Users/Lenovo/.m2/repository/com/github/almasb/fxgl/21.1/fxgl-21.1.jar!/fxglassets/ui/css/fxgl_dark.css
03:36:16.269 [FXGL Background Thread 1 ] DEBUG GameApplicationServi - Initializing application scenes
03:36:16.334 [FXGL Background Thread 1 ] DEBUG GameWorld            - Game world initialized
03:36:16.398 [FXGL Background Thread 1 ] DEBUG PhysicsWorld         - Physics world initialized: appHeight=720, physics.ppm=50.0
03:36:16.398 [FXGL Background Thread 1 ] DEBUG PhysicsWorld         - Using strategy: BRUTE_FORCE
03:36:16.402 [FXGL Background Thread 1 ] DEBUG GameScene            - Game scene initialized: 1280x720
03:36:16.414 [FXGL Background Thread 1 ] DEBUG FXGL.DefaultMenu     - createMenuBodyGameMenu()
03:36:16.433 [FXGL Background Thread 1 ] DEBUG FXGL.DefaultMenu     - createOptionsMenu()
03:36:16.451 [FXGL Background Thread 1 ] DEBUG FXGLAssetLoaderServi - Loading from file system: jar:file:/C:/Users/Lenovo/.m2/repository/com/github/almasb/fxgl/21.1/fxgl-21.1.jar!/fxglassets/textures/particles/smoke.png
03:36:16.594 [FXGL Background Thread 1 ] DEBUG FXGLAssetLoaderServi - Loading from file system: jar:file:/C:/Users/Lenovo/.m2/repository/com/github/almasb/fxgl/21.1/fxgl-21.1.jar!/fxglassets/textures/particles/trace_horizontal.png
03:36:16.620 [FXGL Background Thread 1 ] DEBUG GameApplicationServi - Application scenes initialized
03:36:16.633 [FXGL Background Thread 1 ] DEBUG SystemBundleService  - Loading FXGL system data
03:36:16.638 [FXGL Background Thread 1 ] DEBUG FileSystemAccess     - Reading from: C:\Users\Lenovo\ProjectJava3.0\myproject\myproject\system\fxgl.bundle
03:36:16.647 [FXGL Background Thread 1 ] DEBUG SystemBundleService  - Bundle FXGL: {}
03:36:16.648 [FXGL Background Thread 1 ] DEBUG UpdaterService       - Checking for updates
03:36:16.678 [FXGL Background Thread 4 ] DEBUG FXGLApplication      - Loading fonts
03:36:16.679 [FXGL Background Thread 4 ] DEBUG FXGLAssetLoaderServi - Loading from file system: jar:file:/C:/Users/Lenovo/.m2/repository/com/github/almasb/fxgl/21.1/fxgl-21.1.jar!/fxglassets/ui/fonts/VarelaRound-Regular.ttf
03:36:16.679 [FXGL Background Thread 1 ] DEBUG FXGLApplication      - Loading default localization
03:36:16.680 [FXGL Background Thread 1 ] DEBUG FXGLAssetLoaderServi - Loading from file system: jar:file:/C:/Users/Lenovo/.m2/repository/com/github/almasb/fxgl/21.1/fxgl-21.1.jar!/fxglassets/languages/english.lang
03:36:16.713 [FXGL Background Thread 4 ] DEBUG FXGLAssetLoaderServi - Loading from file system: jar:file:/C:/Users/Lenovo/.m2/repository/com/github/almasb/fxgl/21.1/fxgl-21.1.jar!/fxglassets/ui/fonts/Abel-Regular.ttf
03:36:16.716 [FXGL Background Thread 4 ] DEBUG FXGLAssetLoaderServi - Loading from file system: jar:file:/C:/Users/Lenovo/.m2/repository/com/github/almasb/fxgl/21.1/fxgl-21.1.jar!/fxglassets/ui/fonts/TerminalLandMono-Regular.otf
03:36:16.720 [FXGL Background Thread 4 ] DEBUG FXGLAssetLoaderServi - Loading from file system: jar:file:/C:/Users/Lenovo/.m2/repository/com/github/almasb/fxgl/21.1/fxgl-21.1.jar!/fxglassets/ui/fonts/Courier-Prime.ttf
03:36:16.722 [FXGL Background Thread 1 ] INFO  FXGLApplication      - FXGL initialization took: 0.576 sec
03:36:16.730 [JavaFX Application Thread] DEBUG Input                - Registered new binding: Right - D
03:36:16.731 [JavaFX Application Thread] DEBUG Input                - Registered new binding: Left - A
03:36:16.731 [JavaFX Application Thread] DEBUG Input                - Registered new binding: Up - W
03:36:16.731 [JavaFX Application Thread] DEBUG Input                - Registered new binding: Down - S
03:36:16.732 [JavaFX Application Thread] DEBUG Input                - Registered new binding: Interact - E
03:36:16.732 [JavaFX Application Thread] DEBUG FXGLAssetLoaderServi - Loading from file system: jar:file:/C:/Users/Lenovo/.m2/repository/com/github/almasb/fxgl/21.1/fxgl-21.1.jar!/fxglassets/textures/fxgl_icon.png
03:36:16.755 [JavaFX Application Thread] DEBUG FXGLAssetLoaderServi - Loading from file system: jar:file:/C:/Users/Lenovo/.m2/repository/com/github/almasb/fxgl/21.1/fxgl-21.1.jar!/fxglassets/textures/fxgl_default_cursor.png
03:36:16.758 [JavaFX Application Thread] DEBUG Input                - Registered new binding: Screenshot - CTRL+8
03:36:16.759 [JavaFX Application Thread] DEBUG Input                - Registered new binding: Dev Options - 1
03:36:16.760 [JavaFX Application Thread] DEBUG Input                - Registered new binding: Dev Console - 2
03:36:16.761 [JavaFX Application Thread] DEBUG Input                - Registered new binding: System info dump - CTRL+9
03:36:16.762 [JavaFX Application Thread] DEBUG Input                - Registered new binding: Restart - CTRL+R
03:36:16.763 [JavaFX Application Thread] DEBUG Input                - Registered new binding: Toggle Debug Camera - CTRL+7
03:36:16.771 [JavaFX Application Thread] DEBUG LoopRunner           - Starting loop
03:36:16.798 [JavaFX Application Thread] DEBUG LoopRunner           - Initializing JavaFX AnimationTimerLoop
03:36:16.801 [JavaFX Application Thread] DEBUG GameApplicationServi - Starting new game
03:36:16.802 [JavaFX Application Thread] DEBUG Input                - Clearing active input actions
03:36:16.812 [JavaFX Application Thread] DEBUG GameApplicationServi - Removing overlay from FXGLStartupScene and adding to FXGLLoadingScene
03:36:16.816 [JavaFX Application Thread] DEBUG PrimaryStageWindow   - FXGLStartupScene -> FXGLLoadingScene
03:36:16.821 [JavaFX Application Thread] DEBUG GameApplicationServi - Clearing previous game
03:36:16.821 [JavaFX Application Thread] DEBUG GameScene            - Clearing game scene
03:36:16.821 [JavaFX Application Thread] DEBUG GameWorld            - Clearing game world
03:36:16.821 [JavaFX Application Thread] DEBUG PhysicsWorld         - Clearing physics world
03:36:16.823 [FXGL Background Thread 4 ] DEBUG FXGLApplication      - Initializing game
03:36:16.823 [JavaFX Application Thread] DEBUG FXGLApplication      - Registering font factories with UI factory
03:36:16.865 [FXGL Background Thread 4 ] WARN  TMXLevelLoader       - TiledMap generated from 1.11.2. Supported version: 1.9.0. Some features may not be parsed fully.
03:36:16.896 [FXGL Background Thread 4 ] DEBUG TMXLevelLoader       - Parsed TiledMap: file:/C:/Users/Lenovo/ProjectJava3.0/myproject/myproject/target/classes/assets/levels/scene1.tmx
03:36:16.898 [FXGL Background Thread 4 ] DEBUG TMXLevelLoader       - Creating tile layer entities
03:36:16.900 [FXGL Background Thread 4 ] DEBUG TilesetLoader        - Loading view for layer lowefloor
03:36:16.901 [FXGL Background Thread 4 ] DEBUG TilesetLoader        - Created buffer with size 512.0x1024.0
03:36:16.979 [FXGL Background Thread 4 ] DEBUG TilesetLoader        - Loading view for layer cliff
03:36:16.980 [FXGL Background Thread 4 ] DEBUG TilesetLoader        - Created buffer with size 512.0x1024.0
03:36:16.981 [FXGL Background Thread 4 ] DEBUG TilesetLoader        - Loading view for layer cliff1
03:36:16.982 [FXGL Background Thread 4 ] DEBUG TilesetLoader        - Created buffer with size 512.0x1024.0
03:36:16.984 [FXGL Background Thread 4 ] DEBUG TilesetLoader        - Loading view for layer cliff2
03:36:16.984 [FXGL Background Thread 4 ] DEBUG TilesetLoader        - Created buffer with size 512.0x1024.0
03:36:16.986 [FXGL Background Thread 4 ] DEBUG TilesetLoader        - Loading view for layer Tile Layer 3
03:36:16.986 [FXGL Background Thread 4 ] DEBUG TilesetLoader        - Created buffer with size 512.0x1024.0
03:36:16.987 [FXGL Background Thread 4 ] DEBUG TilesetLoader        - Loading view for layer Tile Layer 6
03:36:16.987 [FXGL Background Thread 4 ] DEBUG TilesetLoader        - Created buffer with size 512.0x1024.0
03:36:17.069 [FXGL Background Thread 4 ] DEBUG TilesetLoader        - Loading view for layer prop
03:36:17.070 [FXGL Background Thread 4 ] DEBUG TilesetLoader        - Created buffer with size 512.0x1024.0
03:36:17.071 [FXGL Background Thread 4 ] DEBUG TMXLevelLoader       - Creating object layer entities
03:36:17.112 [FXGL Background Thread 4 ] DEBUG FXGLAssetLoaderServi - Loading from file system: file:/C:/Users/Lenovo/ProjectJava3.0/myproject/myproject/target/classes/assets/textures/Actor1.png
03:36:17.137 [FXGL Background Thread 4 ] DEBUG FXGLAssetLoaderServi - Loading from file system: file:/C:/Users/Lenovo/ProjectJava3.0/myproject/myproject/target/classes/assets/textures/Rex.png
03:36:17.144 [FXGL Background Thread 4 ] WARN  TMXLevelLoader       - TiledMap generated from 1.11.2. Supported version: 1.9.0. Some features may not be parsed fully.
03:36:17.160 [FXGL Background Thread 4 ] DEBUG TMXLevelLoader       - Parsed TiledMap: file:/C:/Users/Lenovo/ProjectJava3.0/myproject/myproject/target/classes/assets/levels/scene1.tmx
03:36:17.160 [FXGL Background Thread 4 ] DEBUG TMXLevelLoader       - Creating tile layer entities
03:36:17.160 [FXGL Background Thread 4 ] DEBUG TilesetLoader        - Loading view for layer lowefloor
03:36:17.161 [FXGL Background Thread 4 ] DEBUG TilesetLoader        - Created buffer with size 512.0x1024.0
03:36:17.197 [FXGL Background Thread 4 ] DEBUG TilesetLoader        - Loading view for layer cliff
03:36:17.198 [FXGL Background Thread 4 ] DEBUG TilesetLoader        - Created buffer with size 512.0x1024.0
03:36:17.199 [FXGL Background Thread 4 ] DEBUG TilesetLoader        - Loading view for layer cliff1
03:36:17.199 [FXGL Background Thread 4 ] DEBUG TilesetLoader        - Created buffer with size 512.0x1024.0
03:36:17.200 [FXGL Background Thread 4 ] DEBUG TilesetLoader        - Loading view for layer cliff2
03:36:17.201 [FXGL Background Thread 4 ] DEBUG TilesetLoader        - Created buffer with size 512.0x1024.0
03:36:17.202 [FXGL Background Thread 4 ] DEBUG TilesetLoader        - Loading view for layer Tile Layer 3
03:36:17.202 [FXGL Background Thread 4 ] DEBUG TilesetLoader        - Created buffer with size 512.0x1024.0
03:36:17.203 [FXGL Background Thread 4 ] DEBUG TilesetLoader        - Loading view for layer Tile Layer 6
03:36:17.204 [FXGL Background Thread 4 ] DEBUG TilesetLoader        - Created buffer with size 512.0x1024.0
03:36:17.253 [FXGL Background Thread 4 ] DEBUG TilesetLoader        - Loading view for layer prop
03:36:17.253 [FXGL Background Thread 4 ] DEBUG TilesetLoader        - Created buffer with size 512.0x1024.0
03:36:17.254 [FXGL Background Thread 4 ] DEBUG TMXLevelLoader       - Creating object layer entities
03:36:17.266 [FXGL Background Thread 4 ] DEBUG GameWorld            - Clearing removable entities
03:36:17.267 [FXGL Background Thread 4 ] DEBUG GameWorld            - Setting level: com.almasb.fxgl.entity.level.Level@77cb5865
03:36:17.294 [FXGL Background Thread 4 ] INFO  FXGLApplication      - Game initialization took: 0.470 sec
03:36:17.296 [JavaFX Application Thread] DEBUG Input                - Clearing active input actions
03:36:17.304 [JavaFX Application Thread] DEBUG GameApplicationServi - Removing overlay from FXGLLoadingScene and adding to GameScene
03:36:17.308 [JavaFX Application Thread] DEBUG PrimaryStageWindow   - FXGLLoadingScene -> GameScene
03:36:19.678 [FXGL Background Thread 3 ] DEBUG Engine               - Logging environment variables
03:36:19.682 [FXGL Background Thread 3 ] DEBUG Engine               - achievements: []
03:36:19.682 [FXGL Background Thread 3 ] DEBUG Engine               - actualHeight: 864.0
03:36:19.683 [FXGL Background Thread 3 ] DEBUG Engine               - actualHeightProperty: ReadOnlyDoubleProperty [value: 864.0]
03:36:19.683 [FXGL Background Thread 3 ] DEBUG Engine               - actualWidth: 1536.0
03:36:19.683 [FXGL Background Thread 3 ] DEBUG Engine               - actualWidthProperty: ReadOnlyDoubleProperty [value: 1536.0]
03:36:19.684 [FXGL Background Thread 3 ] DEBUG Engine               - appIcon: fxgl_icon.png
03:36:19.684 [FXGL Background Thread 3 ] DEBUG Engine               - applicationMode: DEVELOPER
03:36:19.684 [FXGL Background Thread 3 ] DEBUG Engine               - cSSList: [fxgl_dark.css]
03:36:19.685 [FXGL Background Thread 3 ] DEBUG Engine               - collisionDetectionStrategy: BRUTE_FORCE
03:36:19.685 [FXGL Background Thread 3 ] DEBUG Engine               - configClass: Optional.empty
03:36:19.685 [FXGL Background Thread 3 ] DEBUG Engine               - credits: []
03:36:19.686 [FXGL Background Thread 3 ] DEBUG Engine               - defaultCursor: CursorInfo(imageName=fxgl_default_cursor.png, hotspotX=7.0, hotspotY=6.0)
03:36:19.687 [FXGL Background Thread 3 ] DEBUG Engine               - devBBoxColorProperty: ObjectProperty [value: 0xff0000ff]
03:36:19.687 [FXGL Background Thread 3 ] DEBUG Engine               - devEnableDebugCameraProperty: BooleanProperty [value: false]
03:36:19.687 [FXGL Background Thread 3 ] DEBUG Engine               - devSensorColorProperty: ObjectProperty [value: 0xffff00ff]
03:36:19.687 [FXGL Background Thread 3 ] DEBUG Engine               - devShowBBoxProperty: BooleanProperty [value: false]
03:36:19.687 [FXGL Background Thread 3 ] DEBUG Engine               - devShowPositionProperty: BooleanProperty [value: false]
03:36:19.687 [FXGL Background Thread 3 ] DEBUG Engine               - enabledMenuItems: []
03:36:19.688 [FXGL Background Thread 3 ] DEBUG Engine               - engineServices: [class com.almasb.fxgl.app.services.FXGLAssetLoaderService, class com.almasb.fxgl.app.FXGLApplication$GameApplicationService, class com.almasb.fxgl.app.services.FXGLDialogService, class com.almasb.fxgl.app.services.IOTaskExecutorService, class com.almasb.fxgl.io.FileSystemService, class com.almasb.fxgl.localization.LocalizationService, class com.almasb.fxgl.app.services.SystemBundleService, class com.almasb.fxgl.profile.SaveLoadService, class com.almasb.fxgl.ui.FXGLUIFactoryServiceProvider, class com.almasb.fxgl.ui.FXGLDialogFactoryServiceProvider, class com.almasb.fxgl.audio.AudioPlayer, class com.almasb.fxgl.notification.impl.NotificationServiceProvider, class com.almasb.fxgl.achievement.AchievementService, class com.almasb.fxgl.cutscene.CutsceneService, class com.almasb.fxgl.minigames.MiniGameService, class com.almasb.fxgl.net.NetService, class com.almasb.fxgl.app.services.UpdaterService, class com.almasb.fxgl.dev.DevService]
03:36:19.688 [FXGL Background Thread 3 ] DEBUG Engine               - fontGame: Abel-Regular.ttf
03:36:19.688 [FXGL Background Thread 3 ] DEBUG Engine               - fontMono: TerminalLandMono-Regular.otf
03:36:19.688 [FXGL Background Thread 3 ] DEBUG Engine               - fontSizeScaleUI: 1.0
03:36:19.688 [FXGL Background Thread 3 ] DEBUG Engine               - fontText: Courier-Prime.ttf
03:36:19.688 [FXGL Background Thread 3 ] DEBUG Engine               - fontUI: VarelaRound-Regular.ttf
03:36:19.688 [FXGL Background Thread 3 ] DEBUG Engine               - fullScreen: BooleanProperty [value: true]
03:36:19.688 [FXGL Background Thread 3 ] DEBUG Engine               - gameDifficulty: MEDIUM
03:36:19.688 [FXGL Background Thread 3 ] DEBUG Engine               - gameDifficultyProperty: ObjectProperty [value: MEDIUM]
03:36:19.688 [FXGL Background Thread 3 ] DEBUG Engine               - globalMusicVolume: 0.5
03:36:19.688 [FXGL Background Thread 3 ] DEBUG Engine               - globalMusicVolumeProperty: DoubleProperty [value: 0.5]
03:36:19.688 [FXGL Background Thread 3 ] DEBUG Engine               - globalSoundVolume: 0.5
03:36:19.688 [FXGL Background Thread 3 ] DEBUG Engine               - globalSoundVolumeProperty: DoubleProperty [value: 0.5]
03:36:19.688 [FXGL Background Thread 3 ] DEBUG Engine               - height: 720
03:36:19.688 [FXGL Background Thread 3 ] DEBUG Engine               - is3D: false
03:36:19.688 [FXGL Background Thread 3 ] DEBUG Engine               - isAndroid: false
03:36:19.688 [FXGL Background Thread 3 ] DEBUG Engine               - isBrowser: false
03:36:19.688 [FXGL Background Thread 3 ] DEBUG Engine               - isClickFeedbackEnabled: false
03:36:19.688 [FXGL Background Thread 3 ] DEBUG Engine               - isCloseConfirmation: false
03:36:19.689 [FXGL Background Thread 3 ] DEBUG Engine               - isDesktop: true
03:36:19.689 [FXGL Background Thread 3 ] DEBUG Engine               - isDeveloperMenuEnabled: true
03:36:19.689 [FXGL Background Thread 3 ] DEBUG Engine               - isEmbedded: false
03:36:19.689 [FXGL Background Thread 3 ] DEBUG Engine               - isEntityPreloadEnabled: true
03:36:19.689 [FXGL Background Thread 3 ] DEBUG Engine               - isExperimentalTiledLargeMap: false
03:36:19.689 [FXGL Background Thread 3 ] DEBUG Engine               - isFileSystemWriteAllowed: true
03:36:19.689 [FXGL Background Thread 3 ] DEBUG Engine               - isFullScreenAllowed: true
03:36:19.689 [FXGL Background Thread 3 ] DEBUG Engine               - isFullScreenFromStart: true
03:36:19.689 [FXGL Background Thread 3 ] DEBUG Engine               - isGameMenuEnabled: true
03:36:19.689 [FXGL Background Thread 3 ] DEBUG Engine               - isIOS: false
03:36:19.689 [FXGL Background Thread 3 ] DEBUG Engine               - isIntroEnabled: false
03:36:19.689 [FXGL Background Thread 3 ] DEBUG Engine               - isLinux: false
03:36:19.689 [FXGL Background Thread 3 ] DEBUG Engine               - isMac: false
03:36:19.689 [FXGL Background Thread 3 ] DEBUG Engine               - isMainMenuEnabled: false
03:36:19.689 [FXGL Background Thread 3 ] DEBUG Engine               - isManualResizeEnabled: false
03:36:19.689 [FXGL Background Thread 3 ] DEBUG Engine               - isMobile: false
03:36:19.690 [FXGL Background Thread 3 ] DEBUG Engine               - isNative: false
03:36:19.690 [FXGL Background Thread 3 ] DEBUG Engine               - isPauseMusicWhenMinimized: true
03:36:19.690 [FXGL Background Thread 3 ] DEBUG Engine               - isPreserveResizeRatio: false
03:36:19.691 [FXGL Background Thread 3 ] DEBUG Engine               - isProfilingEnabled: false
03:36:19.691 [FXGL Background Thread 3 ] DEBUG Engine               - isScaleAffectedOnResize: true
03:36:19.691 [FXGL Background Thread 3 ] DEBUG Engine               - isSingleStep: false
03:36:19.692 [FXGL Background Thread 3 ] DEBUG Engine               - isUserProfileEnabled: false
03:36:19.692 [FXGL Background Thread 3 ] DEBUG Engine               - isWindows: true
03:36:19.693 [FXGL Background Thread 3 ] DEBUG Engine               - language: ObjectProperty [value: ENGLISH]
03:36:19.693 [FXGL Background Thread 3 ] DEBUG Engine               - menuKey: ESCAPE
03:36:19.693 [FXGL Background Thread 3 ] DEBUG Engine               - mouseSensitivity: 0.2
03:36:19.693 [FXGL Background Thread 3 ] DEBUG Engine               - notificationViewClass: class com.almasb.fxgl.notification.view.XboxNotificationView
03:36:19.693 [FXGL Background Thread 3 ] DEBUG Engine               - pixelsPerMeter: 50.0
03:36:19.693 [FXGL Background Thread 3 ] DEBUG Engine               - platform: WINDOWS
03:36:19.693 [FXGL Background Thread 3 ] DEBUG Engine               - prefHeightProperty: ReadOnlyDoubleProperty [value: 720.0]
03:36:19.694 [FXGL Background Thread 3 ] DEBUG Engine               - prefWidthProperty: ReadOnlyDoubleProperty [value: 1280.0]
03:36:19.694 [FXGL Background Thread 3 ] DEBUG Engine               - profileDir: profiles/
03:36:19.694 [FXGL Background Thread 3 ] DEBUG Engine               - profileName: StringProperty [value: DEFAULT]
03:36:19.694 [FXGL Background Thread 3 ] DEBUG Engine               - randomSeed: -1
03:36:19.695 [FXGL Background Thread 3 ] DEBUG Engine               - runtimeInfo: RuntimeInfo(platform=WINDOWS, version=21.1, build=27.03.2024 07.52)
03:36:19.696 [FXGL Background Thread 3 ] DEBUG Engine               - saveFileExt: sav
03:36:19.696 [FXGL Background Thread 3 ] DEBUG Engine               - scaledHeightProp$fxgl: DoubleProperty [bound, value: 864.0]
03:36:19.696 [FXGL Background Thread 3 ] DEBUG Engine               - scaledWidthProp$fxgl: DoubleProperty [bound, value: 1536.0]
03:36:19.696 [FXGL Background Thread 3 ] DEBUG Engine               - sceneFactory: com.almasb.fxgl.app.scene.SceneFactory@2d2aa136
03:36:19.696 [FXGL Background Thread 3 ] DEBUG Engine               - secondsIn24h: 60
03:36:19.696 [FXGL Background Thread 3 ] DEBUG Engine               - soundMenuBack: menu/back.wav
03:36:19.696 [FXGL Background Thread 3 ] DEBUG Engine               - soundMenuPress: menu/press.wav
03:36:19.697 [FXGL Background Thread 3 ] DEBUG Engine               - soundMenuSelect: menu/select.wav
03:36:19.697 [FXGL Background Thread 3 ] DEBUG Engine               - soundNotification: core/notification.wav
03:36:19.697 [FXGL Background Thread 3 ] DEBUG Engine               - stageStyle: DECORATED
03:36:19.697 [FXGL Background Thread 3 ] DEBUG Engine               - supportedLanguages: [ENGLISH, FRENCH, GERMAN, HUNGARIAN, RUSSIAN]
03:36:19.698 [FXGL Background Thread 3 ] DEBUG Engine               - ticksPerSecond: -1
03:36:19.699 [FXGL Background Thread 3 ] DEBUG Engine               - title: Final Journey
03:36:19.699 [FXGL Background Thread 3 ] DEBUG Engine               - urlGithub: https://github.com/AlmasB/FXGL
03:36:19.699 [FXGL Background Thread 3 ] DEBUG Engine               - urlLeaderboard: http://fxgl-top.herokuapp.com/
03:36:19.700 [FXGL Background Thread 3 ] DEBUG Engine               - urlPOM: https://raw.githubusercontent.com/AlmasB/FXGL/release/README.md
03:36:19.700 [FXGL Background Thread 3 ] DEBUG Engine               - userAppClass: class com.project.App
03:36:19.700 [FXGL Background Thread 3 ] DEBUG Engine               - version: Alpha
03:36:19.701 [FXGL Background Thread 3 ] DEBUG Engine               - versionCheckDays: 7
03:36:19.701 [FXGL Background Thread 3 ] DEBUG Engine               - width: 1280
03:36:19.702 [FXGL Background Thread 3 ] DEBUG Engine               - Logging services
03:36:19.702 [FXGL Background Thread 3 ] DEBUG Engine               - class com.almasb.fxgl.app.services.FXGLAssetLoaderService
03:36:19.702 [FXGL Background Thread 3 ] DEBUG Engine               - class com.almasb.fxgl.app.FXGLApplication$GameApplicationService
03:36:19.702 [FXGL Background Thread 3 ] DEBUG Engine               - class com.almasb.fxgl.app.services.FXGLDialogService
03:36:19.703 [FXGL Background Thread 3 ] DEBUG Engine               - class com.almasb.fxgl.app.services.IOTaskExecutorService
03:36:19.703 [FXGL Background Thread 3 ] DEBUG Engine               - class com.almasb.fxgl.io.FileSystemService
03:36:19.703 [FXGL Background Thread 3 ] DEBUG Engine               - class com.almasb.fxgl.localization.LocalizationService
03:36:19.703 [FXGL Background Thread 3 ] DEBUG Engine               - class com.almasb.fxgl.app.services.SystemBundleService
03:36:19.704 [FXGL Background Thread 3 ] DEBUG Engine               - class com.almasb.fxgl.profile.SaveLoadService
03:36:19.704 [FXGL Background Thread 3 ] DEBUG Engine               - class com.almasb.fxgl.ui.FXGLUIFactoryServiceProvider
03:36:19.704 [FXGL Background Thread 3 ] DEBUG Engine               - class com.almasb.fxgl.ui.FXGLDialogFactoryServiceProvider
03:36:19.705 [FXGL Background Thread 3 ] DEBUG Engine               - class com.almasb.fxgl.audio.AudioPlayer
03:36:19.705 [FXGL Background Thread 3 ] DEBUG Engine               - class com.almasb.fxgl.notification.impl.NotificationServiceProvider
03:36:19.705 [FXGL Background Thread 3 ] DEBUG Engine               - class com.almasb.fxgl.achievement.AchievementService
03:36:19.705 [FXGL Background Thread 3 ] DEBUG Engine               - class com.almasb.fxgl.cutscene.CutsceneService
03:36:19.705 [FXGL Background Thread 3 ] DEBUG Engine               - class com.almasb.fxgl.minigames.MiniGameService
03:36:19.705 [FXGL Background Thread 3 ] DEBUG Engine               - class com.almasb.fxgl.net.NetService
03:36:19.705 [FXGL Background Thread 3 ] DEBUG Engine               - class com.almasb.fxgl.app.services.UpdaterService
03:36:19.706 [FXGL Background Thread 3 ] DEBUG Engine               - class com.almasb.fxgl.dev.DevService
03:36:19.993 [JavaFX Application Thread] DEBUG FXGLAssetLoaderServi - Loading from file system: file:/C:/Users/Lenovo/ProjectJava3.0/myproject/myproject/target/classes/assets/text/filetext.txt
03:36:19.996 [JavaFX Application Thread] DEBUG EventBus             - Firing event: com.GameEvent.CombatScene[source=javafx.event.Event$$Lambda/0x0000023d83172db8@547ba2fc]
03:36:20.003 [JavaFX Application Thread] WARN  TMXLevelLoader       - TiledMap generated from 1.11.2. Supported version: 1.9.0. Some features may not be parsed fully.
03:36:20.015 [JavaFX Application Thread] DEBUG TMXLevelLoader       - Parsed TiledMap: file:/C:/Users/Lenovo/ProjectJava3.0/myproject/myproject/target/classes/assets/levels/battle1.tmx
03:36:20.015 [JavaFX Application Thread] DEBUG TMXLevelLoader       - Creating tile layer entities
03:36:20.018 [JavaFX Application Thread] DEBUG TilesetLoader        - Loading view for layer Tile Layer 1
03:36:20.024 [JavaFX Application Thread] DEBUG TilesetLoader        - Created buffer with size 2048.0x1024.0
03:36:20.149 [JavaFX Application Thread] DEBUG TMXLevelLoader       - Creating object layer entities
03:36:20.152 [JavaFX Application Thread] DEBUG FXGLAssetLoaderServi - Loading from file system: file:/C:/Users/Lenovo/ProjectJava3.0/myproject/myproject/target/classes/assets/textures/Rex.png
03:36:20.166 [JavaFX Application Thread] DEBUG FXGLAssetLoaderServi - Loading from file system: file:/C:/Users/Lenovo/ProjectJava3.0/myproject/myproject/target/classes/assets/textures/Reid.png
03:36:20.229 [JavaFX Application Thread] DEBUG FXGLAssetLoaderServi - Loading from file system: file:/C:/Users/Lenovo/ProjectJava3.0/myproject/myproject/target/classes/assets/textures/marsha.png
03:36:20.280 [JavaFX Application Thread] DEBUG GameWorld            - Clearing removable entities
03:36:20.286 [JavaFX Application Thread] DEBUG GameWorld            - Setting level: com.almasb.fxgl.entity.level.Level@439b5805
03:36:20.289 [JavaFX Application Thread] WARN  TMXLevelLoader       - TiledMap generated from 1.11.2. Supported version: 1.9.0. Some features may not be parsed fully.
03:36:20.293 [JavaFX Application Thread] DEBUG TMXLevelLoader       - Parsed TiledMap: file:/C:/Users/Lenovo/ProjectJava3.0/myproject/myproject/target/classes/assets/levels/battle1.tmx
03:36:20.293 [JavaFX Application Thread] DEBUG TMXLevelLoader       - Creating tile layer entities
03:36:20.293 [JavaFX Application Thread] DEBUG TilesetLoader        - Loading view for layer Tile Layer 1
03:36:20.297 [JavaFX Application Thread] DEBUG TilesetLoader        - Created buffer with size 2048.0x1024.0
03:36:20.398 [JavaFX Application Thread] DEBUG TMXLevelLoader       - Creating object layer entities
03:38:09.618 [JavaFX Application Thread] DEBUG FXGLApplication      - Exiting FXGL
03:38:09.618 [JavaFX Application Thread] DEBUG LoopRunner           - Stopping loop
03:38:09.618 [JavaFX Application Thread] DEBUG SystemBundleService  - Saving FXGL system data
03:38:09.622 [JavaFX Application Thread] DEBUG FileSystemAccess     - Writing to: C:\Users\Lenovo\ProjectJava3.0\myproject\myproject\system\fxgl.bundle
03:38:09.626 [JavaFX Application Thread] DEBUG Async                - Shutting down background threads
03:38:09.626 [JavaFX Application Thread] DEBUG PrimaryStageWindow   - Closing main window
03:38:09.689 [JavaFX Application Thread] DEBUG Logger               - Closing Logger
