23:48:28.114 [main                     ] DEBUG Logger               - Configured Logger
23:48:28.131 [main                     ] DEBUG GameApplication      - Logging settings
Title: Final Journey
Version: Alpha
Width: 1280
Height: 720
Fullscreen: true
Intro: false
Profiling: false
Single step:false
App Mode: DEVELOPER
Menu Key: ESCAPE
Stage Style: DECORATED
Scene Factory: class com.almasb.fxgl.app.scene.SceneFactory

23:48:28.594 [JavaFX Application Thread] DEBUG FXGLApplication      - Initializing FXGL
23:48:28.600 [JavaFX Application Thread] INFO  Engine               - FXGL-21.1 (27.03.2024 07.52) on WINDOWS (J:21.0.5 FX:21.0.1)
23:48:28.601 [JavaFX Application Thread] DEBUG Engine               - JRE Vendor Name: Eclipse Adoptium
23:48:28.601 [JavaFX Application Thread] DEBUG Engine               - Running on OS: Windows 11 version 10.0
23:48:28.601 [JavaFX Application Thread] DEBUG Engine               - Architecture: amd64
23:48:28.601 [JavaFX Application Thread] INFO  Engine               - Source code and latest versions at: https://github.com/AlmasB/FXGL
23:48:28.601 [JavaFX Application Thread] INFO  Engine               -       Ask questions and discuss at: https://github.com/AlmasB/FXGL/discussions
23:48:28.602 [JavaFX Application Thread] INFO  Engine               -              Join the FXGL chat at: https://gitter.im/AlmasB/FXGL
23:48:28.707 [JavaFX Application Thread] DEBUG PrimaryStageWindow   - Creating a JavaFX scene
23:48:28.762 [JavaFX Application Thread] DEBUG PrimaryStageWindow   - Target settings size: 1280.0 x 720.0
23:48:28.763 [JavaFX Application Thread] DEBUG PrimaryStageWindow   - Scaled scene size:    1280.0 x 720.0
23:48:28.763 [JavaFX Application Thread] DEBUG PrimaryStageWindow   - Scaled ratio: (1.0, 1.0)
23:48:28.765 [JavaFX Application Thread] DEBUG PrimaryStageWindow   - Set initial scene to FXGLStartupScene
23:48:28.768 [JavaFX Application Thread] DEBUG PrimaryStageWindow   - Opening main window
23:48:28.918 [JavaFX Application Thread] DEBUG PrimaryStageWindow   - Window border size: (14.4000244140625, 37.5999755859375)
23:48:28.918 [JavaFX Application Thread] DEBUG PrimaryStageWindow   - Scaled size: 1280.0 x 720.0
23:48:28.918 [JavaFX Application Thread] DEBUG PrimaryStageWindow   - Scaled ratio: (1.0, 1.0)
23:48:28.918 [JavaFX Application Thread] DEBUG PrimaryStageWindow   - Scene size: 1280.0 x 720.0
23:48:28.918 [JavaFX Application Thread] DEBUG PrimaryStageWindow   - Stage size: 1294.4000244140625 x 757.5999755859375
23:48:29.044 [JavaFX Application Thread] DEBUG PrimaryStageWindow   - Going fullscreen
23:48:29.053 [FXGL Background Thread 1 ] DEBUG Engine               - Initializing environment variables
23:48:29.105 [FXGL Background Thread 1 ] DEBUG FXGLAssetLoaderServi - User app class for loading assets: class com.project.App
23:48:29.105 [FXGL Background Thread 1 ] DEBUG GameApplicationServi - Applying CSS: fxgl_dark.css
23:48:29.106 [FXGL Background Thread 1 ] DEBUG FXGLAssetLoaderServi - Loading from file system: jar:file:/C:/Users/Lenovo/.m2/repository/com/github/almasb/fxgl/21.1/fxgl-21.1.jar!/fxglassets/ui/css/fxgl_dark.css
23:48:29.151 [FXGL Background Thread 1 ] DEBUG GameApplicationServi - Initializing application scenes
23:48:29.193 [FXGL Background Thread 1 ] DEBUG GameWorld            - Game world initialized
23:48:29.254 [FXGL Background Thread 1 ] DEBUG PhysicsWorld         - Physics world initialized: appHeight=720, physics.ppm=50.0
23:48:29.254 [FXGL Background Thread 1 ] DEBUG PhysicsWorld         - Using strategy: BRUTE_FORCE
23:48:29.258 [FXGL Background Thread 1 ] DEBUG GameScene            - Game scene initialized: 1280x720
23:48:29.273 [FXGL Background Thread 1 ] DEBUG FXGL.DefaultMenu     - createMenuBodyGameMenu()
23:48:29.286 [FXGL Background Thread 1 ] DEBUG FXGL.DefaultMenu     - createOptionsMenu()
23:48:29.294 [FXGL Background Thread 1 ] DEBUG FXGLAssetLoaderServi - Loading from file system: jar:file:/C:/Users/Lenovo/.m2/repository/com/github/almasb/fxgl/21.1/fxgl-21.1.jar!/fxglassets/textures/particles/smoke.png
23:48:29.383 [FXGL Background Thread 1 ] DEBUG FXGLAssetLoaderServi - Loading from file system: jar:file:/C:/Users/Lenovo/.m2/repository/com/github/almasb/fxgl/21.1/fxgl-21.1.jar!/fxglassets/textures/particles/trace_horizontal.png
23:48:29.403 [FXGL Background Thread 1 ] DEBUG GameApplicationServi - Application scenes initialized
23:48:29.417 [FXGL Background Thread 1 ] DEBUG SystemBundleService  - Loading FXGL system data
23:48:29.422 [FXGL Background Thread 1 ] DEBUG FileSystemAccess     - Reading from: C:\Users\Lenovo\ProjectJava3.0\myproject\myproject\system\fxgl.bundle
23:48:29.431 [FXGL Background Thread 1 ] DEBUG SystemBundleService  - Bundle FXGL: {}
23:48:29.431 [FXGL Background Thread 1 ] DEBUG UpdaterService       - Checking for updates
23:48:29.461 [FXGL Background Thread 4 ] DEBUG FXGLApplication      - Loading fonts
23:48:29.461 [FXGL Background Thread 4 ] DEBUG FXGLAssetLoaderServi - Loading from file system: jar:file:/C:/Users/Lenovo/.m2/repository/com/github/almasb/fxgl/21.1/fxgl-21.1.jar!/fxglassets/ui/fonts/VarelaRound-Regular.ttf
23:48:29.462 [FXGL Background Thread 1 ] DEBUG FXGLApplication      - Loading default localization
23:48:29.462 [FXGL Background Thread 1 ] DEBUG FXGLAssetLoaderServi - Loading from file system: jar:file:/C:/Users/Lenovo/.m2/repository/com/github/almasb/fxgl/21.1/fxgl-21.1.jar!/fxglassets/languages/english.lang
23:48:29.497 [FXGL Background Thread 4 ] DEBUG FXGLAssetLoaderServi - Loading from file system: jar:file:/C:/Users/Lenovo/.m2/repository/com/github/almasb/fxgl/21.1/fxgl-21.1.jar!/fxglassets/ui/fonts/Abel-Regular.ttf
23:48:29.501 [FXGL Background Thread 1 ] INFO  FXGLApplication      - FXGL initialization took: 0.447 sec
23:48:29.501 [FXGL Background Thread 4 ] DEBUG FXGLAssetLoaderServi - Loading from file system: jar:file:/C:/Users/Lenovo/.m2/repository/com/github/almasb/fxgl/21.1/fxgl-21.1.jar!/fxglassets/ui/fonts/TerminalLandMono-Regular.otf
23:48:29.504 [FXGL Background Thread 4 ] DEBUG FXGLAssetLoaderServi - Loading from file system: jar:file:/C:/Users/Lenovo/.m2/repository/com/github/almasb/fxgl/21.1/fxgl-21.1.jar!/fxglassets/ui/fonts/Courier-Prime.ttf
23:48:29.512 [JavaFX Application Thread] DEBUG Input                - Registered new binding: Right - D
23:48:29.512 [JavaFX Application Thread] DEBUG Input                - Registered new binding: Left - A
23:48:29.512 [JavaFX Application Thread] DEBUG Input                - Registered new binding: Up - W
23:48:29.512 [JavaFX Application Thread] DEBUG Input                - Registered new binding: Down - S
23:48:29.513 [JavaFX Application Thread] DEBUG Input                - Registered new binding: Interact - E
23:48:29.513 [JavaFX Application Thread] DEBUG FXGLAssetLoaderServi - Loading from file system: jar:file:/C:/Users/Lenovo/.m2/repository/com/github/almasb/fxgl/21.1/fxgl-21.1.jar!/fxglassets/textures/fxgl_icon.png
23:48:29.532 [JavaFX Application Thread] DEBUG FXGLAssetLoaderServi - Loading from file system: jar:file:/C:/Users/Lenovo/.m2/repository/com/github/almasb/fxgl/21.1/fxgl-21.1.jar!/fxglassets/textures/fxgl_default_cursor.png
23:48:29.535 [JavaFX Application Thread] DEBUG Input                - Registered new binding: Screenshot - CTRL+8
23:48:29.536 [JavaFX Application Thread] DEBUG Input                - Registered new binding: Dev Options - 1
23:48:29.536 [JavaFX Application Thread] DEBUG Input                - Registered new binding: Dev Console - 2
23:48:29.537 [JavaFX Application Thread] DEBUG Input                - Registered new binding: System info dump - CTRL+9
23:48:29.538 [JavaFX Application Thread] DEBUG Input                - Registered new binding: Restart - CTRL+R
23:48:29.539 [JavaFX Application Thread] DEBUG Input                - Registered new binding: Toggle Debug Camera - CTRL+7
23:48:29.544 [JavaFX Application Thread] DEBUG LoopRunner           - Starting loop
23:48:29.571 [JavaFX Application Thread] DEBUG LoopRunner           - Initializing JavaFX AnimationTimerLoop
23:48:29.574 [JavaFX Application Thread] DEBUG GameApplicationServi - Starting new game
23:48:29.574 [JavaFX Application Thread] DEBUG Input                - Clearing active input actions
23:48:29.583 [JavaFX Application Thread] DEBUG GameApplicationServi - Removing overlay from FXGLStartupScene and adding to FXGLLoadingScene
23:48:29.588 [JavaFX Application Thread] DEBUG PrimaryStageWindow   - FXGLStartupScene -> FXGLLoadingScene
23:48:29.589 [JavaFX Application Thread] DEBUG GameApplicationServi - Clearing previous game
23:48:29.589 [JavaFX Application Thread] DEBUG GameScene            - Clearing game scene
23:48:29.589 [JavaFX Application Thread] DEBUG GameWorld            - Clearing game world
23:48:29.589 [JavaFX Application Thread] DEBUG PhysicsWorld         - Clearing physics world
23:48:29.591 [FXGL Background Thread 4 ] DEBUG FXGLApplication      - Initializing game
23:48:29.591 [JavaFX Application Thread] DEBUG FXGLApplication      - Registering font factories with UI factory
23:48:29.653 [FXGL Background Thread 4 ] WARN  TMXLevelLoader       - TiledMap generated from 1.11.2. Supported version: 1.9.0. Some features may not be parsed fully.
23:48:29.677 [FXGL Background Thread 4 ] DEBUG TMXLevelLoader       - Parsed TiledMap: file:/C:/Users/Lenovo/ProjectJava3.0/myproject/myproject/target/classes/assets/levels/scene1.tmx
23:48:29.678 [FXGL Background Thread 4 ] DEBUG TMXLevelLoader       - Creating tile layer entities
23:48:29.682 [FXGL Background Thread 4 ] DEBUG TilesetLoader        - Loading view for layer lowefloor
23:48:29.683 [FXGL Background Thread 4 ] DEBUG TilesetLoader        - Created buffer with size 512.0x1024.0
23:48:29.755 [FXGL Background Thread 4 ] DEBUG TilesetLoader        - Loading view for layer cliff
23:48:29.755 [FXGL Background Thread 4 ] DEBUG TilesetLoader        - Created buffer with size 512.0x1024.0
23:48:29.757 [FXGL Background Thread 4 ] DEBUG TilesetLoader        - Loading view for layer cliff1
23:48:29.759 [FXGL Background Thread 4 ] DEBUG TilesetLoader        - Created buffer with size 512.0x1024.0
23:48:29.760 [FXGL Background Thread 4 ] DEBUG TilesetLoader        - Loading view for layer cliff2
23:48:29.760 [FXGL Background Thread 4 ] DEBUG TilesetLoader        - Created buffer with size 512.0x1024.0
23:48:29.762 [FXGL Background Thread 4 ] DEBUG TilesetLoader        - Loading view for layer Tile Layer 3
23:48:29.762 [FXGL Background Thread 4 ] DEBUG TilesetLoader        - Created buffer with size 512.0x1024.0
23:48:29.763 [FXGL Background Thread 4 ] DEBUG TilesetLoader        - Loading view for layer Tile Layer 6
23:48:29.763 [FXGL Background Thread 4 ] DEBUG TilesetLoader        - Created buffer with size 512.0x1024.0
23:48:29.827 [FXGL Background Thread 4 ] DEBUG TilesetLoader        - Loading view for layer prop
23:48:29.828 [FXGL Background Thread 4 ] DEBUG TilesetLoader        - Created buffer with size 512.0x1024.0
23:48:29.829 [FXGL Background Thread 4 ] DEBUG TMXLevelLoader       - Creating object layer entities
23:48:29.872 [FXGL Background Thread 4 ] DEBUG FXGLAssetLoaderServi - Loading from file system: file:/C:/Users/Lenovo/ProjectJava3.0/myproject/myproject/target/classes/assets/textures/Rafflesia.png
23:48:29.895 [FXGL Background Thread 4 ] WARN  TMXLevelLoader       - TiledMap generated from 1.11.2. Supported version: 1.9.0. Some features may not be parsed fully.
23:48:29.912 [FXGL Background Thread 4 ] DEBUG TMXLevelLoader       - Parsed TiledMap: file:/C:/Users/Lenovo/ProjectJava3.0/myproject/myproject/target/classes/assets/levels/scene1.tmx
23:48:29.912 [FXGL Background Thread 4 ] DEBUG TMXLevelLoader       - Creating tile layer entities
23:48:29.913 [FXGL Background Thread 4 ] DEBUG TilesetLoader        - Loading view for layer lowefloor
23:48:29.914 [FXGL Background Thread 4 ] DEBUG TilesetLoader        - Created buffer with size 512.0x1024.0
23:48:29.945 [FXGL Background Thread 4 ] DEBUG TilesetLoader        - Loading view for layer cliff
23:48:29.947 [FXGL Background Thread 4 ] DEBUG TilesetLoader        - Created buffer with size 512.0x1024.0
23:48:29.948 [FXGL Background Thread 4 ] DEBUG TilesetLoader        - Loading view for layer cliff1
23:48:29.949 [FXGL Background Thread 4 ] DEBUG TilesetLoader        - Created buffer with size 512.0x1024.0
23:48:29.950 [FXGL Background Thread 4 ] DEBUG TilesetLoader        - Loading view for layer cliff2
23:48:29.951 [FXGL Background Thread 4 ] DEBUG TilesetLoader        - Created buffer with size 512.0x1024.0
23:48:29.953 [FXGL Background Thread 4 ] DEBUG TilesetLoader        - Loading view for layer Tile Layer 3
23:48:29.954 [FXGL Background Thread 4 ] DEBUG TilesetLoader        - Created buffer with size 512.0x1024.0
23:48:29.955 [FXGL Background Thread 4 ] DEBUG TilesetLoader        - Loading view for layer Tile Layer 6
23:48:29.956 [FXGL Background Thread 4 ] DEBUG TilesetLoader        - Created buffer with size 512.0x1024.0
23:48:30.015 [FXGL Background Thread 4 ] DEBUG TilesetLoader        - Loading view for layer prop
23:48:30.016 [FXGL Background Thread 4 ] DEBUG TilesetLoader        - Created buffer with size 512.0x1024.0
23:48:30.017 [FXGL Background Thread 4 ] DEBUG TMXLevelLoader       - Creating object layer entities
23:48:30.028 [FXGL Background Thread 4 ] DEBUG GameWorld            - Clearing removable entities
23:48:30.029 [FXGL Background Thread 4 ] DEBUG GameWorld            - Setting level: com.almasb.fxgl.entity.level.Level@1af786bd
23:48:30.047 [FXGL Background Thread 4 ] DEBUG FXGLAssetLoaderServi - Loading from file system: file:/C:/Users/Lenovo/ProjectJava3.0/myproject/myproject/target/classes/assets/textures/Actor1.png
23:48:30.054 [FXGL Background Thread 4 ] INFO  FXGLApplication      - Game initialization took: 0.463 sec
23:48:30.056 [JavaFX Application Thread] DEBUG Input                - Clearing active input actions
23:48:30.066 [JavaFX Application Thread] DEBUG GameApplicationServi - Removing overlay from FXGLLoadingScene and adding to GameScene
23:48:30.072 [JavaFX Application Thread] DEBUG PrimaryStageWindow   - FXGLLoadingScene -> GameScene
23:48:32.327 [JavaFX Application Thread] DEBUG EventBus             - Firing event: com.GameEvent.NextScene[source=javafx.event.Event$$Lambda/0x000001c096173e08@3539e7c7]
23:48:32.329 [JavaFX Application Thread] WARN  TMXLevelLoader       - TiledMap generated from 1.11.2. Supported version: 1.9.0. Some features may not be parsed fully.
23:48:32.336 [JavaFX Application Thread] DEBUG TMXLevelLoader       - Parsed TiledMap: file:/C:/Users/Lenovo/ProjectJava3.0/myproject/myproject/target/classes/assets/levels/scene2.tmx
23:48:32.337 [JavaFX Application Thread] DEBUG TMXLevelLoader       - Creating tile layer entities
23:48:32.337 [JavaFX Application Thread] DEBUG TilesetLoader        - Loading view for layer Tile Layer 1
23:48:32.340 [JavaFX Application Thread] DEBUG TilesetLoader        - Created buffer with size 1024.0x1024.0
23:48:32.412 [JavaFX Application Thread] DEBUG TMXLevelLoader       - Creating object layer entities
23:48:32.420 [JavaFX Application Thread] DEBUG FXGLAssetLoaderServi - Loading from file system: file:/C:/Users/Lenovo/ProjectJava3.0/myproject/myproject/target/classes/assets/textures/CultistAni.png
23:48:32.425 [JavaFX Application Thread] DEBUG GameWorld            - Clearing removable entities
23:48:32.433 [JavaFX Application Thread] DEBUG GameWorld            - Setting level: com.almasb.fxgl.entity.level.Level@2f76f33e
23:48:32.439 [JavaFX Application Thread] WARN  TMXLevelLoader       - TiledMap generated from 1.11.2. Supported version: 1.9.0. Some features may not be parsed fully.
23:48:32.444 [JavaFX Application Thread] DEBUG TMXLevelLoader       - Parsed TiledMap: file:/C:/Users/Lenovo/ProjectJava3.0/myproject/myproject/target/classes/assets/levels/scene2.tmx
23:48:32.444 [JavaFX Application Thread] DEBUG TMXLevelLoader       - Creating tile layer entities
23:48:32.444 [JavaFX Application Thread] DEBUG TilesetLoader        - Loading view for layer Tile Layer 1
23:48:32.445 [JavaFX Application Thread] DEBUG TilesetLoader        - Created buffer with size 1024.0x1024.0
23:48:32.460 [FXGL Background Thread 3 ] DEBUG Engine               - Logging environment variables
23:48:32.461 [FXGL Background Thread 3 ] DEBUG Engine               - achievements: []
23:48:32.461 [FXGL Background Thread 3 ] DEBUG Engine               - actualHeight: 864.0
23:48:32.461 [FXGL Background Thread 3 ] DEBUG Engine               - actualHeightProperty: ReadOnlyDoubleProperty [value: 864.0]
23:48:32.461 [FXGL Background Thread 3 ] DEBUG Engine               - actualWidth: 1536.0
23:48:32.461 [FXGL Background Thread 3 ] DEBUG Engine               - actualWidthProperty: ReadOnlyDoubleProperty [value: 1536.0]
23:48:32.461 [FXGL Background Thread 3 ] DEBUG Engine               - appIcon: fxgl_icon.png
23:48:32.461 [FXGL Background Thread 3 ] DEBUG Engine               - applicationMode: DEVELOPER
23:48:32.461 [FXGL Background Thread 3 ] DEBUG Engine               - cSSList: [fxgl_dark.css]
23:48:32.461 [FXGL Background Thread 3 ] DEBUG Engine               - collisionDetectionStrategy: BRUTE_FORCE
23:48:32.461 [FXGL Background Thread 3 ] DEBUG Engine               - configClass: Optional.empty
23:48:32.461 [FXGL Background Thread 3 ] DEBUG Engine               - credits: []
23:48:32.462 [FXGL Background Thread 3 ] DEBUG Engine               - defaultCursor: CursorInfo(imageName=fxgl_default_cursor.png, hotspotX=7.0, hotspotY=6.0)
23:48:32.462 [FXGL Background Thread 3 ] DEBUG Engine               - devBBoxColorProperty: ObjectProperty [value: 0xff0000ff]
23:48:32.462 [FXGL Background Thread 3 ] DEBUG Engine               - devEnableDebugCameraProperty: BooleanProperty [value: false]
23:48:32.462 [FXGL Background Thread 3 ] DEBUG Engine               - devSensorColorProperty: ObjectProperty [value: 0xffff00ff]
23:48:32.462 [FXGL Background Thread 3 ] DEBUG Engine               - devShowBBoxProperty: BooleanProperty [value: false]
23:48:32.463 [FXGL Background Thread 3 ] DEBUG Engine               - devShowPositionProperty: BooleanProperty [value: false]
23:48:32.463 [FXGL Background Thread 3 ] DEBUG Engine               - enabledMenuItems: []
23:48:32.463 [FXGL Background Thread 3 ] DEBUG Engine               - engineServices: [class com.almasb.fxgl.app.services.FXGLAssetLoaderService, class com.almasb.fxgl.app.FXGLApplication$GameApplicationService, class com.almasb.fxgl.app.services.FXGLDialogService, class com.almasb.fxgl.app.services.IOTaskExecutorService, class com.almasb.fxgl.io.FileSystemService, class com.almasb.fxgl.localization.LocalizationService, class com.almasb.fxgl.app.services.SystemBundleService, class com.almasb.fxgl.profile.SaveLoadService, class com.almasb.fxgl.ui.FXGLUIFactoryServiceProvider, class com.almasb.fxgl.ui.FXGLDialogFactoryServiceProvider, class com.almasb.fxgl.audio.AudioPlayer, class com.almasb.fxgl.notification.impl.NotificationServiceProvider, class com.almasb.fxgl.achievement.AchievementService, class com.almasb.fxgl.cutscene.CutsceneService, class com.almasb.fxgl.minigames.MiniGameService, class com.almasb.fxgl.net.NetService, class com.almasb.fxgl.app.services.UpdaterService, class com.almasb.fxgl.dev.DevService]
23:48:32.463 [FXGL Background Thread 3 ] DEBUG Engine               - fontGame: Abel-Regular.ttf
23:48:32.463 [FXGL Background Thread 3 ] DEBUG Engine               - fontMono: TerminalLandMono-Regular.otf
23:48:32.463 [FXGL Background Thread 3 ] DEBUG Engine               - fontSizeScaleUI: 1.0
23:48:32.463 [FXGL Background Thread 3 ] DEBUG Engine               - fontText: Courier-Prime.ttf
23:48:32.463 [FXGL Background Thread 3 ] DEBUG Engine               - fontUI: VarelaRound-Regular.ttf
23:48:32.463 [FXGL Background Thread 3 ] DEBUG Engine               - fullScreen: BooleanProperty [value: true]
23:48:32.463 [FXGL Background Thread 3 ] DEBUG Engine               - gameDifficulty: MEDIUM
23:48:32.463 [FXGL Background Thread 3 ] DEBUG Engine               - gameDifficultyProperty: ObjectProperty [value: MEDIUM]
23:48:32.463 [FXGL Background Thread 3 ] DEBUG Engine               - globalMusicVolume: 0.5
23:48:32.463 [FXGL Background Thread 3 ] DEBUG Engine               - globalMusicVolumeProperty: DoubleProperty [value: 0.5]
23:48:32.463 [FXGL Background Thread 3 ] DEBUG Engine               - globalSoundVolume: 0.5
23:48:32.463 [FXGL Background Thread 3 ] DEBUG Engine               - globalSoundVolumeProperty: DoubleProperty [value: 0.5]
23:48:32.464 [FXGL Background Thread 3 ] DEBUG Engine               - height: 720
23:48:32.464 [FXGL Background Thread 3 ] DEBUG Engine               - is3D: false
23:48:32.464 [FXGL Background Thread 3 ] DEBUG Engine               - isAndroid: false
23:48:32.464 [FXGL Background Thread 3 ] DEBUG Engine               - isBrowser: false
23:48:32.464 [FXGL Background Thread 3 ] DEBUG Engine               - isClickFeedbackEnabled: false
23:48:32.464 [FXGL Background Thread 3 ] DEBUG Engine               - isCloseConfirmation: false
23:48:32.464 [FXGL Background Thread 3 ] DEBUG Engine               - isDesktop: true
23:48:32.464 [FXGL Background Thread 3 ] DEBUG Engine               - isDeveloperMenuEnabled: true
23:48:32.464 [FXGL Background Thread 3 ] DEBUG Engine               - isEmbedded: false
23:48:32.464 [FXGL Background Thread 3 ] DEBUG Engine               - isEntityPreloadEnabled: true
23:48:32.464 [FXGL Background Thread 3 ] DEBUG Engine               - isExperimentalTiledLargeMap: false
23:48:32.464 [FXGL Background Thread 3 ] DEBUG Engine               - isFileSystemWriteAllowed: true
23:48:32.464 [FXGL Background Thread 3 ] DEBUG Engine               - isFullScreenAllowed: true
23:48:32.464 [FXGL Background Thread 3 ] DEBUG Engine               - isFullScreenFromStart: true
23:48:32.464 [FXGL Background Thread 3 ] DEBUG Engine               - isGameMenuEnabled: true
23:48:32.464 [FXGL Background Thread 3 ] DEBUG Engine               - isIOS: false
23:48:32.464 [FXGL Background Thread 3 ] DEBUG Engine               - isIntroEnabled: false
23:48:32.464 [FXGL Background Thread 3 ] DEBUG Engine               - isLinux: false
23:48:32.464 [FXGL Background Thread 3 ] DEBUG Engine               - isMac: false
23:48:32.464 [FXGL Background Thread 3 ] DEBUG Engine               - isMainMenuEnabled: false
23:48:32.464 [FXGL Background Thread 3 ] DEBUG Engine               - isManualResizeEnabled: false
23:48:32.464 [FXGL Background Thread 3 ] DEBUG Engine               - isMobile: false
23:48:32.464 [FXGL Background Thread 3 ] DEBUG Engine               - isNative: false
23:48:32.464 [FXGL Background Thread 3 ] DEBUG Engine               - isPauseMusicWhenMinimized: true
23:48:32.464 [FXGL Background Thread 3 ] DEBUG Engine               - isPreserveResizeRatio: false
23:48:32.464 [FXGL Background Thread 3 ] DEBUG Engine               - isProfilingEnabled: false
23:48:32.464 [FXGL Background Thread 3 ] DEBUG Engine               - isScaleAffectedOnResize: true
23:48:32.464 [FXGL Background Thread 3 ] DEBUG Engine               - isSingleStep: false
23:48:32.465 [FXGL Background Thread 3 ] DEBUG Engine               - isUserProfileEnabled: false
23:48:32.465 [FXGL Background Thread 3 ] DEBUG Engine               - isWindows: true
23:48:32.465 [FXGL Background Thread 3 ] DEBUG Engine               - language: ObjectProperty [value: ENGLISH]
23:48:32.465 [FXGL Background Thread 3 ] DEBUG Engine               - menuKey: ESCAPE
23:48:32.465 [FXGL Background Thread 3 ] DEBUG Engine               - mouseSensitivity: 0.2
23:48:32.465 [FXGL Background Thread 3 ] DEBUG Engine               - notificationViewClass: class com.almasb.fxgl.notification.view.XboxNotificationView
23:48:32.465 [FXGL Background Thread 3 ] DEBUG Engine               - pixelsPerMeter: 50.0
23:48:32.465 [FXGL Background Thread 3 ] DEBUG Engine               - platform: WINDOWS
23:48:32.465 [FXGL Background Thread 3 ] DEBUG Engine               - prefHeightProperty: ReadOnlyDoubleProperty [value: 720.0]
23:48:32.465 [FXGL Background Thread 3 ] DEBUG Engine               - prefWidthProperty: ReadOnlyDoubleProperty [value: 1280.0]
23:48:32.465 [FXGL Background Thread 3 ] DEBUG Engine               - profileDir: profiles/
23:48:32.465 [FXGL Background Thread 3 ] DEBUG Engine               - profileName: StringProperty [value: DEFAULT]
23:48:32.465 [FXGL Background Thread 3 ] DEBUG Engine               - randomSeed: -1
23:48:32.465 [FXGL Background Thread 3 ] DEBUG Engine               - runtimeInfo: RuntimeInfo(platform=WINDOWS, version=21.1, build=27.03.2024 07.52)
23:48:32.465 [FXGL Background Thread 3 ] DEBUG Engine               - saveFileExt: sav
23:48:32.465 [FXGL Background Thread 3 ] DEBUG Engine               - scaledHeightProp$fxgl: DoubleProperty [bound, value: 864.0]
23:48:32.466 [FXGL Background Thread 3 ] DEBUG Engine               - scaledWidthProp$fxgl: DoubleProperty [bound, value: 1536.0]
23:48:32.466 [FXGL Background Thread 3 ] DEBUG Engine               - sceneFactory: com.almasb.fxgl.app.scene.SceneFactory@7f9009a8
23:48:32.466 [FXGL Background Thread 3 ] DEBUG Engine               - secondsIn24h: 60
23:48:32.466 [FXGL Background Thread 3 ] DEBUG Engine               - soundMenuBack: menu/back.wav
23:48:32.466 [FXGL Background Thread 3 ] DEBUG Engine               - soundMenuPress: menu/press.wav
23:48:32.466 [FXGL Background Thread 3 ] DEBUG Engine               - soundMenuSelect: menu/select.wav
23:48:32.466 [FXGL Background Thread 3 ] DEBUG Engine               - soundNotification: core/notification.wav
23:48:32.466 [FXGL Background Thread 3 ] DEBUG Engine               - stageStyle: DECORATED
23:48:32.466 [FXGL Background Thread 3 ] DEBUG Engine               - supportedLanguages: [ENGLISH, FRENCH, GERMAN, HUNGARIAN, RUSSIAN]
23:48:32.466 [FXGL Background Thread 3 ] DEBUG Engine               - ticksPerSecond: -1
23:48:32.466 [FXGL Background Thread 3 ] DEBUG Engine               - title: Final Journey
23:48:32.466 [FXGL Background Thread 3 ] DEBUG Engine               - urlGithub: https://github.com/AlmasB/FXGL
23:48:32.466 [FXGL Background Thread 3 ] DEBUG Engine               - urlLeaderboard: http://fxgl-top.herokuapp.com/
23:48:32.466 [FXGL Background Thread 3 ] DEBUG Engine               - urlPOM: https://raw.githubusercontent.com/AlmasB/FXGL/release/README.md
23:48:32.466 [FXGL Background Thread 3 ] DEBUG Engine               - userAppClass: class com.project.App
23:48:32.466 [FXGL Background Thread 3 ] DEBUG Engine               - version: Alpha
23:48:32.466 [FXGL Background Thread 3 ] DEBUG Engine               - versionCheckDays: 7
23:48:32.466 [FXGL Background Thread 3 ] DEBUG Engine               - width: 1280
23:48:32.466 [FXGL Background Thread 3 ] DEBUG Engine               - Logging services
23:48:32.466 [FXGL Background Thread 3 ] DEBUG Engine               - class com.almasb.fxgl.app.services.FXGLAssetLoaderService
23:48:32.466 [FXGL Background Thread 3 ] DEBUG Engine               - class com.almasb.fxgl.app.FXGLApplication$GameApplicationService
23:48:32.466 [FXGL Background Thread 3 ] DEBUG Engine               - class com.almasb.fxgl.app.services.FXGLDialogService
23:48:32.466 [FXGL Background Thread 3 ] DEBUG Engine               - class com.almasb.fxgl.app.services.IOTaskExecutorService
23:48:32.466 [FXGL Background Thread 3 ] DEBUG Engine               - class com.almasb.fxgl.io.FileSystemService
23:48:32.466 [FXGL Background Thread 3 ] DEBUG Engine               - class com.almasb.fxgl.localization.LocalizationService
23:48:32.466 [FXGL Background Thread 3 ] DEBUG Engine               - class com.almasb.fxgl.app.services.SystemBundleService
23:48:32.466 [FXGL Background Thread 3 ] DEBUG Engine               - class com.almasb.fxgl.profile.SaveLoadService
23:48:32.466 [FXGL Background Thread 3 ] DEBUG Engine               - class com.almasb.fxgl.ui.FXGLUIFactoryServiceProvider
23:48:32.466 [FXGL Background Thread 3 ] DEBUG Engine               - class com.almasb.fxgl.ui.FXGLDialogFactoryServiceProvider
23:48:32.466 [FXGL Background Thread 3 ] DEBUG Engine               - class com.almasb.fxgl.audio.AudioPlayer
23:48:32.466 [FXGL Background Thread 3 ] DEBUG Engine               - class com.almasb.fxgl.notification.impl.NotificationServiceProvider
23:48:32.466 [FXGL Background Thread 3 ] DEBUG Engine               - class com.almasb.fxgl.achievement.AchievementService
23:48:32.466 [FXGL Background Thread 3 ] DEBUG Engine               - class com.almasb.fxgl.cutscene.CutsceneService
23:48:32.466 [FXGL Background Thread 3 ] DEBUG Engine               - class com.almasb.fxgl.minigames.MiniGameService
23:48:32.466 [FXGL Background Thread 3 ] DEBUG Engine               - class com.almasb.fxgl.net.NetService
23:48:32.466 [FXGL Background Thread 3 ] DEBUG Engine               - class com.almasb.fxgl.app.services.UpdaterService
23:48:32.466 [FXGL Background Thread 3 ] DEBUG Engine               - class com.almasb.fxgl.dev.DevService
23:48:32.514 [JavaFX Application Thread] DEBUG TMXLevelLoader       - Creating object layer entities
23:48:33.080 [JavaFX Application Thread] DEBUG EventBus             - Firing event: com.GameEvent.NextScene[source=javafx.event.Event$$Lambda/0x000001c096173e08@3539e7c7]
23:48:33.083 [JavaFX Application Thread] WARN  TMXLevelLoader       - TiledMap generated from 1.11.2. Supported version: 1.9.0. Some features may not be parsed fully.
23:48:33.092 [JavaFX Application Thread] DEBUG TMXLevelLoader       - Parsed TiledMap: file:/C:/Users/Lenovo/ProjectJava3.0/myproject/myproject/target/classes/assets/levels/scene3.tmx
23:48:33.092 [JavaFX Application Thread] DEBUG TMXLevelLoader       - Creating tile layer entities
23:48:33.093 [JavaFX Application Thread] DEBUG TilesetLoader        - Loading view for layer Tile Layer 1
23:48:33.101 [JavaFX Application Thread] DEBUG TilesetLoader        - Created buffer with size 2048.0x1024.0
23:48:33.212 [JavaFX Application Thread] DEBUG TMXLevelLoader       - Creating object layer entities
23:48:33.216 [JavaFX Application Thread] DEBUG FXGLAssetLoaderServi - Loading from file system: file:/C:/Users/Lenovo/ProjectJava3.0/myproject/myproject/target/classes/assets/textures/DuessaAni.png
23:48:33.218 [JavaFX Application Thread] DEBUG GameWorld            - Clearing removable entities
23:48:33.220 [JavaFX Application Thread] DEBUG GameWorld            - Setting level: com.almasb.fxgl.entity.level.Level@5261833f
23:48:33.223 [JavaFX Application Thread] WARN  TMXLevelLoader       - TiledMap generated from 1.11.2. Supported version: 1.9.0. Some features may not be parsed fully.
23:48:33.226 [JavaFX Application Thread] DEBUG TMXLevelLoader       - Parsed TiledMap: file:/C:/Users/Lenovo/ProjectJava3.0/myproject/myproject/target/classes/assets/levels/scene3.tmx
23:48:33.226 [JavaFX Application Thread] DEBUG TMXLevelLoader       - Creating tile layer entities
23:48:33.226 [JavaFX Application Thread] DEBUG TilesetLoader        - Loading view for layer Tile Layer 1
23:48:33.227 [JavaFX Application Thread] DEBUG TilesetLoader        - Created buffer with size 2048.0x1024.0
23:48:33.325 [JavaFX Application Thread] DEBUG TMXLevelLoader       - Creating object layer entities
23:48:34.925 [JavaFX Application Thread] DEBUG FXGLAssetLoaderServi - Loading from file system: file:/C:/Users/Lenovo/ProjectJava3.0/myproject/myproject/target/classes/assets/text/filetext.txt
23:48:34.927 [JavaFX Application Thread] DEBUG EventBus             - Firing event: com.GameEvent.CombatScene[source=javafx.event.Event$$Lambda/0x000001c096173e08@3539e7c7]
23:48:34.936 [JavaFX Application Thread] WARN  TMXLevelLoader       - TiledMap generated from 1.11.2. Supported version: 1.9.0. Some features may not be parsed fully.
23:48:34.938 [JavaFX Application Thread] DEBUG TMXLevelLoader       - Parsed TiledMap: file:/C:/Users/Lenovo/ProjectJava3.0/myproject/myproject/target/classes/assets/levels/battle3.tmx
23:48:34.939 [JavaFX Application Thread] DEBUG TMXLevelLoader       - Creating tile layer entities
23:48:34.939 [JavaFX Application Thread] DEBUG TilesetLoader        - Loading view for layer Tile Layer 1
23:48:34.940 [JavaFX Application Thread] DEBUG TilesetLoader        - Created buffer with size 2048.0x1024.0
23:48:35.307 [JavaFX Application Thread] DEBUG TMXLevelLoader       - Creating object layer entities
23:48:35.309 [JavaFX Application Thread] DEBUG FXGLAssetLoaderServi - Loading from file system: file:/C:/Users/Lenovo/ProjectJava3.0/myproject/myproject/target/classes/assets/textures/marsha.png
23:48:35.456 [JavaFX Application Thread] DEBUG FXGLAssetLoaderServi - Loading from file system: file:/C:/Users/Lenovo/ProjectJava3.0/myproject/myproject/target/classes/assets/textures/Reid.png
23:48:35.603 [JavaFX Application Thread] DEBUG FXGLAssetLoaderServi - Loading from file system: file:/C:/Users/Lenovo/ProjectJava3.0/myproject/myproject/target/classes/assets/textures/King%20Archial.png
23:48:35.617 [JavaFX Application Thread] DEBUG FXGLAssetLoaderServi - Loading from file system: file:/C:/Users/Lenovo/ProjectJava3.0/myproject/myproject/target/classes/assets/textures/Knight%20Michael.png
23:48:35.630 [JavaFX Application Thread] DEBUG FXGLAssetLoaderServi - Loading from file system: file:/C:/Users/Lenovo/ProjectJava3.0/myproject/myproject/target/classes/assets/textures/Emprss%20Duessa.png
23:48:35.642 [JavaFX Application Thread] DEBUG GameWorld            - Clearing removable entities
23:48:35.644 [JavaFX Application Thread] DEBUG GameWorld            - Setting level: com.almasb.fxgl.entity.level.Level@6aaf15f0
23:48:35.648 [JavaFX Application Thread] WARN  TMXLevelLoader       - TiledMap generated from 1.11.2. Supported version: 1.9.0. Some features may not be parsed fully.
23:48:35.650 [JavaFX Application Thread] DEBUG TMXLevelLoader       - Parsed TiledMap: file:/C:/Users/Lenovo/ProjectJava3.0/myproject/myproject/target/classes/assets/levels/scene3.tmx
23:48:35.650 [JavaFX Application Thread] DEBUG TMXLevelLoader       - Creating tile layer entities
23:48:35.650 [JavaFX Application Thread] DEBUG TilesetLoader        - Loading view for layer Tile Layer 1
23:48:35.651 [JavaFX Application Thread] DEBUG TilesetLoader        - Created buffer with size 2048.0x1024.0
23:48:35.736 [JavaFX Application Thread] DEBUG TMXLevelLoader       - Creating object layer entities
23:48:43.397 [JavaFX Application Thread] DEBUG FXGLApplication      - Exiting FXGL
23:48:43.397 [JavaFX Application Thread] DEBUG LoopRunner           - Stopping loop
23:48:43.397 [JavaFX Application Thread] DEBUG SystemBundleService  - Saving FXGL system data
23:48:43.398 [JavaFX Application Thread] DEBUG FileSystemAccess     - Writing to: C:\Users\Lenovo\ProjectJava3.0\myproject\myproject\system\fxgl.bundle
23:48:43.400 [JavaFX Application Thread] DEBUG Async                - Shutting down background threads
23:48:43.400 [JavaFX Application Thread] DEBUG PrimaryStageWindow   - Closing main window
23:48:43.446 [JavaFX Application Thread] DEBUG Logger               - Closing Logger
