03:37:10.377 [main                     ] DEBUG Logger               - Configured Logger
03:37:10.397 [main                     ] DEBUG GameApplication      - Logging settings
Title: Final Journey
Version: Alpha
Width: 1280
Height: 720
Fullscreen: true
Intro: false
Profiling: false
Single step:false
App Mode: DEVELOPER
Menu Key: ESCAPE
Stage Style: DECORATED
Scene Factory: class com.almasb.fxgl.app.scene.SceneFactory

03:37:10.783 [JavaFX Application Thread] DEBUG FXGLApplication      - Initializing FXGL
03:37:10.785 [JavaFX Application Thread] INFO  Engine               - FXGL-21.1 (27.03.2024 07.52) on WINDOWS (J:21.0.6 FX:21.0.1)
03:37:10.786 [JavaFX Application Thread] DEBUG Engine               - JRE Vendor Name: Eclipse Adoptium
03:37:10.786 [JavaFX Application Thread] DEBUG Engine               - Running on OS: Windows 11 version 10.0
03:37:10.786 [JavaFX Application Thread] DEBUG Engine               - Architecture: amd64
03:37:10.786 [JavaFX Application Thread] INFO  Engine               - Source code and latest versions at: https://github.com/AlmasB/FXGL
03:37:10.786 [JavaFX Application Thread] INFO  Engine               -       Ask questions and discuss at: https://github.com/AlmasB/FXGL/discussions
03:37:10.786 [JavaFX Application Thread] INFO  Engine               -              Join the FXGL chat at: https://gitter.im/AlmasB/FXGL
03:37:10.870 [JavaFX Application Thread] DEBUG PrimaryStageWindow   - Creating a JavaFX scene
03:37:10.911 [JavaFX Application Thread] DEBUG PrimaryStageWindow   - Target settings size: 1280.0 x 720.0
03:37:10.911 [JavaFX Application Thread] DEBUG PrimaryStageWindow   - Scaled scene size:    1280.0 x 720.0
03:37:10.911 [JavaFX Application Thread] DEBUG PrimaryStageWindow   - Scaled ratio: (1.0, 1.0)
03:37:10.912 [JavaFX Application Thread] DEBUG PrimaryStageWindow   - Set initial scene to FXGLStartupScene
03:37:10.916 [JavaFX Application Thread] DEBUG PrimaryStageWindow   - Opening main window
03:37:10.990 [JavaFX Application Thread] DEBUG PrimaryStageWindow   - Window border size: (14.4000244140625, 37.5999755859375)
03:37:10.990 [JavaFX Application Thread] DEBUG PrimaryStageWindow   - Scaled size: 1280.0 x 720.0
03:37:10.991 [JavaFX Application Thread] DEBUG PrimaryStageWindow   - Scaled ratio: (1.0, 1.0)
03:37:10.991 [JavaFX Application Thread] DEBUG PrimaryStageWindow   - Scene size: 1280.0 x 720.0
03:37:10.991 [JavaFX Application Thread] DEBUG PrimaryStageWindow   - Stage size: 1294.4000244140625 x 757.5999755859375
03:37:11.043 [JavaFX Application Thread] DEBUG PrimaryStageWindow   - Going fullscreen
03:37:11.050 [FXGL Background Thread 1 ] DEBUG Engine               - Initializing environment variables
03:37:11.091 [FXGL Background Thread 1 ] DEBUG FXGLAssetLoaderServi - User app class for loading assets: class com.project.App
03:37:11.091 [FXGL Background Thread 1 ] DEBUG GameApplicationServi - Applying CSS: fxgl_dark.css
03:37:11.092 [FXGL Background Thread 1 ] DEBUG FXGLAssetLoaderServi - Loading from file system: jar:file:/C:/Users/frank/.m2/repository/com/github/almasb/fxgl/21.1/fxgl-21.1.jar!/fxglassets/ui/css/fxgl_dark.css
03:37:11.126 [FXGL Background Thread 1 ] DEBUG GameApplicationServi - Initializing application scenes
03:37:11.177 [FXGL Background Thread 1 ] DEBUG GameWorld            - Game world initialized
03:37:11.225 [FXGL Background Thread 1 ] DEBUG PhysicsWorld         - Physics world initialized: appHeight=720, physics.ppm=50.0
03:37:11.225 [FXGL Background Thread 1 ] DEBUG PhysicsWorld         - Using strategy: BRUTE_FORCE
03:37:11.228 [FXGL Background Thread 1 ] DEBUG GameScene            - Game scene initialized: 1280x720
03:37:11.237 [FXGL Background Thread 1 ] DEBUG FXGL.DefaultMenu     - createMenuBodyGameMenu()
03:37:11.247 [FXGL Background Thread 1 ] DEBUG FXGL.DefaultMenu     - createOptionsMenu()
03:37:11.255 [FXGL Background Thread 1 ] DEBUG FXGLAssetLoaderServi - Loading from file system: jar:file:/C:/Users/frank/.m2/repository/com/github/almasb/fxgl/21.1/fxgl-21.1.jar!/fxglassets/textures/particles/smoke.png
03:37:11.349 [FXGL Background Thread 1 ] DEBUG FXGLAssetLoaderServi - Loading from file system: jar:file:/C:/Users/frank/.m2/repository/com/github/almasb/fxgl/21.1/fxgl-21.1.jar!/fxglassets/textures/particles/trace_horizontal.png
03:37:11.370 [FXGL Background Thread 1 ] DEBUG GameApplicationServi - Application scenes initialized
03:37:11.381 [FXGL Background Thread 1 ] DEBUG SystemBundleService  - Loading FXGL system data
03:37:11.385 [FXGL Background Thread 1 ] DEBUG FileSystemAccess     - Reading from: C:\Users\frank\Desktop\ProjectFun\myproject\myproject\system\fxgl.bundle
03:37:11.393 [FXGL Background Thread 1 ] DEBUG SystemBundleService  - Bundle FXGL: {}
03:37:11.393 [FXGL Background Thread 1 ] DEBUG UpdaterService       - Checking for updates
03:37:11.417 [FXGL Background Thread 4 ] DEBUG FXGLApplication      - Loading fonts
03:37:11.417 [FXGL Background Thread 4 ] DEBUG FXGLAssetLoaderServi - Loading from file system: jar:file:/C:/Users/frank/.m2/repository/com/github/almasb/fxgl/21.1/fxgl-21.1.jar!/fxglassets/ui/fonts/VarelaRound-Regular.ttf
03:37:11.419 [FXGL Background Thread 1 ] DEBUG FXGLApplication      - Loading default localization
03:37:11.419 [FXGL Background Thread 1 ] DEBUG FXGLAssetLoaderServi - Loading from file system: jar:file:/C:/Users/frank/.m2/repository/com/github/almasb/fxgl/21.1/fxgl-21.1.jar!/fxglassets/languages/english.lang
03:37:11.452 [FXGL Background Thread 1 ] INFO  FXGLApplication      - FXGL initialization took: 0.402 sec
03:37:11.455 [FXGL Background Thread 4 ] DEBUG FXGLAssetLoaderServi - Loading from file system: jar:file:/C:/Users/frank/.m2/repository/com/github/almasb/fxgl/21.1/fxgl-21.1.jar!/fxglassets/ui/fonts/Abel-Regular.ttf
03:37:11.458 [FXGL Background Thread 4 ] DEBUG FXGLAssetLoaderServi - Loading from file system: jar:file:/C:/Users/frank/.m2/repository/com/github/almasb/fxgl/21.1/fxgl-21.1.jar!/fxglassets/ui/fonts/TerminalLandMono-Regular.otf
03:37:11.460 [FXGL Background Thread 4 ] DEBUG FXGLAssetLoaderServi - Loading from file system: jar:file:/C:/Users/frank/.m2/repository/com/github/almasb/fxgl/21.1/fxgl-21.1.jar!/fxglassets/ui/fonts/Courier-Prime.ttf
03:37:11.469 [JavaFX Application Thread] DEBUG Input                - Registered new binding: Right - D
03:37:11.470 [JavaFX Application Thread] DEBUG Input                - Registered new binding: Left - A
03:37:11.470 [JavaFX Application Thread] DEBUG Input                - Registered new binding: Up - W
03:37:11.471 [JavaFX Application Thread] DEBUG Input                - Registered new binding: Down - S
03:37:11.471 [JavaFX Application Thread] DEBUG Input                - Registered new binding: Interact - E
03:37:11.471 [JavaFX Application Thread] DEBUG FXGLAssetLoaderServi - Loading from file system: jar:file:/C:/Users/frank/.m2/repository/com/github/almasb/fxgl/21.1/fxgl-21.1.jar!/fxglassets/textures/fxgl_icon.png
03:37:11.490 [JavaFX Application Thread] DEBUG FXGLAssetLoaderServi - Loading from file system: jar:file:/C:/Users/frank/.m2/repository/com/github/almasb/fxgl/21.1/fxgl-21.1.jar!/fxglassets/textures/fxgl_default_cursor.png
03:37:11.495 [JavaFX Application Thread] DEBUG Input                - Registered new binding: Screenshot - CTRL+8
03:37:11.496 [JavaFX Application Thread] DEBUG Input                - Registered new binding: Dev Options - 1
03:37:11.497 [JavaFX Application Thread] DEBUG Input                - Registered new binding: Dev Console - 2
03:37:11.498 [JavaFX Application Thread] DEBUG Input                - Registered new binding: System info dump - CTRL+9
03:37:11.499 [JavaFX Application Thread] DEBUG Input                - Registered new binding: Restart - CTRL+R
03:37:11.501 [JavaFX Application Thread] DEBUG Input                - Registered new binding: Toggle Debug Camera - CTRL+7
03:37:11.512 [JavaFX Application Thread] DEBUG LoopRunner           - Starting loop
03:37:11.535 [JavaFX Application Thread] DEBUG LoopRunner           - Initializing JavaFX AnimationTimerLoop
03:37:11.543 [JavaFX Application Thread] DEBUG GameApplicationServi - Starting new game
03:37:11.544 [JavaFX Application Thread] DEBUG Input                - Clearing active input actions
03:37:11.553 [JavaFX Application Thread] DEBUG GameApplicationServi - Removing overlay from FXGLStartupScene and adding to FXGLLoadingScene
03:37:11.558 [JavaFX Application Thread] DEBUG PrimaryStageWindow   - FXGLStartupScene -> FXGLLoadingScene
03:37:11.558 [JavaFX Application Thread] DEBUG GameApplicationServi - Clearing previous game
03:37:11.558 [JavaFX Application Thread] DEBUG GameScene            - Clearing game scene
03:37:11.558 [JavaFX Application Thread] DEBUG GameWorld            - Clearing game world
03:37:11.558 [JavaFX Application Thread] DEBUG PhysicsWorld         - Clearing physics world
03:37:11.559 [FXGL Background Thread 4 ] DEBUG FXGLApplication      - Initializing game
03:37:11.559 [JavaFX Application Thread] DEBUG FXGLApplication      - Registering font factories with UI factory
03:37:11.592 [FXGL Background Thread 4 ] WARN  TMXLevelLoader       - TiledMap generated from 1.11.2. Supported version: 1.9.0. Some features may not be parsed fully.
03:37:11.619 [FXGL Background Thread 4 ] DEBUG TMXLevelLoader       - Parsed TiledMap: file:/C:/Users/frank/Desktop/ProjectFun/myproject/myproject/target/classes/assets/levels/scene1.tmx
03:37:11.622 [FXGL Background Thread 4 ] DEBUG TMXLevelLoader       - Creating tile layer entities
03:37:11.626 [FXGL Background Thread 4 ] DEBUG TilesetLoader        - Loading view for layer lowefloor
03:37:11.627 [FXGL Background Thread 4 ] DEBUG TilesetLoader        - Created buffer with size 512.0x1024.0
03:37:11.688 [FXGL Background Thread 4 ] DEBUG TilesetLoader        - Loading view for layer cliff
03:37:11.690 [FXGL Background Thread 4 ] DEBUG TilesetLoader        - Created buffer with size 512.0x1024.0
03:37:11.691 [FXGL Background Thread 4 ] DEBUG TilesetLoader        - Loading view for layer cliff1
03:37:11.693 [FXGL Background Thread 4 ] DEBUG TilesetLoader        - Created buffer with size 512.0x1024.0
03:37:11.695 [FXGL Background Thread 4 ] DEBUG TilesetLoader        - Loading view for layer cliff2
03:37:11.695 [FXGL Background Thread 4 ] DEBUG TilesetLoader        - Created buffer with size 512.0x1024.0
03:37:11.696 [FXGL Background Thread 4 ] DEBUG TilesetLoader        - Loading view for layer Tile Layer 3
03:37:11.697 [FXGL Background Thread 4 ] DEBUG TilesetLoader        - Created buffer with size 512.0x1024.0
03:37:11.697 [FXGL Background Thread 4 ] DEBUG TilesetLoader        - Loading view for layer Tile Layer 6
03:37:11.698 [FXGL Background Thread 4 ] DEBUG TilesetLoader        - Created buffer with size 512.0x1024.0
03:37:11.800 [FXGL Background Thread 4 ] DEBUG TilesetLoader        - Loading view for layer prop
03:37:11.800 [FXGL Background Thread 4 ] DEBUG TilesetLoader        - Created buffer with size 512.0x1024.0
03:37:11.801 [FXGL Background Thread 4 ] DEBUG TMXLevelLoader       - Creating object layer entities
03:37:11.850 [FXGL Background Thread 4 ] DEBUG FXGLAssetLoaderServi - Loading from file system: file:/C:/Users/frank/Desktop/ProjectFun/myproject/myproject/target/classes/assets/textures/Actor1.png
03:37:11.892 [FXGL Background Thread 4 ] DEBUG FXGLAssetLoaderServi - Loading from file system: file:/C:/Users/frank/Desktop/ProjectFun/myproject/myproject/target/classes/assets/textures/Rex.png
03:37:11.897 [FXGL Background Thread 4 ] WARN  TMXLevelLoader       - TiledMap generated from 1.11.2. Supported version: 1.9.0. Some features may not be parsed fully.
03:37:11.904 [FXGL Background Thread 4 ] DEBUG TMXLevelLoader       - Parsed TiledMap: file:/C:/Users/frank/Desktop/ProjectFun/myproject/myproject/target/classes/assets/levels/scene1.tmx
03:37:11.904 [FXGL Background Thread 4 ] DEBUG TMXLevelLoader       - Creating tile layer entities
03:37:11.905 [FXGL Background Thread 4 ] DEBUG TilesetLoader        - Loading view for layer lowefloor
03:37:11.906 [FXGL Background Thread 4 ] DEBUG TilesetLoader        - Created buffer with size 512.0x1024.0
03:37:11.927 [FXGL Background Thread 4 ] DEBUG TilesetLoader        - Loading view for layer cliff
03:37:11.927 [FXGL Background Thread 4 ] DEBUG TilesetLoader        - Created buffer with size 512.0x1024.0
03:37:11.928 [FXGL Background Thread 4 ] DEBUG TilesetLoader        - Loading view for layer cliff1
03:37:11.928 [FXGL Background Thread 4 ] DEBUG TilesetLoader        - Created buffer with size 512.0x1024.0
03:37:11.929 [FXGL Background Thread 4 ] DEBUG TilesetLoader        - Loading view for layer cliff2
03:37:11.929 [FXGL Background Thread 4 ] DEBUG TilesetLoader        - Created buffer with size 512.0x1024.0
03:37:11.931 [FXGL Background Thread 4 ] DEBUG TilesetLoader        - Loading view for layer Tile Layer 3
03:37:11.934 [FXGL Background Thread 4 ] DEBUG TilesetLoader        - Created buffer with size 512.0x1024.0
03:37:11.935 [FXGL Background Thread 4 ] DEBUG TilesetLoader        - Loading view for layer Tile Layer 6
03:37:11.935 [FXGL Background Thread 4 ] DEBUG TilesetLoader        - Created buffer with size 512.0x1024.0
03:37:11.988 [FXGL Background Thread 4 ] DEBUG TilesetLoader        - Loading view for layer prop
03:37:11.988 [FXGL Background Thread 4 ] DEBUG TilesetLoader        - Created buffer with size 512.0x1024.0
03:37:11.989 [FXGL Background Thread 4 ] DEBUG TMXLevelLoader       - Creating object layer entities
03:37:11.996 [FXGL Background Thread 4 ] DEBUG GameWorld            - Clearing removable entities
03:37:11.998 [FXGL Background Thread 4 ] DEBUG GameWorld            - Setting level: com.almasb.fxgl.entity.level.Level@707ae815
03:37:12.020 [FXGL Background Thread 4 ] INFO  FXGLApplication      - Game initialization took: 0.462 sec
03:37:12.049 [JavaFX Application Thread] DEBUG Input                - Clearing active input actions
03:37:12.057 [JavaFX Application Thread] DEBUG GameApplicationServi - Removing overlay from FXGLLoadingScene and adding to GameScene
03:37:12.060 [JavaFX Application Thread] DEBUG PrimaryStageWindow   - FXGLLoadingScene -> GameScene
03:37:13.766 [JavaFX Application Thread] DEBUG FXGLAssetLoaderServi - Loading from file system: file:/C:/Users/frank/Desktop/ProjectFun/myproject/myproject/target/classes/assets/text/filetext.txt
03:37:13.768 [JavaFX Application Thread] DEBUG EventBus             - Firing event: com.GameEvent.CombatScene[source=javafx.event.Event$$Lambda/0x000001f590173198@b76bda0]
03:37:13.771 [JavaFX Application Thread] WARN  TMXLevelLoader       - TiledMap generated from 1.11.2. Supported version: 1.9.0. Some features may not be parsed fully.
03:37:13.776 [JavaFX Application Thread] DEBUG TMXLevelLoader       - Parsed TiledMap: file:/C:/Users/frank/Desktop/ProjectFun/myproject/myproject/target/classes/assets/levels/battle1.tmx
03:37:13.776 [JavaFX Application Thread] DEBUG TMXLevelLoader       - Creating tile layer entities
03:37:13.776 [JavaFX Application Thread] DEBUG TilesetLoader        - Loading view for layer Tile Layer 1
03:37:13.777 [JavaFX Application Thread] DEBUG TilesetLoader        - Created buffer with size 2048.0x1024.0
03:37:13.871 [JavaFX Application Thread] DEBUG TMXLevelLoader       - Creating object layer entities
03:37:13.873 [JavaFX Application Thread] DEBUG FXGLAssetLoaderServi - Loading from file system: file:/C:/Users/frank/Desktop/ProjectFun/myproject/myproject/target/classes/assets/textures/Rex.png
03:37:13.882 [JavaFX Application Thread] DEBUG FXGLAssetLoaderServi - Loading from file system: file:/C:/Users/frank/Desktop/ProjectFun/myproject/myproject/target/classes/assets/textures/Karee.png
03:37:13.888 [JavaFX Application Thread] DEBUG GameWorld            - Clearing removable entities
03:37:13.897 [JavaFX Application Thread] DEBUG GameWorld            - Setting level: com.almasb.fxgl.entity.level.Level@52c05644
03:37:13.901 [JavaFX Application Thread] WARN  TMXLevelLoader       - TiledMap generated from 1.11.2. Supported version: 1.9.0. Some features may not be parsed fully.
03:37:13.906 [JavaFX Application Thread] DEBUG TMXLevelLoader       - Parsed TiledMap: file:/C:/Users/frank/Desktop/ProjectFun/myproject/myproject/target/classes/assets/levels/battle1.tmx
03:37:13.907 [JavaFX Application Thread] DEBUG TMXLevelLoader       - Creating tile layer entities
03:37:13.907 [JavaFX Application Thread] DEBUG TilesetLoader        - Loading view for layer Tile Layer 1
03:37:13.908 [JavaFX Application Thread] DEBUG TilesetLoader        - Created buffer with size 2048.0x1024.0
03:37:13.995 [JavaFX Application Thread] DEBUG TMXLevelLoader       - Creating object layer entities
03:37:14.417 [FXGL Background Thread 3 ] DEBUG Engine               - Logging environment variables
03:37:14.417 [FXGL Background Thread 3 ] DEBUG Engine               - achievements: []
03:37:14.418 [FXGL Background Thread 3 ] DEBUG Engine               - actualHeight: 864.0
03:37:14.418 [FXGL Background Thread 3 ] DEBUG Engine               - actualHeightProperty: ReadOnlyDoubleProperty [value: 864.0]
03:37:14.418 [FXGL Background Thread 3 ] DEBUG Engine               - actualWidth: 1536.0
03:37:14.418 [FXGL Background Thread 3 ] DEBUG Engine               - actualWidthProperty: ReadOnlyDoubleProperty [value: 1536.0]
03:37:14.418 [FXGL Background Thread 3 ] DEBUG Engine               - appIcon: fxgl_icon.png
03:37:14.418 [FXGL Background Thread 3 ] DEBUG Engine               - applicationMode: DEVELOPER
03:37:14.418 [FXGL Background Thread 3 ] DEBUG Engine               - cSSList: [fxgl_dark.css]
03:37:14.418 [FXGL Background Thread 3 ] DEBUG Engine               - collisionDetectionStrategy: BRUTE_FORCE
03:37:14.418 [FXGL Background Thread 3 ] DEBUG Engine               - configClass: Optional.empty
03:37:14.418 [FXGL Background Thread 3 ] DEBUG Engine               - credits: []
03:37:14.419 [FXGL Background Thread 3 ] DEBUG Engine               - defaultCursor: CursorInfo(imageName=fxgl_default_cursor.png, hotspotX=7.0, hotspotY=6.0)
03:37:14.419 [FXGL Background Thread 3 ] DEBUG Engine               - devBBoxColorProperty: ObjectProperty [value: 0xff0000ff]
03:37:14.420 [FXGL Background Thread 3 ] DEBUG Engine               - devEnableDebugCameraProperty: BooleanProperty [value: false]
03:37:14.420 [FXGL Background Thread 3 ] DEBUG Engine               - devSensorColorProperty: ObjectProperty [value: 0xffff00ff]
03:37:14.420 [FXGL Background Thread 3 ] DEBUG Engine               - devShowBBoxProperty: BooleanProperty [value: false]
03:37:14.420 [FXGL Background Thread 3 ] DEBUG Engine               - devShowPositionProperty: BooleanProperty [value: false]
03:37:14.420 [FXGL Background Thread 3 ] DEBUG Engine               - enabledMenuItems: []
03:37:14.420 [FXGL Background Thread 3 ] DEBUG Engine               - engineServices: [class com.almasb.fxgl.app.services.FXGLAssetLoaderService, class com.almasb.fxgl.app.FXGLApplication$GameApplicationService, class com.almasb.fxgl.app.services.FXGLDialogService, class com.almasb.fxgl.app.services.IOTaskExecutorService, class com.almasb.fxgl.io.FileSystemService, class com.almasb.fxgl.localization.LocalizationService, class com.almasb.fxgl.app.services.SystemBundleService, class com.almasb.fxgl.profile.SaveLoadService, class com.almasb.fxgl.ui.FXGLUIFactoryServiceProvider, class com.almasb.fxgl.ui.FXGLDialogFactoryServiceProvider, class com.almasb.fxgl.audio.AudioPlayer, class com.almasb.fxgl.notification.impl.NotificationServiceProvider, class com.almasb.fxgl.achievement.AchievementService, class com.almasb.fxgl.cutscene.CutsceneService, class com.almasb.fxgl.minigames.MiniGameService, class com.almasb.fxgl.net.NetService, class com.almasb.fxgl.app.services.UpdaterService, class com.almasb.fxgl.dev.DevService]
03:37:14.420 [FXGL Background Thread 3 ] DEBUG Engine               - fontGame: Abel-Regular.ttf
03:37:14.420 [FXGL Background Thread 3 ] DEBUG Engine               - fontMono: TerminalLandMono-Regular.otf
03:37:14.420 [FXGL Background Thread 3 ] DEBUG Engine               - fontSizeScaleUI: 1.0
03:37:14.420 [FXGL Background Thread 3 ] DEBUG Engine               - fontText: Courier-Prime.ttf
03:37:14.420 [FXGL Background Thread 3 ] DEBUG Engine               - fontUI: VarelaRound-Regular.ttf
03:37:14.421 [FXGL Background Thread 3 ] DEBUG Engine               - fullScreen: BooleanProperty [value: true]
03:37:14.421 [FXGL Background Thread 3 ] DEBUG Engine               - gameDifficulty: MEDIUM
03:37:14.421 [FXGL Background Thread 3 ] DEBUG Engine               - gameDifficultyProperty: ObjectProperty [value: MEDIUM]
03:37:14.421 [FXGL Background Thread 3 ] DEBUG Engine               - globalMusicVolume: 0.5
03:37:14.421 [FXGL Background Thread 3 ] DEBUG Engine               - globalMusicVolumeProperty: DoubleProperty [value: 0.5]
03:37:14.421 [FXGL Background Thread 3 ] DEBUG Engine               - globalSoundVolume: 0.5
03:37:14.421 [FXGL Background Thread 3 ] DEBUG Engine               - globalSoundVolumeProperty: DoubleProperty [value: 0.5]
03:37:14.421 [FXGL Background Thread 3 ] DEBUG Engine               - height: 720
03:37:14.421 [FXGL Background Thread 3 ] DEBUG Engine               - is3D: false
03:37:14.421 [FXGL Background Thread 3 ] DEBUG Engine               - isAndroid: false
03:37:14.421 [FXGL Background Thread 3 ] DEBUG Engine               - isBrowser: false
03:37:14.421 [FXGL Background Thread 3 ] DEBUG Engine               - isClickFeedbackEnabled: false
03:37:14.421 [FXGL Background Thread 3 ] DEBUG Engine               - isCloseConfirmation: false
03:37:14.421 [FXGL Background Thread 3 ] DEBUG Engine               - isDesktop: true
03:37:14.422 [FXGL Background Thread 3 ] DEBUG Engine               - isDeveloperMenuEnabled: true
03:37:14.422 [FXGL Background Thread 3 ] DEBUG Engine               - isEmbedded: false
03:37:14.422 [FXGL Background Thread 3 ] DEBUG Engine               - isEntityPreloadEnabled: true
03:37:14.422 [FXGL Background Thread 3 ] DEBUG Engine               - isExperimentalTiledLargeMap: false
03:37:14.422 [FXGL Background Thread 3 ] DEBUG Engine               - isFileSystemWriteAllowed: true
03:37:14.422 [FXGL Background Thread 3 ] DEBUG Engine               - isFullScreenAllowed: true
03:37:14.422 [FXGL Background Thread 3 ] DEBUG Engine               - isFullScreenFromStart: true
03:37:14.422 [FXGL Background Thread 3 ] DEBUG Engine               - isGameMenuEnabled: true
03:37:14.422 [FXGL Background Thread 3 ] DEBUG Engine               - isIOS: false
03:37:14.422 [FXGL Background Thread 3 ] DEBUG Engine               - isIntroEnabled: false
03:37:14.422 [FXGL Background Thread 3 ] DEBUG Engine               - isLinux: false
03:37:14.422 [FXGL Background Thread 3 ] DEBUG Engine               - isMac: false
03:37:14.422 [FXGL Background Thread 3 ] DEBUG Engine               - isMainMenuEnabled: false
03:37:14.422 [FXGL Background Thread 3 ] DEBUG Engine               - isManualResizeEnabled: false
03:37:14.422 [FXGL Background Thread 3 ] DEBUG Engine               - isMobile: false
03:37:14.422 [FXGL Background Thread 3 ] DEBUG Engine               - isNative: false
03:37:14.422 [FXGL Background Thread 3 ] DEBUG Engine               - isPauseMusicWhenMinimized: true
03:37:14.422 [FXGL Background Thread 3 ] DEBUG Engine               - isPreserveResizeRatio: false
03:37:14.422 [FXGL Background Thread 3 ] DEBUG Engine               - isProfilingEnabled: false
03:37:14.422 [FXGL Background Thread 3 ] DEBUG Engine               - isScaleAffectedOnResize: true
03:37:14.422 [FXGL Background Thread 3 ] DEBUG Engine               - isSingleStep: false
03:37:14.422 [FXGL Background Thread 3 ] DEBUG Engine               - isUserProfileEnabled: false
03:37:14.422 [FXGL Background Thread 3 ] DEBUG Engine               - isWindows: true
03:37:14.422 [FXGL Background Thread 3 ] DEBUG Engine               - language: ObjectProperty [value: ENGLISH]
03:37:14.422 [FXGL Background Thread 3 ] DEBUG Engine               - menuKey: ESCAPE
03:37:14.422 [FXGL Background Thread 3 ] DEBUG Engine               - mouseSensitivity: 0.2
03:37:14.423 [FXGL Background Thread 3 ] DEBUG Engine               - notificationViewClass: class com.almasb.fxgl.notification.view.XboxNotificationView
03:37:14.423 [FXGL Background Thread 3 ] DEBUG Engine               - pixelsPerMeter: 50.0
03:37:14.423 [FXGL Background Thread 3 ] DEBUG Engine               - platform: WINDOWS
03:37:14.423 [FXGL Background Thread 3 ] DEBUG Engine               - prefHeightProperty: ReadOnlyDoubleProperty [value: 720.0]
03:37:14.423 [FXGL Background Thread 3 ] DEBUG Engine               - prefWidthProperty: ReadOnlyDoubleProperty [value: 1280.0]
03:37:14.423 [FXGL Background Thread 3 ] DEBUG Engine               - profileDir: profiles/
03:37:14.423 [FXGL Background Thread 3 ] DEBUG Engine               - profileName: StringProperty [value: DEFAULT]
03:37:14.423 [FXGL Background Thread 3 ] DEBUG Engine               - randomSeed: -1
03:37:14.423 [FXGL Background Thread 3 ] DEBUG Engine               - runtimeInfo: RuntimeInfo(platform=WINDOWS, version=21.1, build=27.03.2024 07.52)
03:37:14.423 [FXGL Background Thread 3 ] DEBUG Engine               - saveFileExt: sav
03:37:14.423 [FXGL Background Thread 3 ] DEBUG Engine               - scaledHeightProp$fxgl: DoubleProperty [bound, value: 864.0]
03:37:14.423 [FXGL Background Thread 3 ] DEBUG Engine               - scaledWidthProp$fxgl: DoubleProperty [bound, value: 1536.0]
03:37:14.423 [FXGL Background Thread 3 ] DEBUG Engine               - sceneFactory: com.almasb.fxgl.app.scene.SceneFactory@2a75a147
03:37:14.423 [FXGL Background Thread 3 ] DEBUG Engine               - secondsIn24h: 60
03:37:14.423 [FXGL Background Thread 3 ] DEBUG Engine               - soundMenuBack: menu/back.wav
03:37:14.423 [FXGL Background Thread 3 ] DEBUG Engine               - soundMenuPress: menu/press.wav
03:37:14.424 [FXGL Background Thread 3 ] DEBUG Engine               - soundMenuSelect: menu/select.wav
03:37:14.424 [FXGL Background Thread 3 ] DEBUG Engine               - soundNotification: core/notification.wav
03:37:14.424 [FXGL Background Thread 3 ] DEBUG Engine               - stageStyle: DECORATED
03:37:14.424 [FXGL Background Thread 3 ] DEBUG Engine               - supportedLanguages: [ENGLISH, FRENCH, GERMAN, HUNGARIAN, RUSSIAN]
03:37:14.424 [FXGL Background Thread 3 ] DEBUG Engine               - ticksPerSecond: -1
03:37:14.424 [FXGL Background Thread 3 ] DEBUG Engine               - title: Final Journey
03:37:14.424 [FXGL Background Thread 3 ] DEBUG Engine               - urlGithub: https://github.com/AlmasB/FXGL
03:37:14.424 [FXGL Background Thread 3 ] DEBUG Engine               - urlLeaderboard: http://fxgl-top.herokuapp.com/
03:37:14.424 [FXGL Background Thread 3 ] DEBUG Engine               - urlPOM: https://raw.githubusercontent.com/AlmasB/FXGL/release/README.md
03:37:14.424 [FXGL Background Thread 3 ] DEBUG Engine               - userAppClass: class com.project.App
03:37:14.424 [FXGL Background Thread 3 ] DEBUG Engine               - version: Alpha
03:37:14.424 [FXGL Background Thread 3 ] DEBUG Engine               - versionCheckDays: 7
03:37:14.424 [FXGL Background Thread 3 ] DEBUG Engine               - width: 1280
03:37:14.424 [FXGL Background Thread 3 ] DEBUG Engine               - Logging services
03:37:14.424 [FXGL Background Thread 3 ] DEBUG Engine               - class com.almasb.fxgl.app.services.FXGLAssetLoaderService
03:37:14.424 [FXGL Background Thread 3 ] DEBUG Engine               - class com.almasb.fxgl.app.FXGLApplication$GameApplicationService
03:37:14.424 [FXGL Background Thread 3 ] DEBUG Engine               - class com.almasb.fxgl.app.services.FXGLDialogService
03:37:14.424 [FXGL Background Thread 3 ] DEBUG Engine               - class com.almasb.fxgl.app.services.IOTaskExecutorService
03:37:14.424 [FXGL Background Thread 3 ] DEBUG Engine               - class com.almasb.fxgl.io.FileSystemService
03:37:14.424 [FXGL Background Thread 3 ] DEBUG Engine               - class com.almasb.fxgl.localization.LocalizationService
03:37:14.424 [FXGL Background Thread 3 ] DEBUG Engine               - class com.almasb.fxgl.app.services.SystemBundleService
03:37:14.424 [FXGL Background Thread 3 ] DEBUG Engine               - class com.almasb.fxgl.profile.SaveLoadService
03:37:14.424 [FXGL Background Thread 3 ] DEBUG Engine               - class com.almasb.fxgl.ui.FXGLUIFactoryServiceProvider
03:37:14.425 [FXGL Background Thread 3 ] DEBUG Engine               - class com.almasb.fxgl.ui.FXGLDialogFactoryServiceProvider
03:37:14.425 [FXGL Background Thread 3 ] DEBUG Engine               - class com.almasb.fxgl.audio.AudioPlayer
03:37:14.425 [FXGL Background Thread 3 ] DEBUG Engine               - class com.almasb.fxgl.notification.impl.NotificationServiceProvider
03:37:14.425 [FXGL Background Thread 3 ] DEBUG Engine               - class com.almasb.fxgl.achievement.AchievementService
03:37:14.425 [FXGL Background Thread 3 ] DEBUG Engine               - class com.almasb.fxgl.cutscene.CutsceneService
03:37:14.425 [FXGL Background Thread 3 ] DEBUG Engine               - class com.almasb.fxgl.minigames.MiniGameService
03:37:14.425 [FXGL Background Thread 3 ] DEBUG Engine               - class com.almasb.fxgl.net.NetService
03:37:14.425 [FXGL Background Thread 3 ] DEBUG Engine               - class com.almasb.fxgl.app.services.UpdaterService
03:37:14.425 [FXGL Background Thread 3 ] DEBUG Engine               - class com.almasb.fxgl.dev.DevService
03:37:15.235 [JavaFX Application Thread] DEBUG EventBus             - Firing event: com.GameEvent.BackMainScene[source=javafx.event.Event$$Lambda/0x000001f590173198@b76bda0]
03:37:15.237 [JavaFX Application Thread] WARN  TMXLevelLoader       - TiledMap generated from 1.11.2. Supported version: 1.9.0. Some features may not be parsed fully.
03:37:15.242 [JavaFX Application Thread] DEBUG TMXLevelLoader       - Parsed TiledMap: file:/C:/Users/frank/Desktop/ProjectFun/myproject/myproject/target/classes/assets/levels/scene1.tmx
03:37:15.242 [JavaFX Application Thread] DEBUG TMXLevelLoader       - Creating tile layer entities
03:37:15.242 [JavaFX Application Thread] DEBUG TilesetLoader        - Loading view for layer lowefloor
03:37:15.243 [JavaFX Application Thread] DEBUG TilesetLoader        - Created buffer with size 512.0x1024.0
03:37:15.260 [JavaFX Application Thread] DEBUG TilesetLoader        - Loading view for layer cliff
03:37:15.261 [JavaFX Application Thread] DEBUG TilesetLoader        - Created buffer with size 512.0x1024.0
03:37:15.266 [JavaFX Application Thread] DEBUG TilesetLoader        - Loading view for layer cliff1
03:37:15.266 [JavaFX Application Thread] DEBUG TilesetLoader        - Created buffer with size 512.0x1024.0
03:37:15.267 [JavaFX Application Thread] DEBUG TilesetLoader        - Loading view for layer cliff2
03:37:15.267 [JavaFX Application Thread] DEBUG TilesetLoader        - Created buffer with size 512.0x1024.0
03:37:15.268 [JavaFX Application Thread] DEBUG TilesetLoader        - Loading view for layer Tile Layer 3
03:37:15.268 [JavaFX Application Thread] DEBUG TilesetLoader        - Created buffer with size 512.0x1024.0
03:37:15.269 [JavaFX Application Thread] DEBUG TilesetLoader        - Loading view for layer Tile Layer 6
03:37:15.269 [JavaFX Application Thread] DEBUG TilesetLoader        - Created buffer with size 512.0x1024.0
03:37:15.312 [JavaFX Application Thread] DEBUG TilesetLoader        - Loading view for layer prop
03:37:15.312 [JavaFX Application Thread] DEBUG TilesetLoader        - Created buffer with size 512.0x1024.0
03:37:15.313 [JavaFX Application Thread] DEBUG TMXLevelLoader       - Creating object layer entities
03:37:15.318 [JavaFX Application Thread] DEBUG GameWorld            - Clearing removable entities
03:37:15.318 [JavaFX Application Thread] DEBUG GameWorld            - Setting level: com.almasb.fxgl.entity.level.Level@24813fed
03:37:15.321 [JavaFX Application Thread] WARN  TMXLevelLoader       - TiledMap generated from 1.11.2. Supported version: 1.9.0. Some features may not be parsed fully.
03:37:15.324 [JavaFX Application Thread] DEBUG TMXLevelLoader       - Parsed TiledMap: file:/C:/Users/frank/Desktop/ProjectFun/myproject/myproject/target/classes/assets/levels/scene1.tmx
03:37:15.324 [JavaFX Application Thread] DEBUG TMXLevelLoader       - Creating tile layer entities
03:37:15.324 [JavaFX Application Thread] DEBUG TilesetLoader        - Loading view for layer lowefloor
03:37:15.325 [JavaFX Application Thread] DEBUG TilesetLoader        - Created buffer with size 512.0x1024.0
03:37:15.339 [JavaFX Application Thread] DEBUG TilesetLoader        - Loading view for layer cliff
03:37:15.339 [JavaFX Application Thread] DEBUG TilesetLoader        - Created buffer with size 512.0x1024.0
03:37:15.340 [JavaFX Application Thread] DEBUG TilesetLoader        - Loading view for layer cliff1
03:37:15.340 [JavaFX Application Thread] DEBUG TilesetLoader        - Created buffer with size 512.0x1024.0
03:37:15.340 [JavaFX Application Thread] DEBUG TilesetLoader        - Loading view for layer cliff2
03:37:15.340 [JavaFX Application Thread] DEBUG TilesetLoader        - Created buffer with size 512.0x1024.0
03:37:15.341 [JavaFX Application Thread] DEBUG TilesetLoader        - Loading view for layer Tile Layer 3
03:37:15.341 [JavaFX Application Thread] DEBUG TilesetLoader        - Created buffer with size 512.0x1024.0
03:37:15.341 [JavaFX Application Thread] DEBUG TilesetLoader        - Loading view for layer Tile Layer 6
03:37:15.341 [JavaFX Application Thread] DEBUG TilesetLoader        - Created buffer with size 512.0x1024.0
03:37:15.378 [JavaFX Application Thread] DEBUG TilesetLoader        - Loading view for layer prop
03:37:15.379 [JavaFX Application Thread] DEBUG TilesetLoader        - Created buffer with size 512.0x1024.0
03:37:15.379 [JavaFX Application Thread] DEBUG TMXLevelLoader       - Creating object layer entities
03:37:38.283 [JavaFX Application Thread] DEBUG LoopRunner           - Stopping loop
03:37:38.284 [JavaFX Application Thread] FATAL FXGLApplication      - Uncaught Exception:
java.lang.IllegalArgumentException: Component StatusComponent not found!
	at com.almasb.fxgl.entity.Entity.getComponent(Entity.java:366)
	at com.Combat.OrderCombat.attack(OrderCombat.java:53)
	at com.UI.ActionButtonUI.lambda$0(ActionButtonUI.java:38)
	at com.sun.javafx.event.CompositeEventHandler.dispatchBubblingEvent(CompositeEventHandler.java:86)
	at com.sun.javafx.event.EventHandlerManager.dispatchBubblingEvent(EventHandlerManager.java:232)
	at com.sun.javafx.event.EventHandlerManager.dispatchBubblingEvent(EventHandlerManager.java:189)
	at com.sun.javafx.event.CompositeEventDispatcher.dispatchBubblingEvent(CompositeEventDispatcher.java:59)
	at com.sun.javafx.event.BasicEventDispatcher.dispatchEvent(BasicEventDispatcher.java:58)
	at com.sun.javafx.event.EventDispatchChainImpl.dispatchEvent(EventDispatchChainImpl.java:114)
	at com.sun.javafx.event.BasicEventDispatcher.dispatchEvent(BasicEventDispatcher.java:56)
	at com.sun.javafx.event.EventDispatchChainImpl.dispatchEvent(EventDispatchChainImpl.java:114)
	at com.sun.javafx.event.BasicEventDispatcher.dispatchEvent(BasicEventDispatcher.java:56)
	at com.sun.javafx.event.EventDispatchChainImpl.dispatchEvent(EventDispatchChainImpl.java:114)
	at com.sun.javafx.event.EventUtil.fireEventImpl(EventUtil.java:74)
	at com.sun.javafx.event.EventUtil.fireEvent(EventUtil.java:49)
	at javafx.event.Event.fireEvent(Event.java:198)
	at javafx.scene.Node.fireEvent(Node.java:8875)
	at javafx.scene.control.Button.fire(Button.java:203)
	at com.sun.javafx.scene.control.behavior.ButtonBehavior.mouseReleased(ButtonBehavior.java:207)
	at com.sun.javafx.scene.control.inputmap.InputMap.handle(InputMap.java:274)
	at com.sun.javafx.event.CompositeEventHandler$NormalEventHandlerRecord.handleBubblingEvent(CompositeEventHandler.java:247)
	at com.sun.javafx.event.CompositeEventHandler.dispatchBubblingEvent(CompositeEventHandler.java:80)
	at com.sun.javafx.event.EventHandlerManager.dispatchBubblingEvent(EventHandlerManager.java:232)
	at com.sun.javafx.event.EventHandlerManager.dispatchBubblingEvent(EventHandlerManager.java:189)
	at com.sun.javafx.event.CompositeEventDispatcher.dispatchBubblingEvent(CompositeEventDispatcher.java:59)
	at com.sun.javafx.event.BasicEventDispatcher.dispatchEvent(BasicEventDispatcher.java:58)
	at com.sun.javafx.event.EventDispatchChainImpl.dispatchEvent(EventDispatchChainImpl.java:114)
	at com.sun.javafx.event.BasicEventDispatcher.dispatchEvent(BasicEventDispatcher.java:56)
	at com.sun.javafx.event.EventDispatchChainImpl.dispatchEvent(EventDispatchChainImpl.java:114)
	at com.sun.javafx.event.BasicEventDispatcher.dispatchEvent(BasicEventDispatcher.java:56)
	at com.sun.javafx.event.EventDispatchChainImpl.dispatchEvent(EventDispatchChainImpl.java:114)
	at com.sun.javafx.event.EventUtil.fireEventImpl(EventUtil.java:74)
	at com.sun.javafx.event.EventUtil.fireEvent(EventUtil.java:54)
	at javafx.event.Event.fireEvent(Event.java:198)
	at javafx.scene.Scene$MouseHandler.process(Scene.java:3984)
	at javafx.scene.Scene.processMouseEvent(Scene.java:1890)
	at javafx.scene.Scene$ScenePeerListener.mouseEvent(Scene.java:2708)
	at com.sun.javafx.tk.quantum.GlassViewEventHandler$MouseEventNotification.run(GlassViewEventHandler.java:411)
	at com.sun.javafx.tk.quantum.GlassViewEventHandler$MouseEventNotification.run(GlassViewEventHandler.java:301)
	at java.base/java.security.AccessController.doPrivileged(AccessController.java:400)
	at com.sun.javafx.tk.quantum.GlassViewEventHandler.lambda$handleMouseEvent$2(GlassViewEventHandler.java:450)
	at com.sun.javafx.tk.quantum.QuantumToolkit.runWithoutRenderLock(QuantumToolkit.java:424)
	at com.sun.javafx.tk.quantum.GlassViewEventHandler.handleMouseEvent(GlassViewEventHandler.java:449)
	at com.sun.glass.ui.View.handleMouseEvent(View.java:551)
	at com.sun.glass.ui.View.notifyMouse(View.java:937)
	at com.sun.glass.ui.win.WinApplication._runLoop(Native Method)
	at com.sun.glass.ui.win.WinApplication.lambda$runLoop$3(WinApplication.java:185)
	at java.base/java.lang.Thread.run(Thread.java:1583)

03:37:38.285 [JavaFX Application Thread] FATAL FXGLApplication      - Application will now exit
03:37:38.288 [JavaFX Application Thread] DEBUG PrimaryStageWindow   - Push state: ErrorSubScene
03:37:38.289 [JavaFX Application Thread] DEBUG Input                - Clearing active input actions
03:37:38.289 [JavaFX Application Thread] DEBUG GameApplicationServi - Removing overlay from GameScene and adding to ErrorSubScene
03:37:38.290 [JavaFX Application Thread] DEBUG PrimaryStageWindow   - GameScene -> ErrorSubScene
03:37:39.432 [JavaFX Application Thread] DEBUG FXGLApplication      - Exiting FXGL
03:37:39.433 [JavaFX Application Thread] DEBUG Async                - Shutting down background threads
03:37:39.433 [JavaFX Application Thread] DEBUG PrimaryStageWindow   - Closing main window
03:37:39.458 [JavaFX Application Thread] DEBUG Logger               - Closing Logger
