08:09:48.416 [main                     ] DEBUG Logger               - Configured Logger
08:09:48.436 [main                     ] DEBUG GameApplication      - Logging settings
Title: Final Journey
Version: Alpha
Width: 1280
Height: 720
Fullscreen: true
Intro: false
Profiling: false
Single step:false
App Mode: DEVELOPER
Menu Key: ESCAPE
Stage Style: DECORATED
Scene Factory: class com.almasb.fxgl.app.scene.SceneFactory

08:09:48.883 [JavaFX Application Thread] DEBUG FXGLApplication      - Initializing FXGL
08:09:48.887 [JavaFX Application Thread] INFO  Engine               - FXGL-21.1 (27.03.2024 07.52) on WINDOWS (J:21.0.5 FX:21.0.1)
08:09:48.887 [JavaFX Application Thread] DEBUG Engine               - JRE Vendor Name: Eclipse Adoptium
08:09:48.887 [JavaFX Application Thread] DEBUG Engine               - Running on OS: Windows 11 version 10.0
08:09:48.888 [JavaFX Application Thread] DEBUG Engine               - Architecture: amd64
08:09:48.888 [JavaFX Application Thread] INFO  Engine               - Source code and latest versions at: https://github.com/AlmasB/FXGL
08:09:48.888 [JavaFX Application Thread] INFO  Engine               -       Ask questions and discuss at: https://github.com/AlmasB/FXGL/discussions
08:09:48.888 [JavaFX Application Thread] INFO  Engine               -              Join the FXGL chat at: https://gitter.im/AlmasB/FXGL
08:09:48.981 [JavaFX Application Thread] DEBUG PrimaryStageWindow   - Creating a JavaFX scene
08:09:49.044 [JavaFX Application Thread] DEBUG PrimaryStageWindow   - Target settings size: 1280.0 x 720.0
08:09:49.045 [JavaFX Application Thread] DEBUG PrimaryStageWindow   - Scaled scene size:    1280.0 x 720.0
08:09:49.045 [JavaFX Application Thread] DEBUG PrimaryStageWindow   - Scaled ratio: (1.0, 1.0)
08:09:49.047 [JavaFX Application Thread] DEBUG PrimaryStageWindow   - Set initial scene to FXGLStartupScene
08:09:49.051 [JavaFX Application Thread] DEBUG PrimaryStageWindow   - Opening main window
08:09:49.154 [JavaFX Application Thread] DEBUG PrimaryStageWindow   - Window border size: (14.4000244140625, 37.5999755859375)
08:09:49.154 [JavaFX Application Thread] DEBUG PrimaryStageWindow   - Scaled size: 1280.0 x 720.0
08:09:49.154 [JavaFX Application Thread] DEBUG PrimaryStageWindow   - Scaled ratio: (1.0, 1.0)
08:09:49.154 [JavaFX Application Thread] DEBUG PrimaryStageWindow   - Scene size: 1280.0 x 720.0
08:09:49.154 [JavaFX Application Thread] DEBUG PrimaryStageWindow   - Stage size: 1294.4000244140625 x 757.5999755859375
08:09:49.216 [JavaFX Application Thread] DEBUG PrimaryStageWindow   - Going fullscreen
08:09:49.226 [FXGL Background Thread 1 ] DEBUG Engine               - Initializing environment variables
08:09:49.275 [FXGL Background Thread 1 ] DEBUG FXGLAssetLoaderServi - User app class for loading assets: class com.project.App
08:09:49.275 [FXGL Background Thread 1 ] DEBUG GameApplicationServi - Applying CSS: fxgl_dark.css
08:09:49.276 [FXGL Background Thread 1 ] DEBUG FXGLAssetLoaderServi - Loading from file system: jar:file:/C:/Users/Lenovo/.m2/repository/com/github/almasb/fxgl/21.1/fxgl-21.1.jar!/fxglassets/ui/css/fxgl_dark.css
08:09:49.312 [FXGL Background Thread 1 ] DEBUG GameApplicationServi - Initializing application scenes
08:09:49.362 [FXGL Background Thread 1 ] DEBUG GameWorld            - Game world initialized
08:09:49.409 [FXGL Background Thread 1 ] DEBUG PhysicsWorld         - Physics world initialized: appHeight=720, physics.ppm=50.0
08:09:49.410 [FXGL Background Thread 1 ] DEBUG PhysicsWorld         - Using strategy: BRUTE_FORCE
08:09:49.412 [FXGL Background Thread 1 ] DEBUG GameScene            - Game scene initialized: 1280x720
08:09:49.422 [FXGL Background Thread 1 ] DEBUG FXGL.DefaultMenu     - createMenuBodyGameMenu()
08:09:49.434 [FXGL Background Thread 1 ] DEBUG FXGL.DefaultMenu     - createOptionsMenu()
08:09:49.442 [FXGL Background Thread 1 ] DEBUG FXGLAssetLoaderServi - Loading from file system: jar:file:/C:/Users/Lenovo/.m2/repository/com/github/almasb/fxgl/21.1/fxgl-21.1.jar!/fxglassets/textures/particles/smoke.png
08:09:49.532 [FXGL Background Thread 1 ] DEBUG FXGLAssetLoaderServi - Loading from file system: jar:file:/C:/Users/Lenovo/.m2/repository/com/github/almasb/fxgl/21.1/fxgl-21.1.jar!/fxglassets/textures/particles/trace_horizontal.png
08:09:49.550 [FXGL Background Thread 1 ] DEBUG GameApplicationServi - Application scenes initialized
08:09:49.564 [FXGL Background Thread 1 ] DEBUG SystemBundleService  - Loading FXGL system data
08:09:49.569 [FXGL Background Thread 1 ] DEBUG FileSystemAccess     - Reading from: C:\Users\Lenovo\ProjectJava3.0\myproject\myproject\system\fxgl.bundle
08:09:49.578 [FXGL Background Thread 1 ] DEBUG SystemBundleService  - Bundle FXGL: {}
08:09:49.579 [FXGL Background Thread 1 ] DEBUG UpdaterService       - Checking for updates
08:09:49.609 [FXGL Background Thread 4 ] DEBUG FXGLApplication      - Loading fonts
08:09:49.610 [FXGL Background Thread 4 ] DEBUG FXGLAssetLoaderServi - Loading from file system: jar:file:/C:/Users/Lenovo/.m2/repository/com/github/almasb/fxgl/21.1/fxgl-21.1.jar!/fxglassets/ui/fonts/VarelaRound-Regular.ttf
08:09:49.612 [FXGL Background Thread 1 ] DEBUG FXGLApplication      - Loading default localization
08:09:49.612 [FXGL Background Thread 1 ] DEBUG FXGLAssetLoaderServi - Loading from file system: jar:file:/C:/Users/Lenovo/.m2/repository/com/github/almasb/fxgl/21.1/fxgl-21.1.jar!/fxglassets/languages/english.lang
08:09:49.652 [FXGL Background Thread 4 ] DEBUG FXGLAssetLoaderServi - Loading from file system: jar:file:/C:/Users/Lenovo/.m2/repository/com/github/almasb/fxgl/21.1/fxgl-21.1.jar!/fxglassets/ui/fonts/Abel-Regular.ttf
08:09:49.655 [FXGL Background Thread 4 ] DEBUG FXGLAssetLoaderServi - Loading from file system: jar:file:/C:/Users/Lenovo/.m2/repository/com/github/almasb/fxgl/21.1/fxgl-21.1.jar!/fxglassets/ui/fonts/TerminalLandMono-Regular.otf
08:09:49.660 [FXGL Background Thread 4 ] DEBUG FXGLAssetLoaderServi - Loading from file system: jar:file:/C:/Users/Lenovo/.m2/repository/com/github/almasb/fxgl/21.1/fxgl-21.1.jar!/fxglassets/ui/fonts/Courier-Prime.ttf
08:09:49.663 [FXGL Background Thread 1 ] INFO  FXGLApplication      - FXGL initialization took: 0.437 sec
08:09:49.675 [JavaFX Application Thread] DEBUG Input                - Registered new binding: Right - D
08:09:49.675 [JavaFX Application Thread] DEBUG Input                - Registered new binding: Left - A
08:09:49.675 [JavaFX Application Thread] DEBUG Input                - Registered new binding: Up - W
08:09:49.676 [JavaFX Application Thread] DEBUG Input                - Registered new binding: Down - S
08:09:49.676 [JavaFX Application Thread] DEBUG Input                - Registered new binding: Interact - E
08:09:49.676 [JavaFX Application Thread] DEBUG FXGLAssetLoaderServi - Loading from file system: jar:file:/C:/Users/Lenovo/.m2/repository/com/github/almasb/fxgl/21.1/fxgl-21.1.jar!/fxglassets/textures/fxgl_icon.png
08:09:49.693 [JavaFX Application Thread] DEBUG FXGLAssetLoaderServi - Loading from file system: jar:file:/C:/Users/Lenovo/.m2/repository/com/github/almasb/fxgl/21.1/fxgl-21.1.jar!/fxglassets/textures/fxgl_default_cursor.png
08:09:49.697 [JavaFX Application Thread] DEBUG Input                - Registered new binding: Screenshot - CTRL+8
08:09:49.697 [JavaFX Application Thread] DEBUG Input                - Registered new binding: Dev Options - 1
08:09:49.698 [JavaFX Application Thread] DEBUG Input                - Registered new binding: Dev Console - 2
08:09:49.698 [JavaFX Application Thread] DEBUG Input                - Registered new binding: System info dump - CTRL+9
08:09:49.699 [JavaFX Application Thread] DEBUG Input                - Registered new binding: Restart - CTRL+R
08:09:49.700 [JavaFX Application Thread] DEBUG Input                - Registered new binding: Toggle Debug Camera - CTRL+7
08:09:49.705 [JavaFX Application Thread] DEBUG LoopRunner           - Starting loop
08:09:49.734 [JavaFX Application Thread] DEBUG LoopRunner           - Initializing JavaFX AnimationTimerLoop
08:09:49.735 [JavaFX Application Thread] DEBUG GameApplicationServi - Starting new game
08:09:49.737 [JavaFX Application Thread] DEBUG Input                - Clearing active input actions
08:09:49.748 [JavaFX Application Thread] DEBUG GameApplicationServi - Removing overlay from FXGLStartupScene and adding to FXGLLoadingScene
08:09:49.751 [JavaFX Application Thread] DEBUG PrimaryStageWindow   - FXGLStartupScene -> FXGLLoadingScene
08:09:49.752 [JavaFX Application Thread] DEBUG GameApplicationServi - Clearing previous game
08:09:49.752 [JavaFX Application Thread] DEBUG GameScene            - Clearing game scene
08:09:49.752 [JavaFX Application Thread] DEBUG GameWorld            - Clearing game world
08:09:49.752 [JavaFX Application Thread] DEBUG PhysicsWorld         - Clearing physics world
08:09:49.753 [FXGL Background Thread 4 ] DEBUG FXGLApplication      - Initializing game
08:09:49.755 [JavaFX Application Thread] DEBUG FXGLApplication      - Registering font factories with UI factory
08:09:49.794 [FXGL Background Thread 4 ] WARN  TMXLevelLoader       - TiledMap generated from 1.11.2. Supported version: 1.9.0. Some features may not be parsed fully.
08:09:49.827 [FXGL Background Thread 4 ] DEBUG TMXLevelLoader       - Parsed TiledMap: file:/C:/Users/Lenovo/ProjectJava3.0/myproject/myproject/target/classes/assets/levels/scene1.tmx
08:09:49.828 [FXGL Background Thread 4 ] DEBUG TMXLevelLoader       - Creating tile layer entities
08:09:49.832 [FXGL Background Thread 4 ] DEBUG TilesetLoader        - Loading view for layer lowefloor
08:09:49.832 [FXGL Background Thread 4 ] DEBUG TilesetLoader        - Created buffer with size 512.0x1024.0
08:09:49.891 [FXGL Background Thread 4 ] DEBUG TilesetLoader        - Loading view for layer cliff
08:09:49.892 [FXGL Background Thread 4 ] DEBUG TilesetLoader        - Created buffer with size 512.0x1024.0
08:09:49.893 [FXGL Background Thread 4 ] DEBUG TilesetLoader        - Loading view for layer cliff1
08:09:49.895 [FXGL Background Thread 4 ] DEBUG TilesetLoader        - Created buffer with size 512.0x1024.0
08:09:49.897 [FXGL Background Thread 4 ] DEBUG TilesetLoader        - Loading view for layer cliff2
08:09:49.897 [FXGL Background Thread 4 ] DEBUG TilesetLoader        - Created buffer with size 512.0x1024.0
08:09:49.899 [FXGL Background Thread 4 ] DEBUG TilesetLoader        - Loading view for layer Tile Layer 3
08:09:49.899 [FXGL Background Thread 4 ] DEBUG TilesetLoader        - Created buffer with size 512.0x1024.0
08:09:49.900 [FXGL Background Thread 4 ] DEBUG TilesetLoader        - Loading view for layer Tile Layer 6
08:09:49.902 [FXGL Background Thread 4 ] DEBUG TilesetLoader        - Created buffer with size 512.0x1024.0
08:09:49.988 [FXGL Background Thread 4 ] DEBUG TilesetLoader        - Loading view for layer prop
08:09:49.988 [FXGL Background Thread 4 ] DEBUG TilesetLoader        - Created buffer with size 512.0x1024.0
08:09:49.989 [FXGL Background Thread 4 ] DEBUG TMXLevelLoader       - Creating object layer entities
08:09:50.023 [FXGL Background Thread 4 ] DEBUG FXGLAssetLoaderServi - Loading from file system: file:/C:/Users/Lenovo/ProjectJava3.0/myproject/myproject/target/classes/assets/textures/Rafflesia.png
08:09:50.044 [FXGL Background Thread 4 ] WARN  TMXLevelLoader       - TiledMap generated from 1.11.2. Supported version: 1.9.0. Some features may not be parsed fully.
08:09:50.056 [FXGL Background Thread 4 ] DEBUG TMXLevelLoader       - Parsed TiledMap: file:/C:/Users/Lenovo/ProjectJava3.0/myproject/myproject/target/classes/assets/levels/scene1.tmx
08:09:50.056 [FXGL Background Thread 4 ] DEBUG TMXLevelLoader       - Creating tile layer entities
08:09:50.057 [FXGL Background Thread 4 ] DEBUG TilesetLoader        - Loading view for layer lowefloor
08:09:50.057 [FXGL Background Thread 4 ] DEBUG TilesetLoader        - Created buffer with size 512.0x1024.0
08:09:50.086 [FXGL Background Thread 4 ] DEBUG TilesetLoader        - Loading view for layer cliff
08:09:50.086 [FXGL Background Thread 4 ] DEBUG TilesetLoader        - Created buffer with size 512.0x1024.0
08:09:50.087 [FXGL Background Thread 4 ] DEBUG TilesetLoader        - Loading view for layer cliff1
08:09:50.088 [FXGL Background Thread 4 ] DEBUG TilesetLoader        - Created buffer with size 512.0x1024.0
08:09:50.089 [FXGL Background Thread 4 ] DEBUG TilesetLoader        - Loading view for layer cliff2
08:09:50.089 [FXGL Background Thread 4 ] DEBUG TilesetLoader        - Created buffer with size 512.0x1024.0
08:09:50.090 [FXGL Background Thread 4 ] DEBUG TilesetLoader        - Loading view for layer Tile Layer 3
08:09:50.091 [FXGL Background Thread 4 ] DEBUG TilesetLoader        - Created buffer with size 512.0x1024.0
08:09:50.091 [FXGL Background Thread 4 ] DEBUG TilesetLoader        - Loading view for layer Tile Layer 6
08:09:50.092 [FXGL Background Thread 4 ] DEBUG TilesetLoader        - Created buffer with size 512.0x1024.0
08:09:50.146 [FXGL Background Thread 4 ] DEBUG TilesetLoader        - Loading view for layer prop
08:09:50.146 [FXGL Background Thread 4 ] DEBUG TilesetLoader        - Created buffer with size 512.0x1024.0
08:09:50.147 [FXGL Background Thread 4 ] DEBUG TMXLevelLoader       - Creating object layer entities
08:09:50.158 [FXGL Background Thread 4 ] DEBUG GameWorld            - Clearing removable entities
08:09:50.159 [FXGL Background Thread 4 ] DEBUG GameWorld            - Setting level: com.almasb.fxgl.entity.level.Level@43c3ad05
08:09:50.174 [FXGL Background Thread 4 ] DEBUG FXGLAssetLoaderServi - Loading from file system: file:/C:/Users/Lenovo/ProjectJava3.0/myproject/myproject/target/classes/assets/textures/Actor1.png
08:09:50.187 [FXGL Background Thread 4 ] INFO  FXGLApplication      - Game initialization took: 0.433 sec
08:09:50.189 [JavaFX Application Thread] DEBUG Input                - Clearing active input actions
08:09:50.200 [JavaFX Application Thread] DEBUG GameApplicationServi - Removing overlay from FXGLLoadingScene and adding to GameScene
08:09:50.203 [JavaFX Application Thread] DEBUG PrimaryStageWindow   - FXGLLoadingScene -> GameScene
08:09:52.608 [FXGL Background Thread 3 ] DEBUG Engine               - Logging environment variables
08:09:52.608 [FXGL Background Thread 3 ] DEBUG Engine               - achievements: []
08:09:52.608 [FXGL Background Thread 3 ] DEBUG Engine               - actualHeight: 864.0
08:09:52.608 [FXGL Background Thread 3 ] DEBUG Engine               - actualHeightProperty: ReadOnlyDoubleProperty [value: 864.0]
08:09:52.610 [FXGL Background Thread 3 ] DEBUG Engine               - actualWidth: 1536.0
08:09:52.610 [FXGL Background Thread 3 ] DEBUG Engine               - actualWidthProperty: ReadOnlyDoubleProperty [value: 1536.0]
08:09:52.610 [FXGL Background Thread 3 ] DEBUG Engine               - appIcon: fxgl_icon.png
08:09:52.610 [FXGL Background Thread 3 ] DEBUG Engine               - applicationMode: DEVELOPER
08:09:52.610 [FXGL Background Thread 3 ] DEBUG Engine               - cSSList: [fxgl_dark.css]
08:09:52.610 [FXGL Background Thread 3 ] DEBUG Engine               - collisionDetectionStrategy: BRUTE_FORCE
08:09:52.610 [FXGL Background Thread 3 ] DEBUG Engine               - configClass: Optional.empty
08:09:52.610 [FXGL Background Thread 3 ] DEBUG Engine               - credits: []
08:09:52.610 [FXGL Background Thread 3 ] DEBUG Engine               - defaultCursor: CursorInfo(imageName=fxgl_default_cursor.png, hotspotX=7.0, hotspotY=6.0)
08:09:52.610 [FXGL Background Thread 3 ] DEBUG Engine               - devBBoxColorProperty: ObjectProperty [value: 0xff0000ff]
08:09:52.610 [FXGL Background Thread 3 ] DEBUG Engine               - devEnableDebugCameraProperty: BooleanProperty [value: false]
08:09:52.610 [FXGL Background Thread 3 ] DEBUG Engine               - devSensorColorProperty: ObjectProperty [value: 0xffff00ff]
08:09:52.610 [FXGL Background Thread 3 ] DEBUG Engine               - devShowBBoxProperty: BooleanProperty [value: false]
08:09:52.610 [FXGL Background Thread 3 ] DEBUG Engine               - devShowPositionProperty: BooleanProperty [value: false]
08:09:52.610 [FXGL Background Thread 3 ] DEBUG Engine               - enabledMenuItems: []
08:09:52.611 [FXGL Background Thread 3 ] DEBUG Engine               - engineServices: [class com.almasb.fxgl.app.services.FXGLAssetLoaderService, class com.almasb.fxgl.app.FXGLApplication$GameApplicationService, class com.almasb.fxgl.app.services.FXGLDialogService, class com.almasb.fxgl.app.services.IOTaskExecutorService, class com.almasb.fxgl.io.FileSystemService, class com.almasb.fxgl.localization.LocalizationService, class com.almasb.fxgl.app.services.SystemBundleService, class com.almasb.fxgl.profile.SaveLoadService, class com.almasb.fxgl.ui.FXGLUIFactoryServiceProvider, class com.almasb.fxgl.ui.FXGLDialogFactoryServiceProvider, class com.almasb.fxgl.audio.AudioPlayer, class com.almasb.fxgl.notification.impl.NotificationServiceProvider, class com.almasb.fxgl.achievement.AchievementService, class com.almasb.fxgl.cutscene.CutsceneService, class com.almasb.fxgl.minigames.MiniGameService, class com.almasb.fxgl.net.NetService, class com.almasb.fxgl.app.services.UpdaterService, class com.almasb.fxgl.dev.DevService]
08:09:52.611 [FXGL Background Thread 3 ] DEBUG Engine               - fontGame: Abel-Regular.ttf
08:09:52.611 [FXGL Background Thread 3 ] DEBUG Engine               - fontMono: TerminalLandMono-Regular.otf
08:09:52.611 [FXGL Background Thread 3 ] DEBUG Engine               - fontSizeScaleUI: 1.0
08:09:52.611 [FXGL Background Thread 3 ] DEBUG Engine               - fontText: Courier-Prime.ttf
08:09:52.611 [FXGL Background Thread 3 ] DEBUG Engine               - fontUI: VarelaRound-Regular.ttf
08:09:52.611 [FXGL Background Thread 3 ] DEBUG Engine               - fullScreen: BooleanProperty [value: true]
08:09:52.611 [FXGL Background Thread 3 ] DEBUG Engine               - gameDifficulty: MEDIUM
08:09:52.611 [FXGL Background Thread 3 ] DEBUG Engine               - gameDifficultyProperty: ObjectProperty [value: MEDIUM]
08:09:52.611 [FXGL Background Thread 3 ] DEBUG Engine               - globalMusicVolume: 0.5
08:09:52.611 [FXGL Background Thread 3 ] DEBUG Engine               - globalMusicVolumeProperty: DoubleProperty [value: 0.5]
08:09:52.612 [FXGL Background Thread 3 ] DEBUG Engine               - globalSoundVolume: 0.5
08:09:52.612 [FXGL Background Thread 3 ] DEBUG Engine               - globalSoundVolumeProperty: DoubleProperty [value: 0.5]
08:09:52.612 [FXGL Background Thread 3 ] DEBUG Engine               - height: 720
08:09:52.612 [FXGL Background Thread 3 ] DEBUG Engine               - is3D: false
08:09:52.612 [FXGL Background Thread 3 ] DEBUG Engine               - isAndroid: false
08:09:52.612 [FXGL Background Thread 3 ] DEBUG Engine               - isBrowser: false
08:09:52.612 [FXGL Background Thread 3 ] DEBUG Engine               - isClickFeedbackEnabled: false
08:09:52.612 [FXGL Background Thread 3 ] DEBUG Engine               - isCloseConfirmation: false
08:09:52.612 [FXGL Background Thread 3 ] DEBUG Engine               - isDesktop: true
08:09:52.612 [FXGL Background Thread 3 ] DEBUG Engine               - isDeveloperMenuEnabled: true
08:09:52.612 [FXGL Background Thread 3 ] DEBUG Engine               - isEmbedded: false
08:09:52.612 [FXGL Background Thread 3 ] DEBUG Engine               - isEntityPreloadEnabled: true
08:09:52.612 [FXGL Background Thread 3 ] DEBUG Engine               - isExperimentalTiledLargeMap: false
08:09:52.612 [FXGL Background Thread 3 ] DEBUG Engine               - isFileSystemWriteAllowed: true
08:09:52.612 [FXGL Background Thread 3 ] DEBUG Engine               - isFullScreenAllowed: true
08:09:52.612 [FXGL Background Thread 3 ] DEBUG Engine               - isFullScreenFromStart: true
08:09:52.613 [FXGL Background Thread 3 ] DEBUG Engine               - isGameMenuEnabled: true
08:09:52.613 [FXGL Background Thread 3 ] DEBUG Engine               - isIOS: false
08:09:52.613 [FXGL Background Thread 3 ] DEBUG Engine               - isIntroEnabled: false
08:09:52.613 [FXGL Background Thread 3 ] DEBUG Engine               - isLinux: false
08:09:52.613 [FXGL Background Thread 3 ] DEBUG Engine               - isMac: false
08:09:52.613 [FXGL Background Thread 3 ] DEBUG Engine               - isMainMenuEnabled: false
08:09:52.613 [FXGL Background Thread 3 ] DEBUG Engine               - isManualResizeEnabled: false
08:09:52.613 [FXGL Background Thread 3 ] DEBUG Engine               - isMobile: false
08:09:52.613 [FXGL Background Thread 3 ] DEBUG Engine               - isNative: false
08:09:52.613 [FXGL Background Thread 3 ] DEBUG Engine               - isPauseMusicWhenMinimized: true
08:09:52.613 [FXGL Background Thread 3 ] DEBUG Engine               - isPreserveResizeRatio: false
08:09:52.613 [FXGL Background Thread 3 ] DEBUG Engine               - isProfilingEnabled: false
08:09:52.613 [FXGL Background Thread 3 ] DEBUG Engine               - isScaleAffectedOnResize: true
08:09:52.613 [FXGL Background Thread 3 ] DEBUG Engine               - isSingleStep: false
08:09:52.613 [FXGL Background Thread 3 ] DEBUG Engine               - isUserProfileEnabled: false
08:09:52.613 [FXGL Background Thread 3 ] DEBUG Engine               - isWindows: true
08:09:52.613 [FXGL Background Thread 3 ] DEBUG Engine               - language: ObjectProperty [value: ENGLISH]
08:09:52.613 [FXGL Background Thread 3 ] DEBUG Engine               - menuKey: ESCAPE
08:09:52.613 [FXGL Background Thread 3 ] DEBUG Engine               - mouseSensitivity: 0.2
08:09:52.613 [FXGL Background Thread 3 ] DEBUG Engine               - notificationViewClass: class com.almasb.fxgl.notification.view.XboxNotificationView
08:09:52.613 [FXGL Background Thread 3 ] DEBUG Engine               - pixelsPerMeter: 50.0
08:09:52.614 [FXGL Background Thread 3 ] DEBUG Engine               - platform: WINDOWS
08:09:52.614 [FXGL Background Thread 3 ] DEBUG Engine               - prefHeightProperty: ReadOnlyDoubleProperty [value: 720.0]
08:09:52.614 [FXGL Background Thread 3 ] DEBUG Engine               - prefWidthProperty: ReadOnlyDoubleProperty [value: 1280.0]
08:09:52.614 [FXGL Background Thread 3 ] DEBUG Engine               - profileDir: profiles/
08:09:52.614 [FXGL Background Thread 3 ] DEBUG Engine               - profileName: StringProperty [value: DEFAULT]
08:09:52.614 [FXGL Background Thread 3 ] DEBUG Engine               - randomSeed: -1
08:09:52.614 [FXGL Background Thread 3 ] DEBUG Engine               - runtimeInfo: RuntimeInfo(platform=WINDOWS, version=21.1, build=27.03.2024 07.52)
08:09:52.614 [FXGL Background Thread 3 ] DEBUG Engine               - saveFileExt: sav
08:09:52.614 [FXGL Background Thread 3 ] DEBUG Engine               - scaledHeightProp$fxgl: DoubleProperty [bound, value: 864.0]
08:09:52.614 [FXGL Background Thread 3 ] DEBUG Engine               - scaledWidthProp$fxgl: DoubleProperty [bound, value: 1536.0]
08:09:52.614 [FXGL Background Thread 3 ] DEBUG Engine               - sceneFactory: com.almasb.fxgl.app.scene.SceneFactory@6e7567a5
08:09:52.614 [FXGL Background Thread 3 ] DEBUG Engine               - secondsIn24h: 60
08:09:52.614 [FXGL Background Thread 3 ] DEBUG Engine               - soundMenuBack: menu/back.wav
08:09:52.614 [FXGL Background Thread 3 ] DEBUG Engine               - soundMenuPress: menu/press.wav
08:09:52.614 [FXGL Background Thread 3 ] DEBUG Engine               - soundMenuSelect: menu/select.wav
08:09:52.614 [FXGL Background Thread 3 ] DEBUG Engine               - soundNotification: core/notification.wav
08:09:52.614 [FXGL Background Thread 3 ] DEBUG Engine               - stageStyle: DECORATED
08:09:52.615 [FXGL Background Thread 3 ] DEBUG Engine               - supportedLanguages: [ENGLISH, FRENCH, GERMAN, HUNGARIAN, RUSSIAN]
08:09:52.615 [FXGL Background Thread 3 ] DEBUG Engine               - ticksPerSecond: -1
08:09:52.615 [FXGL Background Thread 3 ] DEBUG Engine               - title: Final Journey
08:09:52.615 [FXGL Background Thread 3 ] DEBUG Engine               - urlGithub: https://github.com/AlmasB/FXGL
08:09:52.615 [FXGL Background Thread 3 ] DEBUG Engine               - urlLeaderboard: http://fxgl-top.herokuapp.com/
08:09:52.615 [FXGL Background Thread 3 ] DEBUG Engine               - urlPOM: https://raw.githubusercontent.com/AlmasB/FXGL/release/README.md
08:09:52.615 [FXGL Background Thread 3 ] DEBUG Engine               - userAppClass: class com.project.App
08:09:52.616 [FXGL Background Thread 3 ] DEBUG Engine               - version: Alpha
08:09:52.616 [FXGL Background Thread 3 ] DEBUG Engine               - versionCheckDays: 7
08:09:52.616 [FXGL Background Thread 3 ] DEBUG Engine               - width: 1280
08:09:52.616 [FXGL Background Thread 3 ] DEBUG Engine               - Logging services
08:09:52.616 [FXGL Background Thread 3 ] DEBUG Engine               - class com.almasb.fxgl.app.services.FXGLAssetLoaderService
08:09:52.616 [FXGL Background Thread 3 ] DEBUG Engine               - class com.almasb.fxgl.app.FXGLApplication$GameApplicationService
08:09:52.616 [FXGL Background Thread 3 ] DEBUG Engine               - class com.almasb.fxgl.app.services.FXGLDialogService
08:09:52.616 [FXGL Background Thread 3 ] DEBUG Engine               - class com.almasb.fxgl.app.services.IOTaskExecutorService
08:09:52.616 [FXGL Background Thread 3 ] DEBUG Engine               - class com.almasb.fxgl.io.FileSystemService
08:09:52.616 [FXGL Background Thread 3 ] DEBUG Engine               - class com.almasb.fxgl.localization.LocalizationService
08:09:52.616 [FXGL Background Thread 3 ] DEBUG Engine               - class com.almasb.fxgl.app.services.SystemBundleService
08:09:52.616 [FXGL Background Thread 3 ] DEBUG Engine               - class com.almasb.fxgl.profile.SaveLoadService
08:09:52.616 [FXGL Background Thread 3 ] DEBUG Engine               - class com.almasb.fxgl.ui.FXGLUIFactoryServiceProvider
08:09:52.616 [FXGL Background Thread 3 ] DEBUG Engine               - class com.almasb.fxgl.ui.FXGLDialogFactoryServiceProvider
08:09:52.616 [FXGL Background Thread 3 ] DEBUG Engine               - class com.almasb.fxgl.audio.AudioPlayer
08:09:52.616 [FXGL Background Thread 3 ] DEBUG Engine               - class com.almasb.fxgl.notification.impl.NotificationServiceProvider
08:09:52.616 [FXGL Background Thread 3 ] DEBUG Engine               - class com.almasb.fxgl.achievement.AchievementService
08:09:52.616 [FXGL Background Thread 3 ] DEBUG Engine               - class com.almasb.fxgl.cutscene.CutsceneService
08:09:52.616 [FXGL Background Thread 3 ] DEBUG Engine               - class com.almasb.fxgl.minigames.MiniGameService
08:09:52.616 [FXGL Background Thread 3 ] DEBUG Engine               - class com.almasb.fxgl.net.NetService
08:09:52.616 [FXGL Background Thread 3 ] DEBUG Engine               - class com.almasb.fxgl.app.services.UpdaterService
08:09:52.616 [FXGL Background Thread 3 ] DEBUG Engine               - class com.almasb.fxgl.dev.DevService
08:09:54.904 [JavaFX Application Thread] DEBUG FXGLAssetLoaderServi - Loading from file system: file:/C:/Users/Lenovo/ProjectJava3.0/myproject/myproject/target/classes/assets/text/CutScene1.txt
08:09:54.911 [JavaFX Application Thread] DEBUG Input                - Registered new binding: Next RPG Line - Enter
08:09:54.913 [JavaFX Application Thread] DEBUG PrimaryStageWindow   - Push state: CutsceneScene
08:09:54.915 [JavaFX Application Thread] DEBUG Input                - Clearing active input actions
08:09:54.915 [JavaFX Application Thread] DEBUG GameApplicationServi - Removing overlay from GameScene and adding to CutsceneScene
08:09:54.917 [JavaFX Application Thread] DEBUG PrimaryStageWindow   - GameScene -> CutsceneScene
08:09:58.546 [JavaFX Application Thread] DEBUG PrimaryStageWindow   - Pop state: CutsceneScene
08:09:58.546 [JavaFX Application Thread] DEBUG Input                - Clearing active input actions
08:09:58.548 [JavaFX Application Thread] DEBUG GameApplicationServi - Removing overlay from CutsceneScene and adding to GameScene
08:09:58.550 [JavaFX Application Thread] DEBUG PrimaryStageWindow   - GameScene <- CutsceneScene
08:09:58.551 [JavaFX Application Thread] DEBUG EventBus             - Firing event: com.GameEvent.CombatScene[source=javafx.event.Event$$Lambda/0x000001e3961742e8@5864dbfd]
08:09:58.554 [JavaFX Application Thread] WARN  TMXLevelLoader       - TiledMap generated from 1.11.2. Supported version: 1.9.0. Some features may not be parsed fully.
08:09:58.561 [JavaFX Application Thread] DEBUG TMXLevelLoader       - Parsed TiledMap: file:/C:/Users/Lenovo/ProjectJava3.0/myproject/myproject/target/classes/assets/levels/battle1.tmx
08:09:58.561 [JavaFX Application Thread] DEBUG TMXLevelLoader       - Creating tile layer entities
08:09:58.561 [JavaFX Application Thread] DEBUG TilesetLoader        - Loading view for layer Tile Layer 1
08:09:58.562 [JavaFX Application Thread] DEBUG TilesetLoader        - Created buffer with size 2048.0x1024.0
08:09:58.648 [JavaFX Application Thread] DEBUG TMXLevelLoader       - Creating object layer entities
08:09:58.649 [JavaFX Application Thread] DEBUG FXGLAssetLoaderServi - Loading from file system: file:/C:/Users/Lenovo/ProjectJava3.0/myproject/myproject/target/classes/assets/textures/Boss%20Dryad%20Queen%20Rafflesia.png
08:09:58.673 [JavaFX Application Thread] DEBUG FXGLAssetLoaderServi - Loading from file system: file:/C:/Users/Lenovo/ProjectJava3.0/myproject/myproject/target/classes/assets/textures/Reid.png
08:09:58.826 [JavaFX Application Thread] DEBUG FXGLAssetLoaderServi - Loading from file system: file:/C:/Users/Lenovo/ProjectJava3.0/myproject/myproject/target/classes/assets/textures/marsha.png
08:09:58.977 [JavaFX Application Thread] DEBUG GameWorld            - Clearing removable entities
08:09:58.983 [JavaFX Application Thread] DEBUG GameWorld            - Setting level: com.almasb.fxgl.entity.level.Level@5a493f9e
08:09:58.985 [JavaFX Application Thread] WARN  TMXLevelLoader       - TiledMap generated from 1.11.2. Supported version: 1.9.0. Some features may not be parsed fully.
08:09:58.989 [JavaFX Application Thread] DEBUG TMXLevelLoader       - Parsed TiledMap: file:/C:/Users/Lenovo/ProjectJava3.0/myproject/myproject/target/classes/assets/levels/battle1.tmx
08:09:58.990 [JavaFX Application Thread] DEBUG TMXLevelLoader       - Creating tile layer entities
08:09:58.990 [JavaFX Application Thread] DEBUG TilesetLoader        - Loading view for layer Tile Layer 1
08:09:58.993 [JavaFX Application Thread] DEBUG TilesetLoader        - Created buffer with size 2048.0x1024.0
08:09:59.091 [JavaFX Application Thread] DEBUG TMXLevelLoader       - Creating object layer entities
08:10:10.418 [JavaFX Application Thread] DEBUG EventBus             - Firing event: com.GameEvent.BackMainScene[source=javafx.event.Event$$Lambda/0x000001e3961742e8@5864dbfd]
08:10:10.420 [JavaFX Application Thread] WARN  TMXLevelLoader       - TiledMap generated from 1.11.2. Supported version: 1.9.0. Some features may not be parsed fully.
08:10:10.427 [JavaFX Application Thread] DEBUG TMXLevelLoader       - Parsed TiledMap: file:/C:/Users/Lenovo/ProjectJava3.0/myproject/myproject/target/classes/assets/levels/scene1.tmx
08:10:10.428 [JavaFX Application Thread] DEBUG TMXLevelLoader       - Creating tile layer entities
08:10:10.428 [JavaFX Application Thread] DEBUG TilesetLoader        - Loading view for layer lowefloor
08:10:10.428 [JavaFX Application Thread] DEBUG TilesetLoader        - Created buffer with size 512.0x1024.0
08:10:10.451 [JavaFX Application Thread] DEBUG TilesetLoader        - Loading view for layer cliff
08:10:10.451 [JavaFX Application Thread] DEBUG TilesetLoader        - Created buffer with size 512.0x1024.0
08:10:10.451 [JavaFX Application Thread] DEBUG TilesetLoader        - Loading view for layer cliff1
08:10:10.451 [JavaFX Application Thread] DEBUG TilesetLoader        - Created buffer with size 512.0x1024.0
08:10:10.452 [JavaFX Application Thread] DEBUG TilesetLoader        - Loading view for layer cliff2
08:10:10.453 [JavaFX Application Thread] DEBUG TilesetLoader        - Created buffer with size 512.0x1024.0
08:10:10.453 [JavaFX Application Thread] DEBUG TilesetLoader        - Loading view for layer Tile Layer 3
08:10:10.454 [JavaFX Application Thread] DEBUG TilesetLoader        - Created buffer with size 512.0x1024.0
08:10:10.454 [JavaFX Application Thread] DEBUG TilesetLoader        - Loading view for layer Tile Layer 6
08:10:10.454 [JavaFX Application Thread] DEBUG TilesetLoader        - Created buffer with size 512.0x1024.0
08:10:10.501 [JavaFX Application Thread] DEBUG TilesetLoader        - Loading view for layer prop
08:10:10.501 [JavaFX Application Thread] DEBUG TilesetLoader        - Created buffer with size 512.0x1024.0
08:10:10.501 [JavaFX Application Thread] DEBUG TMXLevelLoader       - Creating object layer entities
08:10:10.506 [JavaFX Application Thread] DEBUG GameWorld            - Clearing removable entities
08:10:10.506 [JavaFX Application Thread] DEBUG GameWorld            - Setting level: com.almasb.fxgl.entity.level.Level@292e8fa
08:10:10.510 [JavaFX Application Thread] WARN  TMXLevelLoader       - TiledMap generated from 1.11.2. Supported version: 1.9.0. Some features may not be parsed fully.
08:10:10.517 [JavaFX Application Thread] DEBUG TMXLevelLoader       - Parsed TiledMap: file:/C:/Users/Lenovo/ProjectJava3.0/myproject/myproject/target/classes/assets/levels/scene1.tmx
08:10:10.517 [JavaFX Application Thread] DEBUG TMXLevelLoader       - Creating tile layer entities
08:10:10.517 [JavaFX Application Thread] DEBUG TilesetLoader        - Loading view for layer lowefloor
08:10:10.517 [JavaFX Application Thread] DEBUG TilesetLoader        - Created buffer with size 512.0x1024.0
08:10:10.534 [JavaFX Application Thread] DEBUG TilesetLoader        - Loading view for layer cliff
08:10:10.535 [JavaFX Application Thread] DEBUG TilesetLoader        - Created buffer with size 512.0x1024.0
08:10:10.536 [JavaFX Application Thread] DEBUG TilesetLoader        - Loading view for layer cliff1
08:10:10.536 [JavaFX Application Thread] DEBUG TilesetLoader        - Created buffer with size 512.0x1024.0
08:10:10.537 [JavaFX Application Thread] DEBUG TilesetLoader        - Loading view for layer cliff2
08:10:10.537 [JavaFX Application Thread] DEBUG TilesetLoader        - Created buffer with size 512.0x1024.0
08:10:10.538 [JavaFX Application Thread] DEBUG TilesetLoader        - Loading view for layer Tile Layer 3
08:10:10.538 [JavaFX Application Thread] DEBUG TilesetLoader        - Created buffer with size 512.0x1024.0
08:10:10.538 [JavaFX Application Thread] DEBUG TilesetLoader        - Loading view for layer Tile Layer 6
08:10:10.539 [JavaFX Application Thread] DEBUG TilesetLoader        - Created buffer with size 512.0x1024.0
08:10:10.577 [JavaFX Application Thread] DEBUG TilesetLoader        - Loading view for layer prop
08:10:10.577 [JavaFX Application Thread] DEBUG TilesetLoader        - Created buffer with size 512.0x1024.0
08:10:10.578 [JavaFX Application Thread] DEBUG TMXLevelLoader       - Creating object layer entities
08:10:13.495 [JavaFX Application Thread] DEBUG EventBus             - Firing event: com.GameEvent.NextScene[source=javafx.event.Event$$Lambda/0x000001e3961742e8@5864dbfd]
08:10:13.499 [JavaFX Application Thread] WARN  TMXLevelLoader       - TiledMap generated from 1.11.2. Supported version: 1.9.0. Some features may not be parsed fully.
08:10:13.506 [JavaFX Application Thread] DEBUG TMXLevelLoader       - Parsed TiledMap: file:/C:/Users/Lenovo/ProjectJava3.0/myproject/myproject/target/classes/assets/levels/scene2.tmx
08:10:13.506 [JavaFX Application Thread] DEBUG TMXLevelLoader       - Creating tile layer entities
08:10:13.507 [JavaFX Application Thread] DEBUG TilesetLoader        - Loading view for layer Tile Layer 1
08:10:13.508 [JavaFX Application Thread] DEBUG TilesetLoader        - Created buffer with size 1024.0x1024.0
08:10:13.577 [JavaFX Application Thread] DEBUG TMXLevelLoader       - Creating object layer entities
08:10:13.582 [JavaFX Application Thread] DEBUG FXGLAssetLoaderServi - Loading from file system: file:/C:/Users/Lenovo/ProjectJava3.0/myproject/myproject/target/classes/assets/textures/CultistAni.png
08:10:13.583 [JavaFX Application Thread] DEBUG GameWorld            - Clearing removable entities
08:10:13.585 [JavaFX Application Thread] DEBUG GameWorld            - Setting level: com.almasb.fxgl.entity.level.Level@111c5a8
08:10:13.587 [JavaFX Application Thread] WARN  TMXLevelLoader       - TiledMap generated from 1.11.2. Supported version: 1.9.0. Some features may not be parsed fully.
08:10:13.589 [JavaFX Application Thread] DEBUG TMXLevelLoader       - Parsed TiledMap: file:/C:/Users/Lenovo/ProjectJava3.0/myproject/myproject/target/classes/assets/levels/scene2.tmx
08:10:13.589 [JavaFX Application Thread] DEBUG TMXLevelLoader       - Creating tile layer entities
08:10:13.589 [JavaFX Application Thread] DEBUG TilesetLoader        - Loading view for layer Tile Layer 1
08:10:13.592 [JavaFX Application Thread] DEBUG TilesetLoader        - Created buffer with size 1024.0x1024.0
08:10:13.661 [JavaFX Application Thread] DEBUG TMXLevelLoader       - Creating object layer entities
08:10:14.453 [JavaFX Application Thread] DEBUG FXGLApplication      - Exiting FXGL
08:10:14.453 [JavaFX Application Thread] DEBUG LoopRunner           - Stopping loop
08:10:14.453 [JavaFX Application Thread] DEBUG SystemBundleService  - Saving FXGL system data
08:10:14.455 [JavaFX Application Thread] DEBUG FileSystemAccess     - Writing to: C:\Users\Lenovo\ProjectJava3.0\myproject\myproject\system\fxgl.bundle
08:10:14.457 [JavaFX Application Thread] DEBUG Async                - Shutting down background threads
08:10:14.458 [JavaFX Application Thread] DEBUG PrimaryStageWindow   - Closing main window
08:10:14.506 [JavaFX Application Thread] DEBUG Logger               - Closing Logger
