17:58:19.530 [main                     ] DEBUG Logger               - Configured Logger
17:58:19.551 [main                     ] DEBUG GameApplication      - Logging settings
Title: Final Journey
Version: Alpha
Width: 1280
Height: 720
Fullscreen: true
Intro: false
Profiling: false
Single step:false
App Mode: DEVELOPER
Menu Key: ESCAPE
Stage Style: DECORATED
Scene Factory: class com.almasb.fxgl.app.scene.SceneFactory

17:58:19.988 [JavaFX Application Thread] DEBUG FXGLApplication      - Initializing FXGL
17:58:19.991 [JavaFX Application Thread] INFO  Engine               - FXGL-21.1 (27.03.2024 07.52) on WINDOWS (J:21.0.5 FX:21.0.1)
17:58:19.992 [JavaFX Application Thread] DEBUG Engine               - JRE Vendor Name: Eclipse Adoptium
17:58:19.992 [JavaFX Application Thread] DEBUG Engine               - Running on OS: Windows 11 version 10.0
17:58:19.992 [JavaFX Application Thread] DEBUG Engine               - Architecture: amd64
17:58:19.992 [JavaFX Application Thread] INFO  Engine               - Source code and latest versions at: https://github.com/AlmasB/FXGL
17:58:19.993 [JavaFX Application Thread] INFO  Engine               -       Ask questions and discuss at: https://github.com/AlmasB/FXGL/discussions
17:58:19.993 [JavaFX Application Thread] INFO  Engine               -              Join the FXGL chat at: https://gitter.im/AlmasB/FXGL
17:58:20.093 [JavaFX Application Thread] DEBUG PrimaryStageWindow   - Creating a JavaFX scene
17:58:20.160 [JavaFX Application Thread] DEBUG PrimaryStageWindow   - Target settings size: 1280.0 x 720.0
17:58:20.160 [JavaFX Application Thread] DEBUG PrimaryStageWindow   - Scaled scene size:    1280.0 x 720.0
17:58:20.160 [JavaFX Application Thread] DEBUG PrimaryStageWindow   - Scaled ratio: (1.0, 1.0)
17:58:20.163 [JavaFX Application Thread] DEBUG PrimaryStageWindow   - Set initial scene to FXGLStartupScene
17:58:20.167 [JavaFX Application Thread] DEBUG PrimaryStageWindow   - Opening main window
17:58:20.282 [JavaFX Application Thread] DEBUG PrimaryStageWindow   - Window border size: (14.4000244140625, 37.5999755859375)
17:58:20.282 [JavaFX Application Thread] DEBUG PrimaryStageWindow   - Scaled size: 1280.0 x 720.0
17:58:20.282 [JavaFX Application Thread] DEBUG PrimaryStageWindow   - Scaled ratio: (1.0, 1.0)
17:58:20.282 [JavaFX Application Thread] DEBUG PrimaryStageWindow   - Scene size: 1280.0 x 720.0
17:58:20.282 [JavaFX Application Thread] DEBUG PrimaryStageWindow   - Stage size: 1294.4000244140625 x 757.5999755859375
17:58:20.358 [JavaFX Application Thread] DEBUG PrimaryStageWindow   - Going fullscreen
17:58:20.371 [FXGL Background Thread 1 ] DEBUG Engine               - Initializing environment variables
17:58:20.433 [FXGL Background Thread 1 ] DEBUG FXGLAssetLoaderServi - User app class for loading assets: class com.project.App
17:58:20.433 [FXGL Background Thread 1 ] DEBUG GameApplicationServi - Applying CSS: fxgl_dark.css
17:58:20.434 [FXGL Background Thread 1 ] DEBUG FXGLAssetLoaderServi - Loading from file system: jar:file:/C:/Users/Lenovo/.m2/repository/com/github/almasb/fxgl/21.1/fxgl-21.1.jar!/fxglassets/ui/css/fxgl_dark.css
17:58:20.472 [FXGL Background Thread 1 ] DEBUG GameApplicationServi - Initializing application scenes
17:58:20.520 [FXGL Background Thread 1 ] DEBUG GameWorld            - Game world initialized
17:58:20.583 [FXGL Background Thread 1 ] DEBUG PhysicsWorld         - Physics world initialized: appHeight=720, physics.ppm=50.0
17:58:20.583 [FXGL Background Thread 1 ] DEBUG PhysicsWorld         - Using strategy: BRUTE_FORCE
17:58:20.587 [FXGL Background Thread 1 ] DEBUG GameScene            - Game scene initialized: 1280x720
17:58:20.600 [FXGL Background Thread 1 ] DEBUG FXGL.DefaultMenu     - createMenuBodyGameMenu()
17:58:20.614 [FXGL Background Thread 1 ] DEBUG FXGL.DefaultMenu     - createOptionsMenu()
17:58:20.623 [FXGL Background Thread 1 ] DEBUG FXGLAssetLoaderServi - Loading from file system: jar:file:/C:/Users/Lenovo/.m2/repository/com/github/almasb/fxgl/21.1/fxgl-21.1.jar!/fxglassets/textures/particles/smoke.png
17:58:20.725 [FXGL Background Thread 1 ] DEBUG FXGLAssetLoaderServi - Loading from file system: jar:file:/C:/Users/Lenovo/.m2/repository/com/github/almasb/fxgl/21.1/fxgl-21.1.jar!/fxglassets/textures/particles/trace_horizontal.png
17:58:20.749 [FXGL Background Thread 1 ] DEBUG GameApplicationServi - Application scenes initialized
17:58:20.762 [FXGL Background Thread 1 ] DEBUG SystemBundleService  - Loading FXGL system data
17:58:20.766 [FXGL Background Thread 1 ] DEBUG FileSystemAccess     - Reading from: C:\Users\Lenovo\ProjectJava3.0\myproject\myproject\system\fxgl.bundle
17:58:20.774 [FXGL Background Thread 1 ] DEBUG SystemBundleService  - Bundle FXGL: {}
17:58:20.775 [FXGL Background Thread 1 ] DEBUG UpdaterService       - Checking for updates
17:58:20.807 [FXGL Background Thread 4 ] DEBUG FXGLApplication      - Loading fonts
17:58:20.808 [FXGL Background Thread 4 ] DEBUG FXGLAssetLoaderServi - Loading from file system: jar:file:/C:/Users/Lenovo/.m2/repository/com/github/almasb/fxgl/21.1/fxgl-21.1.jar!/fxglassets/ui/fonts/VarelaRound-Regular.ttf
17:58:20.810 [FXGL Background Thread 1 ] DEBUG FXGLApplication      - Loading default localization
17:58:20.811 [FXGL Background Thread 1 ] DEBUG FXGLAssetLoaderServi - Loading from file system: jar:file:/C:/Users/Lenovo/.m2/repository/com/github/almasb/fxgl/21.1/fxgl-21.1.jar!/fxglassets/languages/english.lang
17:58:20.848 [FXGL Background Thread 4 ] DEBUG FXGLAssetLoaderServi - Loading from file system: jar:file:/C:/Users/Lenovo/.m2/repository/com/github/almasb/fxgl/21.1/fxgl-21.1.jar!/fxglassets/ui/fonts/Abel-Regular.ttf
17:58:20.853 [FXGL Background Thread 4 ] DEBUG FXGLAssetLoaderServi - Loading from file system: jar:file:/C:/Users/Lenovo/.m2/repository/com/github/almasb/fxgl/21.1/fxgl-21.1.jar!/fxglassets/ui/fonts/TerminalLandMono-Regular.otf
17:58:20.858 [FXGL Background Thread 4 ] DEBUG FXGLAssetLoaderServi - Loading from file system: jar:file:/C:/Users/Lenovo/.m2/repository/com/github/almasb/fxgl/21.1/fxgl-21.1.jar!/fxglassets/ui/fonts/Courier-Prime.ttf
17:58:20.860 [FXGL Background Thread 1 ] INFO  FXGLApplication      - FXGL initialization took: 0.489 sec
17:58:20.871 [JavaFX Application Thread] DEBUG Input                - Registered new binding: Right - D
17:58:20.872 [JavaFX Application Thread] DEBUG Input                - Registered new binding: Left - A
17:58:20.873 [JavaFX Application Thread] DEBUG Input                - Registered new binding: Up - W
17:58:20.873 [JavaFX Application Thread] DEBUG Input                - Registered new binding: Down - S
17:58:20.873 [JavaFX Application Thread] DEBUG Input                - Registered new binding: Interact - E
17:58:20.873 [JavaFX Application Thread] DEBUG FXGLAssetLoaderServi - Loading from file system: jar:file:/C:/Users/Lenovo/.m2/repository/com/github/almasb/fxgl/21.1/fxgl-21.1.jar!/fxglassets/textures/fxgl_icon.png
17:58:20.894 [JavaFX Application Thread] DEBUG FXGLAssetLoaderServi - Loading from file system: jar:file:/C:/Users/Lenovo/.m2/repository/com/github/almasb/fxgl/21.1/fxgl-21.1.jar!/fxglassets/textures/fxgl_default_cursor.png
17:58:20.897 [JavaFX Application Thread] DEBUG Input                - Registered new binding: Screenshot - CTRL+8
17:58:20.898 [JavaFX Application Thread] DEBUG Input                - Registered new binding: Dev Options - 1
17:58:20.898 [JavaFX Application Thread] DEBUG Input                - Registered new binding: Dev Console - 2
17:58:20.899 [JavaFX Application Thread] DEBUG Input                - Registered new binding: System info dump - CTRL+9
17:58:20.900 [JavaFX Application Thread] DEBUG Input                - Registered new binding: Restart - CTRL+R
17:58:20.900 [JavaFX Application Thread] DEBUG Input                - Registered new binding: Toggle Debug Camera - CTRL+7
17:58:20.906 [JavaFX Application Thread] DEBUG LoopRunner           - Starting loop
17:58:20.927 [JavaFX Application Thread] DEBUG LoopRunner           - Initializing JavaFX AnimationTimerLoop
17:58:20.928 [JavaFX Application Thread] DEBUG GameApplicationServi - Starting new game
17:58:20.929 [JavaFX Application Thread] DEBUG Input                - Clearing active input actions
17:58:20.940 [JavaFX Application Thread] DEBUG GameApplicationServi - Removing overlay from FXGLStartupScene and adding to FXGLLoadingScene
17:58:20.943 [JavaFX Application Thread] DEBUG PrimaryStageWindow   - FXGLStartupScene -> FXGLLoadingScene
17:58:20.943 [JavaFX Application Thread] DEBUG GameApplicationServi - Clearing previous game
17:58:20.943 [JavaFX Application Thread] DEBUG GameScene            - Clearing game scene
17:58:20.943 [JavaFX Application Thread] DEBUG GameWorld            - Clearing game world
17:58:20.944 [JavaFX Application Thread] DEBUG PhysicsWorld         - Clearing physics world
17:58:20.945 [FXGL Background Thread 4 ] DEBUG FXGLApplication      - Initializing game
17:58:20.953 [JavaFX Application Thread] DEBUG FXGLApplication      - Registering font factories with UI factory
17:58:21.000 [FXGL Background Thread 4 ] WARN  TMXLevelLoader       - TiledMap generated from 1.11.2. Supported version: 1.9.0. Some features may not be parsed fully.
17:58:21.031 [FXGL Background Thread 4 ] DEBUG TMXLevelLoader       - Parsed TiledMap: file:/C:/Users/Lenovo/ProjectJava3.0/myproject/myproject/target/classes/assets/levels/scene1.tmx
17:58:21.032 [FXGL Background Thread 4 ] DEBUG TMXLevelLoader       - Creating tile layer entities
17:58:21.034 [FXGL Background Thread 4 ] DEBUG TilesetLoader        - Loading view for layer lowefloor
17:58:21.036 [FXGL Background Thread 4 ] DEBUG TilesetLoader        - Created buffer with size 512.0x1024.0
17:58:21.106 [FXGL Background Thread 4 ] DEBUG TilesetLoader        - Loading view for layer cliff
17:58:21.107 [FXGL Background Thread 4 ] DEBUG TilesetLoader        - Created buffer with size 512.0x1024.0
17:58:21.108 [FXGL Background Thread 4 ] DEBUG TilesetLoader        - Loading view for layer cliff1
17:58:21.109 [FXGL Background Thread 4 ] DEBUG TilesetLoader        - Created buffer with size 512.0x1024.0
17:58:21.110 [FXGL Background Thread 4 ] DEBUG TilesetLoader        - Loading view for layer cliff2
17:58:21.110 [FXGL Background Thread 4 ] DEBUG TilesetLoader        - Created buffer with size 512.0x1024.0
17:58:21.112 [FXGL Background Thread 4 ] DEBUG TilesetLoader        - Loading view for layer Tile Layer 3
17:58:21.112 [FXGL Background Thread 4 ] DEBUG TilesetLoader        - Created buffer with size 512.0x1024.0
17:58:21.113 [FXGL Background Thread 4 ] DEBUG TilesetLoader        - Loading view for layer Tile Layer 6
17:58:21.113 [FXGL Background Thread 4 ] DEBUG TilesetLoader        - Created buffer with size 512.0x1024.0
17:58:21.169 [FXGL Background Thread 4 ] DEBUG TilesetLoader        - Loading view for layer prop
17:58:21.170 [FXGL Background Thread 4 ] DEBUG TilesetLoader        - Created buffer with size 512.0x1024.0
17:58:21.170 [FXGL Background Thread 4 ] DEBUG TMXLevelLoader       - Creating object layer entities
17:58:21.203 [FXGL Background Thread 4 ] DEBUG FXGLAssetLoaderServi - Loading from file system: file:/C:/Users/Lenovo/ProjectJava3.0/myproject/myproject/target/classes/assets/textures/Rafflesia.png
17:58:21.221 [FXGL Background Thread 4 ] WARN  TMXLevelLoader       - TiledMap generated from 1.11.2. Supported version: 1.9.0. Some features may not be parsed fully.
17:58:21.235 [FXGL Background Thread 4 ] DEBUG TMXLevelLoader       - Parsed TiledMap: file:/C:/Users/Lenovo/ProjectJava3.0/myproject/myproject/target/classes/assets/levels/scene1.tmx
17:58:21.235 [FXGL Background Thread 4 ] DEBUG TMXLevelLoader       - Creating tile layer entities
17:58:21.235 [FXGL Background Thread 4 ] DEBUG TilesetLoader        - Loading view for layer lowefloor
17:58:21.236 [FXGL Background Thread 4 ] DEBUG TilesetLoader        - Created buffer with size 512.0x1024.0
17:58:21.271 [FXGL Background Thread 4 ] DEBUG TilesetLoader        - Loading view for layer cliff
17:58:21.271 [FXGL Background Thread 4 ] DEBUG TilesetLoader        - Created buffer with size 512.0x1024.0
17:58:21.272 [FXGL Background Thread 4 ] DEBUG TilesetLoader        - Loading view for layer cliff1
17:58:21.272 [FXGL Background Thread 4 ] DEBUG TilesetLoader        - Created buffer with size 512.0x1024.0
17:58:21.273 [FXGL Background Thread 4 ] DEBUG TilesetLoader        - Loading view for layer cliff2
17:58:21.274 [FXGL Background Thread 4 ] DEBUG TilesetLoader        - Created buffer with size 512.0x1024.0
17:58:21.275 [FXGL Background Thread 4 ] DEBUG TilesetLoader        - Loading view for layer Tile Layer 3
17:58:21.275 [FXGL Background Thread 4 ] DEBUG TilesetLoader        - Created buffer with size 512.0x1024.0
17:58:21.276 [FXGL Background Thread 4 ] DEBUG TilesetLoader        - Loading view for layer Tile Layer 6
17:58:21.277 [FXGL Background Thread 4 ] DEBUG TilesetLoader        - Created buffer with size 512.0x1024.0
17:58:21.330 [FXGL Background Thread 4 ] DEBUG TilesetLoader        - Loading view for layer prop
17:58:21.331 [FXGL Background Thread 4 ] DEBUG TilesetLoader        - Created buffer with size 512.0x1024.0
17:58:21.331 [FXGL Background Thread 4 ] DEBUG TMXLevelLoader       - Creating object layer entities
17:58:21.343 [FXGL Background Thread 4 ] DEBUG GameWorld            - Clearing removable entities
17:58:21.344 [FXGL Background Thread 4 ] DEBUG GameWorld            - Setting level: com.almasb.fxgl.entity.level.Level@bedb529
17:58:21.363 [FXGL Background Thread 4 ] DEBUG FXGLAssetLoaderServi - Loading from file system: file:/C:/Users/Lenovo/ProjectJava3.0/myproject/myproject/target/classes/assets/textures/Actor1.png
17:58:21.372 [FXGL Background Thread 4 ] INFO  FXGLApplication      - Game initialization took: 0.425 sec
17:58:21.373 [JavaFX Application Thread] DEBUG Input                - Clearing active input actions
17:58:21.384 [JavaFX Application Thread] DEBUG GameApplicationServi - Removing overlay from FXGLLoadingScene and adding to GameScene
17:58:21.391 [JavaFX Application Thread] DEBUG PrimaryStageWindow   - FXGLLoadingScene -> GameScene
17:58:23.806 [FXGL Background Thread 3 ] DEBUG Engine               - Logging environment variables
17:58:23.806 [FXGL Background Thread 3 ] DEBUG Engine               - achievements: []
17:58:23.806 [FXGL Background Thread 3 ] DEBUG Engine               - actualHeight: 864.0
17:58:23.807 [FXGL Background Thread 3 ] DEBUG Engine               - actualHeightProperty: ReadOnlyDoubleProperty [value: 864.0]
17:58:23.807 [FXGL Background Thread 3 ] DEBUG Engine               - actualWidth: 1536.0
17:58:23.807 [FXGL Background Thread 3 ] DEBUG Engine               - actualWidthProperty: ReadOnlyDoubleProperty [value: 1536.0]
17:58:23.807 [FXGL Background Thread 3 ] DEBUG Engine               - appIcon: fxgl_icon.png
17:58:23.807 [FXGL Background Thread 3 ] DEBUG Engine               - applicationMode: DEVELOPER
17:58:23.807 [FXGL Background Thread 3 ] DEBUG Engine               - cSSList: [fxgl_dark.css]
17:58:23.807 [FXGL Background Thread 3 ] DEBUG Engine               - collisionDetectionStrategy: BRUTE_FORCE
17:58:23.808 [FXGL Background Thread 3 ] DEBUG Engine               - configClass: Optional.empty
17:58:23.808 [FXGL Background Thread 3 ] DEBUG Engine               - credits: []
17:58:23.809 [FXGL Background Thread 3 ] DEBUG Engine               - defaultCursor: CursorInfo(imageName=fxgl_default_cursor.png, hotspotX=7.0, hotspotY=6.0)
17:58:23.809 [FXGL Background Thread 3 ] DEBUG Engine               - devBBoxColorProperty: ObjectProperty [value: 0xff0000ff]
17:58:23.809 [FXGL Background Thread 3 ] DEBUG Engine               - devEnableDebugCameraProperty: BooleanProperty [value: false]
17:58:23.810 [FXGL Background Thread 3 ] DEBUG Engine               - devSensorColorProperty: ObjectProperty [value: 0xffff00ff]
17:58:23.810 [FXGL Background Thread 3 ] DEBUG Engine               - devShowBBoxProperty: BooleanProperty [value: false]
17:58:23.810 [FXGL Background Thread 3 ] DEBUG Engine               - devShowPositionProperty: BooleanProperty [value: false]
17:58:23.810 [FXGL Background Thread 3 ] DEBUG Engine               - enabledMenuItems: []
17:58:23.810 [FXGL Background Thread 3 ] DEBUG Engine               - engineServices: [class com.almasb.fxgl.app.services.FXGLAssetLoaderService, class com.almasb.fxgl.app.FXGLApplication$GameApplicationService, class com.almasb.fxgl.app.services.FXGLDialogService, class com.almasb.fxgl.app.services.IOTaskExecutorService, class com.almasb.fxgl.io.FileSystemService, class com.almasb.fxgl.localization.LocalizationService, class com.almasb.fxgl.app.services.SystemBundleService, class com.almasb.fxgl.profile.SaveLoadService, class com.almasb.fxgl.ui.FXGLUIFactoryServiceProvider, class com.almasb.fxgl.ui.FXGLDialogFactoryServiceProvider, class com.almasb.fxgl.audio.AudioPlayer, class com.almasb.fxgl.notification.impl.NotificationServiceProvider, class com.almasb.fxgl.achievement.AchievementService, class com.almasb.fxgl.cutscene.CutsceneService, class com.almasb.fxgl.minigames.MiniGameService, class com.almasb.fxgl.net.NetService, class com.almasb.fxgl.app.services.UpdaterService, class com.almasb.fxgl.dev.DevService]
17:58:23.810 [FXGL Background Thread 3 ] DEBUG Engine               - fontGame: Abel-Regular.ttf
17:58:23.810 [FXGL Background Thread 3 ] DEBUG Engine               - fontMono: TerminalLandMono-Regular.otf
17:58:23.810 [FXGL Background Thread 3 ] DEBUG Engine               - fontSizeScaleUI: 1.0
17:58:23.810 [FXGL Background Thread 3 ] DEBUG Engine               - fontText: Courier-Prime.ttf
17:58:23.810 [FXGL Background Thread 3 ] DEBUG Engine               - fontUI: VarelaRound-Regular.ttf
17:58:23.811 [FXGL Background Thread 3 ] DEBUG Engine               - fullScreen: BooleanProperty [value: true]
17:58:23.811 [FXGL Background Thread 3 ] DEBUG Engine               - gameDifficulty: MEDIUM
17:58:23.811 [FXGL Background Thread 3 ] DEBUG Engine               - gameDifficultyProperty: ObjectProperty [value: MEDIUM]
17:58:23.811 [FXGL Background Thread 3 ] DEBUG Engine               - globalMusicVolume: 0.5
17:58:23.811 [FXGL Background Thread 3 ] DEBUG Engine               - globalMusicVolumeProperty: DoubleProperty [value: 0.5]
17:58:23.811 [FXGL Background Thread 3 ] DEBUG Engine               - globalSoundVolume: 0.5
17:58:23.811 [FXGL Background Thread 3 ] DEBUG Engine               - globalSoundVolumeProperty: DoubleProperty [value: 0.5]
17:58:23.811 [FXGL Background Thread 3 ] DEBUG Engine               - height: 720
17:58:23.811 [FXGL Background Thread 3 ] DEBUG Engine               - is3D: false
17:58:23.811 [FXGL Background Thread 3 ] DEBUG Engine               - isAndroid: false
17:58:23.811 [FXGL Background Thread 3 ] DEBUG Engine               - isBrowser: false
17:58:23.811 [FXGL Background Thread 3 ] DEBUG Engine               - isClickFeedbackEnabled: false
17:58:23.811 [FXGL Background Thread 3 ] DEBUG Engine               - isCloseConfirmation: false
17:58:23.811 [FXGL Background Thread 3 ] DEBUG Engine               - isDesktop: true
17:58:23.811 [FXGL Background Thread 3 ] DEBUG Engine               - isDeveloperMenuEnabled: true
17:58:23.811 [FXGL Background Thread 3 ] DEBUG Engine               - isEmbedded: false
17:58:23.811 [FXGL Background Thread 3 ] DEBUG Engine               - isEntityPreloadEnabled: true
17:58:23.811 [FXGL Background Thread 3 ] DEBUG Engine               - isExperimentalTiledLargeMap: false
17:58:23.811 [FXGL Background Thread 3 ] DEBUG Engine               - isFileSystemWriteAllowed: true
17:58:23.812 [FXGL Background Thread 3 ] DEBUG Engine               - isFullScreenAllowed: true
17:58:23.812 [FXGL Background Thread 3 ] DEBUG Engine               - isFullScreenFromStart: true
17:58:23.812 [FXGL Background Thread 3 ] DEBUG Engine               - isGameMenuEnabled: true
17:58:23.812 [FXGL Background Thread 3 ] DEBUG Engine               - isIOS: false
17:58:23.812 [FXGL Background Thread 3 ] DEBUG Engine               - isIntroEnabled: false
17:58:23.812 [FXGL Background Thread 3 ] DEBUG Engine               - isLinux: false
17:58:23.812 [FXGL Background Thread 3 ] DEBUG Engine               - isMac: false
17:58:23.812 [FXGL Background Thread 3 ] DEBUG Engine               - isMainMenuEnabled: false
17:58:23.812 [FXGL Background Thread 3 ] DEBUG Engine               - isManualResizeEnabled: false
17:58:23.812 [FXGL Background Thread 3 ] DEBUG Engine               - isMobile: false
17:58:23.812 [FXGL Background Thread 3 ] DEBUG Engine               - isNative: false
17:58:23.812 [FXGL Background Thread 3 ] DEBUG Engine               - isPauseMusicWhenMinimized: true
17:58:23.812 [FXGL Background Thread 3 ] DEBUG Engine               - isPreserveResizeRatio: false
17:58:23.812 [FXGL Background Thread 3 ] DEBUG Engine               - isProfilingEnabled: false
17:58:23.812 [FXGL Background Thread 3 ] DEBUG Engine               - isScaleAffectedOnResize: true
17:58:23.812 [FXGL Background Thread 3 ] DEBUG Engine               - isSingleStep: false
17:58:23.812 [FXGL Background Thread 3 ] DEBUG Engine               - isUserProfileEnabled: false
17:58:23.812 [FXGL Background Thread 3 ] DEBUG Engine               - isWindows: true
17:58:23.812 [FXGL Background Thread 3 ] DEBUG Engine               - language: ObjectProperty [value: ENGLISH]
17:58:23.813 [FXGL Background Thread 3 ] DEBUG Engine               - menuKey: ESCAPE
17:58:23.813 [FXGL Background Thread 3 ] DEBUG Engine               - mouseSensitivity: 0.2
17:58:23.813 [FXGL Background Thread 3 ] DEBUG Engine               - notificationViewClass: class com.almasb.fxgl.notification.view.XboxNotificationView
17:58:23.813 [FXGL Background Thread 3 ] DEBUG Engine               - pixelsPerMeter: 50.0
17:58:23.813 [FXGL Background Thread 3 ] DEBUG Engine               - platform: WINDOWS
17:58:23.813 [FXGL Background Thread 3 ] DEBUG Engine               - prefHeightProperty: ReadOnlyDoubleProperty [value: 720.0]
17:58:23.813 [FXGL Background Thread 3 ] DEBUG Engine               - prefWidthProperty: ReadOnlyDoubleProperty [value: 1280.0]
17:58:23.813 [FXGL Background Thread 3 ] DEBUG Engine               - profileDir: profiles/
17:58:23.813 [FXGL Background Thread 3 ] DEBUG Engine               - profileName: StringProperty [value: DEFAULT]
17:58:23.813 [FXGL Background Thread 3 ] DEBUG Engine               - randomSeed: -1
17:58:23.814 [FXGL Background Thread 3 ] DEBUG Engine               - runtimeInfo: RuntimeInfo(platform=WINDOWS, version=21.1, build=27.03.2024 07.52)
17:58:23.814 [FXGL Background Thread 3 ] DEBUG Engine               - saveFileExt: sav
17:58:23.814 [FXGL Background Thread 3 ] DEBUG Engine               - scaledHeightProp$fxgl: DoubleProperty [bound, value: 864.0]
17:58:23.814 [FXGL Background Thread 3 ] DEBUG Engine               - scaledWidthProp$fxgl: DoubleProperty [bound, value: 1536.0]
17:58:23.814 [FXGL Background Thread 3 ] DEBUG Engine               - sceneFactory: com.almasb.fxgl.app.scene.SceneFactory@4e50fc91
17:58:23.814 [FXGL Background Thread 3 ] DEBUG Engine               - secondsIn24h: 60
17:58:23.814 [FXGL Background Thread 3 ] DEBUG Engine               - soundMenuBack: menu/back.wav
17:58:23.814 [FXGL Background Thread 3 ] DEBUG Engine               - soundMenuPress: menu/press.wav
17:58:23.814 [FXGL Background Thread 3 ] DEBUG Engine               - soundMenuSelect: menu/select.wav
17:58:23.814 [FXGL Background Thread 3 ] DEBUG Engine               - soundNotification: core/notification.wav
17:58:23.815 [FXGL Background Thread 3 ] DEBUG Engine               - stageStyle: DECORATED
17:58:23.815 [FXGL Background Thread 3 ] DEBUG Engine               - supportedLanguages: [ENGLISH, FRENCH, GERMAN, HUNGARIAN, RUSSIAN]
17:58:23.815 [FXGL Background Thread 3 ] DEBUG Engine               - ticksPerSecond: -1
17:58:23.815 [FXGL Background Thread 3 ] DEBUG Engine               - title: Final Journey
17:58:23.815 [FXGL Background Thread 3 ] DEBUG Engine               - urlGithub: https://github.com/AlmasB/FXGL
17:58:23.815 [FXGL Background Thread 3 ] DEBUG Engine               - urlLeaderboard: http://fxgl-top.herokuapp.com/
17:58:23.815 [FXGL Background Thread 3 ] DEBUG Engine               - urlPOM: https://raw.githubusercontent.com/AlmasB/FXGL/release/README.md
17:58:23.815 [FXGL Background Thread 3 ] DEBUG Engine               - userAppClass: class com.project.App
17:58:23.815 [FXGL Background Thread 3 ] DEBUG Engine               - version: Alpha
17:58:23.815 [FXGL Background Thread 3 ] DEBUG Engine               - versionCheckDays: 7
17:58:23.815 [FXGL Background Thread 3 ] DEBUG Engine               - width: 1280
17:58:23.815 [FXGL Background Thread 3 ] DEBUG Engine               - Logging services
17:58:23.815 [FXGL Background Thread 3 ] DEBUG Engine               - class com.almasb.fxgl.app.services.FXGLAssetLoaderService
17:58:23.815 [FXGL Background Thread 3 ] DEBUG Engine               - class com.almasb.fxgl.app.FXGLApplication$GameApplicationService
17:58:23.815 [FXGL Background Thread 3 ] DEBUG Engine               - class com.almasb.fxgl.app.services.FXGLDialogService
17:58:23.815 [FXGL Background Thread 3 ] DEBUG Engine               - class com.almasb.fxgl.app.services.IOTaskExecutorService
17:58:23.815 [FXGL Background Thread 3 ] DEBUG Engine               - class com.almasb.fxgl.io.FileSystemService
17:58:23.815 [FXGL Background Thread 3 ] DEBUG Engine               - class com.almasb.fxgl.localization.LocalizationService
17:58:23.815 [FXGL Background Thread 3 ] DEBUG Engine               - class com.almasb.fxgl.app.services.SystemBundleService
17:58:23.815 [FXGL Background Thread 3 ] DEBUG Engine               - class com.almasb.fxgl.profile.SaveLoadService
17:58:23.816 [FXGL Background Thread 3 ] DEBUG Engine               - class com.almasb.fxgl.ui.FXGLUIFactoryServiceProvider
17:58:23.816 [FXGL Background Thread 3 ] DEBUG Engine               - class com.almasb.fxgl.ui.FXGLDialogFactoryServiceProvider
17:58:23.816 [FXGL Background Thread 3 ] DEBUG Engine               - class com.almasb.fxgl.audio.AudioPlayer
17:58:23.816 [FXGL Background Thread 3 ] DEBUG Engine               - class com.almasb.fxgl.notification.impl.NotificationServiceProvider
17:58:23.816 [FXGL Background Thread 3 ] DEBUG Engine               - class com.almasb.fxgl.achievement.AchievementService
17:58:23.816 [FXGL Background Thread 3 ] DEBUG Engine               - class com.almasb.fxgl.cutscene.CutsceneService
17:58:23.816 [FXGL Background Thread 3 ] DEBUG Engine               - class com.almasb.fxgl.minigames.MiniGameService
17:58:23.816 [FXGL Background Thread 3 ] DEBUG Engine               - class com.almasb.fxgl.net.NetService
17:58:23.816 [FXGL Background Thread 3 ] DEBUG Engine               - class com.almasb.fxgl.app.services.UpdaterService
17:58:23.816 [FXGL Background Thread 3 ] DEBUG Engine               - class com.almasb.fxgl.dev.DevService
17:58:24.153 [JavaFX Application Thread] DEBUG FXGLAssetLoaderServi - Loading from file system: file:/C:/Users/Lenovo/ProjectJava3.0/myproject/myproject/target/classes/assets/text/filetext.txt
17:58:24.154 [JavaFX Application Thread] DEBUG EventBus             - Firing event: com.GameEvent.CombatScene[source=javafx.event.Event$$Lambda/0x000002e3cc173e08@44894d18]
17:58:24.156 [JavaFX Application Thread] WARN  TMXLevelLoader       - TiledMap generated from 1.11.2. Supported version: 1.9.0. Some features may not be parsed fully.
17:58:24.161 [JavaFX Application Thread] DEBUG TMXLevelLoader       - Parsed TiledMap: file:/C:/Users/Lenovo/ProjectJava3.0/myproject/myproject/target/classes/assets/levels/battle1.tmx
17:58:24.161 [JavaFX Application Thread] DEBUG TMXLevelLoader       - Creating tile layer entities
17:58:24.162 [JavaFX Application Thread] DEBUG TilesetLoader        - Loading view for layer Tile Layer 1
17:58:24.164 [JavaFX Application Thread] DEBUG TilesetLoader        - Created buffer with size 2048.0x1024.0
17:58:24.260 [JavaFX Application Thread] DEBUG TMXLevelLoader       - Creating object layer entities
17:58:24.261 [JavaFX Application Thread] DEBUG FXGLAssetLoaderServi - Loading from file system: file:/C:/Users/Lenovo/ProjectJava3.0/myproject/myproject/target/classes/assets/textures/Rafflesia.png
17:58:24.273 [JavaFX Application Thread] DEBUG FXGLAssetLoaderServi - Loading from file system: file:/C:/Users/Lenovo/ProjectJava3.0/myproject/myproject/target/classes/assets/textures/Reid.png
17:58:24.428 [JavaFX Application Thread] DEBUG FXGLAssetLoaderServi - Loading from file system: file:/C:/Users/Lenovo/ProjectJava3.0/myproject/myproject/target/classes/assets/textures/marsha.png
17:58:24.579 [JavaFX Application Thread] DEBUG GameWorld            - Clearing removable entities
17:58:24.585 [JavaFX Application Thread] DEBUG GameWorld            - Setting level: com.almasb.fxgl.entity.level.Level@44421059
17:58:24.587 [JavaFX Application Thread] WARN  TMXLevelLoader       - TiledMap generated from 1.11.2. Supported version: 1.9.0. Some features may not be parsed fully.
17:58:24.591 [JavaFX Application Thread] DEBUG TMXLevelLoader       - Parsed TiledMap: file:/C:/Users/Lenovo/ProjectJava3.0/myproject/myproject/target/classes/assets/levels/battle1.tmx
17:58:24.591 [JavaFX Application Thread] DEBUG TMXLevelLoader       - Creating tile layer entities
17:58:24.592 [JavaFX Application Thread] DEBUG TilesetLoader        - Loading view for layer Tile Layer 1
17:58:24.592 [JavaFX Application Thread] DEBUG TilesetLoader        - Created buffer with size 2048.0x1024.0
17:58:24.682 [JavaFX Application Thread] DEBUG TMXLevelLoader       - Creating object layer entities
17:58:34.627 [JavaFX Application Thread] DEBUG FXGLApplication      - Exiting FXGL
17:58:34.627 [JavaFX Application Thread] DEBUG LoopRunner           - Stopping loop
17:58:34.628 [JavaFX Application Thread] DEBUG SystemBundleService  - Saving FXGL system data
17:58:34.630 [JavaFX Application Thread] DEBUG FileSystemAccess     - Writing to: C:\Users\Lenovo\ProjectJava3.0\myproject\myproject\system\fxgl.bundle
17:58:34.635 [JavaFX Application Thread] DEBUG Async                - Shutting down background threads
17:58:34.635 [JavaFX Application Thread] DEBUG PrimaryStageWindow   - Closing main window
17:58:34.669 [JavaFX Application Thread] DEBUG Logger               - Closing Logger
