23:33:45.338 [main                     ] DEBUG Logger               - Configured Logger
23:33:45.355 [main                     ] DEBUG GameApplication      - Logging settings
Title: Final Journey
Version: Alpha
Width: 1280
Height: 720
Fullscreen: true
Intro: false
Profiling: false
Single step:false
App Mode: DEVELOPER
Menu Key: ESCAPE
Stage Style: DECORATED
Scene Factory: class com.almasb.fxgl.app.scene.SceneFactory

23:33:45.764 [JavaFX Application Thread] DEBUG FXGLApplication      - Initializing FXGL
23:33:45.768 [JavaFX Application Thread] INFO  Engine               - FXGL-21.1 (27.03.2024 07.52) on WINDOWS (J:21.0.5 FX:21.0.1)
23:33:45.769 [JavaFX Application Thread] DEBUG Engine               - JRE Vendor Name: Eclipse Adoptium
23:33:45.769 [JavaFX Application Thread] DEBUG Engine               - Running on OS: Windows 11 version 10.0
23:33:45.769 [JavaFX Application Thread] DEBUG Engine               - Architecture: amd64
23:33:45.769 [JavaFX Application Thread] INFO  Engine               - Source code and latest versions at: https://github.com/AlmasB/FXGL
23:33:45.769 [JavaFX Application Thread] INFO  Engine               -       Ask questions and discuss at: https://github.com/AlmasB/FXGL/discussions
23:33:45.769 [JavaFX Application Thread] INFO  Engine               -              Join the FXGL chat at: https://gitter.im/AlmasB/FXGL
23:33:45.867 [JavaFX Application Thread] DEBUG PrimaryStageWindow   - Creating a JavaFX scene
23:33:45.921 [JavaFX Application Thread] DEBUG PrimaryStageWindow   - Target settings size: 1280.0 x 720.0
23:33:45.921 [JavaFX Application Thread] DEBUG PrimaryStageWindow   - Scaled scene size:    1280.0 x 720.0
23:33:45.921 [JavaFX Application Thread] DEBUG PrimaryStageWindow   - Scaled ratio: (1.0, 1.0)
23:33:45.923 [JavaFX Application Thread] DEBUG PrimaryStageWindow   - Set initial scene to FXGLStartupScene
23:33:45.926 [JavaFX Application Thread] DEBUG PrimaryStageWindow   - Opening main window
23:33:46.019 [JavaFX Application Thread] DEBUG PrimaryStageWindow   - Window border size: (14.4000244140625, 37.5999755859375)
23:33:46.020 [JavaFX Application Thread] DEBUG PrimaryStageWindow   - Scaled size: 1280.0 x 720.0
23:33:46.020 [JavaFX Application Thread] DEBUG PrimaryStageWindow   - Scaled ratio: (1.0, 1.0)
23:33:46.020 [JavaFX Application Thread] DEBUG PrimaryStageWindow   - Scene size: 1280.0 x 720.0
23:33:46.020 [JavaFX Application Thread] DEBUG PrimaryStageWindow   - Stage size: 1294.4000244140625 x 757.5999755859375
23:33:46.086 [JavaFX Application Thread] DEBUG PrimaryStageWindow   - Going fullscreen
23:33:46.095 [FXGL Background Thread 1 ] DEBUG Engine               - Initializing environment variables
23:33:46.153 [FXGL Background Thread 1 ] DEBUG FXGLAssetLoaderServi - User app class for loading assets: class com.project.App
23:33:46.153 [FXGL Background Thread 1 ] DEBUG GameApplicationServi - Applying CSS: fxgl_dark.css
23:33:46.154 [FXGL Background Thread 1 ] DEBUG FXGLAssetLoaderServi - Loading from file system: jar:file:/C:/Users/Lenovo/.m2/repository/com/github/almasb/fxgl/21.1/fxgl-21.1.jar!/fxglassets/ui/css/fxgl_dark.css
23:33:46.191 [FXGL Background Thread 1 ] DEBUG GameApplicationServi - Initializing application scenes
23:33:46.235 [FXGL Background Thread 1 ] DEBUG GameWorld            - Game world initialized
23:33:46.288 [FXGL Background Thread 1 ] DEBUG PhysicsWorld         - Physics world initialized: appHeight=720, physics.ppm=50.0
23:33:46.288 [FXGL Background Thread 1 ] DEBUG PhysicsWorld         - Using strategy: BRUTE_FORCE
23:33:46.292 [FXGL Background Thread 1 ] DEBUG GameScene            - Game scene initialized: 1280x720
23:33:46.301 [FXGL Background Thread 1 ] DEBUG FXGL.DefaultMenu     - createMenuBodyGameMenu()
23:33:46.314 [FXGL Background Thread 1 ] DEBUG FXGL.DefaultMenu     - createOptionsMenu()
23:33:46.321 [FXGL Background Thread 1 ] DEBUG FXGLAssetLoaderServi - Loading from file system: jar:file:/C:/Users/Lenovo/.m2/repository/com/github/almasb/fxgl/21.1/fxgl-21.1.jar!/fxglassets/textures/particles/smoke.png
23:33:46.405 [FXGL Background Thread 1 ] DEBUG FXGLAssetLoaderServi - Loading from file system: jar:file:/C:/Users/Lenovo/.m2/repository/com/github/almasb/fxgl/21.1/fxgl-21.1.jar!/fxglassets/textures/particles/trace_horizontal.png
23:33:46.426 [FXGL Background Thread 1 ] DEBUG GameApplicationServi - Application scenes initialized
23:33:46.439 [FXGL Background Thread 1 ] DEBUG SystemBundleService  - Loading FXGL system data
23:33:46.442 [FXGL Background Thread 1 ] DEBUG FileSystemAccess     - Reading from: C:\Users\Lenovo\ProjectJava3.0\myproject\myproject\system\fxgl.bundle
23:33:46.451 [FXGL Background Thread 1 ] DEBUG SystemBundleService  - Bundle FXGL: {}
23:33:46.451 [FXGL Background Thread 1 ] DEBUG UpdaterService       - Checking for updates
23:33:46.483 [FXGL Background Thread 4 ] DEBUG FXGLApplication      - Loading fonts
23:33:46.483 [FXGL Background Thread 4 ] DEBUG FXGLAssetLoaderServi - Loading from file system: jar:file:/C:/Users/Lenovo/.m2/repository/com/github/almasb/fxgl/21.1/fxgl-21.1.jar!/fxglassets/ui/fonts/VarelaRound-Regular.ttf
23:33:46.484 [FXGL Background Thread 1 ] DEBUG FXGLApplication      - Loading default localization
23:33:46.484 [FXGL Background Thread 1 ] DEBUG FXGLAssetLoaderServi - Loading from file system: jar:file:/C:/Users/Lenovo/.m2/repository/com/github/almasb/fxgl/21.1/fxgl-21.1.jar!/fxglassets/languages/english.lang
23:33:46.514 [FXGL Background Thread 1 ] INFO  FXGLApplication      - FXGL initialization took: 0.418 sec
23:33:46.519 [FXGL Background Thread 4 ] DEBUG FXGLAssetLoaderServi - Loading from file system: jar:file:/C:/Users/Lenovo/.m2/repository/com/github/almasb/fxgl/21.1/fxgl-21.1.jar!/fxglassets/ui/fonts/Abel-Regular.ttf
23:33:46.522 [FXGL Background Thread 4 ] DEBUG FXGLAssetLoaderServi - Loading from file system: jar:file:/C:/Users/Lenovo/.m2/repository/com/github/almasb/fxgl/21.1/fxgl-21.1.jar!/fxglassets/ui/fonts/TerminalLandMono-Regular.otf
23:33:46.526 [FXGL Background Thread 4 ] DEBUG FXGLAssetLoaderServi - Loading from file system: jar:file:/C:/Users/Lenovo/.m2/repository/com/github/almasb/fxgl/21.1/fxgl-21.1.jar!/fxglassets/ui/fonts/Courier-Prime.ttf
23:33:46.528 [JavaFX Application Thread] DEBUG Input                - Registered new binding: Right - D
23:33:46.528 [JavaFX Application Thread] DEBUG Input                - Registered new binding: Left - A
23:33:46.528 [JavaFX Application Thread] DEBUG Input                - Registered new binding: Up - W
23:33:46.529 [JavaFX Application Thread] DEBUG Input                - Registered new binding: Down - S
23:33:46.529 [JavaFX Application Thread] DEBUG Input                - Registered new binding: Interact - E
23:33:46.529 [JavaFX Application Thread] DEBUG FXGLAssetLoaderServi - Loading from file system: jar:file:/C:/Users/Lenovo/.m2/repository/com/github/almasb/fxgl/21.1/fxgl-21.1.jar!/fxglassets/textures/fxgl_icon.png
23:33:46.551 [JavaFX Application Thread] DEBUG FXGLAssetLoaderServi - Loading from file system: jar:file:/C:/Users/Lenovo/.m2/repository/com/github/almasb/fxgl/21.1/fxgl-21.1.jar!/fxglassets/textures/fxgl_default_cursor.png
23:33:46.553 [JavaFX Application Thread] DEBUG Input                - Registered new binding: Screenshot - CTRL+8
23:33:46.554 [JavaFX Application Thread] DEBUG Input                - Registered new binding: Dev Options - 1
23:33:46.555 [JavaFX Application Thread] DEBUG Input                - Registered new binding: Dev Console - 2
23:33:46.556 [JavaFX Application Thread] DEBUG Input                - Registered new binding: System info dump - CTRL+9
23:33:46.556 [JavaFX Application Thread] DEBUG Input                - Registered new binding: Restart - CTRL+R
23:33:46.557 [JavaFX Application Thread] DEBUG Input                - Registered new binding: Toggle Debug Camera - CTRL+7
23:33:46.564 [JavaFX Application Thread] DEBUG LoopRunner           - Starting loop
23:33:46.585 [JavaFX Application Thread] DEBUG LoopRunner           - Initializing JavaFX AnimationTimerLoop
23:33:46.590 [JavaFX Application Thread] DEBUG GameApplicationServi - Starting new game
23:33:46.590 [JavaFX Application Thread] DEBUG Input                - Clearing active input actions
23:33:46.602 [JavaFX Application Thread] DEBUG GameApplicationServi - Removing overlay from FXGLStartupScene and adding to FXGLLoadingScene
23:33:46.606 [JavaFX Application Thread] DEBUG PrimaryStageWindow   - FXGLStartupScene -> FXGLLoadingScene
23:33:46.606 [JavaFX Application Thread] DEBUG GameApplicationServi - Clearing previous game
23:33:46.606 [JavaFX Application Thread] DEBUG GameScene            - Clearing game scene
23:33:46.606 [JavaFX Application Thread] DEBUG GameWorld            - Clearing game world
23:33:46.606 [JavaFX Application Thread] DEBUG PhysicsWorld         - Clearing physics world
23:33:46.608 [JavaFX Application Thread] DEBUG FXGLApplication      - Registering font factories with UI factory
23:33:46.608 [FXGL Background Thread 4 ] DEBUG FXGLApplication      - Initializing game
23:33:46.665 [FXGL Background Thread 4 ] WARN  TMXLevelLoader       - TiledMap generated from 1.11.2. Supported version: 1.9.0. Some features may not be parsed fully.
23:33:46.693 [FXGL Background Thread 4 ] DEBUG TMXLevelLoader       - Parsed TiledMap: file:/C:/Users/Lenovo/ProjectJava3.0/myproject/myproject/target/classes/assets/levels/scene1.tmx
23:33:46.695 [FXGL Background Thread 4 ] DEBUG TMXLevelLoader       - Creating tile layer entities
23:33:46.697 [FXGL Background Thread 4 ] DEBUG TilesetLoader        - Loading view for layer lowefloor
23:33:46.699 [FXGL Background Thread 4 ] DEBUG TilesetLoader        - Created buffer with size 512.0x1024.0
23:33:46.776 [FXGL Background Thread 4 ] DEBUG TilesetLoader        - Loading view for layer cliff
23:33:46.776 [FXGL Background Thread 4 ] DEBUG TilesetLoader        - Created buffer with size 512.0x1024.0
23:33:46.777 [FXGL Background Thread 4 ] DEBUG TilesetLoader        - Loading view for layer cliff1
23:33:46.778 [FXGL Background Thread 4 ] DEBUG TilesetLoader        - Created buffer with size 512.0x1024.0
23:33:46.780 [FXGL Background Thread 4 ] DEBUG TilesetLoader        - Loading view for layer cliff2
23:33:46.781 [FXGL Background Thread 4 ] DEBUG TilesetLoader        - Created buffer with size 512.0x1024.0
23:33:46.783 [FXGL Background Thread 4 ] DEBUG TilesetLoader        - Loading view for layer Tile Layer 3
23:33:46.784 [FXGL Background Thread 4 ] DEBUG TilesetLoader        - Created buffer with size 512.0x1024.0
23:33:46.785 [FXGL Background Thread 4 ] DEBUG TilesetLoader        - Loading view for layer Tile Layer 6
23:33:46.785 [FXGL Background Thread 4 ] DEBUG TilesetLoader        - Created buffer with size 512.0x1024.0
23:33:46.842 [FXGL Background Thread 4 ] DEBUG TilesetLoader        - Loading view for layer prop
23:33:46.842 [FXGL Background Thread 4 ] DEBUG TilesetLoader        - Created buffer with size 512.0x1024.0
23:33:46.843 [FXGL Background Thread 4 ] DEBUG TMXLevelLoader       - Creating object layer entities
23:33:46.874 [FXGL Background Thread 4 ] DEBUG FXGLAssetLoaderServi - Loading from file system: file:/C:/Users/Lenovo/ProjectJava3.0/myproject/myproject/target/classes/assets/textures/Rex.png
23:33:46.880 [FXGL Background Thread 4 ] WARN  TMXLevelLoader       - TiledMap generated from 1.11.2. Supported version: 1.9.0. Some features may not be parsed fully.
23:33:46.892 [FXGL Background Thread 4 ] DEBUG TMXLevelLoader       - Parsed TiledMap: file:/C:/Users/Lenovo/ProjectJava3.0/myproject/myproject/target/classes/assets/levels/scene1.tmx
23:33:46.892 [FXGL Background Thread 4 ] DEBUG TMXLevelLoader       - Creating tile layer entities
23:33:46.892 [FXGL Background Thread 4 ] DEBUG TilesetLoader        - Loading view for layer lowefloor
23:33:46.893 [FXGL Background Thread 4 ] DEBUG TilesetLoader        - Created buffer with size 512.0x1024.0
23:33:46.917 [FXGL Background Thread 4 ] DEBUG TilesetLoader        - Loading view for layer cliff
23:33:46.918 [FXGL Background Thread 4 ] DEBUG TilesetLoader        - Created buffer with size 512.0x1024.0
23:33:46.919 [FXGL Background Thread 4 ] DEBUG TilesetLoader        - Loading view for layer cliff1
23:33:46.919 [FXGL Background Thread 4 ] DEBUG TilesetLoader        - Created buffer with size 512.0x1024.0
23:33:46.920 [FXGL Background Thread 4 ] DEBUG TilesetLoader        - Loading view for layer cliff2
23:33:46.921 [FXGL Background Thread 4 ] DEBUG TilesetLoader        - Created buffer with size 512.0x1024.0
23:33:46.922 [FXGL Background Thread 4 ] DEBUG TilesetLoader        - Loading view for layer Tile Layer 3
23:33:46.922 [FXGL Background Thread 4 ] DEBUG TilesetLoader        - Created buffer with size 512.0x1024.0
23:33:46.923 [FXGL Background Thread 4 ] DEBUG TilesetLoader        - Loading view for layer Tile Layer 6
23:33:46.924 [FXGL Background Thread 4 ] DEBUG TilesetLoader        - Created buffer with size 512.0x1024.0
23:33:46.976 [FXGL Background Thread 4 ] DEBUG TilesetLoader        - Loading view for layer prop
23:33:46.977 [FXGL Background Thread 4 ] DEBUG TilesetLoader        - Created buffer with size 512.0x1024.0
23:33:46.978 [FXGL Background Thread 4 ] DEBUG TMXLevelLoader       - Creating object layer entities
23:33:46.990 [FXGL Background Thread 4 ] DEBUG GameWorld            - Clearing removable entities
23:33:46.991 [FXGL Background Thread 4 ] DEBUG GameWorld            - Setting level: com.almasb.fxgl.entity.level.Level@3821fbb7
23:33:47.011 [FXGL Background Thread 4 ] DEBUG FXGLAssetLoaderServi - Loading from file system: file:/C:/Users/Lenovo/ProjectJava3.0/myproject/myproject/target/classes/assets/textures/Actor1.png
23:33:47.025 [FXGL Background Thread 4 ] INFO  FXGLApplication      - Game initialization took: 0.417 sec
23:33:47.027 [JavaFX Application Thread] DEBUG Input                - Clearing active input actions
23:33:47.035 [JavaFX Application Thread] DEBUG GameApplicationServi - Removing overlay from FXGLLoadingScene and adding to GameScene
23:33:47.039 [JavaFX Application Thread] DEBUG PrimaryStageWindow   - FXGLLoadingScene -> GameScene
23:33:49.484 [FXGL Background Thread 3 ] DEBUG Engine               - Logging environment variables
23:33:49.485 [FXGL Background Thread 3 ] DEBUG Engine               - achievements: []
23:33:49.485 [FXGL Background Thread 3 ] DEBUG Engine               - actualHeight: 864.0
23:33:49.485 [FXGL Background Thread 3 ] DEBUG Engine               - actualHeightProperty: ReadOnlyDoubleProperty [value: 864.0]
23:33:49.485 [FXGL Background Thread 3 ] DEBUG Engine               - actualWidth: 1536.0
23:33:49.486 [FXGL Background Thread 3 ] DEBUG Engine               - actualWidthProperty: ReadOnlyDoubleProperty [value: 1536.0]
23:33:49.486 [FXGL Background Thread 3 ] DEBUG Engine               - appIcon: fxgl_icon.png
23:33:49.486 [FXGL Background Thread 3 ] DEBUG Engine               - applicationMode: DEVELOPER
23:33:49.486 [FXGL Background Thread 3 ] DEBUG Engine               - cSSList: [fxgl_dark.css]
23:33:49.486 [FXGL Background Thread 3 ] DEBUG Engine               - collisionDetectionStrategy: BRUTE_FORCE
23:33:49.486 [FXGL Background Thread 3 ] DEBUG Engine               - configClass: Optional.empty
23:33:49.486 [FXGL Background Thread 3 ] DEBUG Engine               - credits: []
23:33:49.487 [FXGL Background Thread 3 ] DEBUG Engine               - defaultCursor: CursorInfo(imageName=fxgl_default_cursor.png, hotspotX=7.0, hotspotY=6.0)
23:33:49.487 [FXGL Background Thread 3 ] DEBUG Engine               - devBBoxColorProperty: ObjectProperty [value: 0xff0000ff]
23:33:49.487 [FXGL Background Thread 3 ] DEBUG Engine               - devEnableDebugCameraProperty: BooleanProperty [value: false]
23:33:49.487 [FXGL Background Thread 3 ] DEBUG Engine               - devSensorColorProperty: ObjectProperty [value: 0xffff00ff]
23:33:49.487 [FXGL Background Thread 3 ] DEBUG Engine               - devShowBBoxProperty: BooleanProperty [value: false]
23:33:49.487 [FXGL Background Thread 3 ] DEBUG Engine               - devShowPositionProperty: BooleanProperty [value: false]
23:33:49.487 [FXGL Background Thread 3 ] DEBUG Engine               - enabledMenuItems: []
23:33:49.488 [FXGL Background Thread 3 ] DEBUG Engine               - engineServices: [class com.almasb.fxgl.app.services.FXGLAssetLoaderService, class com.almasb.fxgl.app.FXGLApplication$GameApplicationService, class com.almasb.fxgl.app.services.FXGLDialogService, class com.almasb.fxgl.app.services.IOTaskExecutorService, class com.almasb.fxgl.io.FileSystemService, class com.almasb.fxgl.localization.LocalizationService, class com.almasb.fxgl.app.services.SystemBundleService, class com.almasb.fxgl.profile.SaveLoadService, class com.almasb.fxgl.ui.FXGLUIFactoryServiceProvider, class com.almasb.fxgl.ui.FXGLDialogFactoryServiceProvider, class com.almasb.fxgl.audio.AudioPlayer, class com.almasb.fxgl.notification.impl.NotificationServiceProvider, class com.almasb.fxgl.achievement.AchievementService, class com.almasb.fxgl.cutscene.CutsceneService, class com.almasb.fxgl.minigames.MiniGameService, class com.almasb.fxgl.net.NetService, class com.almasb.fxgl.app.services.UpdaterService, class com.almasb.fxgl.dev.DevService]
23:33:49.488 [FXGL Background Thread 3 ] DEBUG Engine               - fontGame: Abel-Regular.ttf
23:33:49.488 [FXGL Background Thread 3 ] DEBUG Engine               - fontMono: TerminalLandMono-Regular.otf
23:33:49.488 [FXGL Background Thread 3 ] DEBUG Engine               - fontSizeScaleUI: 1.0
23:33:49.488 [FXGL Background Thread 3 ] DEBUG Engine               - fontText: Courier-Prime.ttf
23:33:49.488 [FXGL Background Thread 3 ] DEBUG Engine               - fontUI: VarelaRound-Regular.ttf
23:33:49.488 [FXGL Background Thread 3 ] DEBUG Engine               - fullScreen: BooleanProperty [value: true]
23:33:49.488 [FXGL Background Thread 3 ] DEBUG Engine               - gameDifficulty: MEDIUM
23:33:49.488 [FXGL Background Thread 3 ] DEBUG Engine               - gameDifficultyProperty: ObjectProperty [value: MEDIUM]
23:33:49.488 [FXGL Background Thread 3 ] DEBUG Engine               - globalMusicVolume: 0.5
23:33:49.488 [FXGL Background Thread 3 ] DEBUG Engine               - globalMusicVolumeProperty: DoubleProperty [value: 0.5]
23:33:49.488 [FXGL Background Thread 3 ] DEBUG Engine               - globalSoundVolume: 0.5
23:33:49.488 [FXGL Background Thread 3 ] DEBUG Engine               - globalSoundVolumeProperty: DoubleProperty [value: 0.5]
23:33:49.488 [FXGL Background Thread 3 ] DEBUG Engine               - height: 720
23:33:49.488 [FXGL Background Thread 3 ] DEBUG Engine               - is3D: false
23:33:49.488 [FXGL Background Thread 3 ] DEBUG Engine               - isAndroid: false
23:33:49.488 [FXGL Background Thread 3 ] DEBUG Engine               - isBrowser: false
23:33:49.488 [FXGL Background Thread 3 ] DEBUG Engine               - isClickFeedbackEnabled: false
23:33:49.488 [FXGL Background Thread 3 ] DEBUG Engine               - isCloseConfirmation: false
23:33:49.488 [FXGL Background Thread 3 ] DEBUG Engine               - isDesktop: true
23:33:49.488 [FXGL Background Thread 3 ] DEBUG Engine               - isDeveloperMenuEnabled: true
23:33:49.488 [FXGL Background Thread 3 ] DEBUG Engine               - isEmbedded: false
23:33:49.488 [FXGL Background Thread 3 ] DEBUG Engine               - isEntityPreloadEnabled: true
23:33:49.488 [FXGL Background Thread 3 ] DEBUG Engine               - isExperimentalTiledLargeMap: false
23:33:49.488 [FXGL Background Thread 3 ] DEBUG Engine               - isFileSystemWriteAllowed: true
23:33:49.488 [FXGL Background Thread 3 ] DEBUG Engine               - isFullScreenAllowed: true
23:33:49.488 [FXGL Background Thread 3 ] DEBUG Engine               - isFullScreenFromStart: true
23:33:49.488 [FXGL Background Thread 3 ] DEBUG Engine               - isGameMenuEnabled: true
23:33:49.489 [FXGL Background Thread 3 ] DEBUG Engine               - isIOS: false
23:33:49.489 [FXGL Background Thread 3 ] DEBUG Engine               - isIntroEnabled: false
23:33:49.489 [FXGL Background Thread 3 ] DEBUG Engine               - isLinux: false
23:33:49.489 [FXGL Background Thread 3 ] DEBUG Engine               - isMac: false
23:33:49.489 [FXGL Background Thread 3 ] DEBUG Engine               - isMainMenuEnabled: false
23:33:49.489 [FXGL Background Thread 3 ] DEBUG Engine               - isManualResizeEnabled: false
23:33:49.489 [FXGL Background Thread 3 ] DEBUG Engine               - isMobile: false
23:33:49.489 [FXGL Background Thread 3 ] DEBUG Engine               - isNative: false
23:33:49.489 [FXGL Background Thread 3 ] DEBUG Engine               - isPauseMusicWhenMinimized: true
23:33:49.489 [FXGL Background Thread 3 ] DEBUG Engine               - isPreserveResizeRatio: false
23:33:49.489 [FXGL Background Thread 3 ] DEBUG Engine               - isProfilingEnabled: false
23:33:49.489 [FXGL Background Thread 3 ] DEBUG Engine               - isScaleAffectedOnResize: true
23:33:49.489 [FXGL Background Thread 3 ] DEBUG Engine               - isSingleStep: false
23:33:49.489 [FXGL Background Thread 3 ] DEBUG Engine               - isUserProfileEnabled: false
23:33:49.489 [FXGL Background Thread 3 ] DEBUG Engine               - isWindows: true
23:33:49.489 [FXGL Background Thread 3 ] DEBUG Engine               - language: ObjectProperty [value: ENGLISH]
23:33:49.489 [FXGL Background Thread 3 ] DEBUG Engine               - menuKey: ESCAPE
23:33:49.489 [FXGL Background Thread 3 ] DEBUG Engine               - mouseSensitivity: 0.2
23:33:49.489 [FXGL Background Thread 3 ] DEBUG Engine               - notificationViewClass: class com.almasb.fxgl.notification.view.XboxNotificationView
23:33:49.489 [FXGL Background Thread 3 ] DEBUG Engine               - pixelsPerMeter: 50.0
23:33:49.489 [FXGL Background Thread 3 ] DEBUG Engine               - platform: WINDOWS
23:33:49.489 [FXGL Background Thread 3 ] DEBUG Engine               - prefHeightProperty: ReadOnlyDoubleProperty [value: 720.0]
23:33:49.489 [FXGL Background Thread 3 ] DEBUG Engine               - prefWidthProperty: ReadOnlyDoubleProperty [value: 1280.0]
23:33:49.489 [FXGL Background Thread 3 ] DEBUG Engine               - profileDir: profiles/
23:33:49.489 [FXGL Background Thread 3 ] DEBUG Engine               - profileName: StringProperty [value: DEFAULT]
23:33:49.489 [FXGL Background Thread 3 ] DEBUG Engine               - randomSeed: -1
23:33:49.490 [FXGL Background Thread 3 ] DEBUG Engine               - runtimeInfo: RuntimeInfo(platform=WINDOWS, version=21.1, build=27.03.2024 07.52)
23:33:49.490 [FXGL Background Thread 3 ] DEBUG Engine               - saveFileExt: sav
23:33:49.490 [FXGL Background Thread 3 ] DEBUG Engine               - scaledHeightProp$fxgl: DoubleProperty [bound, value: 864.0]
23:33:49.490 [FXGL Background Thread 3 ] DEBUG Engine               - scaledWidthProp$fxgl: DoubleProperty [bound, value: 1536.0]
23:33:49.490 [FXGL Background Thread 3 ] DEBUG Engine               - sceneFactory: com.almasb.fxgl.app.scene.SceneFactory@3946f364
23:33:49.490 [FXGL Background Thread 3 ] DEBUG Engine               - secondsIn24h: 60
23:33:49.490 [FXGL Background Thread 3 ] DEBUG Engine               - soundMenuBack: menu/back.wav
23:33:49.490 [FXGL Background Thread 3 ] DEBUG Engine               - soundMenuPress: menu/press.wav
23:33:49.490 [FXGL Background Thread 3 ] DEBUG Engine               - soundMenuSelect: menu/select.wav
23:33:49.490 [FXGL Background Thread 3 ] DEBUG Engine               - soundNotification: core/notification.wav
23:33:49.490 [FXGL Background Thread 3 ] DEBUG Engine               - stageStyle: DECORATED
23:33:49.490 [FXGL Background Thread 3 ] DEBUG Engine               - supportedLanguages: [ENGLISH, FRENCH, GERMAN, HUNGARIAN, RUSSIAN]
23:33:49.490 [FXGL Background Thread 3 ] DEBUG Engine               - ticksPerSecond: -1
23:33:49.490 [FXGL Background Thread 3 ] DEBUG Engine               - title: Final Journey
23:33:49.490 [FXGL Background Thread 3 ] DEBUG Engine               - urlGithub: https://github.com/AlmasB/FXGL
23:33:49.490 [FXGL Background Thread 3 ] DEBUG Engine               - urlLeaderboard: http://fxgl-top.herokuapp.com/
23:33:49.490 [FXGL Background Thread 3 ] DEBUG Engine               - urlPOM: https://raw.githubusercontent.com/AlmasB/FXGL/release/README.md
23:33:49.491 [FXGL Background Thread 3 ] DEBUG Engine               - userAppClass: class com.project.App
23:33:49.491 [FXGL Background Thread 3 ] DEBUG Engine               - version: Alpha
23:33:49.491 [FXGL Background Thread 3 ] DEBUG Engine               - versionCheckDays: 7
23:33:49.491 [FXGL Background Thread 3 ] DEBUG Engine               - width: 1280
23:33:49.491 [FXGL Background Thread 3 ] DEBUG Engine               - Logging services
23:33:49.491 [FXGL Background Thread 3 ] DEBUG Engine               - class com.almasb.fxgl.app.services.FXGLAssetLoaderService
23:33:49.491 [FXGL Background Thread 3 ] DEBUG Engine               - class com.almasb.fxgl.app.FXGLApplication$GameApplicationService
23:33:49.491 [FXGL Background Thread 3 ] DEBUG Engine               - class com.almasb.fxgl.app.services.FXGLDialogService
23:33:49.491 [FXGL Background Thread 3 ] DEBUG Engine               - class com.almasb.fxgl.app.services.IOTaskExecutorService
23:33:49.491 [FXGL Background Thread 3 ] DEBUG Engine               - class com.almasb.fxgl.io.FileSystemService
23:33:49.491 [FXGL Background Thread 3 ] DEBUG Engine               - class com.almasb.fxgl.localization.LocalizationService
23:33:49.491 [FXGL Background Thread 3 ] DEBUG Engine               - class com.almasb.fxgl.app.services.SystemBundleService
23:33:49.491 [FXGL Background Thread 3 ] DEBUG Engine               - class com.almasb.fxgl.profile.SaveLoadService
23:33:49.491 [FXGL Background Thread 3 ] DEBUG Engine               - class com.almasb.fxgl.ui.FXGLUIFactoryServiceProvider
23:33:49.491 [FXGL Background Thread 3 ] DEBUG Engine               - class com.almasb.fxgl.ui.FXGLDialogFactoryServiceProvider
23:33:49.491 [FXGL Background Thread 3 ] DEBUG Engine               - class com.almasb.fxgl.audio.AudioPlayer
23:33:49.491 [FXGL Background Thread 3 ] DEBUG Engine               - class com.almasb.fxgl.notification.impl.NotificationServiceProvider
23:33:49.491 [FXGL Background Thread 3 ] DEBUG Engine               - class com.almasb.fxgl.achievement.AchievementService
23:33:49.491 [FXGL Background Thread 3 ] DEBUG Engine               - class com.almasb.fxgl.cutscene.CutsceneService
23:33:49.491 [FXGL Background Thread 3 ] DEBUG Engine               - class com.almasb.fxgl.minigames.MiniGameService
23:33:49.491 [FXGL Background Thread 3 ] DEBUG Engine               - class com.almasb.fxgl.net.NetService
23:33:49.491 [FXGL Background Thread 3 ] DEBUG Engine               - class com.almasb.fxgl.app.services.UpdaterService
23:33:49.491 [FXGL Background Thread 3 ] DEBUG Engine               - class com.almasb.fxgl.dev.DevService
23:33:49.643 [JavaFX Application Thread] DEBUG FXGLAssetLoaderServi - Loading from file system: file:/C:/Users/Lenovo/ProjectJava3.0/myproject/myproject/target/classes/assets/text/filetext.txt
23:33:49.646 [JavaFX Application Thread] DEBUG EventBus             - Firing event: com.GameEvent.CombatScene[source=javafx.event.Event$$Lambda/0x000001acd7173198@320984eb]
23:33:49.650 [JavaFX Application Thread] WARN  TMXLevelLoader       - TiledMap generated from 1.11.2. Supported version: 1.9.0. Some features may not be parsed fully.
23:33:49.658 [JavaFX Application Thread] DEBUG TMXLevelLoader       - Parsed TiledMap: file:/C:/Users/Lenovo/ProjectJava3.0/myproject/myproject/target/classes/assets/levels/battle1.tmx
23:33:49.658 [JavaFX Application Thread] DEBUG TMXLevelLoader       - Creating tile layer entities
23:33:49.659 [JavaFX Application Thread] DEBUG TilesetLoader        - Loading view for layer Tile Layer 1
23:33:49.661 [JavaFX Application Thread] DEBUG TilesetLoader        - Created buffer with size 2048.0x1024.0
23:33:49.756 [JavaFX Application Thread] DEBUG TMXLevelLoader       - Creating object layer entities
23:33:49.757 [JavaFX Application Thread] DEBUG FXGLAssetLoaderServi - Loading from file system: file:/C:/Users/Lenovo/ProjectJava3.0/myproject/myproject/target/classes/assets/textures/Rex.png
23:33:49.765 [JavaFX Application Thread] DEBUG FXGLAssetLoaderServi - Loading from file system: file:/C:/Users/Lenovo/ProjectJava3.0/myproject/myproject/target/classes/assets/textures/Reid.png
23:33:49.822 [JavaFX Application Thread] DEBUG FXGLAssetLoaderServi - Loading from file system: file:/C:/Users/Lenovo/ProjectJava3.0/myproject/myproject/target/classes/assets/textures/marsha.png
23:33:49.871 [JavaFX Application Thread] DEBUG GameWorld            - Clearing removable entities
23:33:49.878 [JavaFX Application Thread] DEBUG GameWorld            - Setting level: com.almasb.fxgl.entity.level.Level@306c73c9
23:33:49.880 [JavaFX Application Thread] WARN  TMXLevelLoader       - TiledMap generated from 1.11.2. Supported version: 1.9.0. Some features may not be parsed fully.
23:33:49.884 [JavaFX Application Thread] DEBUG TMXLevelLoader       - Parsed TiledMap: file:/C:/Users/Lenovo/ProjectJava3.0/myproject/myproject/target/classes/assets/levels/battle1.tmx
23:33:49.884 [JavaFX Application Thread] DEBUG TMXLevelLoader       - Creating tile layer entities
23:33:49.885 [JavaFX Application Thread] DEBUG TilesetLoader        - Loading view for layer Tile Layer 1
23:33:49.886 [JavaFX Application Thread] DEBUG TilesetLoader        - Created buffer with size 2048.0x1024.0
23:33:49.970 [JavaFX Application Thread] DEBUG TMXLevelLoader       - Creating object layer entities
23:34:08.409 [JavaFX Application Thread] DEBUG LoopRunner           - Stopping loop
23:34:08.412 [JavaFX Application Thread] FATAL FXGLApplication      - Uncaught Exception:
java.lang.IllegalArgumentException: Component DamageHeroComponent not found!
	at com.almasb.fxgl.entity.Entity.getComponent(Entity.java:366)
	at com.Combat.OrderCombat.attack(OrderCombat.java:75)
	at com.UI.ActionButtonUI.lambda$1(ActionButtonUI.java:60)
	at com.sun.javafx.event.CompositeEventHandler.dispatchBubblingEvent(CompositeEventHandler.java:86)
	at com.sun.javafx.event.EventHandlerManager.dispatchBubblingEvent(EventHandlerManager.java:232)
	at com.sun.javafx.event.EventHandlerManager.dispatchBubblingEvent(EventHandlerManager.java:189)
	at com.sun.javafx.event.CompositeEventDispatcher.dispatchBubblingEvent(CompositeEventDispatcher.java:59)
	at com.sun.javafx.event.BasicEventDispatcher.dispatchEvent(BasicEventDispatcher.java:58)
	at com.sun.javafx.event.EventDispatchChainImpl.dispatchEvent(EventDispatchChainImpl.java:114)
	at com.sun.javafx.event.BasicEventDispatcher.dispatchEvent(BasicEventDispatcher.java:56)
	at com.sun.javafx.event.EventDispatchChainImpl.dispatchEvent(EventDispatchChainImpl.java:114)
	at com.sun.javafx.event.BasicEventDispatcher.dispatchEvent(BasicEventDispatcher.java:56)
	at com.sun.javafx.event.EventDispatchChainImpl.dispatchEvent(EventDispatchChainImpl.java:114)
	at com.sun.javafx.event.EventUtil.fireEventImpl(EventUtil.java:74)
	at com.sun.javafx.event.EventUtil.fireEvent(EventUtil.java:49)
	at javafx.event.Event.fireEvent(Event.java:198)
	at javafx.scene.Node.fireEvent(Node.java:8875)
	at javafx.scene.control.Button.fire(Button.java:203)
	at com.sun.javafx.scene.control.behavior.ButtonBehavior.mouseReleased(ButtonBehavior.java:207)
	at com.sun.javafx.scene.control.inputmap.InputMap.handle(InputMap.java:274)
	at com.sun.javafx.event.CompositeEventHandler$NormalEventHandlerRecord.handleBubblingEvent(CompositeEventHandler.java:247)
	at com.sun.javafx.event.CompositeEventHandler.dispatchBubblingEvent(CompositeEventHandler.java:80)
	at com.sun.javafx.event.EventHandlerManager.dispatchBubblingEvent(EventHandlerManager.java:232)
	at com.sun.javafx.event.EventHandlerManager.dispatchBubblingEvent(EventHandlerManager.java:189)
	at com.sun.javafx.event.CompositeEventDispatcher.dispatchBubblingEvent(CompositeEventDispatcher.java:59)
	at com.sun.javafx.event.BasicEventDispatcher.dispatchEvent(BasicEventDispatcher.java:58)
	at com.sun.javafx.event.EventDispatchChainImpl.dispatchEvent(EventDispatchChainImpl.java:114)
	at com.sun.javafx.event.BasicEventDispatcher.dispatchEvent(BasicEventDispatcher.java:56)
	at com.sun.javafx.event.EventDispatchChainImpl.dispatchEvent(EventDispatchChainImpl.java:114)
	at com.sun.javafx.event.BasicEventDispatcher.dispatchEvent(BasicEventDispatcher.java:56)
	at com.sun.javafx.event.EventDispatchChainImpl.dispatchEvent(EventDispatchChainImpl.java:114)
	at com.sun.javafx.event.EventUtil.fireEventImpl(EventUtil.java:74)
	at com.sun.javafx.event.EventUtil.fireEvent(EventUtil.java:54)
	at javafx.event.Event.fireEvent(Event.java:198)
	at javafx.scene.Scene$MouseHandler.process(Scene.java:3984)
	at javafx.scene.Scene.processMouseEvent(Scene.java:1890)
	at javafx.scene.Scene$ScenePeerListener.mouseEvent(Scene.java:2708)
	at com.sun.javafx.tk.quantum.GlassViewEventHandler$MouseEventNotification.run(GlassViewEventHandler.java:411)
	at com.sun.javafx.tk.quantum.GlassViewEventHandler$MouseEventNotification.run(GlassViewEventHandler.java:301)
	at java.base/java.security.AccessController.doPrivileged(AccessController.java:400)
	at com.sun.javafx.tk.quantum.GlassViewEventHandler.lambda$handleMouseEvent$2(GlassViewEventHandler.java:450)
	at com.sun.javafx.tk.quantum.QuantumToolkit.runWithoutRenderLock(QuantumToolkit.java:424)
	at com.sun.javafx.tk.quantum.GlassViewEventHandler.handleMouseEvent(GlassViewEventHandler.java:449)
	at com.sun.glass.ui.View.handleMouseEvent(View.java:551)
	at com.sun.glass.ui.View.notifyMouse(View.java:937)
	at com.sun.glass.ui.win.WinApplication._runLoop(Native Method)
	at com.sun.glass.ui.win.WinApplication.lambda$runLoop$3(WinApplication.java:185)
	at java.base/java.lang.Thread.run(Thread.java:1583)

23:34:08.412 [JavaFX Application Thread] FATAL FXGLApplication      - Application will now exit
23:34:08.417 [JavaFX Application Thread] DEBUG PrimaryStageWindow   - Push state: ErrorSubScene
23:34:08.417 [JavaFX Application Thread] DEBUG Input                - Clearing active input actions
23:34:08.418 [JavaFX Application Thread] DEBUG GameApplicationServi - Removing overlay from GameScene and adding to ErrorSubScene
23:34:08.419 [JavaFX Application Thread] DEBUG PrimaryStageWindow   - GameScene -> ErrorSubScene
23:34:18.094 [JavaFX Application Thread] DEBUG FXGLApplication      - Exiting FXGL
23:34:18.095 [JavaFX Application Thread] DEBUG Async                - Shutting down background threads
23:34:18.095 [JavaFX Application Thread] DEBUG PrimaryStageWindow   - Closing main window
23:34:18.139 [JavaFX Application Thread] DEBUG Logger               - Closing Logger
