23:45:02.785 [main                     ] DEBUG Logger               - Configured Logger
23:45:02.804 [main                     ] DEBUG GameApplication      - Logging settings
Title: Final Journey
Version: Alpha
Width: 1280
Height: 720
Fullscreen: true
Intro: false
Profiling: false
Single step:false
App Mode: DEVELOPER
Menu Key: ESCAPE
Stage Style: DECORATED
Scene Factory: class com.almasb.fxgl.app.scene.SceneFactory

23:45:03.243 [JavaFX Application Thread] DEBUG FXGLApplication      - Initializing FXGL
23:45:03.249 [JavaFX Application Thread] INFO  Engine               - FXGL-21.1 (27.03.2024 07.52) on WINDOWS (J:21.0.5 FX:21.0.1)
23:45:03.250 [JavaFX Application Thread] DEBUG Engine               - JRE Vendor Name: Eclipse Adoptium
23:45:03.250 [JavaFX Application Thread] DEBUG Engine               - Running on OS: Windows 11 version 10.0
23:45:03.250 [JavaFX Application Thread] DEBUG Engine               - Architecture: amd64
23:45:03.250 [JavaFX Application Thread] INFO  Engine               - Source code and latest versions at: https://github.com/AlmasB/FXGL
23:45:03.250 [JavaFX Application Thread] INFO  Engine               -       Ask questions and discuss at: https://github.com/AlmasB/FXGL/discussions
23:45:03.251 [JavaFX Application Thread] INFO  Engine               -              Join the FXGL chat at: https://gitter.im/AlmasB/FXGL
23:45:03.352 [JavaFX Application Thread] DEBUG PrimaryStageWindow   - Creating a JavaFX scene
23:45:03.406 [JavaFX Application Thread] DEBUG PrimaryStageWindow   - Target settings size: 1280.0 x 720.0
23:45:03.406 [JavaFX Application Thread] DEBUG PrimaryStageWindow   - Scaled scene size:    1280.0 x 720.0
23:45:03.406 [JavaFX Application Thread] DEBUG PrimaryStageWindow   - Scaled ratio: (1.0, 1.0)
23:45:03.407 [JavaFX Application Thread] DEBUG PrimaryStageWindow   - Set initial scene to FXGLStartupScene
23:45:03.413 [JavaFX Application Thread] DEBUG PrimaryStageWindow   - Opening main window
23:45:03.529 [JavaFX Application Thread] DEBUG PrimaryStageWindow   - Window border size: (14.4000244140625, 37.5999755859375)
23:45:03.529 [JavaFX Application Thread] DEBUG PrimaryStageWindow   - Scaled size: 1280.0 x 720.0
23:45:03.530 [JavaFX Application Thread] DEBUG PrimaryStageWindow   - Scaled ratio: (1.0, 1.0)
23:45:03.530 [JavaFX Application Thread] DEBUG PrimaryStageWindow   - Scene size: 1280.0 x 720.0
23:45:03.530 [JavaFX Application Thread] DEBUG PrimaryStageWindow   - Stage size: 1294.4000244140625 x 757.5999755859375
23:45:03.604 [JavaFX Application Thread] DEBUG PrimaryStageWindow   - Going fullscreen
23:45:03.615 [FXGL Background Thread 1 ] DEBUG Engine               - Initializing environment variables
23:45:03.676 [FXGL Background Thread 1 ] DEBUG FXGLAssetLoaderServi - User app class for loading assets: class com.project.App
23:45:03.676 [FXGL Background Thread 1 ] DEBUG GameApplicationServi - Applying CSS: fxgl_dark.css
23:45:03.677 [FXGL Background Thread 1 ] DEBUG FXGLAssetLoaderServi - Loading from file system: jar:file:/C:/Users/Lenovo/.m2/repository/com/github/almasb/fxgl/21.1/fxgl-21.1.jar!/fxglassets/ui/css/fxgl_dark.css
23:45:03.715 [FXGL Background Thread 1 ] DEBUG GameApplicationServi - Initializing application scenes
23:45:03.762 [FXGL Background Thread 1 ] DEBUG GameWorld            - Game world initialized
23:45:03.818 [FXGL Background Thread 1 ] DEBUG PhysicsWorld         - Physics world initialized: appHeight=720, physics.ppm=50.0
23:45:03.818 [FXGL Background Thread 1 ] DEBUG PhysicsWorld         - Using strategy: BRUTE_FORCE
23:45:03.822 [FXGL Background Thread 1 ] DEBUG GameScene            - Game scene initialized: 1280x720
23:45:03.832 [FXGL Background Thread 1 ] DEBUG FXGL.DefaultMenu     - createMenuBodyGameMenu()
23:45:03.844 [FXGL Background Thread 1 ] DEBUG FXGL.DefaultMenu     - createOptionsMenu()
23:45:03.853 [FXGL Background Thread 1 ] DEBUG FXGLAssetLoaderServi - Loading from file system: jar:file:/C:/Users/Lenovo/.m2/repository/com/github/almasb/fxgl/21.1/fxgl-21.1.jar!/fxglassets/textures/particles/smoke.png
23:45:03.951 [FXGL Background Thread 1 ] DEBUG FXGLAssetLoaderServi - Loading from file system: jar:file:/C:/Users/Lenovo/.m2/repository/com/github/almasb/fxgl/21.1/fxgl-21.1.jar!/fxglassets/textures/particles/trace_horizontal.png
23:45:03.975 [FXGL Background Thread 1 ] DEBUG GameApplicationServi - Application scenes initialized
23:45:03.991 [FXGL Background Thread 1 ] DEBUG SystemBundleService  - Loading FXGL system data
23:45:03.995 [FXGL Background Thread 1 ] DEBUG FileSystemAccess     - Reading from: C:\Users\Lenovo\ProjectJava3.0\myproject\myproject\system\fxgl.bundle
23:45:04.006 [FXGL Background Thread 1 ] DEBUG SystemBundleService  - Bundle FXGL: {}
23:45:04.006 [FXGL Background Thread 1 ] DEBUG UpdaterService       - Checking for updates
23:45:04.035 [FXGL Background Thread 4 ] DEBUG FXGLApplication      - Loading fonts
23:45:04.036 [FXGL Background Thread 4 ] DEBUG FXGLAssetLoaderServi - Loading from file system: jar:file:/C:/Users/Lenovo/.m2/repository/com/github/almasb/fxgl/21.1/fxgl-21.1.jar!/fxglassets/ui/fonts/VarelaRound-Regular.ttf
23:45:04.036 [FXGL Background Thread 1 ] DEBUG FXGLApplication      - Loading default localization
23:45:04.037 [FXGL Background Thread 1 ] DEBUG FXGLAssetLoaderServi - Loading from file system: jar:file:/C:/Users/Lenovo/.m2/repository/com/github/almasb/fxgl/21.1/fxgl-21.1.jar!/fxglassets/languages/english.lang
23:45:04.067 [FXGL Background Thread 4 ] DEBUG FXGLAssetLoaderServi - Loading from file system: jar:file:/C:/Users/Lenovo/.m2/repository/com/github/almasb/fxgl/21.1/fxgl-21.1.jar!/fxglassets/ui/fonts/Abel-Regular.ttf
23:45:04.072 [FXGL Background Thread 4 ] DEBUG FXGLAssetLoaderServi - Loading from file system: jar:file:/C:/Users/Lenovo/.m2/repository/com/github/almasb/fxgl/21.1/fxgl-21.1.jar!/fxglassets/ui/fonts/TerminalLandMono-Regular.otf
23:45:04.076 [FXGL Background Thread 4 ] DEBUG FXGLAssetLoaderServi - Loading from file system: jar:file:/C:/Users/Lenovo/.m2/repository/com/github/almasb/fxgl/21.1/fxgl-21.1.jar!/fxglassets/ui/fonts/Courier-Prime.ttf
23:45:04.076 [FXGL Background Thread 1 ] INFO  FXGLApplication      - FXGL initialization took: 0.461 sec
23:45:04.086 [JavaFX Application Thread] DEBUG Input                - Registered new binding: Right - D
23:45:04.087 [JavaFX Application Thread] DEBUG Input                - Registered new binding: Left - A
23:45:04.087 [JavaFX Application Thread] DEBUG Input                - Registered new binding: Up - W
23:45:04.087 [JavaFX Application Thread] DEBUG Input                - Registered new binding: Down - S
23:45:04.087 [JavaFX Application Thread] DEBUG Input                - Registered new binding: Interact - E
23:45:04.087 [JavaFX Application Thread] DEBUG FXGLAssetLoaderServi - Loading from file system: jar:file:/C:/Users/Lenovo/.m2/repository/com/github/almasb/fxgl/21.1/fxgl-21.1.jar!/fxglassets/textures/fxgl_icon.png
23:45:04.103 [JavaFX Application Thread] DEBUG FXGLAssetLoaderServi - Loading from file system: jar:file:/C:/Users/Lenovo/.m2/repository/com/github/almasb/fxgl/21.1/fxgl-21.1.jar!/fxglassets/textures/fxgl_default_cursor.png
23:45:04.105 [JavaFX Application Thread] DEBUG Input                - Registered new binding: Screenshot - CTRL+8
23:45:04.106 [JavaFX Application Thread] DEBUG Input                - Registered new binding: Dev Options - 1
23:45:04.108 [JavaFX Application Thread] DEBUG Input                - Registered new binding: Dev Console - 2
23:45:04.108 [JavaFX Application Thread] DEBUG Input                - Registered new binding: System info dump - CTRL+9
23:45:04.108 [JavaFX Application Thread] DEBUG Input                - Registered new binding: Restart - CTRL+R
23:45:04.109 [JavaFX Application Thread] DEBUG Input                - Registered new binding: Toggle Debug Camera - CTRL+7
23:45:04.115 [JavaFX Application Thread] DEBUG LoopRunner           - Starting loop
23:45:04.140 [JavaFX Application Thread] DEBUG LoopRunner           - Initializing JavaFX AnimationTimerLoop
23:45:04.143 [JavaFX Application Thread] DEBUG GameApplicationServi - Starting new game
23:45:04.144 [JavaFX Application Thread] DEBUG Input                - Clearing active input actions
23:45:04.157 [JavaFX Application Thread] DEBUG GameApplicationServi - Removing overlay from FXGLStartupScene and adding to FXGLLoadingScene
23:45:04.163 [JavaFX Application Thread] DEBUG PrimaryStageWindow   - FXGLStartupScene -> FXGLLoadingScene
23:45:04.163 [JavaFX Application Thread] DEBUG GameApplicationServi - Clearing previous game
23:45:04.163 [JavaFX Application Thread] DEBUG GameScene            - Clearing game scene
23:45:04.163 [JavaFX Application Thread] DEBUG GameWorld            - Clearing game world
23:45:04.163 [JavaFX Application Thread] DEBUG PhysicsWorld         - Clearing physics world
23:45:04.165 [JavaFX Application Thread] DEBUG FXGLApplication      - Registering font factories with UI factory
23:45:04.165 [FXGL Background Thread 4 ] DEBUG FXGLApplication      - Initializing game
23:45:04.232 [FXGL Background Thread 4 ] WARN  TMXLevelLoader       - TiledMap generated from 1.11.2. Supported version: 1.9.0. Some features may not be parsed fully.
23:45:04.262 [FXGL Background Thread 4 ] DEBUG TMXLevelLoader       - Parsed TiledMap: file:/C:/Users/Lenovo/ProjectJava3.0/myproject/myproject/target/classes/assets/levels/scene1.tmx
23:45:04.264 [FXGL Background Thread 4 ] DEBUG TMXLevelLoader       - Creating tile layer entities
23:45:04.266 [FXGL Background Thread 4 ] DEBUG TilesetLoader        - Loading view for layer lowefloor
23:45:04.267 [FXGL Background Thread 4 ] DEBUG TilesetLoader        - Created buffer with size 512.0x1024.0
23:45:04.345 [FXGL Background Thread 4 ] DEBUG TilesetLoader        - Loading view for layer cliff
23:45:04.345 [FXGL Background Thread 4 ] DEBUG TilesetLoader        - Created buffer with size 512.0x1024.0
23:45:04.346 [FXGL Background Thread 4 ] DEBUG TilesetLoader        - Loading view for layer cliff1
23:45:04.348 [FXGL Background Thread 4 ] DEBUG TilesetLoader        - Created buffer with size 512.0x1024.0
23:45:04.349 [FXGL Background Thread 4 ] DEBUG TilesetLoader        - Loading view for layer cliff2
23:45:04.350 [FXGL Background Thread 4 ] DEBUG TilesetLoader        - Created buffer with size 512.0x1024.0
23:45:04.352 [FXGL Background Thread 4 ] DEBUG TilesetLoader        - Loading view for layer Tile Layer 3
23:45:04.352 [FXGL Background Thread 4 ] DEBUG TilesetLoader        - Created buffer with size 512.0x1024.0
23:45:04.354 [FXGL Background Thread 4 ] DEBUG TilesetLoader        - Loading view for layer Tile Layer 6
23:45:04.354 [FXGL Background Thread 4 ] DEBUG TilesetLoader        - Created buffer with size 512.0x1024.0
23:45:04.445 [FXGL Background Thread 4 ] DEBUG TilesetLoader        - Loading view for layer prop
23:45:04.445 [FXGL Background Thread 4 ] DEBUG TilesetLoader        - Created buffer with size 512.0x1024.0
23:45:04.446 [FXGL Background Thread 4 ] DEBUG TMXLevelLoader       - Creating object layer entities
23:45:04.483 [FXGL Background Thread 4 ] DEBUG FXGLAssetLoaderServi - Loading from file system: file:/C:/Users/Lenovo/ProjectJava3.0/myproject/myproject/target/classes/assets/textures/Rafflesia.png
23:45:04.504 [FXGL Background Thread 4 ] WARN  TMXLevelLoader       - TiledMap generated from 1.11.2. Supported version: 1.9.0. Some features may not be parsed fully.
23:45:04.516 [FXGL Background Thread 4 ] DEBUG TMXLevelLoader       - Parsed TiledMap: file:/C:/Users/Lenovo/ProjectJava3.0/myproject/myproject/target/classes/assets/levels/scene1.tmx
23:45:04.516 [FXGL Background Thread 4 ] DEBUG TMXLevelLoader       - Creating tile layer entities
23:45:04.517 [FXGL Background Thread 4 ] DEBUG TilesetLoader        - Loading view for layer lowefloor
23:45:04.517 [FXGL Background Thread 4 ] DEBUG TilesetLoader        - Created buffer with size 512.0x1024.0
23:45:04.545 [FXGL Background Thread 4 ] DEBUG TilesetLoader        - Loading view for layer cliff
23:45:04.546 [FXGL Background Thread 4 ] DEBUG TilesetLoader        - Created buffer with size 512.0x1024.0
23:45:04.547 [FXGL Background Thread 4 ] DEBUG TilesetLoader        - Loading view for layer cliff1
23:45:04.547 [FXGL Background Thread 4 ] DEBUG TilesetLoader        - Created buffer with size 512.0x1024.0
23:45:04.548 [FXGL Background Thread 4 ] DEBUG TilesetLoader        - Loading view for layer cliff2
23:45:04.548 [FXGL Background Thread 4 ] DEBUG TilesetLoader        - Created buffer with size 512.0x1024.0
23:45:04.550 [FXGL Background Thread 4 ] DEBUG TilesetLoader        - Loading view for layer Tile Layer 3
23:45:04.553 [FXGL Background Thread 4 ] DEBUG TilesetLoader        - Created buffer with size 512.0x1024.0
23:45:04.553 [FXGL Background Thread 4 ] DEBUG TilesetLoader        - Loading view for layer Tile Layer 6
23:45:04.554 [FXGL Background Thread 4 ] DEBUG TilesetLoader        - Created buffer with size 512.0x1024.0
23:45:04.603 [FXGL Background Thread 4 ] DEBUG TilesetLoader        - Loading view for layer prop
23:45:04.604 [FXGL Background Thread 4 ] DEBUG TilesetLoader        - Created buffer with size 512.0x1024.0
23:45:04.604 [FXGL Background Thread 4 ] DEBUG TMXLevelLoader       - Creating object layer entities
23:45:04.616 [FXGL Background Thread 4 ] DEBUG GameWorld            - Clearing removable entities
23:45:04.616 [FXGL Background Thread 4 ] DEBUG GameWorld            - Setting level: com.almasb.fxgl.entity.level.Level@19c7e225
23:45:04.630 [FXGL Background Thread 4 ] DEBUG FXGLAssetLoaderServi - Loading from file system: file:/C:/Users/Lenovo/ProjectJava3.0/myproject/myproject/target/classes/assets/textures/Actor1.png
23:45:04.638 [FXGL Background Thread 4 ] INFO  FXGLApplication      - Game initialization took: 0.473 sec
23:45:04.639 [JavaFX Application Thread] DEBUG Input                - Clearing active input actions
23:45:04.649 [JavaFX Application Thread] DEBUG GameApplicationServi - Removing overlay from FXGLLoadingScene and adding to GameScene
23:45:04.653 [JavaFX Application Thread] DEBUG PrimaryStageWindow   - FXGLLoadingScene -> GameScene
23:45:06.994 [JavaFX Application Thread] DEBUG EventBus             - Firing event: com.GameEvent.NextScene[source=javafx.event.Event$$Lambda/0x00000260231742e8@529f1dbb]
23:45:06.997 [JavaFX Application Thread] WARN  TMXLevelLoader       - TiledMap generated from 1.11.2. Supported version: 1.9.0. Some features may not be parsed fully.
23:45:07.003 [JavaFX Application Thread] DEBUG TMXLevelLoader       - Parsed TiledMap: file:/C:/Users/Lenovo/ProjectJava3.0/myproject/myproject/target/classes/assets/levels/scene2.tmx
23:45:07.004 [JavaFX Application Thread] DEBUG TMXLevelLoader       - Creating tile layer entities
23:45:07.005 [JavaFX Application Thread] DEBUG TilesetLoader        - Loading view for layer Tile Layer 1
23:45:07.006 [JavaFX Application Thread] DEBUG TilesetLoader        - Created buffer with size 1024.0x1024.0
23:45:07.033 [FXGL Background Thread 3 ] DEBUG Engine               - Logging environment variables
23:45:07.034 [FXGL Background Thread 3 ] DEBUG Engine               - achievements: []
23:45:07.034 [FXGL Background Thread 3 ] DEBUG Engine               - actualHeight: 864.0
23:45:07.034 [FXGL Background Thread 3 ] DEBUG Engine               - actualHeightProperty: ReadOnlyDoubleProperty [value: 864.0]
23:45:07.034 [FXGL Background Thread 3 ] DEBUG Engine               - actualWidth: 1536.0
23:45:07.035 [FXGL Background Thread 3 ] DEBUG Engine               - actualWidthProperty: ReadOnlyDoubleProperty [value: 1536.0]
23:45:07.035 [FXGL Background Thread 3 ] DEBUG Engine               - appIcon: fxgl_icon.png
23:45:07.035 [FXGL Background Thread 3 ] DEBUG Engine               - applicationMode: DEVELOPER
23:45:07.035 [FXGL Background Thread 3 ] DEBUG Engine               - cSSList: [fxgl_dark.css]
23:45:07.035 [FXGL Background Thread 3 ] DEBUG Engine               - collisionDetectionStrategy: BRUTE_FORCE
23:45:07.035 [FXGL Background Thread 3 ] DEBUG Engine               - configClass: Optional.empty
23:45:07.035 [FXGL Background Thread 3 ] DEBUG Engine               - credits: []
23:45:07.035 [FXGL Background Thread 3 ] DEBUG Engine               - defaultCursor: CursorInfo(imageName=fxgl_default_cursor.png, hotspotX=7.0, hotspotY=6.0)
23:45:07.035 [FXGL Background Thread 3 ] DEBUG Engine               - devBBoxColorProperty: ObjectProperty [value: 0xff0000ff]
23:45:07.035 [FXGL Background Thread 3 ] DEBUG Engine               - devEnableDebugCameraProperty: BooleanProperty [value: false]
23:45:07.035 [FXGL Background Thread 3 ] DEBUG Engine               - devSensorColorProperty: ObjectProperty [value: 0xffff00ff]
23:45:07.035 [FXGL Background Thread 3 ] DEBUG Engine               - devShowBBoxProperty: BooleanProperty [value: false]
23:45:07.035 [FXGL Background Thread 3 ] DEBUG Engine               - devShowPositionProperty: BooleanProperty [value: false]
23:45:07.035 [FXGL Background Thread 3 ] DEBUG Engine               - enabledMenuItems: []
23:45:07.036 [FXGL Background Thread 3 ] DEBUG Engine               - engineServices: [class com.almasb.fxgl.app.services.FXGLAssetLoaderService, class com.almasb.fxgl.app.FXGLApplication$GameApplicationService, class com.almasb.fxgl.app.services.FXGLDialogService, class com.almasb.fxgl.app.services.IOTaskExecutorService, class com.almasb.fxgl.io.FileSystemService, class com.almasb.fxgl.localization.LocalizationService, class com.almasb.fxgl.app.services.SystemBundleService, class com.almasb.fxgl.profile.SaveLoadService, class com.almasb.fxgl.ui.FXGLUIFactoryServiceProvider, class com.almasb.fxgl.ui.FXGLDialogFactoryServiceProvider, class com.almasb.fxgl.audio.AudioPlayer, class com.almasb.fxgl.notification.impl.NotificationServiceProvider, class com.almasb.fxgl.achievement.AchievementService, class com.almasb.fxgl.cutscene.CutsceneService, class com.almasb.fxgl.minigames.MiniGameService, class com.almasb.fxgl.net.NetService, class com.almasb.fxgl.app.services.UpdaterService, class com.almasb.fxgl.dev.DevService]
23:45:07.036 [FXGL Background Thread 3 ] DEBUG Engine               - fontGame: Abel-Regular.ttf
23:45:07.036 [FXGL Background Thread 3 ] DEBUG Engine               - fontMono: TerminalLandMono-Regular.otf
23:45:07.036 [FXGL Background Thread 3 ] DEBUG Engine               - fontSizeScaleUI: 1.0
23:45:07.036 [FXGL Background Thread 3 ] DEBUG Engine               - fontText: Courier-Prime.ttf
23:45:07.036 [FXGL Background Thread 3 ] DEBUG Engine               - fontUI: VarelaRound-Regular.ttf
23:45:07.036 [FXGL Background Thread 3 ] DEBUG Engine               - fullScreen: BooleanProperty [value: true]
23:45:07.036 [FXGL Background Thread 3 ] DEBUG Engine               - gameDifficulty: MEDIUM
23:45:07.036 [FXGL Background Thread 3 ] DEBUG Engine               - gameDifficultyProperty: ObjectProperty [value: MEDIUM]
23:45:07.036 [FXGL Background Thread 3 ] DEBUG Engine               - globalMusicVolume: 0.5
23:45:07.036 [FXGL Background Thread 3 ] DEBUG Engine               - globalMusicVolumeProperty: DoubleProperty [value: 0.5]
23:45:07.036 [FXGL Background Thread 3 ] DEBUG Engine               - globalSoundVolume: 0.5
23:45:07.036 [FXGL Background Thread 3 ] DEBUG Engine               - globalSoundVolumeProperty: DoubleProperty [value: 0.5]
23:45:07.036 [FXGL Background Thread 3 ] DEBUG Engine               - height: 720
23:45:07.036 [FXGL Background Thread 3 ] DEBUG Engine               - is3D: false
23:45:07.036 [FXGL Background Thread 3 ] DEBUG Engine               - isAndroid: false
23:45:07.036 [FXGL Background Thread 3 ] DEBUG Engine               - isBrowser: false
23:45:07.036 [FXGL Background Thread 3 ] DEBUG Engine               - isClickFeedbackEnabled: false
23:45:07.036 [FXGL Background Thread 3 ] DEBUG Engine               - isCloseConfirmation: false
23:45:07.036 [FXGL Background Thread 3 ] DEBUG Engine               - isDesktop: true
23:45:07.036 [FXGL Background Thread 3 ] DEBUG Engine               - isDeveloperMenuEnabled: true
23:45:07.036 [FXGL Background Thread 3 ] DEBUG Engine               - isEmbedded: false
23:45:07.036 [FXGL Background Thread 3 ] DEBUG Engine               - isEntityPreloadEnabled: true
23:45:07.036 [FXGL Background Thread 3 ] DEBUG Engine               - isExperimentalTiledLargeMap: false
23:45:07.036 [FXGL Background Thread 3 ] DEBUG Engine               - isFileSystemWriteAllowed: true
23:45:07.036 [FXGL Background Thread 3 ] DEBUG Engine               - isFullScreenAllowed: true
23:45:07.036 [FXGL Background Thread 3 ] DEBUG Engine               - isFullScreenFromStart: true
23:45:07.037 [FXGL Background Thread 3 ] DEBUG Engine               - isGameMenuEnabled: true
23:45:07.037 [FXGL Background Thread 3 ] DEBUG Engine               - isIOS: false
23:45:07.037 [FXGL Background Thread 3 ] DEBUG Engine               - isIntroEnabled: false
23:45:07.037 [FXGL Background Thread 3 ] DEBUG Engine               - isLinux: false
23:45:07.037 [FXGL Background Thread 3 ] DEBUG Engine               - isMac: false
23:45:07.037 [FXGL Background Thread 3 ] DEBUG Engine               - isMainMenuEnabled: false
23:45:07.037 [FXGL Background Thread 3 ] DEBUG Engine               - isManualResizeEnabled: false
23:45:07.037 [FXGL Background Thread 3 ] DEBUG Engine               - isMobile: false
23:45:07.037 [FXGL Background Thread 3 ] DEBUG Engine               - isNative: false
23:45:07.037 [FXGL Background Thread 3 ] DEBUG Engine               - isPauseMusicWhenMinimized: true
23:45:07.037 [FXGL Background Thread 3 ] DEBUG Engine               - isPreserveResizeRatio: false
23:45:07.037 [FXGL Background Thread 3 ] DEBUG Engine               - isProfilingEnabled: false
23:45:07.037 [FXGL Background Thread 3 ] DEBUG Engine               - isScaleAffectedOnResize: true
23:45:07.037 [FXGL Background Thread 3 ] DEBUG Engine               - isSingleStep: false
23:45:07.037 [FXGL Background Thread 3 ] DEBUG Engine               - isUserProfileEnabled: false
23:45:07.037 [FXGL Background Thread 3 ] DEBUG Engine               - isWindows: true
23:45:07.037 [FXGL Background Thread 3 ] DEBUG Engine               - language: ObjectProperty [value: ENGLISH]
23:45:07.037 [FXGL Background Thread 3 ] DEBUG Engine               - menuKey: ESCAPE
23:45:07.037 [FXGL Background Thread 3 ] DEBUG Engine               - mouseSensitivity: 0.2
23:45:07.037 [FXGL Background Thread 3 ] DEBUG Engine               - notificationViewClass: class com.almasb.fxgl.notification.view.XboxNotificationView
23:45:07.037 [FXGL Background Thread 3 ] DEBUG Engine               - pixelsPerMeter: 50.0
23:45:07.037 [FXGL Background Thread 3 ] DEBUG Engine               - platform: WINDOWS
23:45:07.037 [FXGL Background Thread 3 ] DEBUG Engine               - prefHeightProperty: ReadOnlyDoubleProperty [value: 720.0]
23:45:07.037 [FXGL Background Thread 3 ] DEBUG Engine               - prefWidthProperty: ReadOnlyDoubleProperty [value: 1280.0]
23:45:07.037 [FXGL Background Thread 3 ] DEBUG Engine               - profileDir: profiles/
23:45:07.037 [FXGL Background Thread 3 ] DEBUG Engine               - profileName: StringProperty [value: DEFAULT]
23:45:07.037 [FXGL Background Thread 3 ] DEBUG Engine               - randomSeed: -1
23:45:07.038 [FXGL Background Thread 3 ] DEBUG Engine               - runtimeInfo: RuntimeInfo(platform=WINDOWS, version=21.1, build=27.03.2024 07.52)
23:45:07.038 [FXGL Background Thread 3 ] DEBUG Engine               - saveFileExt: sav
23:45:07.038 [FXGL Background Thread 3 ] DEBUG Engine               - scaledHeightProp$fxgl: DoubleProperty [bound, value: 864.0]
23:45:07.038 [FXGL Background Thread 3 ] DEBUG Engine               - scaledWidthProp$fxgl: DoubleProperty [bound, value: 1536.0]
23:45:07.038 [FXGL Background Thread 3 ] DEBUG Engine               - sceneFactory: com.almasb.fxgl.app.scene.SceneFactory@38154eab
23:45:07.038 [FXGL Background Thread 3 ] DEBUG Engine               - secondsIn24h: 60
23:45:07.038 [FXGL Background Thread 3 ] DEBUG Engine               - soundMenuBack: menu/back.wav
23:45:07.038 [FXGL Background Thread 3 ] DEBUG Engine               - soundMenuPress: menu/press.wav
23:45:07.038 [FXGL Background Thread 3 ] DEBUG Engine               - soundMenuSelect: menu/select.wav
23:45:07.038 [FXGL Background Thread 3 ] DEBUG Engine               - soundNotification: core/notification.wav
23:45:07.038 [FXGL Background Thread 3 ] DEBUG Engine               - stageStyle: DECORATED
23:45:07.038 [FXGL Background Thread 3 ] DEBUG Engine               - supportedLanguages: [ENGLISH, FRENCH, GERMAN, HUNGARIAN, RUSSIAN]
23:45:07.038 [FXGL Background Thread 3 ] DEBUG Engine               - ticksPerSecond: -1
23:45:07.038 [FXGL Background Thread 3 ] DEBUG Engine               - title: Final Journey
23:45:07.038 [FXGL Background Thread 3 ] DEBUG Engine               - urlGithub: https://github.com/AlmasB/FXGL
23:45:07.038 [FXGL Background Thread 3 ] DEBUG Engine               - urlLeaderboard: http://fxgl-top.herokuapp.com/
23:45:07.038 [FXGL Background Thread 3 ] DEBUG Engine               - urlPOM: https://raw.githubusercontent.com/AlmasB/FXGL/release/README.md
23:45:07.038 [FXGL Background Thread 3 ] DEBUG Engine               - userAppClass: class com.project.App
23:45:07.038 [FXGL Background Thread 3 ] DEBUG Engine               - version: Alpha
23:45:07.038 [FXGL Background Thread 3 ] DEBUG Engine               - versionCheckDays: 7
23:45:07.038 [FXGL Background Thread 3 ] DEBUG Engine               - width: 1280
23:45:07.038 [FXGL Background Thread 3 ] DEBUG Engine               - Logging services
23:45:07.039 [FXGL Background Thread 3 ] DEBUG Engine               - class com.almasb.fxgl.app.services.FXGLAssetLoaderService
23:45:07.039 [FXGL Background Thread 3 ] DEBUG Engine               - class com.almasb.fxgl.app.FXGLApplication$GameApplicationService
23:45:07.039 [FXGL Background Thread 3 ] DEBUG Engine               - class com.almasb.fxgl.app.services.FXGLDialogService
23:45:07.039 [FXGL Background Thread 3 ] DEBUG Engine               - class com.almasb.fxgl.app.services.IOTaskExecutorService
23:45:07.039 [FXGL Background Thread 3 ] DEBUG Engine               - class com.almasb.fxgl.io.FileSystemService
23:45:07.039 [FXGL Background Thread 3 ] DEBUG Engine               - class com.almasb.fxgl.localization.LocalizationService
23:45:07.039 [FXGL Background Thread 3 ] DEBUG Engine               - class com.almasb.fxgl.app.services.SystemBundleService
23:45:07.039 [FXGL Background Thread 3 ] DEBUG Engine               - class com.almasb.fxgl.profile.SaveLoadService
23:45:07.039 [FXGL Background Thread 3 ] DEBUG Engine               - class com.almasb.fxgl.ui.FXGLUIFactoryServiceProvider
23:45:07.039 [FXGL Background Thread 3 ] DEBUG Engine               - class com.almasb.fxgl.ui.FXGLDialogFactoryServiceProvider
23:45:07.039 [FXGL Background Thread 3 ] DEBUG Engine               - class com.almasb.fxgl.audio.AudioPlayer
23:45:07.039 [FXGL Background Thread 3 ] DEBUG Engine               - class com.almasb.fxgl.notification.impl.NotificationServiceProvider
23:45:07.039 [FXGL Background Thread 3 ] DEBUG Engine               - class com.almasb.fxgl.achievement.AchievementService
23:45:07.039 [FXGL Background Thread 3 ] DEBUG Engine               - class com.almasb.fxgl.cutscene.CutsceneService
23:45:07.039 [FXGL Background Thread 3 ] DEBUG Engine               - class com.almasb.fxgl.minigames.MiniGameService
23:45:07.039 [FXGL Background Thread 3 ] DEBUG Engine               - class com.almasb.fxgl.net.NetService
23:45:07.039 [FXGL Background Thread 3 ] DEBUG Engine               - class com.almasb.fxgl.app.services.UpdaterService
23:45:07.039 [FXGL Background Thread 3 ] DEBUG Engine               - class com.almasb.fxgl.dev.DevService
23:45:07.085 [JavaFX Application Thread] DEBUG TMXLevelLoader       - Creating object layer entities
23:45:07.094 [JavaFX Application Thread] DEBUG FXGLAssetLoaderServi - Loading from file system: file:/C:/Users/Lenovo/ProjectJava3.0/myproject/myproject/target/classes/assets/textures/CultistAni.png
23:45:07.098 [JavaFX Application Thread] DEBUG GameWorld            - Clearing removable entities
23:45:07.102 [JavaFX Application Thread] DEBUG GameWorld            - Setting level: com.almasb.fxgl.entity.level.Level@2a158749
23:45:07.105 [JavaFX Application Thread] WARN  TMXLevelLoader       - TiledMap generated from 1.11.2. Supported version: 1.9.0. Some features may not be parsed fully.
23:45:07.109 [JavaFX Application Thread] DEBUG TMXLevelLoader       - Parsed TiledMap: file:/C:/Users/Lenovo/ProjectJava3.0/myproject/myproject/target/classes/assets/levels/scene2.tmx
23:45:07.109 [JavaFX Application Thread] DEBUG TMXLevelLoader       - Creating tile layer entities
23:45:07.110 [JavaFX Application Thread] DEBUG TilesetLoader        - Loading view for layer Tile Layer 1
23:45:07.110 [JavaFX Application Thread] DEBUG TilesetLoader        - Created buffer with size 1024.0x1024.0
23:45:07.178 [JavaFX Application Thread] DEBUG TMXLevelLoader       - Creating object layer entities
23:45:07.986 [JavaFX Application Thread] DEBUG EventBus             - Firing event: com.GameEvent.NextScene[source=javafx.event.Event$$Lambda/0x00000260231742e8@529f1dbb]
23:45:07.989 [JavaFX Application Thread] WARN  TMXLevelLoader       - TiledMap generated from 1.11.2. Supported version: 1.9.0. Some features may not be parsed fully.
23:45:07.996 [JavaFX Application Thread] DEBUG TMXLevelLoader       - Parsed TiledMap: file:/C:/Users/Lenovo/ProjectJava3.0/myproject/myproject/target/classes/assets/levels/scene3.tmx
23:45:07.996 [JavaFX Application Thread] DEBUG TMXLevelLoader       - Creating tile layer entities
23:45:07.996 [JavaFX Application Thread] DEBUG TilesetLoader        - Loading view for layer Tile Layer 1
23:45:08.007 [JavaFX Application Thread] DEBUG TilesetLoader        - Created buffer with size 2048.0x1024.0
23:45:08.109 [JavaFX Application Thread] DEBUG TMXLevelLoader       - Creating object layer entities
23:45:08.113 [JavaFX Application Thread] DEBUG FXGLAssetLoaderServi - Loading from file system: file:/C:/Users/Lenovo/ProjectJava3.0/myproject/myproject/target/classes/assets/textures/DuessaAni.png
23:45:08.115 [JavaFX Application Thread] DEBUG GameWorld            - Clearing removable entities
23:45:08.118 [JavaFX Application Thread] DEBUG GameWorld            - Setting level: com.almasb.fxgl.entity.level.Level@a6ea7c3
23:45:08.121 [JavaFX Application Thread] WARN  TMXLevelLoader       - TiledMap generated from 1.11.2. Supported version: 1.9.0. Some features may not be parsed fully.
23:45:08.125 [JavaFX Application Thread] DEBUG TMXLevelLoader       - Parsed TiledMap: file:/C:/Users/Lenovo/ProjectJava3.0/myproject/myproject/target/classes/assets/levels/scene3.tmx
23:45:08.125 [JavaFX Application Thread] DEBUG TMXLevelLoader       - Creating tile layer entities
23:45:08.126 [JavaFX Application Thread] DEBUG TilesetLoader        - Loading view for layer Tile Layer 1
23:45:08.127 [JavaFX Application Thread] DEBUG TilesetLoader        - Created buffer with size 2048.0x1024.0
23:45:08.211 [JavaFX Application Thread] DEBUG TMXLevelLoader       - Creating object layer entities
23:45:09.488 [JavaFX Application Thread] DEBUG FXGLAssetLoaderServi - Loading from file system: file:/C:/Users/Lenovo/ProjectJava3.0/myproject/myproject/target/classes/assets/text/filetext.txt
23:45:09.490 [JavaFX Application Thread] DEBUG EventBus             - Firing event: com.GameEvent.CombatScene[source=javafx.event.Event$$Lambda/0x00000260231742e8@529f1dbb]
23:45:09.494 [JavaFX Application Thread] WARN  TMXLevelLoader       - TiledMap generated from 1.11.2. Supported version: 1.9.0. Some features may not be parsed fully.
23:45:09.504 [JavaFX Application Thread] DEBUG TMXLevelLoader       - Parsed TiledMap: file:/C:/Users/Lenovo/ProjectJava3.0/myproject/myproject/target/classes/assets/levels/battle3.tmx
23:45:09.504 [JavaFX Application Thread] DEBUG TMXLevelLoader       - Creating tile layer entities
23:45:09.504 [JavaFX Application Thread] DEBUG TilesetLoader        - Loading view for layer Tile Layer 1
23:45:09.506 [JavaFX Application Thread] DEBUG TilesetLoader        - Created buffer with size 2048.0x1024.0
23:45:09.912 [JavaFX Application Thread] DEBUG TMXLevelLoader       - Creating object layer entities
23:45:09.915 [JavaFX Application Thread] DEBUG FXGLAssetLoaderServi - Loading from file system: file:/C:/Users/Lenovo/ProjectJava3.0/myproject/myproject/target/classes/assets/textures/marsha.png
23:45:10.081 [JavaFX Application Thread] DEBUG FXGLAssetLoaderServi - Loading from file system: file:/C:/Users/Lenovo/ProjectJava3.0/myproject/myproject/target/classes/assets/textures/Reid.png
23:45:10.235 [JavaFX Application Thread] DEBUG FXGLAssetLoaderServi - Loading from file system: file:/C:/Users/Lenovo/ProjectJava3.0/myproject/myproject/target/classes/assets/textures/King%20Archial.png
23:45:10.248 [JavaFX Application Thread] DEBUG FXGLAssetLoaderServi - Loading from file system: file:/C:/Users/Lenovo/ProjectJava3.0/myproject/myproject/target/classes/assets/textures/Knight%20Michael.png
23:45:10.260 [JavaFX Application Thread] DEBUG FXGLAssetLoaderServi - Loading from file system: file:/C:/Users/Lenovo/ProjectJava3.0/myproject/myproject/target/classes/assets/textures/Emprss%20Duessa.png
23:45:10.273 [JavaFX Application Thread] DEBUG GameWorld            - Clearing removable entities
23:45:10.275 [JavaFX Application Thread] DEBUG GameWorld            - Setting level: com.almasb.fxgl.entity.level.Level@20ccb4f
23:45:10.278 [JavaFX Application Thread] WARN  TMXLevelLoader       - TiledMap generated from 1.11.2. Supported version: 1.9.0. Some features may not be parsed fully.
23:45:10.281 [JavaFX Application Thread] DEBUG TMXLevelLoader       - Parsed TiledMap: file:/C:/Users/Lenovo/ProjectJava3.0/myproject/myproject/target/classes/assets/levels/scene3.tmx
23:45:10.281 [JavaFX Application Thread] DEBUG TMXLevelLoader       - Creating tile layer entities
23:45:10.281 [JavaFX Application Thread] DEBUG TilesetLoader        - Loading view for layer Tile Layer 1
23:45:10.282 [JavaFX Application Thread] DEBUG TilesetLoader        - Created buffer with size 2048.0x1024.0
23:45:10.377 [JavaFX Application Thread] DEBUG TMXLevelLoader       - Creating object layer entities
01:40:31.467 [JavaFX Application Thread] DEBUG FXGLApplication      - Exiting FXGL
01:40:31.469 [JavaFX Application Thread] DEBUG LoopRunner           - Stopping loop
01:40:31.469 [JavaFX Application Thread] DEBUG SystemBundleService  - Saving FXGL system data
01:40:31.474 [JavaFX Application Thread] DEBUG FileSystemAccess     - Writing to: C:\Users\Lenovo\ProjectJava3.0\myproject\myproject\system\fxgl.bundle
01:40:31.478 [JavaFX Application Thread] DEBUG Async                - Shutting down background threads
01:40:31.478 [JavaFX Application Thread] DEBUG PrimaryStageWindow   - Closing main window
01:40:31.523 [JavaFX Application Thread] DEBUG Logger               - Closing Logger
