02:46:33.310 [main                     ] DEBUG Logger               - Configured Logger
02:46:33.330 [main                     ] DEBUG GameApplication      - Logging settings
Title: Final Journey
Version: Alpha
Width: 1280
Height: 720
Fullscreen: true
Intro: false
Profiling: false
Single step:false
App Mode: DEVELOPER
Menu Key: ESCAPE
Stage Style: DECORATED
Scene Factory: class com.almasb.fxgl.app.scene.SceneFactory

02:46:34.601 [JavaFX Application Thread] DEBUG FXGLApplication      - Initializing FXGL
02:46:34.607 [JavaFX Application Thread] INFO  Engine               - FXGL-21.1 (27.03.2024 07.52) on WINDOWS (J:21.0.5 FX:21.0.1)
02:46:34.608 [JavaFX Application Thread] DEBUG Engine               - JRE Vendor Name: Eclipse Adoptium
02:46:34.608 [JavaFX Application Thread] DEBUG Engine               - Running on OS: Windows 11 version 10.0
02:46:34.608 [JavaFX Application Thread] DEBUG Engine               - Architecture: amd64
02:46:34.608 [JavaFX Application Thread] INFO  Engine               - Source code and latest versions at: https://github.com/AlmasB/FXGL
02:46:34.608 [JavaFX Application Thread] INFO  Engine               -       Ask questions and discuss at: https://github.com/AlmasB/FXGL/discussions
02:46:34.609 [JavaFX Application Thread] INFO  Engine               -              Join the FXGL chat at: https://gitter.im/AlmasB/FXGL
02:46:34.710 [JavaFX Application Thread] DEBUG PrimaryStageWindow   - Creating a JavaFX scene
02:46:34.763 [JavaFX Application Thread] DEBUG PrimaryStageWindow   - Target settings size: 1280.0 x 720.0
02:46:34.764 [JavaFX Application Thread] DEBUG PrimaryStageWindow   - Scaled scene size:    1280.0 x 720.0
02:46:34.764 [JavaFX Application Thread] DEBUG PrimaryStageWindow   - Scaled ratio: (1.0, 1.0)
02:46:34.765 [JavaFX Application Thread] DEBUG PrimaryStageWindow   - Set initial scene to FXGLStartupScene
02:46:34.769 [JavaFX Application Thread] DEBUG PrimaryStageWindow   - Opening main window
02:46:34.872 [JavaFX Application Thread] DEBUG PrimaryStageWindow   - Window border size: (14.4000244140625, 37.5999755859375)
02:46:34.872 [JavaFX Application Thread] DEBUG PrimaryStageWindow   - Scaled size: 1280.0 x 720.0
02:46:34.872 [JavaFX Application Thread] DEBUG PrimaryStageWindow   - Scaled ratio: (1.0, 1.0)
02:46:34.873 [JavaFX Application Thread] DEBUG PrimaryStageWindow   - Scene size: 1280.0 x 720.0
02:46:34.873 [JavaFX Application Thread] DEBUG PrimaryStageWindow   - Stage size: 1294.4000244140625 x 757.5999755859375
02:46:34.935 [JavaFX Application Thread] DEBUG PrimaryStageWindow   - Going fullscreen
02:46:34.942 [FXGL Background Thread 1 ] DEBUG Engine               - Initializing environment variables
02:46:34.995 [FXGL Background Thread 1 ] DEBUG FXGLAssetLoaderServi - User app class for loading assets: class com.project.App
02:46:34.996 [FXGL Background Thread 1 ] DEBUG GameApplicationServi - Applying CSS: fxgl_dark.css
02:46:34.996 [FXGL Background Thread 1 ] DEBUG FXGLAssetLoaderServi - Loading from file system: jar:file:/C:/Users/Lenovo/.m2/repository/com/github/almasb/fxgl/21.1/fxgl-21.1.jar!/fxglassets/ui/css/fxgl_dark.css
02:46:35.036 [FXGL Background Thread 1 ] DEBUG GameApplicationServi - Initializing application scenes
02:46:35.101 [FXGL Background Thread 1 ] DEBUG GameWorld            - Game world initialized
02:46:35.187 [FXGL Background Thread 1 ] DEBUG PhysicsWorld         - Physics world initialized: appHeight=720, physics.ppm=50.0
02:46:35.188 [FXGL Background Thread 1 ] DEBUG PhysicsWorld         - Using strategy: BRUTE_FORCE
02:46:35.191 [FXGL Background Thread 1 ] DEBUG GameScene            - Game scene initialized: 1280x720
02:46:35.204 [FXGL Background Thread 1 ] DEBUG FXGL.DefaultMenu     - createMenuBodyGameMenu()
02:46:35.217 [FXGL Background Thread 1 ] DEBUG FXGL.DefaultMenu     - createOptionsMenu()
02:46:35.225 [FXGL Background Thread 1 ] DEBUG FXGLAssetLoaderServi - Loading from file system: jar:file:/C:/Users/Lenovo/.m2/repository/com/github/almasb/fxgl/21.1/fxgl-21.1.jar!/fxglassets/textures/particles/smoke.png
02:46:35.325 [FXGL Background Thread 1 ] DEBUG FXGLAssetLoaderServi - Loading from file system: jar:file:/C:/Users/Lenovo/.m2/repository/com/github/almasb/fxgl/21.1/fxgl-21.1.jar!/fxglassets/textures/particles/trace_horizontal.png
02:46:35.348 [FXGL Background Thread 1 ] DEBUG GameApplicationServi - Application scenes initialized
02:46:35.359 [FXGL Background Thread 1 ] DEBUG SystemBundleService  - Loading FXGL system data
02:46:35.363 [FXGL Background Thread 1 ] DEBUG FileSystemAccess     - Reading from: C:\Users\Lenovo\projectjava\myproject\myproject\system\fxgl.bundle
02:46:35.369 [FXGL Background Thread 1 ] DEBUG SystemBundleService  - Bundle FXGL: {}
02:46:35.369 [FXGL Background Thread 1 ] DEBUG UpdaterService       - Checking for updates
02:46:35.404 [FXGL Background Thread 4 ] DEBUG FXGLApplication      - Loading fonts
02:46:35.405 [FXGL Background Thread 4 ] DEBUG FXGLAssetLoaderServi - Loading from file system: jar:file:/C:/Users/Lenovo/.m2/repository/com/github/almasb/fxgl/21.1/fxgl-21.1.jar!/fxglassets/ui/fonts/VarelaRound-Regular.ttf
02:46:35.407 [FXGL Background Thread 1 ] DEBUG FXGLApplication      - Loading default localization
02:46:35.407 [FXGL Background Thread 1 ] DEBUG FXGLAssetLoaderServi - Loading from file system: jar:file:/C:/Users/Lenovo/.m2/repository/com/github/almasb/fxgl/21.1/fxgl-21.1.jar!/fxglassets/languages/english.lang
02:46:35.447 [FXGL Background Thread 4 ] DEBUG FXGLAssetLoaderServi - Loading from file system: jar:file:/C:/Users/Lenovo/.m2/repository/com/github/almasb/fxgl/21.1/fxgl-21.1.jar!/fxglassets/ui/fonts/Abel-Regular.ttf
02:46:35.450 [FXGL Background Thread 4 ] DEBUG FXGLAssetLoaderServi - Loading from file system: jar:file:/C:/Users/Lenovo/.m2/repository/com/github/almasb/fxgl/21.1/fxgl-21.1.jar!/fxglassets/ui/fonts/TerminalLandMono-Regular.otf
02:46:35.453 [FXGL Background Thread 1 ] INFO  FXGLApplication      - FXGL initialization took: 0.510 sec
02:46:35.454 [FXGL Background Thread 4 ] DEBUG FXGLAssetLoaderServi - Loading from file system: jar:file:/C:/Users/Lenovo/.m2/repository/com/github/almasb/fxgl/21.1/fxgl-21.1.jar!/fxglassets/ui/fonts/Courier-Prime.ttf
02:46:35.463 [JavaFX Application Thread] DEBUG Input                - Registered new binding: Right - D
02:46:35.463 [JavaFX Application Thread] DEBUG Input                - Registered new binding: Left - A
02:46:35.463 [JavaFX Application Thread] DEBUG Input                - Registered new binding: Up - W
02:46:35.463 [JavaFX Application Thread] DEBUG Input                - Registered new binding: Down - S
02:46:35.464 [JavaFX Application Thread] DEBUG Input                - Registered new binding: Interact - E
02:46:35.464 [JavaFX Application Thread] DEBUG FXGLAssetLoaderServi - Loading from file system: jar:file:/C:/Users/Lenovo/.m2/repository/com/github/almasb/fxgl/21.1/fxgl-21.1.jar!/fxglassets/textures/fxgl_icon.png
02:46:35.486 [JavaFX Application Thread] DEBUG FXGLAssetLoaderServi - Loading from file system: jar:file:/C:/Users/Lenovo/.m2/repository/com/github/almasb/fxgl/21.1/fxgl-21.1.jar!/fxglassets/textures/fxgl_default_cursor.png
02:46:35.488 [JavaFX Application Thread] DEBUG Input                - Registered new binding: Screenshot - CTRL+8
02:46:35.489 [JavaFX Application Thread] DEBUG Input                - Registered new binding: Dev Options - 1
02:46:35.489 [JavaFX Application Thread] DEBUG Input                - Registered new binding: Dev Console - 2
02:46:35.490 [JavaFX Application Thread] DEBUG Input                - Registered new binding: System info dump - CTRL+9
02:46:35.490 [JavaFX Application Thread] DEBUG Input                - Registered new binding: Restart - CTRL+R
02:46:35.491 [JavaFX Application Thread] DEBUG Input                - Registered new binding: Toggle Debug Camera - CTRL+7
02:46:35.496 [JavaFX Application Thread] DEBUG LoopRunner           - Starting loop
02:46:35.517 [JavaFX Application Thread] DEBUG LoopRunner           - Initializing JavaFX AnimationTimerLoop
02:46:35.520 [JavaFX Application Thread] DEBUG GameApplicationServi - Starting new game
02:46:35.520 [JavaFX Application Thread] DEBUG Input                - Clearing active input actions
02:46:35.533 [JavaFX Application Thread] DEBUG GameApplicationServi - Removing overlay from FXGLStartupScene and adding to FXGLLoadingScene
02:46:35.537 [JavaFX Application Thread] DEBUG PrimaryStageWindow   - FXGLStartupScene -> FXGLLoadingScene
02:46:35.537 [JavaFX Application Thread] DEBUG GameApplicationServi - Clearing previous game
02:46:35.537 [JavaFX Application Thread] DEBUG GameScene            - Clearing game scene
02:46:35.539 [JavaFX Application Thread] DEBUG GameWorld            - Clearing game world
02:46:35.539 [JavaFX Application Thread] DEBUG PhysicsWorld         - Clearing physics world
02:46:35.541 [JavaFX Application Thread] DEBUG FXGLApplication      - Registering font factories with UI factory
02:46:35.541 [FXGL Background Thread 4 ] DEBUG FXGLApplication      - Initializing game
02:46:35.602 [FXGL Background Thread 4 ] WARN  TMXLevelLoader       - TiledMap generated from 1.11.2. Supported version: 1.9.0. Some features may not be parsed fully.
02:46:35.629 [FXGL Background Thread 4 ] DEBUG TMXLevelLoader       - Parsed TiledMap: file:/C:/Users/Lenovo/projectjava/myproject/myproject/target/classes/assets/levels/scene1.tmx
02:46:35.630 [FXGL Background Thread 4 ] DEBUG TMXLevelLoader       - Creating tile layer entities
02:46:35.632 [FXGL Background Thread 4 ] DEBUG TilesetLoader        - Loading view for layer lowefloor
02:46:35.633 [FXGL Background Thread 4 ] DEBUG TilesetLoader        - Created buffer with size 512.0x1024.0
02:46:35.706 [FXGL Background Thread 4 ] DEBUG TilesetLoader        - Loading view for layer cliff
02:46:35.706 [FXGL Background Thread 4 ] DEBUG TilesetLoader        - Created buffer with size 512.0x1024.0
02:46:35.708 [FXGL Background Thread 4 ] DEBUG TilesetLoader        - Loading view for layer cliff1
02:46:35.710 [FXGL Background Thread 4 ] DEBUG TilesetLoader        - Created buffer with size 512.0x1024.0
02:46:35.711 [FXGL Background Thread 4 ] DEBUG TilesetLoader        - Loading view for layer cliff2
02:46:35.711 [FXGL Background Thread 4 ] DEBUG TilesetLoader        - Created buffer with size 512.0x1024.0
02:46:35.713 [FXGL Background Thread 4 ] DEBUG TilesetLoader        - Loading view for layer Tile Layer 3
02:46:35.713 [FXGL Background Thread 4 ] DEBUG TilesetLoader        - Created buffer with size 512.0x1024.0
02:46:35.714 [FXGL Background Thread 4 ] DEBUG TilesetLoader        - Loading view for layer Tile Layer 6
02:46:35.714 [FXGL Background Thread 4 ] DEBUG TilesetLoader        - Created buffer with size 512.0x1024.0
02:46:35.791 [FXGL Background Thread 4 ] DEBUG TilesetLoader        - Loading view for layer prop
02:46:35.791 [FXGL Background Thread 4 ] DEBUG TilesetLoader        - Created buffer with size 512.0x1024.0
02:46:35.792 [FXGL Background Thread 4 ] DEBUG TMXLevelLoader       - Creating object layer entities
02:46:35.827 [FXGL Background Thread 4 ] DEBUG FXGLAssetLoaderServi - Loading from file system: file:/C:/Users/Lenovo/projectjava/myproject/myproject/target/classes/assets/textures/Actor1.png
02:46:35.848 [FXGL Background Thread 4 ] DEBUG FXGLAssetLoaderServi - Loading from file system: file:/C:/Users/Lenovo/projectjava/myproject/myproject/target/classes/assets/textures/Rex.png
02:46:35.854 [FXGL Background Thread 4 ] WARN  TMXLevelLoader       - TiledMap generated from 1.11.2. Supported version: 1.9.0. Some features may not be parsed fully.
02:46:35.865 [FXGL Background Thread 4 ] DEBUG TMXLevelLoader       - Parsed TiledMap: file:/C:/Users/Lenovo/projectjava/myproject/myproject/target/classes/assets/levels/scene1.tmx
02:46:35.866 [FXGL Background Thread 4 ] DEBUG TMXLevelLoader       - Creating tile layer entities
02:46:35.866 [FXGL Background Thread 4 ] DEBUG TilesetLoader        - Loading view for layer lowefloor
02:46:35.867 [FXGL Background Thread 4 ] DEBUG TilesetLoader        - Created buffer with size 512.0x1024.0
02:46:35.896 [FXGL Background Thread 4 ] DEBUG TilesetLoader        - Loading view for layer cliff
02:46:35.896 [FXGL Background Thread 4 ] DEBUG TilesetLoader        - Created buffer with size 512.0x1024.0
02:46:35.897 [FXGL Background Thread 4 ] DEBUG TilesetLoader        - Loading view for layer cliff1
02:46:35.898 [FXGL Background Thread 4 ] DEBUG TilesetLoader        - Created buffer with size 512.0x1024.0
02:46:35.898 [FXGL Background Thread 4 ] DEBUG TilesetLoader        - Loading view for layer cliff2
02:46:35.899 [FXGL Background Thread 4 ] DEBUG TilesetLoader        - Created buffer with size 512.0x1024.0
02:46:35.900 [FXGL Background Thread 4 ] DEBUG TilesetLoader        - Loading view for layer Tile Layer 3
02:46:35.900 [FXGL Background Thread 4 ] DEBUG TilesetLoader        - Created buffer with size 512.0x1024.0
02:46:35.901 [FXGL Background Thread 4 ] DEBUG TilesetLoader        - Loading view for layer Tile Layer 6
02:46:35.901 [FXGL Background Thread 4 ] DEBUG TilesetLoader        - Created buffer with size 512.0x1024.0
02:46:35.952 [FXGL Background Thread 4 ] DEBUG TilesetLoader        - Loading view for layer prop
02:46:35.952 [FXGL Background Thread 4 ] DEBUG TilesetLoader        - Created buffer with size 512.0x1024.0
02:46:35.953 [FXGL Background Thread 4 ] DEBUG TMXLevelLoader       - Creating object layer entities
02:46:35.963 [FXGL Background Thread 4 ] DEBUG GameWorld            - Clearing removable entities
02:46:35.964 [FXGL Background Thread 4 ] DEBUG GameWorld            - Setting level: com.almasb.fxgl.entity.level.Level@5643c2df
02:46:35.978 [FXGL Background Thread 4 ] INFO  FXGLApplication      - Game initialization took: 0.438 sec
02:46:35.979 [JavaFX Application Thread] DEBUG Input                - Clearing active input actions
02:46:35.988 [JavaFX Application Thread] DEBUG GameApplicationServi - Removing overlay from FXGLLoadingScene and adding to GameScene
02:46:35.992 [JavaFX Application Thread] DEBUG PrimaryStageWindow   - FXGLLoadingScene -> GameScene
02:46:38.404 [FXGL Background Thread 3 ] DEBUG Engine               - Logging environment variables
02:46:38.406 [FXGL Background Thread 3 ] DEBUG Engine               - achievements: []
02:46:38.406 [FXGL Background Thread 3 ] DEBUG Engine               - actualHeight: 864.0
02:46:38.406 [FXGL Background Thread 3 ] DEBUG Engine               - actualHeightProperty: ReadOnlyDoubleProperty [value: 864.0]
02:46:38.407 [FXGL Background Thread 3 ] DEBUG Engine               - actualWidth: 1536.0
02:46:38.407 [FXGL Background Thread 3 ] DEBUG Engine               - actualWidthProperty: ReadOnlyDoubleProperty [value: 1536.0]
02:46:38.407 [FXGL Background Thread 3 ] DEBUG Engine               - appIcon: fxgl_icon.png
02:46:38.408 [FXGL Background Thread 3 ] DEBUG Engine               - applicationMode: DEVELOPER
02:46:38.408 [FXGL Background Thread 3 ] DEBUG Engine               - cSSList: [fxgl_dark.css]
02:46:38.409 [FXGL Background Thread 3 ] DEBUG Engine               - collisionDetectionStrategy: BRUTE_FORCE
02:46:38.409 [FXGL Background Thread 3 ] DEBUG Engine               - configClass: Optional.empty
02:46:38.411 [FXGL Background Thread 3 ] DEBUG Engine               - credits: []
02:46:38.411 [FXGL Background Thread 3 ] DEBUG Engine               - defaultCursor: CursorInfo(imageName=fxgl_default_cursor.png, hotspotX=7.0, hotspotY=6.0)
02:46:38.412 [FXGL Background Thread 3 ] DEBUG Engine               - devBBoxColorProperty: ObjectProperty [value: 0xff0000ff]
02:46:38.412 [FXGL Background Thread 3 ] DEBUG Engine               - devEnableDebugCameraProperty: BooleanProperty [value: false]
02:46:38.413 [FXGL Background Thread 3 ] DEBUG Engine               - devSensorColorProperty: ObjectProperty [value: 0xffff00ff]
02:46:38.413 [FXGL Background Thread 3 ] DEBUG Engine               - devShowBBoxProperty: BooleanProperty [value: false]
02:46:38.413 [FXGL Background Thread 3 ] DEBUG Engine               - devShowPositionProperty: BooleanProperty [value: false]
02:46:38.413 [FXGL Background Thread 3 ] DEBUG Engine               - enabledMenuItems: []
02:46:38.414 [FXGL Background Thread 3 ] DEBUG Engine               - engineServices: [class com.almasb.fxgl.app.services.FXGLAssetLoaderService, class com.almasb.fxgl.app.FXGLApplication$GameApplicationService, class com.almasb.fxgl.app.services.FXGLDialogService, class com.almasb.fxgl.app.services.IOTaskExecutorService, class com.almasb.fxgl.io.FileSystemService, class com.almasb.fxgl.localization.LocalizationService, class com.almasb.fxgl.app.services.SystemBundleService, class com.almasb.fxgl.profile.SaveLoadService, class com.almasb.fxgl.ui.FXGLUIFactoryServiceProvider, class com.almasb.fxgl.ui.FXGLDialogFactoryServiceProvider, class com.almasb.fxgl.audio.AudioPlayer, class com.almasb.fxgl.notification.impl.NotificationServiceProvider, class com.almasb.fxgl.achievement.AchievementService, class com.almasb.fxgl.cutscene.CutsceneService, class com.almasb.fxgl.minigames.MiniGameService, class com.almasb.fxgl.net.NetService, class com.almasb.fxgl.app.services.UpdaterService, class com.almasb.fxgl.dev.DevService]
02:46:38.414 [FXGL Background Thread 3 ] DEBUG Engine               - fontGame: Abel-Regular.ttf
02:46:38.414 [FXGL Background Thread 3 ] DEBUG Engine               - fontMono: TerminalLandMono-Regular.otf
02:46:38.414 [FXGL Background Thread 3 ] DEBUG Engine               - fontSizeScaleUI: 1.0
02:46:38.414 [FXGL Background Thread 3 ] DEBUG Engine               - fontText: Courier-Prime.ttf
02:46:38.415 [FXGL Background Thread 3 ] DEBUG Engine               - fontUI: VarelaRound-Regular.ttf
02:46:38.415 [FXGL Background Thread 3 ] DEBUG Engine               - fullScreen: BooleanProperty [value: true]
02:46:38.415 [FXGL Background Thread 3 ] DEBUG Engine               - gameDifficulty: MEDIUM
02:46:38.416 [FXGL Background Thread 3 ] DEBUG Engine               - gameDifficultyProperty: ObjectProperty [value: MEDIUM]
02:46:38.416 [FXGL Background Thread 3 ] DEBUG Engine               - globalMusicVolume: 0.5
02:46:38.417 [FXGL Background Thread 3 ] DEBUG Engine               - globalMusicVolumeProperty: DoubleProperty [value: 0.5]
02:46:38.417 [FXGL Background Thread 3 ] DEBUG Engine               - globalSoundVolume: 0.5
02:46:38.417 [FXGL Background Thread 3 ] DEBUG Engine               - globalSoundVolumeProperty: DoubleProperty [value: 0.5]
02:46:38.417 [FXGL Background Thread 3 ] DEBUG Engine               - height: 720
02:46:38.417 [FXGL Background Thread 3 ] DEBUG Engine               - is3D: false
02:46:38.417 [FXGL Background Thread 3 ] DEBUG Engine               - isAndroid: false
02:46:38.417 [FXGL Background Thread 3 ] DEBUG Engine               - isBrowser: false
02:46:38.417 [FXGL Background Thread 3 ] DEBUG Engine               - isClickFeedbackEnabled: false
02:46:38.417 [FXGL Background Thread 3 ] DEBUG Engine               - isCloseConfirmation: false
02:46:38.418 [FXGL Background Thread 3 ] DEBUG Engine               - isDesktop: true
02:46:38.418 [FXGL Background Thread 3 ] DEBUG Engine               - isDeveloperMenuEnabled: true
02:46:38.418 [FXGL Background Thread 3 ] DEBUG Engine               - isEmbedded: false
02:46:38.418 [FXGL Background Thread 3 ] DEBUG Engine               - isEntityPreloadEnabled: true
02:46:38.418 [FXGL Background Thread 3 ] DEBUG Engine               - isExperimentalTiledLargeMap: false
02:46:38.418 [FXGL Background Thread 3 ] DEBUG Engine               - isFileSystemWriteAllowed: true
02:46:38.418 [FXGL Background Thread 3 ] DEBUG Engine               - isFullScreenAllowed: true
02:46:38.418 [FXGL Background Thread 3 ] DEBUG Engine               - isFullScreenFromStart: true
02:46:38.418 [FXGL Background Thread 3 ] DEBUG Engine               - isGameMenuEnabled: true
02:46:38.418 [FXGL Background Thread 3 ] DEBUG Engine               - isIOS: false
02:46:38.418 [FXGL Background Thread 3 ] DEBUG Engine               - isIntroEnabled: false
02:46:38.418 [FXGL Background Thread 3 ] DEBUG Engine               - isLinux: false
02:46:38.418 [FXGL Background Thread 3 ] DEBUG Engine               - isMac: false
02:46:38.419 [FXGL Background Thread 3 ] DEBUG Engine               - isMainMenuEnabled: false
02:46:38.419 [FXGL Background Thread 3 ] DEBUG Engine               - isManualResizeEnabled: false
02:46:38.419 [FXGL Background Thread 3 ] DEBUG Engine               - isMobile: false
02:46:38.419 [FXGL Background Thread 3 ] DEBUG Engine               - isNative: false
02:46:38.419 [FXGL Background Thread 3 ] DEBUG Engine               - isPauseMusicWhenMinimized: true
02:46:38.419 [FXGL Background Thread 3 ] DEBUG Engine               - isPreserveResizeRatio: false
02:46:38.419 [FXGL Background Thread 3 ] DEBUG Engine               - isProfilingEnabled: false
02:46:38.419 [FXGL Background Thread 3 ] DEBUG Engine               - isScaleAffectedOnResize: true
02:46:38.419 [FXGL Background Thread 3 ] DEBUG Engine               - isSingleStep: false
02:46:38.419 [FXGL Background Thread 3 ] DEBUG Engine               - isUserProfileEnabled: false
02:46:38.419 [FXGL Background Thread 3 ] DEBUG Engine               - isWindows: true
02:46:38.419 [FXGL Background Thread 3 ] DEBUG Engine               - language: ObjectProperty [value: ENGLISH]
02:46:38.419 [FXGL Background Thread 3 ] DEBUG Engine               - menuKey: ESCAPE
02:46:38.419 [FXGL Background Thread 3 ] DEBUG Engine               - mouseSensitivity: 0.2
02:46:38.419 [FXGL Background Thread 3 ] DEBUG Engine               - notificationViewClass: class com.almasb.fxgl.notification.view.XboxNotificationView
02:46:38.419 [FXGL Background Thread 3 ] DEBUG Engine               - pixelsPerMeter: 50.0
02:46:38.419 [FXGL Background Thread 3 ] DEBUG Engine               - platform: WINDOWS
02:46:38.420 [FXGL Background Thread 3 ] DEBUG Engine               - prefHeightProperty: ReadOnlyDoubleProperty [value: 720.0]
02:46:38.420 [FXGL Background Thread 3 ] DEBUG Engine               - prefWidthProperty: ReadOnlyDoubleProperty [value: 1280.0]
02:46:38.420 [FXGL Background Thread 3 ] DEBUG Engine               - profileDir: profiles/
02:46:38.420 [FXGL Background Thread 3 ] DEBUG Engine               - profileName: StringProperty [value: DEFAULT]
02:46:38.420 [FXGL Background Thread 3 ] DEBUG Engine               - randomSeed: -1
02:46:38.420 [FXGL Background Thread 3 ] DEBUG Engine               - runtimeInfo: RuntimeInfo(platform=WINDOWS, version=21.1, build=27.03.2024 07.52)
02:46:38.420 [FXGL Background Thread 3 ] DEBUG Engine               - saveFileExt: sav
02:46:38.420 [FXGL Background Thread 3 ] DEBUG Engine               - scaledHeightProp$fxgl: DoubleProperty [bound, value: 864.0]
02:46:38.420 [FXGL Background Thread 3 ] DEBUG Engine               - scaledWidthProp$fxgl: DoubleProperty [bound, value: 1536.0]
02:46:38.421 [FXGL Background Thread 3 ] DEBUG Engine               - sceneFactory: com.almasb.fxgl.app.scene.SceneFactory@7e6f74b5
02:46:38.421 [FXGL Background Thread 3 ] DEBUG Engine               - secondsIn24h: 60
02:46:38.421 [FXGL Background Thread 3 ] DEBUG Engine               - soundMenuBack: menu/back.wav
02:46:38.421 [FXGL Background Thread 3 ] DEBUG Engine               - soundMenuPress: menu/press.wav
02:46:38.421 [FXGL Background Thread 3 ] DEBUG Engine               - soundMenuSelect: menu/select.wav
02:46:38.421 [FXGL Background Thread 3 ] DEBUG Engine               - soundNotification: core/notification.wav
02:46:38.421 [FXGL Background Thread 3 ] DEBUG Engine               - stageStyle: DECORATED
02:46:38.421 [FXGL Background Thread 3 ] DEBUG Engine               - supportedLanguages: [ENGLISH, FRENCH, GERMAN, HUNGARIAN, RUSSIAN]
02:46:38.421 [FXGL Background Thread 3 ] DEBUG Engine               - ticksPerSecond: -1
02:46:38.421 [FXGL Background Thread 3 ] DEBUG Engine               - title: Final Journey
02:46:38.421 [FXGL Background Thread 3 ] DEBUG Engine               - urlGithub: https://github.com/AlmasB/FXGL
02:46:38.421 [FXGL Background Thread 3 ] DEBUG Engine               - urlLeaderboard: http://fxgl-top.herokuapp.com/
02:46:38.421 [FXGL Background Thread 3 ] DEBUG Engine               - urlPOM: https://raw.githubusercontent.com/AlmasB/FXGL/release/README.md
02:46:38.421 [FXGL Background Thread 3 ] DEBUG Engine               - userAppClass: class com.project.App
02:46:38.421 [FXGL Background Thread 3 ] DEBUG Engine               - version: Alpha
02:46:38.421 [FXGL Background Thread 3 ] DEBUG Engine               - versionCheckDays: 7
02:46:38.421 [FXGL Background Thread 3 ] DEBUG Engine               - width: 1280
02:46:38.421 [FXGL Background Thread 3 ] DEBUG Engine               - Logging services
02:46:38.421 [FXGL Background Thread 3 ] DEBUG Engine               - class com.almasb.fxgl.app.services.FXGLAssetLoaderService
02:46:38.421 [FXGL Background Thread 3 ] DEBUG Engine               - class com.almasb.fxgl.app.FXGLApplication$GameApplicationService
02:46:38.421 [FXGL Background Thread 3 ] DEBUG Engine               - class com.almasb.fxgl.app.services.FXGLDialogService
02:46:38.421 [FXGL Background Thread 3 ] DEBUG Engine               - class com.almasb.fxgl.app.services.IOTaskExecutorService
02:46:38.421 [FXGL Background Thread 3 ] DEBUG Engine               - class com.almasb.fxgl.io.FileSystemService
02:46:38.421 [FXGL Background Thread 3 ] DEBUG Engine               - class com.almasb.fxgl.localization.LocalizationService
02:46:38.421 [FXGL Background Thread 3 ] DEBUG Engine               - class com.almasb.fxgl.app.services.SystemBundleService
02:46:38.422 [FXGL Background Thread 3 ] DEBUG Engine               - class com.almasb.fxgl.profile.SaveLoadService
02:46:38.422 [FXGL Background Thread 3 ] DEBUG Engine               - class com.almasb.fxgl.ui.FXGLUIFactoryServiceProvider
02:46:38.422 [FXGL Background Thread 3 ] DEBUG Engine               - class com.almasb.fxgl.ui.FXGLDialogFactoryServiceProvider
02:46:38.422 [FXGL Background Thread 3 ] DEBUG Engine               - class com.almasb.fxgl.audio.AudioPlayer
02:46:38.422 [FXGL Background Thread 3 ] DEBUG Engine               - class com.almasb.fxgl.notification.impl.NotificationServiceProvider
02:46:38.422 [FXGL Background Thread 3 ] DEBUG Engine               - class com.almasb.fxgl.achievement.AchievementService
02:46:38.422 [FXGL Background Thread 3 ] DEBUG Engine               - class com.almasb.fxgl.cutscene.CutsceneService
02:46:38.422 [FXGL Background Thread 3 ] DEBUG Engine               - class com.almasb.fxgl.minigames.MiniGameService
02:46:38.422 [FXGL Background Thread 3 ] DEBUG Engine               - class com.almasb.fxgl.net.NetService
02:46:38.422 [FXGL Background Thread 3 ] DEBUG Engine               - class com.almasb.fxgl.app.services.UpdaterService
02:46:38.422 [FXGL Background Thread 3 ] DEBUG Engine               - class com.almasb.fxgl.dev.DevService
02:46:39.538 [JavaFX Application Thread] DEBUG FXGLAssetLoaderServi - Loading from file system: file:/C:/Users/Lenovo/projectjava/myproject/myproject/target/classes/assets/text/filetext.txt
02:46:39.553 [JavaFX Application Thread] DEBUG Input                - Registered new binding: Next RPG Line - Enter
02:46:39.555 [JavaFX Application Thread] DEBUG PrimaryStageWindow   - Push state: CutsceneScene
02:46:39.556 [JavaFX Application Thread] DEBUG Input                - Clearing active input actions
02:46:39.556 [JavaFX Application Thread] DEBUG GameApplicationServi - Removing overlay from GameScene and adding to CutsceneScene
02:46:39.558 [JavaFX Application Thread] DEBUG PrimaryStageWindow   - GameScene -> CutsceneScene
02:46:41.430 [JavaFX Application Thread] DEBUG FXGLAssetLoaderServi - Loading from file system: file:/C:/Users/Lenovo/projectjava/myproject/myproject/target/classes/assets/textures/Rex.png
02:46:49.174 [JavaFX Application Thread] DEBUG PrimaryStageWindow   - Pop state: CutsceneScene
02:46:49.174 [JavaFX Application Thread] DEBUG Input                - Clearing active input actions
02:46:49.175 [JavaFX Application Thread] DEBUG GameApplicationServi - Removing overlay from CutsceneScene and adding to GameScene
02:46:49.180 [JavaFX Application Thread] DEBUG PrimaryStageWindow   - GameScene <- CutsceneScene
02:46:49.181 [JavaFX Application Thread] DEBUG EventBus             - Firing event: com.GameEvent.CombatScene[source=javafx.event.Event$$Lambda/0x0000021a96173578@56a3baa1]
02:46:49.184 [JavaFX Application Thread] WARN  TMXLevelLoader       - TiledMap generated from 1.11.2. Supported version: 1.9.0. Some features may not be parsed fully.
02:46:49.193 [JavaFX Application Thread] DEBUG TMXLevelLoader       - Parsed TiledMap: file:/C:/Users/Lenovo/projectjava/myproject/myproject/target/classes/assets/levels/battle1.tmx
02:46:49.193 [JavaFX Application Thread] DEBUG TMXLevelLoader       - Creating tile layer entities
02:46:49.193 [JavaFX Application Thread] DEBUG TilesetLoader        - Loading view for layer Tile Layer 1
02:46:49.194 [JavaFX Application Thread] DEBUG TilesetLoader        - Created buffer with size 2048.0x1024.0
02:46:49.290 [JavaFX Application Thread] DEBUG TMXLevelLoader       - Creating object layer entities
02:46:49.293 [JavaFX Application Thread] DEBUG FXGLAssetLoaderServi - Loading from file system: file:/C:/Users/Lenovo/projectjava/myproject/myproject/target/classes/assets/textures/Rex.png
02:46:49.306 [JavaFX Application Thread] DEBUG FXGLAssetLoaderServi - Loading from file system: file:/C:/Users/Lenovo/projectjava/myproject/myproject/target/classes/assets/textures/Karee.png
02:46:49.312 [JavaFX Application Thread] DEBUG GameWorld            - Clearing removable entities
02:46:49.322 [JavaFX Application Thread] DEBUG GameWorld            - Setting level: com.almasb.fxgl.entity.level.Level@6708cdc8
02:46:49.325 [JavaFX Application Thread] WARN  TMXLevelLoader       - TiledMap generated from 1.11.2. Supported version: 1.9.0. Some features may not be parsed fully.
02:46:49.332 [JavaFX Application Thread] DEBUG TMXLevelLoader       - Parsed TiledMap: file:/C:/Users/Lenovo/projectjava/myproject/myproject/target/classes/assets/levels/battle1.tmx
02:46:49.333 [JavaFX Application Thread] DEBUG TMXLevelLoader       - Creating tile layer entities
02:46:49.333 [JavaFX Application Thread] DEBUG TilesetLoader        - Loading view for layer Tile Layer 1
02:46:49.339 [JavaFX Application Thread] DEBUG TilesetLoader        - Created buffer with size 2048.0x1024.0
02:46:49.461 [JavaFX Application Thread] DEBUG TMXLevelLoader       - Creating object layer entities
02:47:34.177 [JavaFX Application Thread] DEBUG FXGLApplication      - Exiting FXGL
02:47:34.177 [JavaFX Application Thread] DEBUG LoopRunner           - Stopping loop
02:47:34.179 [JavaFX Application Thread] DEBUG SystemBundleService  - Saving FXGL system data
02:47:34.183 [JavaFX Application Thread] DEBUG FileSystemAccess     - Writing to: C:\Users\Lenovo\projectjava\myproject\myproject\system\fxgl.bundle
02:47:34.186 [JavaFX Application Thread] DEBUG Async                - Shutting down background threads
02:47:34.187 [JavaFX Application Thread] DEBUG PrimaryStageWindow   - Closing main window
02:47:34.246 [JavaFX Application Thread] DEBUG Logger               - Closing Logger
