08:30:03.104 [main                     ] DEBUG Logger               - Configured Logger
08:30:03.123 [main                     ] DEBUG GameApplication      - Logging settings
Title: Final Journey
Version: Alpha
Width: 1280
Height: 720
Fullscreen: true
Intro: false
Profiling: false
Single step:false
App Mode: DEVELOPER
Menu Key: ESCAPE
Stage Style: DECORATED
Scene Factory: class com.almasb.fxgl.app.scene.SceneFactory

08:30:03.629 [JavaFX Application Thread] DEBUG FXGLApplication      - Initializing FXGL
08:30:03.632 [JavaFX Application Thread] INFO  Engine               - FXGL-21.1 (27.03.2024 07.52) on WINDOWS (J:21.0.5 FX:21.0.1)
08:30:03.633 [JavaFX Application Thread] DEBUG Engine               - JRE Vendor Name: Eclipse Adoptium
08:30:03.633 [JavaFX Application Thread] DEBUG Engine               - Running on OS: Windows 11 version 10.0
08:30:03.633 [JavaFX Application Thread] DEBUG Engine               - Architecture: amd64
08:30:03.633 [JavaFX Application Thread] INFO  Engine               - Source code and latest versions at: https://github.com/AlmasB/FXGL
08:30:03.634 [JavaFX Application Thread] INFO  Engine               -       Ask questions and discuss at: https://github.com/AlmasB/FXGL/discussions
08:30:03.634 [JavaFX Application Thread] INFO  Engine               -              Join the FXGL chat at: https://gitter.im/AlmasB/FXGL
08:30:03.761 [JavaFX Application Thread] DEBUG PrimaryStageWindow   - Creating a JavaFX scene
08:30:03.815 [JavaFX Application Thread] DEBUG PrimaryStageWindow   - Target settings size: 1280.0 x 720.0
08:30:03.816 [JavaFX Application Thread] DEBUG PrimaryStageWindow   - Scaled scene size:    1280.0 x 720.0
08:30:03.816 [JavaFX Application Thread] DEBUG PrimaryStageWindow   - Scaled ratio: (1.0, 1.0)
08:30:03.817 [JavaFX Application Thread] DEBUG PrimaryStageWindow   - Set initial scene to FXGLStartupScene
08:30:03.823 [JavaFX Application Thread] DEBUG PrimaryStageWindow   - Opening main window
08:30:03.937 [JavaFX Application Thread] DEBUG PrimaryStageWindow   - Window border size: (14.4000244140625, 37.5999755859375)
08:30:03.937 [JavaFX Application Thread] DEBUG PrimaryStageWindow   - Scaled size: 1280.0 x 720.0
08:30:03.937 [JavaFX Application Thread] DEBUG PrimaryStageWindow   - Scaled ratio: (1.0, 1.0)
08:30:03.937 [JavaFX Application Thread] DEBUG PrimaryStageWindow   - Scene size: 1280.0 x 720.0
08:30:03.938 [JavaFX Application Thread] DEBUG PrimaryStageWindow   - Stage size: 1294.4000244140625 x 757.5999755859375
08:30:04.016 [JavaFX Application Thread] DEBUG PrimaryStageWindow   - Going fullscreen
08:30:04.028 [FXGL Background Thread 1 ] DEBUG Engine               - Initializing environment variables
08:30:04.086 [FXGL Background Thread 1 ] DEBUG FXGLAssetLoaderServi - User app class for loading assets: class com.project.App
08:30:04.086 [FXGL Background Thread 1 ] DEBUG GameApplicationServi - Applying CSS: fxgl_dark.css
08:30:04.087 [FXGL Background Thread 1 ] DEBUG FXGLAssetLoaderServi - Loading from file system: jar:file:/C:/Users/Lenovo/.m2/repository/com/github/almasb/fxgl/21.1/fxgl-21.1.jar!/fxglassets/ui/css/fxgl_dark.css
08:30:04.127 [FXGL Background Thread 1 ] DEBUG GameApplicationServi - Initializing application scenes
08:30:04.178 [FXGL Background Thread 1 ] DEBUG GameWorld            - Game world initialized
08:30:04.237 [FXGL Background Thread 1 ] DEBUG PhysicsWorld         - Physics world initialized: appHeight=720, physics.ppm=50.0
08:30:04.238 [FXGL Background Thread 1 ] DEBUG PhysicsWorld         - Using strategy: BRUTE_FORCE
08:30:04.241 [FXGL Background Thread 1 ] DEBUG GameScene            - Game scene initialized: 1280x720
08:30:04.251 [FXGL Background Thread 1 ] DEBUG FXGL.DefaultMenu     - createMenuBodyGameMenu()
08:30:04.265 [FXGL Background Thread 1 ] DEBUG FXGL.DefaultMenu     - createOptionsMenu()
08:30:04.275 [FXGL Background Thread 1 ] DEBUG FXGLAssetLoaderServi - Loading from file system: jar:file:/C:/Users/Lenovo/.m2/repository/com/github/almasb/fxgl/21.1/fxgl-21.1.jar!/fxglassets/textures/particles/smoke.png
08:30:04.377 [FXGL Background Thread 1 ] DEBUG FXGLAssetLoaderServi - Loading from file system: jar:file:/C:/Users/Lenovo/.m2/repository/com/github/almasb/fxgl/21.1/fxgl-21.1.jar!/fxglassets/textures/particles/trace_horizontal.png
08:30:04.402 [FXGL Background Thread 1 ] DEBUG GameApplicationServi - Application scenes initialized
08:30:04.417 [FXGL Background Thread 1 ] DEBUG SystemBundleService  - Loading FXGL system data
08:30:04.423 [FXGL Background Thread 1 ] DEBUG FileSystemAccess     - Reading from: C:\Users\Lenovo\ProjectJava3.0\myproject\myproject\system\fxgl.bundle
08:30:04.437 [FXGL Background Thread 1 ] DEBUG SystemBundleService  - Bundle FXGL: {}
08:30:04.438 [FXGL Background Thread 1 ] DEBUG UpdaterService       - Checking for updates
08:30:04.466 [FXGL Background Thread 4 ] DEBUG FXGLApplication      - Loading fonts
08:30:04.467 [FXGL Background Thread 4 ] DEBUG FXGLAssetLoaderServi - Loading from file system: jar:file:/C:/Users/Lenovo/.m2/repository/com/github/almasb/fxgl/21.1/fxgl-21.1.jar!/fxglassets/ui/fonts/VarelaRound-Regular.ttf
08:30:04.467 [FXGL Background Thread 1 ] DEBUG FXGLApplication      - Loading default localization
08:30:04.468 [FXGL Background Thread 1 ] DEBUG FXGLAssetLoaderServi - Loading from file system: jar:file:/C:/Users/Lenovo/.m2/repository/com/github/almasb/fxgl/21.1/fxgl-21.1.jar!/fxglassets/languages/english.lang
08:30:04.507 [FXGL Background Thread 4 ] DEBUG FXGLAssetLoaderServi - Loading from file system: jar:file:/C:/Users/Lenovo/.m2/repository/com/github/almasb/fxgl/21.1/fxgl-21.1.jar!/fxglassets/ui/fonts/Abel-Regular.ttf
08:30:04.512 [FXGL Background Thread 1 ] INFO  FXGLApplication      - FXGL initialization took: 0.484 sec
08:30:04.512 [FXGL Background Thread 4 ] DEBUG FXGLAssetLoaderServi - Loading from file system: jar:file:/C:/Users/Lenovo/.m2/repository/com/github/almasb/fxgl/21.1/fxgl-21.1.jar!/fxglassets/ui/fonts/TerminalLandMono-Regular.otf
08:30:04.517 [FXGL Background Thread 4 ] DEBUG FXGLAssetLoaderServi - Loading from file system: jar:file:/C:/Users/Lenovo/.m2/repository/com/github/almasb/fxgl/21.1/fxgl-21.1.jar!/fxglassets/ui/fonts/Courier-Prime.ttf
08:30:04.522 [JavaFX Application Thread] DEBUG Input                - Registered new binding: Right - D
08:30:04.522 [JavaFX Application Thread] DEBUG Input                - Registered new binding: Left - A
08:30:04.522 [JavaFX Application Thread] DEBUG Input                - Registered new binding: Up - W
08:30:04.522 [JavaFX Application Thread] DEBUG Input                - Registered new binding: Down - S
08:30:04.522 [JavaFX Application Thread] DEBUG Input                - Registered new binding: Interact - E
08:30:04.523 [JavaFX Application Thread] DEBUG FXGLAssetLoaderServi - Loading from file system: jar:file:/C:/Users/Lenovo/.m2/repository/com/github/almasb/fxgl/21.1/fxgl-21.1.jar!/fxglassets/textures/fxgl_icon.png
08:30:04.544 [JavaFX Application Thread] DEBUG FXGLAssetLoaderServi - Loading from file system: jar:file:/C:/Users/Lenovo/.m2/repository/com/github/almasb/fxgl/21.1/fxgl-21.1.jar!/fxglassets/textures/fxgl_default_cursor.png
08:30:04.548 [JavaFX Application Thread] DEBUG Input                - Registered new binding: Screenshot - CTRL+8
08:30:04.548 [JavaFX Application Thread] DEBUG Input                - Registered new binding: Dev Options - 1
08:30:04.550 [JavaFX Application Thread] DEBUG Input                - Registered new binding: Dev Console - 2
08:30:04.551 [JavaFX Application Thread] DEBUG Input                - Registered new binding: System info dump - CTRL+9
08:30:04.551 [JavaFX Application Thread] DEBUG Input                - Registered new binding: Restart - CTRL+R
08:30:04.552 [JavaFX Application Thread] DEBUG Input                - Registered new binding: Toggle Debug Camera - CTRL+7
08:30:04.556 [JavaFX Application Thread] DEBUG LoopRunner           - Starting loop
08:30:04.583 [JavaFX Application Thread] DEBUG LoopRunner           - Initializing JavaFX AnimationTimerLoop
08:30:04.585 [JavaFX Application Thread] DEBUG GameApplicationServi - Starting new game
08:30:04.586 [JavaFX Application Thread] DEBUG Input                - Clearing active input actions
08:30:04.595 [JavaFX Application Thread] DEBUG GameApplicationServi - Removing overlay from FXGLStartupScene and adding to FXGLLoadingScene
08:30:04.599 [JavaFX Application Thread] DEBUG PrimaryStageWindow   - FXGLStartupScene -> FXGLLoadingScene
08:30:04.599 [JavaFX Application Thread] DEBUG GameApplicationServi - Clearing previous game
08:30:04.599 [JavaFX Application Thread] DEBUG GameScene            - Clearing game scene
08:30:04.599 [JavaFX Application Thread] DEBUG GameWorld            - Clearing game world
08:30:04.599 [JavaFX Application Thread] DEBUG PhysicsWorld         - Clearing physics world
08:30:04.600 [FXGL Background Thread 4 ] DEBUG FXGLApplication      - Initializing game
08:30:04.602 [JavaFX Application Thread] DEBUG FXGLApplication      - Registering font factories with UI factory
08:30:04.650 [FXGL Background Thread 4 ] WARN  TMXLevelLoader       - TiledMap generated from 1.11.2. Supported version: 1.9.0. Some features may not be parsed fully.
08:30:04.677 [FXGL Background Thread 4 ] DEBUG TMXLevelLoader       - Parsed TiledMap: file:/C:/Users/Lenovo/ProjectJava3.0/myproject/myproject/target/classes/assets/levels/scene1.tmx
08:30:04.678 [FXGL Background Thread 4 ] DEBUG TMXLevelLoader       - Creating tile layer entities
08:30:04.681 [FXGL Background Thread 4 ] DEBUG TilesetLoader        - Loading view for layer lowefloor
08:30:04.681 [FXGL Background Thread 4 ] DEBUG TilesetLoader        - Created buffer with size 512.0x1024.0
08:30:04.768 [FXGL Background Thread 4 ] DEBUG TilesetLoader        - Loading view for layer cliff
08:30:04.768 [FXGL Background Thread 4 ] DEBUG TilesetLoader        - Created buffer with size 512.0x1024.0
08:30:04.770 [FXGL Background Thread 4 ] DEBUG TilesetLoader        - Loading view for layer cliff1
08:30:04.771 [FXGL Background Thread 4 ] DEBUG TilesetLoader        - Created buffer with size 512.0x1024.0
08:30:04.773 [FXGL Background Thread 4 ] DEBUG TilesetLoader        - Loading view for layer cliff2
08:30:04.773 [FXGL Background Thread 4 ] DEBUG TilesetLoader        - Created buffer with size 512.0x1024.0
08:30:04.775 [FXGL Background Thread 4 ] DEBUG TilesetLoader        - Loading view for layer Tile Layer 3
08:30:04.776 [FXGL Background Thread 4 ] DEBUG TilesetLoader        - Created buffer with size 512.0x1024.0
08:30:04.779 [FXGL Background Thread 4 ] DEBUG TilesetLoader        - Loading view for layer Tile Layer 6
08:30:04.782 [FXGL Background Thread 4 ] DEBUG TilesetLoader        - Created buffer with size 512.0x1024.0
08:30:04.927 [FXGL Background Thread 4 ] DEBUG TilesetLoader        - Loading view for layer prop
08:30:04.928 [FXGL Background Thread 4 ] DEBUG TilesetLoader        - Created buffer with size 512.0x1024.0
08:30:04.930 [FXGL Background Thread 4 ] DEBUG TMXLevelLoader       - Creating object layer entities
08:30:04.979 [FXGL Background Thread 4 ] DEBUG FXGLAssetLoaderServi - Loading from file system: file:/C:/Users/Lenovo/ProjectJava3.0/myproject/myproject/target/classes/assets/textures/Rafflesia.png
08:30:05.002 [FXGL Background Thread 4 ] WARN  TMXLevelLoader       - TiledMap generated from 1.11.2. Supported version: 1.9.0. Some features may not be parsed fully.
08:30:05.018 [FXGL Background Thread 4 ] DEBUG TMXLevelLoader       - Parsed TiledMap: file:/C:/Users/Lenovo/ProjectJava3.0/myproject/myproject/target/classes/assets/levels/scene1.tmx
08:30:05.018 [FXGL Background Thread 4 ] DEBUG TMXLevelLoader       - Creating tile layer entities
08:30:05.018 [FXGL Background Thread 4 ] DEBUG TilesetLoader        - Loading view for layer lowefloor
08:30:05.019 [FXGL Background Thread 4 ] DEBUG TilesetLoader        - Created buffer with size 512.0x1024.0
08:30:05.047 [FXGL Background Thread 4 ] DEBUG TilesetLoader        - Loading view for layer cliff
08:30:05.048 [FXGL Background Thread 4 ] DEBUG TilesetLoader        - Created buffer with size 512.0x1024.0
08:30:05.049 [FXGL Background Thread 4 ] DEBUG TilesetLoader        - Loading view for layer cliff1
08:30:05.050 [FXGL Background Thread 4 ] DEBUG TilesetLoader        - Created buffer with size 512.0x1024.0
08:30:05.050 [FXGL Background Thread 4 ] DEBUG TilesetLoader        - Loading view for layer cliff2
08:30:05.051 [FXGL Background Thread 4 ] DEBUG TilesetLoader        - Created buffer with size 512.0x1024.0
08:30:05.052 [FXGL Background Thread 4 ] DEBUG TilesetLoader        - Loading view for layer Tile Layer 3
08:30:05.053 [FXGL Background Thread 4 ] DEBUG TilesetLoader        - Created buffer with size 512.0x1024.0
08:30:05.054 [FXGL Background Thread 4 ] DEBUG TilesetLoader        - Loading view for layer Tile Layer 6
08:30:05.055 [FXGL Background Thread 4 ] DEBUG TilesetLoader        - Created buffer with size 512.0x1024.0
08:30:05.108 [FXGL Background Thread 4 ] DEBUG TilesetLoader        - Loading view for layer prop
08:30:05.109 [FXGL Background Thread 4 ] DEBUG TilesetLoader        - Created buffer with size 512.0x1024.0
08:30:05.110 [FXGL Background Thread 4 ] DEBUG TMXLevelLoader       - Creating object layer entities
08:30:05.122 [FXGL Background Thread 4 ] DEBUG GameWorld            - Clearing removable entities
08:30:05.124 [FXGL Background Thread 4 ] DEBUG GameWorld            - Setting level: com.almasb.fxgl.entity.level.Level@1756dda9
08:30:05.146 [FXGL Background Thread 4 ] DEBUG FXGLAssetLoaderServi - Loading from file system: file:/C:/Users/Lenovo/ProjectJava3.0/myproject/myproject/target/classes/assets/textures/Actor1.png
08:30:05.154 [FXGL Background Thread 4 ] INFO  FXGLApplication      - Game initialization took: 0.554 sec
08:30:05.155 [JavaFX Application Thread] DEBUG Input                - Clearing active input actions
08:30:05.171 [JavaFX Application Thread] DEBUG GameApplicationServi - Removing overlay from FXGLLoadingScene and adding to GameScene
08:30:05.175 [JavaFX Application Thread] DEBUG PrimaryStageWindow   - FXGLLoadingScene -> GameScene
08:30:07.465 [FXGL Background Thread 3 ] DEBUG Engine               - Logging environment variables
08:30:07.466 [FXGL Background Thread 3 ] DEBUG Engine               - achievements: []
08:30:07.466 [FXGL Background Thread 3 ] DEBUG Engine               - actualHeight: 864.0
08:30:07.466 [FXGL Background Thread 3 ] DEBUG Engine               - actualHeightProperty: ReadOnlyDoubleProperty [value: 864.0]
08:30:07.466 [FXGL Background Thread 3 ] DEBUG Engine               - actualWidth: 1536.0
08:30:07.466 [FXGL Background Thread 3 ] DEBUG Engine               - actualWidthProperty: ReadOnlyDoubleProperty [value: 1536.0]
08:30:07.466 [FXGL Background Thread 3 ] DEBUG Engine               - appIcon: fxgl_icon.png
08:30:07.466 [FXGL Background Thread 3 ] DEBUG Engine               - applicationMode: DEVELOPER
08:30:07.466 [FXGL Background Thread 3 ] DEBUG Engine               - cSSList: [fxgl_dark.css]
08:30:07.466 [FXGL Background Thread 3 ] DEBUG Engine               - collisionDetectionStrategy: BRUTE_FORCE
08:30:07.466 [FXGL Background Thread 3 ] DEBUG Engine               - configClass: Optional.empty
08:30:07.466 [FXGL Background Thread 3 ] DEBUG Engine               - credits: []
08:30:07.467 [FXGL Background Thread 3 ] DEBUG Engine               - defaultCursor: CursorInfo(imageName=fxgl_default_cursor.png, hotspotX=7.0, hotspotY=6.0)
08:30:07.467 [FXGL Background Thread 3 ] DEBUG Engine               - devBBoxColorProperty: ObjectProperty [value: 0xff0000ff]
08:30:07.467 [FXGL Background Thread 3 ] DEBUG Engine               - devEnableDebugCameraProperty: BooleanProperty [value: false]
08:30:07.467 [FXGL Background Thread 3 ] DEBUG Engine               - devSensorColorProperty: ObjectProperty [value: 0xffff00ff]
08:30:07.467 [FXGL Background Thread 3 ] DEBUG Engine               - devShowBBoxProperty: BooleanProperty [value: false]
08:30:07.467 [FXGL Background Thread 3 ] DEBUG Engine               - devShowPositionProperty: BooleanProperty [value: false]
08:30:07.467 [FXGL Background Thread 3 ] DEBUG Engine               - enabledMenuItems: []
08:30:07.467 [FXGL Background Thread 3 ] DEBUG Engine               - engineServices: [class com.almasb.fxgl.app.services.FXGLAssetLoaderService, class com.almasb.fxgl.app.FXGLApplication$GameApplicationService, class com.almasb.fxgl.app.services.FXGLDialogService, class com.almasb.fxgl.app.services.IOTaskExecutorService, class com.almasb.fxgl.io.FileSystemService, class com.almasb.fxgl.localization.LocalizationService, class com.almasb.fxgl.app.services.SystemBundleService, class com.almasb.fxgl.profile.SaveLoadService, class com.almasb.fxgl.ui.FXGLUIFactoryServiceProvider, class com.almasb.fxgl.ui.FXGLDialogFactoryServiceProvider, class com.almasb.fxgl.audio.AudioPlayer, class com.almasb.fxgl.notification.impl.NotificationServiceProvider, class com.almasb.fxgl.achievement.AchievementService, class com.almasb.fxgl.cutscene.CutsceneService, class com.almasb.fxgl.minigames.MiniGameService, class com.almasb.fxgl.net.NetService, class com.almasb.fxgl.app.services.UpdaterService, class com.almasb.fxgl.dev.DevService]
08:30:07.467 [FXGL Background Thread 3 ] DEBUG Engine               - fontGame: Abel-Regular.ttf
08:30:07.467 [FXGL Background Thread 3 ] DEBUG Engine               - fontMono: TerminalLandMono-Regular.otf
08:30:07.467 [FXGL Background Thread 3 ] DEBUG Engine               - fontSizeScaleUI: 1.0
08:30:07.467 [FXGL Background Thread 3 ] DEBUG Engine               - fontText: Courier-Prime.ttf
08:30:07.467 [FXGL Background Thread 3 ] DEBUG Engine               - fontUI: VarelaRound-Regular.ttf
08:30:07.467 [FXGL Background Thread 3 ] DEBUG Engine               - fullScreen: BooleanProperty [value: true]
08:30:07.467 [FXGL Background Thread 3 ] DEBUG Engine               - gameDifficulty: MEDIUM
08:30:07.467 [FXGL Background Thread 3 ] DEBUG Engine               - gameDifficultyProperty: ObjectProperty [value: MEDIUM]
08:30:07.467 [FXGL Background Thread 3 ] DEBUG Engine               - globalMusicVolume: 0.5
08:30:07.467 [FXGL Background Thread 3 ] DEBUG Engine               - globalMusicVolumeProperty: DoubleProperty [value: 0.5]
08:30:07.467 [FXGL Background Thread 3 ] DEBUG Engine               - globalSoundVolume: 0.5
08:30:07.467 [FXGL Background Thread 3 ] DEBUG Engine               - globalSoundVolumeProperty: DoubleProperty [value: 0.5]
08:30:07.468 [FXGL Background Thread 3 ] DEBUG Engine               - height: 720
08:30:07.468 [FXGL Background Thread 3 ] DEBUG Engine               - is3D: false
08:30:07.468 [FXGL Background Thread 3 ] DEBUG Engine               - isAndroid: false
08:30:07.468 [FXGL Background Thread 3 ] DEBUG Engine               - isBrowser: false
08:30:07.468 [FXGL Background Thread 3 ] DEBUG Engine               - isClickFeedbackEnabled: false
08:30:07.468 [FXGL Background Thread 3 ] DEBUG Engine               - isCloseConfirmation: false
08:30:07.468 [FXGL Background Thread 3 ] DEBUG Engine               - isDesktop: true
08:30:07.468 [FXGL Background Thread 3 ] DEBUG Engine               - isDeveloperMenuEnabled: true
08:30:07.468 [FXGL Background Thread 3 ] DEBUG Engine               - isEmbedded: false
08:30:07.468 [FXGL Background Thread 3 ] DEBUG Engine               - isEntityPreloadEnabled: true
08:30:07.468 [FXGL Background Thread 3 ] DEBUG Engine               - isExperimentalTiledLargeMap: false
08:30:07.468 [FXGL Background Thread 3 ] DEBUG Engine               - isFileSystemWriteAllowed: true
08:30:07.468 [FXGL Background Thread 3 ] DEBUG Engine               - isFullScreenAllowed: true
08:30:07.468 [FXGL Background Thread 3 ] DEBUG Engine               - isFullScreenFromStart: true
08:30:07.468 [FXGL Background Thread 3 ] DEBUG Engine               - isGameMenuEnabled: true
08:30:07.468 [FXGL Background Thread 3 ] DEBUG Engine               - isIOS: false
08:30:07.468 [FXGL Background Thread 3 ] DEBUG Engine               - isIntroEnabled: false
08:30:07.468 [FXGL Background Thread 3 ] DEBUG Engine               - isLinux: false
08:30:07.468 [FXGL Background Thread 3 ] DEBUG Engine               - isMac: false
08:30:07.468 [FXGL Background Thread 3 ] DEBUG Engine               - isMainMenuEnabled: false
08:30:07.468 [FXGL Background Thread 3 ] DEBUG Engine               - isManualResizeEnabled: false
08:30:07.468 [FXGL Background Thread 3 ] DEBUG Engine               - isMobile: false
08:30:07.468 [FXGL Background Thread 3 ] DEBUG Engine               - isNative: false
08:30:07.468 [FXGL Background Thread 3 ] DEBUG Engine               - isPauseMusicWhenMinimized: true
08:30:07.468 [FXGL Background Thread 3 ] DEBUG Engine               - isPreserveResizeRatio: false
08:30:07.468 [FXGL Background Thread 3 ] DEBUG Engine               - isProfilingEnabled: false
08:30:07.468 [FXGL Background Thread 3 ] DEBUG Engine               - isScaleAffectedOnResize: true
08:30:07.469 [FXGL Background Thread 3 ] DEBUG Engine               - isSingleStep: false
08:30:07.469 [FXGL Background Thread 3 ] DEBUG Engine               - isUserProfileEnabled: false
08:30:07.469 [FXGL Background Thread 3 ] DEBUG Engine               - isWindows: true
08:30:07.469 [FXGL Background Thread 3 ] DEBUG Engine               - language: ObjectProperty [value: ENGLISH]
08:30:07.469 [FXGL Background Thread 3 ] DEBUG Engine               - menuKey: ESCAPE
08:30:07.469 [FXGL Background Thread 3 ] DEBUG Engine               - mouseSensitivity: 0.2
08:30:07.469 [FXGL Background Thread 3 ] DEBUG Engine               - notificationViewClass: class com.almasb.fxgl.notification.view.XboxNotificationView
08:30:07.469 [FXGL Background Thread 3 ] DEBUG Engine               - pixelsPerMeter: 50.0
08:30:07.469 [FXGL Background Thread 3 ] DEBUG Engine               - platform: WINDOWS
08:30:07.469 [FXGL Background Thread 3 ] DEBUG Engine               - prefHeightProperty: ReadOnlyDoubleProperty [value: 720.0]
08:30:07.469 [FXGL Background Thread 3 ] DEBUG Engine               - prefWidthProperty: ReadOnlyDoubleProperty [value: 1280.0]
08:30:07.469 [FXGL Background Thread 3 ] DEBUG Engine               - profileDir: profiles/
08:30:07.469 [FXGL Background Thread 3 ] DEBUG Engine               - profileName: StringProperty [value: DEFAULT]
08:30:07.469 [FXGL Background Thread 3 ] DEBUG Engine               - randomSeed: -1
08:30:07.470 [FXGL Background Thread 3 ] DEBUG Engine               - runtimeInfo: RuntimeInfo(platform=WINDOWS, version=21.1, build=27.03.2024 07.52)
08:30:07.470 [FXGL Background Thread 3 ] DEBUG Engine               - saveFileExt: sav
08:30:07.470 [FXGL Background Thread 3 ] DEBUG Engine               - scaledHeightProp$fxgl: DoubleProperty [bound, value: 864.0]
08:30:07.470 [FXGL Background Thread 3 ] DEBUG Engine               - scaledWidthProp$fxgl: DoubleProperty [bound, value: 1536.0]
08:30:07.470 [FXGL Background Thread 3 ] DEBUG Engine               - sceneFactory: com.almasb.fxgl.app.scene.SceneFactory@79c28069
08:30:07.470 [FXGL Background Thread 3 ] DEBUG Engine               - secondsIn24h: 60
08:30:07.470 [FXGL Background Thread 3 ] DEBUG Engine               - soundMenuBack: menu/back.wav
08:30:07.470 [FXGL Background Thread 3 ] DEBUG Engine               - soundMenuPress: menu/press.wav
08:30:07.470 [FXGL Background Thread 3 ] DEBUG Engine               - soundMenuSelect: menu/select.wav
08:30:07.470 [FXGL Background Thread 3 ] DEBUG Engine               - soundNotification: core/notification.wav
08:30:07.470 [FXGL Background Thread 3 ] DEBUG Engine               - stageStyle: DECORATED
08:30:07.470 [FXGL Background Thread 3 ] DEBUG Engine               - supportedLanguages: [ENGLISH, FRENCH, GERMAN, HUNGARIAN, RUSSIAN]
08:30:07.470 [FXGL Background Thread 3 ] DEBUG Engine               - ticksPerSecond: -1
08:30:07.470 [FXGL Background Thread 3 ] DEBUG Engine               - title: Final Journey
08:30:07.470 [FXGL Background Thread 3 ] DEBUG Engine               - urlGithub: https://github.com/AlmasB/FXGL
08:30:07.470 [FXGL Background Thread 3 ] DEBUG Engine               - urlLeaderboard: http://fxgl-top.herokuapp.com/
08:30:07.470 [FXGL Background Thread 3 ] DEBUG Engine               - urlPOM: https://raw.githubusercontent.com/AlmasB/FXGL/release/README.md
08:30:07.470 [FXGL Background Thread 3 ] DEBUG Engine               - userAppClass: class com.project.App
08:30:07.470 [FXGL Background Thread 3 ] DEBUG Engine               - version: Alpha
08:30:07.470 [FXGL Background Thread 3 ] DEBUG Engine               - versionCheckDays: 7
08:30:07.470 [FXGL Background Thread 3 ] DEBUG Engine               - width: 1280
08:30:07.470 [FXGL Background Thread 3 ] DEBUG Engine               - Logging services
08:30:07.470 [FXGL Background Thread 3 ] DEBUG Engine               - class com.almasb.fxgl.app.services.FXGLAssetLoaderService
08:30:07.470 [FXGL Background Thread 3 ] DEBUG Engine               - class com.almasb.fxgl.app.FXGLApplication$GameApplicationService
08:30:07.471 [FXGL Background Thread 3 ] DEBUG Engine               - class com.almasb.fxgl.app.services.FXGLDialogService
08:30:07.471 [FXGL Background Thread 3 ] DEBUG Engine               - class com.almasb.fxgl.app.services.IOTaskExecutorService
08:30:07.471 [FXGL Background Thread 3 ] DEBUG Engine               - class com.almasb.fxgl.io.FileSystemService
08:30:07.471 [FXGL Background Thread 3 ] DEBUG Engine               - class com.almasb.fxgl.localization.LocalizationService
08:30:07.471 [FXGL Background Thread 3 ] DEBUG Engine               - class com.almasb.fxgl.app.services.SystemBundleService
08:30:07.471 [FXGL Background Thread 3 ] DEBUG Engine               - class com.almasb.fxgl.profile.SaveLoadService
08:30:07.471 [FXGL Background Thread 3 ] DEBUG Engine               - class com.almasb.fxgl.ui.FXGLUIFactoryServiceProvider
08:30:07.471 [FXGL Background Thread 3 ] DEBUG Engine               - class com.almasb.fxgl.ui.FXGLDialogFactoryServiceProvider
08:30:07.471 [FXGL Background Thread 3 ] DEBUG Engine               - class com.almasb.fxgl.audio.AudioPlayer
08:30:07.471 [FXGL Background Thread 3 ] DEBUG Engine               - class com.almasb.fxgl.notification.impl.NotificationServiceProvider
08:30:07.471 [FXGL Background Thread 3 ] DEBUG Engine               - class com.almasb.fxgl.achievement.AchievementService
08:30:07.471 [FXGL Background Thread 3 ] DEBUG Engine               - class com.almasb.fxgl.cutscene.CutsceneService
08:30:07.471 [FXGL Background Thread 3 ] DEBUG Engine               - class com.almasb.fxgl.minigames.MiniGameService
08:30:07.471 [FXGL Background Thread 3 ] DEBUG Engine               - class com.almasb.fxgl.net.NetService
08:30:07.471 [FXGL Background Thread 3 ] DEBUG Engine               - class com.almasb.fxgl.app.services.UpdaterService
08:30:07.471 [FXGL Background Thread 3 ] DEBUG Engine               - class com.almasb.fxgl.dev.DevService
08:30:09.392 [JavaFX Application Thread] DEBUG FXGLAssetLoaderServi - Loading from file system: file:/C:/Users/Lenovo/ProjectJava3.0/myproject/myproject/target/classes/assets/text/CutScene1.txt
08:30:09.400 [JavaFX Application Thread] DEBUG Input                - Registered new binding: Next RPG Line - Enter
08:30:09.401 [JavaFX Application Thread] DEBUG PrimaryStageWindow   - Push state: CutsceneScene
08:30:09.401 [JavaFX Application Thread] DEBUG Input                - Clearing active input actions
08:30:09.402 [JavaFX Application Thread] DEBUG GameApplicationServi - Removing overlay from GameScene and adding to CutsceneScene
08:30:09.405 [JavaFX Application Thread] DEBUG PrimaryStageWindow   - GameScene -> CutsceneScene
08:30:13.344 [JavaFX Application Thread] DEBUG PrimaryStageWindow   - Pop state: CutsceneScene
08:30:13.344 [JavaFX Application Thread] DEBUG Input                - Clearing active input actions
08:30:13.345 [JavaFX Application Thread] DEBUG GameApplicationServi - Removing overlay from CutsceneScene and adding to GameScene
08:30:13.347 [JavaFX Application Thread] DEBUG PrimaryStageWindow   - GameScene <- CutsceneScene
08:30:13.347 [JavaFX Application Thread] DEBUG EventBus             - Firing event: com.GameEvent.CombatScene[source=javafx.event.Event$$Lambda/0x0000028290174090@2a115654]
08:30:13.349 [JavaFX Application Thread] WARN  TMXLevelLoader       - TiledMap generated from 1.11.2. Supported version: 1.9.0. Some features may not be parsed fully.
08:30:13.354 [JavaFX Application Thread] DEBUG TMXLevelLoader       - Parsed TiledMap: file:/C:/Users/Lenovo/ProjectJava3.0/myproject/myproject/target/classes/assets/levels/battle1.tmx
08:30:13.354 [JavaFX Application Thread] DEBUG TMXLevelLoader       - Creating tile layer entities
08:30:13.354 [JavaFX Application Thread] DEBUG TilesetLoader        - Loading view for layer Tile Layer 1
08:30:13.355 [JavaFX Application Thread] DEBUG TilesetLoader        - Created buffer with size 2048.0x1024.0
08:30:13.446 [JavaFX Application Thread] DEBUG TMXLevelLoader       - Creating object layer entities
08:30:13.448 [JavaFX Application Thread] DEBUG FXGLAssetLoaderServi - Loading from file system: file:/C:/Users/Lenovo/ProjectJava3.0/myproject/myproject/target/classes/assets/textures/Boss%20Dryad%20Queen%20Rafflesia.png
08:30:13.484 [JavaFX Application Thread] DEBUG FXGLAssetLoaderServi - Loading from file system: file:/C:/Users/Lenovo/ProjectJava3.0/myproject/myproject/target/classes/assets/textures/Reid.png
08:30:13.622 [JavaFX Application Thread] DEBUG FXGLAssetLoaderServi - Loading from file system: file:/C:/Users/Lenovo/ProjectJava3.0/myproject/myproject/target/classes/assets/textures/marsha.png
08:30:13.764 [JavaFX Application Thread] DEBUG GameWorld            - Clearing removable entities
08:30:13.769 [JavaFX Application Thread] DEBUG GameWorld            - Setting level: com.almasb.fxgl.entity.level.Level@25461c18
08:30:13.772 [JavaFX Application Thread] WARN  TMXLevelLoader       - TiledMap generated from 1.11.2. Supported version: 1.9.0. Some features may not be parsed fully.
08:30:13.775 [JavaFX Application Thread] DEBUG TMXLevelLoader       - Parsed TiledMap: file:/C:/Users/Lenovo/ProjectJava3.0/myproject/myproject/target/classes/assets/levels/battle1.tmx
08:30:13.775 [JavaFX Application Thread] DEBUG TMXLevelLoader       - Creating tile layer entities
08:30:13.775 [JavaFX Application Thread] DEBUG TilesetLoader        - Loading view for layer Tile Layer 1
08:30:13.776 [JavaFX Application Thread] DEBUG TilesetLoader        - Created buffer with size 2048.0x1024.0
08:30:13.874 [JavaFX Application Thread] DEBUG TMXLevelLoader       - Creating object layer entities
08:30:23.068 [JavaFX Application Thread] DEBUG FXGLApplication      - Exiting FXGL
08:30:23.068 [JavaFX Application Thread] DEBUG LoopRunner           - Stopping loop
08:30:23.068 [JavaFX Application Thread] DEBUG SystemBundleService  - Saving FXGL system data
08:30:23.070 [JavaFX Application Thread] DEBUG FileSystemAccess     - Writing to: C:\Users\Lenovo\ProjectJava3.0\myproject\myproject\system\fxgl.bundle
08:30:23.072 [JavaFX Application Thread] DEBUG Async                - Shutting down background threads
08:30:23.073 [JavaFX Application Thread] DEBUG PrimaryStageWindow   - Closing main window
08:30:23.102 [JavaFX Application Thread] DEBUG Logger               - Closing Logger
