04:41:34.319 [main                     ] DEBUG Logger               - Configured Logger
04:41:34.337 [main                     ] DEBUG GameApplication      - Logging settings
Title: Final Journey
Version: Alpha
Width: 1280
Height: 720
Fullscreen: true
Intro: false
Profiling: false
Single step:false
App Mode: DEVELOPER
Menu Key: ESCAPE
Stage Style: DECORATED
Scene Factory: class com.almasb.fxgl.app.scene.SceneFactory

04:41:34.758 [JavaFX Application Thread] DEBUG FXGLApplication      - Initializing FXGL
04:41:34.761 [JavaFX Application Thread] INFO  Engine               - FXGL-21.1 (27.03.2024 07.52) on WINDOWS (J:21.0.5 FX:21.0.1)
04:41:34.762 [JavaFX Application Thread] DEBUG Engine               - JRE Vendor Name: Eclipse Adoptium
04:41:34.762 [JavaFX Application Thread] DEBUG Engine               - Running on OS: Windows 11 version 10.0
04:41:34.762 [JavaFX Application Thread] DEBUG Engine               - Architecture: amd64
04:41:34.762 [JavaFX Application Thread] INFO  Engine               - Source code and latest versions at: https://github.com/AlmasB/FXGL
04:41:34.762 [JavaFX Application Thread] INFO  Engine               -       Ask questions and discuss at: https://github.com/AlmasB/FXGL/discussions
04:41:34.762 [JavaFX Application Thread] INFO  Engine               -              Join the FXGL chat at: https://gitter.im/AlmasB/FXGL
04:41:34.853 [JavaFX Application Thread] DEBUG PrimaryStageWindow   - Creating a JavaFX scene
04:41:34.905 [JavaFX Application Thread] DEBUG PrimaryStageWindow   - Target settings size: 1280.0 x 720.0
04:41:34.905 [JavaFX Application Thread] DEBUG PrimaryStageWindow   - Scaled scene size:    1280.0 x 720.0
04:41:34.905 [JavaFX Application Thread] DEBUG PrimaryStageWindow   - Scaled ratio: (1.0, 1.0)
04:41:34.906 [JavaFX Application Thread] DEBUG PrimaryStageWindow   - Set initial scene to FXGLStartupScene
04:41:34.913 [JavaFX Application Thread] DEBUG PrimaryStageWindow   - Opening main window
04:41:35.002 [JavaFX Application Thread] DEBUG PrimaryStageWindow   - Window border size: (14.4000244140625, 37.5999755859375)
04:41:35.003 [JavaFX Application Thread] DEBUG PrimaryStageWindow   - Scaled size: 1280.0 x 720.0
04:41:35.003 [JavaFX Application Thread] DEBUG PrimaryStageWindow   - Scaled ratio: (1.0, 1.0)
04:41:35.003 [JavaFX Application Thread] DEBUG PrimaryStageWindow   - Scene size: 1280.0 x 720.0
04:41:35.003 [JavaFX Application Thread] DEBUG PrimaryStageWindow   - Stage size: 1294.4000244140625 x 757.5999755859375
04:41:35.078 [JavaFX Application Thread] DEBUG PrimaryStageWindow   - Going fullscreen
04:41:35.090 [FXGL Background Thread 1 ] DEBUG Engine               - Initializing environment variables
04:41:35.154 [FXGL Background Thread 1 ] DEBUG FXGLAssetLoaderServi - User app class for loading assets: class com.project.App
04:41:35.154 [FXGL Background Thread 1 ] DEBUG GameApplicationServi - Applying CSS: fxgl_dark.css
04:41:35.155 [FXGL Background Thread 1 ] DEBUG FXGLAssetLoaderServi - Loading from file system: jar:file:/C:/Users/Lenovo/.m2/repository/com/github/almasb/fxgl/21.1/fxgl-21.1.jar!/fxglassets/ui/css/fxgl_dark.css
04:41:35.191 [FXGL Background Thread 1 ] DEBUG GameApplicationServi - Initializing application scenes
04:41:35.233 [FXGL Background Thread 1 ] DEBUG GameWorld            - Game world initialized
04:41:35.291 [FXGL Background Thread 1 ] DEBUG PhysicsWorld         - Physics world initialized: appHeight=720, physics.ppm=50.0
04:41:35.291 [FXGL Background Thread 1 ] DEBUG PhysicsWorld         - Using strategy: BRUTE_FORCE
04:41:35.295 [FXGL Background Thread 1 ] DEBUG GameScene            - Game scene initialized: 1280x720
04:41:35.306 [FXGL Background Thread 1 ] DEBUG FXGL.DefaultMenu     - createMenuBodyGameMenu()
04:41:35.318 [FXGL Background Thread 1 ] DEBUG FXGL.DefaultMenu     - createOptionsMenu()
04:41:35.327 [FXGL Background Thread 1 ] DEBUG FXGLAssetLoaderServi - Loading from file system: jar:file:/C:/Users/Lenovo/.m2/repository/com/github/almasb/fxgl/21.1/fxgl-21.1.jar!/fxglassets/textures/particles/smoke.png
04:41:35.412 [FXGL Background Thread 1 ] DEBUG FXGLAssetLoaderServi - Loading from file system: jar:file:/C:/Users/Lenovo/.m2/repository/com/github/almasb/fxgl/21.1/fxgl-21.1.jar!/fxglassets/textures/particles/trace_horizontal.png
04:41:35.435 [FXGL Background Thread 1 ] DEBUG GameApplicationServi - Application scenes initialized
04:41:35.449 [FXGL Background Thread 1 ] DEBUG SystemBundleService  - Loading FXGL system data
04:41:35.453 [FXGL Background Thread 1 ] DEBUG FileSystemAccess     - Reading from: C:\Users\Lenovo\ProjectJava3.0\myproject\myproject\system\fxgl.bundle
04:41:35.461 [FXGL Background Thread 1 ] DEBUG SystemBundleService  - Bundle FXGL: {}
04:41:35.461 [FXGL Background Thread 1 ] DEBUG UpdaterService       - Checking for updates
04:41:35.489 [FXGL Background Thread 4 ] DEBUG FXGLApplication      - Loading fonts
04:41:35.490 [FXGL Background Thread 4 ] DEBUG FXGLAssetLoaderServi - Loading from file system: jar:file:/C:/Users/Lenovo/.m2/repository/com/github/almasb/fxgl/21.1/fxgl-21.1.jar!/fxglassets/ui/fonts/VarelaRound-Regular.ttf
04:41:35.490 [FXGL Background Thread 1 ] DEBUG FXGLApplication      - Loading default localization
04:41:35.491 [FXGL Background Thread 1 ] DEBUG FXGLAssetLoaderServi - Loading from file system: jar:file:/C:/Users/Lenovo/.m2/repository/com/github/almasb/fxgl/21.1/fxgl-21.1.jar!/fxglassets/languages/english.lang
04:41:35.526 [FXGL Background Thread 4 ] DEBUG FXGLAssetLoaderServi - Loading from file system: jar:file:/C:/Users/Lenovo/.m2/repository/com/github/almasb/fxgl/21.1/fxgl-21.1.jar!/fxglassets/ui/fonts/Abel-Regular.ttf
04:41:35.526 [FXGL Background Thread 1 ] INFO  FXGLApplication      - FXGL initialization took: 0.437 sec
04:41:35.532 [FXGL Background Thread 4 ] DEBUG FXGLAssetLoaderServi - Loading from file system: jar:file:/C:/Users/Lenovo/.m2/repository/com/github/almasb/fxgl/21.1/fxgl-21.1.jar!/fxglassets/ui/fonts/TerminalLandMono-Regular.otf
04:41:35.535 [FXGL Background Thread 4 ] DEBUG FXGLAssetLoaderServi - Loading from file system: jar:file:/C:/Users/Lenovo/.m2/repository/com/github/almasb/fxgl/21.1/fxgl-21.1.jar!/fxglassets/ui/fonts/Courier-Prime.ttf
04:41:35.537 [JavaFX Application Thread] DEBUG Input                - Registered new binding: Right - D
04:41:35.537 [JavaFX Application Thread] DEBUG Input                - Registered new binding: Left - A
04:41:35.537 [JavaFX Application Thread] DEBUG Input                - Registered new binding: Up - W
04:41:35.537 [JavaFX Application Thread] DEBUG Input                - Registered new binding: Down - S
04:41:35.538 [JavaFX Application Thread] DEBUG Input                - Registered new binding: Interact - E
04:41:35.538 [JavaFX Application Thread] DEBUG FXGLAssetLoaderServi - Loading from file system: jar:file:/C:/Users/Lenovo/.m2/repository/com/github/almasb/fxgl/21.1/fxgl-21.1.jar!/fxglassets/textures/fxgl_icon.png
04:41:35.554 [JavaFX Application Thread] DEBUG FXGLAssetLoaderServi - Loading from file system: jar:file:/C:/Users/Lenovo/.m2/repository/com/github/almasb/fxgl/21.1/fxgl-21.1.jar!/fxglassets/textures/fxgl_default_cursor.png
04:41:35.556 [JavaFX Application Thread] DEBUG Input                - Registered new binding: Screenshot - CTRL+8
04:41:35.557 [JavaFX Application Thread] DEBUG Input                - Registered new binding: Dev Options - 1
04:41:35.558 [JavaFX Application Thread] DEBUG Input                - Registered new binding: Dev Console - 2
04:41:35.559 [JavaFX Application Thread] DEBUG Input                - Registered new binding: System info dump - CTRL+9
04:41:35.560 [JavaFX Application Thread] DEBUG Input                - Registered new binding: Restart - CTRL+R
04:41:35.561 [JavaFX Application Thread] DEBUG Input                - Registered new binding: Toggle Debug Camera - CTRL+7
04:41:35.567 [JavaFX Application Thread] DEBUG LoopRunner           - Starting loop
04:41:35.588 [JavaFX Application Thread] DEBUG LoopRunner           - Initializing JavaFX AnimationTimerLoop
04:41:35.592 [JavaFX Application Thread] DEBUG GameApplicationServi - Starting new game
04:41:35.592 [JavaFX Application Thread] DEBUG Input                - Clearing active input actions
04:41:35.603 [JavaFX Application Thread] DEBUG GameApplicationServi - Removing overlay from FXGLStartupScene and adding to FXGLLoadingScene
04:41:35.607 [JavaFX Application Thread] DEBUG PrimaryStageWindow   - FXGLStartupScene -> FXGLLoadingScene
04:41:35.607 [JavaFX Application Thread] DEBUG GameApplicationServi - Clearing previous game
04:41:35.608 [JavaFX Application Thread] DEBUG GameScene            - Clearing game scene
04:41:35.608 [JavaFX Application Thread] DEBUG GameWorld            - Clearing game world
04:41:35.608 [JavaFX Application Thread] DEBUG PhysicsWorld         - Clearing physics world
04:41:35.615 [FXGL Background Thread 4 ] DEBUG FXGLApplication      - Initializing game
04:41:35.615 [JavaFX Application Thread] DEBUG FXGLApplication      - Registering font factories with UI factory
04:41:35.659 [FXGL Background Thread 4 ] WARN  TMXLevelLoader       - TiledMap generated from 1.11.2. Supported version: 1.9.0. Some features may not be parsed fully.
04:41:35.687 [FXGL Background Thread 4 ] DEBUG TMXLevelLoader       - Parsed TiledMap: file:/C:/Users/Lenovo/ProjectJava3.0/myproject/myproject/target/classes/assets/levels/scene1.tmx
04:41:35.688 [FXGL Background Thread 4 ] DEBUG TMXLevelLoader       - Creating tile layer entities
04:41:35.690 [FXGL Background Thread 4 ] DEBUG TilesetLoader        - Loading view for layer lowefloor
04:41:35.691 [FXGL Background Thread 4 ] DEBUG TilesetLoader        - Created buffer with size 512.0x1024.0
04:41:35.770 [FXGL Background Thread 4 ] DEBUG TilesetLoader        - Loading view for layer cliff
04:41:35.770 [FXGL Background Thread 4 ] DEBUG TilesetLoader        - Created buffer with size 512.0x1024.0
04:41:35.772 [FXGL Background Thread 4 ] DEBUG TilesetLoader        - Loading view for layer cliff1
04:41:35.774 [FXGL Background Thread 4 ] DEBUG TilesetLoader        - Created buffer with size 512.0x1024.0
04:41:35.776 [FXGL Background Thread 4 ] DEBUG TilesetLoader        - Loading view for layer cliff2
04:41:35.777 [FXGL Background Thread 4 ] DEBUG TilesetLoader        - Created buffer with size 512.0x1024.0
04:41:35.778 [FXGL Background Thread 4 ] DEBUG TilesetLoader        - Loading view for layer Tile Layer 3
04:41:35.779 [FXGL Background Thread 4 ] DEBUG TilesetLoader        - Created buffer with size 512.0x1024.0
04:41:35.780 [FXGL Background Thread 4 ] DEBUG TilesetLoader        - Loading view for layer Tile Layer 6
04:41:35.782 [FXGL Background Thread 4 ] DEBUG TilesetLoader        - Created buffer with size 512.0x1024.0
04:41:35.853 [FXGL Background Thread 4 ] DEBUG TilesetLoader        - Loading view for layer prop
04:41:35.853 [FXGL Background Thread 4 ] DEBUG TilesetLoader        - Created buffer with size 512.0x1024.0
04:41:35.854 [FXGL Background Thread 4 ] DEBUG TMXLevelLoader       - Creating object layer entities
04:41:35.889 [FXGL Background Thread 4 ] DEBUG FXGLAssetLoaderServi - Loading from file system: file:/C:/Users/Lenovo/ProjectJava3.0/myproject/myproject/target/classes/assets/textures/Rex.png
04:41:35.895 [FXGL Background Thread 4 ] WARN  TMXLevelLoader       - TiledMap generated from 1.11.2. Supported version: 1.9.0. Some features may not be parsed fully.
04:41:35.909 [FXGL Background Thread 4 ] DEBUG TMXLevelLoader       - Parsed TiledMap: file:/C:/Users/Lenovo/ProjectJava3.0/myproject/myproject/target/classes/assets/levels/scene1.tmx
04:41:35.909 [FXGL Background Thread 4 ] DEBUG TMXLevelLoader       - Creating tile layer entities
04:41:35.909 [FXGL Background Thread 4 ] DEBUG TilesetLoader        - Loading view for layer lowefloor
04:41:35.910 [FXGL Background Thread 4 ] DEBUG TilesetLoader        - Created buffer with size 512.0x1024.0
04:41:35.934 [FXGL Background Thread 4 ] DEBUG TilesetLoader        - Loading view for layer cliff
04:41:35.935 [FXGL Background Thread 4 ] DEBUG TilesetLoader        - Created buffer with size 512.0x1024.0
04:41:35.935 [FXGL Background Thread 4 ] DEBUG TilesetLoader        - Loading view for layer cliff1
04:41:35.936 [FXGL Background Thread 4 ] DEBUG TilesetLoader        - Created buffer with size 512.0x1024.0
04:41:35.936 [FXGL Background Thread 4 ] DEBUG TilesetLoader        - Loading view for layer cliff2
04:41:35.937 [FXGL Background Thread 4 ] DEBUG TilesetLoader        - Created buffer with size 512.0x1024.0
04:41:35.938 [FXGL Background Thread 4 ] DEBUG TilesetLoader        - Loading view for layer Tile Layer 3
04:41:35.938 [FXGL Background Thread 4 ] DEBUG TilesetLoader        - Created buffer with size 512.0x1024.0
04:41:35.938 [FXGL Background Thread 4 ] DEBUG TilesetLoader        - Loading view for layer Tile Layer 6
04:41:35.940 [FXGL Background Thread 4 ] DEBUG TilesetLoader        - Created buffer with size 512.0x1024.0
04:41:35.990 [FXGL Background Thread 4 ] DEBUG TilesetLoader        - Loading view for layer prop
04:41:35.991 [FXGL Background Thread 4 ] DEBUG TilesetLoader        - Created buffer with size 512.0x1024.0
04:41:35.991 [FXGL Background Thread 4 ] DEBUG TMXLevelLoader       - Creating object layer entities
04:41:36.003 [FXGL Background Thread 4 ] DEBUG GameWorld            - Clearing removable entities
04:41:36.003 [FXGL Background Thread 4 ] DEBUG GameWorld            - Setting level: com.almasb.fxgl.entity.level.Level@d099647
04:41:36.022 [FXGL Background Thread 4 ] DEBUG FXGLAssetLoaderServi - Loading from file system: file:/C:/Users/Lenovo/ProjectJava3.0/myproject/myproject/target/classes/assets/textures/Actor1.png
04:41:36.035 [FXGL Background Thread 4 ] INFO  FXGLApplication      - Game initialization took: 0.421 sec
04:41:36.036 [JavaFX Application Thread] DEBUG Input                - Clearing active input actions
04:41:36.047 [JavaFX Application Thread] DEBUG GameApplicationServi - Removing overlay from FXGLLoadingScene and adding to GameScene
04:41:36.051 [JavaFX Application Thread] DEBUG PrimaryStageWindow   - FXGLLoadingScene -> GameScene
04:41:38.489 [FXGL Background Thread 3 ] DEBUG Engine               - Logging environment variables
04:41:38.490 [FXGL Background Thread 3 ] DEBUG Engine               - achievements: []
04:41:38.490 [FXGL Background Thread 3 ] DEBUG Engine               - actualHeight: 864.0
04:41:38.490 [FXGL Background Thread 3 ] DEBUG Engine               - actualHeightProperty: ReadOnlyDoubleProperty [value: 864.0]
04:41:38.490 [FXGL Background Thread 3 ] DEBUG Engine               - actualWidth: 1536.0
04:41:38.490 [FXGL Background Thread 3 ] DEBUG Engine               - actualWidthProperty: ReadOnlyDoubleProperty [value: 1536.0]
04:41:38.490 [FXGL Background Thread 3 ] DEBUG Engine               - appIcon: fxgl_icon.png
04:41:38.490 [FXGL Background Thread 3 ] DEBUG Engine               - applicationMode: DEVELOPER
04:41:38.490 [FXGL Background Thread 3 ] DEBUG Engine               - cSSList: [fxgl_dark.css]
04:41:38.490 [FXGL Background Thread 3 ] DEBUG Engine               - collisionDetectionStrategy: BRUTE_FORCE
04:41:38.490 [FXGL Background Thread 3 ] DEBUG Engine               - configClass: Optional.empty
04:41:38.490 [FXGL Background Thread 3 ] DEBUG Engine               - credits: []
04:41:38.491 [FXGL Background Thread 3 ] DEBUG Engine               - defaultCursor: CursorInfo(imageName=fxgl_default_cursor.png, hotspotX=7.0, hotspotY=6.0)
04:41:38.491 [FXGL Background Thread 3 ] DEBUG Engine               - devBBoxColorProperty: ObjectProperty [value: 0xff0000ff]
04:41:38.491 [FXGL Background Thread 3 ] DEBUG Engine               - devEnableDebugCameraProperty: BooleanProperty [value: false]
04:41:38.491 [FXGL Background Thread 3 ] DEBUG Engine               - devSensorColorProperty: ObjectProperty [value: 0xffff00ff]
04:41:38.491 [FXGL Background Thread 3 ] DEBUG Engine               - devShowBBoxProperty: BooleanProperty [value: false]
04:41:38.491 [FXGL Background Thread 3 ] DEBUG Engine               - devShowPositionProperty: BooleanProperty [value: false]
04:41:38.491 [FXGL Background Thread 3 ] DEBUG Engine               - enabledMenuItems: []
04:41:38.491 [FXGL Background Thread 3 ] DEBUG Engine               - engineServices: [class com.almasb.fxgl.app.services.FXGLAssetLoaderService, class com.almasb.fxgl.app.FXGLApplication$GameApplicationService, class com.almasb.fxgl.app.services.FXGLDialogService, class com.almasb.fxgl.app.services.IOTaskExecutorService, class com.almasb.fxgl.io.FileSystemService, class com.almasb.fxgl.localization.LocalizationService, class com.almasb.fxgl.app.services.SystemBundleService, class com.almasb.fxgl.profile.SaveLoadService, class com.almasb.fxgl.ui.FXGLUIFactoryServiceProvider, class com.almasb.fxgl.ui.FXGLDialogFactoryServiceProvider, class com.almasb.fxgl.audio.AudioPlayer, class com.almasb.fxgl.notification.impl.NotificationServiceProvider, class com.almasb.fxgl.achievement.AchievementService, class com.almasb.fxgl.cutscene.CutsceneService, class com.almasb.fxgl.minigames.MiniGameService, class com.almasb.fxgl.net.NetService, class com.almasb.fxgl.app.services.UpdaterService, class com.almasb.fxgl.dev.DevService]
04:41:38.491 [FXGL Background Thread 3 ] DEBUG Engine               - fontGame: Abel-Regular.ttf
04:41:38.491 [FXGL Background Thread 3 ] DEBUG Engine               - fontMono: TerminalLandMono-Regular.otf
04:41:38.491 [FXGL Background Thread 3 ] DEBUG Engine               - fontSizeScaleUI: 1.0
04:41:38.491 [FXGL Background Thread 3 ] DEBUG Engine               - fontText: Courier-Prime.ttf
04:41:38.491 [FXGL Background Thread 3 ] DEBUG Engine               - fontUI: VarelaRound-Regular.ttf
04:41:38.491 [FXGL Background Thread 3 ] DEBUG Engine               - fullScreen: BooleanProperty [value: true]
04:41:38.491 [FXGL Background Thread 3 ] DEBUG Engine               - gameDifficulty: MEDIUM
04:41:38.491 [FXGL Background Thread 3 ] DEBUG Engine               - gameDifficultyProperty: ObjectProperty [value: MEDIUM]
04:41:38.491 [FXGL Background Thread 3 ] DEBUG Engine               - globalMusicVolume: 0.5
04:41:38.491 [FXGL Background Thread 3 ] DEBUG Engine               - globalMusicVolumeProperty: DoubleProperty [value: 0.5]
04:41:38.491 [FXGL Background Thread 3 ] DEBUG Engine               - globalSoundVolume: 0.5
04:41:38.491 [FXGL Background Thread 3 ] DEBUG Engine               - globalSoundVolumeProperty: DoubleProperty [value: 0.5]
04:41:38.491 [FXGL Background Thread 3 ] DEBUG Engine               - height: 720
04:41:38.491 [FXGL Background Thread 3 ] DEBUG Engine               - is3D: false
04:41:38.491 [FXGL Background Thread 3 ] DEBUG Engine               - isAndroid: false
04:41:38.491 [FXGL Background Thread 3 ] DEBUG Engine               - isBrowser: false
04:41:38.491 [FXGL Background Thread 3 ] DEBUG Engine               - isClickFeedbackEnabled: false
04:41:38.491 [FXGL Background Thread 3 ] DEBUG Engine               - isCloseConfirmation: false
04:41:38.491 [FXGL Background Thread 3 ] DEBUG Engine               - isDesktop: true
04:41:38.492 [FXGL Background Thread 3 ] DEBUG Engine               - isDeveloperMenuEnabled: true
04:41:38.492 [FXGL Background Thread 3 ] DEBUG Engine               - isEmbedded: false
04:41:38.492 [FXGL Background Thread 3 ] DEBUG Engine               - isEntityPreloadEnabled: true
04:41:38.492 [FXGL Background Thread 3 ] DEBUG Engine               - isExperimentalTiledLargeMap: false
04:41:38.492 [FXGL Background Thread 3 ] DEBUG Engine               - isFileSystemWriteAllowed: true
04:41:38.492 [FXGL Background Thread 3 ] DEBUG Engine               - isFullScreenAllowed: true
04:41:38.492 [FXGL Background Thread 3 ] DEBUG Engine               - isFullScreenFromStart: true
04:41:38.492 [FXGL Background Thread 3 ] DEBUG Engine               - isGameMenuEnabled: true
04:41:38.492 [FXGL Background Thread 3 ] DEBUG Engine               - isIOS: false
04:41:38.492 [FXGL Background Thread 3 ] DEBUG Engine               - isIntroEnabled: false
04:41:38.492 [FXGL Background Thread 3 ] DEBUG Engine               - isLinux: false
04:41:38.492 [FXGL Background Thread 3 ] DEBUG Engine               - isMac: false
04:41:38.492 [FXGL Background Thread 3 ] DEBUG Engine               - isMainMenuEnabled: false
04:41:38.492 [FXGL Background Thread 3 ] DEBUG Engine               - isManualResizeEnabled: false
04:41:38.492 [FXGL Background Thread 3 ] DEBUG Engine               - isMobile: false
04:41:38.492 [FXGL Background Thread 3 ] DEBUG Engine               - isNative: false
04:41:38.492 [FXGL Background Thread 3 ] DEBUG Engine               - isPauseMusicWhenMinimized: true
04:41:38.492 [FXGL Background Thread 3 ] DEBUG Engine               - isPreserveResizeRatio: false
04:41:38.492 [FXGL Background Thread 3 ] DEBUG Engine               - isProfilingEnabled: false
04:41:38.492 [FXGL Background Thread 3 ] DEBUG Engine               - isScaleAffectedOnResize: true
04:41:38.492 [FXGL Background Thread 3 ] DEBUG Engine               - isSingleStep: false
04:41:38.492 [FXGL Background Thread 3 ] DEBUG Engine               - isUserProfileEnabled: false
04:41:38.492 [FXGL Background Thread 3 ] DEBUG Engine               - isWindows: true
04:41:38.492 [FXGL Background Thread 3 ] DEBUG Engine               - language: ObjectProperty [value: ENGLISH]
04:41:38.492 [FXGL Background Thread 3 ] DEBUG Engine               - menuKey: ESCAPE
04:41:38.492 [FXGL Background Thread 3 ] DEBUG Engine               - mouseSensitivity: 0.2
04:41:38.492 [FXGL Background Thread 3 ] DEBUG Engine               - notificationViewClass: class com.almasb.fxgl.notification.view.XboxNotificationView
04:41:38.493 [FXGL Background Thread 3 ] DEBUG Engine               - pixelsPerMeter: 50.0
04:41:38.493 [FXGL Background Thread 3 ] DEBUG Engine               - platform: WINDOWS
04:41:38.493 [FXGL Background Thread 3 ] DEBUG Engine               - prefHeightProperty: ReadOnlyDoubleProperty [value: 720.0]
04:41:38.493 [FXGL Background Thread 3 ] DEBUG Engine               - prefWidthProperty: ReadOnlyDoubleProperty [value: 1280.0]
04:41:38.493 [FXGL Background Thread 3 ] DEBUG Engine               - profileDir: profiles/
04:41:38.493 [FXGL Background Thread 3 ] DEBUG Engine               - profileName: StringProperty [value: DEFAULT]
04:41:38.493 [FXGL Background Thread 3 ] DEBUG Engine               - randomSeed: -1
04:41:38.493 [FXGL Background Thread 3 ] DEBUG Engine               - runtimeInfo: RuntimeInfo(platform=WINDOWS, version=21.1, build=27.03.2024 07.52)
04:41:38.493 [FXGL Background Thread 3 ] DEBUG Engine               - saveFileExt: sav
04:41:38.493 [FXGL Background Thread 3 ] DEBUG Engine               - scaledHeightProp$fxgl: DoubleProperty [bound, value: 864.0]
04:41:38.493 [FXGL Background Thread 3 ] DEBUG Engine               - scaledWidthProp$fxgl: DoubleProperty [bound, value: 1536.0]
04:41:38.493 [FXGL Background Thread 3 ] DEBUG Engine               - sceneFactory: com.almasb.fxgl.app.scene.SceneFactory@73031cbb
04:41:38.493 [FXGL Background Thread 3 ] DEBUG Engine               - secondsIn24h: 60
04:41:38.493 [FXGL Background Thread 3 ] DEBUG Engine               - soundMenuBack: menu/back.wav
04:41:38.493 [FXGL Background Thread 3 ] DEBUG Engine               - soundMenuPress: menu/press.wav
04:41:38.493 [FXGL Background Thread 3 ] DEBUG Engine               - soundMenuSelect: menu/select.wav
04:41:38.493 [FXGL Background Thread 3 ] DEBUG Engine               - soundNotification: core/notification.wav
04:41:38.493 [FXGL Background Thread 3 ] DEBUG Engine               - stageStyle: DECORATED
04:41:38.493 [FXGL Background Thread 3 ] DEBUG Engine               - supportedLanguages: [ENGLISH, FRENCH, GERMAN, HUNGARIAN, RUSSIAN]
04:41:38.493 [FXGL Background Thread 3 ] DEBUG Engine               - ticksPerSecond: -1
04:41:38.493 [FXGL Background Thread 3 ] DEBUG Engine               - title: Final Journey
04:41:38.493 [FXGL Background Thread 3 ] DEBUG Engine               - urlGithub: https://github.com/AlmasB/FXGL
04:41:38.493 [FXGL Background Thread 3 ] DEBUG Engine               - urlLeaderboard: http://fxgl-top.herokuapp.com/
04:41:38.494 [FXGL Background Thread 3 ] DEBUG Engine               - urlPOM: https://raw.githubusercontent.com/AlmasB/FXGL/release/README.md
04:41:38.494 [FXGL Background Thread 3 ] DEBUG Engine               - userAppClass: class com.project.App
04:41:38.494 [FXGL Background Thread 3 ] DEBUG Engine               - version: Alpha
04:41:38.494 [FXGL Background Thread 3 ] DEBUG Engine               - versionCheckDays: 7
04:41:38.494 [FXGL Background Thread 3 ] DEBUG Engine               - width: 1280
04:41:38.494 [FXGL Background Thread 3 ] DEBUG Engine               - Logging services
04:41:38.494 [FXGL Background Thread 3 ] DEBUG Engine               - class com.almasb.fxgl.app.services.FXGLAssetLoaderService
04:41:38.494 [FXGL Background Thread 3 ] DEBUG Engine               - class com.almasb.fxgl.app.FXGLApplication$GameApplicationService
04:41:38.494 [FXGL Background Thread 3 ] DEBUG Engine               - class com.almasb.fxgl.app.services.FXGLDialogService
04:41:38.494 [FXGL Background Thread 3 ] DEBUG Engine               - class com.almasb.fxgl.app.services.IOTaskExecutorService
04:41:38.494 [FXGL Background Thread 3 ] DEBUG Engine               - class com.almasb.fxgl.io.FileSystemService
04:41:38.494 [FXGL Background Thread 3 ] DEBUG Engine               - class com.almasb.fxgl.localization.LocalizationService
04:41:38.494 [FXGL Background Thread 3 ] DEBUG Engine               - class com.almasb.fxgl.app.services.SystemBundleService
04:41:38.494 [FXGL Background Thread 3 ] DEBUG Engine               - class com.almasb.fxgl.profile.SaveLoadService
04:41:38.494 [FXGL Background Thread 3 ] DEBUG Engine               - class com.almasb.fxgl.ui.FXGLUIFactoryServiceProvider
04:41:38.494 [FXGL Background Thread 3 ] DEBUG Engine               - class com.almasb.fxgl.ui.FXGLDialogFactoryServiceProvider
04:41:38.494 [FXGL Background Thread 3 ] DEBUG Engine               - class com.almasb.fxgl.audio.AudioPlayer
04:41:38.494 [FXGL Background Thread 3 ] DEBUG Engine               - class com.almasb.fxgl.notification.impl.NotificationServiceProvider
04:41:38.494 [FXGL Background Thread 3 ] DEBUG Engine               - class com.almasb.fxgl.achievement.AchievementService
04:41:38.494 [FXGL Background Thread 3 ] DEBUG Engine               - class com.almasb.fxgl.cutscene.CutsceneService
04:41:38.494 [FXGL Background Thread 3 ] DEBUG Engine               - class com.almasb.fxgl.minigames.MiniGameService
04:41:38.494 [FXGL Background Thread 3 ] DEBUG Engine               - class com.almasb.fxgl.net.NetService
04:41:38.494 [FXGL Background Thread 3 ] DEBUG Engine               - class com.almasb.fxgl.app.services.UpdaterService
04:41:38.494 [FXGL Background Thread 3 ] DEBUG Engine               - class com.almasb.fxgl.dev.DevService
04:41:39.515 [JavaFX Application Thread] DEBUG FXGLAssetLoaderServi - Loading from file system: file:/C:/Users/Lenovo/ProjectJava3.0/myproject/myproject/target/classes/assets/text/filetext.txt
04:41:39.516 [JavaFX Application Thread] DEBUG EventBus             - Firing event: com.GameEvent.CombatScene[source=javafx.event.Event$$Lambda/0x000001f981172db8@b8a0c9b]
04:41:39.520 [JavaFX Application Thread] WARN  TMXLevelLoader       - TiledMap generated from 1.11.2. Supported version: 1.9.0. Some features may not be parsed fully.
04:41:39.525 [JavaFX Application Thread] DEBUG TMXLevelLoader       - Parsed TiledMap: file:/C:/Users/Lenovo/ProjectJava3.0/myproject/myproject/target/classes/assets/levels/battle1.tmx
04:41:39.525 [JavaFX Application Thread] DEBUG TMXLevelLoader       - Creating tile layer entities
04:41:39.525 [JavaFX Application Thread] DEBUG TilesetLoader        - Loading view for layer Tile Layer 1
04:41:39.527 [JavaFX Application Thread] DEBUG TilesetLoader        - Created buffer with size 2048.0x1024.0
04:41:39.631 [JavaFX Application Thread] DEBUG TMXLevelLoader       - Creating object layer entities
04:41:39.632 [JavaFX Application Thread] DEBUG FXGLAssetLoaderServi - Loading from file system: file:/C:/Users/Lenovo/ProjectJava3.0/myproject/myproject/target/classes/assets/textures/Rex.png
04:41:39.638 [JavaFX Application Thread] DEBUG FXGLAssetLoaderServi - Loading from file system: file:/C:/Users/Lenovo/ProjectJava3.0/myproject/myproject/target/classes/assets/textures/Reid.png
04:41:39.693 [JavaFX Application Thread] DEBUG FXGLAssetLoaderServi - Loading from file system: file:/C:/Users/Lenovo/ProjectJava3.0/myproject/myproject/target/classes/assets/textures/marsha.png
04:41:39.741 [JavaFX Application Thread] DEBUG GameWorld            - Clearing removable entities
04:41:39.747 [JavaFX Application Thread] DEBUG GameWorld            - Setting level: com.almasb.fxgl.entity.level.Level@5c6ca7ed
04:41:39.750 [JavaFX Application Thread] WARN  TMXLevelLoader       - TiledMap generated from 1.11.2. Supported version: 1.9.0. Some features may not be parsed fully.
04:41:39.755 [JavaFX Application Thread] DEBUG TMXLevelLoader       - Parsed TiledMap: file:/C:/Users/Lenovo/ProjectJava3.0/myproject/myproject/target/classes/assets/levels/battle1.tmx
04:41:39.756 [JavaFX Application Thread] DEBUG TMXLevelLoader       - Creating tile layer entities
04:41:39.756 [JavaFX Application Thread] DEBUG TilesetLoader        - Loading view for layer Tile Layer 1
04:41:39.760 [JavaFX Application Thread] DEBUG TilesetLoader        - Created buffer with size 2048.0x1024.0
04:41:39.847 [JavaFX Application Thread] DEBUG TMXLevelLoader       - Creating object layer entities
04:41:42.071 [JavaFX Application Thread] DEBUG GameApplicationServi - Starting new game
04:41:42.071 [JavaFX Application Thread] DEBUG Input                - Clearing active input actions
04:41:42.075 [JavaFX Application Thread] DEBUG GameApplicationServi - Removing overlay from GameScene and adding to FXGLLoadingScene
04:41:42.077 [JavaFX Application Thread] DEBUG PrimaryStageWindow   - GameScene -> FXGLLoadingScene
04:41:42.077 [JavaFX Application Thread] DEBUG GameApplicationServi - Clearing previous game
04:41:42.077 [JavaFX Application Thread] DEBUG GameScene            - Clearing game scene
04:41:42.077 [JavaFX Application Thread] DEBUG GameWorld            - Clearing game world
04:41:42.078 [JavaFX Application Thread] DEBUG PhysicsWorld         - Clearing physics world
04:41:42.078 [FXGL Background Thread 4 ] DEBUG FXGLApplication      - Initializing game
04:41:42.080 [FXGL Background Thread 4 ] WARN  TMXLevelLoader       - TiledMap generated from 1.11.2. Supported version: 1.9.0. Some features may not be parsed fully.
04:41:42.090 [FXGL Background Thread 4 ] DEBUG TMXLevelLoader       - Parsed TiledMap: file:/C:/Users/Lenovo/ProjectJava3.0/myproject/myproject/target/classes/assets/levels/scene1.tmx
04:41:42.091 [FXGL Background Thread 4 ] DEBUG TMXLevelLoader       - Creating tile layer entities
04:41:42.091 [FXGL Background Thread 4 ] DEBUG TilesetLoader        - Loading view for layer lowefloor
04:41:42.092 [FXGL Background Thread 4 ] DEBUG TilesetLoader        - Created buffer with size 512.0x1024.0
04:41:42.121 [FXGL Background Thread 4 ] DEBUG TilesetLoader        - Loading view for layer cliff
04:41:42.122 [FXGL Background Thread 4 ] DEBUG TilesetLoader        - Created buffer with size 512.0x1024.0
04:41:42.123 [FXGL Background Thread 4 ] DEBUG TilesetLoader        - Loading view for layer cliff1
04:41:42.123 [FXGL Background Thread 4 ] DEBUG TilesetLoader        - Created buffer with size 512.0x1024.0
04:41:42.124 [FXGL Background Thread 4 ] DEBUG TilesetLoader        - Loading view for layer cliff2
04:41:42.124 [FXGL Background Thread 4 ] DEBUG TilesetLoader        - Created buffer with size 512.0x1024.0
04:41:42.125 [FXGL Background Thread 4 ] DEBUG TilesetLoader        - Loading view for layer Tile Layer 3
04:41:42.126 [FXGL Background Thread 4 ] DEBUG TilesetLoader        - Created buffer with size 512.0x1024.0
04:41:42.127 [FXGL Background Thread 4 ] DEBUG TilesetLoader        - Loading view for layer Tile Layer 6
04:41:42.127 [FXGL Background Thread 4 ] DEBUG TilesetLoader        - Created buffer with size 512.0x1024.0
04:41:42.172 [FXGL Background Thread 4 ] DEBUG TilesetLoader        - Loading view for layer prop
04:41:42.173 [FXGL Background Thread 4 ] DEBUG TilesetLoader        - Created buffer with size 512.0x1024.0
04:41:42.173 [FXGL Background Thread 4 ] DEBUG TMXLevelLoader       - Creating object layer entities
04:41:42.180 [FXGL Background Thread 4 ] WARN  TMXLevelLoader       - TiledMap generated from 1.11.2. Supported version: 1.9.0. Some features may not be parsed fully.
04:41:42.187 [FXGL Background Thread 4 ] DEBUG TMXLevelLoader       - Parsed TiledMap: file:/C:/Users/Lenovo/ProjectJava3.0/myproject/myproject/target/classes/assets/levels/scene1.tmx
04:41:42.187 [FXGL Background Thread 4 ] DEBUG TMXLevelLoader       - Creating tile layer entities
04:41:42.187 [FXGL Background Thread 4 ] DEBUG TilesetLoader        - Loading view for layer lowefloor
04:41:42.188 [FXGL Background Thread 4 ] DEBUG TilesetLoader        - Created buffer with size 512.0x1024.0
04:41:42.209 [FXGL Background Thread 4 ] DEBUG TilesetLoader        - Loading view for layer cliff
04:41:42.209 [FXGL Background Thread 4 ] DEBUG TilesetLoader        - Created buffer with size 512.0x1024.0
04:41:42.210 [FXGL Background Thread 4 ] DEBUG TilesetLoader        - Loading view for layer cliff1
04:41:42.210 [FXGL Background Thread 4 ] DEBUG TilesetLoader        - Created buffer with size 512.0x1024.0
04:41:42.211 [FXGL Background Thread 4 ] DEBUG TilesetLoader        - Loading view for layer cliff2
04:41:42.211 [FXGL Background Thread 4 ] DEBUG TilesetLoader        - Created buffer with size 512.0x1024.0
04:41:42.212 [FXGL Background Thread 4 ] DEBUG TilesetLoader        - Loading view for layer Tile Layer 3
04:41:42.212 [FXGL Background Thread 4 ] DEBUG TilesetLoader        - Created buffer with size 512.0x1024.0
04:41:42.212 [FXGL Background Thread 4 ] DEBUG TilesetLoader        - Loading view for layer Tile Layer 6
04:41:42.213 [FXGL Background Thread 4 ] DEBUG TilesetLoader        - Created buffer with size 512.0x1024.0
04:41:42.252 [FXGL Background Thread 4 ] DEBUG TilesetLoader        - Loading view for layer prop
04:41:42.252 [FXGL Background Thread 4 ] DEBUG TilesetLoader        - Created buffer with size 512.0x1024.0
04:41:42.252 [FXGL Background Thread 4 ] DEBUG TMXLevelLoader       - Creating object layer entities
04:41:42.258 [FXGL Background Thread 4 ] DEBUG GameWorld            - Clearing removable entities
04:41:42.258 [FXGL Background Thread 4 ] DEBUG GameWorld            - Setting level: com.almasb.fxgl.entity.level.Level@b09affa
04:41:42.262 [FXGL Background Thread 4 ] INFO  FXGLApplication      - Game initialization took: 0.183 sec
04:41:42.263 [JavaFX Application Thread] DEBUG Input                - Clearing active input actions
04:41:42.267 [JavaFX Application Thread] DEBUG GameApplicationServi - Removing overlay from FXGLLoadingScene and adding to GameScene
04:41:42.270 [JavaFX Application Thread] DEBUG PrimaryStageWindow   - FXGLLoadingScene -> GameScene
04:41:45.596 [JavaFX Application Thread] DEBUG EventBus             - Firing event: com.GameEvent.CombatScene[source=javafx.event.Event$$Lambda/0x000001f981172db8@b8a0c9b]
04:41:45.596 [JavaFX Application Thread] DEBUG LoopRunner           - Stopping loop
04:41:45.598 [JavaFX Application Thread] FATAL FXGLApplication      - Uncaught Exception:
java.lang.IllegalArgumentException: No EntityFactory has a method annotated @Spawns(setcamera)
	at com.almasb.fxgl.entity.GameWorld.create(GameWorld.kt:413)
	at com.almasb.fxgl.entity.GameWorld.spawn(GameWorld.kt:396)
	at com.almasb.fxgl.entity.GameWorld.spawn(GameWorld.kt:384)
	at com.almasb.fxgl.entity.GameWorld.spawn(GameWorld.kt:359)
	at com.almasb.fxgl.dsl.FXGL$Companion.spawn(FXGL.kt:564)
	at com.almasb.fxgl.dsl.FXGL.spawn(FXGL.kt)
	at com.GameEvent.SystemEvent.lambda$0(SystemEvent.java:53)
	at com.sun.javafx.event.CompositeEventHandler$NormalEventHandlerRecord.handleBubblingEvent(CompositeEventHandler.java:247)
	at com.sun.javafx.event.CompositeEventHandler.dispatchBubblingEvent(CompositeEventHandler.java:80)
	at com.sun.javafx.event.EventHandlerManager.dispatchBubblingEvent(EventHandlerManager.java:232)
	at com.sun.javafx.event.EventHandlerManager.dispatchBubblingEvent(EventHandlerManager.java:189)
	at com.sun.javafx.event.CompositeEventDispatcher.dispatchBubblingEvent(CompositeEventDispatcher.java:59)
	at com.sun.javafx.event.BasicEventDispatcher.dispatchEvent(BasicEventDispatcher.java:58)
	at com.sun.javafx.event.EventDispatchChainImpl.dispatchEvent(EventDispatchChainImpl.java:114)
	at com.sun.javafx.event.EventUtil.fireEventImpl(EventUtil.java:74)
	at com.sun.javafx.event.EventUtil.fireEvent(EventUtil.java:54)
	at javafx.event.Event.fireEvent(Event.java:198)
	at javafx.scene.Node.fireEvent(Node.java:8875)
	at com.almasb.fxgl.event.EventBus.fireEvent(EventBus.kt:66)
	at com.Component.CharecterHero.InteractComponent.interact(InteractComponent.java:58)
	at com.project.App$5.onAction(App.java:248)
	at com.almasb.fxgl.input.UserAction.action$fxgl_core(UserAction.kt:38)
	at com.almasb.fxgl.input.Input.update(Input.kt:278)
	at com.almasb.fxgl.scene.Scene.update(Scene.kt:103)
	at com.almasb.fxgl.app.MainWindow$update$1.invoke(MainWindow.kt:121)
	at com.almasb.fxgl.app.MainWindow$update$1.invoke(MainWindow.kt:121)
	at com.almasb.fxgl.core.fsm.StateMachine.runOnActiveStates(StateMachine.kt:69)
	at com.almasb.fxgl.app.MainWindow.update(MainWindow.kt:121)
	at com.almasb.fxgl.app.FXGLApplication$GameApplicationService.onUpdate(FXGLApplication.kt:445)
	at com.almasb.fxgl.app.Engine.loop(Engine.kt:134)
	at com.almasb.fxgl.app.Engine.access$loop(Engine.kt:24)
	at com.almasb.fxgl.app.Engine$loop$1.invoke(Engine.kt:28)
	at com.almasb.fxgl.app.Engine$loop$1.invoke(Engine.kt:28)
	at com.almasb.fxgl.app.LoopRunner.frame(LoopRunner.kt:103)
	at com.almasb.fxgl.app.LoopRunner.access$frame(LoopRunner.kt:23)
	at com.almasb.fxgl.app.LoopRunner$impl$2$1.onTick(LoopRunner.kt:57)
	at com.almasb.fxgl.app.AnimationTimerLoop$timer$1.handle(LoopRunner.kt:137)
	at javafx.animation.AnimationTimer$AnimationTimerReceiver.lambda$handle$0(AnimationTimer.java:58)
	at java.base/java.security.AccessController.doPrivileged(AccessController.java:400)
	at javafx.animation.AnimationTimer$AnimationTimerReceiver.handle(AnimationTimer.java:57)
	at com.sun.scenario.animation.AbstractPrimaryTimer.timePulseImpl(AbstractPrimaryTimer.java:356)
	at com.sun.scenario.animation.AbstractPrimaryTimer$MainLoop.run(AbstractPrimaryTimer.java:266)
	at com.sun.javafx.tk.quantum.QuantumToolkit.pulse(QuantumToolkit.java:588)
	at com.sun.javafx.tk.quantum.QuantumToolkit.pulse(QuantumToolkit.java:572)
	at com.sun.javafx.tk.quantum.QuantumToolkit.pulseFromQueue(QuantumToolkit.java:565)
	at com.sun.javafx.tk.quantum.QuantumToolkit.lambda$runToolkit$11(QuantumToolkit.java:352)
	at com.sun.glass.ui.InvokeLaterDispatcher$Future.run(InvokeLaterDispatcher.java:95)
	at com.sun.glass.ui.win.WinApplication._runLoop(Native Method)
	at com.sun.glass.ui.win.WinApplication.lambda$runLoop$3(WinApplication.java:185)
	at java.base/java.lang.Thread.run(Thread.java:1583)

04:41:45.600 [JavaFX Application Thread] FATAL FXGLApplication      - Application will now exit
04:41:45.604 [JavaFX Application Thread] DEBUG PrimaryStageWindow   - Push state: ErrorSubScene
04:41:45.605 [JavaFX Application Thread] DEBUG Input                - Clearing active input actions
04:41:45.605 [JavaFX Application Thread] DEBUG GameApplicationServi - Removing overlay from GameScene and adding to ErrorSubScene
04:41:45.606 [JavaFX Application Thread] DEBUG PrimaryStageWindow   - GameScene -> ErrorSubScene
04:41:48.856 [JavaFX Application Thread] DEBUG FXGLApplication      - Exiting FXGL
04:41:48.857 [JavaFX Application Thread] DEBUG Async                - Shutting down background threads
04:41:48.857 [JavaFX Application Thread] DEBUG PrimaryStageWindow   - Closing main window
04:41:48.893 [JavaFX Application Thread] DEBUG Logger               - Closing Logger
