08:01:49.945 [main                     ] DEBUG Logger               - Configured Logger
08:01:49.963 [main                     ] DEBUG GameApplication      - Logging settings
Title: Final Journey
Version: Alpha
Width: 1280
Height: 720
Fullscreen: true
Intro: false
Profiling: false
Single step:false
App Mode: DEVELOPER
Menu Key: ESCAPE
Stage Style: DECORATED
Scene Factory: class com.almasb.fxgl.app.scene.SceneFactory

08:01:50.412 [JavaFX Application Thread] DEBUG FXGLApplication      - Initializing FXGL
08:01:50.416 [JavaFX Application Thread] INFO  Engine               - FXGL-21.1 (27.03.2024 07.52) on WINDOWS (J:21.0.5 FX:21.0.1)
08:01:50.417 [JavaFX Application Thread] DEBUG Engine               - JRE Vendor Name: Eclipse Adoptium
08:01:50.417 [JavaFX Application Thread] DEBUG Engine               - Running on OS: Windows 11 version 10.0
08:01:50.417 [JavaFX Application Thread] DEBUG Engine               - Architecture: amd64
08:01:50.417 [JavaFX Application Thread] INFO  Engine               - Source code and latest versions at: https://github.com/AlmasB/FXGL
08:01:50.418 [JavaFX Application Thread] INFO  Engine               -       Ask questions and discuss at: https://github.com/AlmasB/FXGL/discussions
08:01:50.418 [JavaFX Application Thread] INFO  Engine               -              Join the FXGL chat at: https://gitter.im/AlmasB/FXGL
08:01:50.519 [JavaFX Application Thread] DEBUG PrimaryStageWindow   - Creating a JavaFX scene
08:01:50.602 [JavaFX Application Thread] DEBUG PrimaryStageWindow   - Target settings size: 1280.0 x 720.0
08:01:50.603 [JavaFX Application Thread] DEBUG PrimaryStageWindow   - Scaled scene size:    1280.0 x 720.0
08:01:50.603 [JavaFX Application Thread] DEBUG PrimaryStageWindow   - Scaled ratio: (1.0, 1.0)
08:01:50.605 [JavaFX Application Thread] DEBUG PrimaryStageWindow   - Set initial scene to FXGLStartupScene
08:01:50.611 [JavaFX Application Thread] DEBUG PrimaryStageWindow   - Opening main window
08:01:50.712 [JavaFX Application Thread] DEBUG PrimaryStageWindow   - Window border size: (14.4000244140625, 37.5999755859375)
08:01:50.712 [JavaFX Application Thread] DEBUG PrimaryStageWindow   - Scaled size: 1280.0 x 720.0
08:01:50.713 [JavaFX Application Thread] DEBUG PrimaryStageWindow   - Scaled ratio: (1.0, 1.0)
08:01:50.713 [JavaFX Application Thread] DEBUG PrimaryStageWindow   - Scene size: 1280.0 x 720.0
08:01:50.713 [JavaFX Application Thread] DEBUG PrimaryStageWindow   - Stage size: 1294.4000244140625 x 757.5999755859375
08:01:50.782 [JavaFX Application Thread] DEBUG PrimaryStageWindow   - Going fullscreen
08:01:50.794 [FXGL Background Thread 1 ] DEBUG Engine               - Initializing environment variables
08:01:50.845 [FXGL Background Thread 1 ] DEBUG FXGLAssetLoaderServi - User app class for loading assets: class com.project.App
08:01:50.845 [FXGL Background Thread 1 ] DEBUG GameApplicationServi - Applying CSS: fxgl_dark.css
08:01:50.846 [FXGL Background Thread 1 ] DEBUG FXGLAssetLoaderServi - Loading from file system: jar:file:/C:/Users/Lenovo/.m2/repository/com/github/almasb/fxgl/21.1/fxgl-21.1.jar!/fxglassets/ui/css/fxgl_dark.css
08:01:50.884 [FXGL Background Thread 1 ] DEBUG GameApplicationServi - Initializing application scenes
08:01:50.923 [FXGL Background Thread 1 ] DEBUG GameWorld            - Game world initialized
08:01:50.981 [FXGL Background Thread 1 ] DEBUG PhysicsWorld         - Physics world initialized: appHeight=720, physics.ppm=50.0
08:01:50.981 [FXGL Background Thread 1 ] DEBUG PhysicsWorld         - Using strategy: BRUTE_FORCE
08:01:50.985 [FXGL Background Thread 1 ] DEBUG GameScene            - Game scene initialized: 1280x720
08:01:50.995 [FXGL Background Thread 1 ] DEBUG FXGL.DefaultMenu     - createMenuBodyGameMenu()
08:01:51.009 [FXGL Background Thread 1 ] DEBUG FXGL.DefaultMenu     - createOptionsMenu()
08:01:51.017 [FXGL Background Thread 1 ] DEBUG FXGLAssetLoaderServi - Loading from file system: jar:file:/C:/Users/Lenovo/.m2/repository/com/github/almasb/fxgl/21.1/fxgl-21.1.jar!/fxglassets/textures/particles/smoke.png
08:01:51.103 [FXGL Background Thread 1 ] DEBUG FXGLAssetLoaderServi - Loading from file system: jar:file:/C:/Users/Lenovo/.m2/repository/com/github/almasb/fxgl/21.1/fxgl-21.1.jar!/fxglassets/textures/particles/trace_horizontal.png
08:01:51.126 [FXGL Background Thread 1 ] DEBUG GameApplicationServi - Application scenes initialized
08:01:51.138 [FXGL Background Thread 1 ] DEBUG SystemBundleService  - Loading FXGL system data
08:01:51.143 [FXGL Background Thread 1 ] DEBUG FileSystemAccess     - Reading from: C:\Users\Lenovo\ProjectJava3.0\myproject\myproject\system\fxgl.bundle
08:01:51.152 [FXGL Background Thread 1 ] DEBUG SystemBundleService  - Bundle FXGL: {}
08:01:51.152 [FXGL Background Thread 1 ] DEBUG UpdaterService       - Checking for updates
08:01:51.180 [FXGL Background Thread 4 ] DEBUG FXGLApplication      - Loading fonts
08:01:51.181 [FXGL Background Thread 4 ] DEBUG FXGLAssetLoaderServi - Loading from file system: jar:file:/C:/Users/Lenovo/.m2/repository/com/github/almasb/fxgl/21.1/fxgl-21.1.jar!/fxglassets/ui/fonts/VarelaRound-Regular.ttf
08:01:51.182 [FXGL Background Thread 1 ] DEBUG FXGLApplication      - Loading default localization
08:01:51.182 [FXGL Background Thread 1 ] DEBUG FXGLAssetLoaderServi - Loading from file system: jar:file:/C:/Users/Lenovo/.m2/repository/com/github/almasb/fxgl/21.1/fxgl-21.1.jar!/fxglassets/languages/english.lang
08:01:51.226 [FXGL Background Thread 4 ] DEBUG FXGLAssetLoaderServi - Loading from file system: jar:file:/C:/Users/Lenovo/.m2/repository/com/github/almasb/fxgl/21.1/fxgl-21.1.jar!/fxglassets/ui/fonts/Abel-Regular.ttf
08:01:51.231 [FXGL Background Thread 4 ] DEBUG FXGLAssetLoaderServi - Loading from file system: jar:file:/C:/Users/Lenovo/.m2/repository/com/github/almasb/fxgl/21.1/fxgl-21.1.jar!/fxglassets/ui/fonts/TerminalLandMono-Regular.otf
08:01:51.234 [FXGL Background Thread 1 ] INFO  FXGLApplication      - FXGL initialization took: 0.441 sec
08:01:51.235 [FXGL Background Thread 4 ] DEBUG FXGLAssetLoaderServi - Loading from file system: jar:file:/C:/Users/Lenovo/.m2/repository/com/github/almasb/fxgl/21.1/fxgl-21.1.jar!/fxglassets/ui/fonts/Courier-Prime.ttf
08:01:51.250 [JavaFX Application Thread] DEBUG Input                - Registered new binding: Right - D
08:01:51.251 [JavaFX Application Thread] DEBUG Input                - Registered new binding: Left - A
08:01:51.251 [JavaFX Application Thread] DEBUG Input                - Registered new binding: Up - W
08:01:51.251 [JavaFX Application Thread] DEBUG Input                - Registered new binding: Down - S
08:01:51.251 [JavaFX Application Thread] DEBUG Input                - Registered new binding: Interact - E
08:01:51.252 [JavaFX Application Thread] DEBUG FXGLAssetLoaderServi - Loading from file system: jar:file:/C:/Users/Lenovo/.m2/repository/com/github/almasb/fxgl/21.1/fxgl-21.1.jar!/fxglassets/textures/fxgl_icon.png
08:01:51.271 [JavaFX Application Thread] DEBUG FXGLAssetLoaderServi - Loading from file system: jar:file:/C:/Users/Lenovo/.m2/repository/com/github/almasb/fxgl/21.1/fxgl-21.1.jar!/fxglassets/textures/fxgl_default_cursor.png
08:01:51.274 [JavaFX Application Thread] DEBUG Input                - Registered new binding: Screenshot - CTRL+8
08:01:51.275 [JavaFX Application Thread] DEBUG Input                - Registered new binding: Dev Options - 1
08:01:51.275 [JavaFX Application Thread] DEBUG Input                - Registered new binding: Dev Console - 2
08:01:51.276 [JavaFX Application Thread] DEBUG Input                - Registered new binding: System info dump - CTRL+9
08:01:51.276 [JavaFX Application Thread] DEBUG Input                - Registered new binding: Restart - CTRL+R
08:01:51.277 [JavaFX Application Thread] DEBUG Input                - Registered new binding: Toggle Debug Camera - CTRL+7
08:01:51.286 [JavaFX Application Thread] DEBUG LoopRunner           - Starting loop
08:01:51.308 [JavaFX Application Thread] DEBUG LoopRunner           - Initializing JavaFX AnimationTimerLoop
08:01:51.310 [JavaFX Application Thread] DEBUG GameApplicationServi - Starting new game
08:01:51.310 [JavaFX Application Thread] DEBUG Input                - Clearing active input actions
08:01:51.319 [JavaFX Application Thread] DEBUG GameApplicationServi - Removing overlay from FXGLStartupScene and adding to FXGLLoadingScene
08:01:51.327 [JavaFX Application Thread] DEBUG PrimaryStageWindow   - FXGLStartupScene -> FXGLLoadingScene
08:01:51.327 [JavaFX Application Thread] DEBUG GameApplicationServi - Clearing previous game
08:01:51.327 [JavaFX Application Thread] DEBUG GameScene            - Clearing game scene
08:01:51.327 [JavaFX Application Thread] DEBUG GameWorld            - Clearing game world
08:01:51.327 [JavaFX Application Thread] DEBUG PhysicsWorld         - Clearing physics world
08:01:51.330 [FXGL Background Thread 4 ] DEBUG FXGLApplication      - Initializing game
08:01:51.334 [JavaFX Application Thread] DEBUG FXGLApplication      - Registering font factories with UI factory
08:01:51.384 [FXGL Background Thread 4 ] WARN  TMXLevelLoader       - TiledMap generated from 1.11.2. Supported version: 1.9.0. Some features may not be parsed fully.
08:01:51.410 [FXGL Background Thread 4 ] DEBUG TMXLevelLoader       - Parsed TiledMap: file:/C:/Users/Lenovo/ProjectJava3.0/myproject/myproject/target/classes/assets/levels/scene1.tmx
08:01:51.412 [FXGL Background Thread 4 ] DEBUG TMXLevelLoader       - Creating tile layer entities
08:01:51.414 [FXGL Background Thread 4 ] DEBUG TilesetLoader        - Loading view for layer lowefloor
08:01:51.415 [FXGL Background Thread 4 ] DEBUG TilesetLoader        - Created buffer with size 512.0x1024.0
08:01:51.475 [FXGL Background Thread 4 ] DEBUG TilesetLoader        - Loading view for layer cliff
08:01:51.475 [FXGL Background Thread 4 ] DEBUG TilesetLoader        - Created buffer with size 512.0x1024.0
08:01:51.478 [FXGL Background Thread 4 ] DEBUG TilesetLoader        - Loading view for layer cliff1
08:01:51.479 [FXGL Background Thread 4 ] DEBUG TilesetLoader        - Created buffer with size 512.0x1024.0
08:01:51.481 [FXGL Background Thread 4 ] DEBUG TilesetLoader        - Loading view for layer cliff2
08:01:51.482 [FXGL Background Thread 4 ] DEBUG TilesetLoader        - Created buffer with size 512.0x1024.0
08:01:51.485 [FXGL Background Thread 4 ] DEBUG TilesetLoader        - Loading view for layer Tile Layer 3
08:01:51.485 [FXGL Background Thread 4 ] DEBUG TilesetLoader        - Created buffer with size 512.0x1024.0
08:01:51.486 [FXGL Background Thread 4 ] DEBUG TilesetLoader        - Loading view for layer Tile Layer 6
08:01:51.486 [FXGL Background Thread 4 ] DEBUG TilesetLoader        - Created buffer with size 512.0x1024.0
08:01:51.554 [FXGL Background Thread 4 ] DEBUG TilesetLoader        - Loading view for layer prop
08:01:51.554 [FXGL Background Thread 4 ] DEBUG TilesetLoader        - Created buffer with size 512.0x1024.0
08:01:51.555 [FXGL Background Thread 4 ] DEBUG TMXLevelLoader       - Creating object layer entities
08:01:51.592 [FXGL Background Thread 4 ] DEBUG FXGLAssetLoaderServi - Loading from file system: file:/C:/Users/Lenovo/ProjectJava3.0/myproject/myproject/target/classes/assets/textures/Rafflesia.png
08:01:51.611 [FXGL Background Thread 4 ] WARN  TMXLevelLoader       - TiledMap generated from 1.11.2. Supported version: 1.9.0. Some features may not be parsed fully.
08:01:51.623 [FXGL Background Thread 4 ] DEBUG TMXLevelLoader       - Parsed TiledMap: file:/C:/Users/Lenovo/ProjectJava3.0/myproject/myproject/target/classes/assets/levels/scene1.tmx
08:01:51.623 [FXGL Background Thread 4 ] DEBUG TMXLevelLoader       - Creating tile layer entities
08:01:51.625 [FXGL Background Thread 4 ] DEBUG TilesetLoader        - Loading view for layer lowefloor
08:01:51.625 [FXGL Background Thread 4 ] DEBUG TilesetLoader        - Created buffer with size 512.0x1024.0
08:01:51.649 [FXGL Background Thread 4 ] DEBUG TilesetLoader        - Loading view for layer cliff
08:01:51.650 [FXGL Background Thread 4 ] DEBUG TilesetLoader        - Created buffer with size 512.0x1024.0
08:01:51.651 [FXGL Background Thread 4 ] DEBUG TilesetLoader        - Loading view for layer cliff1
08:01:51.651 [FXGL Background Thread 4 ] DEBUG TilesetLoader        - Created buffer with size 512.0x1024.0
08:01:51.652 [FXGL Background Thread 4 ] DEBUG TilesetLoader        - Loading view for layer cliff2
08:01:51.653 [FXGL Background Thread 4 ] DEBUG TilesetLoader        - Created buffer with size 512.0x1024.0
08:01:51.654 [FXGL Background Thread 4 ] DEBUG TilesetLoader        - Loading view for layer Tile Layer 3
08:01:51.654 [FXGL Background Thread 4 ] DEBUG TilesetLoader        - Created buffer with size 512.0x1024.0
08:01:51.655 [FXGL Background Thread 4 ] DEBUG TilesetLoader        - Loading view for layer Tile Layer 6
08:01:51.656 [FXGL Background Thread 4 ] DEBUG TilesetLoader        - Created buffer with size 512.0x1024.0
08:01:51.701 [FXGL Background Thread 4 ] DEBUG TilesetLoader        - Loading view for layer prop
08:01:51.702 [FXGL Background Thread 4 ] DEBUG TilesetLoader        - Created buffer with size 512.0x1024.0
08:01:51.703 [FXGL Background Thread 4 ] DEBUG TMXLevelLoader       - Creating object layer entities
08:01:51.715 [FXGL Background Thread 4 ] DEBUG GameWorld            - Clearing removable entities
08:01:51.716 [FXGL Background Thread 4 ] DEBUG GameWorld            - Setting level: com.almasb.fxgl.entity.level.Level@4e015095
08:01:51.734 [FXGL Background Thread 4 ] DEBUG FXGLAssetLoaderServi - Loading from file system: file:/C:/Users/Lenovo/ProjectJava3.0/myproject/myproject/target/classes/assets/textures/Actor1.png
08:01:51.742 [FXGL Background Thread 4 ] INFO  FXGLApplication      - Game initialization took: 0.413 sec
08:01:51.743 [JavaFX Application Thread] DEBUG Input                - Clearing active input actions
08:01:51.754 [JavaFX Application Thread] DEBUG GameApplicationServi - Removing overlay from FXGLLoadingScene and adding to GameScene
08:01:51.758 [JavaFX Application Thread] DEBUG PrimaryStageWindow   - FXGLLoadingScene -> GameScene
08:01:54.180 [FXGL Background Thread 3 ] DEBUG Engine               - Logging environment variables
08:01:54.180 [FXGL Background Thread 3 ] DEBUG Engine               - achievements: []
08:01:54.180 [FXGL Background Thread 3 ] DEBUG Engine               - actualHeight: 864.0
08:01:54.180 [FXGL Background Thread 3 ] DEBUG Engine               - actualHeightProperty: ReadOnlyDoubleProperty [value: 864.0]
08:01:54.180 [FXGL Background Thread 3 ] DEBUG Engine               - actualWidth: 1536.0
08:01:54.180 [FXGL Background Thread 3 ] DEBUG Engine               - actualWidthProperty: ReadOnlyDoubleProperty [value: 1536.0]
08:01:54.180 [FXGL Background Thread 3 ] DEBUG Engine               - appIcon: fxgl_icon.png
08:01:54.181 [FXGL Background Thread 3 ] DEBUG Engine               - applicationMode: DEVELOPER
08:01:54.181 [FXGL Background Thread 3 ] DEBUG Engine               - cSSList: [fxgl_dark.css]
08:01:54.181 [FXGL Background Thread 3 ] DEBUG Engine               - collisionDetectionStrategy: BRUTE_FORCE
08:01:54.181 [FXGL Background Thread 3 ] DEBUG Engine               - configClass: Optional.empty
08:01:54.181 [FXGL Background Thread 3 ] DEBUG Engine               - credits: []
08:01:54.181 [FXGL Background Thread 3 ] DEBUG Engine               - defaultCursor: CursorInfo(imageName=fxgl_default_cursor.png, hotspotX=7.0, hotspotY=6.0)
08:01:54.181 [FXGL Background Thread 3 ] DEBUG Engine               - devBBoxColorProperty: ObjectProperty [value: 0xff0000ff]
08:01:54.181 [FXGL Background Thread 3 ] DEBUG Engine               - devEnableDebugCameraProperty: BooleanProperty [value: false]
08:01:54.181 [FXGL Background Thread 3 ] DEBUG Engine               - devSensorColorProperty: ObjectProperty [value: 0xffff00ff]
08:01:54.181 [FXGL Background Thread 3 ] DEBUG Engine               - devShowBBoxProperty: BooleanProperty [value: false]
08:01:54.181 [FXGL Background Thread 3 ] DEBUG Engine               - devShowPositionProperty: BooleanProperty [value: false]
08:01:54.181 [FXGL Background Thread 3 ] DEBUG Engine               - enabledMenuItems: []
08:01:54.182 [FXGL Background Thread 3 ] DEBUG Engine               - engineServices: [class com.almasb.fxgl.app.services.FXGLAssetLoaderService, class com.almasb.fxgl.app.FXGLApplication$GameApplicationService, class com.almasb.fxgl.app.services.FXGLDialogService, class com.almasb.fxgl.app.services.IOTaskExecutorService, class com.almasb.fxgl.io.FileSystemService, class com.almasb.fxgl.localization.LocalizationService, class com.almasb.fxgl.app.services.SystemBundleService, class com.almasb.fxgl.profile.SaveLoadService, class com.almasb.fxgl.ui.FXGLUIFactoryServiceProvider, class com.almasb.fxgl.ui.FXGLDialogFactoryServiceProvider, class com.almasb.fxgl.audio.AudioPlayer, class com.almasb.fxgl.notification.impl.NotificationServiceProvider, class com.almasb.fxgl.achievement.AchievementService, class com.almasb.fxgl.cutscene.CutsceneService, class com.almasb.fxgl.minigames.MiniGameService, class com.almasb.fxgl.net.NetService, class com.almasb.fxgl.app.services.UpdaterService, class com.almasb.fxgl.dev.DevService]
08:01:54.182 [FXGL Background Thread 3 ] DEBUG Engine               - fontGame: Abel-Regular.ttf
08:01:54.182 [FXGL Background Thread 3 ] DEBUG Engine               - fontMono: TerminalLandMono-Regular.otf
08:01:54.182 [FXGL Background Thread 3 ] DEBUG Engine               - fontSizeScaleUI: 1.0
08:01:54.182 [FXGL Background Thread 3 ] DEBUG Engine               - fontText: Courier-Prime.ttf
08:01:54.182 [FXGL Background Thread 3 ] DEBUG Engine               - fontUI: VarelaRound-Regular.ttf
08:01:54.182 [FXGL Background Thread 3 ] DEBUG Engine               - fullScreen: BooleanProperty [value: true]
08:01:54.182 [FXGL Background Thread 3 ] DEBUG Engine               - gameDifficulty: MEDIUM
08:01:54.182 [FXGL Background Thread 3 ] DEBUG Engine               - gameDifficultyProperty: ObjectProperty [value: MEDIUM]
08:01:54.182 [FXGL Background Thread 3 ] DEBUG Engine               - globalMusicVolume: 0.5
08:01:54.182 [FXGL Background Thread 3 ] DEBUG Engine               - globalMusicVolumeProperty: DoubleProperty [value: 0.5]
08:01:54.182 [FXGL Background Thread 3 ] DEBUG Engine               - globalSoundVolume: 0.5
08:01:54.182 [FXGL Background Thread 3 ] DEBUG Engine               - globalSoundVolumeProperty: DoubleProperty [value: 0.5]
08:01:54.182 [FXGL Background Thread 3 ] DEBUG Engine               - height: 720
08:01:54.182 [FXGL Background Thread 3 ] DEBUG Engine               - is3D: false
08:01:54.182 [FXGL Background Thread 3 ] DEBUG Engine               - isAndroid: false
08:01:54.182 [FXGL Background Thread 3 ] DEBUG Engine               - isBrowser: false
08:01:54.182 [FXGL Background Thread 3 ] DEBUG Engine               - isClickFeedbackEnabled: false
08:01:54.182 [FXGL Background Thread 3 ] DEBUG Engine               - isCloseConfirmation: false
08:01:54.182 [FXGL Background Thread 3 ] DEBUG Engine               - isDesktop: true
08:01:54.183 [FXGL Background Thread 3 ] DEBUG Engine               - isDeveloperMenuEnabled: true
08:01:54.183 [FXGL Background Thread 3 ] DEBUG Engine               - isEmbedded: false
08:01:54.183 [FXGL Background Thread 3 ] DEBUG Engine               - isEntityPreloadEnabled: true
08:01:54.183 [FXGL Background Thread 3 ] DEBUG Engine               - isExperimentalTiledLargeMap: false
08:01:54.183 [FXGL Background Thread 3 ] DEBUG Engine               - isFileSystemWriteAllowed: true
08:01:54.183 [FXGL Background Thread 3 ] DEBUG Engine               - isFullScreenAllowed: true
08:01:54.183 [FXGL Background Thread 3 ] DEBUG Engine               - isFullScreenFromStart: true
08:01:54.183 [FXGL Background Thread 3 ] DEBUG Engine               - isGameMenuEnabled: true
08:01:54.183 [FXGL Background Thread 3 ] DEBUG Engine               - isIOS: false
08:01:54.183 [FXGL Background Thread 3 ] DEBUG Engine               - isIntroEnabled: false
08:01:54.183 [FXGL Background Thread 3 ] DEBUG Engine               - isLinux: false
08:01:54.183 [FXGL Background Thread 3 ] DEBUG Engine               - isMac: false
08:01:54.183 [FXGL Background Thread 3 ] DEBUG Engine               - isMainMenuEnabled: false
08:01:54.183 [FXGL Background Thread 3 ] DEBUG Engine               - isManualResizeEnabled: false
08:01:54.183 [FXGL Background Thread 3 ] DEBUG Engine               - isMobile: false
08:01:54.183 [FXGL Background Thread 3 ] DEBUG Engine               - isNative: false
08:01:54.183 [FXGL Background Thread 3 ] DEBUG Engine               - isPauseMusicWhenMinimized: true
08:01:54.183 [FXGL Background Thread 3 ] DEBUG Engine               - isPreserveResizeRatio: false
08:01:54.183 [FXGL Background Thread 3 ] DEBUG Engine               - isProfilingEnabled: false
08:01:54.183 [FXGL Background Thread 3 ] DEBUG Engine               - isScaleAffectedOnResize: true
08:01:54.183 [FXGL Background Thread 3 ] DEBUG Engine               - isSingleStep: false
08:01:54.183 [FXGL Background Thread 3 ] DEBUG Engine               - isUserProfileEnabled: false
08:01:54.183 [FXGL Background Thread 3 ] DEBUG Engine               - isWindows: true
08:01:54.184 [FXGL Background Thread 3 ] DEBUG Engine               - language: ObjectProperty [value: ENGLISH]
08:01:54.184 [FXGL Background Thread 3 ] DEBUG Engine               - menuKey: ESCAPE
08:01:54.184 [FXGL Background Thread 3 ] DEBUG Engine               - mouseSensitivity: 0.2
08:01:54.184 [FXGL Background Thread 3 ] DEBUG Engine               - notificationViewClass: class com.almasb.fxgl.notification.view.XboxNotificationView
08:01:54.184 [FXGL Background Thread 3 ] DEBUG Engine               - pixelsPerMeter: 50.0
08:01:54.184 [FXGL Background Thread 3 ] DEBUG Engine               - platform: WINDOWS
08:01:54.184 [FXGL Background Thread 3 ] DEBUG Engine               - prefHeightProperty: ReadOnlyDoubleProperty [value: 720.0]
08:01:54.184 [FXGL Background Thread 3 ] DEBUG Engine               - prefWidthProperty: ReadOnlyDoubleProperty [value: 1280.0]
08:01:54.184 [FXGL Background Thread 3 ] DEBUG Engine               - profileDir: profiles/
08:01:54.184 [FXGL Background Thread 3 ] DEBUG Engine               - profileName: StringProperty [value: DEFAULT]
08:01:54.184 [FXGL Background Thread 3 ] DEBUG Engine               - randomSeed: -1
08:01:54.184 [FXGL Background Thread 3 ] DEBUG Engine               - runtimeInfo: RuntimeInfo(platform=WINDOWS, version=21.1, build=27.03.2024 07.52)
08:01:54.184 [FXGL Background Thread 3 ] DEBUG Engine               - saveFileExt: sav
08:01:54.184 [FXGL Background Thread 3 ] DEBUG Engine               - scaledHeightProp$fxgl: DoubleProperty [bound, value: 864.0]
08:01:54.184 [FXGL Background Thread 3 ] DEBUG Engine               - scaledWidthProp$fxgl: DoubleProperty [bound, value: 1536.0]
08:01:54.184 [FXGL Background Thread 3 ] DEBUG Engine               - sceneFactory: com.almasb.fxgl.app.scene.SceneFactory@23270a98
08:01:54.184 [FXGL Background Thread 3 ] DEBUG Engine               - secondsIn24h: 60
08:01:54.184 [FXGL Background Thread 3 ] DEBUG Engine               - soundMenuBack: menu/back.wav
08:01:54.184 [FXGL Background Thread 3 ] DEBUG Engine               - soundMenuPress: menu/press.wav
08:01:54.185 [FXGL Background Thread 3 ] DEBUG Engine               - soundMenuSelect: menu/select.wav
08:01:54.185 [FXGL Background Thread 3 ] DEBUG Engine               - soundNotification: core/notification.wav
08:01:54.185 [FXGL Background Thread 3 ] DEBUG Engine               - stageStyle: DECORATED
08:01:54.185 [FXGL Background Thread 3 ] DEBUG Engine               - supportedLanguages: [ENGLISH, FRENCH, GERMAN, HUNGARIAN, RUSSIAN]
08:01:54.185 [FXGL Background Thread 3 ] DEBUG Engine               - ticksPerSecond: -1
08:01:54.185 [FXGL Background Thread 3 ] DEBUG Engine               - title: Final Journey
08:01:54.185 [FXGL Background Thread 3 ] DEBUG Engine               - urlGithub: https://github.com/AlmasB/FXGL
08:01:54.185 [FXGL Background Thread 3 ] DEBUG Engine               - urlLeaderboard: http://fxgl-top.herokuapp.com/
08:01:54.185 [FXGL Background Thread 3 ] DEBUG Engine               - urlPOM: https://raw.githubusercontent.com/AlmasB/FXGL/release/README.md
08:01:54.185 [FXGL Background Thread 3 ] DEBUG Engine               - userAppClass: class com.project.App
08:01:54.185 [FXGL Background Thread 3 ] DEBUG Engine               - version: Alpha
08:01:54.185 [FXGL Background Thread 3 ] DEBUG Engine               - versionCheckDays: 7
08:01:54.185 [FXGL Background Thread 3 ] DEBUG Engine               - width: 1280
08:01:54.185 [FXGL Background Thread 3 ] DEBUG Engine               - Logging services
08:01:54.185 [FXGL Background Thread 3 ] DEBUG Engine               - class com.almasb.fxgl.app.services.FXGLAssetLoaderService
08:01:54.185 [FXGL Background Thread 3 ] DEBUG Engine               - class com.almasb.fxgl.app.FXGLApplication$GameApplicationService
08:01:54.185 [FXGL Background Thread 3 ] DEBUG Engine               - class com.almasb.fxgl.app.services.FXGLDialogService
08:01:54.185 [FXGL Background Thread 3 ] DEBUG Engine               - class com.almasb.fxgl.app.services.IOTaskExecutorService
08:01:54.185 [FXGL Background Thread 3 ] DEBUG Engine               - class com.almasb.fxgl.io.FileSystemService
08:01:54.185 [FXGL Background Thread 3 ] DEBUG Engine               - class com.almasb.fxgl.localization.LocalizationService
08:01:54.185 [FXGL Background Thread 3 ] DEBUG Engine               - class com.almasb.fxgl.app.services.SystemBundleService
08:01:54.185 [FXGL Background Thread 3 ] DEBUG Engine               - class com.almasb.fxgl.profile.SaveLoadService
08:01:54.185 [FXGL Background Thread 3 ] DEBUG Engine               - class com.almasb.fxgl.ui.FXGLUIFactoryServiceProvider
08:01:54.185 [FXGL Background Thread 3 ] DEBUG Engine               - class com.almasb.fxgl.ui.FXGLDialogFactoryServiceProvider
08:01:54.185 [FXGL Background Thread 3 ] DEBUG Engine               - class com.almasb.fxgl.audio.AudioPlayer
08:01:54.185 [FXGL Background Thread 3 ] DEBUG Engine               - class com.almasb.fxgl.notification.impl.NotificationServiceProvider
08:01:54.185 [FXGL Background Thread 3 ] DEBUG Engine               - class com.almasb.fxgl.achievement.AchievementService
08:01:54.185 [FXGL Background Thread 3 ] DEBUG Engine               - class com.almasb.fxgl.cutscene.CutsceneService
08:01:54.185 [FXGL Background Thread 3 ] DEBUG Engine               - class com.almasb.fxgl.minigames.MiniGameService
08:01:54.185 [FXGL Background Thread 3 ] DEBUG Engine               - class com.almasb.fxgl.net.NetService
08:01:54.185 [FXGL Background Thread 3 ] DEBUG Engine               - class com.almasb.fxgl.app.services.UpdaterService
08:01:54.185 [FXGL Background Thread 3 ] DEBUG Engine               - class com.almasb.fxgl.dev.DevService
08:01:54.562 [JavaFX Application Thread] DEBUG FXGLAssetLoaderServi - Loading from file system: file:/C:/Users/Lenovo/ProjectJava3.0/myproject/myproject/target/classes/assets/text/CutScene1.txt
08:01:54.568 [JavaFX Application Thread] DEBUG Input                - Registered new binding: Next RPG Line - Enter
08:01:54.569 [JavaFX Application Thread] DEBUG PrimaryStageWindow   - Push state: CutsceneScene
08:01:54.570 [JavaFX Application Thread] DEBUG Input                - Clearing active input actions
08:01:54.570 [JavaFX Application Thread] DEBUG GameApplicationServi - Removing overlay from GameScene and adding to CutsceneScene
08:01:54.572 [JavaFX Application Thread] DEBUG PrimaryStageWindow   - GameScene -> CutsceneScene
08:01:58.370 [JavaFX Application Thread] DEBUG PrimaryStageWindow   - Pop state: CutsceneScene
08:01:58.370 [JavaFX Application Thread] DEBUG Input                - Clearing active input actions
08:01:58.371 [JavaFX Application Thread] DEBUG GameApplicationServi - Removing overlay from CutsceneScene and adding to GameScene
08:01:58.373 [JavaFX Application Thread] DEBUG PrimaryStageWindow   - GameScene <- CutsceneScene
08:01:58.373 [JavaFX Application Thread] DEBUG EventBus             - Firing event: com.GameEvent.CombatScene[source=javafx.event.Event$$Lambda/0x00000280c71739e0@461c80d1]
08:01:58.376 [JavaFX Application Thread] WARN  TMXLevelLoader       - TiledMap generated from 1.11.2. Supported version: 1.9.0. Some features may not be parsed fully.
08:01:58.380 [JavaFX Application Thread] DEBUG TMXLevelLoader       - Parsed TiledMap: file:/C:/Users/Lenovo/ProjectJava3.0/myproject/myproject/target/classes/assets/levels/battle1.tmx
08:01:58.380 [JavaFX Application Thread] DEBUG TMXLevelLoader       - Creating tile layer entities
08:01:58.380 [JavaFX Application Thread] DEBUG TilesetLoader        - Loading view for layer Tile Layer 1
08:01:58.381 [JavaFX Application Thread] DEBUG TilesetLoader        - Created buffer with size 2048.0x1024.0
08:01:58.473 [JavaFX Application Thread] DEBUG TMXLevelLoader       - Creating object layer entities
08:01:58.476 [JavaFX Application Thread] DEBUG FXGLAssetLoaderServi - Loading from file system: file:/C:/Users/Lenovo/ProjectJava3.0/myproject/myproject/target/classes/assets/textures/Boss%20Dryad%20Queen%20Rafflesia.png
08:01:58.509 [JavaFX Application Thread] DEBUG FXGLAssetLoaderServi - Loading from file system: file:/C:/Users/Lenovo/ProjectJava3.0/myproject/myproject/target/classes/assets/textures/Reid.png
08:01:58.643 [JavaFX Application Thread] DEBUG FXGLAssetLoaderServi - Loading from file system: file:/C:/Users/Lenovo/ProjectJava3.0/myproject/myproject/target/classes/assets/textures/marsha.png
08:01:58.791 [JavaFX Application Thread] DEBUG GameWorld            - Clearing removable entities
08:01:58.799 [JavaFX Application Thread] DEBUG GameWorld            - Setting level: com.almasb.fxgl.entity.level.Level@41921899
08:01:58.803 [JavaFX Application Thread] WARN  TMXLevelLoader       - TiledMap generated from 1.11.2. Supported version: 1.9.0. Some features may not be parsed fully.
08:01:58.805 [JavaFX Application Thread] DEBUG TMXLevelLoader       - Parsed TiledMap: file:/C:/Users/Lenovo/ProjectJava3.0/myproject/myproject/target/classes/assets/levels/battle1.tmx
08:01:58.806 [JavaFX Application Thread] DEBUG TMXLevelLoader       - Creating tile layer entities
08:01:58.806 [JavaFX Application Thread] DEBUG TilesetLoader        - Loading view for layer Tile Layer 1
08:01:58.806 [JavaFX Application Thread] DEBUG TilesetLoader        - Created buffer with size 2048.0x1024.0
08:01:58.914 [JavaFX Application Thread] DEBUG TMXLevelLoader       - Creating object layer entities
08:02:13.549 [JavaFX Application Thread] DEBUG EventBus             - Firing event: com.GameEvent.BackMainScene[source=javafx.event.Event$$Lambda/0x00000280c71739e0@461c80d1]
08:02:13.552 [JavaFX Application Thread] WARN  TMXLevelLoader       - TiledMap generated from 1.11.2. Supported version: 1.9.0. Some features may not be parsed fully.
08:02:13.562 [JavaFX Application Thread] DEBUG TMXLevelLoader       - Parsed TiledMap: file:/C:/Users/Lenovo/ProjectJava3.0/myproject/myproject/target/classes/assets/levels/scene1.tmx
08:02:13.562 [JavaFX Application Thread] DEBUG TMXLevelLoader       - Creating tile layer entities
08:02:13.562 [JavaFX Application Thread] DEBUG TilesetLoader        - Loading view for layer lowefloor
08:02:13.563 [JavaFX Application Thread] DEBUG TilesetLoader        - Created buffer with size 512.0x1024.0
08:02:13.588 [JavaFX Application Thread] DEBUG TilesetLoader        - Loading view for layer cliff
08:02:13.588 [JavaFX Application Thread] DEBUG TilesetLoader        - Created buffer with size 512.0x1024.0
08:02:13.589 [JavaFX Application Thread] DEBUG TilesetLoader        - Loading view for layer cliff1
08:02:13.589 [JavaFX Application Thread] DEBUG TilesetLoader        - Created buffer with size 512.0x1024.0
08:02:13.590 [JavaFX Application Thread] DEBUG TilesetLoader        - Loading view for layer cliff2
08:02:13.590 [JavaFX Application Thread] DEBUG TilesetLoader        - Created buffer with size 512.0x1024.0
08:02:13.590 [JavaFX Application Thread] DEBUG TilesetLoader        - Loading view for layer Tile Layer 3
08:02:13.591 [JavaFX Application Thread] DEBUG TilesetLoader        - Created buffer with size 512.0x1024.0
08:02:13.591 [JavaFX Application Thread] DEBUG TilesetLoader        - Loading view for layer Tile Layer 6
08:02:13.591 [JavaFX Application Thread] DEBUG TilesetLoader        - Created buffer with size 512.0x1024.0
08:02:13.632 [JavaFX Application Thread] DEBUG TilesetLoader        - Loading view for layer prop
08:02:13.633 [JavaFX Application Thread] DEBUG TilesetLoader        - Created buffer with size 512.0x1024.0
08:02:13.633 [JavaFX Application Thread] DEBUG TMXLevelLoader       - Creating object layer entities
08:02:13.638 [JavaFX Application Thread] DEBUG GameWorld            - Clearing removable entities
08:02:13.638 [JavaFX Application Thread] DEBUG GameWorld            - Setting level: com.almasb.fxgl.entity.level.Level@73722c6e
08:02:13.642 [JavaFX Application Thread] WARN  TMXLevelLoader       - TiledMap generated from 1.11.2. Supported version: 1.9.0. Some features may not be parsed fully.
08:02:13.647 [JavaFX Application Thread] DEBUG TMXLevelLoader       - Parsed TiledMap: file:/C:/Users/Lenovo/ProjectJava3.0/myproject/myproject/target/classes/assets/levels/scene1.tmx
08:02:13.647 [JavaFX Application Thread] DEBUG TMXLevelLoader       - Creating tile layer entities
08:02:13.647 [JavaFX Application Thread] DEBUG TilesetLoader        - Loading view for layer lowefloor
08:02:13.648 [JavaFX Application Thread] DEBUG TilesetLoader        - Created buffer with size 512.0x1024.0
08:02:13.667 [JavaFX Application Thread] DEBUG TilesetLoader        - Loading view for layer cliff
08:02:13.667 [JavaFX Application Thread] DEBUG TilesetLoader        - Created buffer with size 512.0x1024.0
08:02:13.668 [JavaFX Application Thread] DEBUG TilesetLoader        - Loading view for layer cliff1
08:02:13.669 [JavaFX Application Thread] DEBUG TilesetLoader        - Created buffer with size 512.0x1024.0
08:02:13.669 [JavaFX Application Thread] DEBUG TilesetLoader        - Loading view for layer cliff2
08:02:13.670 [JavaFX Application Thread] DEBUG TilesetLoader        - Created buffer with size 512.0x1024.0
08:02:13.670 [JavaFX Application Thread] DEBUG TilesetLoader        - Loading view for layer Tile Layer 3
08:02:13.670 [JavaFX Application Thread] DEBUG TilesetLoader        - Created buffer with size 512.0x1024.0
08:02:13.671 [JavaFX Application Thread] DEBUG TilesetLoader        - Loading view for layer Tile Layer 6
08:02:13.671 [JavaFX Application Thread] DEBUG TilesetLoader        - Created buffer with size 512.0x1024.0
08:02:13.713 [JavaFX Application Thread] DEBUG TilesetLoader        - Loading view for layer prop
08:02:13.714 [JavaFX Application Thread] DEBUG TilesetLoader        - Created buffer with size 512.0x1024.0
08:02:13.714 [JavaFX Application Thread] DEBUG TMXLevelLoader       - Creating object layer entities
08:02:16.547 [JavaFX Application Thread] DEBUG EventBus             - Firing event: com.GameEvent.NextScene[source=javafx.event.Event$$Lambda/0x00000280c71739e0@461c80d1]
08:02:16.548 [JavaFX Application Thread] WARN  TMXLevelLoader       - TiledMap generated from 1.11.2. Supported version: 1.9.0. Some features may not be parsed fully.
08:02:16.551 [JavaFX Application Thread] DEBUG TMXLevelLoader       - Parsed TiledMap: file:/C:/Users/Lenovo/ProjectJava3.0/myproject/myproject/target/classes/assets/levels/scene2.tmx
08:02:16.551 [JavaFX Application Thread] DEBUG TMXLevelLoader       - Creating tile layer entities
08:02:16.551 [JavaFX Application Thread] DEBUG TilesetLoader        - Loading view for layer Tile Layer 1
08:02:16.553 [JavaFX Application Thread] DEBUG TilesetLoader        - Created buffer with size 1024.0x1024.0
08:02:16.623 [JavaFX Application Thread] DEBUG TMXLevelLoader       - Creating object layer entities
08:02:16.627 [JavaFX Application Thread] DEBUG FXGLAssetLoaderServi - Loading from file system: file:/C:/Users/Lenovo/ProjectJava3.0/myproject/myproject/target/classes/assets/textures/CultistAni.png
08:02:16.629 [JavaFX Application Thread] DEBUG GameWorld            - Clearing removable entities
08:02:16.631 [JavaFX Application Thread] DEBUG GameWorld            - Setting level: com.almasb.fxgl.entity.level.Level@70140151
08:02:16.633 [JavaFX Application Thread] WARN  TMXLevelLoader       - TiledMap generated from 1.11.2. Supported version: 1.9.0. Some features may not be parsed fully.
08:02:16.635 [JavaFX Application Thread] DEBUG TMXLevelLoader       - Parsed TiledMap: file:/C:/Users/Lenovo/ProjectJava3.0/myproject/myproject/target/classes/assets/levels/scene2.tmx
08:02:16.635 [JavaFX Application Thread] DEBUG TMXLevelLoader       - Creating tile layer entities
08:02:16.635 [JavaFX Application Thread] DEBUG TilesetLoader        - Loading view for layer Tile Layer 1
08:02:16.636 [JavaFX Application Thread] DEBUG TilesetLoader        - Created buffer with size 1024.0x1024.0
08:02:16.703 [JavaFX Application Thread] DEBUG TMXLevelLoader       - Creating object layer entities
08:02:18.449 [JavaFX Application Thread] DEBUG FXGLAssetLoaderServi - Loading from file system: file:/C:/Users/Lenovo/ProjectJava3.0/myproject/myproject/target/classes/assets/text/CutScene2.txt
08:02:18.452 [JavaFX Application Thread] WARN  CutsceneScene        - Cannot parse, skipping: 1.ข้าเดินทางมานานเพื่อที่จะเข้าไปในปราสาทนี้... เจ้าคือผู้ที่เฝ้าประตูหรือ?
java.lang.StringIndexOutOfBoundsException: Range [0, -1) out of bounds for length 73
	at java.base/jdk.internal.util.Preconditions$1.apply(Preconditions.java:55)
	at java.base/jdk.internal.util.Preconditions$1.apply(Preconditions.java:52)
	at java.base/jdk.internal.util.Preconditions$4.apply(Preconditions.java:213)
	at java.base/jdk.internal.util.Preconditions$4.apply(Preconditions.java:210)
	at java.base/jdk.internal.util.Preconditions.outOfBounds(Preconditions.java:98)
	at java.base/jdk.internal.util.Preconditions.outOfBoundsCheckFromToIndex(Preconditions.java:112)
	at java.base/jdk.internal.util.Preconditions.checkFromToIndex(Preconditions.java:349)
	at java.base/java.lang.String.checkBoundsBeginEnd(String.java:4865)
	at java.base/java.lang.String.substring(String.java:2834)
	at com.almasb.fxgl.cutscene.CutsceneScene.parseLine(CutsceneScene.kt:180)
	at com.almasb.fxgl.cutscene.CutsceneScene.nextLine(CutsceneScene.kt:154)
	at com.almasb.fxgl.cutscene.CutsceneScene.parseLine(CutsceneScene.kt:164)
	at com.almasb.fxgl.cutscene.CutsceneScene.nextLine(CutsceneScene.kt:154)
	at com.almasb.fxgl.cutscene.CutsceneScene.parseLine(CutsceneScene.kt:164)
	at com.almasb.fxgl.cutscene.CutsceneScene.nextLine(CutsceneScene.kt:154)
	at com.almasb.fxgl.cutscene.CutsceneScene.parseLine(CutsceneScene.kt:188)
	at com.almasb.fxgl.cutscene.CutsceneScene.nextLine(CutsceneScene.kt:154)
	at com.almasb.fxgl.cutscene.CutsceneScene.parseLine(CutsceneScene.kt:188)
	at com.almasb.fxgl.cutscene.CutsceneScene.nextLine(CutsceneScene.kt:154)
	at com.almasb.fxgl.cutscene.CutsceneScene.parseLine(CutsceneScene.kt:188)
	at com.almasb.fxgl.cutscene.CutsceneScene.nextLine(CutsceneScene.kt:154)
	at com.almasb.fxgl.cutscene.CutsceneScene.start(CutsceneScene.kt:131)
	at com.almasb.fxgl.cutscene.CutsceneService.startCutscene(CutsceneService.kt:40)
	at com.Component.CharecterHero.InteractComponent.interact(InteractComponent.java:83)
	at com.project.App$5.onAction(App.java:275)
	at com.almasb.fxgl.input.UserAction.action$fxgl_core(UserAction.kt:38)
	at com.almasb.fxgl.input.Input.update(Input.kt:278)
	at com.almasb.fxgl.scene.Scene.update(Scene.kt:103)
	at com.almasb.fxgl.app.MainWindow$update$1.invoke(MainWindow.kt:121)
	at com.almasb.fxgl.app.MainWindow$update$1.invoke(MainWindow.kt:121)
	at com.almasb.fxgl.core.fsm.StateMachine.runOnActiveStates(StateMachine.kt:69)
	at com.almasb.fxgl.app.MainWindow.update(MainWindow.kt:121)
	at com.almasb.fxgl.app.FXGLApplication$GameApplicationService.onUpdate(FXGLApplication.kt:445)
	at com.almasb.fxgl.app.Engine.loop(Engine.kt:134)
	at com.almasb.fxgl.app.Engine.access$loop(Engine.kt:24)
	at com.almasb.fxgl.app.Engine$loop$1.invoke(Engine.kt:28)
	at com.almasb.fxgl.app.Engine$loop$1.invoke(Engine.kt:28)
	at com.almasb.fxgl.app.LoopRunner.frame(LoopRunner.kt:103)
	at com.almasb.fxgl.app.LoopRunner.access$frame(LoopRunner.kt:23)
	at com.almasb.fxgl.app.LoopRunner$impl$2$1.onTick(LoopRunner.kt:57)
	at com.almasb.fxgl.app.AnimationTimerLoop$timer$1.handle(LoopRunner.kt:137)
	at javafx.animation.AnimationTimer$AnimationTimerReceiver.lambda$handle$0(AnimationTimer.java:58)
	at java.base/java.security.AccessController.doPrivileged(AccessController.java:400)
	at javafx.animation.AnimationTimer$AnimationTimerReceiver.handle(AnimationTimer.java:57)
	at com.sun.scenario.animation.AbstractPrimaryTimer.timePulseImpl(AbstractPrimaryTimer.java:356)
	at com.sun.scenario.animation.AbstractPrimaryTimer$MainLoop.run(AbstractPrimaryTimer.java:266)
	at com.sun.javafx.tk.quantum.QuantumToolkit.pulse(QuantumToolkit.java:588)
	at com.sun.javafx.tk.quantum.QuantumToolkit.pulse(QuantumToolkit.java:572)
	at com.sun.javafx.tk.quantum.QuantumToolkit.pulseFromQueue(QuantumToolkit.java:565)
	at com.sun.javafx.tk.quantum.QuantumToolkit.lambda$runToolkit$11(QuantumToolkit.java:352)
	at com.sun.glass.ui.InvokeLaterDispatcher$Future.run(InvokeLaterDispatcher.java:95)
	at com.sun.glass.ui.win.WinApplication._runLoop(Native Method)
	at com.sun.glass.ui.win.WinApplication.lambda$runLoop$3(WinApplication.java:185)
	at java.base/java.lang.Thread.run(Thread.java:1583)

08:02:18.453 [JavaFX Application Thread] WARN  CutsceneScene        - Cannot parse, skipping: 2.เจ้ามาถึงที่นี่ได้อย่างไร? ผ่านมอนสเตอร์ที่เฝ้าประตูได้แล้วหรือ? นี่เป็นการทดสอบแรก แต่ข้าคือการทดสอบที่แท้จริง
java.lang.StringIndexOutOfBoundsException: Range [0, -1) out of bounds for length 111
	at java.base/jdk.internal.util.Preconditions$1.apply(Preconditions.java:55)
	at java.base/jdk.internal.util.Preconditions$1.apply(Preconditions.java:52)
	at java.base/jdk.internal.util.Preconditions$4.apply(Preconditions.java:213)
	at java.base/jdk.internal.util.Preconditions$4.apply(Preconditions.java:210)
	at java.base/jdk.internal.util.Preconditions.outOfBounds(Preconditions.java:98)
	at java.base/jdk.internal.util.Preconditions.outOfBoundsCheckFromToIndex(Preconditions.java:112)
	at java.base/jdk.internal.util.Preconditions.checkFromToIndex(Preconditions.java:349)
	at java.base/java.lang.String.checkBoundsBeginEnd(String.java:4865)
	at java.base/java.lang.String.substring(String.java:2834)
	at com.almasb.fxgl.cutscene.CutsceneScene.parseLine(CutsceneScene.kt:180)
	at com.almasb.fxgl.cutscene.CutsceneScene.nextLine(CutsceneScene.kt:154)
	at com.almasb.fxgl.cutscene.CutsceneScene.parseLine(CutsceneScene.kt:164)
	at com.almasb.fxgl.cutscene.CutsceneScene.nextLine(CutsceneScene.kt:154)
	at com.almasb.fxgl.cutscene.CutsceneScene.parseLine(CutsceneScene.kt:164)
	at com.almasb.fxgl.cutscene.CutsceneScene.nextLine(CutsceneScene.kt:154)
	at com.almasb.fxgl.cutscene.CutsceneScene.nextLine(CutsceneScene.kt:157)
	at com.almasb.fxgl.cutscene.CutsceneScene.parseLine(CutsceneScene.kt:164)
	at com.almasb.fxgl.cutscene.CutsceneScene.nextLine(CutsceneScene.kt:154)
	at com.almasb.fxgl.cutscene.CutsceneScene.parseLine(CutsceneScene.kt:164)
	at com.almasb.fxgl.cutscene.CutsceneScene.nextLine(CutsceneScene.kt:154)
	at com.almasb.fxgl.cutscene.CutsceneScene.parseLine(CutsceneScene.kt:188)
	at com.almasb.fxgl.cutscene.CutsceneScene.nextLine(CutsceneScene.kt:154)
	at com.almasb.fxgl.cutscene.CutsceneScene.parseLine(CutsceneScene.kt:188)
	at com.almasb.fxgl.cutscene.CutsceneScene.nextLine(CutsceneScene.kt:154)
	at com.almasb.fxgl.cutscene.CutsceneScene.parseLine(CutsceneScene.kt:188)
	at com.almasb.fxgl.cutscene.CutsceneScene.nextLine(CutsceneScene.kt:154)
	at com.almasb.fxgl.cutscene.CutsceneScene.start(CutsceneScene.kt:131)
	at com.almasb.fxgl.cutscene.CutsceneService.startCutscene(CutsceneService.kt:40)
	at com.Component.CharecterHero.InteractComponent.interact(InteractComponent.java:83)
	at com.project.App$5.onAction(App.java:275)
	at com.almasb.fxgl.input.UserAction.action$fxgl_core(UserAction.kt:38)
	at com.almasb.fxgl.input.Input.update(Input.kt:278)
	at com.almasb.fxgl.scene.Scene.update(Scene.kt:103)
	at com.almasb.fxgl.app.MainWindow$update$1.invoke(MainWindow.kt:121)
	at com.almasb.fxgl.app.MainWindow$update$1.invoke(MainWindow.kt:121)
	at com.almasb.fxgl.core.fsm.StateMachine.runOnActiveStates(StateMachine.kt:69)
	at com.almasb.fxgl.app.MainWindow.update(MainWindow.kt:121)
	at com.almasb.fxgl.app.FXGLApplication$GameApplicationService.onUpdate(FXGLApplication.kt:445)
	at com.almasb.fxgl.app.Engine.loop(Engine.kt:134)
	at com.almasb.fxgl.app.Engine.access$loop(Engine.kt:24)
	at com.almasb.fxgl.app.Engine$loop$1.invoke(Engine.kt:28)
	at com.almasb.fxgl.app.Engine$loop$1.invoke(Engine.kt:28)
	at com.almasb.fxgl.app.LoopRunner.frame(LoopRunner.kt:103)
	at com.almasb.fxgl.app.LoopRunner.access$frame(LoopRunner.kt:23)
	at com.almasb.fxgl.app.LoopRunner$impl$2$1.onTick(LoopRunner.kt:57)
	at com.almasb.fxgl.app.AnimationTimerLoop$timer$1.handle(LoopRunner.kt:137)
	at javafx.animation.AnimationTimer$AnimationTimerReceiver.lambda$handle$0(AnimationTimer.java:58)
	at java.base/java.security.AccessController.doPrivileged(AccessController.java:400)
	at javafx.animation.AnimationTimer$AnimationTimerReceiver.handle(AnimationTimer.java:57)
	at com.sun.scenario.animation.AbstractPrimaryTimer.timePulseImpl(AbstractPrimaryTimer.java:356)
	at com.sun.scenario.animation.AbstractPrimaryTimer$MainLoop.run(AbstractPrimaryTimer.java:266)
	at com.sun.javafx.tk.quantum.QuantumToolkit.pulse(QuantumToolkit.java:588)
	at com.sun.javafx.tk.quantum.QuantumToolkit.pulse(QuantumToolkit.java:572)
	at com.sun.javafx.tk.quantum.QuantumToolkit.pulseFromQueue(QuantumToolkit.java:565)
	at com.sun.javafx.tk.quantum.QuantumToolkit.lambda$runToolkit$11(QuantumToolkit.java:352)
	at com.sun.glass.ui.InvokeLaterDispatcher$Future.run(InvokeLaterDispatcher.java:95)
	at com.sun.glass.ui.win.WinApplication._runLoop(Native Method)
	at com.sun.glass.ui.win.WinApplication.lambda$runLoop$3(WinApplication.java:185)
	at java.base/java.lang.Thread.run(Thread.java:1583)

08:02:18.455 [JavaFX Application Thread] WARN  CutsceneScene        - Cannot parse, skipping: 1.ข้าไม่กลัวการทดสอบใดๆ หากต้องการเข้าไป ข้าจะพิสูจน์ว่าเป็นผู้ที่คู่ควร
java.lang.StringIndexOutOfBoundsException: Range [0, -1) out of bounds for length 70
	at java.base/jdk.internal.util.Preconditions$1.apply(Preconditions.java:55)
	at java.base/jdk.internal.util.Preconditions$1.apply(Preconditions.java:52)
	at java.base/jdk.internal.util.Preconditions$4.apply(Preconditions.java:213)
	at java.base/jdk.internal.util.Preconditions$4.apply(Preconditions.java:210)
	at java.base/jdk.internal.util.Preconditions.outOfBounds(Preconditions.java:98)
	at java.base/jdk.internal.util.Preconditions.outOfBoundsCheckFromToIndex(Preconditions.java:112)
	at java.base/jdk.internal.util.Preconditions.checkFromToIndex(Preconditions.java:349)
	at java.base/java.lang.String.checkBoundsBeginEnd(String.java:4865)
	at java.base/java.lang.String.substring(String.java:2834)
	at com.almasb.fxgl.cutscene.CutsceneScene.parseLine(CutsceneScene.kt:180)
	at com.almasb.fxgl.cutscene.CutsceneScene.nextLine(CutsceneScene.kt:154)
	at com.almasb.fxgl.cutscene.CutsceneScene.parseLine(CutsceneScene.kt:164)
	at com.almasb.fxgl.cutscene.CutsceneScene.nextLine(CutsceneScene.kt:154)
	at com.almasb.fxgl.cutscene.CutsceneScene.parseLine(CutsceneScene.kt:164)
	at com.almasb.fxgl.cutscene.CutsceneScene.nextLine(CutsceneScene.kt:154)
	at com.almasb.fxgl.cutscene.CutsceneScene.nextLine(CutsceneScene.kt:157)
	at com.almasb.fxgl.cutscene.CutsceneScene.parseLine(CutsceneScene.kt:164)
	at com.almasb.fxgl.cutscene.CutsceneScene.nextLine(CutsceneScene.kt:154)
	at com.almasb.fxgl.cutscene.CutsceneScene.parseLine(CutsceneScene.kt:164)
	at com.almasb.fxgl.cutscene.CutsceneScene.nextLine(CutsceneScene.kt:154)
	at com.almasb.fxgl.cutscene.CutsceneScene.nextLine(CutsceneScene.kt:157)
	at com.almasb.fxgl.cutscene.CutsceneScene.parseLine(CutsceneScene.kt:164)
	at com.almasb.fxgl.cutscene.CutsceneScene.nextLine(CutsceneScene.kt:154)
	at com.almasb.fxgl.cutscene.CutsceneScene.parseLine(CutsceneScene.kt:164)
	at com.almasb.fxgl.cutscene.CutsceneScene.nextLine(CutsceneScene.kt:154)
	at com.almasb.fxgl.cutscene.CutsceneScene.parseLine(CutsceneScene.kt:188)
	at com.almasb.fxgl.cutscene.CutsceneScene.nextLine(CutsceneScene.kt:154)
	at com.almasb.fxgl.cutscene.CutsceneScene.parseLine(CutsceneScene.kt:188)
	at com.almasb.fxgl.cutscene.CutsceneScene.nextLine(CutsceneScene.kt:154)
	at com.almasb.fxgl.cutscene.CutsceneScene.parseLine(CutsceneScene.kt:188)
	at com.almasb.fxgl.cutscene.CutsceneScene.nextLine(CutsceneScene.kt:154)
	at com.almasb.fxgl.cutscene.CutsceneScene.start(CutsceneScene.kt:131)
	at com.almasb.fxgl.cutscene.CutsceneService.startCutscene(CutsceneService.kt:40)
	at com.Component.CharecterHero.InteractComponent.interact(InteractComponent.java:83)
	at com.project.App$5.onAction(App.java:275)
	at com.almasb.fxgl.input.UserAction.action$fxgl_core(UserAction.kt:38)
	at com.almasb.fxgl.input.Input.update(Input.kt:278)
	at com.almasb.fxgl.scene.Scene.update(Scene.kt:103)
	at com.almasb.fxgl.app.MainWindow$update$1.invoke(MainWindow.kt:121)
	at com.almasb.fxgl.app.MainWindow$update$1.invoke(MainWindow.kt:121)
	at com.almasb.fxgl.core.fsm.StateMachine.runOnActiveStates(StateMachine.kt:69)
	at com.almasb.fxgl.app.MainWindow.update(MainWindow.kt:121)
	at com.almasb.fxgl.app.FXGLApplication$GameApplicationService.onUpdate(FXGLApplication.kt:445)
	at com.almasb.fxgl.app.Engine.loop(Engine.kt:134)
	at com.almasb.fxgl.app.Engine.access$loop(Engine.kt:24)
	at com.almasb.fxgl.app.Engine$loop$1.invoke(Engine.kt:28)
	at com.almasb.fxgl.app.Engine$loop$1.invoke(Engine.kt:28)
	at com.almasb.fxgl.app.LoopRunner.frame(LoopRunner.kt:103)
	at com.almasb.fxgl.app.LoopRunner.access$frame(LoopRunner.kt:23)
	at com.almasb.fxgl.app.LoopRunner$impl$2$1.onTick(LoopRunner.kt:57)
	at com.almasb.fxgl.app.AnimationTimerLoop$timer$1.handle(LoopRunner.kt:137)
	at javafx.animation.AnimationTimer$AnimationTimerReceiver.lambda$handle$0(AnimationTimer.java:58)
	at java.base/java.security.AccessController.doPrivileged(AccessController.java:400)
	at javafx.animation.AnimationTimer$AnimationTimerReceiver.handle(AnimationTimer.java:57)
	at com.sun.scenario.animation.AbstractPrimaryTimer.timePulseImpl(AbstractPrimaryTimer.java:356)
	at com.sun.scenario.animation.AbstractPrimaryTimer$MainLoop.run(AbstractPrimaryTimer.java:266)
	at com.sun.javafx.tk.quantum.QuantumToolkit.pulse(QuantumToolkit.java:588)
	at com.sun.javafx.tk.quantum.QuantumToolkit.pulse(QuantumToolkit.java:572)
	at com.sun.javafx.tk.quantum.QuantumToolkit.pulseFromQueue(QuantumToolkit.java:565)
	at com.sun.javafx.tk.quantum.QuantumToolkit.lambda$runToolkit$11(QuantumToolkit.java:352)
	at com.sun.glass.ui.InvokeLaterDispatcher$Future.run(InvokeLaterDispatcher.java:95)
	at com.sun.glass.ui.win.WinApplication._runLoop(Native Method)
	at com.sun.glass.ui.win.WinApplication.lambda$runLoop$3(WinApplication.java:185)
	at java.base/java.lang.Thread.run(Thread.java:1583)

08:02:18.456 [JavaFX Application Thread] WARN  CutsceneScene        - Cannot parse, skipping: 2.ข้าไม่ได้เป็นแค่ผู้เฝ้าประตู... ข้าคือผู้ทดสอบที่แท้จริง เมื่อเจ้าต้องการผ่านไป จะต้องผ่านเวทย์มนต์ของข้าเสียก่อน
java.lang.StringIndexOutOfBoundsException: Range [0, -1) out of bounds for length 113
	at java.base/jdk.internal.util.Preconditions$1.apply(Preconditions.java:55)
	at java.base/jdk.internal.util.Preconditions$1.apply(Preconditions.java:52)
	at java.base/jdk.internal.util.Preconditions$4.apply(Preconditions.java:213)
	at java.base/jdk.internal.util.Preconditions$4.apply(Preconditions.java:210)
	at java.base/jdk.internal.util.Preconditions.outOfBounds(Preconditions.java:98)
	at java.base/jdk.internal.util.Preconditions.outOfBoundsCheckFromToIndex(Preconditions.java:112)
	at java.base/jdk.internal.util.Preconditions.checkFromToIndex(Preconditions.java:349)
	at java.base/java.lang.String.checkBoundsBeginEnd(String.java:4865)
	at java.base/java.lang.String.substring(String.java:2834)
	at com.almasb.fxgl.cutscene.CutsceneScene.parseLine(CutsceneScene.kt:180)
	at com.almasb.fxgl.cutscene.CutsceneScene.nextLine(CutsceneScene.kt:154)
	at com.almasb.fxgl.cutscene.CutsceneScene.parseLine(CutsceneScene.kt:164)
	at com.almasb.fxgl.cutscene.CutsceneScene.nextLine(CutsceneScene.kt:154)
	at com.almasb.fxgl.cutscene.CutsceneScene.parseLine(CutsceneScene.kt:164)
	at com.almasb.fxgl.cutscene.CutsceneScene.nextLine(CutsceneScene.kt:154)
	at com.almasb.fxgl.cutscene.CutsceneScene.nextLine(CutsceneScene.kt:157)
	at com.almasb.fxgl.cutscene.CutsceneScene.parseLine(CutsceneScene.kt:164)
	at com.almasb.fxgl.cutscene.CutsceneScene.nextLine(CutsceneScene.kt:154)
	at com.almasb.fxgl.cutscene.CutsceneScene.parseLine(CutsceneScene.kt:164)
	at com.almasb.fxgl.cutscene.CutsceneScene.nextLine(CutsceneScene.kt:154)
	at com.almasb.fxgl.cutscene.CutsceneScene.nextLine(CutsceneScene.kt:157)
	at com.almasb.fxgl.cutscene.CutsceneScene.parseLine(CutsceneScene.kt:164)
	at com.almasb.fxgl.cutscene.CutsceneScene.nextLine(CutsceneScene.kt:154)
	at com.almasb.fxgl.cutscene.CutsceneScene.parseLine(CutsceneScene.kt:164)
	at com.almasb.fxgl.cutscene.CutsceneScene.nextLine(CutsceneScene.kt:154)
	at com.almasb.fxgl.cutscene.CutsceneScene.nextLine(CutsceneScene.kt:157)
	at com.almasb.fxgl.cutscene.CutsceneScene.parseLine(CutsceneScene.kt:164)
	at com.almasb.fxgl.cutscene.CutsceneScene.nextLine(CutsceneScene.kt:154)
	at com.almasb.fxgl.cutscene.CutsceneScene.parseLine(CutsceneScene.kt:164)
	at com.almasb.fxgl.cutscene.CutsceneScene.nextLine(CutsceneScene.kt:154)
	at com.almasb.fxgl.cutscene.CutsceneScene.parseLine(CutsceneScene.kt:188)
	at com.almasb.fxgl.cutscene.CutsceneScene.nextLine(CutsceneScene.kt:154)
	at com.almasb.fxgl.cutscene.CutsceneScene.parseLine(CutsceneScene.kt:188)
	at com.almasb.fxgl.cutscene.CutsceneScene.nextLine(CutsceneScene.kt:154)
	at com.almasb.fxgl.cutscene.CutsceneScene.parseLine(CutsceneScene.kt:188)
	at com.almasb.fxgl.cutscene.CutsceneScene.nextLine(CutsceneScene.kt:154)
	at com.almasb.fxgl.cutscene.CutsceneScene.start(CutsceneScene.kt:131)
	at com.almasb.fxgl.cutscene.CutsceneService.startCutscene(CutsceneService.kt:40)
	at com.Component.CharecterHero.InteractComponent.interact(InteractComponent.java:83)
	at com.project.App$5.onAction(App.java:275)
	at com.almasb.fxgl.input.UserAction.action$fxgl_core(UserAction.kt:38)
	at com.almasb.fxgl.input.Input.update(Input.kt:278)
	at com.almasb.fxgl.scene.Scene.update(Scene.kt:103)
	at com.almasb.fxgl.app.MainWindow$update$1.invoke(MainWindow.kt:121)
	at com.almasb.fxgl.app.MainWindow$update$1.invoke(MainWindow.kt:121)
	at com.almasb.fxgl.core.fsm.StateMachine.runOnActiveStates(StateMachine.kt:69)
	at com.almasb.fxgl.app.MainWindow.update(MainWindow.kt:121)
	at com.almasb.fxgl.app.FXGLApplication$GameApplicationService.onUpdate(FXGLApplication.kt:445)
	at com.almasb.fxgl.app.Engine.loop(Engine.kt:134)
	at com.almasb.fxgl.app.Engine.access$loop(Engine.kt:24)
	at com.almasb.fxgl.app.Engine$loop$1.invoke(Engine.kt:28)
	at com.almasb.fxgl.app.Engine$loop$1.invoke(Engine.kt:28)
	at com.almasb.fxgl.app.LoopRunner.frame(LoopRunner.kt:103)
	at com.almasb.fxgl.app.LoopRunner.access$frame(LoopRunner.kt:23)
	at com.almasb.fxgl.app.LoopRunner$impl$2$1.onTick(LoopRunner.kt:57)
	at com.almasb.fxgl.app.AnimationTimerLoop$timer$1.handle(LoopRunner.kt:137)
	at javafx.animation.AnimationTimer$AnimationTimerReceiver.lambda$handle$0(AnimationTimer.java:58)
	at java.base/java.security.AccessController.doPrivileged(AccessController.java:400)
	at javafx.animation.AnimationTimer$AnimationTimerReceiver.handle(AnimationTimer.java:57)
	at com.sun.scenario.animation.AbstractPrimaryTimer.timePulseImpl(AbstractPrimaryTimer.java:356)
	at com.sun.scenario.animation.AbstractPrimaryTimer$MainLoop.run(AbstractPrimaryTimer.java:266)
	at com.sun.javafx.tk.quantum.QuantumToolkit.pulse(QuantumToolkit.java:588)
	at com.sun.javafx.tk.quantum.QuantumToolkit.pulse(QuantumToolkit.java:572)
	at com.sun.javafx.tk.quantum.QuantumToolkit.pulseFromQueue(QuantumToolkit.java:565)
	at com.sun.javafx.tk.quantum.QuantumToolkit.lambda$runToolkit$11(QuantumToolkit.java:352)
	at com.sun.glass.ui.InvokeLaterDispatcher$Future.run(InvokeLaterDispatcher.java:95)
	at com.sun.glass.ui.win.WinApplication._runLoop(Native Method)
	at com.sun.glass.ui.win.WinApplication.lambda$runLoop$3(WinApplication.java:185)
	at java.base/java.lang.Thread.run(Thread.java:1583)

08:02:18.459 [JavaFX Application Thread] WARN  CutsceneScene        - Cannot parse, skipping: 1.แล้วข้าจะทำให้เจ้ารู้ว่า เวทมนตร์ไม่สามารถหยุดความกล้าหาญของข้าได้
java.lang.StringIndexOutOfBoundsException: Range [0, -1) out of bounds for length 66
	at java.base/jdk.internal.util.Preconditions$1.apply(Preconditions.java:55)
	at java.base/jdk.internal.util.Preconditions$1.apply(Preconditions.java:52)
	at java.base/jdk.internal.util.Preconditions$4.apply(Preconditions.java:213)
	at java.base/jdk.internal.util.Preconditions$4.apply(Preconditions.java:210)
	at java.base/jdk.internal.util.Preconditions.outOfBounds(Preconditions.java:98)
	at java.base/jdk.internal.util.Preconditions.outOfBoundsCheckFromToIndex(Preconditions.java:112)
	at java.base/jdk.internal.util.Preconditions.checkFromToIndex(Preconditions.java:349)
	at java.base/java.lang.String.checkBoundsBeginEnd(String.java:4865)
	at java.base/java.lang.String.substring(String.java:2834)
	at com.almasb.fxgl.cutscene.CutsceneScene.parseLine(CutsceneScene.kt:180)
	at com.almasb.fxgl.cutscene.CutsceneScene.nextLine(CutsceneScene.kt:154)
	at com.almasb.fxgl.cutscene.CutsceneScene.parseLine(CutsceneScene.kt:164)
	at com.almasb.fxgl.cutscene.CutsceneScene.nextLine(CutsceneScene.kt:154)
	at com.almasb.fxgl.cutscene.CutsceneScene.parseLine(CutsceneScene.kt:164)
	at com.almasb.fxgl.cutscene.CutsceneScene.nextLine(CutsceneScene.kt:154)
	at com.almasb.fxgl.cutscene.CutsceneScene.nextLine(CutsceneScene.kt:157)
	at com.almasb.fxgl.cutscene.CutsceneScene.parseLine(CutsceneScene.kt:164)
	at com.almasb.fxgl.cutscene.CutsceneScene.nextLine(CutsceneScene.kt:154)
	at com.almasb.fxgl.cutscene.CutsceneScene.parseLine(CutsceneScene.kt:164)
	at com.almasb.fxgl.cutscene.CutsceneScene.nextLine(CutsceneScene.kt:154)
	at com.almasb.fxgl.cutscene.CutsceneScene.nextLine(CutsceneScene.kt:157)
	at com.almasb.fxgl.cutscene.CutsceneScene.parseLine(CutsceneScene.kt:164)
	at com.almasb.fxgl.cutscene.CutsceneScene.nextLine(CutsceneScene.kt:154)
	at com.almasb.fxgl.cutscene.CutsceneScene.parseLine(CutsceneScene.kt:164)
	at com.almasb.fxgl.cutscene.CutsceneScene.nextLine(CutsceneScene.kt:154)
	at com.almasb.fxgl.cutscene.CutsceneScene.nextLine(CutsceneScene.kt:157)
	at com.almasb.fxgl.cutscene.CutsceneScene.parseLine(CutsceneScene.kt:164)
	at com.almasb.fxgl.cutscene.CutsceneScene.nextLine(CutsceneScene.kt:154)
	at com.almasb.fxgl.cutscene.CutsceneScene.parseLine(CutsceneScene.kt:164)
	at com.almasb.fxgl.cutscene.CutsceneScene.nextLine(CutsceneScene.kt:154)
	at com.almasb.fxgl.cutscene.CutsceneScene.nextLine(CutsceneScene.kt:157)
	at com.almasb.fxgl.cutscene.CutsceneScene.parseLine(CutsceneScene.kt:164)
	at com.almasb.fxgl.cutscene.CutsceneScene.nextLine(CutsceneScene.kt:154)
	at com.almasb.fxgl.cutscene.CutsceneScene.parseLine(CutsceneScene.kt:164)
	at com.almasb.fxgl.cutscene.CutsceneScene.nextLine(CutsceneScene.kt:154)
	at com.almasb.fxgl.cutscene.CutsceneScene.parseLine(CutsceneScene.kt:188)
	at com.almasb.fxgl.cutscene.CutsceneScene.nextLine(CutsceneScene.kt:154)
	at com.almasb.fxgl.cutscene.CutsceneScene.parseLine(CutsceneScene.kt:188)
	at com.almasb.fxgl.cutscene.CutsceneScene.nextLine(CutsceneScene.kt:154)
	at com.almasb.fxgl.cutscene.CutsceneScene.parseLine(CutsceneScene.kt:188)
	at com.almasb.fxgl.cutscene.CutsceneScene.nextLine(CutsceneScene.kt:154)
	at com.almasb.fxgl.cutscene.CutsceneScene.start(CutsceneScene.kt:131)
	at com.almasb.fxgl.cutscene.CutsceneService.startCutscene(CutsceneService.kt:40)
	at com.Component.CharecterHero.InteractComponent.interact(InteractComponent.java:83)
	at com.project.App$5.onAction(App.java:275)
	at com.almasb.fxgl.input.UserAction.action$fxgl_core(UserAction.kt:38)
	at com.almasb.fxgl.input.Input.update(Input.kt:278)
	at com.almasb.fxgl.scene.Scene.update(Scene.kt:103)
	at com.almasb.fxgl.app.MainWindow$update$1.invoke(MainWindow.kt:121)
	at com.almasb.fxgl.app.MainWindow$update$1.invoke(MainWindow.kt:121)
	at com.almasb.fxgl.core.fsm.StateMachine.runOnActiveStates(StateMachine.kt:69)
	at com.almasb.fxgl.app.MainWindow.update(MainWindow.kt:121)
	at com.almasb.fxgl.app.FXGLApplication$GameApplicationService.onUpdate(FXGLApplication.kt:445)
	at com.almasb.fxgl.app.Engine.loop(Engine.kt:134)
	at com.almasb.fxgl.app.Engine.access$loop(Engine.kt:24)
	at com.almasb.fxgl.app.Engine$loop$1.invoke(Engine.kt:28)
	at com.almasb.fxgl.app.Engine$loop$1.invoke(Engine.kt:28)
	at com.almasb.fxgl.app.LoopRunner.frame(LoopRunner.kt:103)
	at com.almasb.fxgl.app.LoopRunner.access$frame(LoopRunner.kt:23)
	at com.almasb.fxgl.app.LoopRunner$impl$2$1.onTick(LoopRunner.kt:57)
	at com.almasb.fxgl.app.AnimationTimerLoop$timer$1.handle(LoopRunner.kt:137)
	at javafx.animation.AnimationTimer$AnimationTimerReceiver.lambda$handle$0(AnimationTimer.java:58)
	at java.base/java.security.AccessController.doPrivileged(AccessController.java:400)
	at javafx.animation.AnimationTimer$AnimationTimerReceiver.handle(AnimationTimer.java:57)
	at com.sun.scenario.animation.AbstractPrimaryTimer.timePulseImpl(AbstractPrimaryTimer.java:356)
	at com.sun.scenario.animation.AbstractPrimaryTimer$MainLoop.run(AbstractPrimaryTimer.java:266)
	at com.sun.javafx.tk.quantum.QuantumToolkit.pulse(QuantumToolkit.java:588)
	at com.sun.javafx.tk.quantum.QuantumToolkit.pulse(QuantumToolkit.java:572)
	at com.sun.javafx.tk.quantum.QuantumToolkit.pulseFromQueue(QuantumToolkit.java:565)
	at com.sun.javafx.tk.quantum.QuantumToolkit.lambda$runToolkit$11(QuantumToolkit.java:352)
	at com.sun.glass.ui.InvokeLaterDispatcher$Future.run(InvokeLaterDispatcher.java:95)
	at com.sun.glass.ui.win.WinApplication._runLoop(Native Method)
	at com.sun.glass.ui.win.WinApplication.lambda$runLoop$3(WinApplication.java:185)
	at java.base/java.lang.Thread.run(Thread.java:1583)

08:02:18.460 [JavaFX Application Thread] DEBUG PrimaryStageWindow   - Push state: CutsceneScene
08:02:18.460 [JavaFX Application Thread] DEBUG Input                - Clearing active input actions
08:02:18.460 [JavaFX Application Thread] DEBUG GameApplicationServi - Removing overlay from GameScene and adding to CutsceneScene
08:02:18.461 [JavaFX Application Thread] DEBUG PrimaryStageWindow   - GameScene -> CutsceneScene
08:02:20.188 [JavaFX Application Thread] WARN  CutsceneScene        - Cannot parse, skipping: 2.เจ้าพร้อมแล้วหรือ? ให้ข้าได้เห็นความสามารถของเจ้า!
java.lang.StringIndexOutOfBoundsException: Range [0, -1) out of bounds for length 50
	at java.base/jdk.internal.util.Preconditions$1.apply(Preconditions.java:55)
	at java.base/jdk.internal.util.Preconditions$1.apply(Preconditions.java:52)
	at java.base/jdk.internal.util.Preconditions$4.apply(Preconditions.java:213)
	at java.base/jdk.internal.util.Preconditions$4.apply(Preconditions.java:210)
	at java.base/jdk.internal.util.Preconditions.outOfBounds(Preconditions.java:98)
	at java.base/jdk.internal.util.Preconditions.outOfBoundsCheckFromToIndex(Preconditions.java:112)
	at java.base/jdk.internal.util.Preconditions.checkFromToIndex(Preconditions.java:349)
	at java.base/java.lang.String.checkBoundsBeginEnd(String.java:4865)
	at java.base/java.lang.String.substring(String.java:2834)
	at com.almasb.fxgl.cutscene.CutsceneScene.parseLine(CutsceneScene.kt:180)
	at com.almasb.fxgl.cutscene.CutsceneScene.nextLine(CutsceneScene.kt:154)
	at com.almasb.fxgl.cutscene.CutsceneScene.access$nextLine(CutsceneScene.kt:33)
	at com.almasb.fxgl.cutscene.CutsceneScene$1.onActionBegin(CutsceneScene.kt:90)
	at com.almasb.fxgl.input.UserAction.begin$fxgl_core(UserAction.kt:37)
	at com.almasb.fxgl.input.Input.handlePressed(Input.kt:365)
	at com.almasb.fxgl.input.Input.onKeyEvent(Input.kt:308)
	at com.almasb.fxgl.app.PrimaryStageWindow$1$1.invoke(MainWindow.kt:314)
	at com.almasb.fxgl.app.PrimaryStageWindow$1$1.invoke(MainWindow.kt:314)
	at com.almasb.fxgl.core.fsm.StateMachine.runOnActiveStates(StateMachine.kt:69)
	at com.almasb.fxgl.app.PrimaryStageWindow$1.invoke(MainWindow.kt:314)
	at com.almasb.fxgl.app.PrimaryStageWindow$1.invoke(MainWindow.kt:312)
	at com.almasb.fxgl.app.MainWindow.addKeyHandler$lambda$1(MainWindow.kt:227)
	at com.sun.javafx.event.CompositeEventHandler$NormalEventHandlerRecord.handleBubblingEvent(CompositeEventHandler.java:247)
	at com.sun.javafx.event.CompositeEventHandler.dispatchBubblingEvent(CompositeEventHandler.java:80)
	at com.sun.javafx.event.EventHandlerManager.dispatchBubblingEvent(EventHandlerManager.java:232)
	at com.sun.javafx.event.EventHandlerManager.dispatchBubblingEvent(EventHandlerManager.java:189)
	at com.sun.javafx.event.CompositeEventDispatcher.dispatchBubblingEvent(CompositeEventDispatcher.java:59)
	at com.sun.javafx.event.BasicEventDispatcher.dispatchEvent(BasicEventDispatcher.java:58)
	at com.sun.javafx.event.EventDispatchChainImpl.dispatchEvent(EventDispatchChainImpl.java:114)
	at com.sun.javafx.event.BasicEventDispatcher.dispatchEvent(BasicEventDispatcher.java:56)
	at com.sun.javafx.event.EventDispatchChainImpl.dispatchEvent(EventDispatchChainImpl.java:114)
	at com.sun.javafx.event.EventUtil.fireEventImpl(EventUtil.java:74)
	at com.sun.javafx.event.EventUtil.fireEvent(EventUtil.java:54)
	at javafx.event.Event.fireEvent(Event.java:198)
	at javafx.scene.Scene.processKeyEvent(Scene.java:2194)
	at javafx.scene.Scene$ScenePeerListener.keyEvent(Scene.java:2715)
	at com.sun.javafx.tk.quantum.GlassViewEventHandler$KeyEventNotification.run(GlassViewEventHandler.java:218)
	at com.sun.javafx.tk.quantum.GlassViewEventHandler$KeyEventNotification.run(GlassViewEventHandler.java:150)
	at java.base/java.security.AccessController.doPrivileged(AccessController.java:400)
	at com.sun.javafx.tk.quantum.GlassViewEventHandler.lambda$handleKeyEvent$1(GlassViewEventHandler.java:250)
	at com.sun.javafx.tk.quantum.QuantumToolkit.runWithoutRenderLock(QuantumToolkit.java:424)
	at com.sun.javafx.tk.quantum.GlassViewEventHandler.handleKeyEvent(GlassViewEventHandler.java:249)
	at com.sun.glass.ui.View.handleKeyEvent(View.java:542)
	at com.sun.glass.ui.View.notifyKey(View.java:966)
	at com.sun.glass.ui.win.WinApplication._runLoop(Native Method)
	at com.sun.glass.ui.win.WinApplication.lambda$runLoop$3(WinApplication.java:185)
	at java.base/java.lang.Thread.run(Thread.java:1583)

08:02:20.190 [JavaFX Application Thread] WARN  CutsceneScene        - Cannot parse, skipping: 1.เข้ามาเลย!!
java.lang.StringIndexOutOfBoundsException: Range [0, -1) out of bounds for length 11
	at java.base/jdk.internal.util.Preconditions$1.apply(Preconditions.java:55)
	at java.base/jdk.internal.util.Preconditions$1.apply(Preconditions.java:52)
	at java.base/jdk.internal.util.Preconditions$4.apply(Preconditions.java:213)
	at java.base/jdk.internal.util.Preconditions$4.apply(Preconditions.java:210)
	at java.base/jdk.internal.util.Preconditions.outOfBounds(Preconditions.java:98)
	at java.base/jdk.internal.util.Preconditions.outOfBoundsCheckFromToIndex(Preconditions.java:112)
	at java.base/jdk.internal.util.Preconditions.checkFromToIndex(Preconditions.java:349)
	at java.base/java.lang.String.checkBoundsBeginEnd(String.java:4865)
	at java.base/java.lang.String.substring(String.java:2834)
	at com.almasb.fxgl.cutscene.CutsceneScene.parseLine(CutsceneScene.kt:180)
	at com.almasb.fxgl.cutscene.CutsceneScene.nextLine(CutsceneScene.kt:154)
	at com.almasb.fxgl.cutscene.CutsceneScene.parseLine(CutsceneScene.kt:164)
	at com.almasb.fxgl.cutscene.CutsceneScene.nextLine(CutsceneScene.kt:154)
	at com.almasb.fxgl.cutscene.CutsceneScene.parseLine(CutsceneScene.kt:164)
	at com.almasb.fxgl.cutscene.CutsceneScene.nextLine(CutsceneScene.kt:154)
	at com.almasb.fxgl.cutscene.CutsceneScene.nextLine(CutsceneScene.kt:157)
	at com.almasb.fxgl.cutscene.CutsceneScene.access$nextLine(CutsceneScene.kt:33)
	at com.almasb.fxgl.cutscene.CutsceneScene$1.onActionBegin(CutsceneScene.kt:90)
	at com.almasb.fxgl.input.UserAction.begin$fxgl_core(UserAction.kt:37)
	at com.almasb.fxgl.input.Input.handlePressed(Input.kt:365)
	at com.almasb.fxgl.input.Input.onKeyEvent(Input.kt:308)
	at com.almasb.fxgl.app.PrimaryStageWindow$1$1.invoke(MainWindow.kt:314)
	at com.almasb.fxgl.app.PrimaryStageWindow$1$1.invoke(MainWindow.kt:314)
	at com.almasb.fxgl.core.fsm.StateMachine.runOnActiveStates(StateMachine.kt:69)
	at com.almasb.fxgl.app.PrimaryStageWindow$1.invoke(MainWindow.kt:314)
	at com.almasb.fxgl.app.PrimaryStageWindow$1.invoke(MainWindow.kt:312)
	at com.almasb.fxgl.app.MainWindow.addKeyHandler$lambda$1(MainWindow.kt:227)
	at com.sun.javafx.event.CompositeEventHandler$NormalEventHandlerRecord.handleBubblingEvent(CompositeEventHandler.java:247)
	at com.sun.javafx.event.CompositeEventHandler.dispatchBubblingEvent(CompositeEventHandler.java:80)
	at com.sun.javafx.event.EventHandlerManager.dispatchBubblingEvent(EventHandlerManager.java:232)
	at com.sun.javafx.event.EventHandlerManager.dispatchBubblingEvent(EventHandlerManager.java:189)
	at com.sun.javafx.event.CompositeEventDispatcher.dispatchBubblingEvent(CompositeEventDispatcher.java:59)
	at com.sun.javafx.event.BasicEventDispatcher.dispatchEvent(BasicEventDispatcher.java:58)
	at com.sun.javafx.event.EventDispatchChainImpl.dispatchEvent(EventDispatchChainImpl.java:114)
	at com.sun.javafx.event.BasicEventDispatcher.dispatchEvent(BasicEventDispatcher.java:56)
	at com.sun.javafx.event.EventDispatchChainImpl.dispatchEvent(EventDispatchChainImpl.java:114)
	at com.sun.javafx.event.EventUtil.fireEventImpl(EventUtil.java:74)
	at com.sun.javafx.event.EventUtil.fireEvent(EventUtil.java:54)
	at javafx.event.Event.fireEvent(Event.java:198)
	at javafx.scene.Scene.processKeyEvent(Scene.java:2194)
	at javafx.scene.Scene$ScenePeerListener.keyEvent(Scene.java:2715)
	at com.sun.javafx.tk.quantum.GlassViewEventHandler$KeyEventNotification.run(GlassViewEventHandler.java:218)
	at com.sun.javafx.tk.quantum.GlassViewEventHandler$KeyEventNotification.run(GlassViewEventHandler.java:150)
	at java.base/java.security.AccessController.doPrivileged(AccessController.java:400)
	at com.sun.javafx.tk.quantum.GlassViewEventHandler.lambda$handleKeyEvent$1(GlassViewEventHandler.java:250)
	at com.sun.javafx.tk.quantum.QuantumToolkit.runWithoutRenderLock(QuantumToolkit.java:424)
	at com.sun.javafx.tk.quantum.GlassViewEventHandler.handleKeyEvent(GlassViewEventHandler.java:249)
	at com.sun.glass.ui.View.handleKeyEvent(View.java:542)
	at com.sun.glass.ui.View.notifyKey(View.java:966)
	at com.sun.glass.ui.win.WinApplication._runLoop(Native Method)
	at com.sun.glass.ui.win.WinApplication.lambda$runLoop$3(WinApplication.java:185)
	at java.base/java.lang.Thread.run(Thread.java:1583)

08:02:20.833 [JavaFX Application Thread] DEBUG PrimaryStageWindow   - Pop state: CutsceneScene
08:02:20.833 [JavaFX Application Thread] DEBUG Input                - Clearing active input actions
08:02:20.833 [JavaFX Application Thread] DEBUG GameApplicationServi - Removing overlay from CutsceneScene and adding to GameScene
08:02:20.834 [JavaFX Application Thread] DEBUG PrimaryStageWindow   - GameScene <- CutsceneScene
08:02:20.835 [JavaFX Application Thread] DEBUG EventBus             - Firing event: com.GameEvent.CombatScene[source=javafx.event.Event$$Lambda/0x00000280c71739e0@461c80d1]
08:02:20.837 [JavaFX Application Thread] WARN  TMXLevelLoader       - TiledMap generated from 1.11.2. Supported version: 1.9.0. Some features may not be parsed fully.
08:02:20.847 [JavaFX Application Thread] DEBUG TMXLevelLoader       - Parsed TiledMap: file:/C:/Users/Lenovo/ProjectJava3.0/myproject/myproject/target/classes/assets/levels/battle2.tmx
08:02:20.847 [JavaFX Application Thread] DEBUG TMXLevelLoader       - Creating tile layer entities
08:02:20.847 [JavaFX Application Thread] DEBUG TilesetLoader        - Loading view for layer Tile Layer 1
08:02:20.849 [JavaFX Application Thread] DEBUG TilesetLoader        - Created buffer with size 2048.0x1024.0
08:02:21.182 [JavaFX Application Thread] DEBUG TMXLevelLoader       - Creating object layer entities
08:02:21.184 [JavaFX Application Thread] DEBUG FXGLAssetLoaderServi - Loading from file system: file:/C:/Users/Lenovo/ProjectJava3.0/myproject/myproject/target/classes/assets/textures/Boss%20Thanatos.png
08:02:21.204 [JavaFX Application Thread] DEBUG FXGLAssetLoaderServi - Loading from file system: file:/C:/Users/Lenovo/ProjectJava3.0/myproject/myproject/target/classes/assets/textures/Cultist%20Mage.png
08:02:21.210 [JavaFX Application Thread] DEBUG GameWorld            - Clearing removable entities
08:02:21.211 [JavaFX Application Thread] DEBUG GameWorld            - Setting level: com.almasb.fxgl.entity.level.Level@27219800
08:02:21.212 [JavaFX Application Thread] WARN  TMXLevelLoader       - TiledMap generated from 1.11.2. Supported version: 1.9.0. Some features may not be parsed fully.
08:02:21.214 [JavaFX Application Thread] DEBUG TMXLevelLoader       - Parsed TiledMap: file:/C:/Users/Lenovo/ProjectJava3.0/myproject/myproject/target/classes/assets/levels/battle2.tmx
08:02:21.214 [JavaFX Application Thread] DEBUG TMXLevelLoader       - Creating tile layer entities
08:02:21.214 [JavaFX Application Thread] DEBUG TilesetLoader        - Loading view for layer Tile Layer 1
08:02:21.216 [JavaFX Application Thread] DEBUG TilesetLoader        - Created buffer with size 2048.0x1024.0
08:02:21.534 [JavaFX Application Thread] DEBUG TMXLevelLoader       - Creating object layer entities
08:02:32.553 [JavaFX Application Thread] DEBUG FXGLApplication      - Exiting FXGL
08:02:32.553 [JavaFX Application Thread] DEBUG LoopRunner           - Stopping loop
08:02:32.553 [JavaFX Application Thread] DEBUG SystemBundleService  - Saving FXGL system data
08:02:32.555 [JavaFX Application Thread] DEBUG FileSystemAccess     - Writing to: C:\Users\Lenovo\ProjectJava3.0\myproject\myproject\system\fxgl.bundle
08:02:32.557 [JavaFX Application Thread] DEBUG Async                - Shutting down background threads
08:02:32.557 [JavaFX Application Thread] DEBUG PrimaryStageWindow   - Closing main window
08:02:32.604 [JavaFX Application Thread] DEBUG Logger               - Closing Logger
