22:15:36.511 [main                     ] DEBUG Logger               - Configured Logger
22:15:36.530 [main                     ] DEBUG GameApplication      - Logging settings
Title: Final Journey
Version: Alpha
Width: 1280
Height: 720
Fullscreen: true
Intro: false
Profiling: false
Single step:false
App Mode: DEVELOPER
Menu Key: ESCAPE
Stage Style: DECORATED
Scene Factory: class com.almasb.fxgl.app.scene.SceneFactory

22:15:36.996 [JavaFX Application Thread] DEBUG FXGLApplication      - Initializing FXGL
22:15:36.999 [JavaFX Application Thread] INFO  Engine               - FXGL-21.1 (27.03.2024 07.52) on WINDOWS (J:21.0.5 FX:21.0.1)
22:15:37.000 [JavaFX Application Thread] DEBUG Engine               - JRE Vendor Name: Eclipse Adoptium
22:15:37.000 [JavaFX Application Thread] DEBUG Engine               - Running on OS: Windows 11 version 10.0
22:15:37.000 [JavaFX Application Thread] DEBUG Engine               - Architecture: amd64
22:15:37.000 [JavaFX Application Thread] INFO  Engine               - Source code and latest versions at: https://github.com/AlmasB/FXGL
22:15:37.000 [JavaFX Application Thread] INFO  Engine               -       Ask questions and discuss at: https://github.com/AlmasB/FXGL/discussions
22:15:37.000 [JavaFX Application Thread] INFO  Engine               -              Join the FXGL chat at: https://gitter.im/AlmasB/FXGL
22:15:37.102 [JavaFX Application Thread] DEBUG PrimaryStageWindow   - Creating a JavaFX scene
22:15:37.165 [JavaFX Application Thread] DEBUG PrimaryStageWindow   - Target settings size: 1280.0 x 720.0
22:15:37.165 [JavaFX Application Thread] DEBUG PrimaryStageWindow   - Scaled scene size:    1280.0 x 720.0
22:15:37.165 [JavaFX Application Thread] DEBUG PrimaryStageWindow   - Scaled ratio: (1.0, 1.0)
22:15:37.167 [JavaFX Application Thread] DEBUG PrimaryStageWindow   - Set initial scene to FXGLStartupScene
22:15:37.170 [JavaFX Application Thread] DEBUG PrimaryStageWindow   - Opening main window
22:15:37.259 [JavaFX Application Thread] DEBUG PrimaryStageWindow   - Window border size: (14.4000244140625, 37.5999755859375)
22:15:37.260 [JavaFX Application Thread] DEBUG PrimaryStageWindow   - Scaled size: 1280.0 x 720.0
22:15:37.260 [JavaFX Application Thread] DEBUG PrimaryStageWindow   - Scaled ratio: (1.0, 1.0)
22:15:37.260 [JavaFX Application Thread] DEBUG PrimaryStageWindow   - Scene size: 1280.0 x 720.0
22:15:37.260 [JavaFX Application Thread] DEBUG PrimaryStageWindow   - Stage size: 1294.4000244140625 x 757.5999755859375
22:15:37.361 [JavaFX Application Thread] DEBUG PrimaryStageWindow   - Going fullscreen
22:15:37.370 [FXGL Background Thread 1 ] DEBUG Engine               - Initializing environment variables
22:15:37.425 [FXGL Background Thread 1 ] DEBUG FXGLAssetLoaderServi - User app class for loading assets: class com.project.App
22:15:37.425 [FXGL Background Thread 1 ] DEBUG GameApplicationServi - Applying CSS: fxgl_dark.css
22:15:37.426 [FXGL Background Thread 1 ] DEBUG FXGLAssetLoaderServi - Loading from file system: jar:file:/C:/Users/Lenovo/.m2/repository/com/github/almasb/fxgl/21.1/fxgl-21.1.jar!/fxglassets/ui/css/fxgl_dark.css
22:15:37.462 [FXGL Background Thread 1 ] DEBUG GameApplicationServi - Initializing application scenes
22:15:37.508 [FXGL Background Thread 1 ] DEBUG GameWorld            - Game world initialized
22:15:37.570 [FXGL Background Thread 1 ] DEBUG PhysicsWorld         - Physics world initialized: appHeight=720, physics.ppm=50.0
22:15:37.570 [FXGL Background Thread 1 ] DEBUG PhysicsWorld         - Using strategy: BRUTE_FORCE
22:15:37.573 [FXGL Background Thread 1 ] DEBUG GameScene            - Game scene initialized: 1280x720
22:15:37.581 [FXGL Background Thread 1 ] DEBUG FXGL.DefaultMenu     - createMenuBodyGameMenu()
22:15:37.593 [FXGL Background Thread 1 ] DEBUG FXGL.DefaultMenu     - createOptionsMenu()
22:15:37.600 [FXGL Background Thread 1 ] DEBUG FXGLAssetLoaderServi - Loading from file system: jar:file:/C:/Users/Lenovo/.m2/repository/com/github/almasb/fxgl/21.1/fxgl-21.1.jar!/fxglassets/textures/particles/smoke.png
22:15:37.696 [FXGL Background Thread 1 ] DEBUG FXGLAssetLoaderServi - Loading from file system: jar:file:/C:/Users/Lenovo/.m2/repository/com/github/almasb/fxgl/21.1/fxgl-21.1.jar!/fxglassets/textures/particles/trace_horizontal.png
22:15:37.721 [FXGL Background Thread 1 ] DEBUG GameApplicationServi - Application scenes initialized
22:15:37.732 [FXGL Background Thread 1 ] DEBUG SystemBundleService  - Loading FXGL system data
22:15:37.736 [FXGL Background Thread 1 ] DEBUG FileSystemAccess     - Reading from: C:\Users\Lenovo\projectjava\myproject\myproject\system\fxgl.bundle
22:15:37.744 [FXGL Background Thread 1 ] DEBUG SystemBundleService  - Bundle FXGL: {}
22:15:37.744 [FXGL Background Thread 1 ] DEBUG UpdaterService       - Checking for updates
22:15:37.772 [FXGL Background Thread 4 ] DEBUG FXGLApplication      - Loading fonts
22:15:37.772 [FXGL Background Thread 4 ] DEBUG FXGLAssetLoaderServi - Loading from file system: jar:file:/C:/Users/Lenovo/.m2/repository/com/github/almasb/fxgl/21.1/fxgl-21.1.jar!/fxglassets/ui/fonts/VarelaRound-Regular.ttf
22:15:37.773 [FXGL Background Thread 1 ] DEBUG FXGLApplication      - Loading default localization
22:15:37.774 [FXGL Background Thread 1 ] DEBUG FXGLAssetLoaderServi - Loading from file system: jar:file:/C:/Users/Lenovo/.m2/repository/com/github/almasb/fxgl/21.1/fxgl-21.1.jar!/fxglassets/languages/english.lang
22:15:37.809 [FXGL Background Thread 1 ] INFO  FXGLApplication      - FXGL initialization took: 0.439 sec
22:15:37.810 [FXGL Background Thread 4 ] DEBUG FXGLAssetLoaderServi - Loading from file system: jar:file:/C:/Users/Lenovo/.m2/repository/com/github/almasb/fxgl/21.1/fxgl-21.1.jar!/fxglassets/ui/fonts/Abel-Regular.ttf
22:15:37.813 [FXGL Background Thread 4 ] DEBUG FXGLAssetLoaderServi - Loading from file system: jar:file:/C:/Users/Lenovo/.m2/repository/com/github/almasb/fxgl/21.1/fxgl-21.1.jar!/fxglassets/ui/fonts/TerminalLandMono-Regular.otf
22:15:37.818 [FXGL Background Thread 4 ] DEBUG FXGLAssetLoaderServi - Loading from file system: jar:file:/C:/Users/Lenovo/.m2/repository/com/github/almasb/fxgl/21.1/fxgl-21.1.jar!/fxglassets/ui/fonts/Courier-Prime.ttf
22:15:37.819 [JavaFX Application Thread] DEBUG Input                - Registered new binding: Right - D
22:15:37.820 [JavaFX Application Thread] DEBUG Input                - Registered new binding: Left - A
22:15:37.820 [JavaFX Application Thread] DEBUG Input                - Registered new binding: Up - W
22:15:37.820 [JavaFX Application Thread] DEBUG Input                - Registered new binding: Down - S
22:15:37.820 [JavaFX Application Thread] DEBUG Input                - Registered new binding: Interact - E
22:15:37.821 [JavaFX Application Thread] DEBUG FXGLAssetLoaderServi - Loading from file system: jar:file:/C:/Users/Lenovo/.m2/repository/com/github/almasb/fxgl/21.1/fxgl-21.1.jar!/fxglassets/textures/fxgl_icon.png
22:15:37.836 [JavaFX Application Thread] DEBUG FXGLAssetLoaderServi - Loading from file system: jar:file:/C:/Users/Lenovo/.m2/repository/com/github/almasb/fxgl/21.1/fxgl-21.1.jar!/fxglassets/textures/fxgl_default_cursor.png
22:15:37.839 [JavaFX Application Thread] DEBUG Input                - Registered new binding: Screenshot - CTRL+8
22:15:37.839 [JavaFX Application Thread] DEBUG Input                - Registered new binding: Dev Options - 1
22:15:37.840 [JavaFX Application Thread] DEBUG Input                - Registered new binding: Dev Console - 2
22:15:37.841 [JavaFX Application Thread] DEBUG Input                - Registered new binding: System info dump - CTRL+9
22:15:37.842 [JavaFX Application Thread] DEBUG Input                - Registered new binding: Restart - CTRL+R
22:15:37.844 [JavaFX Application Thread] DEBUG Input                - Registered new binding: Toggle Debug Camera - CTRL+7
22:15:37.850 [JavaFX Application Thread] DEBUG LoopRunner           - Starting loop
22:15:37.870 [JavaFX Application Thread] DEBUG LoopRunner           - Initializing JavaFX AnimationTimerLoop
22:15:37.872 [JavaFX Application Thread] DEBUG GameApplicationServi - Starting new game
22:15:37.872 [JavaFX Application Thread] DEBUG Input                - Clearing active input actions
22:15:37.883 [JavaFX Application Thread] DEBUG GameApplicationServi - Removing overlay from FXGLStartupScene and adding to FXGLLoadingScene
22:15:37.888 [JavaFX Application Thread] DEBUG PrimaryStageWindow   - FXGLStartupScene -> FXGLLoadingScene
22:15:37.888 [JavaFX Application Thread] DEBUG GameApplicationServi - Clearing previous game
22:15:37.888 [JavaFX Application Thread] DEBUG GameScene            - Clearing game scene
22:15:37.888 [JavaFX Application Thread] DEBUG GameWorld            - Clearing game world
22:15:37.888 [JavaFX Application Thread] DEBUG PhysicsWorld         - Clearing physics world
22:15:37.890 [FXGL Background Thread 4 ] DEBUG FXGLApplication      - Initializing game
22:15:37.890 [JavaFX Application Thread] DEBUG FXGLApplication      - Registering font factories with UI factory
22:15:37.943 [FXGL Background Thread 4 ] WARN  TMXLevelLoader       - TiledMap generated from 1.11.2. Supported version: 1.9.0. Some features may not be parsed fully.
22:15:37.965 [FXGL Background Thread 4 ] DEBUG TMXLevelLoader       - Parsed TiledMap: file:/C:/Users/Lenovo/projectjava/myproject/myproject/target/classes/assets/levels/scene1.tmx
22:15:37.967 [FXGL Background Thread 4 ] DEBUG TMXLevelLoader       - Creating tile layer entities
22:15:37.969 [FXGL Background Thread 4 ] DEBUG TilesetLoader        - Loading view for layer lowefloor
22:15:37.970 [FXGL Background Thread 4 ] DEBUG TilesetLoader        - Created buffer with size 512.0x1024.0
22:15:38.036 [FXGL Background Thread 4 ] DEBUG TilesetLoader        - Loading view for layer cliff
22:15:38.036 [FXGL Background Thread 4 ] DEBUG TilesetLoader        - Created buffer with size 512.0x1024.0
22:15:38.037 [FXGL Background Thread 4 ] DEBUG TilesetLoader        - Loading view for layer cliff1
22:15:38.039 [FXGL Background Thread 4 ] DEBUG TilesetLoader        - Created buffer with size 512.0x1024.0
22:15:38.041 [FXGL Background Thread 4 ] DEBUG TilesetLoader        - Loading view for layer cliff2
22:15:38.041 [FXGL Background Thread 4 ] DEBUG TilesetLoader        - Created buffer with size 512.0x1024.0
22:15:38.042 [FXGL Background Thread 4 ] DEBUG TilesetLoader        - Loading view for layer Tile Layer 3
22:15:38.042 [FXGL Background Thread 4 ] DEBUG TilesetLoader        - Created buffer with size 512.0x1024.0
22:15:38.044 [FXGL Background Thread 4 ] DEBUG TilesetLoader        - Loading view for layer Tile Layer 6
22:15:38.044 [FXGL Background Thread 4 ] DEBUG TilesetLoader        - Created buffer with size 512.0x1024.0
22:15:38.104 [FXGL Background Thread 4 ] DEBUG TilesetLoader        - Loading view for layer prop
22:15:38.105 [FXGL Background Thread 4 ] DEBUG TilesetLoader        - Created buffer with size 512.0x1024.0
22:15:38.106 [FXGL Background Thread 4 ] DEBUG TMXLevelLoader       - Creating object layer entities
22:15:38.141 [FXGL Background Thread 4 ] DEBUG FXGLAssetLoaderServi - Loading from file system: file:/C:/Users/Lenovo/projectjava/myproject/myproject/target/classes/assets/textures/Actor1.png
22:15:38.160 [FXGL Background Thread 4 ] DEBUG FXGLAssetLoaderServi - Loading from file system: file:/C:/Users/Lenovo/projectjava/myproject/myproject/target/classes/assets/textures/Rex.png
22:15:38.168 [FXGL Background Thread 4 ] WARN  TMXLevelLoader       - TiledMap generated from 1.11.2. Supported version: 1.9.0. Some features may not be parsed fully.
22:15:38.183 [FXGL Background Thread 4 ] DEBUG TMXLevelLoader       - Parsed TiledMap: file:/C:/Users/Lenovo/projectjava/myproject/myproject/target/classes/assets/levels/scene1.tmx
22:15:38.183 [FXGL Background Thread 4 ] DEBUG TMXLevelLoader       - Creating tile layer entities
22:15:38.183 [FXGL Background Thread 4 ] DEBUG TilesetLoader        - Loading view for layer lowefloor
22:15:38.185 [FXGL Background Thread 4 ] DEBUG TilesetLoader        - Created buffer with size 512.0x1024.0
22:15:38.216 [FXGL Background Thread 4 ] DEBUG TilesetLoader        - Loading view for layer cliff
22:15:38.217 [FXGL Background Thread 4 ] DEBUG TilesetLoader        - Created buffer with size 512.0x1024.0
22:15:38.218 [FXGL Background Thread 4 ] DEBUG TilesetLoader        - Loading view for layer cliff1
22:15:38.218 [FXGL Background Thread 4 ] DEBUG TilesetLoader        - Created buffer with size 512.0x1024.0
22:15:38.219 [FXGL Background Thread 4 ] DEBUG TilesetLoader        - Loading view for layer cliff2
22:15:38.220 [FXGL Background Thread 4 ] DEBUG TilesetLoader        - Created buffer with size 512.0x1024.0
22:15:38.221 [FXGL Background Thread 4 ] DEBUG TilesetLoader        - Loading view for layer Tile Layer 3
22:15:38.223 [FXGL Background Thread 4 ] DEBUG TilesetLoader        - Created buffer with size 512.0x1024.0
22:15:38.228 [FXGL Background Thread 4 ] DEBUG TilesetLoader        - Loading view for layer Tile Layer 6
22:15:38.229 [FXGL Background Thread 4 ] DEBUG TilesetLoader        - Created buffer with size 512.0x1024.0
22:15:38.289 [FXGL Background Thread 4 ] DEBUG TilesetLoader        - Loading view for layer prop
22:15:38.290 [FXGL Background Thread 4 ] DEBUG TilesetLoader        - Created buffer with size 512.0x1024.0
22:15:38.291 [FXGL Background Thread 4 ] DEBUG TMXLevelLoader       - Creating object layer entities
22:15:38.302 [FXGL Background Thread 4 ] DEBUG GameWorld            - Clearing removable entities
22:15:38.303 [FXGL Background Thread 4 ] DEBUG GameWorld            - Setting level: com.almasb.fxgl.entity.level.Level@15e48dfb
22:15:38.319 [FXGL Background Thread 4 ] INFO  FXGLApplication      - Game initialization took: 0.429 sec
22:15:38.326 [JavaFX Application Thread] DEBUG Input                - Clearing active input actions
22:15:38.337 [JavaFX Application Thread] DEBUG GameApplicationServi - Removing overlay from FXGLLoadingScene and adding to GameScene
22:15:38.341 [JavaFX Application Thread] DEBUG PrimaryStageWindow   - FXGLLoadingScene -> GameScene
22:15:40.771 [FXGL Background Thread 3 ] DEBUG Engine               - Logging environment variables
22:15:40.772 [FXGL Background Thread 3 ] DEBUG Engine               - achievements: []
22:15:40.772 [FXGL Background Thread 3 ] DEBUG Engine               - actualHeight: 864.0
22:15:40.772 [FXGL Background Thread 3 ] DEBUG Engine               - actualHeightProperty: ReadOnlyDoubleProperty [value: 864.0]
22:15:40.772 [FXGL Background Thread 3 ] DEBUG Engine               - actualWidth: 1536.0
22:15:40.772 [FXGL Background Thread 3 ] DEBUG Engine               - actualWidthProperty: ReadOnlyDoubleProperty [value: 1536.0]
22:15:40.772 [FXGL Background Thread 3 ] DEBUG Engine               - appIcon: fxgl_icon.png
22:15:40.772 [FXGL Background Thread 3 ] DEBUG Engine               - applicationMode: DEVELOPER
22:15:40.772 [FXGL Background Thread 3 ] DEBUG Engine               - cSSList: [fxgl_dark.css]
22:15:40.772 [FXGL Background Thread 3 ] DEBUG Engine               - collisionDetectionStrategy: BRUTE_FORCE
22:15:40.772 [FXGL Background Thread 3 ] DEBUG Engine               - configClass: Optional.empty
22:15:40.772 [FXGL Background Thread 3 ] DEBUG Engine               - credits: []
22:15:40.772 [FXGL Background Thread 3 ] DEBUG Engine               - defaultCursor: CursorInfo(imageName=fxgl_default_cursor.png, hotspotX=7.0, hotspotY=6.0)
22:15:40.773 [FXGL Background Thread 3 ] DEBUG Engine               - devBBoxColorProperty: ObjectProperty [value: 0xff0000ff]
22:15:40.773 [FXGL Background Thread 3 ] DEBUG Engine               - devEnableDebugCameraProperty: BooleanProperty [value: false]
22:15:40.773 [FXGL Background Thread 3 ] DEBUG Engine               - devSensorColorProperty: ObjectProperty [value: 0xffff00ff]
22:15:40.773 [FXGL Background Thread 3 ] DEBUG Engine               - devShowBBoxProperty: BooleanProperty [value: false]
22:15:40.773 [FXGL Background Thread 3 ] DEBUG Engine               - devShowPositionProperty: BooleanProperty [value: false]
22:15:40.773 [FXGL Background Thread 3 ] DEBUG Engine               - enabledMenuItems: []
22:15:40.773 [FXGL Background Thread 3 ] DEBUG Engine               - engineServices: [class com.almasb.fxgl.app.services.FXGLAssetLoaderService, class com.almasb.fxgl.app.FXGLApplication$GameApplicationService, class com.almasb.fxgl.app.services.FXGLDialogService, class com.almasb.fxgl.app.services.IOTaskExecutorService, class com.almasb.fxgl.io.FileSystemService, class com.almasb.fxgl.localization.LocalizationService, class com.almasb.fxgl.app.services.SystemBundleService, class com.almasb.fxgl.profile.SaveLoadService, class com.almasb.fxgl.ui.FXGLUIFactoryServiceProvider, class com.almasb.fxgl.ui.FXGLDialogFactoryServiceProvider, class com.almasb.fxgl.audio.AudioPlayer, class com.almasb.fxgl.notification.impl.NotificationServiceProvider, class com.almasb.fxgl.achievement.AchievementService, class com.almasb.fxgl.cutscene.CutsceneService, class com.almasb.fxgl.minigames.MiniGameService, class com.almasb.fxgl.net.NetService, class com.almasb.fxgl.app.services.UpdaterService, class com.almasb.fxgl.dev.DevService]
22:15:40.773 [FXGL Background Thread 3 ] DEBUG Engine               - fontGame: Abel-Regular.ttf
22:15:40.773 [FXGL Background Thread 3 ] DEBUG Engine               - fontMono: TerminalLandMono-Regular.otf
22:15:40.773 [FXGL Background Thread 3 ] DEBUG Engine               - fontSizeScaleUI: 1.0
22:15:40.773 [FXGL Background Thread 3 ] DEBUG Engine               - fontText: Courier-Prime.ttf
22:15:40.773 [FXGL Background Thread 3 ] DEBUG Engine               - fontUI: VarelaRound-Regular.ttf
22:15:40.773 [FXGL Background Thread 3 ] DEBUG Engine               - fullScreen: BooleanProperty [value: true]
22:15:40.773 [FXGL Background Thread 3 ] DEBUG Engine               - gameDifficulty: MEDIUM
22:15:40.773 [FXGL Background Thread 3 ] DEBUG Engine               - gameDifficultyProperty: ObjectProperty [value: MEDIUM]
22:15:40.773 [FXGL Background Thread 3 ] DEBUG Engine               - globalMusicVolume: 0.5
22:15:40.773 [FXGL Background Thread 3 ] DEBUG Engine               - globalMusicVolumeProperty: DoubleProperty [value: 0.5]
22:15:40.773 [FXGL Background Thread 3 ] DEBUG Engine               - globalSoundVolume: 0.5
22:15:40.773 [FXGL Background Thread 3 ] DEBUG Engine               - globalSoundVolumeProperty: DoubleProperty [value: 0.5]
22:15:40.773 [FXGL Background Thread 3 ] DEBUG Engine               - height: 720
22:15:40.773 [FXGL Background Thread 3 ] DEBUG Engine               - is3D: false
22:15:40.773 [FXGL Background Thread 3 ] DEBUG Engine               - isAndroid: false
22:15:40.773 [FXGL Background Thread 3 ] DEBUG Engine               - isBrowser: false
22:15:40.773 [FXGL Background Thread 3 ] DEBUG Engine               - isClickFeedbackEnabled: false
22:15:40.774 [FXGL Background Thread 3 ] DEBUG Engine               - isCloseConfirmation: false
22:15:40.774 [FXGL Background Thread 3 ] DEBUG Engine               - isDesktop: true
22:15:40.774 [FXGL Background Thread 3 ] DEBUG Engine               - isDeveloperMenuEnabled: true
22:15:40.774 [FXGL Background Thread 3 ] DEBUG Engine               - isEmbedded: false
22:15:40.774 [FXGL Background Thread 3 ] DEBUG Engine               - isEntityPreloadEnabled: true
22:15:40.774 [FXGL Background Thread 3 ] DEBUG Engine               - isExperimentalTiledLargeMap: false
22:15:40.774 [FXGL Background Thread 3 ] DEBUG Engine               - isFileSystemWriteAllowed: true
22:15:40.774 [FXGL Background Thread 3 ] DEBUG Engine               - isFullScreenAllowed: true
22:15:40.774 [FXGL Background Thread 3 ] DEBUG Engine               - isFullScreenFromStart: true
22:15:40.774 [FXGL Background Thread 3 ] DEBUG Engine               - isGameMenuEnabled: true
22:15:40.774 [FXGL Background Thread 3 ] DEBUG Engine               - isIOS: false
22:15:40.774 [FXGL Background Thread 3 ] DEBUG Engine               - isIntroEnabled: false
22:15:40.774 [FXGL Background Thread 3 ] DEBUG Engine               - isLinux: false
22:15:40.774 [FXGL Background Thread 3 ] DEBUG Engine               - isMac: false
22:15:40.774 [FXGL Background Thread 3 ] DEBUG Engine               - isMainMenuEnabled: false
22:15:40.774 [FXGL Background Thread 3 ] DEBUG Engine               - isManualResizeEnabled: false
22:15:40.774 [FXGL Background Thread 3 ] DEBUG Engine               - isMobile: false
22:15:40.774 [FXGL Background Thread 3 ] DEBUG Engine               - isNative: false
22:15:40.774 [FXGL Background Thread 3 ] DEBUG Engine               - isPauseMusicWhenMinimized: true
22:15:40.774 [FXGL Background Thread 3 ] DEBUG Engine               - isPreserveResizeRatio: false
22:15:40.774 [FXGL Background Thread 3 ] DEBUG Engine               - isProfilingEnabled: false
22:15:40.774 [FXGL Background Thread 3 ] DEBUG Engine               - isScaleAffectedOnResize: true
22:15:40.774 [FXGL Background Thread 3 ] DEBUG Engine               - isSingleStep: false
22:15:40.774 [FXGL Background Thread 3 ] DEBUG Engine               - isUserProfileEnabled: false
22:15:40.774 [FXGL Background Thread 3 ] DEBUG Engine               - isWindows: true
22:15:40.774 [FXGL Background Thread 3 ] DEBUG Engine               - language: ObjectProperty [value: ENGLISH]
22:15:40.774 [FXGL Background Thread 3 ] DEBUG Engine               - menuKey: ESCAPE
22:15:40.775 [FXGL Background Thread 3 ] DEBUG Engine               - mouseSensitivity: 0.2
22:15:40.775 [FXGL Background Thread 3 ] DEBUG Engine               - notificationViewClass: class com.almasb.fxgl.notification.view.XboxNotificationView
22:15:40.775 [FXGL Background Thread 3 ] DEBUG Engine               - pixelsPerMeter: 50.0
22:15:40.775 [FXGL Background Thread 3 ] DEBUG Engine               - platform: WINDOWS
22:15:40.775 [FXGL Background Thread 3 ] DEBUG Engine               - prefHeightProperty: ReadOnlyDoubleProperty [value: 720.0]
22:15:40.775 [FXGL Background Thread 3 ] DEBUG Engine               - prefWidthProperty: ReadOnlyDoubleProperty [value: 1280.0]
22:15:40.775 [FXGL Background Thread 3 ] DEBUG Engine               - profileDir: profiles/
22:15:40.775 [FXGL Background Thread 3 ] DEBUG Engine               - profileName: StringProperty [value: DEFAULT]
22:15:40.775 [FXGL Background Thread 3 ] DEBUG Engine               - randomSeed: -1
22:15:40.775 [FXGL Background Thread 3 ] DEBUG Engine               - runtimeInfo: RuntimeInfo(platform=WINDOWS, version=21.1, build=27.03.2024 07.52)
22:15:40.775 [FXGL Background Thread 3 ] DEBUG Engine               - saveFileExt: sav
22:15:40.775 [FXGL Background Thread 3 ] DEBUG Engine               - scaledHeightProp$fxgl: DoubleProperty [bound, value: 864.0]
22:15:40.775 [FXGL Background Thread 3 ] DEBUG Engine               - scaledWidthProp$fxgl: DoubleProperty [bound, value: 1536.0]
22:15:40.775 [FXGL Background Thread 3 ] DEBUG Engine               - sceneFactory: com.almasb.fxgl.app.scene.SceneFactory@271edd43
22:15:40.775 [FXGL Background Thread 3 ] DEBUG Engine               - secondsIn24h: 60
22:15:40.775 [FXGL Background Thread 3 ] DEBUG Engine               - soundMenuBack: menu/back.wav
22:15:40.775 [FXGL Background Thread 3 ] DEBUG Engine               - soundMenuPress: menu/press.wav
22:15:40.775 [FXGL Background Thread 3 ] DEBUG Engine               - soundMenuSelect: menu/select.wav
22:15:40.775 [FXGL Background Thread 3 ] DEBUG Engine               - soundNotification: core/notification.wav
22:15:40.775 [FXGL Background Thread 3 ] DEBUG Engine               - stageStyle: DECORATED
22:15:40.775 [FXGL Background Thread 3 ] DEBUG Engine               - supportedLanguages: [ENGLISH, FRENCH, GERMAN, HUNGARIAN, RUSSIAN]
22:15:40.775 [FXGL Background Thread 3 ] DEBUG Engine               - ticksPerSecond: -1
22:15:40.775 [FXGL Background Thread 3 ] DEBUG Engine               - title: Final Journey
22:15:40.775 [FXGL Background Thread 3 ] DEBUG Engine               - urlGithub: https://github.com/AlmasB/FXGL
22:15:40.775 [FXGL Background Thread 3 ] DEBUG Engine               - urlLeaderboard: http://fxgl-top.herokuapp.com/
22:15:40.775 [FXGL Background Thread 3 ] DEBUG Engine               - urlPOM: https://raw.githubusercontent.com/AlmasB/FXGL/release/README.md
22:15:40.776 [FXGL Background Thread 3 ] DEBUG Engine               - userAppClass: class com.project.App
22:15:40.776 [FXGL Background Thread 3 ] DEBUG Engine               - version: Alpha
22:15:40.776 [FXGL Background Thread 3 ] DEBUG Engine               - versionCheckDays: 7
22:15:40.776 [FXGL Background Thread 3 ] DEBUG Engine               - width: 1280
22:15:40.776 [FXGL Background Thread 3 ] DEBUG Engine               - Logging services
22:15:40.776 [FXGL Background Thread 3 ] DEBUG Engine               - class com.almasb.fxgl.app.services.FXGLAssetLoaderService
22:15:40.776 [FXGL Background Thread 3 ] DEBUG Engine               - class com.almasb.fxgl.app.FXGLApplication$GameApplicationService
22:15:40.776 [FXGL Background Thread 3 ] DEBUG Engine               - class com.almasb.fxgl.app.services.FXGLDialogService
22:15:40.776 [FXGL Background Thread 3 ] DEBUG Engine               - class com.almasb.fxgl.app.services.IOTaskExecutorService
22:15:40.776 [FXGL Background Thread 3 ] DEBUG Engine               - class com.almasb.fxgl.io.FileSystemService
22:15:40.776 [FXGL Background Thread 3 ] DEBUG Engine               - class com.almasb.fxgl.localization.LocalizationService
22:15:40.776 [FXGL Background Thread 3 ] DEBUG Engine               - class com.almasb.fxgl.app.services.SystemBundleService
22:15:40.776 [FXGL Background Thread 3 ] DEBUG Engine               - class com.almasb.fxgl.profile.SaveLoadService
22:15:40.776 [FXGL Background Thread 3 ] DEBUG Engine               - class com.almasb.fxgl.ui.FXGLUIFactoryServiceProvider
22:15:40.776 [FXGL Background Thread 3 ] DEBUG Engine               - class com.almasb.fxgl.ui.FXGLDialogFactoryServiceProvider
22:15:40.776 [FXGL Background Thread 3 ] DEBUG Engine               - class com.almasb.fxgl.audio.AudioPlayer
22:15:40.776 [FXGL Background Thread 3 ] DEBUG Engine               - class com.almasb.fxgl.notification.impl.NotificationServiceProvider
22:15:40.776 [FXGL Background Thread 3 ] DEBUG Engine               - class com.almasb.fxgl.achievement.AchievementService
22:15:40.776 [FXGL Background Thread 3 ] DEBUG Engine               - class com.almasb.fxgl.cutscene.CutsceneService
22:15:40.776 [FXGL Background Thread 3 ] DEBUG Engine               - class com.almasb.fxgl.minigames.MiniGameService
22:15:40.776 [FXGL Background Thread 3 ] DEBUG Engine               - class com.almasb.fxgl.net.NetService
22:15:40.776 [FXGL Background Thread 3 ] DEBUG Engine               - class com.almasb.fxgl.app.services.UpdaterService
22:15:40.776 [FXGL Background Thread 3 ] DEBUG Engine               - class com.almasb.fxgl.dev.DevService
22:16:01.517 [JavaFX Application Thread] DEBUG FXGLAssetLoaderServi - Loading from file system: file:/C:/Users/Lenovo/projectjava/myproject/myproject/target/classes/assets/text/filetext.txt
22:16:01.521 [JavaFX Application Thread] DEBUG EventBus             - Firing event: com.GameEvent.CombatScene[source=javafx.event.Event$$Lambda/0x000002c681172db8@5e5280a0]
22:16:01.526 [JavaFX Application Thread] WARN  TMXLevelLoader       - TiledMap generated from 1.11.2. Supported version: 1.9.0. Some features may not be parsed fully.
22:16:01.534 [JavaFX Application Thread] DEBUG TMXLevelLoader       - Parsed TiledMap: file:/C:/Users/Lenovo/projectjava/myproject/myproject/target/classes/assets/levels/battle1.tmx
22:16:01.535 [JavaFX Application Thread] DEBUG TMXLevelLoader       - Creating tile layer entities
22:16:01.536 [JavaFX Application Thread] DEBUG TilesetLoader        - Loading view for layer Tile Layer 1
22:16:01.537 [JavaFX Application Thread] DEBUG TilesetLoader        - Created buffer with size 2048.0x1024.0
22:16:01.654 [JavaFX Application Thread] DEBUG TMXLevelLoader       - Creating object layer entities
22:16:01.656 [JavaFX Application Thread] DEBUG FXGLAssetLoaderServi - Loading from file system: file:/C:/Users/Lenovo/projectjava/myproject/myproject/target/classes/assets/textures/Rex.png
22:16:01.661 [JavaFX Application Thread] DEBUG FXGLAssetLoaderServi - Loading from file system: file:/C:/Users/Lenovo/projectjava/myproject/myproject/target/classes/assets/textures/Karee.png
22:16:01.665 [JavaFX Application Thread] DEBUG GameWorld            - Clearing removable entities
22:16:01.671 [JavaFX Application Thread] DEBUG GameWorld            - Setting level: com.almasb.fxgl.entity.level.Level@77eb9267
22:16:01.673 [JavaFX Application Thread] WARN  TMXLevelLoader       - TiledMap generated from 1.11.2. Supported version: 1.9.0. Some features may not be parsed fully.
22:16:01.677 [JavaFX Application Thread] DEBUG TMXLevelLoader       - Parsed TiledMap: file:/C:/Users/Lenovo/projectjava/myproject/myproject/target/classes/assets/levels/battle1.tmx
22:16:01.677 [JavaFX Application Thread] DEBUG TMXLevelLoader       - Creating tile layer entities
22:16:01.677 [JavaFX Application Thread] DEBUG TilesetLoader        - Loading view for layer Tile Layer 1
22:16:01.683 [JavaFX Application Thread] DEBUG TilesetLoader        - Created buffer with size 2048.0x1024.0
22:16:01.782 [JavaFX Application Thread] DEBUG TMXLevelLoader       - Creating object layer entities
22:16:07.178 [JavaFX Application Thread] DEBUG EventBus             - Firing event: com.GameEvent.BackMainScene[source=javafx.event.Event$$Lambda/0x000002c681172db8@5e5280a0]
22:16:07.180 [JavaFX Application Thread] WARN  TMXLevelLoader       - TiledMap generated from 1.11.2. Supported version: 1.9.0. Some features may not be parsed fully.
22:16:07.190 [JavaFX Application Thread] DEBUG TMXLevelLoader       - Parsed TiledMap: file:/C:/Users/Lenovo/projectjava/myproject/myproject/target/classes/assets/levels/scene1.tmx
22:16:07.190 [JavaFX Application Thread] DEBUG TMXLevelLoader       - Creating tile layer entities
22:16:07.191 [JavaFX Application Thread] DEBUG TilesetLoader        - Loading view for layer lowefloor
22:16:07.191 [JavaFX Application Thread] DEBUG TilesetLoader        - Created buffer with size 512.0x1024.0
22:16:07.218 [JavaFX Application Thread] DEBUG TilesetLoader        - Loading view for layer cliff
22:16:07.219 [JavaFX Application Thread] DEBUG TilesetLoader        - Created buffer with size 512.0x1024.0
22:16:07.219 [JavaFX Application Thread] DEBUG TilesetLoader        - Loading view for layer cliff1
22:16:07.220 [JavaFX Application Thread] DEBUG TilesetLoader        - Created buffer with size 512.0x1024.0
22:16:07.221 [JavaFX Application Thread] DEBUG TilesetLoader        - Loading view for layer cliff2
22:16:07.221 [JavaFX Application Thread] DEBUG TilesetLoader        - Created buffer with size 512.0x1024.0
22:16:07.222 [JavaFX Application Thread] DEBUG TilesetLoader        - Loading view for layer Tile Layer 3
22:16:07.223 [JavaFX Application Thread] DEBUG TilesetLoader        - Created buffer with size 512.0x1024.0
22:16:07.224 [JavaFX Application Thread] DEBUG TilesetLoader        - Loading view for layer Tile Layer 6
22:16:07.224 [JavaFX Application Thread] DEBUG TilesetLoader        - Created buffer with size 512.0x1024.0
22:16:07.270 [JavaFX Application Thread] DEBUG TilesetLoader        - Loading view for layer prop
22:16:07.271 [JavaFX Application Thread] DEBUG TilesetLoader        - Created buffer with size 512.0x1024.0
22:16:07.272 [JavaFX Application Thread] DEBUG TMXLevelLoader       - Creating object layer entities
22:16:07.280 [JavaFX Application Thread] DEBUG GameWorld            - Clearing removable entities
22:16:07.280 [JavaFX Application Thread] DEBUG GameWorld            - Setting level: com.almasb.fxgl.entity.level.Level@3d629db0
22:16:07.285 [JavaFX Application Thread] WARN  TMXLevelLoader       - TiledMap generated from 1.11.2. Supported version: 1.9.0. Some features may not be parsed fully.
22:16:07.295 [JavaFX Application Thread] DEBUG TMXLevelLoader       - Parsed TiledMap: file:/C:/Users/Lenovo/projectjava/myproject/myproject/target/classes/assets/levels/scene1.tmx
22:16:07.295 [JavaFX Application Thread] DEBUG TMXLevelLoader       - Creating tile layer entities
22:16:07.296 [JavaFX Application Thread] DEBUG TilesetLoader        - Loading view for layer lowefloor
22:16:07.296 [JavaFX Application Thread] DEBUG TilesetLoader        - Created buffer with size 512.0x1024.0
22:16:07.318 [JavaFX Application Thread] DEBUG TilesetLoader        - Loading view for layer cliff
22:16:07.319 [JavaFX Application Thread] DEBUG TilesetLoader        - Created buffer with size 512.0x1024.0
22:16:07.319 [JavaFX Application Thread] DEBUG TilesetLoader        - Loading view for layer cliff1
22:16:07.320 [JavaFX Application Thread] DEBUG TilesetLoader        - Created buffer with size 512.0x1024.0
22:16:07.320 [JavaFX Application Thread] DEBUG TilesetLoader        - Loading view for layer cliff2
22:16:07.321 [JavaFX Application Thread] DEBUG TilesetLoader        - Created buffer with size 512.0x1024.0
22:16:07.321 [JavaFX Application Thread] DEBUG TilesetLoader        - Loading view for layer Tile Layer 3
22:16:07.321 [JavaFX Application Thread] DEBUG TilesetLoader        - Created buffer with size 512.0x1024.0
22:16:07.322 [JavaFX Application Thread] DEBUG TilesetLoader        - Loading view for layer Tile Layer 6
22:16:07.322 [JavaFX Application Thread] DEBUG TilesetLoader        - Created buffer with size 512.0x1024.0
22:16:07.366 [JavaFX Application Thread] DEBUG TilesetLoader        - Loading view for layer prop
22:16:07.367 [JavaFX Application Thread] DEBUG TilesetLoader        - Created buffer with size 512.0x1024.0
22:16:07.367 [JavaFX Application Thread] DEBUG TMXLevelLoader       - Creating object layer entities
22:16:12.153 [JavaFX Application Thread] DEBUG EventBus             - Firing event: com.GameEvent.CombatScene[source=javafx.event.Event$$Lambda/0x000002c681172db8@5e5280a0]
22:16:12.154 [JavaFX Application Thread] DEBUG LoopRunner           - Stopping loop
22:16:12.155 [JavaFX Application Thread] FATAL FXGLApplication      - Uncaught Exception:
java.lang.IllegalArgumentException: Duplicated @Spawns(setenemy) in com.Factory.CombatWithRexFactory@69d63207. Already exists in com.Factory.CombatWithRexFactory@513e5309=[setenemy, setcamera, sethero]
	at com.almasb.fxgl.entity.GameWorld.checkDuplicateSpawners(GameWorld.kt:341)
	at com.almasb.fxgl.entity.GameWorld.access$checkDuplicateSpawners(GameWorld.kt:35)
	at com.almasb.fxgl.entity.GameWorld$addEntityFactory$1.invoke(GameWorld.kt:314)
	at com.almasb.fxgl.entity.GameWorld$addEntityFactory$1.invoke(GameWorld.kt:310)
	at com.almasb.fxgl.entity.GameWorld.addEntityFactory$lambda$8(GameWorld.kt:310)
	at java.base/java.util.HashMap.forEach(HashMap.java:1429)
	at com.almasb.fxgl.entity.GameWorld.addEntityFactory(GameWorld.kt:310)
	at com.GameEvent.SystemEvent.lambda$0(SystemEvent.java:39)
	at com.sun.javafx.event.CompositeEventHandler$NormalEventHandlerRecord.handleBubblingEvent(CompositeEventHandler.java:247)
	at com.sun.javafx.event.CompositeEventHandler.dispatchBubblingEvent(CompositeEventHandler.java:80)
	at com.sun.javafx.event.EventHandlerManager.dispatchBubblingEvent(EventHandlerManager.java:232)
	at com.sun.javafx.event.EventHandlerManager.dispatchBubblingEvent(EventHandlerManager.java:189)
	at com.sun.javafx.event.CompositeEventDispatcher.dispatchBubblingEvent(CompositeEventDispatcher.java:59)
	at com.sun.javafx.event.BasicEventDispatcher.dispatchEvent(BasicEventDispatcher.java:58)
	at com.sun.javafx.event.EventDispatchChainImpl.dispatchEvent(EventDispatchChainImpl.java:114)
	at com.sun.javafx.event.EventUtil.fireEventImpl(EventUtil.java:74)
	at com.sun.javafx.event.EventUtil.fireEvent(EventUtil.java:54)
	at javafx.event.Event.fireEvent(Event.java:198)
	at javafx.scene.Node.fireEvent(Node.java:8875)
	at com.almasb.fxgl.event.EventBus.fireEvent(EventBus.kt:66)
	at com.Component.InteractComponent.interact(InteractComponent.java:55)
	at com.project.App$5.onAction(App.java:216)
	at com.almasb.fxgl.input.UserAction.action$fxgl_core(UserAction.kt:38)
	at com.almasb.fxgl.input.Input.update(Input.kt:278)
	at com.almasb.fxgl.scene.Scene.update(Scene.kt:103)
	at com.almasb.fxgl.app.MainWindow$update$1.invoke(MainWindow.kt:121)
	at com.almasb.fxgl.app.MainWindow$update$1.invoke(MainWindow.kt:121)
	at com.almasb.fxgl.core.fsm.StateMachine.runOnActiveStates(StateMachine.kt:69)
	at com.almasb.fxgl.app.MainWindow.update(MainWindow.kt:121)
	at com.almasb.fxgl.app.FXGLApplication$GameApplicationService.onUpdate(FXGLApplication.kt:445)
	at com.almasb.fxgl.app.Engine.loop(Engine.kt:134)
	at com.almasb.fxgl.app.Engine.access$loop(Engine.kt:24)
	at com.almasb.fxgl.app.Engine$loop$1.invoke(Engine.kt:28)
	at com.almasb.fxgl.app.Engine$loop$1.invoke(Engine.kt:28)
	at com.almasb.fxgl.app.LoopRunner.frame(LoopRunner.kt:103)
	at com.almasb.fxgl.app.LoopRunner.access$frame(LoopRunner.kt:23)
	at com.almasb.fxgl.app.LoopRunner$impl$2$1.onTick(LoopRunner.kt:57)
	at com.almasb.fxgl.app.AnimationTimerLoop$timer$1.handle(LoopRunner.kt:137)
	at javafx.animation.AnimationTimer$AnimationTimerReceiver.lambda$handle$0(AnimationTimer.java:58)
	at java.base/java.security.AccessController.doPrivileged(AccessController.java:400)
	at javafx.animation.AnimationTimer$AnimationTimerReceiver.handle(AnimationTimer.java:57)
	at com.sun.scenario.animation.AbstractPrimaryTimer.timePulseImpl(AbstractPrimaryTimer.java:356)
	at com.sun.scenario.animation.AbstractPrimaryTimer$MainLoop.run(AbstractPrimaryTimer.java:266)
	at com.sun.javafx.tk.quantum.QuantumToolkit.pulse(QuantumToolkit.java:588)
	at com.sun.javafx.tk.quantum.QuantumToolkit.pulse(QuantumToolkit.java:572)
	at com.sun.javafx.tk.quantum.QuantumToolkit.pulseFromQueue(QuantumToolkit.java:565)
	at com.sun.javafx.tk.quantum.QuantumToolkit.lambda$runToolkit$11(QuantumToolkit.java:352)
	at com.sun.glass.ui.InvokeLaterDispatcher$Future.run(InvokeLaterDispatcher.java:95)
	at com.sun.glass.ui.win.WinApplication._runLoop(Native Method)
	at com.sun.glass.ui.win.WinApplication.lambda$runLoop$3(WinApplication.java:185)
	at java.base/java.lang.Thread.run(Thread.java:1583)

22:16:12.159 [JavaFX Application Thread] FATAL FXGLApplication      - Application will now exit
22:16:12.163 [JavaFX Application Thread] DEBUG PrimaryStageWindow   - Push state: ErrorSubScene
22:16:12.164 [JavaFX Application Thread] DEBUG Input                - Clearing active input actions
22:16:12.164 [JavaFX Application Thread] DEBUG GameApplicationServi - Removing overlay from GameScene and adding to ErrorSubScene
22:16:12.167 [JavaFX Application Thread] DEBUG PrimaryStageWindow   - GameScene -> ErrorSubScene
22:16:14.278 [JavaFX Application Thread] DEBUG FXGLApplication      - Exiting FXGL
22:16:14.279 [JavaFX Application Thread] DEBUG Async                - Shutting down background threads
22:16:14.279 [JavaFX Application Thread] DEBUG PrimaryStageWindow   - Closing main window
22:16:14.330 [JavaFX Application Thread] DEBUG Logger               - Closing Logger
