03:42:36.837 [main                     ] DEBUG Logger               - Configured Logger
03:42:36.858 [main                     ] DEBUG GameApplication      - Logging settings
Title: Final Journey
Version: Alpha
Width: 1280
Height: 720
Fullscreen: true
Intro: false
Profiling: false
Single step:false
App Mode: DEVELOPER
Menu Key: ESCAPE
Stage Style: DECORATED
Scene Factory: class com.almasb.fxgl.app.scene.SceneFactory

03:42:37.219 [JavaFX Application Thread] DEBUG FXGLApplication      - Initializing FXGL
03:42:37.222 [JavaFX Application Thread] INFO  Engine               - FXGL-21.1 (27.03.2024 07.52) on WINDOWS (J:21.0.6 FX:21.0.1)
03:42:37.223 [JavaFX Application Thread] DEBUG Engine               - JRE Vendor Name: Eclipse Adoptium
03:42:37.223 [JavaFX Application Thread] DEBUG Engine               - Running on OS: Windows 11 version 10.0
03:42:37.223 [JavaFX Application Thread] DEBUG Engine               - Architecture: amd64
03:42:37.223 [JavaFX Application Thread] INFO  Engine               - Source code and latest versions at: https://github.com/AlmasB/FXGL
03:42:37.223 [JavaFX Application Thread] INFO  Engine               -       Ask questions and discuss at: https://github.com/AlmasB/FXGL/discussions
03:42:37.223 [JavaFX Application Thread] INFO  Engine               -              Join the FXGL chat at: https://gitter.im/AlmasB/FXGL
03:42:37.306 [JavaFX Application Thread] DEBUG PrimaryStageWindow   - Creating a JavaFX scene
03:42:37.347 [JavaFX Application Thread] DEBUG PrimaryStageWindow   - Target settings size: 1280.0 x 720.0
03:42:37.347 [JavaFX Application Thread] DEBUG PrimaryStageWindow   - Scaled scene size:    1280.0 x 720.0
03:42:37.347 [JavaFX Application Thread] DEBUG PrimaryStageWindow   - Scaled ratio: (1.0, 1.0)
03:42:37.348 [JavaFX Application Thread] DEBUG PrimaryStageWindow   - Set initial scene to FXGLStartupScene
03:42:37.351 [JavaFX Application Thread] DEBUG PrimaryStageWindow   - Opening main window
03:42:37.428 [JavaFX Application Thread] DEBUG PrimaryStageWindow   - Window border size: (14.4000244140625, 37.5999755859375)
03:42:37.428 [JavaFX Application Thread] DEBUG PrimaryStageWindow   - Scaled size: 1280.0 x 720.0
03:42:37.429 [JavaFX Application Thread] DEBUG PrimaryStageWindow   - Scaled ratio: (1.0, 1.0)
03:42:37.429 [JavaFX Application Thread] DEBUG PrimaryStageWindow   - Scene size: 1280.0 x 720.0
03:42:37.429 [JavaFX Application Thread] DEBUG PrimaryStageWindow   - Stage size: 1294.4000244140625 x 757.5999755859375
03:42:37.484 [JavaFX Application Thread] DEBUG PrimaryStageWindow   - Going fullscreen
03:42:37.490 [FXGL Background Thread 1 ] DEBUG Engine               - Initializing environment variables
03:42:37.537 [FXGL Background Thread 1 ] DEBUG FXGLAssetLoaderServi - User app class for loading assets: class com.project.App
03:42:37.537 [FXGL Background Thread 1 ] DEBUG GameApplicationServi - Applying CSS: fxgl_dark.css
03:42:37.538 [FXGL Background Thread 1 ] DEBUG FXGLAssetLoaderServi - Loading from file system: jar:file:/C:/Users/frank/.m2/repository/com/github/almasb/fxgl/21.1/fxgl-21.1.jar!/fxglassets/ui/css/fxgl_dark.css
03:42:37.567 [FXGL Background Thread 1 ] DEBUG GameApplicationServi - Initializing application scenes
03:42:37.619 [FXGL Background Thread 1 ] DEBUG GameWorld            - Game world initialized
03:42:37.670 [FXGL Background Thread 1 ] DEBUG PhysicsWorld         - Physics world initialized: appHeight=720, physics.ppm=50.0
03:42:37.671 [FXGL Background Thread 1 ] DEBUG PhysicsWorld         - Using strategy: BRUTE_FORCE
03:42:37.673 [FXGL Background Thread 1 ] DEBUG GameScene            - Game scene initialized: 1280x720
03:42:37.682 [FXGL Background Thread 1 ] DEBUG FXGL.DefaultMenu     - createMenuBodyGameMenu()
03:42:37.693 [FXGL Background Thread 1 ] DEBUG FXGL.DefaultMenu     - createOptionsMenu()
03:42:37.702 [FXGL Background Thread 1 ] DEBUG FXGLAssetLoaderServi - Loading from file system: jar:file:/C:/Users/frank/.m2/repository/com/github/almasb/fxgl/21.1/fxgl-21.1.jar!/fxglassets/textures/particles/smoke.png
03:42:37.796 [FXGL Background Thread 1 ] DEBUG FXGLAssetLoaderServi - Loading from file system: jar:file:/C:/Users/frank/.m2/repository/com/github/almasb/fxgl/21.1/fxgl-21.1.jar!/fxglassets/textures/particles/trace_horizontal.png
03:42:37.817 [FXGL Background Thread 1 ] DEBUG GameApplicationServi - Application scenes initialized
03:42:37.828 [FXGL Background Thread 1 ] DEBUG SystemBundleService  - Loading FXGL system data
03:42:37.831 [FXGL Background Thread 1 ] DEBUG FileSystemAccess     - Reading from: C:\Users\frank\Desktop\ProjectFun\myproject\myproject\system\fxgl.bundle
03:42:37.838 [FXGL Background Thread 1 ] DEBUG SystemBundleService  - Bundle FXGL: {}
03:42:37.838 [FXGL Background Thread 1 ] DEBUG UpdaterService       - Checking for updates
03:42:37.866 [FXGL Background Thread 4 ] DEBUG FXGLApplication      - Loading fonts
03:42:37.866 [FXGL Background Thread 4 ] DEBUG FXGLAssetLoaderServi - Loading from file system: jar:file:/C:/Users/frank/.m2/repository/com/github/almasb/fxgl/21.1/fxgl-21.1.jar!/fxglassets/ui/fonts/VarelaRound-Regular.ttf
03:42:37.868 [FXGL Background Thread 1 ] DEBUG FXGLApplication      - Loading default localization
03:42:37.868 [FXGL Background Thread 1 ] DEBUG FXGLAssetLoaderServi - Loading from file system: jar:file:/C:/Users/frank/.m2/repository/com/github/almasb/fxgl/21.1/fxgl-21.1.jar!/fxglassets/languages/english.lang
03:42:37.890 [FXGL Background Thread 1 ] INFO  FXGLApplication      - FXGL initialization took: 0.400 sec
03:42:37.904 [FXGL Background Thread 4 ] DEBUG FXGLAssetLoaderServi - Loading from file system: jar:file:/C:/Users/frank/.m2/repository/com/github/almasb/fxgl/21.1/fxgl-21.1.jar!/fxglassets/ui/fonts/Abel-Regular.ttf
03:42:37.907 [FXGL Background Thread 4 ] DEBUG FXGLAssetLoaderServi - Loading from file system: jar:file:/C:/Users/frank/.m2/repository/com/github/almasb/fxgl/21.1/fxgl-21.1.jar!/fxglassets/ui/fonts/TerminalLandMono-Regular.otf
03:42:37.907 [JavaFX Application Thread] DEBUG Input                - Registered new binding: Right - D
03:42:37.908 [JavaFX Application Thread] DEBUG Input                - Registered new binding: Left - A
03:42:37.908 [JavaFX Application Thread] DEBUG Input                - Registered new binding: Up - W
03:42:37.908 [JavaFX Application Thread] DEBUG Input                - Registered new binding: Down - S
03:42:37.909 [JavaFX Application Thread] DEBUG Input                - Registered new binding: Interact - E
03:42:37.910 [FXGL Background Thread 4 ] DEBUG FXGLAssetLoaderServi - Loading from file system: jar:file:/C:/Users/frank/.m2/repository/com/github/almasb/fxgl/21.1/fxgl-21.1.jar!/fxglassets/ui/fonts/Courier-Prime.ttf
03:42:37.910 [JavaFX Application Thread] DEBUG FXGLAssetLoaderServi - Loading from file system: jar:file:/C:/Users/frank/.m2/repository/com/github/almasb/fxgl/21.1/fxgl-21.1.jar!/fxglassets/textures/fxgl_icon.png
03:42:37.928 [JavaFX Application Thread] DEBUG FXGLAssetLoaderServi - Loading from file system: jar:file:/C:/Users/frank/.m2/repository/com/github/almasb/fxgl/21.1/fxgl-21.1.jar!/fxglassets/textures/fxgl_default_cursor.png
03:42:37.932 [JavaFX Application Thread] DEBUG Input                - Registered new binding: Screenshot - CTRL+8
03:42:37.932 [JavaFX Application Thread] DEBUG Input                - Registered new binding: Dev Options - 1
03:42:37.933 [JavaFX Application Thread] DEBUG Input                - Registered new binding: Dev Console - 2
03:42:37.934 [JavaFX Application Thread] DEBUG Input                - Registered new binding: System info dump - CTRL+9
03:42:37.935 [JavaFX Application Thread] DEBUG Input                - Registered new binding: Restart - CTRL+R
03:42:37.936 [JavaFX Application Thread] DEBUG Input                - Registered new binding: Toggle Debug Camera - CTRL+7
03:42:37.938 [JavaFX Application Thread] DEBUG LoopRunner           - Starting loop
03:42:37.962 [JavaFX Application Thread] DEBUG LoopRunner           - Initializing JavaFX AnimationTimerLoop
03:42:37.966 [JavaFX Application Thread] DEBUG GameApplicationServi - Starting new game
03:42:37.966 [JavaFX Application Thread] DEBUG Input                - Clearing active input actions
03:42:37.976 [JavaFX Application Thread] DEBUG GameApplicationServi - Removing overlay from FXGLStartupScene and adding to FXGLLoadingScene
03:42:37.984 [JavaFX Application Thread] DEBUG PrimaryStageWindow   - FXGLStartupScene -> FXGLLoadingScene
03:42:37.985 [JavaFX Application Thread] DEBUG GameApplicationServi - Clearing previous game
03:42:37.986 [JavaFX Application Thread] DEBUG GameScene            - Clearing game scene
03:42:37.986 [JavaFX Application Thread] DEBUG GameWorld            - Clearing game world
03:42:37.986 [JavaFX Application Thread] DEBUG PhysicsWorld         - Clearing physics world
03:42:37.987 [FXGL Background Thread 4 ] DEBUG FXGLApplication      - Initializing game
03:42:37.988 [JavaFX Application Thread] DEBUG FXGLApplication      - Registering font factories with UI factory
03:42:38.032 [FXGL Background Thread 4 ] WARN  TMXLevelLoader       - TiledMap generated from 1.11.2. Supported version: 1.9.0. Some features may not be parsed fully.
03:42:38.060 [FXGL Background Thread 4 ] DEBUG TMXLevelLoader       - Parsed TiledMap: file:/C:/Users/frank/Desktop/ProjectFun/myproject/myproject/target/classes/assets/levels/scene1.tmx
03:42:38.063 [FXGL Background Thread 4 ] DEBUG TMXLevelLoader       - Creating tile layer entities
03:42:38.068 [FXGL Background Thread 4 ] DEBUG TilesetLoader        - Loading view for layer lowefloor
03:42:38.069 [FXGL Background Thread 4 ] DEBUG TilesetLoader        - Created buffer with size 512.0x1024.0
03:42:38.122 [FXGL Background Thread 4 ] DEBUG TilesetLoader        - Loading view for layer cliff
03:42:38.122 [FXGL Background Thread 4 ] DEBUG TilesetLoader        - Created buffer with size 512.0x1024.0
03:42:38.123 [FXGL Background Thread 4 ] DEBUG TilesetLoader        - Loading view for layer cliff1
03:42:38.125 [FXGL Background Thread 4 ] DEBUG TilesetLoader        - Created buffer with size 512.0x1024.0
03:42:38.125 [FXGL Background Thread 4 ] DEBUG TilesetLoader        - Loading view for layer cliff2
03:42:38.125 [FXGL Background Thread 4 ] DEBUG TilesetLoader        - Created buffer with size 512.0x1024.0
03:42:38.126 [FXGL Background Thread 4 ] DEBUG TilesetLoader        - Loading view for layer Tile Layer 3
03:42:38.127 [FXGL Background Thread 4 ] DEBUG TilesetLoader        - Created buffer with size 512.0x1024.0
03:42:38.127 [FXGL Background Thread 4 ] DEBUG TilesetLoader        - Loading view for layer Tile Layer 6
03:42:38.127 [FXGL Background Thread 4 ] DEBUG TilesetLoader        - Created buffer with size 512.0x1024.0
03:42:38.190 [FXGL Background Thread 4 ] DEBUG TilesetLoader        - Loading view for layer prop
03:42:38.190 [FXGL Background Thread 4 ] DEBUG TilesetLoader        - Created buffer with size 512.0x1024.0
03:42:38.190 [FXGL Background Thread 4 ] DEBUG TMXLevelLoader       - Creating object layer entities
03:42:38.241 [FXGL Background Thread 4 ] DEBUG FXGLAssetLoaderServi - Loading from file system: file:/C:/Users/frank/Desktop/ProjectFun/myproject/myproject/target/classes/assets/textures/Actor1.png
03:42:38.280 [FXGL Background Thread 4 ] DEBUG FXGLAssetLoaderServi - Loading from file system: file:/C:/Users/frank/Desktop/ProjectFun/myproject/myproject/target/classes/assets/textures/Rex.png
03:42:38.286 [FXGL Background Thread 4 ] WARN  TMXLevelLoader       - TiledMap generated from 1.11.2. Supported version: 1.9.0. Some features may not be parsed fully.
03:42:38.293 [FXGL Background Thread 4 ] DEBUG TMXLevelLoader       - Parsed TiledMap: file:/C:/Users/frank/Desktop/ProjectFun/myproject/myproject/target/classes/assets/levels/scene1.tmx
03:42:38.293 [FXGL Background Thread 4 ] DEBUG TMXLevelLoader       - Creating tile layer entities
03:42:38.294 [FXGL Background Thread 4 ] DEBUG TilesetLoader        - Loading view for layer lowefloor
03:42:38.294 [FXGL Background Thread 4 ] DEBUG TilesetLoader        - Created buffer with size 512.0x1024.0
03:42:38.319 [FXGL Background Thread 4 ] DEBUG TilesetLoader        - Loading view for layer cliff
03:42:38.320 [FXGL Background Thread 4 ] DEBUG TilesetLoader        - Created buffer with size 512.0x1024.0
03:42:38.320 [FXGL Background Thread 4 ] DEBUG TilesetLoader        - Loading view for layer cliff1
03:42:38.321 [FXGL Background Thread 4 ] DEBUG TilesetLoader        - Created buffer with size 512.0x1024.0
03:42:38.321 [FXGL Background Thread 4 ] DEBUG TilesetLoader        - Loading view for layer cliff2
03:42:38.321 [FXGL Background Thread 4 ] DEBUG TilesetLoader        - Created buffer with size 512.0x1024.0
03:42:38.322 [FXGL Background Thread 4 ] DEBUG TilesetLoader        - Loading view for layer Tile Layer 3
03:42:38.322 [FXGL Background Thread 4 ] DEBUG TilesetLoader        - Created buffer with size 512.0x1024.0
03:42:38.322 [FXGL Background Thread 4 ] DEBUG TilesetLoader        - Loading view for layer Tile Layer 6
03:42:38.322 [FXGL Background Thread 4 ] DEBUG TilesetLoader        - Created buffer with size 512.0x1024.0
03:42:38.371 [FXGL Background Thread 4 ] DEBUG TilesetLoader        - Loading view for layer prop
03:42:38.371 [FXGL Background Thread 4 ] DEBUG TilesetLoader        - Created buffer with size 512.0x1024.0
03:42:38.371 [FXGL Background Thread 4 ] DEBUG TMXLevelLoader       - Creating object layer entities
03:42:38.378 [FXGL Background Thread 4 ] DEBUG GameWorld            - Clearing removable entities
03:42:38.380 [FXGL Background Thread 4 ] DEBUG GameWorld            - Setting level: com.almasb.fxgl.entity.level.Level@78987337
03:42:38.407 [FXGL Background Thread 4 ] INFO  FXGLApplication      - Game initialization took: 0.419 sec
03:42:38.414 [JavaFX Application Thread] DEBUG Input                - Clearing active input actions
03:42:38.422 [JavaFX Application Thread] DEBUG GameApplicationServi - Removing overlay from FXGLLoadingScene and adding to GameScene
03:42:38.425 [JavaFX Application Thread] DEBUG PrimaryStageWindow   - FXGLLoadingScene -> GameScene
03:42:39.596 [JavaFX Application Thread] DEBUG FXGLAssetLoaderServi - Loading from file system: file:/C:/Users/frank/Desktop/ProjectFun/myproject/myproject/target/classes/assets/text/filetext.txt
03:42:39.597 [JavaFX Application Thread] DEBUG EventBus             - Firing event: com.GameEvent.CombatScene[source=javafx.event.Event$$Lambda/0x00000165361729c0@b76bda0]
03:42:39.598 [JavaFX Application Thread] WARN  TMXLevelLoader       - TiledMap generated from 1.11.2. Supported version: 1.9.0. Some features may not be parsed fully.
03:42:39.602 [JavaFX Application Thread] DEBUG TMXLevelLoader       - Parsed TiledMap: file:/C:/Users/frank/Desktop/ProjectFun/myproject/myproject/target/classes/assets/levels/battle1.tmx
03:42:39.602 [JavaFX Application Thread] DEBUG TMXLevelLoader       - Creating tile layer entities
03:42:39.602 [JavaFX Application Thread] DEBUG TilesetLoader        - Loading view for layer Tile Layer 1
03:42:39.603 [JavaFX Application Thread] DEBUG TilesetLoader        - Created buffer with size 2048.0x1024.0
03:42:39.692 [JavaFX Application Thread] DEBUG TMXLevelLoader       - Creating object layer entities
03:42:39.694 [JavaFX Application Thread] DEBUG FXGLAssetLoaderServi - Loading from file system: file:/C:/Users/frank/Desktop/ProjectFun/myproject/myproject/target/classes/assets/textures/Rex.png
03:42:39.700 [JavaFX Application Thread] DEBUG FXGLAssetLoaderServi - Loading from file system: file:/C:/Users/frank/Desktop/ProjectFun/myproject/myproject/target/classes/assets/textures/Karee.png
03:42:39.704 [JavaFX Application Thread] DEBUG GameWorld            - Clearing removable entities
03:42:39.712 [JavaFX Application Thread] DEBUG GameWorld            - Setting level: com.almasb.fxgl.entity.level.Level@4928f20f
03:42:39.716 [JavaFX Application Thread] WARN  TMXLevelLoader       - TiledMap generated from 1.11.2. Supported version: 1.9.0. Some features may not be parsed fully.
03:42:39.718 [JavaFX Application Thread] DEBUG TMXLevelLoader       - Parsed TiledMap: file:/C:/Users/frank/Desktop/ProjectFun/myproject/myproject/target/classes/assets/levels/battle1.tmx
03:42:39.718 [JavaFX Application Thread] DEBUG TMXLevelLoader       - Creating tile layer entities
03:42:39.719 [JavaFX Application Thread] DEBUG TilesetLoader        - Loading view for layer Tile Layer 1
03:42:39.720 [JavaFX Application Thread] DEBUG TilesetLoader        - Created buffer with size 2048.0x1024.0
03:42:39.801 [JavaFX Application Thread] DEBUG TMXLevelLoader       - Creating object layer entities
03:42:40.672 [JavaFX Application Thread] DEBUG EventBus             - Firing event: com.GameEvent.BackMainScene[source=javafx.event.Event$$Lambda/0x00000165361729c0@b76bda0]
03:42:40.674 [JavaFX Application Thread] WARN  TMXLevelLoader       - TiledMap generated from 1.11.2. Supported version: 1.9.0. Some features may not be parsed fully.
03:42:40.678 [JavaFX Application Thread] DEBUG TMXLevelLoader       - Parsed TiledMap: file:/C:/Users/frank/Desktop/ProjectFun/myproject/myproject/target/classes/assets/levels/scene1.tmx
03:42:40.678 [JavaFX Application Thread] DEBUG TMXLevelLoader       - Creating tile layer entities
03:42:40.678 [JavaFX Application Thread] DEBUG TilesetLoader        - Loading view for layer lowefloor
03:42:40.679 [JavaFX Application Thread] DEBUG TilesetLoader        - Created buffer with size 512.0x1024.0
03:42:40.700 [JavaFX Application Thread] DEBUG TilesetLoader        - Loading view for layer cliff
03:42:40.701 [JavaFX Application Thread] DEBUG TilesetLoader        - Created buffer with size 512.0x1024.0
03:42:40.701 [JavaFX Application Thread] DEBUG TilesetLoader        - Loading view for layer cliff1
03:42:40.705 [JavaFX Application Thread] DEBUG TilesetLoader        - Created buffer with size 512.0x1024.0
03:42:40.706 [JavaFX Application Thread] DEBUG TilesetLoader        - Loading view for layer cliff2
03:42:40.706 [JavaFX Application Thread] DEBUG TilesetLoader        - Created buffer with size 512.0x1024.0
03:42:40.707 [JavaFX Application Thread] DEBUG TilesetLoader        - Loading view for layer Tile Layer 3
03:42:40.707 [JavaFX Application Thread] DEBUG TilesetLoader        - Created buffer with size 512.0x1024.0
03:42:40.707 [JavaFX Application Thread] DEBUG TilesetLoader        - Loading view for layer Tile Layer 6
03:42:40.708 [JavaFX Application Thread] DEBUG TilesetLoader        - Created buffer with size 512.0x1024.0
03:42:40.744 [JavaFX Application Thread] DEBUG TilesetLoader        - Loading view for layer prop
03:42:40.747 [JavaFX Application Thread] DEBUG TilesetLoader        - Created buffer with size 512.0x1024.0
03:42:40.748 [JavaFX Application Thread] DEBUG TMXLevelLoader       - Creating object layer entities
03:42:40.753 [JavaFX Application Thread] DEBUG GameWorld            - Clearing removable entities
03:42:40.753 [JavaFX Application Thread] DEBUG GameWorld            - Setting level: com.almasb.fxgl.entity.level.Level@4ba56f7b
03:42:40.757 [JavaFX Application Thread] WARN  TMXLevelLoader       - TiledMap generated from 1.11.2. Supported version: 1.9.0. Some features may not be parsed fully.
03:42:40.761 [JavaFX Application Thread] DEBUG TMXLevelLoader       - Parsed TiledMap: file:/C:/Users/frank/Desktop/ProjectFun/myproject/myproject/target/classes/assets/levels/scene1.tmx
03:42:40.761 [JavaFX Application Thread] DEBUG TMXLevelLoader       - Creating tile layer entities
03:42:40.761 [JavaFX Application Thread] DEBUG TilesetLoader        - Loading view for layer lowefloor
03:42:40.761 [JavaFX Application Thread] DEBUG TilesetLoader        - Created buffer with size 512.0x1024.0
03:42:40.781 [JavaFX Application Thread] DEBUG TilesetLoader        - Loading view for layer cliff
03:42:40.781 [JavaFX Application Thread] DEBUG TilesetLoader        - Created buffer with size 512.0x1024.0
03:42:40.781 [JavaFX Application Thread] DEBUG TilesetLoader        - Loading view for layer cliff1
03:42:40.786 [JavaFX Application Thread] DEBUG TilesetLoader        - Created buffer with size 512.0x1024.0
03:42:40.787 [JavaFX Application Thread] DEBUG TilesetLoader        - Loading view for layer cliff2
03:42:40.787 [JavaFX Application Thread] DEBUG TilesetLoader        - Created buffer with size 512.0x1024.0
03:42:40.788 [JavaFX Application Thread] DEBUG TilesetLoader        - Loading view for layer Tile Layer 3
03:42:40.789 [JavaFX Application Thread] DEBUG TilesetLoader        - Created buffer with size 512.0x1024.0
03:42:40.789 [JavaFX Application Thread] DEBUG TilesetLoader        - Loading view for layer Tile Layer 6
03:42:40.790 [JavaFX Application Thread] DEBUG TilesetLoader        - Created buffer with size 512.0x1024.0
03:42:40.832 [JavaFX Application Thread] DEBUG TilesetLoader        - Loading view for layer prop
03:42:40.833 [JavaFX Application Thread] DEBUG TilesetLoader        - Created buffer with size 512.0x1024.0
03:42:40.833 [JavaFX Application Thread] DEBUG TMXLevelLoader       - Creating object layer entities
03:42:40.865 [FXGL Background Thread 3 ] DEBUG Engine               - Logging environment variables
03:42:40.865 [FXGL Background Thread 3 ] DEBUG Engine               - achievements: []
03:42:40.865 [FXGL Background Thread 3 ] DEBUG Engine               - actualHeight: 864.0
03:42:40.866 [FXGL Background Thread 3 ] DEBUG Engine               - actualHeightProperty: ReadOnlyDoubleProperty [value: 864.0]
03:42:40.866 [FXGL Background Thread 3 ] DEBUG Engine               - actualWidth: 1536.0
03:42:40.866 [FXGL Background Thread 3 ] DEBUG Engine               - actualWidthProperty: ReadOnlyDoubleProperty [value: 1536.0]
03:42:40.866 [FXGL Background Thread 3 ] DEBUG Engine               - appIcon: fxgl_icon.png
03:42:40.866 [FXGL Background Thread 3 ] DEBUG Engine               - applicationMode: DEVELOPER
03:42:40.866 [FXGL Background Thread 3 ] DEBUG Engine               - cSSList: [fxgl_dark.css]
03:42:40.866 [FXGL Background Thread 3 ] DEBUG Engine               - collisionDetectionStrategy: BRUTE_FORCE
03:42:40.866 [FXGL Background Thread 3 ] DEBUG Engine               - configClass: Optional.empty
03:42:40.866 [FXGL Background Thread 3 ] DEBUG Engine               - credits: []
03:42:40.867 [FXGL Background Thread 3 ] DEBUG Engine               - defaultCursor: CursorInfo(imageName=fxgl_default_cursor.png, hotspotX=7.0, hotspotY=6.0)
03:42:40.867 [FXGL Background Thread 3 ] DEBUG Engine               - devBBoxColorProperty: ObjectProperty [value: 0xff0000ff]
03:42:40.867 [FXGL Background Thread 3 ] DEBUG Engine               - devEnableDebugCameraProperty: BooleanProperty [value: false]
03:42:40.867 [FXGL Background Thread 3 ] DEBUG Engine               - devSensorColorProperty: ObjectProperty [value: 0xffff00ff]
03:42:40.867 [FXGL Background Thread 3 ] DEBUG Engine               - devShowBBoxProperty: BooleanProperty [value: false]
03:42:40.867 [FXGL Background Thread 3 ] DEBUG Engine               - devShowPositionProperty: BooleanProperty [value: false]
03:42:40.867 [FXGL Background Thread 3 ] DEBUG Engine               - enabledMenuItems: []
03:42:40.867 [FXGL Background Thread 3 ] DEBUG Engine               - engineServices: [class com.almasb.fxgl.app.services.FXGLAssetLoaderService, class com.almasb.fxgl.app.FXGLApplication$GameApplicationService, class com.almasb.fxgl.app.services.FXGLDialogService, class com.almasb.fxgl.app.services.IOTaskExecutorService, class com.almasb.fxgl.io.FileSystemService, class com.almasb.fxgl.localization.LocalizationService, class com.almasb.fxgl.app.services.SystemBundleService, class com.almasb.fxgl.profile.SaveLoadService, class com.almasb.fxgl.ui.FXGLUIFactoryServiceProvider, class com.almasb.fxgl.ui.FXGLDialogFactoryServiceProvider, class com.almasb.fxgl.audio.AudioPlayer, class com.almasb.fxgl.notification.impl.NotificationServiceProvider, class com.almasb.fxgl.achievement.AchievementService, class com.almasb.fxgl.cutscene.CutsceneService, class com.almasb.fxgl.minigames.MiniGameService, class com.almasb.fxgl.net.NetService, class com.almasb.fxgl.app.services.UpdaterService, class com.almasb.fxgl.dev.DevService]
03:42:40.867 [FXGL Background Thread 3 ] DEBUG Engine               - fontGame: Abel-Regular.ttf
03:42:40.867 [FXGL Background Thread 3 ] DEBUG Engine               - fontMono: TerminalLandMono-Regular.otf
03:42:40.867 [FXGL Background Thread 3 ] DEBUG Engine               - fontSizeScaleUI: 1.0
03:42:40.867 [FXGL Background Thread 3 ] DEBUG Engine               - fontText: Courier-Prime.ttf
03:42:40.867 [FXGL Background Thread 3 ] DEBUG Engine               - fontUI: VarelaRound-Regular.ttf
03:42:40.867 [FXGL Background Thread 3 ] DEBUG Engine               - fullScreen: BooleanProperty [value: true]
03:42:40.867 [FXGL Background Thread 3 ] DEBUG Engine               - gameDifficulty: MEDIUM
03:42:40.867 [FXGL Background Thread 3 ] DEBUG Engine               - gameDifficultyProperty: ObjectProperty [value: MEDIUM]
03:42:40.867 [FXGL Background Thread 3 ] DEBUG Engine               - globalMusicVolume: 0.5
03:42:40.867 [FXGL Background Thread 3 ] DEBUG Engine               - globalMusicVolumeProperty: DoubleProperty [value: 0.5]
03:42:40.867 [FXGL Background Thread 3 ] DEBUG Engine               - globalSoundVolume: 0.5
03:42:40.867 [FXGL Background Thread 3 ] DEBUG Engine               - globalSoundVolumeProperty: DoubleProperty [value: 0.5]
03:42:40.868 [FXGL Background Thread 3 ] DEBUG Engine               - height: 720
03:42:40.868 [FXGL Background Thread 3 ] DEBUG Engine               - is3D: false
03:42:40.868 [FXGL Background Thread 3 ] DEBUG Engine               - isAndroid: false
03:42:40.868 [FXGL Background Thread 3 ] DEBUG Engine               - isBrowser: false
03:42:40.868 [FXGL Background Thread 3 ] DEBUG Engine               - isClickFeedbackEnabled: false
03:42:40.868 [FXGL Background Thread 3 ] DEBUG Engine               - isCloseConfirmation: false
03:42:40.868 [FXGL Background Thread 3 ] DEBUG Engine               - isDesktop: true
03:42:40.868 [FXGL Background Thread 3 ] DEBUG Engine               - isDeveloperMenuEnabled: true
03:42:40.868 [FXGL Background Thread 3 ] DEBUG Engine               - isEmbedded: false
03:42:40.868 [FXGL Background Thread 3 ] DEBUG Engine               - isEntityPreloadEnabled: true
03:42:40.868 [FXGL Background Thread 3 ] DEBUG Engine               - isExperimentalTiledLargeMap: false
03:42:40.868 [FXGL Background Thread 3 ] DEBUG Engine               - isFileSystemWriteAllowed: true
03:42:40.868 [FXGL Background Thread 3 ] DEBUG Engine               - isFullScreenAllowed: true
03:42:40.868 [FXGL Background Thread 3 ] DEBUG Engine               - isFullScreenFromStart: true
03:42:40.868 [FXGL Background Thread 3 ] DEBUG Engine               - isGameMenuEnabled: true
03:42:40.868 [FXGL Background Thread 3 ] DEBUG Engine               - isIOS: false
03:42:40.868 [FXGL Background Thread 3 ] DEBUG Engine               - isIntroEnabled: false
03:42:40.868 [FXGL Background Thread 3 ] DEBUG Engine               - isLinux: false
03:42:40.868 [FXGL Background Thread 3 ] DEBUG Engine               - isMac: false
03:42:40.868 [FXGL Background Thread 3 ] DEBUG Engine               - isMainMenuEnabled: false
03:42:40.868 [FXGL Background Thread 3 ] DEBUG Engine               - isManualResizeEnabled: false
03:42:40.869 [FXGL Background Thread 3 ] DEBUG Engine               - isMobile: false
03:42:40.869 [FXGL Background Thread 3 ] DEBUG Engine               - isNative: false
03:42:40.869 [FXGL Background Thread 3 ] DEBUG Engine               - isPauseMusicWhenMinimized: true
03:42:40.869 [FXGL Background Thread 3 ] DEBUG Engine               - isPreserveResizeRatio: false
03:42:40.869 [FXGL Background Thread 3 ] DEBUG Engine               - isProfilingEnabled: false
03:42:40.869 [FXGL Background Thread 3 ] DEBUG Engine               - isScaleAffectedOnResize: true
03:42:40.869 [FXGL Background Thread 3 ] DEBUG Engine               - isSingleStep: false
03:42:40.869 [FXGL Background Thread 3 ] DEBUG Engine               - isUserProfileEnabled: false
03:42:40.869 [FXGL Background Thread 3 ] DEBUG Engine               - isWindows: true
03:42:40.869 [FXGL Background Thread 3 ] DEBUG Engine               - language: ObjectProperty [value: ENGLISH]
03:42:40.869 [FXGL Background Thread 3 ] DEBUG Engine               - menuKey: ESCAPE
03:42:40.869 [FXGL Background Thread 3 ] DEBUG Engine               - mouseSensitivity: 0.2
03:42:40.869 [FXGL Background Thread 3 ] DEBUG Engine               - notificationViewClass: class com.almasb.fxgl.notification.view.XboxNotificationView
03:42:40.869 [FXGL Background Thread 3 ] DEBUG Engine               - pixelsPerMeter: 50.0
03:42:40.869 [FXGL Background Thread 3 ] DEBUG Engine               - platform: WINDOWS
03:42:40.869 [FXGL Background Thread 3 ] DEBUG Engine               - prefHeightProperty: ReadOnlyDoubleProperty [value: 720.0]
03:42:40.869 [FXGL Background Thread 3 ] DEBUG Engine               - prefWidthProperty: ReadOnlyDoubleProperty [value: 1280.0]
03:42:40.869 [FXGL Background Thread 3 ] DEBUG Engine               - profileDir: profiles/
03:42:40.869 [FXGL Background Thread 3 ] DEBUG Engine               - profileName: StringProperty [value: DEFAULT]
03:42:40.869 [FXGL Background Thread 3 ] DEBUG Engine               - randomSeed: -1
03:42:40.869 [FXGL Background Thread 3 ] DEBUG Engine               - runtimeInfo: RuntimeInfo(platform=WINDOWS, version=21.1, build=27.03.2024 07.52)
03:42:40.869 [FXGL Background Thread 3 ] DEBUG Engine               - saveFileExt: sav
03:42:40.870 [FXGL Background Thread 3 ] DEBUG Engine               - scaledHeightProp$fxgl: DoubleProperty [bound, value: 864.0]
03:42:40.870 [FXGL Background Thread 3 ] DEBUG Engine               - scaledWidthProp$fxgl: DoubleProperty [bound, value: 1536.0]
03:42:40.870 [FXGL Background Thread 3 ] DEBUG Engine               - sceneFactory: com.almasb.fxgl.app.scene.SceneFactory@64adc53e
03:42:40.870 [FXGL Background Thread 3 ] DEBUG Engine               - secondsIn24h: 60
03:42:40.870 [FXGL Background Thread 3 ] DEBUG Engine               - soundMenuBack: menu/back.wav
03:42:40.870 [FXGL Background Thread 3 ] DEBUG Engine               - soundMenuPress: menu/press.wav
03:42:40.870 [FXGL Background Thread 3 ] DEBUG Engine               - soundMenuSelect: menu/select.wav
03:42:40.870 [FXGL Background Thread 3 ] DEBUG Engine               - soundNotification: core/notification.wav
03:42:40.870 [FXGL Background Thread 3 ] DEBUG Engine               - stageStyle: DECORATED
03:42:40.870 [FXGL Background Thread 3 ] DEBUG Engine               - supportedLanguages: [ENGLISH, FRENCH, GERMAN, HUNGARIAN, RUSSIAN]
03:42:40.870 [FXGL Background Thread 3 ] DEBUG Engine               - ticksPerSecond: -1
03:42:40.870 [FXGL Background Thread 3 ] DEBUG Engine               - title: Final Journey
03:42:40.870 [FXGL Background Thread 3 ] DEBUG Engine               - urlGithub: https://github.com/AlmasB/FXGL
03:42:40.870 [FXGL Background Thread 3 ] DEBUG Engine               - urlLeaderboard: http://fxgl-top.herokuapp.com/
03:42:40.870 [FXGL Background Thread 3 ] DEBUG Engine               - urlPOM: https://raw.githubusercontent.com/AlmasB/FXGL/release/README.md
03:42:40.870 [FXGL Background Thread 3 ] DEBUG Engine               - userAppClass: class com.project.App
03:42:40.870 [FXGL Background Thread 3 ] DEBUG Engine               - version: Alpha
03:42:40.870 [FXGL Background Thread 3 ] DEBUG Engine               - versionCheckDays: 7
03:42:40.870 [FXGL Background Thread 3 ] DEBUG Engine               - width: 1280
03:42:40.870 [FXGL Background Thread 3 ] DEBUG Engine               - Logging services
03:42:40.870 [FXGL Background Thread 3 ] DEBUG Engine               - class com.almasb.fxgl.app.services.FXGLAssetLoaderService
03:42:40.870 [FXGL Background Thread 3 ] DEBUG Engine               - class com.almasb.fxgl.app.FXGLApplication$GameApplicationService
03:42:40.870 [FXGL Background Thread 3 ] DEBUG Engine               - class com.almasb.fxgl.app.services.FXGLDialogService
03:42:40.870 [FXGL Background Thread 3 ] DEBUG Engine               - class com.almasb.fxgl.app.services.IOTaskExecutorService
03:42:40.870 [FXGL Background Thread 3 ] DEBUG Engine               - class com.almasb.fxgl.io.FileSystemService
03:42:40.870 [FXGL Background Thread 3 ] DEBUG Engine               - class com.almasb.fxgl.localization.LocalizationService
03:42:40.870 [FXGL Background Thread 3 ] DEBUG Engine               - class com.almasb.fxgl.app.services.SystemBundleService
03:42:40.870 [FXGL Background Thread 3 ] DEBUG Engine               - class com.almasb.fxgl.profile.SaveLoadService
03:42:40.870 [FXGL Background Thread 3 ] DEBUG Engine               - class com.almasb.fxgl.ui.FXGLUIFactoryServiceProvider
03:42:40.870 [FXGL Background Thread 3 ] DEBUG Engine               - class com.almasb.fxgl.ui.FXGLDialogFactoryServiceProvider
03:42:40.870 [FXGL Background Thread 3 ] DEBUG Engine               - class com.almasb.fxgl.audio.AudioPlayer
03:42:40.870 [FXGL Background Thread 3 ] DEBUG Engine               - class com.almasb.fxgl.notification.impl.NotificationServiceProvider
03:42:40.870 [FXGL Background Thread 3 ] DEBUG Engine               - class com.almasb.fxgl.achievement.AchievementService
03:42:40.870 [FXGL Background Thread 3 ] DEBUG Engine               - class com.almasb.fxgl.cutscene.CutsceneService
03:42:40.870 [FXGL Background Thread 3 ] DEBUG Engine               - class com.almasb.fxgl.minigames.MiniGameService
03:42:40.870 [FXGL Background Thread 3 ] DEBUG Engine               - class com.almasb.fxgl.net.NetService
03:42:40.870 [FXGL Background Thread 3 ] DEBUG Engine               - class com.almasb.fxgl.app.services.UpdaterService
03:42:40.870 [FXGL Background Thread 3 ] DEBUG Engine               - class com.almasb.fxgl.dev.DevService
03:42:48.035 [JavaFX Application Thread] DEBUG FXGLApplication      - Exiting FXGL
03:42:48.035 [JavaFX Application Thread] DEBUG LoopRunner           - Stopping loop
03:42:48.035 [JavaFX Application Thread] DEBUG SystemBundleService  - Saving FXGL system data
03:42:48.038 [JavaFX Application Thread] DEBUG FileSystemAccess     - Writing to: C:\Users\frank\Desktop\ProjectFun\myproject\myproject\system\fxgl.bundle
03:42:48.042 [JavaFX Application Thread] DEBUG Async                - Shutting down background threads
03:42:48.042 [JavaFX Application Thread] DEBUG PrimaryStageWindow   - Closing main window
03:42:48.074 [JavaFX Application Thread] DEBUG Logger               - Closing Logger
