17:53:52.645 [main                     ] DEBUG Logger               - Configured Logger
17:53:52.666 [main                     ] DEBUG GameApplication      - Logging settings
Title: Final Journey
Version: Alpha
Width: 1280
Height: 720
Fullscreen: true
Intro: false
Profiling: false
Single step:false
App Mode: DEVELOPER
Menu Key: ESCAPE
Stage Style: DECORATED
Scene Factory: class com.almasb.fxgl.app.scene.SceneFactory

17:53:53.142 [JavaFX Application Thread] DEBUG FXGLApplication      - Initializing FXGL
17:53:53.146 [JavaFX Application Thread] INFO  Engine               - FXGL-21.1 (27.03.2024 07.52) on WINDOWS (J:21.0.5 FX:21.0.1)
17:53:53.146 [JavaFX Application Thread] DEBUG Engine               - JRE Vendor Name: Eclipse Adoptium
17:53:53.147 [JavaFX Application Thread] DEBUG Engine               - Running on OS: Windows 11 version 10.0
17:53:53.147 [JavaFX Application Thread] DEBUG Engine               - Architecture: amd64
17:53:53.147 [JavaFX Application Thread] INFO  Engine               - Source code and latest versions at: https://github.com/AlmasB/FXGL
17:53:53.147 [JavaFX Application Thread] INFO  Engine               -       Ask questions and discuss at: https://github.com/AlmasB/FXGL/discussions
17:53:53.147 [JavaFX Application Thread] INFO  Engine               -              Join the FXGL chat at: https://gitter.im/AlmasB/FXGL
17:53:53.255 [JavaFX Application Thread] DEBUG PrimaryStageWindow   - Creating a JavaFX scene
17:53:53.308 [JavaFX Application Thread] DEBUG PrimaryStageWindow   - Target settings size: 1280.0 x 720.0
17:53:53.309 [JavaFX Application Thread] DEBUG PrimaryStageWindow   - Scaled scene size:    1280.0 x 720.0
17:53:53.309 [JavaFX Application Thread] DEBUG PrimaryStageWindow   - Scaled ratio: (1.0, 1.0)
17:53:53.311 [JavaFX Application Thread] DEBUG PrimaryStageWindow   - Set initial scene to FXGLStartupScene
17:53:53.315 [JavaFX Application Thread] DEBUG PrimaryStageWindow   - Opening main window
17:53:53.422 [JavaFX Application Thread] DEBUG PrimaryStageWindow   - Window border size: (14.4000244140625, 37.5999755859375)
17:53:53.422 [JavaFX Application Thread] DEBUG PrimaryStageWindow   - Scaled size: 1280.0 x 720.0
17:53:53.422 [JavaFX Application Thread] DEBUG PrimaryStageWindow   - Scaled ratio: (1.0, 1.0)
17:53:53.422 [JavaFX Application Thread] DEBUG PrimaryStageWindow   - Scene size: 1280.0 x 720.0
17:53:53.422 [JavaFX Application Thread] DEBUG PrimaryStageWindow   - Stage size: 1294.4000244140625 x 757.5999755859375
17:53:53.495 [JavaFX Application Thread] DEBUG PrimaryStageWindow   - Going fullscreen
17:53:53.510 [FXGL Background Thread 1 ] DEBUG Engine               - Initializing environment variables
17:53:53.567 [FXGL Background Thread 1 ] DEBUG FXGLAssetLoaderServi - User app class for loading assets: class com.project.App
17:53:53.568 [FXGL Background Thread 1 ] DEBUG GameApplicationServi - Applying CSS: fxgl_dark.css
17:53:53.568 [FXGL Background Thread 1 ] DEBUG FXGLAssetLoaderServi - Loading from file system: jar:file:/C:/Users/Lenovo/.m2/repository/com/github/almasb/fxgl/21.1/fxgl-21.1.jar!/fxglassets/ui/css/fxgl_dark.css
17:53:53.606 [FXGL Background Thread 1 ] DEBUG GameApplicationServi - Initializing application scenes
17:53:53.654 [FXGL Background Thread 1 ] DEBUG GameWorld            - Game world initialized
17:53:53.704 [FXGL Background Thread 1 ] DEBUG PhysicsWorld         - Physics world initialized: appHeight=720, physics.ppm=50.0
17:53:53.704 [FXGL Background Thread 1 ] DEBUG PhysicsWorld         - Using strategy: BRUTE_FORCE
17:53:53.707 [FXGL Background Thread 1 ] DEBUG GameScene            - Game scene initialized: 1280x720
17:53:53.717 [FXGL Background Thread 1 ] DEBUG FXGL.DefaultMenu     - createMenuBodyGameMenu()
17:53:53.730 [FXGL Background Thread 1 ] DEBUG FXGL.DefaultMenu     - createOptionsMenu()
17:53:53.737 [FXGL Background Thread 1 ] DEBUG FXGLAssetLoaderServi - Loading from file system: jar:file:/C:/Users/Lenovo/.m2/repository/com/github/almasb/fxgl/21.1/fxgl-21.1.jar!/fxglassets/textures/particles/smoke.png
17:53:53.833 [FXGL Background Thread 1 ] DEBUG FXGLAssetLoaderServi - Loading from file system: jar:file:/C:/Users/Lenovo/.m2/repository/com/github/almasb/fxgl/21.1/fxgl-21.1.jar!/fxglassets/textures/particles/trace_horizontal.png
17:53:53.857 [FXGL Background Thread 1 ] DEBUG GameApplicationServi - Application scenes initialized
17:53:53.871 [FXGL Background Thread 1 ] DEBUG SystemBundleService  - Loading FXGL system data
17:53:53.875 [FXGL Background Thread 1 ] DEBUG FileSystemAccess     - Reading from: C:\Users\Lenovo\ProjectJava3.0\myproject\myproject\system\fxgl.bundle
17:53:53.882 [FXGL Background Thread 1 ] DEBUG SystemBundleService  - Bundle FXGL: {}
17:53:53.882 [FXGL Background Thread 1 ] DEBUG UpdaterService       - Checking for updates
17:53:53.909 [FXGL Background Thread 4 ] DEBUG FXGLApplication      - Loading fonts
17:53:53.909 [FXGL Background Thread 4 ] DEBUG FXGLAssetLoaderServi - Loading from file system: jar:file:/C:/Users/Lenovo/.m2/repository/com/github/almasb/fxgl/21.1/fxgl-21.1.jar!/fxglassets/ui/fonts/VarelaRound-Regular.ttf
17:53:53.909 [FXGL Background Thread 1 ] DEBUG FXGLApplication      - Loading default localization
17:53:53.910 [FXGL Background Thread 1 ] DEBUG FXGLAssetLoaderServi - Loading from file system: jar:file:/C:/Users/Lenovo/.m2/repository/com/github/almasb/fxgl/21.1/fxgl-21.1.jar!/fxglassets/languages/english.lang
17:53:53.946 [FXGL Background Thread 4 ] DEBUG FXGLAssetLoaderServi - Loading from file system: jar:file:/C:/Users/Lenovo/.m2/repository/com/github/almasb/fxgl/21.1/fxgl-21.1.jar!/fxglassets/ui/fonts/Abel-Regular.ttf
17:53:53.950 [FXGL Background Thread 4 ] DEBUG FXGLAssetLoaderServi - Loading from file system: jar:file:/C:/Users/Lenovo/.m2/repository/com/github/almasb/fxgl/21.1/fxgl-21.1.jar!/fxglassets/ui/fonts/TerminalLandMono-Regular.otf
17:53:53.952 [FXGL Background Thread 1 ] INFO  FXGLApplication      - FXGL initialization took: 0.443 sec
17:53:53.956 [FXGL Background Thread 4 ] DEBUG FXGLAssetLoaderServi - Loading from file system: jar:file:/C:/Users/Lenovo/.m2/repository/com/github/almasb/fxgl/21.1/fxgl-21.1.jar!/fxglassets/ui/fonts/Courier-Prime.ttf
17:53:53.964 [JavaFX Application Thread] DEBUG Input                - Registered new binding: Right - D
17:53:53.964 [JavaFX Application Thread] DEBUG Input                - Registered new binding: Left - A
17:53:53.964 [JavaFX Application Thread] DEBUG Input                - Registered new binding: Up - W
17:53:53.964 [JavaFX Application Thread] DEBUG Input                - Registered new binding: Down - S
17:53:53.964 [JavaFX Application Thread] DEBUG Input                - Registered new binding: Interact - E
17:53:53.965 [JavaFX Application Thread] DEBUG FXGLAssetLoaderServi - Loading from file system: jar:file:/C:/Users/Lenovo/.m2/repository/com/github/almasb/fxgl/21.1/fxgl-21.1.jar!/fxglassets/textures/fxgl_icon.png
17:53:53.978 [JavaFX Application Thread] DEBUG FXGLAssetLoaderServi - Loading from file system: jar:file:/C:/Users/Lenovo/.m2/repository/com/github/almasb/fxgl/21.1/fxgl-21.1.jar!/fxglassets/textures/fxgl_default_cursor.png
17:53:53.981 [JavaFX Application Thread] DEBUG Input                - Registered new binding: Screenshot - CTRL+8
17:53:53.982 [JavaFX Application Thread] DEBUG Input                - Registered new binding: Dev Options - 1
17:53:53.984 [JavaFX Application Thread] DEBUG Input                - Registered new binding: Dev Console - 2
17:53:53.984 [JavaFX Application Thread] DEBUG Input                - Registered new binding: System info dump - CTRL+9
17:53:53.985 [JavaFX Application Thread] DEBUG Input                - Registered new binding: Restart - CTRL+R
17:53:53.986 [JavaFX Application Thread] DEBUG Input                - Registered new binding: Toggle Debug Camera - CTRL+7
17:53:53.993 [JavaFX Application Thread] DEBUG LoopRunner           - Starting loop
17:53:54.009 [JavaFX Application Thread] DEBUG LoopRunner           - Initializing JavaFX AnimationTimerLoop
17:53:54.010 [JavaFX Application Thread] DEBUG GameApplicationServi - Starting new game
17:53:54.010 [JavaFX Application Thread] DEBUG Input                - Clearing active input actions
17:53:54.020 [JavaFX Application Thread] DEBUG GameApplicationServi - Removing overlay from FXGLStartupScene and adding to FXGLLoadingScene
17:53:54.023 [JavaFX Application Thread] DEBUG PrimaryStageWindow   - FXGLStartupScene -> FXGLLoadingScene
17:53:54.023 [JavaFX Application Thread] DEBUG GameApplicationServi - Clearing previous game
17:53:54.023 [JavaFX Application Thread] DEBUG GameScene            - Clearing game scene
17:53:54.023 [JavaFX Application Thread] DEBUG GameWorld            - Clearing game world
17:53:54.023 [JavaFX Application Thread] DEBUG PhysicsWorld         - Clearing physics world
17:53:54.025 [FXGL Background Thread 4 ] DEBUG FXGLApplication      - Initializing game
17:53:54.032 [JavaFX Application Thread] DEBUG FXGLApplication      - Registering font factories with UI factory
17:53:54.069 [FXGL Background Thread 4 ] WARN  TMXLevelLoader       - TiledMap generated from 1.11.2. Supported version: 1.9.0. Some features may not be parsed fully.
17:53:54.094 [FXGL Background Thread 4 ] DEBUG TMXLevelLoader       - Parsed TiledMap: file:/C:/Users/Lenovo/ProjectJava3.0/myproject/myproject/target/classes/assets/levels/scene1.tmx
17:53:54.096 [FXGL Background Thread 4 ] DEBUG TMXLevelLoader       - Creating tile layer entities
17:53:54.098 [FXGL Background Thread 4 ] DEBUG TilesetLoader        - Loading view for layer lowefloor
17:53:54.099 [FXGL Background Thread 4 ] DEBUG TilesetLoader        - Created buffer with size 512.0x1024.0
17:53:54.157 [FXGL Background Thread 4 ] DEBUG TilesetLoader        - Loading view for layer cliff
17:53:54.157 [FXGL Background Thread 4 ] DEBUG TilesetLoader        - Created buffer with size 512.0x1024.0
17:53:54.158 [FXGL Background Thread 4 ] DEBUG TilesetLoader        - Loading view for layer cliff1
17:53:54.160 [FXGL Background Thread 4 ] DEBUG TilesetLoader        - Created buffer with size 512.0x1024.0
17:53:54.161 [FXGL Background Thread 4 ] DEBUG TilesetLoader        - Loading view for layer cliff2
17:53:54.161 [FXGL Background Thread 4 ] DEBUG TilesetLoader        - Created buffer with size 512.0x1024.0
17:53:54.164 [FXGL Background Thread 4 ] DEBUG TilesetLoader        - Loading view for layer Tile Layer 3
17:53:54.164 [FXGL Background Thread 4 ] DEBUG TilesetLoader        - Created buffer with size 512.0x1024.0
17:53:54.165 [FXGL Background Thread 4 ] DEBUG TilesetLoader        - Loading view for layer Tile Layer 6
17:53:54.166 [FXGL Background Thread 4 ] DEBUG TilesetLoader        - Created buffer with size 512.0x1024.0
17:53:54.235 [FXGL Background Thread 4 ] DEBUG TilesetLoader        - Loading view for layer prop
17:53:54.235 [FXGL Background Thread 4 ] DEBUG TilesetLoader        - Created buffer with size 512.0x1024.0
17:53:54.236 [FXGL Background Thread 4 ] DEBUG TMXLevelLoader       - Creating object layer entities
17:53:54.267 [FXGL Background Thread 4 ] DEBUG FXGLAssetLoaderServi - Loading from file system: file:/C:/Users/Lenovo/ProjectJava3.0/myproject/myproject/target/classes/assets/textures/Rafflesia.png
17:53:54.282 [FXGL Background Thread 4 ] WARN  TMXLevelLoader       - TiledMap generated from 1.11.2. Supported version: 1.9.0. Some features may not be parsed fully.
17:53:54.297 [FXGL Background Thread 4 ] DEBUG TMXLevelLoader       - Parsed TiledMap: file:/C:/Users/Lenovo/ProjectJava3.0/myproject/myproject/target/classes/assets/levels/scene1.tmx
17:53:54.297 [FXGL Background Thread 4 ] DEBUG TMXLevelLoader       - Creating tile layer entities
17:53:54.297 [FXGL Background Thread 4 ] DEBUG TilesetLoader        - Loading view for layer lowefloor
17:53:54.298 [FXGL Background Thread 4 ] DEBUG TilesetLoader        - Created buffer with size 512.0x1024.0
17:53:54.320 [FXGL Background Thread 4 ] DEBUG TilesetLoader        - Loading view for layer cliff
17:53:54.321 [FXGL Background Thread 4 ] DEBUG TilesetLoader        - Created buffer with size 512.0x1024.0
17:53:54.321 [FXGL Background Thread 4 ] DEBUG TilesetLoader        - Loading view for layer cliff1
17:53:54.322 [FXGL Background Thread 4 ] DEBUG TilesetLoader        - Created buffer with size 512.0x1024.0
17:53:54.323 [FXGL Background Thread 4 ] DEBUG TilesetLoader        - Loading view for layer cliff2
17:53:54.323 [FXGL Background Thread 4 ] DEBUG TilesetLoader        - Created buffer with size 512.0x1024.0
17:53:54.324 [FXGL Background Thread 4 ] DEBUG TilesetLoader        - Loading view for layer Tile Layer 3
17:53:54.325 [FXGL Background Thread 4 ] DEBUG TilesetLoader        - Created buffer with size 512.0x1024.0
17:53:54.325 [FXGL Background Thread 4 ] DEBUG TilesetLoader        - Loading view for layer Tile Layer 6
17:53:54.326 [FXGL Background Thread 4 ] DEBUG TilesetLoader        - Created buffer with size 512.0x1024.0
17:53:54.373 [FXGL Background Thread 4 ] DEBUG TilesetLoader        - Loading view for layer prop
17:53:54.374 [FXGL Background Thread 4 ] DEBUG TilesetLoader        - Created buffer with size 512.0x1024.0
17:53:54.375 [FXGL Background Thread 4 ] DEBUG TMXLevelLoader       - Creating object layer entities
17:53:54.385 [FXGL Background Thread 4 ] DEBUG GameWorld            - Clearing removable entities
17:53:54.386 [FXGL Background Thread 4 ] DEBUG GameWorld            - Setting level: com.almasb.fxgl.entity.level.Level@5e351762
17:53:54.402 [FXGL Background Thread 4 ] DEBUG FXGLAssetLoaderServi - Loading from file system: file:/C:/Users/Lenovo/ProjectJava3.0/myproject/myproject/target/classes/assets/textures/Actor1.png
17:53:54.410 [FXGL Background Thread 4 ] INFO  FXGLApplication      - Game initialization took: 0.385 sec
17:53:54.411 [JavaFX Application Thread] DEBUG Input                - Clearing active input actions
17:53:54.421 [JavaFX Application Thread] DEBUG GameApplicationServi - Removing overlay from FXGLLoadingScene and adding to GameScene
17:53:54.424 [JavaFX Application Thread] DEBUG PrimaryStageWindow   - FXGLLoadingScene -> GameScene
17:53:56.907 [FXGL Background Thread 3 ] DEBUG Engine               - Logging environment variables
17:53:56.909 [FXGL Background Thread 3 ] DEBUG Engine               - achievements: []
17:53:56.909 [FXGL Background Thread 3 ] DEBUG Engine               - actualHeight: 864.0
17:53:56.909 [FXGL Background Thread 3 ] DEBUG Engine               - actualHeightProperty: ReadOnlyDoubleProperty [value: 864.0]
17:53:56.909 [FXGL Background Thread 3 ] DEBUG Engine               - actualWidth: 1536.0
17:53:56.909 [FXGL Background Thread 3 ] DEBUG Engine               - actualWidthProperty: ReadOnlyDoubleProperty [value: 1536.0]
17:53:56.909 [FXGL Background Thread 3 ] DEBUG Engine               - appIcon: fxgl_icon.png
17:53:56.910 [FXGL Background Thread 3 ] DEBUG Engine               - applicationMode: DEVELOPER
17:53:56.910 [FXGL Background Thread 3 ] DEBUG Engine               - cSSList: [fxgl_dark.css]
17:53:56.910 [FXGL Background Thread 3 ] DEBUG Engine               - collisionDetectionStrategy: BRUTE_FORCE
17:53:56.910 [FXGL Background Thread 3 ] DEBUG Engine               - configClass: Optional.empty
17:53:56.910 [FXGL Background Thread 3 ] DEBUG Engine               - credits: []
17:53:56.911 [FXGL Background Thread 3 ] DEBUG Engine               - defaultCursor: CursorInfo(imageName=fxgl_default_cursor.png, hotspotX=7.0, hotspotY=6.0)
17:53:56.911 [FXGL Background Thread 3 ] DEBUG Engine               - devBBoxColorProperty: ObjectProperty [value: 0xff0000ff]
17:53:56.911 [FXGL Background Thread 3 ] DEBUG Engine               - devEnableDebugCameraProperty: BooleanProperty [value: false]
17:53:56.911 [FXGL Background Thread 3 ] DEBUG Engine               - devSensorColorProperty: ObjectProperty [value: 0xffff00ff]
17:53:56.911 [FXGL Background Thread 3 ] DEBUG Engine               - devShowBBoxProperty: BooleanProperty [value: false]
17:53:56.911 [FXGL Background Thread 3 ] DEBUG Engine               - devShowPositionProperty: BooleanProperty [value: false]
17:53:56.912 [FXGL Background Thread 3 ] DEBUG Engine               - enabledMenuItems: []
17:53:56.912 [FXGL Background Thread 3 ] DEBUG Engine               - engineServices: [class com.almasb.fxgl.app.services.FXGLAssetLoaderService, class com.almasb.fxgl.app.FXGLApplication$GameApplicationService, class com.almasb.fxgl.app.services.FXGLDialogService, class com.almasb.fxgl.app.services.IOTaskExecutorService, class com.almasb.fxgl.io.FileSystemService, class com.almasb.fxgl.localization.LocalizationService, class com.almasb.fxgl.app.services.SystemBundleService, class com.almasb.fxgl.profile.SaveLoadService, class com.almasb.fxgl.ui.FXGLUIFactoryServiceProvider, class com.almasb.fxgl.ui.FXGLDialogFactoryServiceProvider, class com.almasb.fxgl.audio.AudioPlayer, class com.almasb.fxgl.notification.impl.NotificationServiceProvider, class com.almasb.fxgl.achievement.AchievementService, class com.almasb.fxgl.cutscene.CutsceneService, class com.almasb.fxgl.minigames.MiniGameService, class com.almasb.fxgl.net.NetService, class com.almasb.fxgl.app.services.UpdaterService, class com.almasb.fxgl.dev.DevService]
17:53:56.912 [FXGL Background Thread 3 ] DEBUG Engine               - fontGame: Abel-Regular.ttf
17:53:56.912 [FXGL Background Thread 3 ] DEBUG Engine               - fontMono: TerminalLandMono-Regular.otf
17:53:56.912 [FXGL Background Thread 3 ] DEBUG Engine               - fontSizeScaleUI: 1.0
17:53:56.912 [FXGL Background Thread 3 ] DEBUG Engine               - fontText: Courier-Prime.ttf
17:53:56.912 [FXGL Background Thread 3 ] DEBUG Engine               - fontUI: VarelaRound-Regular.ttf
17:53:56.912 [FXGL Background Thread 3 ] DEBUG Engine               - fullScreen: BooleanProperty [value: true]
17:53:56.912 [FXGL Background Thread 3 ] DEBUG Engine               - gameDifficulty: MEDIUM
17:53:56.912 [FXGL Background Thread 3 ] DEBUG Engine               - gameDifficultyProperty: ObjectProperty [value: MEDIUM]
17:53:56.912 [FXGL Background Thread 3 ] DEBUG Engine               - globalMusicVolume: 0.5
17:53:56.912 [FXGL Background Thread 3 ] DEBUG Engine               - globalMusicVolumeProperty: DoubleProperty [value: 0.5]
17:53:56.912 [FXGL Background Thread 3 ] DEBUG Engine               - globalSoundVolume: 0.5
17:53:56.912 [FXGL Background Thread 3 ] DEBUG Engine               - globalSoundVolumeProperty: DoubleProperty [value: 0.5]
17:53:56.913 [FXGL Background Thread 3 ] DEBUG Engine               - height: 720
17:53:56.913 [FXGL Background Thread 3 ] DEBUG Engine               - is3D: false
17:53:56.913 [FXGL Background Thread 3 ] DEBUG Engine               - isAndroid: false
17:53:56.913 [FXGL Background Thread 3 ] DEBUG Engine               - isBrowser: false
17:53:56.913 [FXGL Background Thread 3 ] DEBUG Engine               - isClickFeedbackEnabled: false
17:53:56.913 [FXGL Background Thread 3 ] DEBUG Engine               - isCloseConfirmation: false
17:53:56.913 [FXGL Background Thread 3 ] DEBUG Engine               - isDesktop: true
17:53:56.913 [FXGL Background Thread 3 ] DEBUG Engine               - isDeveloperMenuEnabled: true
17:53:56.913 [FXGL Background Thread 3 ] DEBUG Engine               - isEmbedded: false
17:53:56.913 [FXGL Background Thread 3 ] DEBUG Engine               - isEntityPreloadEnabled: true
17:53:56.913 [FXGL Background Thread 3 ] DEBUG Engine               - isExperimentalTiledLargeMap: false
17:53:56.913 [FXGL Background Thread 3 ] DEBUG Engine               - isFileSystemWriteAllowed: true
17:53:56.914 [FXGL Background Thread 3 ] DEBUG Engine               - isFullScreenAllowed: true
17:53:56.914 [FXGL Background Thread 3 ] DEBUG Engine               - isFullScreenFromStart: true
17:53:56.914 [FXGL Background Thread 3 ] DEBUG Engine               - isGameMenuEnabled: true
17:53:56.914 [FXGL Background Thread 3 ] DEBUG Engine               - isIOS: false
17:53:56.914 [FXGL Background Thread 3 ] DEBUG Engine               - isIntroEnabled: false
17:53:56.914 [FXGL Background Thread 3 ] DEBUG Engine               - isLinux: false
17:53:56.915 [FXGL Background Thread 3 ] DEBUG Engine               - isMac: false
17:53:56.915 [FXGL Background Thread 3 ] DEBUG Engine               - isMainMenuEnabled: false
17:53:56.915 [FXGL Background Thread 3 ] DEBUG Engine               - isManualResizeEnabled: false
17:53:56.915 [FXGL Background Thread 3 ] DEBUG Engine               - isMobile: false
17:53:56.915 [FXGL Background Thread 3 ] DEBUG Engine               - isNative: false
17:53:56.915 [FXGL Background Thread 3 ] DEBUG Engine               - isPauseMusicWhenMinimized: true
17:53:56.915 [FXGL Background Thread 3 ] DEBUG Engine               - isPreserveResizeRatio: false
17:53:56.915 [FXGL Background Thread 3 ] DEBUG Engine               - isProfilingEnabled: false
17:53:56.915 [FXGL Background Thread 3 ] DEBUG Engine               - isScaleAffectedOnResize: true
17:53:56.916 [FXGL Background Thread 3 ] DEBUG Engine               - isSingleStep: false
17:53:56.916 [FXGL Background Thread 3 ] DEBUG Engine               - isUserProfileEnabled: false
17:53:56.916 [FXGL Background Thread 3 ] DEBUG Engine               - isWindows: true
17:53:56.916 [FXGL Background Thread 3 ] DEBUG Engine               - language: ObjectProperty [value: ENGLISH]
17:53:56.916 [FXGL Background Thread 3 ] DEBUG Engine               - menuKey: ESCAPE
17:53:56.916 [FXGL Background Thread 3 ] DEBUG Engine               - mouseSensitivity: 0.2
17:53:56.916 [FXGL Background Thread 3 ] DEBUG Engine               - notificationViewClass: class com.almasb.fxgl.notification.view.XboxNotificationView
17:53:56.916 [FXGL Background Thread 3 ] DEBUG Engine               - pixelsPerMeter: 50.0
17:53:56.916 [FXGL Background Thread 3 ] DEBUG Engine               - platform: WINDOWS
17:53:56.916 [FXGL Background Thread 3 ] DEBUG Engine               - prefHeightProperty: ReadOnlyDoubleProperty [value: 720.0]
17:53:56.916 [FXGL Background Thread 3 ] DEBUG Engine               - prefWidthProperty: ReadOnlyDoubleProperty [value: 1280.0]
17:53:56.916 [FXGL Background Thread 3 ] DEBUG Engine               - profileDir: profiles/
17:53:56.916 [FXGL Background Thread 3 ] DEBUG Engine               - profileName: StringProperty [value: DEFAULT]
17:53:56.916 [FXGL Background Thread 3 ] DEBUG Engine               - randomSeed: -1
17:53:56.916 [FXGL Background Thread 3 ] DEBUG Engine               - runtimeInfo: RuntimeInfo(platform=WINDOWS, version=21.1, build=27.03.2024 07.52)
17:53:56.916 [FXGL Background Thread 3 ] DEBUG Engine               - saveFileExt: sav
17:53:56.916 [FXGL Background Thread 3 ] DEBUG Engine               - scaledHeightProp$fxgl: DoubleProperty [bound, value: 864.0]
17:53:56.917 [FXGL Background Thread 3 ] DEBUG Engine               - scaledWidthProp$fxgl: DoubleProperty [bound, value: 1536.0]
17:53:56.917 [FXGL Background Thread 3 ] DEBUG Engine               - sceneFactory: com.almasb.fxgl.app.scene.SceneFactory@47920b47
17:53:56.917 [FXGL Background Thread 3 ] DEBUG Engine               - secondsIn24h: 60
17:53:56.917 [FXGL Background Thread 3 ] DEBUG Engine               - soundMenuBack: menu/back.wav
17:53:56.917 [FXGL Background Thread 3 ] DEBUG Engine               - soundMenuPress: menu/press.wav
17:53:56.917 [FXGL Background Thread 3 ] DEBUG Engine               - soundMenuSelect: menu/select.wav
17:53:56.917 [FXGL Background Thread 3 ] DEBUG Engine               - soundNotification: core/notification.wav
17:53:56.917 [FXGL Background Thread 3 ] DEBUG Engine               - stageStyle: DECORATED
17:53:56.917 [FXGL Background Thread 3 ] DEBUG Engine               - supportedLanguages: [ENGLISH, FRENCH, GERMAN, HUNGARIAN, RUSSIAN]
17:53:56.917 [FXGL Background Thread 3 ] DEBUG Engine               - ticksPerSecond: -1
17:53:56.917 [FXGL Background Thread 3 ] DEBUG Engine               - title: Final Journey
17:53:56.917 [FXGL Background Thread 3 ] DEBUG Engine               - urlGithub: https://github.com/AlmasB/FXGL
17:53:56.917 [FXGL Background Thread 3 ] DEBUG Engine               - urlLeaderboard: http://fxgl-top.herokuapp.com/
17:53:56.917 [FXGL Background Thread 3 ] DEBUG Engine               - urlPOM: https://raw.githubusercontent.com/AlmasB/FXGL/release/README.md
17:53:56.917 [FXGL Background Thread 3 ] DEBUG Engine               - userAppClass: class com.project.App
17:53:56.918 [FXGL Background Thread 3 ] DEBUG Engine               - version: Alpha
17:53:56.918 [FXGL Background Thread 3 ] DEBUG Engine               - versionCheckDays: 7
17:53:56.918 [FXGL Background Thread 3 ] DEBUG Engine               - width: 1280
17:53:56.918 [FXGL Background Thread 3 ] DEBUG Engine               - Logging services
17:53:56.918 [FXGL Background Thread 3 ] DEBUG Engine               - class com.almasb.fxgl.app.services.FXGLAssetLoaderService
17:53:56.918 [FXGL Background Thread 3 ] DEBUG Engine               - class com.almasb.fxgl.app.FXGLApplication$GameApplicationService
17:53:56.919 [FXGL Background Thread 3 ] DEBUG Engine               - class com.almasb.fxgl.app.services.FXGLDialogService
17:53:56.919 [FXGL Background Thread 3 ] DEBUG Engine               - class com.almasb.fxgl.app.services.IOTaskExecutorService
17:53:56.919 [FXGL Background Thread 3 ] DEBUG Engine               - class com.almasb.fxgl.io.FileSystemService
17:53:56.919 [FXGL Background Thread 3 ] DEBUG Engine               - class com.almasb.fxgl.localization.LocalizationService
17:53:56.919 [FXGL Background Thread 3 ] DEBUG Engine               - class com.almasb.fxgl.app.services.SystemBundleService
17:53:56.919 [FXGL Background Thread 3 ] DEBUG Engine               - class com.almasb.fxgl.profile.SaveLoadService
17:53:56.919 [FXGL Background Thread 3 ] DEBUG Engine               - class com.almasb.fxgl.ui.FXGLUIFactoryServiceProvider
17:53:56.919 [FXGL Background Thread 3 ] DEBUG Engine               - class com.almasb.fxgl.ui.FXGLDialogFactoryServiceProvider
17:53:56.919 [FXGL Background Thread 3 ] DEBUG Engine               - class com.almasb.fxgl.audio.AudioPlayer
17:53:56.919 [FXGL Background Thread 3 ] DEBUG Engine               - class com.almasb.fxgl.notification.impl.NotificationServiceProvider
17:53:56.919 [FXGL Background Thread 3 ] DEBUG Engine               - class com.almasb.fxgl.achievement.AchievementService
17:53:56.919 [FXGL Background Thread 3 ] DEBUG Engine               - class com.almasb.fxgl.cutscene.CutsceneService
17:53:56.919 [FXGL Background Thread 3 ] DEBUG Engine               - class com.almasb.fxgl.minigames.MiniGameService
17:53:56.919 [FXGL Background Thread 3 ] DEBUG Engine               - class com.almasb.fxgl.net.NetService
17:53:56.919 [FXGL Background Thread 3 ] DEBUG Engine               - class com.almasb.fxgl.app.services.UpdaterService
17:53:56.919 [FXGL Background Thread 3 ] DEBUG Engine               - class com.almasb.fxgl.dev.DevService
17:54:22.594 [JavaFX Application Thread] DEBUG FXGLApplication      - Exiting FXGL
17:54:22.594 [JavaFX Application Thread] DEBUG LoopRunner           - Stopping loop
17:54:22.594 [JavaFX Application Thread] DEBUG SystemBundleService  - Saving FXGL system data
17:54:22.597 [JavaFX Application Thread] DEBUG FileSystemAccess     - Writing to: C:\Users\Lenovo\ProjectJava3.0\myproject\myproject\system\fxgl.bundle
17:54:22.600 [JavaFX Application Thread] DEBUG Async                - Shutting down background threads
17:54:22.600 [JavaFX Application Thread] DEBUG PrimaryStageWindow   - Closing main window
17:54:22.630 [JavaFX Application Thread] DEBUG Logger               - Closing Logger
