08:07:56.530 [main                     ] DEBUG Logger               - Configured Logger
08:07:56.549 [main                     ] DEBUG GameApplication      - Logging settings
Title: Final Journey
Version: Alpha
Width: 1280
Height: 720
Fullscreen: true
Intro: false
Profiling: false
Single step:false
App Mode: DEVELOPER
Menu Key: ESCAPE
Stage Style: DECORATED
Scene Factory: class com.almasb.fxgl.app.scene.SceneFactory

08:07:56.970 [JavaFX Application Thread] DEBUG FXGLApplication      - Initializing FXGL
08:07:56.973 [JavaFX Application Thread] INFO  Engine               - FXGL-21.1 (27.03.2024 07.52) on WINDOWS (J:21.0.5 FX:21.0.1)
08:07:56.974 [JavaFX Application Thread] DEBUG Engine               - JRE Vendor Name: Eclipse Adoptium
08:07:56.974 [JavaFX Application Thread] DEBUG Engine               - Running on OS: Windows 11 version 10.0
08:07:56.974 [JavaFX Application Thread] DEBUG Engine               - Architecture: amd64
08:07:56.974 [JavaFX Application Thread] INFO  Engine               - Source code and latest versions at: https://github.com/AlmasB/FXGL
08:07:56.974 [JavaFX Application Thread] INFO  Engine               -       Ask questions and discuss at: https://github.com/AlmasB/FXGL/discussions
08:07:56.974 [JavaFX Application Thread] INFO  Engine               -              Join the FXGL chat at: https://gitter.im/AlmasB/FXGL
08:07:57.071 [JavaFX Application Thread] DEBUG PrimaryStageWindow   - Creating a JavaFX scene
08:07:57.128 [JavaFX Application Thread] DEBUG PrimaryStageWindow   - Target settings size: 1280.0 x 720.0
08:07:57.128 [JavaFX Application Thread] DEBUG PrimaryStageWindow   - Scaled scene size:    1280.0 x 720.0
08:07:57.128 [JavaFX Application Thread] DEBUG PrimaryStageWindow   - Scaled ratio: (1.0, 1.0)
08:07:57.130 [JavaFX Application Thread] DEBUG PrimaryStageWindow   - Set initial scene to FXGLStartupScene
08:07:57.134 [JavaFX Application Thread] DEBUG PrimaryStageWindow   - Opening main window
08:07:57.240 [JavaFX Application Thread] DEBUG PrimaryStageWindow   - Window border size: (14.4000244140625, 37.5999755859375)
08:07:57.240 [JavaFX Application Thread] DEBUG PrimaryStageWindow   - Scaled size: 1280.0 x 720.0
08:07:57.240 [JavaFX Application Thread] DEBUG PrimaryStageWindow   - Scaled ratio: (1.0, 1.0)
08:07:57.241 [JavaFX Application Thread] DEBUG PrimaryStageWindow   - Scene size: 1280.0 x 720.0
08:07:57.241 [JavaFX Application Thread] DEBUG PrimaryStageWindow   - Stage size: 1294.4000244140625 x 757.5999755859375
08:07:57.312 [JavaFX Application Thread] DEBUG PrimaryStageWindow   - Going fullscreen
08:07:57.319 [FXGL Background Thread 1 ] DEBUG Engine               - Initializing environment variables
08:07:57.368 [FXGL Background Thread 1 ] DEBUG FXGLAssetLoaderServi - User app class for loading assets: class com.project.App
08:07:57.369 [FXGL Background Thread 1 ] DEBUG GameApplicationServi - Applying CSS: fxgl_dark.css
08:07:57.370 [FXGL Background Thread 1 ] DEBUG FXGLAssetLoaderServi - Loading from file system: jar:file:/C:/Users/Lenovo/.m2/repository/com/github/almasb/fxgl/21.1/fxgl-21.1.jar!/fxglassets/ui/css/fxgl_dark.css
08:07:57.404 [FXGL Background Thread 1 ] DEBUG GameApplicationServi - Initializing application scenes
08:07:57.453 [FXGL Background Thread 1 ] DEBUG GameWorld            - Game world initialized
08:07:57.504 [FXGL Background Thread 1 ] DEBUG PhysicsWorld         - Physics world initialized: appHeight=720, physics.ppm=50.0
08:07:57.504 [FXGL Background Thread 1 ] DEBUG PhysicsWorld         - Using strategy: BRUTE_FORCE
08:07:57.507 [FXGL Background Thread 1 ] DEBUG GameScene            - Game scene initialized: 1280x720
08:07:57.517 [FXGL Background Thread 1 ] DEBUG FXGL.DefaultMenu     - createMenuBodyGameMenu()
08:07:57.529 [FXGL Background Thread 1 ] DEBUG FXGL.DefaultMenu     - createOptionsMenu()
08:07:57.536 [FXGL Background Thread 1 ] DEBUG FXGLAssetLoaderServi - Loading from file system: jar:file:/C:/Users/Lenovo/.m2/repository/com/github/almasb/fxgl/21.1/fxgl-21.1.jar!/fxglassets/textures/particles/smoke.png
08:07:57.627 [FXGL Background Thread 1 ] DEBUG FXGLAssetLoaderServi - Loading from file system: jar:file:/C:/Users/Lenovo/.m2/repository/com/github/almasb/fxgl/21.1/fxgl-21.1.jar!/fxglassets/textures/particles/trace_horizontal.png
08:07:57.654 [FXGL Background Thread 1 ] DEBUG GameApplicationServi - Application scenes initialized
08:07:57.667 [FXGL Background Thread 1 ] DEBUG SystemBundleService  - Loading FXGL system data
08:07:57.670 [FXGL Background Thread 1 ] DEBUG FileSystemAccess     - Reading from: C:\Users\Lenovo\ProjectJava3.0\myproject\myproject\system\fxgl.bundle
08:07:57.677 [FXGL Background Thread 1 ] DEBUG SystemBundleService  - Bundle FXGL: {}
08:07:57.677 [FXGL Background Thread 1 ] DEBUG UpdaterService       - Checking for updates
08:07:57.709 [FXGL Background Thread 4 ] DEBUG FXGLApplication      - Loading fonts
08:07:57.710 [FXGL Background Thread 1 ] DEBUG FXGLApplication      - Loading default localization
08:07:57.710 [FXGL Background Thread 4 ] DEBUG FXGLAssetLoaderServi - Loading from file system: jar:file:/C:/Users/Lenovo/.m2/repository/com/github/almasb/fxgl/21.1/fxgl-21.1.jar!/fxglassets/ui/fonts/VarelaRound-Regular.ttf
08:07:57.710 [FXGL Background Thread 1 ] DEBUG FXGLAssetLoaderServi - Loading from file system: jar:file:/C:/Users/Lenovo/.m2/repository/com/github/almasb/fxgl/21.1/fxgl-21.1.jar!/fxglassets/languages/english.lang
08:07:57.745 [FXGL Background Thread 4 ] DEBUG FXGLAssetLoaderServi - Loading from file system: jar:file:/C:/Users/Lenovo/.m2/repository/com/github/almasb/fxgl/21.1/fxgl-21.1.jar!/fxglassets/ui/fonts/Abel-Regular.ttf
08:07:57.749 [FXGL Background Thread 4 ] DEBUG FXGLAssetLoaderServi - Loading from file system: jar:file:/C:/Users/Lenovo/.m2/repository/com/github/almasb/fxgl/21.1/fxgl-21.1.jar!/fxglassets/ui/fonts/TerminalLandMono-Regular.otf
08:07:57.752 [FXGL Background Thread 4 ] DEBUG FXGLAssetLoaderServi - Loading from file system: jar:file:/C:/Users/Lenovo/.m2/repository/com/github/almasb/fxgl/21.1/fxgl-21.1.jar!/fxglassets/ui/fonts/Courier-Prime.ttf
08:07:57.753 [FXGL Background Thread 1 ] INFO  FXGLApplication      - FXGL initialization took: 0.434 sec
08:07:57.763 [JavaFX Application Thread] DEBUG Input                - Registered new binding: Right - D
08:07:57.764 [JavaFX Application Thread] DEBUG Input                - Registered new binding: Left - A
08:07:57.764 [JavaFX Application Thread] DEBUG Input                - Registered new binding: Up - W
08:07:57.764 [JavaFX Application Thread] DEBUG Input                - Registered new binding: Down - S
08:07:57.764 [JavaFX Application Thread] DEBUG Input                - Registered new binding: Interact - E
08:07:57.765 [JavaFX Application Thread] DEBUG FXGLAssetLoaderServi - Loading from file system: jar:file:/C:/Users/Lenovo/.m2/repository/com/github/almasb/fxgl/21.1/fxgl-21.1.jar!/fxglassets/textures/fxgl_icon.png
08:07:57.777 [JavaFX Application Thread] DEBUG FXGLAssetLoaderServi - Loading from file system: jar:file:/C:/Users/Lenovo/.m2/repository/com/github/almasb/fxgl/21.1/fxgl-21.1.jar!/fxglassets/textures/fxgl_default_cursor.png
08:07:57.779 [JavaFX Application Thread] DEBUG Input                - Registered new binding: Screenshot - CTRL+8
08:07:57.779 [JavaFX Application Thread] DEBUG Input                - Registered new binding: Dev Options - 1
08:07:57.780 [JavaFX Application Thread] DEBUG Input                - Registered new binding: Dev Console - 2
08:07:57.780 [JavaFX Application Thread] DEBUG Input                - Registered new binding: System info dump - CTRL+9
08:07:57.781 [JavaFX Application Thread] DEBUG Input                - Registered new binding: Restart - CTRL+R
08:07:57.781 [JavaFX Application Thread] DEBUG Input                - Registered new binding: Toggle Debug Camera - CTRL+7
08:07:57.788 [JavaFX Application Thread] DEBUG LoopRunner           - Starting loop
08:07:57.811 [JavaFX Application Thread] DEBUG LoopRunner           - Initializing JavaFX AnimationTimerLoop
08:07:57.813 [JavaFX Application Thread] DEBUG GameApplicationServi - Starting new game
08:07:57.813 [JavaFX Application Thread] DEBUG Input                - Clearing active input actions
08:07:57.824 [JavaFX Application Thread] DEBUG GameApplicationServi - Removing overlay from FXGLStartupScene and adding to FXGLLoadingScene
08:07:57.829 [JavaFX Application Thread] DEBUG PrimaryStageWindow   - FXGLStartupScene -> FXGLLoadingScene
08:07:57.829 [JavaFX Application Thread] DEBUG GameApplicationServi - Clearing previous game
08:07:57.830 [JavaFX Application Thread] DEBUG GameScene            - Clearing game scene
08:07:57.830 [JavaFX Application Thread] DEBUG GameWorld            - Clearing game world
08:07:57.830 [JavaFX Application Thread] DEBUG PhysicsWorld         - Clearing physics world
08:07:57.832 [JavaFX Application Thread] DEBUG FXGLApplication      - Registering font factories with UI factory
08:07:57.832 [FXGL Background Thread 4 ] DEBUG FXGLApplication      - Initializing game
08:07:57.886 [FXGL Background Thread 4 ] WARN  TMXLevelLoader       - TiledMap generated from 1.11.2. Supported version: 1.9.0. Some features may not be parsed fully.
08:07:57.912 [FXGL Background Thread 4 ] DEBUG TMXLevelLoader       - Parsed TiledMap: file:/C:/Users/Lenovo/ProjectJava3.0/myproject/myproject/target/classes/assets/levels/scene1.tmx
08:07:57.913 [FXGL Background Thread 4 ] DEBUG TMXLevelLoader       - Creating tile layer entities
08:07:57.916 [FXGL Background Thread 4 ] DEBUG TilesetLoader        - Loading view for layer lowefloor
08:07:57.917 [FXGL Background Thread 4 ] DEBUG TilesetLoader        - Created buffer with size 512.0x1024.0
08:07:57.980 [FXGL Background Thread 4 ] DEBUG TilesetLoader        - Loading view for layer cliff
08:07:57.981 [FXGL Background Thread 4 ] DEBUG TilesetLoader        - Created buffer with size 512.0x1024.0
08:07:57.982 [FXGL Background Thread 4 ] DEBUG TilesetLoader        - Loading view for layer cliff1
08:07:57.983 [FXGL Background Thread 4 ] DEBUG TilesetLoader        - Created buffer with size 512.0x1024.0
08:07:57.985 [FXGL Background Thread 4 ] DEBUG TilesetLoader        - Loading view for layer cliff2
08:07:57.985 [FXGL Background Thread 4 ] DEBUG TilesetLoader        - Created buffer with size 512.0x1024.0
08:07:57.988 [FXGL Background Thread 4 ] DEBUG TilesetLoader        - Loading view for layer Tile Layer 3
08:07:57.988 [FXGL Background Thread 4 ] DEBUG TilesetLoader        - Created buffer with size 512.0x1024.0
08:07:57.989 [FXGL Background Thread 4 ] DEBUG TilesetLoader        - Loading view for layer Tile Layer 6
08:07:57.990 [FXGL Background Thread 4 ] DEBUG TilesetLoader        - Created buffer with size 512.0x1024.0
08:07:58.069 [FXGL Background Thread 4 ] DEBUG TilesetLoader        - Loading view for layer prop
08:07:58.069 [FXGL Background Thread 4 ] DEBUG TilesetLoader        - Created buffer with size 512.0x1024.0
08:07:58.070 [FXGL Background Thread 4 ] DEBUG TMXLevelLoader       - Creating object layer entities
08:07:58.114 [FXGL Background Thread 4 ] DEBUG FXGLAssetLoaderServi - Loading from file system: file:/C:/Users/Lenovo/ProjectJava3.0/myproject/myproject/target/classes/assets/textures/Rafflesia.png
08:07:58.140 [FXGL Background Thread 4 ] WARN  TMXLevelLoader       - TiledMap generated from 1.11.2. Supported version: 1.9.0. Some features may not be parsed fully.
08:07:58.155 [FXGL Background Thread 4 ] DEBUG TMXLevelLoader       - Parsed TiledMap: file:/C:/Users/Lenovo/ProjectJava3.0/myproject/myproject/target/classes/assets/levels/scene1.tmx
08:07:58.155 [FXGL Background Thread 4 ] DEBUG TMXLevelLoader       - Creating tile layer entities
08:07:58.156 [FXGL Background Thread 4 ] DEBUG TilesetLoader        - Loading view for layer lowefloor
08:07:58.156 [FXGL Background Thread 4 ] DEBUG TilesetLoader        - Created buffer with size 512.0x1024.0
08:07:58.189 [FXGL Background Thread 4 ] DEBUG TilesetLoader        - Loading view for layer cliff
08:07:58.189 [FXGL Background Thread 4 ] DEBUG TilesetLoader        - Created buffer with size 512.0x1024.0
08:07:58.190 [FXGL Background Thread 4 ] DEBUG TilesetLoader        - Loading view for layer cliff1
08:07:58.190 [FXGL Background Thread 4 ] DEBUG TilesetLoader        - Created buffer with size 512.0x1024.0
08:07:58.191 [FXGL Background Thread 4 ] DEBUG TilesetLoader        - Loading view for layer cliff2
08:07:58.191 [FXGL Background Thread 4 ] DEBUG TilesetLoader        - Created buffer with size 512.0x1024.0
08:07:58.192 [FXGL Background Thread 4 ] DEBUG TilesetLoader        - Loading view for layer Tile Layer 3
08:07:58.194 [FXGL Background Thread 4 ] DEBUG TilesetLoader        - Created buffer with size 512.0x1024.0
08:07:58.195 [FXGL Background Thread 4 ] DEBUG TilesetLoader        - Loading view for layer Tile Layer 6
08:07:58.195 [FXGL Background Thread 4 ] DEBUG TilesetLoader        - Created buffer with size 512.0x1024.0
08:07:58.251 [FXGL Background Thread 4 ] DEBUG TilesetLoader        - Loading view for layer prop
08:07:58.252 [FXGL Background Thread 4 ] DEBUG TilesetLoader        - Created buffer with size 512.0x1024.0
08:07:58.253 [FXGL Background Thread 4 ] DEBUG TMXLevelLoader       - Creating object layer entities
08:07:58.265 [FXGL Background Thread 4 ] DEBUG GameWorld            - Clearing removable entities
08:07:58.266 [FXGL Background Thread 4 ] DEBUG GameWorld            - Setting level: com.almasb.fxgl.entity.level.Level@565f825c
08:07:58.279 [FXGL Background Thread 4 ] DEBUG FXGLAssetLoaderServi - Loading from file system: file:/C:/Users/Lenovo/ProjectJava3.0/myproject/myproject/target/classes/assets/textures/Actor1.png
08:07:58.286 [FXGL Background Thread 4 ] INFO  FXGLApplication      - Game initialization took: 0.455 sec
08:07:58.292 [JavaFX Application Thread] DEBUG Input                - Clearing active input actions
08:07:58.304 [JavaFX Application Thread] DEBUG GameApplicationServi - Removing overlay from FXGLLoadingScene and adding to GameScene
08:07:58.309 [JavaFX Application Thread] DEBUG PrimaryStageWindow   - FXGLLoadingScene -> GameScene
08:08:00.709 [FXGL Background Thread 3 ] DEBUG Engine               - Logging environment variables
08:08:00.709 [FXGL Background Thread 3 ] DEBUG Engine               - achievements: []
08:08:00.709 [FXGL Background Thread 3 ] DEBUG Engine               - actualHeight: 864.0
08:08:00.709 [FXGL Background Thread 3 ] DEBUG Engine               - actualHeightProperty: ReadOnlyDoubleProperty [value: 864.0]
08:08:00.709 [FXGL Background Thread 3 ] DEBUG Engine               - actualWidth: 1536.0
08:08:00.709 [FXGL Background Thread 3 ] DEBUG Engine               - actualWidthProperty: ReadOnlyDoubleProperty [value: 1536.0]
08:08:00.709 [FXGL Background Thread 3 ] DEBUG Engine               - appIcon: fxgl_icon.png
08:08:00.709 [FXGL Background Thread 3 ] DEBUG Engine               - applicationMode: DEVELOPER
08:08:00.709 [FXGL Background Thread 3 ] DEBUG Engine               - cSSList: [fxgl_dark.css]
08:08:00.709 [FXGL Background Thread 3 ] DEBUG Engine               - collisionDetectionStrategy: BRUTE_FORCE
08:08:00.709 [FXGL Background Thread 3 ] DEBUG Engine               - configClass: Optional.empty
08:08:00.710 [FXGL Background Thread 3 ] DEBUG Engine               - credits: []
08:08:00.710 [FXGL Background Thread 3 ] DEBUG Engine               - defaultCursor: CursorInfo(imageName=fxgl_default_cursor.png, hotspotX=7.0, hotspotY=6.0)
08:08:00.710 [FXGL Background Thread 3 ] DEBUG Engine               - devBBoxColorProperty: ObjectProperty [value: 0xff0000ff]
08:08:00.711 [FXGL Background Thread 3 ] DEBUG Engine               - devEnableDebugCameraProperty: BooleanProperty [value: false]
08:08:00.711 [FXGL Background Thread 3 ] DEBUG Engine               - devSensorColorProperty: ObjectProperty [value: 0xffff00ff]
08:08:00.711 [FXGL Background Thread 3 ] DEBUG Engine               - devShowBBoxProperty: BooleanProperty [value: false]
08:08:00.711 [FXGL Background Thread 3 ] DEBUG Engine               - devShowPositionProperty: BooleanProperty [value: false]
08:08:00.711 [FXGL Background Thread 3 ] DEBUG Engine               - enabledMenuItems: []
08:08:00.711 [FXGL Background Thread 3 ] DEBUG Engine               - engineServices: [class com.almasb.fxgl.app.services.FXGLAssetLoaderService, class com.almasb.fxgl.app.FXGLApplication$GameApplicationService, class com.almasb.fxgl.app.services.FXGLDialogService, class com.almasb.fxgl.app.services.IOTaskExecutorService, class com.almasb.fxgl.io.FileSystemService, class com.almasb.fxgl.localization.LocalizationService, class com.almasb.fxgl.app.services.SystemBundleService, class com.almasb.fxgl.profile.SaveLoadService, class com.almasb.fxgl.ui.FXGLUIFactoryServiceProvider, class com.almasb.fxgl.ui.FXGLDialogFactoryServiceProvider, class com.almasb.fxgl.audio.AudioPlayer, class com.almasb.fxgl.notification.impl.NotificationServiceProvider, class com.almasb.fxgl.achievement.AchievementService, class com.almasb.fxgl.cutscene.CutsceneService, class com.almasb.fxgl.minigames.MiniGameService, class com.almasb.fxgl.net.NetService, class com.almasb.fxgl.app.services.UpdaterService, class com.almasb.fxgl.dev.DevService]
08:08:00.711 [FXGL Background Thread 3 ] DEBUG Engine               - fontGame: Abel-Regular.ttf
08:08:00.711 [FXGL Background Thread 3 ] DEBUG Engine               - fontMono: TerminalLandMono-Regular.otf
08:08:00.711 [FXGL Background Thread 3 ] DEBUG Engine               - fontSizeScaleUI: 1.0
08:08:00.711 [FXGL Background Thread 3 ] DEBUG Engine               - fontText: Courier-Prime.ttf
08:08:00.711 [FXGL Background Thread 3 ] DEBUG Engine               - fontUI: VarelaRound-Regular.ttf
08:08:00.711 [FXGL Background Thread 3 ] DEBUG Engine               - fullScreen: BooleanProperty [value: true]
08:08:00.711 [FXGL Background Thread 3 ] DEBUG Engine               - gameDifficulty: MEDIUM
08:08:00.711 [FXGL Background Thread 3 ] DEBUG Engine               - gameDifficultyProperty: ObjectProperty [value: MEDIUM]
08:08:00.711 [FXGL Background Thread 3 ] DEBUG Engine               - globalMusicVolume: 0.5
08:08:00.711 [FXGL Background Thread 3 ] DEBUG Engine               - globalMusicVolumeProperty: DoubleProperty [value: 0.5]
08:08:00.711 [FXGL Background Thread 3 ] DEBUG Engine               - globalSoundVolume: 0.5
08:08:00.711 [FXGL Background Thread 3 ] DEBUG Engine               - globalSoundVolumeProperty: DoubleProperty [value: 0.5]
08:08:00.711 [FXGL Background Thread 3 ] DEBUG Engine               - height: 720
08:08:00.711 [FXGL Background Thread 3 ] DEBUG Engine               - is3D: false
08:08:00.711 [FXGL Background Thread 3 ] DEBUG Engine               - isAndroid: false
08:08:00.711 [FXGL Background Thread 3 ] DEBUG Engine               - isBrowser: false
08:08:00.711 [FXGL Background Thread 3 ] DEBUG Engine               - isClickFeedbackEnabled: false
08:08:00.711 [FXGL Background Thread 3 ] DEBUG Engine               - isCloseConfirmation: false
08:08:00.711 [FXGL Background Thread 3 ] DEBUG Engine               - isDesktop: true
08:08:00.711 [FXGL Background Thread 3 ] DEBUG Engine               - isDeveloperMenuEnabled: true
08:08:00.711 [FXGL Background Thread 3 ] DEBUG Engine               - isEmbedded: false
08:08:00.711 [FXGL Background Thread 3 ] DEBUG Engine               - isEntityPreloadEnabled: true
08:08:00.711 [FXGL Background Thread 3 ] DEBUG Engine               - isExperimentalTiledLargeMap: false
08:08:00.711 [FXGL Background Thread 3 ] DEBUG Engine               - isFileSystemWriteAllowed: true
08:08:00.712 [FXGL Background Thread 3 ] DEBUG Engine               - isFullScreenAllowed: true
08:08:00.712 [FXGL Background Thread 3 ] DEBUG Engine               - isFullScreenFromStart: true
08:08:00.712 [FXGL Background Thread 3 ] DEBUG Engine               - isGameMenuEnabled: true
08:08:00.712 [FXGL Background Thread 3 ] DEBUG Engine               - isIOS: false
08:08:00.712 [FXGL Background Thread 3 ] DEBUG Engine               - isIntroEnabled: false
08:08:00.712 [FXGL Background Thread 3 ] DEBUG Engine               - isLinux: false
08:08:00.712 [FXGL Background Thread 3 ] DEBUG Engine               - isMac: false
08:08:00.712 [FXGL Background Thread 3 ] DEBUG Engine               - isMainMenuEnabled: false
08:08:00.712 [FXGL Background Thread 3 ] DEBUG Engine               - isManualResizeEnabled: false
08:08:00.712 [FXGL Background Thread 3 ] DEBUG Engine               - isMobile: false
08:08:00.712 [FXGL Background Thread 3 ] DEBUG Engine               - isNative: false
08:08:00.712 [FXGL Background Thread 3 ] DEBUG Engine               - isPauseMusicWhenMinimized: true
08:08:00.712 [FXGL Background Thread 3 ] DEBUG Engine               - isPreserveResizeRatio: false
08:08:00.712 [FXGL Background Thread 3 ] DEBUG Engine               - isProfilingEnabled: false
08:08:00.712 [FXGL Background Thread 3 ] DEBUG Engine               - isScaleAffectedOnResize: true
08:08:00.712 [FXGL Background Thread 3 ] DEBUG Engine               - isSingleStep: false
08:08:00.712 [FXGL Background Thread 3 ] DEBUG Engine               - isUserProfileEnabled: false
08:08:00.712 [FXGL Background Thread 3 ] DEBUG Engine               - isWindows: true
08:08:00.712 [FXGL Background Thread 3 ] DEBUG Engine               - language: ObjectProperty [value: ENGLISH]
08:08:00.712 [FXGL Background Thread 3 ] DEBUG Engine               - menuKey: ESCAPE
08:08:00.712 [FXGL Background Thread 3 ] DEBUG Engine               - mouseSensitivity: 0.2
08:08:00.712 [FXGL Background Thread 3 ] DEBUG Engine               - notificationViewClass: class com.almasb.fxgl.notification.view.XboxNotificationView
08:08:00.712 [FXGL Background Thread 3 ] DEBUG Engine               - pixelsPerMeter: 50.0
08:08:00.712 [FXGL Background Thread 3 ] DEBUG Engine               - platform: WINDOWS
08:08:00.712 [FXGL Background Thread 3 ] DEBUG Engine               - prefHeightProperty: ReadOnlyDoubleProperty [value: 720.0]
08:08:00.712 [FXGL Background Thread 3 ] DEBUG Engine               - prefWidthProperty: ReadOnlyDoubleProperty [value: 1280.0]
08:08:00.712 [FXGL Background Thread 3 ] DEBUG Engine               - profileDir: profiles/
08:08:00.713 [FXGL Background Thread 3 ] DEBUG Engine               - profileName: StringProperty [value: DEFAULT]
08:08:00.713 [FXGL Background Thread 3 ] DEBUG Engine               - randomSeed: -1
08:08:00.713 [FXGL Background Thread 3 ] DEBUG Engine               - runtimeInfo: RuntimeInfo(platform=WINDOWS, version=21.1, build=27.03.2024 07.52)
08:08:00.713 [FXGL Background Thread 3 ] DEBUG Engine               - saveFileExt: sav
08:08:00.713 [FXGL Background Thread 3 ] DEBUG Engine               - scaledHeightProp$fxgl: DoubleProperty [bound, value: 864.0]
08:08:00.713 [FXGL Background Thread 3 ] DEBUG Engine               - scaledWidthProp$fxgl: DoubleProperty [bound, value: 1536.0]
08:08:00.713 [FXGL Background Thread 3 ] DEBUG Engine               - sceneFactory: com.almasb.fxgl.app.scene.SceneFactory@4874f7f2
08:08:00.713 [FXGL Background Thread 3 ] DEBUG Engine               - secondsIn24h: 60
08:08:00.713 [FXGL Background Thread 3 ] DEBUG Engine               - soundMenuBack: menu/back.wav
08:08:00.713 [FXGL Background Thread 3 ] DEBUG Engine               - soundMenuPress: menu/press.wav
08:08:00.714 [FXGL Background Thread 3 ] DEBUG Engine               - soundMenuSelect: menu/select.wav
08:08:00.714 [FXGL Background Thread 3 ] DEBUG Engine               - soundNotification: core/notification.wav
08:08:00.714 [FXGL Background Thread 3 ] DEBUG Engine               - stageStyle: DECORATED
08:08:00.714 [FXGL Background Thread 3 ] DEBUG Engine               - supportedLanguages: [ENGLISH, FRENCH, GERMAN, HUNGARIAN, RUSSIAN]
08:08:00.714 [FXGL Background Thread 3 ] DEBUG Engine               - ticksPerSecond: -1
08:08:00.715 [FXGL Background Thread 3 ] DEBUG Engine               - title: Final Journey
08:08:00.715 [FXGL Background Thread 3 ] DEBUG Engine               - urlGithub: https://github.com/AlmasB/FXGL
08:08:00.715 [FXGL Background Thread 3 ] DEBUG Engine               - urlLeaderboard: http://fxgl-top.herokuapp.com/
08:08:00.715 [FXGL Background Thread 3 ] DEBUG Engine               - urlPOM: https://raw.githubusercontent.com/AlmasB/FXGL/release/README.md
08:08:00.715 [FXGL Background Thread 3 ] DEBUG Engine               - userAppClass: class com.project.App
08:08:00.715 [FXGL Background Thread 3 ] DEBUG Engine               - version: Alpha
08:08:00.715 [FXGL Background Thread 3 ] DEBUG Engine               - versionCheckDays: 7
08:08:00.715 [FXGL Background Thread 3 ] DEBUG Engine               - width: 1280
08:08:00.716 [FXGL Background Thread 3 ] DEBUG Engine               - Logging services
08:08:00.716 [FXGL Background Thread 3 ] DEBUG Engine               - class com.almasb.fxgl.app.services.FXGLAssetLoaderService
08:08:00.716 [FXGL Background Thread 3 ] DEBUG Engine               - class com.almasb.fxgl.app.FXGLApplication$GameApplicationService
08:08:00.716 [FXGL Background Thread 3 ] DEBUG Engine               - class com.almasb.fxgl.app.services.FXGLDialogService
08:08:00.716 [FXGL Background Thread 3 ] DEBUG Engine               - class com.almasb.fxgl.app.services.IOTaskExecutorService
08:08:00.717 [FXGL Background Thread 3 ] DEBUG Engine               - class com.almasb.fxgl.io.FileSystemService
08:08:00.717 [FXGL Background Thread 3 ] DEBUG Engine               - class com.almasb.fxgl.localization.LocalizationService
08:08:00.717 [FXGL Background Thread 3 ] DEBUG Engine               - class com.almasb.fxgl.app.services.SystemBundleService
08:08:00.717 [FXGL Background Thread 3 ] DEBUG Engine               - class com.almasb.fxgl.profile.SaveLoadService
08:08:00.717 [FXGL Background Thread 3 ] DEBUG Engine               - class com.almasb.fxgl.ui.FXGLUIFactoryServiceProvider
08:08:00.717 [FXGL Background Thread 3 ] DEBUG Engine               - class com.almasb.fxgl.ui.FXGLDialogFactoryServiceProvider
08:08:00.717 [FXGL Background Thread 3 ] DEBUG Engine               - class com.almasb.fxgl.audio.AudioPlayer
08:08:00.717 [FXGL Background Thread 3 ] DEBUG Engine               - class com.almasb.fxgl.notification.impl.NotificationServiceProvider
08:08:00.717 [FXGL Background Thread 3 ] DEBUG Engine               - class com.almasb.fxgl.achievement.AchievementService
08:08:00.717 [FXGL Background Thread 3 ] DEBUG Engine               - class com.almasb.fxgl.cutscene.CutsceneService
08:08:00.717 [FXGL Background Thread 3 ] DEBUG Engine               - class com.almasb.fxgl.minigames.MiniGameService
08:08:00.717 [FXGL Background Thread 3 ] DEBUG Engine               - class com.almasb.fxgl.net.NetService
08:08:00.717 [FXGL Background Thread 3 ] DEBUG Engine               - class com.almasb.fxgl.app.services.UpdaterService
08:08:00.718 [FXGL Background Thread 3 ] DEBUG Engine               - class com.almasb.fxgl.dev.DevService
08:08:01.423 [JavaFX Application Thread] DEBUG FXGLAssetLoaderServi - Loading from file system: file:/C:/Users/Lenovo/ProjectJava3.0/myproject/myproject/target/classes/assets/text/CutScene1.txt
08:08:01.429 [JavaFX Application Thread] DEBUG Input                - Registered new binding: Next RPG Line - Enter
08:08:01.429 [JavaFX Application Thread] DEBUG PrimaryStageWindow   - Push state: CutsceneScene
08:08:01.430 [JavaFX Application Thread] DEBUG Input                - Clearing active input actions
08:08:01.431 [JavaFX Application Thread] DEBUG GameApplicationServi - Removing overlay from GameScene and adding to CutsceneScene
08:08:01.434 [JavaFX Application Thread] DEBUG PrimaryStageWindow   - GameScene -> CutsceneScene
08:08:05.887 [JavaFX Application Thread] DEBUG PrimaryStageWindow   - Pop state: CutsceneScene
08:08:05.888 [JavaFX Application Thread] DEBUG Input                - Clearing active input actions
08:08:05.888 [JavaFX Application Thread] DEBUG GameApplicationServi - Removing overlay from CutsceneScene and adding to GameScene
08:08:05.889 [JavaFX Application Thread] DEBUG PrimaryStageWindow   - GameScene <- CutsceneScene
08:08:05.890 [JavaFX Application Thread] DEBUG EventBus             - Firing event: com.GameEvent.CombatScene[source=javafx.event.Event$$Lambda/0x000001b9931742e8@5f40fd51]
08:08:05.892 [JavaFX Application Thread] WARN  TMXLevelLoader       - TiledMap generated from 1.11.2. Supported version: 1.9.0. Some features may not be parsed fully.
08:08:05.897 [JavaFX Application Thread] DEBUG TMXLevelLoader       - Parsed TiledMap: file:/C:/Users/Lenovo/ProjectJava3.0/myproject/myproject/target/classes/assets/levels/battle1.tmx
08:08:05.897 [JavaFX Application Thread] DEBUG TMXLevelLoader       - Creating tile layer entities
08:08:05.897 [JavaFX Application Thread] DEBUG TilesetLoader        - Loading view for layer Tile Layer 1
08:08:05.899 [JavaFX Application Thread] DEBUG TilesetLoader        - Created buffer with size 2048.0x1024.0
08:08:05.990 [JavaFX Application Thread] DEBUG TMXLevelLoader       - Creating object layer entities
08:08:05.992 [JavaFX Application Thread] DEBUG FXGLAssetLoaderServi - Loading from file system: file:/C:/Users/Lenovo/ProjectJava3.0/myproject/myproject/target/classes/assets/textures/Boss%20Dryad%20Queen%20Rafflesia.png
08:08:06.011 [JavaFX Application Thread] DEBUG FXGLAssetLoaderServi - Loading from file system: file:/C:/Users/Lenovo/ProjectJava3.0/myproject/myproject/target/classes/assets/textures/Reid.png
08:08:06.150 [JavaFX Application Thread] DEBUG FXGLAssetLoaderServi - Loading from file system: file:/C:/Users/Lenovo/ProjectJava3.0/myproject/myproject/target/classes/assets/textures/marsha.png
08:08:06.297 [JavaFX Application Thread] DEBUG GameWorld            - Clearing removable entities
08:08:06.303 [JavaFX Application Thread] DEBUG GameWorld            - Setting level: com.almasb.fxgl.entity.level.Level@4a34b043
08:08:06.306 [JavaFX Application Thread] WARN  TMXLevelLoader       - TiledMap generated from 1.11.2. Supported version: 1.9.0. Some features may not be parsed fully.
08:08:06.309 [JavaFX Application Thread] DEBUG TMXLevelLoader       - Parsed TiledMap: file:/C:/Users/Lenovo/ProjectJava3.0/myproject/myproject/target/classes/assets/levels/battle1.tmx
08:08:06.309 [JavaFX Application Thread] DEBUG TMXLevelLoader       - Creating tile layer entities
08:08:06.310 [JavaFX Application Thread] DEBUG TilesetLoader        - Loading view for layer Tile Layer 1
08:08:06.311 [JavaFX Application Thread] DEBUG TilesetLoader        - Created buffer with size 2048.0x1024.0
08:08:06.397 [JavaFX Application Thread] DEBUG TMXLevelLoader       - Creating object layer entities
08:08:21.014 [JavaFX Application Thread] DEBUG EventBus             - Firing event: com.GameEvent.BackMainScene[source=javafx.event.Event$$Lambda/0x000001b9931742e8@5f40fd51]
08:08:21.019 [JavaFX Application Thread] WARN  TMXLevelLoader       - TiledMap generated from 1.11.2. Supported version: 1.9.0. Some features may not be parsed fully.
08:08:21.024 [JavaFX Application Thread] DEBUG TMXLevelLoader       - Parsed TiledMap: file:/C:/Users/Lenovo/ProjectJava3.0/myproject/myproject/target/classes/assets/levels/scene1.tmx
08:08:21.024 [JavaFX Application Thread] DEBUG TMXLevelLoader       - Creating tile layer entities
08:08:21.025 [JavaFX Application Thread] DEBUG TilesetLoader        - Loading view for layer lowefloor
08:08:21.025 [JavaFX Application Thread] DEBUG TilesetLoader        - Created buffer with size 512.0x1024.0
08:08:21.046 [JavaFX Application Thread] DEBUG TilesetLoader        - Loading view for layer cliff
08:08:21.047 [JavaFX Application Thread] DEBUG TilesetLoader        - Created buffer with size 512.0x1024.0
08:08:21.047 [JavaFX Application Thread] DEBUG TilesetLoader        - Loading view for layer cliff1
08:08:21.047 [JavaFX Application Thread] DEBUG TilesetLoader        - Created buffer with size 512.0x1024.0
08:08:21.048 [JavaFX Application Thread] DEBUG TilesetLoader        - Loading view for layer cliff2
08:08:21.048 [JavaFX Application Thread] DEBUG TilesetLoader        - Created buffer with size 512.0x1024.0
08:08:21.048 [JavaFX Application Thread] DEBUG TilesetLoader        - Loading view for layer Tile Layer 3
08:08:21.049 [JavaFX Application Thread] DEBUG TilesetLoader        - Created buffer with size 512.0x1024.0
08:08:21.049 [JavaFX Application Thread] DEBUG TilesetLoader        - Loading view for layer Tile Layer 6
08:08:21.049 [JavaFX Application Thread] DEBUG TilesetLoader        - Created buffer with size 512.0x1024.0
08:08:21.088 [JavaFX Application Thread] DEBUG TilesetLoader        - Loading view for layer prop
08:08:21.088 [JavaFX Application Thread] DEBUG TilesetLoader        - Created buffer with size 512.0x1024.0
08:08:21.088 [JavaFX Application Thread] DEBUG TMXLevelLoader       - Creating object layer entities
08:08:21.094 [JavaFX Application Thread] DEBUG GameWorld            - Clearing removable entities
08:08:21.094 [JavaFX Application Thread] DEBUG GameWorld            - Setting level: com.almasb.fxgl.entity.level.Level@725b0be7
08:08:21.097 [JavaFX Application Thread] WARN  TMXLevelLoader       - TiledMap generated from 1.11.2. Supported version: 1.9.0. Some features may not be parsed fully.
08:08:21.102 [JavaFX Application Thread] DEBUG TMXLevelLoader       - Parsed TiledMap: file:/C:/Users/Lenovo/ProjectJava3.0/myproject/myproject/target/classes/assets/levels/scene1.tmx
08:08:21.102 [JavaFX Application Thread] DEBUG TMXLevelLoader       - Creating tile layer entities
08:08:21.103 [JavaFX Application Thread] DEBUG TilesetLoader        - Loading view for layer lowefloor
08:08:21.103 [JavaFX Application Thread] DEBUG TilesetLoader        - Created buffer with size 512.0x1024.0
08:08:21.121 [JavaFX Application Thread] DEBUG TilesetLoader        - Loading view for layer cliff
08:08:21.121 [JavaFX Application Thread] DEBUG TilesetLoader        - Created buffer with size 512.0x1024.0
08:08:21.123 [JavaFX Application Thread] DEBUG TilesetLoader        - Loading view for layer cliff1
08:08:21.123 [JavaFX Application Thread] DEBUG TilesetLoader        - Created buffer with size 512.0x1024.0
08:08:21.124 [JavaFX Application Thread] DEBUG TilesetLoader        - Loading view for layer cliff2
08:08:21.124 [JavaFX Application Thread] DEBUG TilesetLoader        - Created buffer with size 512.0x1024.0
08:08:21.124 [JavaFX Application Thread] DEBUG TilesetLoader        - Loading view for layer Tile Layer 3
08:08:21.125 [JavaFX Application Thread] DEBUG TilesetLoader        - Created buffer with size 512.0x1024.0
08:08:21.125 [JavaFX Application Thread] DEBUG TilesetLoader        - Loading view for layer Tile Layer 6
08:08:21.126 [JavaFX Application Thread] DEBUG TilesetLoader        - Created buffer with size 512.0x1024.0
08:08:21.170 [JavaFX Application Thread] DEBUG TilesetLoader        - Loading view for layer prop
08:08:21.174 [JavaFX Application Thread] DEBUG TilesetLoader        - Created buffer with size 512.0x1024.0
08:08:21.175 [JavaFX Application Thread] DEBUG TMXLevelLoader       - Creating object layer entities
08:08:24.224 [JavaFX Application Thread] DEBUG EventBus             - Firing event: com.GameEvent.NextScene[source=javafx.event.Event$$Lambda/0x000001b9931742e8@5f40fd51]
08:08:24.227 [JavaFX Application Thread] WARN  TMXLevelLoader       - TiledMap generated from 1.11.2. Supported version: 1.9.0. Some features may not be parsed fully.
08:08:24.230 [JavaFX Application Thread] DEBUG TMXLevelLoader       - Parsed TiledMap: file:/C:/Users/Lenovo/ProjectJava3.0/myproject/myproject/target/classes/assets/levels/scene2.tmx
08:08:24.231 [JavaFX Application Thread] DEBUG TMXLevelLoader       - Creating tile layer entities
08:08:24.231 [JavaFX Application Thread] DEBUG TilesetLoader        - Loading view for layer Tile Layer 1
08:08:24.232 [JavaFX Application Thread] DEBUG TilesetLoader        - Created buffer with size 1024.0x1024.0
08:08:24.295 [JavaFX Application Thread] DEBUG TMXLevelLoader       - Creating object layer entities
08:08:24.300 [JavaFX Application Thread] DEBUG FXGLAssetLoaderServi - Loading from file system: file:/C:/Users/Lenovo/ProjectJava3.0/myproject/myproject/target/classes/assets/textures/CultistAni.png
08:08:24.301 [JavaFX Application Thread] DEBUG GameWorld            - Clearing removable entities
08:08:24.303 [JavaFX Application Thread] DEBUG GameWorld            - Setting level: com.almasb.fxgl.entity.level.Level@52e6d19
08:08:24.305 [JavaFX Application Thread] WARN  TMXLevelLoader       - TiledMap generated from 1.11.2. Supported version: 1.9.0. Some features may not be parsed fully.
08:08:24.307 [JavaFX Application Thread] DEBUG TMXLevelLoader       - Parsed TiledMap: file:/C:/Users/Lenovo/ProjectJava3.0/myproject/myproject/target/classes/assets/levels/scene2.tmx
08:08:24.307 [JavaFX Application Thread] DEBUG TMXLevelLoader       - Creating tile layer entities
08:08:24.308 [JavaFX Application Thread] DEBUG TilesetLoader        - Loading view for layer Tile Layer 1
08:08:24.308 [JavaFX Application Thread] DEBUG TilesetLoader        - Created buffer with size 1024.0x1024.0
08:08:24.375 [JavaFX Application Thread] DEBUG TMXLevelLoader       - Creating object layer entities
08:08:26.894 [JavaFX Application Thread] DEBUG FXGLAssetLoaderServi - Loading from file system: file:/C:/Users/Lenovo/ProjectJava3.0/myproject/myproject/target/classes/assets/text/CutScene2.txt
08:08:26.896 [JavaFX Application Thread] DEBUG PrimaryStageWindow   - Push state: CutsceneScene
08:08:26.896 [JavaFX Application Thread] DEBUG Input                - Clearing active input actions
08:08:26.896 [JavaFX Application Thread] DEBUG GameApplicationServi - Removing overlay from GameScene and adding to CutsceneScene
08:08:26.897 [JavaFX Application Thread] DEBUG PrimaryStageWindow   - GameScene -> CutsceneScene
08:08:34.222 [JavaFX Application Thread] DEBUG PrimaryStageWindow   - Pop state: CutsceneScene
08:08:34.222 [JavaFX Application Thread] DEBUG Input                - Clearing active input actions
08:08:34.223 [JavaFX Application Thread] DEBUG GameApplicationServi - Removing overlay from CutsceneScene and adding to GameScene
08:08:34.224 [JavaFX Application Thread] DEBUG PrimaryStageWindow   - GameScene <- CutsceneScene
08:08:34.224 [JavaFX Application Thread] DEBUG EventBus             - Firing event: com.GameEvent.CombatScene[source=javafx.event.Event$$Lambda/0x000001b9931742e8@5f40fd51]
08:08:34.225 [JavaFX Application Thread] WARN  TMXLevelLoader       - TiledMap generated from 1.11.2. Supported version: 1.9.0. Some features may not be parsed fully.
08:08:34.228 [JavaFX Application Thread] DEBUG TMXLevelLoader       - Parsed TiledMap: file:/C:/Users/Lenovo/ProjectJava3.0/myproject/myproject/target/classes/assets/levels/battle2.tmx
08:08:34.228 [JavaFX Application Thread] DEBUG TMXLevelLoader       - Creating tile layer entities
08:08:34.228 [JavaFX Application Thread] DEBUG TilesetLoader        - Loading view for layer Tile Layer 1
08:08:34.229 [JavaFX Application Thread] DEBUG TilesetLoader        - Created buffer with size 2048.0x1024.0
08:08:34.542 [JavaFX Application Thread] DEBUG TMXLevelLoader       - Creating object layer entities
08:08:34.544 [JavaFX Application Thread] DEBUG FXGLAssetLoaderServi - Loading from file system: file:/C:/Users/Lenovo/ProjectJava3.0/myproject/myproject/target/classes/assets/textures/Boss%20Thanatos.png
08:08:34.559 [JavaFX Application Thread] DEBUG FXGLAssetLoaderServi - Loading from file system: file:/C:/Users/Lenovo/ProjectJava3.0/myproject/myproject/target/classes/assets/textures/Cultist%20Mage.png
08:08:34.565 [JavaFX Application Thread] DEBUG GameWorld            - Clearing removable entities
08:08:34.566 [JavaFX Application Thread] DEBUG GameWorld            - Setting level: com.almasb.fxgl.entity.level.Level@13278ed7
08:08:34.569 [JavaFX Application Thread] WARN  TMXLevelLoader       - TiledMap generated from 1.11.2. Supported version: 1.9.0. Some features may not be parsed fully.
08:08:34.570 [JavaFX Application Thread] DEBUG TMXLevelLoader       - Parsed TiledMap: file:/C:/Users/Lenovo/ProjectJava3.0/myproject/myproject/target/classes/assets/levels/battle2.tmx
08:08:34.570 [JavaFX Application Thread] DEBUG TMXLevelLoader       - Creating tile layer entities
08:08:34.570 [JavaFX Application Thread] DEBUG TilesetLoader        - Loading view for layer Tile Layer 1
08:08:34.571 [JavaFX Application Thread] DEBUG TilesetLoader        - Created buffer with size 2048.0x1024.0
08:08:34.879 [JavaFX Application Thread] DEBUG TMXLevelLoader       - Creating object layer entities
08:09:06.378 [JavaFX Application Thread] DEBUG EventBus             - Firing event: com.GameEvent.BackMainScene[source=javafx.event.Event$$Lambda/0x000001b9931742e8@5f40fd51]
08:09:06.380 [JavaFX Application Thread] WARN  TMXLevelLoader       - TiledMap generated from 1.11.2. Supported version: 1.9.0. Some features may not be parsed fully.
08:09:06.382 [JavaFX Application Thread] DEBUG TMXLevelLoader       - Parsed TiledMap: file:/C:/Users/Lenovo/ProjectJava3.0/myproject/myproject/target/classes/assets/levels/scene2.tmx
08:09:06.382 [JavaFX Application Thread] DEBUG TMXLevelLoader       - Creating tile layer entities
08:09:06.382 [JavaFX Application Thread] DEBUG TilesetLoader        - Loading view for layer Tile Layer 1
08:09:06.389 [JavaFX Application Thread] DEBUG TilesetLoader        - Created buffer with size 1024.0x1024.0
08:09:06.465 [JavaFX Application Thread] DEBUG TMXLevelLoader       - Creating object layer entities
08:09:06.468 [JavaFX Application Thread] DEBUG GameWorld            - Clearing removable entities
08:09:06.469 [JavaFX Application Thread] DEBUG GameWorld            - Setting level: com.almasb.fxgl.entity.level.Level@23096984
08:09:06.471 [JavaFX Application Thread] WARN  TMXLevelLoader       - TiledMap generated from 1.11.2. Supported version: 1.9.0. Some features may not be parsed fully.
08:09:06.473 [JavaFX Application Thread] DEBUG TMXLevelLoader       - Parsed TiledMap: file:/C:/Users/Lenovo/ProjectJava3.0/myproject/myproject/target/classes/assets/levels/scene2.tmx
08:09:06.473 [JavaFX Application Thread] DEBUG TMXLevelLoader       - Creating tile layer entities
08:09:06.473 [JavaFX Application Thread] DEBUG TilesetLoader        - Loading view for layer Tile Layer 1
08:09:06.474 [JavaFX Application Thread] DEBUG TilesetLoader        - Created buffer with size 1024.0x1024.0
08:09:06.533 [JavaFX Application Thread] DEBUG TMXLevelLoader       - Creating object layer entities
08:09:07.870 [JavaFX Application Thread] DEBUG EventBus             - Firing event: com.GameEvent.NextScene[source=javafx.event.Event$$Lambda/0x000001b9931742e8@5f40fd51]
08:09:07.872 [JavaFX Application Thread] WARN  TMXLevelLoader       - TiledMap generated from 1.11.2. Supported version: 1.9.0. Some features may not be parsed fully.
08:09:07.873 [JavaFX Application Thread] DEBUG TMXLevelLoader       - Parsed TiledMap: file:/C:/Users/Lenovo/ProjectJava3.0/myproject/myproject/target/classes/assets/levels/scene3.tmx
08:09:07.874 [JavaFX Application Thread] DEBUG TMXLevelLoader       - Creating tile layer entities
08:09:07.874 [JavaFX Application Thread] DEBUG TilesetLoader        - Loading view for layer Tile Layer 1
08:09:07.876 [JavaFX Application Thread] DEBUG TilesetLoader        - Created buffer with size 2048.0x1024.0
08:09:07.952 [JavaFX Application Thread] DEBUG TMXLevelLoader       - Creating object layer entities
08:09:07.955 [JavaFX Application Thread] DEBUG FXGLAssetLoaderServi - Loading from file system: file:/C:/Users/Lenovo/ProjectJava3.0/myproject/myproject/target/classes/assets/textures/DuessaAni.png
08:09:07.956 [JavaFX Application Thread] DEBUG GameWorld            - Clearing removable entities
08:09:07.957 [JavaFX Application Thread] DEBUG GameWorld            - Setting level: com.almasb.fxgl.entity.level.Level@3ce65cd9
08:09:07.959 [JavaFX Application Thread] WARN  TMXLevelLoader       - TiledMap generated from 1.11.2. Supported version: 1.9.0. Some features may not be parsed fully.
08:09:07.960 [JavaFX Application Thread] DEBUG TMXLevelLoader       - Parsed TiledMap: file:/C:/Users/Lenovo/ProjectJava3.0/myproject/myproject/target/classes/assets/levels/scene3.tmx
08:09:07.960 [JavaFX Application Thread] DEBUG TMXLevelLoader       - Creating tile layer entities
08:09:07.960 [JavaFX Application Thread] DEBUG TilesetLoader        - Loading view for layer Tile Layer 1
08:09:07.961 [JavaFX Application Thread] DEBUG TilesetLoader        - Created buffer with size 2048.0x1024.0
08:09:08.044 [JavaFX Application Thread] DEBUG TMXLevelLoader       - Creating object layer entities
08:09:12.540 [JavaFX Application Thread] DEBUG FXGLAssetLoaderServi - Loading from file system: file:/C:/Users/Lenovo/ProjectJava3.0/myproject/myproject/target/classes/assets/text/CutScene3.txt
08:09:12.541 [JavaFX Application Thread] DEBUG PrimaryStageWindow   - Push state: CutsceneScene
08:09:12.541 [JavaFX Application Thread] DEBUG Input                - Clearing active input actions
08:09:12.541 [JavaFX Application Thread] DEBUG GameApplicationServi - Removing overlay from GameScene and adding to CutsceneScene
08:09:12.542 [JavaFX Application Thread] DEBUG PrimaryStageWindow   - GameScene -> CutsceneScene
08:09:20.415 [JavaFX Application Thread] DEBUG PrimaryStageWindow   - Pop state: CutsceneScene
08:09:20.415 [JavaFX Application Thread] DEBUG Input                - Clearing active input actions
08:09:20.415 [JavaFX Application Thread] DEBUG GameApplicationServi - Removing overlay from CutsceneScene and adding to GameScene
08:09:20.416 [JavaFX Application Thread] DEBUG PrimaryStageWindow   - GameScene <- CutsceneScene
08:09:20.416 [JavaFX Application Thread] DEBUG EventBus             - Firing event: com.GameEvent.CombatScene[source=javafx.event.Event$$Lambda/0x000001b9931742e8@5f40fd51]
08:09:20.418 [JavaFX Application Thread] WARN  TMXLevelLoader       - TiledMap generated from 1.11.2. Supported version: 1.9.0. Some features may not be parsed fully.
08:09:20.421 [JavaFX Application Thread] DEBUG TMXLevelLoader       - Parsed TiledMap: file:/C:/Users/Lenovo/ProjectJava3.0/myproject/myproject/target/classes/assets/levels/battle3.tmx
08:09:20.422 [JavaFX Application Thread] DEBUG TMXLevelLoader       - Creating tile layer entities
08:09:20.423 [JavaFX Application Thread] DEBUG TilesetLoader        - Loading view for layer Tile Layer 1
08:09:20.424 [JavaFX Application Thread] DEBUG TilesetLoader        - Created buffer with size 2048.0x1024.0
08:09:20.846 [JavaFX Application Thread] DEBUG TMXLevelLoader       - Creating object layer entities
08:09:20.848 [JavaFX Application Thread] DEBUG FXGLAssetLoaderServi - Loading from file system: file:/C:/Users/Lenovo/ProjectJava3.0/myproject/myproject/target/classes/assets/textures/King%20Archial.png
08:09:20.854 [JavaFX Application Thread] DEBUG FXGLAssetLoaderServi - Loading from file system: file:/C:/Users/Lenovo/ProjectJava3.0/myproject/myproject/target/classes/assets/textures/Knight%20Michael.png
08:09:20.860 [JavaFX Application Thread] DEBUG FXGLAssetLoaderServi - Loading from file system: file:/C:/Users/Lenovo/ProjectJava3.0/myproject/myproject/target/classes/assets/textures/Emprss%20Duessa.png
08:09:20.871 [JavaFX Application Thread] DEBUG GameWorld            - Clearing removable entities
08:09:20.871 [JavaFX Application Thread] DEBUG GameWorld            - Setting level: com.almasb.fxgl.entity.level.Level@25b00780
08:09:20.873 [JavaFX Application Thread] WARN  TMXLevelLoader       - TiledMap generated from 1.11.2. Supported version: 1.9.0. Some features may not be parsed fully.
08:09:20.874 [JavaFX Application Thread] DEBUG TMXLevelLoader       - Parsed TiledMap: file:/C:/Users/Lenovo/ProjectJava3.0/myproject/myproject/target/classes/assets/levels/scene3.tmx
08:09:20.874 [JavaFX Application Thread] DEBUG TMXLevelLoader       - Creating tile layer entities
08:09:20.875 [JavaFX Application Thread] DEBUG TilesetLoader        - Loading view for layer Tile Layer 1
08:09:20.875 [JavaFX Application Thread] DEBUG TilesetLoader        - Created buffer with size 2048.0x1024.0
08:09:20.951 [JavaFX Application Thread] DEBUG TMXLevelLoader       - Creating object layer entities
08:09:34.452 [JavaFX Application Thread] DEBUG LoopRunner           - Stopping loop
08:09:34.453 [JavaFX Application Thread] FATAL FXGLApplication      - Uncaught Exception:
java.lang.IllegalArgumentException: bound must be positive
	at java.base/java.util.Random.nextInt(Random.java:557)
	at com.Component.CharecterEnemy.DamageEnemyComponent.decreaseHP(DamageEnemyComponent.java:60)
	at com.Combat.EnemyCombat.enemyAttack(EnemyCombat.java:127)
	at com.Combat.OrderCombat.check(OrderCombat.java:272)
	at com.Combat.OrderCombat.attack(OrderCombat.java:83)
	at com.UI.ActionButtonUI.lambda$1(ActionButtonUI.java:72)
	at com.sun.javafx.event.CompositeEventHandler.dispatchBubblingEvent(CompositeEventHandler.java:86)
	at com.sun.javafx.event.EventHandlerManager.dispatchBubblingEvent(EventHandlerManager.java:232)
	at com.sun.javafx.event.EventHandlerManager.dispatchBubblingEvent(EventHandlerManager.java:189)
	at com.sun.javafx.event.CompositeEventDispatcher.dispatchBubblingEvent(CompositeEventDispatcher.java:59)
	at com.sun.javafx.event.BasicEventDispatcher.dispatchEvent(BasicEventDispatcher.java:58)
	at com.sun.javafx.event.EventDispatchChainImpl.dispatchEvent(EventDispatchChainImpl.java:114)
	at com.sun.javafx.event.BasicEventDispatcher.dispatchEvent(BasicEventDispatcher.java:56)
	at com.sun.javafx.event.EventDispatchChainImpl.dispatchEvent(EventDispatchChainImpl.java:114)
	at com.sun.javafx.event.BasicEventDispatcher.dispatchEvent(BasicEventDispatcher.java:56)
	at com.sun.javafx.event.EventDispatchChainImpl.dispatchEvent(EventDispatchChainImpl.java:114)
	at com.sun.javafx.event.EventUtil.fireEventImpl(EventUtil.java:74)
	at com.sun.javafx.event.EventUtil.fireEvent(EventUtil.java:49)
	at javafx.event.Event.fireEvent(Event.java:198)
	at javafx.scene.Node.fireEvent(Node.java:8875)
	at javafx.scene.control.Button.fire(Button.java:203)
	at com.sun.javafx.scene.control.behavior.ButtonBehavior.mouseReleased(ButtonBehavior.java:207)
	at com.sun.javafx.scene.control.inputmap.InputMap.handle(InputMap.java:274)
	at com.sun.javafx.event.CompositeEventHandler$NormalEventHandlerRecord.handleBubblingEvent(CompositeEventHandler.java:247)
	at com.sun.javafx.event.CompositeEventHandler.dispatchBubblingEvent(CompositeEventHandler.java:80)
	at com.sun.javafx.event.EventHandlerManager.dispatchBubblingEvent(EventHandlerManager.java:232)
	at com.sun.javafx.event.EventHandlerManager.dispatchBubblingEvent(EventHandlerManager.java:189)
	at com.sun.javafx.event.CompositeEventDispatcher.dispatchBubblingEvent(CompositeEventDispatcher.java:59)
	at com.sun.javafx.event.BasicEventDispatcher.dispatchEvent(BasicEventDispatcher.java:58)
	at com.sun.javafx.event.EventDispatchChainImpl.dispatchEvent(EventDispatchChainImpl.java:114)
	at com.sun.javafx.event.BasicEventDispatcher.dispatchEvent(BasicEventDispatcher.java:56)
	at com.sun.javafx.event.EventDispatchChainImpl.dispatchEvent(EventDispatchChainImpl.java:114)
	at com.sun.javafx.event.BasicEventDispatcher.dispatchEvent(BasicEventDispatcher.java:56)
	at com.sun.javafx.event.EventDispatchChainImpl.dispatchEvent(EventDispatchChainImpl.java:114)
	at com.sun.javafx.event.EventUtil.fireEventImpl(EventUtil.java:74)
	at com.sun.javafx.event.EventUtil.fireEvent(EventUtil.java:54)
	at javafx.event.Event.fireEvent(Event.java:198)
	at javafx.scene.Scene$MouseHandler.process(Scene.java:3984)
	at javafx.scene.Scene.processMouseEvent(Scene.java:1890)
	at javafx.scene.Scene$ScenePeerListener.mouseEvent(Scene.java:2708)
	at com.sun.javafx.tk.quantum.GlassViewEventHandler$MouseEventNotification.run(GlassViewEventHandler.java:411)
	at com.sun.javafx.tk.quantum.GlassViewEventHandler$MouseEventNotification.run(GlassViewEventHandler.java:301)
	at java.base/java.security.AccessController.doPrivileged(AccessController.java:400)
	at com.sun.javafx.tk.quantum.GlassViewEventHandler.lambda$handleMouseEvent$2(GlassViewEventHandler.java:450)
	at com.sun.javafx.tk.quantum.QuantumToolkit.runWithoutRenderLock(QuantumToolkit.java:424)
	at com.sun.javafx.tk.quantum.GlassViewEventHandler.handleMouseEvent(GlassViewEventHandler.java:449)
	at com.sun.glass.ui.View.handleMouseEvent(View.java:551)
	at com.sun.glass.ui.View.notifyMouse(View.java:937)
	at com.sun.glass.ui.win.WinApplication._runLoop(Native Method)
	at com.sun.glass.ui.win.WinApplication.lambda$runLoop$3(WinApplication.java:185)
	at java.base/java.lang.Thread.run(Thread.java:1583)

08:09:34.454 [JavaFX Application Thread] FATAL FXGLApplication      - Application will now exit
08:09:34.460 [JavaFX Application Thread] DEBUG PrimaryStageWindow   - Push state: ErrorSubScene
08:09:34.460 [JavaFX Application Thread] DEBUG Input                - Clearing active input actions
08:09:34.461 [JavaFX Application Thread] DEBUG GameApplicationServi - Removing overlay from GameScene and adding to ErrorSubScene
08:09:34.461 [JavaFX Application Thread] DEBUG PrimaryStageWindow   - GameScene -> ErrorSubScene
08:09:41.282 [JavaFX Application Thread] DEBUG FXGLApplication      - Exiting FXGL
08:09:41.282 [JavaFX Application Thread] DEBUG Async                - Shutting down background threads
08:09:41.283 [JavaFX Application Thread] DEBUG PrimaryStageWindow   - Closing main window
08:09:41.346 [JavaFX Application Thread] DEBUG Logger               - Closing Logger
