23:31:57.168 [main                     ] DEBUG Logger               - Configured Logger
23:31:57.191 [main                     ] DEBUG GameApplication      - Logging settings
Title: Final Journey
Version: Alpha
Width: 1280
Height: 720
Fullscreen: true
Intro: false
Profiling: false
Single step:false
App Mode: DEVELOPER
Menu Key: ESCAPE
Stage Style: DECORATED
Scene Factory: class com.almasb.fxgl.app.scene.SceneFactory

23:31:57.642 [JavaFX Application Thread] DEBUG FXGLApplication      - Initializing FXGL
23:31:57.646 [JavaFX Application Thread] INFO  Engine               - FXGL-21.1 (27.03.2024 07.52) on WINDOWS (J:21.0.5 FX:21.0.1)
23:31:57.647 [JavaFX Application Thread] DEBUG Engine               - JRE Vendor Name: Eclipse Adoptium
23:31:57.647 [JavaFX Application Thread] DEBUG Engine               - Running on OS: Windows 11 version 10.0
23:31:57.647 [JavaFX Application Thread] DEBUG Engine               - Architecture: amd64
23:31:57.647 [JavaFX Application Thread] INFO  Engine               - Source code and latest versions at: https://github.com/AlmasB/FXGL
23:31:57.648 [JavaFX Application Thread] INFO  Engine               -       Ask questions and discuss at: https://github.com/AlmasB/FXGL/discussions
23:31:57.648 [JavaFX Application Thread] INFO  Engine               -              Join the FXGL chat at: https://gitter.im/AlmasB/FXGL
23:31:57.751 [JavaFX Application Thread] DEBUG PrimaryStageWindow   - Creating a JavaFX scene
23:31:57.830 [JavaFX Application Thread] DEBUG PrimaryStageWindow   - Target settings size: 1280.0 x 720.0
23:31:57.831 [JavaFX Application Thread] DEBUG PrimaryStageWindow   - Scaled scene size:    1280.0 x 720.0
23:31:57.831 [JavaFX Application Thread] DEBUG PrimaryStageWindow   - Scaled ratio: (1.0, 1.0)
23:31:57.832 [JavaFX Application Thread] DEBUG PrimaryStageWindow   - Set initial scene to FXGLStartupScene
23:31:57.836 [JavaFX Application Thread] DEBUG PrimaryStageWindow   - Opening main window
23:31:57.938 [JavaFX Application Thread] DEBUG PrimaryStageWindow   - Window border size: (14.4000244140625, 37.5999755859375)
23:31:57.939 [JavaFX Application Thread] DEBUG PrimaryStageWindow   - Scaled size: 1280.0 x 720.0
23:31:57.939 [JavaFX Application Thread] DEBUG PrimaryStageWindow   - Scaled ratio: (1.0, 1.0)
23:31:57.939 [JavaFX Application Thread] DEBUG PrimaryStageWindow   - Scene size: 1280.0 x 720.0
23:31:57.939 [JavaFX Application Thread] DEBUG PrimaryStageWindow   - Stage size: 1294.4000244140625 x 757.5999755859375
23:31:58.011 [JavaFX Application Thread] DEBUG PrimaryStageWindow   - Going fullscreen
23:31:58.021 [FXGL Background Thread 1 ] DEBUG Engine               - Initializing environment variables
23:31:58.078 [FXGL Background Thread 1 ] DEBUG FXGLAssetLoaderServi - User app class for loading assets: class com.project.App
23:31:58.078 [FXGL Background Thread 1 ] DEBUG GameApplicationServi - Applying CSS: fxgl_dark.css
23:31:58.078 [FXGL Background Thread 1 ] DEBUG FXGLAssetLoaderServi - Loading from file system: jar:file:/C:/Users/Lenovo/.m2/repository/com/github/almasb/fxgl/21.1/fxgl-21.1.jar!/fxglassets/ui/css/fxgl_dark.css
23:31:58.123 [FXGL Background Thread 1 ] DEBUG GameApplicationServi - Initializing application scenes
23:31:58.165 [FXGL Background Thread 1 ] DEBUG GameWorld            - Game world initialized
23:31:58.226 [FXGL Background Thread 1 ] DEBUG PhysicsWorld         - Physics world initialized: appHeight=720, physics.ppm=50.0
23:31:58.227 [FXGL Background Thread 1 ] DEBUG PhysicsWorld         - Using strategy: BRUTE_FORCE
23:31:58.230 [FXGL Background Thread 1 ] DEBUG GameScene            - Game scene initialized: 1280x720
23:31:58.241 [FXGL Background Thread 1 ] DEBUG FXGL.DefaultMenu     - createMenuBodyGameMenu()
23:31:58.256 [FXGL Background Thread 1 ] DEBUG FXGL.DefaultMenu     - createOptionsMenu()
23:31:58.265 [FXGL Background Thread 1 ] DEBUG FXGLAssetLoaderServi - Loading from file system: jar:file:/C:/Users/Lenovo/.m2/repository/com/github/almasb/fxgl/21.1/fxgl-21.1.jar!/fxglassets/textures/particles/smoke.png
23:31:58.361 [FXGL Background Thread 1 ] DEBUG FXGLAssetLoaderServi - Loading from file system: jar:file:/C:/Users/Lenovo/.m2/repository/com/github/almasb/fxgl/21.1/fxgl-21.1.jar!/fxglassets/textures/particles/trace_horizontal.png
23:31:58.382 [FXGL Background Thread 1 ] DEBUG GameApplicationServi - Application scenes initialized
23:31:58.394 [FXGL Background Thread 1 ] DEBUG SystemBundleService  - Loading FXGL system data
23:31:58.398 [FXGL Background Thread 1 ] DEBUG FileSystemAccess     - Reading from: C:\Users\Lenovo\ProjectJava3.0\myproject\myproject\system\fxgl.bundle
23:31:58.411 [FXGL Background Thread 1 ] DEBUG SystemBundleService  - Bundle FXGL: {}
23:31:58.411 [FXGL Background Thread 1 ] DEBUG UpdaterService       - Checking for updates
23:31:58.444 [FXGL Background Thread 4 ] DEBUG FXGLApplication      - Loading fonts
23:31:58.445 [FXGL Background Thread 1 ] DEBUG FXGLApplication      - Loading default localization
23:31:58.445 [FXGL Background Thread 4 ] DEBUG FXGLAssetLoaderServi - Loading from file system: jar:file:/C:/Users/Lenovo/.m2/repository/com/github/almasb/fxgl/21.1/fxgl-21.1.jar!/fxglassets/ui/fonts/VarelaRound-Regular.ttf
23:31:58.445 [FXGL Background Thread 1 ] DEBUG FXGLAssetLoaderServi - Loading from file system: jar:file:/C:/Users/Lenovo/.m2/repository/com/github/almasb/fxgl/21.1/fxgl-21.1.jar!/fxglassets/languages/english.lang
23:31:58.482 [FXGL Background Thread 1 ] INFO  FXGLApplication      - FXGL initialization took: 0.461 sec
23:31:58.485 [FXGL Background Thread 4 ] DEBUG FXGLAssetLoaderServi - Loading from file system: jar:file:/C:/Users/Lenovo/.m2/repository/com/github/almasb/fxgl/21.1/fxgl-21.1.jar!/fxglassets/ui/fonts/Abel-Regular.ttf
23:31:58.489 [FXGL Background Thread 4 ] DEBUG FXGLAssetLoaderServi - Loading from file system: jar:file:/C:/Users/Lenovo/.m2/repository/com/github/almasb/fxgl/21.1/fxgl-21.1.jar!/fxglassets/ui/fonts/TerminalLandMono-Regular.otf
23:31:58.493 [FXGL Background Thread 4 ] DEBUG FXGLAssetLoaderServi - Loading from file system: jar:file:/C:/Users/Lenovo/.m2/repository/com/github/almasb/fxgl/21.1/fxgl-21.1.jar!/fxglassets/ui/fonts/Courier-Prime.ttf
23:31:58.493 [JavaFX Application Thread] DEBUG Input                - Registered new binding: Right - D
23:31:58.494 [JavaFX Application Thread] DEBUG Input                - Registered new binding: Left - A
23:31:58.494 [JavaFX Application Thread] DEBUG Input                - Registered new binding: Up - W
23:31:58.494 [JavaFX Application Thread] DEBUG Input                - Registered new binding: Down - S
23:31:58.495 [JavaFX Application Thread] DEBUG Input                - Registered new binding: Interact - E
23:31:58.495 [JavaFX Application Thread] DEBUG FXGLAssetLoaderServi - Loading from file system: jar:file:/C:/Users/Lenovo/.m2/repository/com/github/almasb/fxgl/21.1/fxgl-21.1.jar!/fxglassets/textures/fxgl_icon.png
23:31:58.514 [JavaFX Application Thread] DEBUG FXGLAssetLoaderServi - Loading from file system: jar:file:/C:/Users/Lenovo/.m2/repository/com/github/almasb/fxgl/21.1/fxgl-21.1.jar!/fxglassets/textures/fxgl_default_cursor.png
23:31:58.516 [JavaFX Application Thread] DEBUG Input                - Registered new binding: Screenshot - CTRL+8
23:31:58.517 [JavaFX Application Thread] DEBUG Input                - Registered new binding: Dev Options - 1
23:31:58.519 [JavaFX Application Thread] DEBUG Input                - Registered new binding: Dev Console - 2
23:31:58.520 [JavaFX Application Thread] DEBUG Input                - Registered new binding: System info dump - CTRL+9
23:31:58.520 [JavaFX Application Thread] DEBUG Input                - Registered new binding: Restart - CTRL+R
23:31:58.521 [JavaFX Application Thread] DEBUG Input                - Registered new binding: Toggle Debug Camera - CTRL+7
23:31:58.527 [JavaFX Application Thread] DEBUG LoopRunner           - Starting loop
23:31:58.548 [JavaFX Application Thread] DEBUG LoopRunner           - Initializing JavaFX AnimationTimerLoop
23:31:58.551 [JavaFX Application Thread] DEBUG GameApplicationServi - Starting new game
23:31:58.551 [JavaFX Application Thread] DEBUG Input                - Clearing active input actions
23:31:58.562 [JavaFX Application Thread] DEBUG GameApplicationServi - Removing overlay from FXGLStartupScene and adding to FXGLLoadingScene
23:31:58.567 [JavaFX Application Thread] DEBUG PrimaryStageWindow   - FXGLStartupScene -> FXGLLoadingScene
23:31:58.567 [JavaFX Application Thread] DEBUG GameApplicationServi - Clearing previous game
23:31:58.567 [JavaFX Application Thread] DEBUG GameScene            - Clearing game scene
23:31:58.567 [JavaFX Application Thread] DEBUG GameWorld            - Clearing game world
23:31:58.567 [JavaFX Application Thread] DEBUG PhysicsWorld         - Clearing physics world
23:31:58.568 [FXGL Background Thread 4 ] DEBUG FXGLApplication      - Initializing game
23:31:58.570 [JavaFX Application Thread] DEBUG FXGLApplication      - Registering font factories with UI factory
23:31:58.612 [FXGL Background Thread 2 ] WARN  UpdaterService       - Failed to find updates: java.net.UnknownHostException: raw.githubusercontent.com
23:31:58.617 [FXGL Background Thread 4 ] WARN  TMXLevelLoader       - TiledMap generated from 1.11.2. Supported version: 1.9.0. Some features may not be parsed fully.
23:31:58.644 [FXGL Background Thread 4 ] DEBUG TMXLevelLoader       - Parsed TiledMap: file:/C:/Users/Lenovo/ProjectJava3.0/myproject/myproject/target/classes/assets/levels/scene1.tmx
23:31:58.645 [FXGL Background Thread 4 ] DEBUG TMXLevelLoader       - Creating tile layer entities
23:31:58.649 [FXGL Background Thread 4 ] DEBUG TilesetLoader        - Loading view for layer lowefloor
23:31:58.650 [FXGL Background Thread 4 ] DEBUG TilesetLoader        - Created buffer with size 512.0x1024.0
23:31:58.715 [FXGL Background Thread 4 ] DEBUG TilesetLoader        - Loading view for layer cliff
23:31:58.715 [FXGL Background Thread 4 ] DEBUG TilesetLoader        - Created buffer with size 512.0x1024.0
23:31:58.717 [FXGL Background Thread 4 ] DEBUG TilesetLoader        - Loading view for layer cliff1
23:31:58.719 [FXGL Background Thread 4 ] DEBUG TilesetLoader        - Created buffer with size 512.0x1024.0
23:31:58.720 [FXGL Background Thread 4 ] DEBUG TilesetLoader        - Loading view for layer cliff2
23:31:58.721 [FXGL Background Thread 4 ] DEBUG TilesetLoader        - Created buffer with size 512.0x1024.0
23:31:58.722 [FXGL Background Thread 4 ] DEBUG TilesetLoader        - Loading view for layer Tile Layer 3
23:31:58.722 [FXGL Background Thread 4 ] DEBUG TilesetLoader        - Created buffer with size 512.0x1024.0
23:31:58.723 [FXGL Background Thread 4 ] DEBUG TilesetLoader        - Loading view for layer Tile Layer 6
23:31:58.723 [FXGL Background Thread 4 ] DEBUG TilesetLoader        - Created buffer with size 512.0x1024.0
23:31:58.823 [FXGL Background Thread 4 ] DEBUG TilesetLoader        - Loading view for layer prop
23:31:58.824 [FXGL Background Thread 4 ] DEBUG TilesetLoader        - Created buffer with size 512.0x1024.0
23:31:58.824 [FXGL Background Thread 4 ] DEBUG TMXLevelLoader       - Creating object layer entities
23:31:58.855 [FXGL Background Thread 4 ] DEBUG FXGLAssetLoaderServi - Loading from file system: file:/C:/Users/Lenovo/ProjectJava3.0/myproject/myproject/target/classes/assets/textures/Rafflesia.png
23:31:58.869 [FXGL Background Thread 4 ] WARN  TMXLevelLoader       - TiledMap generated from 1.11.2. Supported version: 1.9.0. Some features may not be parsed fully.
23:31:58.882 [FXGL Background Thread 4 ] DEBUG TMXLevelLoader       - Parsed TiledMap: file:/C:/Users/Lenovo/ProjectJava3.0/myproject/myproject/target/classes/assets/levels/scene1.tmx
23:31:58.882 [FXGL Background Thread 4 ] DEBUG TMXLevelLoader       - Creating tile layer entities
23:31:58.882 [FXGL Background Thread 4 ] DEBUG TilesetLoader        - Loading view for layer lowefloor
23:31:58.883 [FXGL Background Thread 4 ] DEBUG TilesetLoader        - Created buffer with size 512.0x1024.0
23:31:58.910 [FXGL Background Thread 4 ] DEBUG TilesetLoader        - Loading view for layer cliff
23:31:58.911 [FXGL Background Thread 4 ] DEBUG TilesetLoader        - Created buffer with size 512.0x1024.0
23:31:58.912 [FXGL Background Thread 4 ] DEBUG TilesetLoader        - Loading view for layer cliff1
23:31:58.913 [FXGL Background Thread 4 ] DEBUG TilesetLoader        - Created buffer with size 512.0x1024.0
23:31:58.914 [FXGL Background Thread 4 ] DEBUG TilesetLoader        - Loading view for layer cliff2
23:31:58.915 [FXGL Background Thread 4 ] DEBUG TilesetLoader        - Created buffer with size 512.0x1024.0
23:31:58.916 [FXGL Background Thread 4 ] DEBUG TilesetLoader        - Loading view for layer Tile Layer 3
23:31:58.917 [FXGL Background Thread 4 ] DEBUG TilesetLoader        - Created buffer with size 512.0x1024.0
23:31:58.918 [FXGL Background Thread 4 ] DEBUG TilesetLoader        - Loading view for layer Tile Layer 6
23:31:58.918 [FXGL Background Thread 4 ] DEBUG TilesetLoader        - Created buffer with size 512.0x1024.0
23:31:58.964 [FXGL Background Thread 4 ] DEBUG TilesetLoader        - Loading view for layer prop
23:31:58.965 [FXGL Background Thread 4 ] DEBUG TilesetLoader        - Created buffer with size 512.0x1024.0
23:31:58.965 [FXGL Background Thread 4 ] DEBUG TMXLevelLoader       - Creating object layer entities
23:31:58.976 [FXGL Background Thread 4 ] DEBUG GameWorld            - Clearing removable entities
23:31:58.977 [FXGL Background Thread 4 ] DEBUG GameWorld            - Setting level: com.almasb.fxgl.entity.level.Level@7fcb438d
23:31:58.989 [FXGL Background Thread 4 ] DEBUG FXGLAssetLoaderServi - Loading from file system: file:/C:/Users/Lenovo/ProjectJava3.0/myproject/myproject/target/classes/assets/textures/Actor1.png
23:31:58.997 [FXGL Background Thread 4 ] INFO  FXGLApplication      - Game initialization took: 0.429 sec
23:31:58.998 [JavaFX Application Thread] DEBUG Input                - Clearing active input actions
23:31:59.009 [JavaFX Application Thread] DEBUG GameApplicationServi - Removing overlay from FXGLLoadingScene and adding to GameScene
23:31:59.013 [JavaFX Application Thread] DEBUG PrimaryStageWindow   - FXGLLoadingScene -> GameScene
23:32:01.441 [FXGL Background Thread 3 ] DEBUG Engine               - Logging environment variables
23:32:01.441 [FXGL Background Thread 3 ] DEBUG Engine               - achievements: []
23:32:01.441 [FXGL Background Thread 3 ] DEBUG Engine               - actualHeight: 864.0
23:32:01.442 [FXGL Background Thread 3 ] DEBUG Engine               - actualHeightProperty: ReadOnlyDoubleProperty [value: 864.0]
23:32:01.442 [FXGL Background Thread 3 ] DEBUG Engine               - actualWidth: 1536.0
23:32:01.442 [FXGL Background Thread 3 ] DEBUG Engine               - actualWidthProperty: ReadOnlyDoubleProperty [value: 1536.0]
23:32:01.442 [FXGL Background Thread 3 ] DEBUG Engine               - appIcon: fxgl_icon.png
23:32:01.442 [FXGL Background Thread 3 ] DEBUG Engine               - applicationMode: DEVELOPER
23:32:01.442 [FXGL Background Thread 3 ] DEBUG Engine               - cSSList: [fxgl_dark.css]
23:32:01.442 [FXGL Background Thread 3 ] DEBUG Engine               - collisionDetectionStrategy: BRUTE_FORCE
23:32:01.442 [FXGL Background Thread 3 ] DEBUG Engine               - configClass: Optional.empty
23:32:01.442 [FXGL Background Thread 3 ] DEBUG Engine               - credits: []
23:32:01.442 [FXGL Background Thread 3 ] DEBUG Engine               - defaultCursor: CursorInfo(imageName=fxgl_default_cursor.png, hotspotX=7.0, hotspotY=6.0)
23:32:01.442 [FXGL Background Thread 3 ] DEBUG Engine               - devBBoxColorProperty: ObjectProperty [value: 0xff0000ff]
23:32:01.442 [FXGL Background Thread 3 ] DEBUG Engine               - devEnableDebugCameraProperty: BooleanProperty [value: false]
23:32:01.443 [FXGL Background Thread 3 ] DEBUG Engine               - devSensorColorProperty: ObjectProperty [value: 0xffff00ff]
23:32:01.443 [FXGL Background Thread 3 ] DEBUG Engine               - devShowBBoxProperty: BooleanProperty [value: false]
23:32:01.443 [FXGL Background Thread 3 ] DEBUG Engine               - devShowPositionProperty: BooleanProperty [value: false]
23:32:01.443 [FXGL Background Thread 3 ] DEBUG Engine               - enabledMenuItems: []
23:32:01.443 [FXGL Background Thread 3 ] DEBUG Engine               - engineServices: [class com.almasb.fxgl.app.services.FXGLAssetLoaderService, class com.almasb.fxgl.app.FXGLApplication$GameApplicationService, class com.almasb.fxgl.app.services.FXGLDialogService, class com.almasb.fxgl.app.services.IOTaskExecutorService, class com.almasb.fxgl.io.FileSystemService, class com.almasb.fxgl.localization.LocalizationService, class com.almasb.fxgl.app.services.SystemBundleService, class com.almasb.fxgl.profile.SaveLoadService, class com.almasb.fxgl.ui.FXGLUIFactoryServiceProvider, class com.almasb.fxgl.ui.FXGLDialogFactoryServiceProvider, class com.almasb.fxgl.audio.AudioPlayer, class com.almasb.fxgl.notification.impl.NotificationServiceProvider, class com.almasb.fxgl.achievement.AchievementService, class com.almasb.fxgl.cutscene.CutsceneService, class com.almasb.fxgl.minigames.MiniGameService, class com.almasb.fxgl.net.NetService, class com.almasb.fxgl.app.services.UpdaterService, class com.almasb.fxgl.dev.DevService]
23:32:01.443 [FXGL Background Thread 3 ] DEBUG Engine               - fontGame: Abel-Regular.ttf
23:32:01.443 [FXGL Background Thread 3 ] DEBUG Engine               - fontMono: TerminalLandMono-Regular.otf
23:32:01.443 [FXGL Background Thread 3 ] DEBUG Engine               - fontSizeScaleUI: 1.0
23:32:01.443 [FXGL Background Thread 3 ] DEBUG Engine               - fontText: Courier-Prime.ttf
23:32:01.443 [FXGL Background Thread 3 ] DEBUG Engine               - fontUI: VarelaRound-Regular.ttf
23:32:01.443 [FXGL Background Thread 3 ] DEBUG Engine               - fullScreen: BooleanProperty [value: true]
23:32:01.443 [FXGL Background Thread 3 ] DEBUG Engine               - gameDifficulty: MEDIUM
23:32:01.443 [FXGL Background Thread 3 ] DEBUG Engine               - gameDifficultyProperty: ObjectProperty [value: MEDIUM]
23:32:01.443 [FXGL Background Thread 3 ] DEBUG Engine               - globalMusicVolume: 0.5
23:32:01.443 [FXGL Background Thread 3 ] DEBUG Engine               - globalMusicVolumeProperty: DoubleProperty [value: 0.5]
23:32:01.443 [FXGL Background Thread 3 ] DEBUG Engine               - globalSoundVolume: 0.5
23:32:01.443 [FXGL Background Thread 3 ] DEBUG Engine               - globalSoundVolumeProperty: DoubleProperty [value: 0.5]
23:32:01.443 [FXGL Background Thread 3 ] DEBUG Engine               - height: 720
23:32:01.443 [FXGL Background Thread 3 ] DEBUG Engine               - is3D: false
23:32:01.443 [FXGL Background Thread 3 ] DEBUG Engine               - isAndroid: false
23:32:01.443 [FXGL Background Thread 3 ] DEBUG Engine               - isBrowser: false
23:32:01.443 [FXGL Background Thread 3 ] DEBUG Engine               - isClickFeedbackEnabled: false
23:32:01.443 [FXGL Background Thread 3 ] DEBUG Engine               - isCloseConfirmation: false
23:32:01.443 [FXGL Background Thread 3 ] DEBUG Engine               - isDesktop: true
23:32:01.443 [FXGL Background Thread 3 ] DEBUG Engine               - isDeveloperMenuEnabled: true
23:32:01.444 [FXGL Background Thread 3 ] DEBUG Engine               - isEmbedded: false
23:32:01.444 [FXGL Background Thread 3 ] DEBUG Engine               - isEntityPreloadEnabled: true
23:32:01.444 [FXGL Background Thread 3 ] DEBUG Engine               - isExperimentalTiledLargeMap: false
23:32:01.444 [FXGL Background Thread 3 ] DEBUG Engine               - isFileSystemWriteAllowed: true
23:32:01.444 [FXGL Background Thread 3 ] DEBUG Engine               - isFullScreenAllowed: true
23:32:01.444 [FXGL Background Thread 3 ] DEBUG Engine               - isFullScreenFromStart: true
23:32:01.444 [FXGL Background Thread 3 ] DEBUG Engine               - isGameMenuEnabled: true
23:32:01.444 [FXGL Background Thread 3 ] DEBUG Engine               - isIOS: false
23:32:01.444 [FXGL Background Thread 3 ] DEBUG Engine               - isIntroEnabled: false
23:32:01.444 [FXGL Background Thread 3 ] DEBUG Engine               - isLinux: false
23:32:01.444 [FXGL Background Thread 3 ] DEBUG Engine               - isMac: false
23:32:01.444 [FXGL Background Thread 3 ] DEBUG Engine               - isMainMenuEnabled: false
23:32:01.445 [FXGL Background Thread 3 ] DEBUG Engine               - isManualResizeEnabled: false
23:32:01.445 [FXGL Background Thread 3 ] DEBUG Engine               - isMobile: false
23:32:01.445 [FXGL Background Thread 3 ] DEBUG Engine               - isNative: false
23:32:01.445 [FXGL Background Thread 3 ] DEBUG Engine               - isPauseMusicWhenMinimized: true
23:32:01.445 [FXGL Background Thread 3 ] DEBUG Engine               - isPreserveResizeRatio: false
23:32:01.445 [FXGL Background Thread 3 ] DEBUG Engine               - isProfilingEnabled: false
23:32:01.446 [FXGL Background Thread 3 ] DEBUG Engine               - isScaleAffectedOnResize: true
23:32:01.446 [FXGL Background Thread 3 ] DEBUG Engine               - isSingleStep: false
23:32:01.446 [FXGL Background Thread 3 ] DEBUG Engine               - isUserProfileEnabled: false
23:32:01.446 [FXGL Background Thread 3 ] DEBUG Engine               - isWindows: true
23:32:01.446 [FXGL Background Thread 3 ] DEBUG Engine               - language: ObjectProperty [value: ENGLISH]
23:32:01.446 [FXGL Background Thread 3 ] DEBUG Engine               - menuKey: ESCAPE
23:32:01.446 [FXGL Background Thread 3 ] DEBUG Engine               - mouseSensitivity: 0.2
23:32:01.446 [FXGL Background Thread 3 ] DEBUG Engine               - notificationViewClass: class com.almasb.fxgl.notification.view.XboxNotificationView
23:32:01.446 [FXGL Background Thread 3 ] DEBUG Engine               - pixelsPerMeter: 50.0
23:32:01.446 [FXGL Background Thread 3 ] DEBUG Engine               - platform: WINDOWS
23:32:01.446 [FXGL Background Thread 3 ] DEBUG Engine               - prefHeightProperty: ReadOnlyDoubleProperty [value: 720.0]
23:32:01.447 [FXGL Background Thread 3 ] DEBUG Engine               - prefWidthProperty: ReadOnlyDoubleProperty [value: 1280.0]
23:32:01.447 [FXGL Background Thread 3 ] DEBUG Engine               - profileDir: profiles/
23:32:01.447 [FXGL Background Thread 3 ] DEBUG Engine               - profileName: StringProperty [value: DEFAULT]
23:32:01.447 [FXGL Background Thread 3 ] DEBUG Engine               - randomSeed: -1
23:32:01.447 [FXGL Background Thread 3 ] DEBUG Engine               - runtimeInfo: RuntimeInfo(platform=WINDOWS, version=21.1, build=27.03.2024 07.52)
23:32:01.447 [FXGL Background Thread 3 ] DEBUG Engine               - saveFileExt: sav
23:32:01.447 [FXGL Background Thread 3 ] DEBUG Engine               - scaledHeightProp$fxgl: DoubleProperty [bound, value: 864.0]
23:32:01.447 [FXGL Background Thread 3 ] DEBUG Engine               - scaledWidthProp$fxgl: DoubleProperty [bound, value: 1536.0]
23:32:01.447 [FXGL Background Thread 3 ] DEBUG Engine               - sceneFactory: com.almasb.fxgl.app.scene.SceneFactory@2db978f2
23:32:01.447 [FXGL Background Thread 3 ] DEBUG Engine               - secondsIn24h: 60
23:32:01.447 [FXGL Background Thread 3 ] DEBUG Engine               - soundMenuBack: menu/back.wav
23:32:01.447 [FXGL Background Thread 3 ] DEBUG Engine               - soundMenuPress: menu/press.wav
23:32:01.447 [FXGL Background Thread 3 ] DEBUG Engine               - soundMenuSelect: menu/select.wav
23:32:01.447 [FXGL Background Thread 3 ] DEBUG Engine               - soundNotification: core/notification.wav
23:32:01.447 [FXGL Background Thread 3 ] DEBUG Engine               - stageStyle: DECORATED
23:32:01.447 [FXGL Background Thread 3 ] DEBUG Engine               - supportedLanguages: [ENGLISH, FRENCH, GERMAN, HUNGARIAN, RUSSIAN]
23:32:01.447 [FXGL Background Thread 3 ] DEBUG Engine               - ticksPerSecond: -1
23:32:01.447 [FXGL Background Thread 3 ] DEBUG Engine               - title: Final Journey
23:32:01.447 [FXGL Background Thread 3 ] DEBUG Engine               - urlGithub: https://github.com/AlmasB/FXGL
23:32:01.447 [FXGL Background Thread 3 ] DEBUG Engine               - urlLeaderboard: http://fxgl-top.herokuapp.com/
23:32:01.447 [FXGL Background Thread 3 ] DEBUG Engine               - urlPOM: https://raw.githubusercontent.com/AlmasB/FXGL/release/README.md
23:32:01.447 [FXGL Background Thread 3 ] DEBUG Engine               - userAppClass: class com.project.App
23:32:01.448 [FXGL Background Thread 3 ] DEBUG Engine               - version: Alpha
23:32:01.448 [FXGL Background Thread 3 ] DEBUG Engine               - versionCheckDays: 7
23:32:01.448 [FXGL Background Thread 3 ] DEBUG Engine               - width: 1280
23:32:01.448 [FXGL Background Thread 3 ] DEBUG Engine               - Logging services
23:32:01.448 [FXGL Background Thread 3 ] DEBUG Engine               - class com.almasb.fxgl.app.services.FXGLAssetLoaderService
23:32:01.448 [FXGL Background Thread 3 ] DEBUG Engine               - class com.almasb.fxgl.app.FXGLApplication$GameApplicationService
23:32:01.448 [FXGL Background Thread 3 ] DEBUG Engine               - class com.almasb.fxgl.app.services.FXGLDialogService
23:32:01.448 [FXGL Background Thread 3 ] DEBUG Engine               - class com.almasb.fxgl.app.services.IOTaskExecutorService
23:32:01.448 [FXGL Background Thread 3 ] DEBUG Engine               - class com.almasb.fxgl.io.FileSystemService
23:32:01.448 [FXGL Background Thread 3 ] DEBUG Engine               - class com.almasb.fxgl.localization.LocalizationService
23:32:01.448 [FXGL Background Thread 3 ] DEBUG Engine               - class com.almasb.fxgl.app.services.SystemBundleService
23:32:01.448 [FXGL Background Thread 3 ] DEBUG Engine               - class com.almasb.fxgl.profile.SaveLoadService
23:32:01.448 [FXGL Background Thread 3 ] DEBUG Engine               - class com.almasb.fxgl.ui.FXGLUIFactoryServiceProvider
23:32:01.448 [FXGL Background Thread 3 ] DEBUG Engine               - class com.almasb.fxgl.ui.FXGLDialogFactoryServiceProvider
23:32:01.448 [FXGL Background Thread 3 ] DEBUG Engine               - class com.almasb.fxgl.audio.AudioPlayer
23:32:01.448 [FXGL Background Thread 3 ] DEBUG Engine               - class com.almasb.fxgl.notification.impl.NotificationServiceProvider
23:32:01.448 [FXGL Background Thread 3 ] DEBUG Engine               - class com.almasb.fxgl.achievement.AchievementService
23:32:01.448 [FXGL Background Thread 3 ] DEBUG Engine               - class com.almasb.fxgl.cutscene.CutsceneService
23:32:01.448 [FXGL Background Thread 3 ] DEBUG Engine               - class com.almasb.fxgl.minigames.MiniGameService
23:32:01.448 [FXGL Background Thread 3 ] DEBUG Engine               - class com.almasb.fxgl.net.NetService
23:32:01.448 [FXGL Background Thread 3 ] DEBUG Engine               - class com.almasb.fxgl.app.services.UpdaterService
23:32:01.449 [FXGL Background Thread 3 ] DEBUG Engine               - class com.almasb.fxgl.dev.DevService
23:32:02.480 [JavaFX Application Thread] DEBUG EventBus             - Firing event: com.GameEvent.NextScene[source=javafx.event.Event$$Lambda/0x000002985b1740f0@11957379]
23:32:02.483 [JavaFX Application Thread] WARN  TMXLevelLoader       - TiledMap generated from 1.11.2. Supported version: 1.9.0. Some features may not be parsed fully.
23:32:02.491 [JavaFX Application Thread] DEBUG TMXLevelLoader       - Parsed TiledMap: file:/C:/Users/Lenovo/ProjectJava3.0/myproject/myproject/target/classes/assets/levels/scene2.tmx
23:32:02.492 [JavaFX Application Thread] DEBUG TMXLevelLoader       - Creating tile layer entities
23:32:02.492 [JavaFX Application Thread] DEBUG TilesetLoader        - Loading view for layer Tile Layer 1
23:32:02.493 [JavaFX Application Thread] DEBUG TilesetLoader        - Created buffer with size 1024.0x1024.0
23:32:02.556 [JavaFX Application Thread] DEBUG TMXLevelLoader       - Creating object layer entities
23:32:02.562 [JavaFX Application Thread] DEBUG FXGLAssetLoaderServi - Loading from file system: file:/C:/Users/Lenovo/ProjectJava3.0/myproject/myproject/target/classes/assets/textures/CultistAni.png
23:32:02.565 [JavaFX Application Thread] DEBUG GameWorld            - Clearing removable entities
23:32:02.570 [JavaFX Application Thread] DEBUG GameWorld            - Setting level: com.almasb.fxgl.entity.level.Level@2440f4c4
23:32:02.575 [JavaFX Application Thread] WARN  TMXLevelLoader       - TiledMap generated from 1.11.2. Supported version: 1.9.0. Some features may not be parsed fully.
23:32:02.577 [JavaFX Application Thread] DEBUG TMXLevelLoader       - Parsed TiledMap: file:/C:/Users/Lenovo/ProjectJava3.0/myproject/myproject/target/classes/assets/levels/scene2.tmx
23:32:02.577 [JavaFX Application Thread] DEBUG TMXLevelLoader       - Creating tile layer entities
23:32:02.578 [JavaFX Application Thread] DEBUG TilesetLoader        - Loading view for layer Tile Layer 1
23:32:02.578 [JavaFX Application Thread] DEBUG TilesetLoader        - Created buffer with size 1024.0x1024.0
23:32:02.649 [JavaFX Application Thread] DEBUG TMXLevelLoader       - Creating object layer entities
23:32:03.234 [JavaFX Application Thread] DEBUG EventBus             - Firing event: com.GameEvent.NextScene[source=javafx.event.Event$$Lambda/0x000002985b1740f0@11957379]
23:32:03.242 [JavaFX Application Thread] WARN  TMXLevelLoader       - TiledMap generated from 1.11.2. Supported version: 1.9.0. Some features may not be parsed fully.
23:32:03.254 [JavaFX Application Thread] DEBUG TMXLevelLoader       - Parsed TiledMap: file:/C:/Users/Lenovo/ProjectJava3.0/myproject/myproject/target/classes/assets/levels/scene3.tmx
23:32:03.254 [JavaFX Application Thread] DEBUG TMXLevelLoader       - Creating tile layer entities
23:32:03.255 [JavaFX Application Thread] DEBUG TilesetLoader        - Loading view for layer Tile Layer 1
23:32:03.266 [JavaFX Application Thread] DEBUG TilesetLoader        - Created buffer with size 2048.0x1024.0
23:32:03.372 [JavaFX Application Thread] DEBUG TMXLevelLoader       - Creating object layer entities
23:32:03.375 [JavaFX Application Thread] DEBUG FXGLAssetLoaderServi - Loading from file system: file:/C:/Users/Lenovo/ProjectJava3.0/myproject/myproject/target/classes/assets/textures/DuessaAni.png
23:32:03.378 [JavaFX Application Thread] DEBUG GameWorld            - Clearing removable entities
23:32:03.380 [JavaFX Application Thread] DEBUG GameWorld            - Setting level: com.almasb.fxgl.entity.level.Level@71c55ac6
23:32:03.381 [JavaFX Application Thread] WARN  TMXLevelLoader       - TiledMap generated from 1.11.2. Supported version: 1.9.0. Some features may not be parsed fully.
23:32:03.385 [JavaFX Application Thread] DEBUG TMXLevelLoader       - Parsed TiledMap: file:/C:/Users/Lenovo/ProjectJava3.0/myproject/myproject/target/classes/assets/levels/scene3.tmx
23:32:03.385 [JavaFX Application Thread] DEBUG TMXLevelLoader       - Creating tile layer entities
23:32:03.385 [JavaFX Application Thread] DEBUG TilesetLoader        - Loading view for layer Tile Layer 1
23:32:03.389 [JavaFX Application Thread] DEBUG TilesetLoader        - Created buffer with size 2048.0x1024.0
23:32:03.478 [JavaFX Application Thread] DEBUG TMXLevelLoader       - Creating object layer entities
23:32:06.317 [JavaFX Application Thread] DEBUG FXGLAssetLoaderServi - Loading from file system: file:/C:/Users/Lenovo/ProjectJava3.0/myproject/myproject/target/classes/assets/text/filetext.txt
23:32:06.318 [JavaFX Application Thread] DEBUG EventBus             - Firing event: com.GameEvent.CombatScene[source=javafx.event.Event$$Lambda/0x000002985b1740f0@11957379]
23:32:06.320 [JavaFX Application Thread] WARN  TMXLevelLoader       - TiledMap generated from 1.11.2. Supported version: 1.9.0. Some features may not be parsed fully.
23:32:06.326 [JavaFX Application Thread] DEBUG TMXLevelLoader       - Parsed TiledMap: file:/C:/Users/Lenovo/ProjectJava3.0/myproject/myproject/target/classes/assets/levels/battle3.tmx
23:32:06.326 [JavaFX Application Thread] DEBUG TMXLevelLoader       - Creating tile layer entities
23:32:06.327 [JavaFX Application Thread] DEBUG TilesetLoader        - Loading view for layer Tile Layer 1
23:32:06.327 [JavaFX Application Thread] DEBUG TilesetLoader        - Created buffer with size 1024.0x1024.0
23:32:06.414 [JavaFX Application Thread] DEBUG TMXLevelLoader       - Creating object layer entities
23:32:06.417 [JavaFX Application Thread] DEBUG FXGLAssetLoaderServi - Loading from file system: file:/C:/Users/Lenovo/ProjectJava3.0/myproject/myproject/target/classes/assets/textures/Reid.png
23:32:06.554 [JavaFX Application Thread] DEBUG FXGLAssetLoaderServi - Loading from file system: file:/C:/Users/Lenovo/ProjectJava3.0/myproject/myproject/target/classes/assets/textures/King%20Archial.png
23:32:06.568 [JavaFX Application Thread] DEBUG FXGLAssetLoaderServi - Loading from file system: file:/C:/Users/Lenovo/ProjectJava3.0/myproject/myproject/target/classes/assets/textures/marsha.png
23:32:06.717 [JavaFX Application Thread] DEBUG FXGLAssetLoaderServi - Loading from file system: file:/C:/Users/Lenovo/ProjectJava3.0/myproject/myproject/target/classes/assets/textures/Knight%20Michael.png
23:32:06.739 [JavaFX Application Thread] DEBUG FXGLAssetLoaderServi - Loading from file system: file:/C:/Users/Lenovo/ProjectJava3.0/myproject/myproject/target/classes/assets/textures/Emprss%20Duessa.png
23:32:06.757 [JavaFX Application Thread] DEBUG GameWorld            - Clearing removable entities
23:32:06.759 [JavaFX Application Thread] DEBUG GameWorld            - Setting level: com.almasb.fxgl.entity.level.Level@4475e873
23:32:06.761 [JavaFX Application Thread] WARN  TMXLevelLoader       - TiledMap generated from 1.11.2. Supported version: 1.9.0. Some features may not be parsed fully.
23:32:06.763 [JavaFX Application Thread] DEBUG TMXLevelLoader       - Parsed TiledMap: file:/C:/Users/Lenovo/ProjectJava3.0/myproject/myproject/target/classes/assets/levels/scene3.tmx
23:32:06.764 [JavaFX Application Thread] DEBUG TMXLevelLoader       - Creating tile layer entities
23:32:06.764 [JavaFX Application Thread] DEBUG TilesetLoader        - Loading view for layer Tile Layer 1
23:32:06.765 [JavaFX Application Thread] DEBUG TilesetLoader        - Created buffer with size 2048.0x1024.0
23:32:06.846 [JavaFX Application Thread] DEBUG TMXLevelLoader       - Creating object layer entities
23:32:19.737 [JavaFX Application Thread] DEBUG FXGLApplication      - Exiting FXGL
23:32:19.738 [JavaFX Application Thread] DEBUG LoopRunner           - Stopping loop
23:32:19.738 [JavaFX Application Thread] DEBUG SystemBundleService  - Saving FXGL system data
23:32:19.741 [JavaFX Application Thread] DEBUG FileSystemAccess     - Writing to: C:\Users\Lenovo\ProjectJava3.0\myproject\myproject\system\fxgl.bundle
23:32:19.745 [JavaFX Application Thread] DEBUG Async                - Shutting down background threads
23:32:19.745 [JavaFX Application Thread] DEBUG PrimaryStageWindow   - Closing main window
23:32:19.794 [JavaFX Application Thread] DEBUG Logger               - Closing Logger
