03:12:09.266 [main                     ] DEBUG Logger               - Configured Logger
03:12:09.295 [main                     ] DEBUG GameApplication      - Logging settings
Title: Final Journey
Version: Alpha
Width: 1280
Height: 720
Fullscreen: true
Intro: false
Profiling: false
Single step:false
App Mode: DEVELOPER
Menu Key: ESCAPE
Stage Style: DECORATED
Scene Factory: class com.almasb.fxgl.app.scene.SceneFactory

03:12:09.856 [JavaFX Application Thread] DEBUG FXGLApplication      - Initializing FXGL
03:12:09.861 [JavaFX Application Thread] INFO  Engine               - FXGL-21.1 (27.03.2024 07.52) on WINDOWS (J:21.0.5 FX:21.0.1)
03:12:09.862 [JavaFX Application Thread] DEBUG Engine               - JRE Vendor Name: Eclipse Adoptium
03:12:09.862 [JavaFX Application Thread] DEBUG Engine               - Running on OS: Windows 11 version 10.0
03:12:09.862 [JavaFX Application Thread] DEBUG Engine               - Architecture: amd64
03:12:09.862 [JavaFX Application Thread] INFO  Engine               - Source code and latest versions at: https://github.com/AlmasB/FXGL
03:12:09.863 [JavaFX Application Thread] INFO  Engine               -       Ask questions and discuss at: https://github.com/AlmasB/FXGL/discussions
03:12:09.863 [JavaFX Application Thread] INFO  Engine               -              Join the FXGL chat at: https://gitter.im/AlmasB/FXGL
03:12:09.973 [JavaFX Application Thread] DEBUG PrimaryStageWindow   - Creating a JavaFX scene
03:12:10.024 [JavaFX Application Thread] DEBUG PrimaryStageWindow   - Target settings size: 1280.0 x 720.0
03:12:10.025 [JavaFX Application Thread] DEBUG PrimaryStageWindow   - Scaled scene size:    1280.0 x 720.0
03:12:10.025 [JavaFX Application Thread] DEBUG PrimaryStageWindow   - Scaled ratio: (1.0, 1.0)
03:12:10.026 [JavaFX Application Thread] DEBUG PrimaryStageWindow   - Set initial scene to FXGLStartupScene
03:12:10.031 [JavaFX Application Thread] DEBUG PrimaryStageWindow   - Opening main window
03:12:10.156 [JavaFX Application Thread] DEBUG PrimaryStageWindow   - Window border size: (14.4000244140625, 37.5999755859375)
03:12:10.156 [JavaFX Application Thread] DEBUG PrimaryStageWindow   - Scaled size: 1280.0 x 720.0
03:12:10.156 [JavaFX Application Thread] DEBUG PrimaryStageWindow   - Scaled ratio: (1.0, 1.0)
03:12:10.157 [JavaFX Application Thread] DEBUG PrimaryStageWindow   - Scene size: 1280.0 x 720.0
03:12:10.157 [JavaFX Application Thread] DEBUG PrimaryStageWindow   - Stage size: 1294.4000244140625 x 757.5999755859375
03:12:10.231 [JavaFX Application Thread] DEBUG PrimaryStageWindow   - Going fullscreen
03:12:10.242 [FXGL Background Thread 1 ] DEBUG Engine               - Initializing environment variables
03:12:10.303 [FXGL Background Thread 1 ] DEBUG FXGLAssetLoaderServi - User app class for loading assets: class com.project.App
03:12:10.303 [FXGL Background Thread 1 ] DEBUG GameApplicationServi - Applying CSS: fxgl_dark.css
03:12:10.304 [FXGL Background Thread 1 ] DEBUG FXGLAssetLoaderServi - Loading from file system: jar:file:/C:/Users/Lenovo/.m2/repository/com/github/almasb/fxgl/21.1/fxgl-21.1.jar!/fxglassets/ui/css/fxgl_dark.css
03:12:10.357 [FXGL Background Thread 1 ] DEBUG GameApplicationServi - Initializing application scenes
03:12:10.418 [FXGL Background Thread 1 ] DEBUG GameWorld            - Game world initialized
03:12:10.477 [FXGL Background Thread 1 ] DEBUG PhysicsWorld         - Physics world initialized: appHeight=720, physics.ppm=50.0
03:12:10.478 [FXGL Background Thread 1 ] DEBUG PhysicsWorld         - Using strategy: BRUTE_FORCE
03:12:10.481 [FXGL Background Thread 1 ] DEBUG GameScene            - Game scene initialized: 1280x720
03:12:10.490 [FXGL Background Thread 1 ] DEBUG FXGL.DefaultMenu     - createMenuBodyGameMenu()
03:12:10.504 [FXGL Background Thread 1 ] DEBUG FXGL.DefaultMenu     - createOptionsMenu()
03:12:10.513 [FXGL Background Thread 1 ] DEBUG FXGLAssetLoaderServi - Loading from file system: jar:file:/C:/Users/Lenovo/.m2/repository/com/github/almasb/fxgl/21.1/fxgl-21.1.jar!/fxglassets/textures/particles/smoke.png
03:12:10.631 [FXGL Background Thread 1 ] DEBUG FXGLAssetLoaderServi - Loading from file system: jar:file:/C:/Users/Lenovo/.m2/repository/com/github/almasb/fxgl/21.1/fxgl-21.1.jar!/fxglassets/textures/particles/trace_horizontal.png
03:12:10.660 [FXGL Background Thread 1 ] DEBUG GameApplicationServi - Application scenes initialized
03:12:10.673 [FXGL Background Thread 1 ] DEBUG SystemBundleService  - Loading FXGL system data
03:12:10.677 [FXGL Background Thread 1 ] DEBUG FileSystemAccess     - Reading from: C:\Users\Lenovo\ProjectJava3.0\myproject\myproject\system\fxgl.bundle
03:12:10.688 [FXGL Background Thread 1 ] DEBUG SystemBundleService  - Bundle FXGL: {}
03:12:10.688 [FXGL Background Thread 1 ] DEBUG UpdaterService       - Checking for updates
03:12:10.727 [FXGL Background Thread 4 ] DEBUG FXGLApplication      - Loading fonts
03:12:10.727 [FXGL Background Thread 4 ] DEBUG FXGLAssetLoaderServi - Loading from file system: jar:file:/C:/Users/Lenovo/.m2/repository/com/github/almasb/fxgl/21.1/fxgl-21.1.jar!/fxglassets/ui/fonts/VarelaRound-Regular.ttf
03:12:10.727 [FXGL Background Thread 1 ] DEBUG FXGLApplication      - Loading default localization
03:12:10.728 [FXGL Background Thread 1 ] DEBUG FXGLAssetLoaderServi - Loading from file system: jar:file:/C:/Users/Lenovo/.m2/repository/com/github/almasb/fxgl/21.1/fxgl-21.1.jar!/fxglassets/languages/english.lang
03:12:10.766 [FXGL Background Thread 4 ] DEBUG FXGLAssetLoaderServi - Loading from file system: jar:file:/C:/Users/Lenovo/.m2/repository/com/github/almasb/fxgl/21.1/fxgl-21.1.jar!/fxglassets/ui/fonts/Abel-Regular.ttf
03:12:10.769 [FXGL Background Thread 4 ] DEBUG FXGLAssetLoaderServi - Loading from file system: jar:file:/C:/Users/Lenovo/.m2/repository/com/github/almasb/fxgl/21.1/fxgl-21.1.jar!/fxglassets/ui/fonts/TerminalLandMono-Regular.otf
03:12:10.774 [FXGL Background Thread 1 ] INFO  FXGLApplication      - FXGL initialization took: 0.531 sec
03:12:10.774 [FXGL Background Thread 4 ] DEBUG FXGLAssetLoaderServi - Loading from file system: jar:file:/C:/Users/Lenovo/.m2/repository/com/github/almasb/fxgl/21.1/fxgl-21.1.jar!/fxglassets/ui/fonts/Courier-Prime.ttf
03:12:10.791 [JavaFX Application Thread] DEBUG Input                - Registered new binding: Right - D
03:12:10.791 [JavaFX Application Thread] DEBUG Input                - Registered new binding: Left - A
03:12:10.791 [JavaFX Application Thread] DEBUG Input                - Registered new binding: Up - W
03:12:10.791 [JavaFX Application Thread] DEBUG Input                - Registered new binding: Down - S
03:12:10.792 [JavaFX Application Thread] DEBUG Input                - Registered new binding: Interact - E
03:12:10.792 [JavaFX Application Thread] DEBUG FXGLAssetLoaderServi - Loading from file system: jar:file:/C:/Users/Lenovo/.m2/repository/com/github/almasb/fxgl/21.1/fxgl-21.1.jar!/fxglassets/textures/fxgl_icon.png
03:12:10.815 [JavaFX Application Thread] DEBUG FXGLAssetLoaderServi - Loading from file system: jar:file:/C:/Users/Lenovo/.m2/repository/com/github/almasb/fxgl/21.1/fxgl-21.1.jar!/fxglassets/textures/fxgl_default_cursor.png
03:12:10.820 [JavaFX Application Thread] DEBUG Input                - Registered new binding: Screenshot - CTRL+8
03:12:10.820 [JavaFX Application Thread] DEBUG Input                - Registered new binding: Dev Options - 1
03:12:10.821 [JavaFX Application Thread] DEBUG Input                - Registered new binding: Dev Console - 2
03:12:10.823 [JavaFX Application Thread] DEBUG Input                - Registered new binding: System info dump - CTRL+9
03:12:10.825 [JavaFX Application Thread] DEBUG Input                - Registered new binding: Restart - CTRL+R
03:12:10.826 [JavaFX Application Thread] DEBUG Input                - Registered new binding: Toggle Debug Camera - CTRL+7
03:12:10.830 [JavaFX Application Thread] DEBUG LoopRunner           - Starting loop
03:12:10.869 [JavaFX Application Thread] DEBUG LoopRunner           - Initializing JavaFX AnimationTimerLoop
03:12:10.871 [JavaFX Application Thread] DEBUG GameApplicationServi - Starting new game
03:12:10.872 [JavaFX Application Thread] DEBUG Input                - Clearing active input actions
03:12:10.884 [JavaFX Application Thread] DEBUG GameApplicationServi - Removing overlay from FXGLStartupScene and adding to FXGLLoadingScene
03:12:10.891 [JavaFX Application Thread] DEBUG PrimaryStageWindow   - FXGLStartupScene -> FXGLLoadingScene
03:12:10.891 [JavaFX Application Thread] DEBUG GameApplicationServi - Clearing previous game
03:12:10.891 [JavaFX Application Thread] DEBUG GameScene            - Clearing game scene
03:12:10.891 [JavaFX Application Thread] DEBUG GameWorld            - Clearing game world
03:12:10.891 [JavaFX Application Thread] DEBUG PhysicsWorld         - Clearing physics world
03:12:10.893 [FXGL Background Thread 4 ] DEBUG FXGLApplication      - Initializing game
03:12:10.971 [FXGL Background Thread 4 ] WARN  TMXLevelLoader       - TiledMap generated from 1.11.2. Supported version: 1.9.0. Some features may not be parsed fully.
03:12:11.005 [FXGL Background Thread 4 ] DEBUG TMXLevelLoader       - Parsed TiledMap: file:/C:/Users/Lenovo/ProjectJava3.0/myproject/myproject/target/classes/assets/levels/scene1.tmx
03:12:11.007 [FXGL Background Thread 4 ] DEBUG TMXLevelLoader       - Creating tile layer entities
03:12:11.012 [FXGL Background Thread 4 ] DEBUG TilesetLoader        - Loading view for layer lowefloor
03:12:11.013 [FXGL Background Thread 4 ] DEBUG TilesetLoader        - Created buffer with size 512.0x1024.0
03:12:11.090 [FXGL Background Thread 4 ] DEBUG TilesetLoader        - Loading view for layer cliff
03:12:11.090 [FXGL Background Thread 4 ] DEBUG TilesetLoader        - Created buffer with size 512.0x1024.0
03:12:11.092 [FXGL Background Thread 4 ] DEBUG TilesetLoader        - Loading view for layer cliff1
03:12:11.094 [FXGL Background Thread 4 ] DEBUG TilesetLoader        - Created buffer with size 512.0x1024.0
03:12:11.096 [FXGL Background Thread 4 ] DEBUG TilesetLoader        - Loading view for layer cliff2
03:12:11.096 [FXGL Background Thread 4 ] DEBUG TilesetLoader        - Created buffer with size 512.0x1024.0
03:12:11.098 [FXGL Background Thread 4 ] DEBUG TilesetLoader        - Loading view for layer Tile Layer 3
03:12:11.099 [FXGL Background Thread 4 ] DEBUG TilesetLoader        - Created buffer with size 512.0x1024.0
03:12:11.099 [FXGL Background Thread 4 ] DEBUG TilesetLoader        - Loading view for layer Tile Layer 6
03:12:11.101 [FXGL Background Thread 4 ] DEBUG TilesetLoader        - Created buffer with size 512.0x1024.0
03:12:11.192 [FXGL Background Thread 4 ] DEBUG TilesetLoader        - Loading view for layer prop
03:12:11.193 [FXGL Background Thread 4 ] DEBUG TilesetLoader        - Created buffer with size 512.0x1024.0
03:12:11.193 [FXGL Background Thread 4 ] DEBUG TMXLevelLoader       - Creating object layer entities
03:12:11.232 [FXGL Background Thread 4 ] DEBUG FXGLAssetLoaderServi - Loading from file system: file:/C:/Users/Lenovo/ProjectJava3.0/myproject/myproject/target/classes/assets/textures/Actor1.png
03:12:11.250 [FXGL Background Thread 4 ] DEBUG FXGLAssetLoaderServi - Loading from file system: file:/C:/Users/Lenovo/ProjectJava3.0/myproject/myproject/target/classes/assets/textures/Rex.png
03:12:11.255 [FXGL Background Thread 4 ] WARN  TMXLevelLoader       - TiledMap generated from 1.11.2. Supported version: 1.9.0. Some features may not be parsed fully.
03:12:11.269 [FXGL Background Thread 4 ] DEBUG TMXLevelLoader       - Parsed TiledMap: file:/C:/Users/Lenovo/ProjectJava3.0/myproject/myproject/target/classes/assets/levels/scene1.tmx
03:12:11.270 [FXGL Background Thread 4 ] DEBUG TMXLevelLoader       - Creating tile layer entities
03:12:11.270 [FXGL Background Thread 4 ] DEBUG TilesetLoader        - Loading view for layer lowefloor
03:12:11.271 [FXGL Background Thread 4 ] DEBUG TilesetLoader        - Created buffer with size 512.0x1024.0
03:12:11.297 [FXGL Background Thread 4 ] DEBUG TilesetLoader        - Loading view for layer cliff
03:12:11.297 [FXGL Background Thread 4 ] DEBUG TilesetLoader        - Created buffer with size 512.0x1024.0
03:12:11.298 [FXGL Background Thread 4 ] DEBUG TilesetLoader        - Loading view for layer cliff1
03:12:11.299 [FXGL Background Thread 4 ] DEBUG TilesetLoader        - Created buffer with size 512.0x1024.0
03:12:11.300 [FXGL Background Thread 4 ] DEBUG TilesetLoader        - Loading view for layer cliff2
03:12:11.300 [FXGL Background Thread 4 ] DEBUG TilesetLoader        - Created buffer with size 512.0x1024.0
03:12:11.302 [FXGL Background Thread 4 ] DEBUG TilesetLoader        - Loading view for layer Tile Layer 3
03:12:11.302 [FXGL Background Thread 4 ] DEBUG TilesetLoader        - Created buffer with size 512.0x1024.0
03:12:11.303 [FXGL Background Thread 4 ] DEBUG TilesetLoader        - Loading view for layer Tile Layer 6
03:12:11.304 [FXGL Background Thread 4 ] DEBUG TilesetLoader        - Created buffer with size 512.0x1024.0
03:12:11.356 [FXGL Background Thread 4 ] DEBUG TilesetLoader        - Loading view for layer prop
03:12:11.357 [FXGL Background Thread 4 ] DEBUG TilesetLoader        - Created buffer with size 512.0x1024.0
03:12:11.358 [FXGL Background Thread 4 ] DEBUG TMXLevelLoader       - Creating object layer entities
03:12:11.372 [FXGL Background Thread 4 ] DEBUG GameWorld            - Clearing removable entities
03:12:11.374 [FXGL Background Thread 4 ] DEBUG GameWorld            - Setting level: com.almasb.fxgl.entity.level.Level@1adba1f7
03:12:11.389 [FXGL Background Thread 4 ] INFO  FXGLApplication      - Game initialization took: 0.496 sec
03:12:11.390 [JavaFX Application Thread] DEBUG Input                - Clearing active input actions
03:12:11.401 [JavaFX Application Thread] DEBUG GameApplicationServi - Removing overlay from FXGLLoadingScene and adding to GameScene
03:12:11.406 [JavaFX Application Thread] DEBUG PrimaryStageWindow   - FXGLLoadingScene -> GameScene
03:12:13.725 [FXGL Background Thread 3 ] DEBUG Engine               - Logging environment variables
03:12:13.727 [FXGL Background Thread 3 ] DEBUG Engine               - achievements: []
03:12:13.727 [FXGL Background Thread 3 ] DEBUG Engine               - actualHeight: 864.0
03:12:13.727 [FXGL Background Thread 3 ] DEBUG Engine               - actualHeightProperty: ReadOnlyDoubleProperty [value: 864.0]
03:12:13.728 [FXGL Background Thread 3 ] DEBUG Engine               - actualWidth: 1536.0
03:12:13.728 [FXGL Background Thread 3 ] DEBUG Engine               - actualWidthProperty: ReadOnlyDoubleProperty [value: 1536.0]
03:12:13.729 [FXGL Background Thread 3 ] DEBUG Engine               - appIcon: fxgl_icon.png
03:12:13.729 [FXGL Background Thread 3 ] DEBUG Engine               - applicationMode: DEVELOPER
03:12:13.729 [FXGL Background Thread 3 ] DEBUG Engine               - cSSList: [fxgl_dark.css]
03:12:13.730 [FXGL Background Thread 3 ] DEBUG Engine               - collisionDetectionStrategy: BRUTE_FORCE
03:12:13.731 [FXGL Background Thread 3 ] DEBUG Engine               - configClass: Optional.empty
03:12:13.731 [FXGL Background Thread 3 ] DEBUG Engine               - credits: []
03:12:13.732 [FXGL Background Thread 3 ] DEBUG Engine               - defaultCursor: CursorInfo(imageName=fxgl_default_cursor.png, hotspotX=7.0, hotspotY=6.0)
03:12:13.733 [FXGL Background Thread 3 ] DEBUG Engine               - devBBoxColorProperty: ObjectProperty [value: 0xff0000ff]
03:12:13.733 [FXGL Background Thread 3 ] DEBUG Engine               - devEnableDebugCameraProperty: BooleanProperty [value: false]
03:12:13.734 [FXGL Background Thread 3 ] DEBUG Engine               - devSensorColorProperty: ObjectProperty [value: 0xffff00ff]
03:12:13.734 [FXGL Background Thread 3 ] DEBUG Engine               - devShowBBoxProperty: BooleanProperty [value: false]
03:12:13.734 [FXGL Background Thread 3 ] DEBUG Engine               - devShowPositionProperty: BooleanProperty [value: false]
03:12:13.734 [FXGL Background Thread 3 ] DEBUG Engine               - enabledMenuItems: []
03:12:13.735 [FXGL Background Thread 3 ] DEBUG Engine               - engineServices: [class com.almasb.fxgl.app.services.FXGLAssetLoaderService, class com.almasb.fxgl.app.FXGLApplication$GameApplicationService, class com.almasb.fxgl.app.services.FXGLDialogService, class com.almasb.fxgl.app.services.IOTaskExecutorService, class com.almasb.fxgl.io.FileSystemService, class com.almasb.fxgl.localization.LocalizationService, class com.almasb.fxgl.app.services.SystemBundleService, class com.almasb.fxgl.profile.SaveLoadService, class com.almasb.fxgl.ui.FXGLUIFactoryServiceProvider, class com.almasb.fxgl.ui.FXGLDialogFactoryServiceProvider, class com.almasb.fxgl.audio.AudioPlayer, class com.almasb.fxgl.notification.impl.NotificationServiceProvider, class com.almasb.fxgl.achievement.AchievementService, class com.almasb.fxgl.cutscene.CutsceneService, class com.almasb.fxgl.minigames.MiniGameService, class com.almasb.fxgl.net.NetService, class com.almasb.fxgl.app.services.UpdaterService, class com.almasb.fxgl.dev.DevService]
03:12:13.735 [FXGL Background Thread 3 ] DEBUG Engine               - fontGame: Abel-Regular.ttf
03:12:13.735 [FXGL Background Thread 3 ] DEBUG Engine               - fontMono: TerminalLandMono-Regular.otf
03:12:13.736 [FXGL Background Thread 3 ] DEBUG Engine               - fontSizeScaleUI: 1.0
03:12:13.736 [FXGL Background Thread 3 ] DEBUG Engine               - fontText: Courier-Prime.ttf
03:12:13.736 [FXGL Background Thread 3 ] DEBUG Engine               - fontUI: VarelaRound-Regular.ttf
03:12:13.736 [FXGL Background Thread 3 ] DEBUG Engine               - fullScreen: BooleanProperty [value: true]
03:12:13.737 [FXGL Background Thread 3 ] DEBUG Engine               - gameDifficulty: MEDIUM
03:12:13.737 [FXGL Background Thread 3 ] DEBUG Engine               - gameDifficultyProperty: ObjectProperty [value: MEDIUM]
03:12:13.737 [FXGL Background Thread 3 ] DEBUG Engine               - globalMusicVolume: 0.5
03:12:13.737 [FXGL Background Thread 3 ] DEBUG Engine               - globalMusicVolumeProperty: DoubleProperty [value: 0.5]
03:12:13.738 [FXGL Background Thread 3 ] DEBUG Engine               - globalSoundVolume: 0.5
03:12:13.739 [FXGL Background Thread 3 ] DEBUG Engine               - globalSoundVolumeProperty: DoubleProperty [value: 0.5]
03:12:13.739 [FXGL Background Thread 3 ] DEBUG Engine               - height: 720
03:12:13.739 [FXGL Background Thread 3 ] DEBUG Engine               - is3D: false
03:12:13.739 [FXGL Background Thread 3 ] DEBUG Engine               - isAndroid: false
03:12:13.739 [FXGL Background Thread 3 ] DEBUG Engine               - isBrowser: false
03:12:13.739 [FXGL Background Thread 3 ] DEBUG Engine               - isClickFeedbackEnabled: false
03:12:13.740 [FXGL Background Thread 3 ] DEBUG Engine               - isCloseConfirmation: false
03:12:13.740 [FXGL Background Thread 3 ] DEBUG Engine               - isDesktop: true
03:12:13.740 [FXGL Background Thread 3 ] DEBUG Engine               - isDeveloperMenuEnabled: true
03:12:13.740 [FXGL Background Thread 3 ] DEBUG Engine               - isEmbedded: false
03:12:13.741 [FXGL Background Thread 3 ] DEBUG Engine               - isEntityPreloadEnabled: true
03:12:13.741 [FXGL Background Thread 3 ] DEBUG Engine               - isExperimentalTiledLargeMap: false
03:12:13.741 [FXGL Background Thread 3 ] DEBUG Engine               - isFileSystemWriteAllowed: true
03:12:13.741 [FXGL Background Thread 3 ] DEBUG Engine               - isFullScreenAllowed: true
03:12:13.741 [FXGL Background Thread 3 ] DEBUG Engine               - isFullScreenFromStart: true
03:12:13.742 [FXGL Background Thread 3 ] DEBUG Engine               - isGameMenuEnabled: true
03:12:13.742 [FXGL Background Thread 3 ] DEBUG Engine               - isIOS: false
03:12:13.743 [FXGL Background Thread 3 ] DEBUG Engine               - isIntroEnabled: false
03:12:13.743 [FXGL Background Thread 3 ] DEBUG Engine               - isLinux: false
03:12:13.743 [FXGL Background Thread 3 ] DEBUG Engine               - isMac: false
03:12:13.743 [FXGL Background Thread 3 ] DEBUG Engine               - isMainMenuEnabled: false
03:12:13.744 [FXGL Background Thread 3 ] DEBUG Engine               - isManualResizeEnabled: false
03:12:13.744 [FXGL Background Thread 3 ] DEBUG Engine               - isMobile: false
03:12:13.744 [FXGL Background Thread 3 ] DEBUG Engine               - isNative: false
03:12:13.744 [FXGL Background Thread 3 ] DEBUG Engine               - isPauseMusicWhenMinimized: true
03:12:13.745 [FXGL Background Thread 3 ] DEBUG Engine               - isPreserveResizeRatio: false
03:12:13.745 [FXGL Background Thread 3 ] DEBUG Engine               - isProfilingEnabled: false
03:12:13.745 [FXGL Background Thread 3 ] DEBUG Engine               - isScaleAffectedOnResize: true
03:12:13.745 [FXGL Background Thread 3 ] DEBUG Engine               - isSingleStep: false
03:12:13.745 [FXGL Background Thread 3 ] DEBUG Engine               - isUserProfileEnabled: false
03:12:13.745 [FXGL Background Thread 3 ] DEBUG Engine               - isWindows: true
03:12:13.745 [FXGL Background Thread 3 ] DEBUG Engine               - language: ObjectProperty [value: ENGLISH]
03:12:13.745 [FXGL Background Thread 3 ] DEBUG Engine               - menuKey: ESCAPE
03:12:13.745 [FXGL Background Thread 3 ] DEBUG Engine               - mouseSensitivity: 0.2
03:12:13.746 [FXGL Background Thread 3 ] DEBUG Engine               - notificationViewClass: class com.almasb.fxgl.notification.view.XboxNotificationView
03:12:13.746 [FXGL Background Thread 3 ] DEBUG Engine               - pixelsPerMeter: 50.0
03:12:13.746 [FXGL Background Thread 3 ] DEBUG Engine               - platform: WINDOWS
03:12:13.746 [FXGL Background Thread 3 ] DEBUG Engine               - prefHeightProperty: ReadOnlyDoubleProperty [value: 720.0]
03:12:13.746 [FXGL Background Thread 3 ] DEBUG Engine               - prefWidthProperty: ReadOnlyDoubleProperty [value: 1280.0]
03:12:13.746 [FXGL Background Thread 3 ] DEBUG Engine               - profileDir: profiles/
03:12:13.746 [FXGL Background Thread 3 ] DEBUG Engine               - profileName: StringProperty [value: DEFAULT]
03:12:13.747 [FXGL Background Thread 3 ] DEBUG Engine               - randomSeed: -1
03:12:13.747 [FXGL Background Thread 3 ] DEBUG Engine               - runtimeInfo: RuntimeInfo(platform=WINDOWS, version=21.1, build=27.03.2024 07.52)
03:12:13.747 [FXGL Background Thread 3 ] DEBUG Engine               - saveFileExt: sav
03:12:13.747 [FXGL Background Thread 3 ] DEBUG Engine               - scaledHeightProp$fxgl: DoubleProperty [bound, value: 864.0]
03:12:13.747 [FXGL Background Thread 3 ] DEBUG Engine               - scaledWidthProp$fxgl: DoubleProperty [bound, value: 1536.0]
03:12:13.747 [FXGL Background Thread 3 ] DEBUG Engine               - sceneFactory: com.almasb.fxgl.app.scene.SceneFactory@1f92f266
03:12:13.747 [FXGL Background Thread 3 ] DEBUG Engine               - secondsIn24h: 60
03:12:13.747 [FXGL Background Thread 3 ] DEBUG Engine               - soundMenuBack: menu/back.wav
03:12:13.747 [FXGL Background Thread 3 ] DEBUG Engine               - soundMenuPress: menu/press.wav
03:12:13.747 [FXGL Background Thread 3 ] DEBUG Engine               - soundMenuSelect: menu/select.wav
03:12:13.748 [FXGL Background Thread 3 ] DEBUG Engine               - soundNotification: core/notification.wav
03:12:13.748 [FXGL Background Thread 3 ] DEBUG Engine               - stageStyle: DECORATED
03:12:13.748 [FXGL Background Thread 3 ] DEBUG Engine               - supportedLanguages: [ENGLISH, FRENCH, GERMAN, HUNGARIAN, RUSSIAN]
03:12:13.749 [FXGL Background Thread 3 ] DEBUG Engine               - ticksPerSecond: -1
03:12:13.750 [FXGL Background Thread 3 ] DEBUG Engine               - title: Final Journey
03:12:13.750 [FXGL Background Thread 3 ] DEBUG Engine               - urlGithub: https://github.com/AlmasB/FXGL
03:12:13.750 [FXGL Background Thread 3 ] DEBUG Engine               - urlLeaderboard: http://fxgl-top.herokuapp.com/
03:12:13.750 [FXGL Background Thread 3 ] DEBUG Engine               - urlPOM: https://raw.githubusercontent.com/AlmasB/FXGL/release/README.md
03:12:13.751 [FXGL Background Thread 3 ] DEBUG Engine               - userAppClass: class com.project.App
03:12:13.751 [FXGL Background Thread 3 ] DEBUG Engine               - version: Alpha
03:12:13.751 [FXGL Background Thread 3 ] DEBUG Engine               - versionCheckDays: 7
03:12:13.752 [FXGL Background Thread 3 ] DEBUG Engine               - width: 1280
03:12:13.752 [FXGL Background Thread 3 ] DEBUG Engine               - Logging services
03:12:13.752 [FXGL Background Thread 3 ] DEBUG Engine               - class com.almasb.fxgl.app.services.FXGLAssetLoaderService
03:12:13.752 [FXGL Background Thread 3 ] DEBUG Engine               - class com.almasb.fxgl.app.FXGLApplication$GameApplicationService
03:12:13.752 [FXGL Background Thread 3 ] DEBUG Engine               - class com.almasb.fxgl.app.services.FXGLDialogService
03:12:13.752 [FXGL Background Thread 3 ] DEBUG Engine               - class com.almasb.fxgl.app.services.IOTaskExecutorService
03:12:13.752 [FXGL Background Thread 3 ] DEBUG Engine               - class com.almasb.fxgl.io.FileSystemService
03:12:13.752 [FXGL Background Thread 3 ] DEBUG Engine               - class com.almasb.fxgl.localization.LocalizationService
03:12:13.752 [FXGL Background Thread 3 ] DEBUG Engine               - class com.almasb.fxgl.app.services.SystemBundleService
03:12:13.752 [FXGL Background Thread 3 ] DEBUG Engine               - class com.almasb.fxgl.profile.SaveLoadService
03:12:13.752 [FXGL Background Thread 3 ] DEBUG Engine               - class com.almasb.fxgl.ui.FXGLUIFactoryServiceProvider
03:12:13.752 [FXGL Background Thread 3 ] DEBUG Engine               - class com.almasb.fxgl.ui.FXGLDialogFactoryServiceProvider
03:12:13.752 [FXGL Background Thread 3 ] DEBUG Engine               - class com.almasb.fxgl.audio.AudioPlayer
03:12:13.752 [FXGL Background Thread 3 ] DEBUG Engine               - class com.almasb.fxgl.notification.impl.NotificationServiceProvider
03:12:13.752 [FXGL Background Thread 3 ] DEBUG Engine               - class com.almasb.fxgl.achievement.AchievementService
03:12:13.752 [FXGL Background Thread 3 ] DEBUG Engine               - class com.almasb.fxgl.cutscene.CutsceneService
03:12:13.752 [FXGL Background Thread 3 ] DEBUG Engine               - class com.almasb.fxgl.minigames.MiniGameService
03:12:13.752 [FXGL Background Thread 3 ] DEBUG Engine               - class com.almasb.fxgl.net.NetService
03:12:13.752 [FXGL Background Thread 3 ] DEBUG Engine               - class com.almasb.fxgl.app.services.UpdaterService
03:12:13.753 [FXGL Background Thread 3 ] DEBUG Engine               - class com.almasb.fxgl.dev.DevService
03:12:14.163 [JavaFX Application Thread] DEBUG FXGLAssetLoaderServi - Loading from file system: file:/C:/Users/Lenovo/ProjectJava3.0/myproject/myproject/target/classes/assets/text/filetext.txt
03:12:14.164 [JavaFX Application Thread] DEBUG EventBus             - Firing event: com.GameEvent.CombatScene[source=javafx.event.Event$$Lambda/0x000001ce2e172db8@d7c36bb]
03:12:14.167 [JavaFX Application Thread] WARN  TMXLevelLoader       - TiledMap generated from 1.11.2. Supported version: 1.9.0. Some features may not be parsed fully.
03:12:14.173 [JavaFX Application Thread] DEBUG TMXLevelLoader       - Parsed TiledMap: file:/C:/Users/Lenovo/ProjectJava3.0/myproject/myproject/target/classes/assets/levels/battle1.tmx
03:12:14.173 [JavaFX Application Thread] DEBUG TMXLevelLoader       - Creating tile layer entities
03:12:14.174 [JavaFX Application Thread] DEBUG TilesetLoader        - Loading view for layer Tile Layer 1
03:12:14.177 [JavaFX Application Thread] DEBUG TilesetLoader        - Created buffer with size 2048.0x1024.0
03:12:14.287 [JavaFX Application Thread] DEBUG TMXLevelLoader       - Creating object layer entities
03:12:14.288 [JavaFX Application Thread] DEBUG FXGLAssetLoaderServi - Loading from file system: file:/C:/Users/Lenovo/ProjectJava3.0/myproject/myproject/target/classes/assets/textures/Rex.png
03:12:14.303 [JavaFX Application Thread] DEBUG FXGLAssetLoaderServi - Loading from file system: file:/C:/Users/Lenovo/ProjectJava3.0/myproject/myproject/target/classes/assets/textures/Reid.png
03:12:14.367 [JavaFX Application Thread] DEBUG FXGLAssetLoaderServi - Loading from file system: file:/C:/Users/Lenovo/ProjectJava3.0/myproject/myproject/target/classes/assets/textures/marsha.png
03:12:14.440 [JavaFX Application Thread] DEBUG GameWorld            - Clearing removable entities
03:12:14.447 [JavaFX Application Thread] DEBUG GameWorld            - Setting level: com.almasb.fxgl.entity.level.Level@439b5805
03:12:14.451 [JavaFX Application Thread] WARN  TMXLevelLoader       - TiledMap generated from 1.11.2. Supported version: 1.9.0. Some features may not be parsed fully.
03:12:14.456 [JavaFX Application Thread] DEBUG TMXLevelLoader       - Parsed TiledMap: file:/C:/Users/Lenovo/ProjectJava3.0/myproject/myproject/target/classes/assets/levels/battle1.tmx
03:12:14.456 [JavaFX Application Thread] DEBUG TMXLevelLoader       - Creating tile layer entities
03:12:14.457 [JavaFX Application Thread] DEBUG TilesetLoader        - Loading view for layer Tile Layer 1
03:12:14.458 [JavaFX Application Thread] DEBUG TilesetLoader        - Created buffer with size 2048.0x1024.0
03:12:14.550 [JavaFX Application Thread] DEBUG TMXLevelLoader       - Creating object layer entities
03:38:13.730 [JavaFX Application Thread] DEBUG FXGLApplication      - Exiting FXGL
03:38:13.731 [JavaFX Application Thread] DEBUG LoopRunner           - Stopping loop
03:38:13.732 [JavaFX Application Thread] DEBUG SystemBundleService  - Saving FXGL system data
03:38:13.744 [JavaFX Application Thread] DEBUG FileSystemAccess     - Writing to: C:\Users\Lenovo\ProjectJava3.0\myproject\myproject\system\fxgl.bundle
03:38:13.748 [JavaFX Application Thread] DEBUG Async                - Shutting down background threads
03:38:13.749 [JavaFX Application Thread] DEBUG PrimaryStageWindow   - Closing main window
03:38:13.849 [JavaFX Application Thread] DEBUG Logger               - Closing Logger
