02:45:57.580 [main                     ] DEBUG Logger               - Configured Logger
02:45:57.600 [main                     ] DEBUG GameApplication      - Logging settings
Title: Final Journey
Version: Alpha
Width: 1280
Height: 720
Fullscreen: true
Intro: false
Profiling: false
Single step:false
App Mode: DEVELOPER
Menu Key: ESCAPE
Stage Style: DECORATED
Scene Factory: class com.almasb.fxgl.app.scene.SceneFactory

02:45:58.860 [JavaFX Application Thread] DEBUG FXGLApplication      - Initializing FXGL
02:45:58.864 [JavaFX Application Thread] INFO  Engine               - FXGL-21.1 (27.03.2024 07.52) on WINDOWS (J:21.0.5 FX:21.0.1)
02:45:58.864 [JavaFX Application Thread] DEBUG Engine               - JRE Vendor Name: Eclipse Adoptium
02:45:58.865 [JavaFX Application Thread] DEBUG Engine               - Running on OS: Windows 11 version 10.0
02:45:58.865 [JavaFX Application Thread] DEBUG Engine               - Architecture: amd64
02:45:58.865 [JavaFX Application Thread] INFO  Engine               - Source code and latest versions at: https://github.com/AlmasB/FXGL
02:45:58.865 [JavaFX Application Thread] INFO  Engine               -       Ask questions and discuss at: https://github.com/AlmasB/FXGL/discussions
02:45:58.866 [JavaFX Application Thread] INFO  Engine               -              Join the FXGL chat at: https://gitter.im/AlmasB/FXGL
02:45:58.967 [JavaFX Application Thread] DEBUG PrimaryStageWindow   - Creating a JavaFX scene
02:45:59.023 [JavaFX Application Thread] DEBUG PrimaryStageWindow   - Target settings size: 1280.0 x 720.0
02:45:59.023 [JavaFX Application Thread] DEBUG PrimaryStageWindow   - Scaled scene size:    1280.0 x 720.0
02:45:59.023 [JavaFX Application Thread] DEBUG PrimaryStageWindow   - Scaled ratio: (1.0, 1.0)
02:45:59.025 [JavaFX Application Thread] DEBUG PrimaryStageWindow   - Set initial scene to FXGLStartupScene
02:45:59.029 [JavaFX Application Thread] DEBUG PrimaryStageWindow   - Opening main window
02:45:59.150 [JavaFX Application Thread] DEBUG PrimaryStageWindow   - Window border size: (14.4000244140625, 37.5999755859375)
02:45:59.151 [JavaFX Application Thread] DEBUG PrimaryStageWindow   - Scaled size: 1280.0 x 720.0
02:45:59.151 [JavaFX Application Thread] DEBUG PrimaryStageWindow   - Scaled ratio: (1.0, 1.0)
02:45:59.151 [JavaFX Application Thread] DEBUG PrimaryStageWindow   - Scene size: 1280.0 x 720.0
02:45:59.151 [JavaFX Application Thread] DEBUG PrimaryStageWindow   - Stage size: 1294.4000244140625 x 757.5999755859375
02:45:59.209 [JavaFX Application Thread] DEBUG PrimaryStageWindow   - Going fullscreen
02:45:59.219 [FXGL Background Thread 1 ] DEBUG Engine               - Initializing environment variables
02:45:59.275 [FXGL Background Thread 1 ] DEBUG FXGLAssetLoaderServi - User app class for loading assets: class com.project.App
02:45:59.275 [FXGL Background Thread 1 ] DEBUG GameApplicationServi - Applying CSS: fxgl_dark.css
02:45:59.277 [FXGL Background Thread 1 ] DEBUG FXGLAssetLoaderServi - Loading from file system: jar:file:/C:/Users/Lenovo/.m2/repository/com/github/almasb/fxgl/21.1/fxgl-21.1.jar!/fxglassets/ui/css/fxgl_dark.css
02:45:59.320 [FXGL Background Thread 1 ] DEBUG GameApplicationServi - Initializing application scenes
02:45:59.378 [FXGL Background Thread 1 ] DEBUG GameWorld            - Game world initialized
02:45:59.447 [FXGL Background Thread 1 ] DEBUG PhysicsWorld         - Physics world initialized: appHeight=720, physics.ppm=50.0
02:45:59.448 [FXGL Background Thread 1 ] DEBUG PhysicsWorld         - Using strategy: BRUTE_FORCE
02:45:59.450 [FXGL Background Thread 1 ] DEBUG GameScene            - Game scene initialized: 1280x720
02:45:59.461 [FXGL Background Thread 1 ] DEBUG FXGL.DefaultMenu     - createMenuBodyGameMenu()
02:45:59.474 [FXGL Background Thread 1 ] DEBUG FXGL.DefaultMenu     - createOptionsMenu()
02:45:59.483 [FXGL Background Thread 1 ] DEBUG FXGLAssetLoaderServi - Loading from file system: jar:file:/C:/Users/Lenovo/.m2/repository/com/github/almasb/fxgl/21.1/fxgl-21.1.jar!/fxglassets/textures/particles/smoke.png
02:45:59.573 [FXGL Background Thread 1 ] DEBUG FXGLAssetLoaderServi - Loading from file system: jar:file:/C:/Users/Lenovo/.m2/repository/com/github/almasb/fxgl/21.1/fxgl-21.1.jar!/fxglassets/textures/particles/trace_horizontal.png
02:45:59.598 [FXGL Background Thread 1 ] DEBUG GameApplicationServi - Application scenes initialized
02:45:59.612 [FXGL Background Thread 1 ] DEBUG SystemBundleService  - Loading FXGL system data
02:45:59.617 [FXGL Background Thread 1 ] DEBUG FileSystemAccess     - Reading from: C:\Users\Lenovo\projectjava\myproject\myproject\system\fxgl.bundle
02:45:59.626 [FXGL Background Thread 1 ] DEBUG SystemBundleService  - Bundle FXGL: {}
02:45:59.626 [FXGL Background Thread 1 ] DEBUG UpdaterService       - Checking for updates
02:45:59.661 [FXGL Background Thread 4 ] DEBUG FXGLApplication      - Loading fonts
02:45:59.662 [FXGL Background Thread 1 ] DEBUG FXGLApplication      - Loading default localization
02:45:59.662 [FXGL Background Thread 4 ] DEBUG FXGLAssetLoaderServi - Loading from file system: jar:file:/C:/Users/Lenovo/.m2/repository/com/github/almasb/fxgl/21.1/fxgl-21.1.jar!/fxglassets/ui/fonts/VarelaRound-Regular.ttf
02:45:59.662 [FXGL Background Thread 1 ] DEBUG FXGLAssetLoaderServi - Loading from file system: jar:file:/C:/Users/Lenovo/.m2/repository/com/github/almasb/fxgl/21.1/fxgl-21.1.jar!/fxglassets/languages/english.lang
02:45:59.702 [FXGL Background Thread 4 ] DEBUG FXGLAssetLoaderServi - Loading from file system: jar:file:/C:/Users/Lenovo/.m2/repository/com/github/almasb/fxgl/21.1/fxgl-21.1.jar!/fxglassets/ui/fonts/Abel-Regular.ttf
02:45:59.704 [FXGL Background Thread 4 ] DEBUG FXGLAssetLoaderServi - Loading from file system: jar:file:/C:/Users/Lenovo/.m2/repository/com/github/almasb/fxgl/21.1/fxgl-21.1.jar!/fxglassets/ui/fonts/TerminalLandMono-Regular.otf
02:45:59.708 [FXGL Background Thread 4 ] DEBUG FXGLAssetLoaderServi - Loading from file system: jar:file:/C:/Users/Lenovo/.m2/repository/com/github/almasb/fxgl/21.1/fxgl-21.1.jar!/fxglassets/ui/fonts/Courier-Prime.ttf
02:45:59.715 [JavaFX Application Thread] DEBUG FXGLApplication      - Registering font factories with UI factory
02:45:59.719 [FXGL Background Thread 1 ] INFO  FXGLApplication      - FXGL initialization took: 0.501 sec
02:45:59.730 [JavaFX Application Thread] DEBUG Input                - Registered new binding: Right - D
02:45:59.731 [JavaFX Application Thread] DEBUG Input                - Registered new binding: Left - A
02:45:59.731 [JavaFX Application Thread] DEBUG Input                - Registered new binding: Up - W
02:45:59.731 [JavaFX Application Thread] DEBUG Input                - Registered new binding: Down - S
02:45:59.732 [JavaFX Application Thread] DEBUG Input                - Registered new binding: Interact - E
02:45:59.732 [JavaFX Application Thread] DEBUG FXGLAssetLoaderServi - Loading from file system: jar:file:/C:/Users/Lenovo/.m2/repository/com/github/almasb/fxgl/21.1/fxgl-21.1.jar!/fxglassets/textures/fxgl_icon.png
02:45:59.747 [JavaFX Application Thread] DEBUG FXGLAssetLoaderServi - Loading from file system: jar:file:/C:/Users/Lenovo/.m2/repository/com/github/almasb/fxgl/21.1/fxgl-21.1.jar!/fxglassets/textures/fxgl_default_cursor.png
02:45:59.751 [JavaFX Application Thread] DEBUG Input                - Registered new binding: Screenshot - CTRL+8
02:45:59.752 [JavaFX Application Thread] DEBUG Input                - Registered new binding: Dev Options - 1
02:45:59.753 [JavaFX Application Thread] DEBUG Input                - Registered new binding: Dev Console - 2
02:45:59.754 [JavaFX Application Thread] DEBUG Input                - Registered new binding: System info dump - CTRL+9
02:45:59.755 [JavaFX Application Thread] DEBUG Input                - Registered new binding: Restart - CTRL+R
02:45:59.757 [JavaFX Application Thread] DEBUG Input                - Registered new binding: Toggle Debug Camera - CTRL+7
02:45:59.767 [JavaFX Application Thread] DEBUG LoopRunner           - Starting loop
02:45:59.789 [JavaFX Application Thread] DEBUG LoopRunner           - Initializing JavaFX AnimationTimerLoop
02:45:59.791 [JavaFX Application Thread] DEBUG GameApplicationServi - Starting new game
02:45:59.791 [JavaFX Application Thread] DEBUG Input                - Clearing active input actions
02:45:59.806 [JavaFX Application Thread] DEBUG GameApplicationServi - Removing overlay from FXGLStartupScene and adding to FXGLLoadingScene
02:45:59.810 [JavaFX Application Thread] DEBUG PrimaryStageWindow   - FXGLStartupScene -> FXGLLoadingScene
02:45:59.810 [JavaFX Application Thread] DEBUG GameApplicationServi - Clearing previous game
02:45:59.810 [JavaFX Application Thread] DEBUG GameScene            - Clearing game scene
02:45:59.810 [JavaFX Application Thread] DEBUG GameWorld            - Clearing game world
02:45:59.811 [JavaFX Application Thread] DEBUG PhysicsWorld         - Clearing physics world
02:45:59.812 [FXGL Background Thread 1 ] DEBUG FXGLApplication      - Initializing game
02:45:59.851 [FXGL Background Thread 1 ] WARN  TMXLevelLoader       - TiledMap generated from 1.11.2. Supported version: 1.9.0. Some features may not be parsed fully.
02:45:59.885 [FXGL Background Thread 1 ] DEBUG TMXLevelLoader       - Parsed TiledMap: file:/C:/Users/Lenovo/projectjava/myproject/myproject/target/classes/assets/levels/scene1.tmx
02:45:59.888 [FXGL Background Thread 1 ] DEBUG TMXLevelLoader       - Creating tile layer entities
02:45:59.891 [FXGL Background Thread 1 ] DEBUG TilesetLoader        - Loading view for layer lowefloor
02:45:59.892 [FXGL Background Thread 1 ] DEBUG TilesetLoader        - Created buffer with size 512.0x1024.0
02:45:59.957 [FXGL Background Thread 1 ] DEBUG TilesetLoader        - Loading view for layer cliff
02:45:59.958 [FXGL Background Thread 1 ] DEBUG TilesetLoader        - Created buffer with size 512.0x1024.0
02:45:59.959 [FXGL Background Thread 1 ] DEBUG TilesetLoader        - Loading view for layer cliff1
02:45:59.961 [FXGL Background Thread 1 ] DEBUG TilesetLoader        - Created buffer with size 512.0x1024.0
02:45:59.962 [FXGL Background Thread 1 ] DEBUG TilesetLoader        - Loading view for layer cliff2
02:45:59.962 [FXGL Background Thread 1 ] DEBUG TilesetLoader        - Created buffer with size 512.0x1024.0
02:45:59.964 [FXGL Background Thread 1 ] DEBUG TilesetLoader        - Loading view for layer Tile Layer 3
02:45:59.965 [FXGL Background Thread 1 ] DEBUG TilesetLoader        - Created buffer with size 512.0x1024.0
02:45:59.966 [FXGL Background Thread 1 ] DEBUG TilesetLoader        - Loading view for layer Tile Layer 6
02:45:59.969 [FXGL Background Thread 1 ] DEBUG TilesetLoader        - Created buffer with size 512.0x1024.0
02:46:00.082 [FXGL Background Thread 1 ] DEBUG TilesetLoader        - Loading view for layer prop
02:46:00.083 [FXGL Background Thread 1 ] DEBUG TilesetLoader        - Created buffer with size 512.0x1024.0
02:46:00.083 [FXGL Background Thread 1 ] DEBUG TMXLevelLoader       - Creating object layer entities
02:46:00.118 [FXGL Background Thread 1 ] DEBUG FXGLAssetLoaderServi - Loading from file system: file:/C:/Users/Lenovo/projectjava/myproject/myproject/target/classes/assets/textures/Actor1.png
02:46:00.137 [FXGL Background Thread 1 ] DEBUG FXGLAssetLoaderServi - Loading from file system: file:/C:/Users/Lenovo/projectjava/myproject/myproject/target/classes/assets/textures/Rex.png
02:46:00.143 [FXGL Background Thread 1 ] WARN  TMXLevelLoader       - TiledMap generated from 1.11.2. Supported version: 1.9.0. Some features may not be parsed fully.
02:46:00.154 [FXGL Background Thread 1 ] DEBUG TMXLevelLoader       - Parsed TiledMap: file:/C:/Users/Lenovo/projectjava/myproject/myproject/target/classes/assets/levels/scene1.tmx
02:46:00.155 [FXGL Background Thread 1 ] DEBUG TMXLevelLoader       - Creating tile layer entities
02:46:00.155 [FXGL Background Thread 1 ] DEBUG TilesetLoader        - Loading view for layer lowefloor
02:46:00.155 [FXGL Background Thread 1 ] DEBUG TilesetLoader        - Created buffer with size 512.0x1024.0
02:46:00.180 [FXGL Background Thread 1 ] DEBUG TilesetLoader        - Loading view for layer cliff
02:46:00.181 [FXGL Background Thread 1 ] DEBUG TilesetLoader        - Created buffer with size 512.0x1024.0
02:46:00.181 [FXGL Background Thread 1 ] DEBUG TilesetLoader        - Loading view for layer cliff1
02:46:00.182 [FXGL Background Thread 1 ] DEBUG TilesetLoader        - Created buffer with size 512.0x1024.0
02:46:00.183 [FXGL Background Thread 1 ] DEBUG TilesetLoader        - Loading view for layer cliff2
02:46:00.183 [FXGL Background Thread 1 ] DEBUG TilesetLoader        - Created buffer with size 512.0x1024.0
02:46:00.184 [FXGL Background Thread 1 ] DEBUG TilesetLoader        - Loading view for layer Tile Layer 3
02:46:00.184 [FXGL Background Thread 1 ] DEBUG TilesetLoader        - Created buffer with size 512.0x1024.0
02:46:00.185 [FXGL Background Thread 1 ] DEBUG TilesetLoader        - Loading view for layer Tile Layer 6
02:46:00.185 [FXGL Background Thread 1 ] DEBUG TilesetLoader        - Created buffer with size 512.0x1024.0
02:46:00.231 [FXGL Background Thread 1 ] DEBUG TilesetLoader        - Loading view for layer prop
02:46:00.231 [FXGL Background Thread 1 ] DEBUG TilesetLoader        - Created buffer with size 512.0x1024.0
02:46:00.232 [FXGL Background Thread 1 ] DEBUG TMXLevelLoader       - Creating object layer entities
02:46:00.243 [FXGL Background Thread 1 ] DEBUG GameWorld            - Clearing removable entities
02:46:00.243 [FXGL Background Thread 1 ] DEBUG GameWorld            - Setting level: com.almasb.fxgl.entity.level.Level@683e2b99
02:46:00.254 [FXGL Background Thread 1 ] INFO  FXGLApplication      - Game initialization took: 0.443 sec
02:46:00.265 [JavaFX Application Thread] DEBUG Input                - Clearing active input actions
02:46:00.274 [JavaFX Application Thread] DEBUG GameApplicationServi - Removing overlay from FXGLLoadingScene and adding to GameScene
02:46:00.280 [JavaFX Application Thread] DEBUG PrimaryStageWindow   - FXGLLoadingScene -> GameScene
02:46:02.659 [FXGL Background Thread 3 ] DEBUG Engine               - Logging environment variables
02:46:02.661 [FXGL Background Thread 3 ] DEBUG Engine               - achievements: []
02:46:02.662 [FXGL Background Thread 3 ] DEBUG Engine               - actualHeight: 864.0
02:46:02.662 [FXGL Background Thread 3 ] DEBUG Engine               - actualHeightProperty: ReadOnlyDoubleProperty [value: 864.0]
02:46:02.662 [FXGL Background Thread 3 ] DEBUG Engine               - actualWidth: 1536.0
02:46:02.662 [FXGL Background Thread 3 ] DEBUG Engine               - actualWidthProperty: ReadOnlyDoubleProperty [value: 1536.0]
02:46:02.662 [FXGL Background Thread 3 ] DEBUG Engine               - appIcon: fxgl_icon.png
02:46:02.662 [FXGL Background Thread 3 ] DEBUG Engine               - applicationMode: DEVELOPER
02:46:02.663 [FXGL Background Thread 3 ] DEBUG Engine               - cSSList: [fxgl_dark.css]
02:46:02.663 [FXGL Background Thread 3 ] DEBUG Engine               - collisionDetectionStrategy: BRUTE_FORCE
02:46:02.663 [FXGL Background Thread 3 ] DEBUG Engine               - configClass: Optional.empty
02:46:02.663 [FXGL Background Thread 3 ] DEBUG Engine               - credits: []
02:46:02.664 [FXGL Background Thread 3 ] DEBUG Engine               - defaultCursor: CursorInfo(imageName=fxgl_default_cursor.png, hotspotX=7.0, hotspotY=6.0)
02:46:02.665 [FXGL Background Thread 3 ] DEBUG Engine               - devBBoxColorProperty: ObjectProperty [value: 0xff0000ff]
02:46:02.665 [FXGL Background Thread 3 ] DEBUG Engine               - devEnableDebugCameraProperty: BooleanProperty [value: false]
02:46:02.665 [FXGL Background Thread 3 ] DEBUG Engine               - devSensorColorProperty: ObjectProperty [value: 0xffff00ff]
02:46:02.666 [FXGL Background Thread 3 ] DEBUG Engine               - devShowBBoxProperty: BooleanProperty [value: false]
02:46:02.666 [FXGL Background Thread 3 ] DEBUG Engine               - devShowPositionProperty: BooleanProperty [value: false]
02:46:02.666 [FXGL Background Thread 3 ] DEBUG Engine               - enabledMenuItems: []
02:46:02.666 [FXGL Background Thread 3 ] DEBUG Engine               - engineServices: [class com.almasb.fxgl.app.services.FXGLAssetLoaderService, class com.almasb.fxgl.app.FXGLApplication$GameApplicationService, class com.almasb.fxgl.app.services.FXGLDialogService, class com.almasb.fxgl.app.services.IOTaskExecutorService, class com.almasb.fxgl.io.FileSystemService, class com.almasb.fxgl.localization.LocalizationService, class com.almasb.fxgl.app.services.SystemBundleService, class com.almasb.fxgl.profile.SaveLoadService, class com.almasb.fxgl.ui.FXGLUIFactoryServiceProvider, class com.almasb.fxgl.ui.FXGLDialogFactoryServiceProvider, class com.almasb.fxgl.audio.AudioPlayer, class com.almasb.fxgl.notification.impl.NotificationServiceProvider, class com.almasb.fxgl.achievement.AchievementService, class com.almasb.fxgl.cutscene.CutsceneService, class com.almasb.fxgl.minigames.MiniGameService, class com.almasb.fxgl.net.NetService, class com.almasb.fxgl.app.services.UpdaterService, class com.almasb.fxgl.dev.DevService]
02:46:02.666 [FXGL Background Thread 3 ] DEBUG Engine               - fontGame: Abel-Regular.ttf
02:46:02.667 [FXGL Background Thread 3 ] DEBUG Engine               - fontMono: TerminalLandMono-Regular.otf
02:46:02.667 [FXGL Background Thread 3 ] DEBUG Engine               - fontSizeScaleUI: 1.0
02:46:02.667 [FXGL Background Thread 3 ] DEBUG Engine               - fontText: Courier-Prime.ttf
02:46:02.667 [FXGL Background Thread 3 ] DEBUG Engine               - fontUI: VarelaRound-Regular.ttf
02:46:02.667 [FXGL Background Thread 3 ] DEBUG Engine               - fullScreen: BooleanProperty [value: true]
02:46:02.667 [FXGL Background Thread 3 ] DEBUG Engine               - gameDifficulty: MEDIUM
02:46:02.667 [FXGL Background Thread 3 ] DEBUG Engine               - gameDifficultyProperty: ObjectProperty [value: MEDIUM]
02:46:02.668 [FXGL Background Thread 3 ] DEBUG Engine               - globalMusicVolume: 0.5
02:46:02.668 [FXGL Background Thread 3 ] DEBUG Engine               - globalMusicVolumeProperty: DoubleProperty [value: 0.5]
02:46:02.668 [FXGL Background Thread 3 ] DEBUG Engine               - globalSoundVolume: 0.5
02:46:02.668 [FXGL Background Thread 3 ] DEBUG Engine               - globalSoundVolumeProperty: DoubleProperty [value: 0.5]
02:46:02.669 [FXGL Background Thread 3 ] DEBUG Engine               - height: 720
02:46:02.669 [FXGL Background Thread 3 ] DEBUG Engine               - is3D: false
02:46:02.669 [FXGL Background Thread 3 ] DEBUG Engine               - isAndroid: false
02:46:02.669 [FXGL Background Thread 3 ] DEBUG Engine               - isBrowser: false
02:46:02.669 [FXGL Background Thread 3 ] DEBUG Engine               - isClickFeedbackEnabled: false
02:46:02.669 [FXGL Background Thread 3 ] DEBUG Engine               - isCloseConfirmation: false
02:46:02.669 [FXGL Background Thread 3 ] DEBUG Engine               - isDesktop: true
02:46:02.670 [FXGL Background Thread 3 ] DEBUG Engine               - isDeveloperMenuEnabled: true
02:46:02.670 [FXGL Background Thread 3 ] DEBUG Engine               - isEmbedded: false
02:46:02.670 [FXGL Background Thread 3 ] DEBUG Engine               - isEntityPreloadEnabled: true
02:46:02.670 [FXGL Background Thread 3 ] DEBUG Engine               - isExperimentalTiledLargeMap: false
02:46:02.670 [FXGL Background Thread 3 ] DEBUG Engine               - isFileSystemWriteAllowed: true
02:46:02.670 [FXGL Background Thread 3 ] DEBUG Engine               - isFullScreenAllowed: true
02:46:02.670 [FXGL Background Thread 3 ] DEBUG Engine               - isFullScreenFromStart: true
02:46:02.670 [FXGL Background Thread 3 ] DEBUG Engine               - isGameMenuEnabled: true
02:46:02.671 [FXGL Background Thread 3 ] DEBUG Engine               - isIOS: false
02:46:02.671 [FXGL Background Thread 3 ] DEBUG Engine               - isIntroEnabled: false
02:46:02.671 [FXGL Background Thread 3 ] DEBUG Engine               - isLinux: false
02:46:02.671 [FXGL Background Thread 3 ] DEBUG Engine               - isMac: false
02:46:02.672 [FXGL Background Thread 3 ] DEBUG Engine               - isMainMenuEnabled: false
02:46:02.672 [FXGL Background Thread 3 ] DEBUG Engine               - isManualResizeEnabled: false
02:46:02.672 [FXGL Background Thread 3 ] DEBUG Engine               - isMobile: false
02:46:02.673 [FXGL Background Thread 3 ] DEBUG Engine               - isNative: false
02:46:02.673 [FXGL Background Thread 3 ] DEBUG Engine               - isPauseMusicWhenMinimized: true
02:46:02.674 [FXGL Background Thread 3 ] DEBUG Engine               - isPreserveResizeRatio: false
02:46:02.674 [FXGL Background Thread 3 ] DEBUG Engine               - isProfilingEnabled: false
02:46:02.674 [FXGL Background Thread 3 ] DEBUG Engine               - isScaleAffectedOnResize: true
02:46:02.674 [FXGL Background Thread 3 ] DEBUG Engine               - isSingleStep: false
02:46:02.674 [FXGL Background Thread 3 ] DEBUG Engine               - isUserProfileEnabled: false
02:46:02.674 [FXGL Background Thread 3 ] DEBUG Engine               - isWindows: true
02:46:02.674 [FXGL Background Thread 3 ] DEBUG Engine               - language: ObjectProperty [value: ENGLISH]
02:46:02.674 [FXGL Background Thread 3 ] DEBUG Engine               - menuKey: ESCAPE
02:46:02.675 [FXGL Background Thread 3 ] DEBUG Engine               - mouseSensitivity: 0.2
02:46:02.675 [FXGL Background Thread 3 ] DEBUG Engine               - notificationViewClass: class com.almasb.fxgl.notification.view.XboxNotificationView
02:46:02.676 [FXGL Background Thread 3 ] DEBUG Engine               - pixelsPerMeter: 50.0
02:46:02.676 [FXGL Background Thread 3 ] DEBUG Engine               - platform: WINDOWS
02:46:02.676 [FXGL Background Thread 3 ] DEBUG Engine               - prefHeightProperty: ReadOnlyDoubleProperty [value: 720.0]
02:46:02.676 [FXGL Background Thread 3 ] DEBUG Engine               - prefWidthProperty: ReadOnlyDoubleProperty [value: 1280.0]
02:46:02.677 [FXGL Background Thread 3 ] DEBUG Engine               - profileDir: profiles/
02:46:02.677 [FXGL Background Thread 3 ] DEBUG Engine               - profileName: StringProperty [value: DEFAULT]
02:46:02.677 [FXGL Background Thread 3 ] DEBUG Engine               - randomSeed: -1
02:46:02.679 [FXGL Background Thread 3 ] DEBUG Engine               - runtimeInfo: RuntimeInfo(platform=WINDOWS, version=21.1, build=27.03.2024 07.52)
02:46:02.679 [FXGL Background Thread 3 ] DEBUG Engine               - saveFileExt: sav
02:46:02.679 [FXGL Background Thread 3 ] DEBUG Engine               - scaledHeightProp$fxgl: DoubleProperty [bound, value: 864.0]
02:46:02.679 [FXGL Background Thread 3 ] DEBUG Engine               - scaledWidthProp$fxgl: DoubleProperty [bound, value: 1536.0]
02:46:02.680 [FXGL Background Thread 3 ] DEBUG Engine               - sceneFactory: com.almasb.fxgl.app.scene.SceneFactory@7f9d61b1
02:46:02.680 [FXGL Background Thread 3 ] DEBUG Engine               - secondsIn24h: 60
02:46:02.680 [FXGL Background Thread 3 ] DEBUG Engine               - soundMenuBack: menu/back.wav
02:46:02.680 [FXGL Background Thread 3 ] DEBUG Engine               - soundMenuPress: menu/press.wav
02:46:02.680 [FXGL Background Thread 3 ] DEBUG Engine               - soundMenuSelect: menu/select.wav
02:46:02.681 [FXGL Background Thread 3 ] DEBUG Engine               - soundNotification: core/notification.wav
02:46:02.681 [FXGL Background Thread 3 ] DEBUG Engine               - stageStyle: DECORATED
02:46:02.681 [FXGL Background Thread 3 ] DEBUG Engine               - supportedLanguages: [ENGLISH, FRENCH, GERMAN, HUNGARIAN, RUSSIAN]
02:46:02.681 [FXGL Background Thread 3 ] DEBUG Engine               - ticksPerSecond: -1
02:46:02.681 [FXGL Background Thread 3 ] DEBUG Engine               - title: Final Journey
02:46:02.681 [FXGL Background Thread 3 ] DEBUG Engine               - urlGithub: https://github.com/AlmasB/FXGL
02:46:02.681 [FXGL Background Thread 3 ] DEBUG Engine               - urlLeaderboard: http://fxgl-top.herokuapp.com/
02:46:02.681 [FXGL Background Thread 3 ] DEBUG Engine               - urlPOM: https://raw.githubusercontent.com/AlmasB/FXGL/release/README.md
02:46:02.681 [FXGL Background Thread 3 ] DEBUG Engine               - userAppClass: class com.project.App
02:46:02.681 [FXGL Background Thread 3 ] DEBUG Engine               - version: Alpha
02:46:02.681 [FXGL Background Thread 3 ] DEBUG Engine               - versionCheckDays: 7
02:46:02.681 [FXGL Background Thread 3 ] DEBUG Engine               - width: 1280
02:46:02.681 [FXGL Background Thread 3 ] DEBUG Engine               - Logging services
02:46:02.682 [FXGL Background Thread 3 ] DEBUG Engine               - class com.almasb.fxgl.app.services.FXGLAssetLoaderService
02:46:02.682 [FXGL Background Thread 3 ] DEBUG Engine               - class com.almasb.fxgl.app.FXGLApplication$GameApplicationService
02:46:02.682 [FXGL Background Thread 3 ] DEBUG Engine               - class com.almasb.fxgl.app.services.FXGLDialogService
02:46:02.682 [FXGL Background Thread 3 ] DEBUG Engine               - class com.almasb.fxgl.app.services.IOTaskExecutorService
02:46:02.682 [FXGL Background Thread 3 ] DEBUG Engine               - class com.almasb.fxgl.io.FileSystemService
02:46:02.682 [FXGL Background Thread 3 ] DEBUG Engine               - class com.almasb.fxgl.localization.LocalizationService
02:46:02.682 [FXGL Background Thread 3 ] DEBUG Engine               - class com.almasb.fxgl.app.services.SystemBundleService
02:46:02.682 [FXGL Background Thread 3 ] DEBUG Engine               - class com.almasb.fxgl.profile.SaveLoadService
02:46:02.682 [FXGL Background Thread 3 ] DEBUG Engine               - class com.almasb.fxgl.ui.FXGLUIFactoryServiceProvider
02:46:02.682 [FXGL Background Thread 3 ] DEBUG Engine               - class com.almasb.fxgl.ui.FXGLDialogFactoryServiceProvider
02:46:02.682 [FXGL Background Thread 3 ] DEBUG Engine               - class com.almasb.fxgl.audio.AudioPlayer
02:46:02.682 [FXGL Background Thread 3 ] DEBUG Engine               - class com.almasb.fxgl.notification.impl.NotificationServiceProvider
02:46:02.682 [FXGL Background Thread 3 ] DEBUG Engine               - class com.almasb.fxgl.achievement.AchievementService
02:46:02.682 [FXGL Background Thread 3 ] DEBUG Engine               - class com.almasb.fxgl.cutscene.CutsceneService
02:46:02.682 [FXGL Background Thread 3 ] DEBUG Engine               - class com.almasb.fxgl.minigames.MiniGameService
02:46:02.682 [FXGL Background Thread 3 ] DEBUG Engine               - class com.almasb.fxgl.net.NetService
02:46:02.682 [FXGL Background Thread 3 ] DEBUG Engine               - class com.almasb.fxgl.app.services.UpdaterService
02:46:02.682 [FXGL Background Thread 3 ] DEBUG Engine               - class com.almasb.fxgl.dev.DevService
02:46:04.785 [JavaFX Application Thread] DEBUG FXGLAssetLoaderServi - Loading from file system: file:/C:/Users/Lenovo/projectjava/myproject/myproject/target/classes/assets/text/filetext.txt
02:46:04.800 [JavaFX Application Thread] DEBUG Input                - Registered new binding: Next RPG Line - Enter
02:46:04.801 [JavaFX Application Thread] DEBUG PrimaryStageWindow   - Push state: CutsceneScene
02:46:04.803 [JavaFX Application Thread] DEBUG Input                - Clearing active input actions
02:46:04.806 [JavaFX Application Thread] DEBUG GameApplicationServi - Removing overlay from GameScene and adding to CutsceneScene
02:46:04.808 [JavaFX Application Thread] DEBUG PrimaryStageWindow   - GameScene -> CutsceneScene
02:46:06.256 [JavaFX Application Thread] DEBUG FXGLAssetLoaderServi - Loading from file system: file:/C:/Users/Lenovo/projectjava/myproject/myproject/target/classes/assets/textures/Rex.png
02:46:13.902 [JavaFX Application Thread] DEBUG PrimaryStageWindow   - Pop state: CutsceneScene
02:46:13.902 [JavaFX Application Thread] DEBUG Input                - Clearing active input actions
02:46:13.903 [JavaFX Application Thread] DEBUG GameApplicationServi - Removing overlay from CutsceneScene and adding to GameScene
02:46:13.905 [JavaFX Application Thread] DEBUG PrimaryStageWindow   - GameScene <- CutsceneScene
02:46:13.905 [JavaFX Application Thread] DEBUG EventBus             - Firing event: com.GameEvent.CombatScene[source=javafx.event.Event$$Lambda/0x000001c53f172fa8@1d119940]
02:46:13.909 [JavaFX Application Thread] WARN  TMXLevelLoader       - TiledMap generated from 1.11.2. Supported version: 1.9.0. Some features may not be parsed fully.
02:46:13.913 [JavaFX Application Thread] DEBUG TMXLevelLoader       - Parsed TiledMap: file:/C:/Users/Lenovo/projectjava/myproject/myproject/target/classes/assets/levels/battle1.tmx
02:46:13.913 [JavaFX Application Thread] DEBUG TMXLevelLoader       - Creating tile layer entities
02:46:13.913 [JavaFX Application Thread] DEBUG TilesetLoader        - Loading view for layer Tile Layer 1
02:46:13.915 [JavaFX Application Thread] DEBUG TilesetLoader        - Created buffer with size 2048.0x1024.0
02:46:14.014 [JavaFX Application Thread] DEBUG TMXLevelLoader       - Creating object layer entities
02:46:14.015 [JavaFX Application Thread] DEBUG FXGLAssetLoaderServi - Loading from file system: file:/C:/Users/Lenovo/projectjava/myproject/myproject/target/classes/assets/textures/Rex.png
02:46:14.023 [JavaFX Application Thread] DEBUG FXGLAssetLoaderServi - Loading from file system: file:/C:/Users/Lenovo/projectjava/myproject/myproject/target/classes/assets/textures/Karee.png
02:46:14.026 [JavaFX Application Thread] DEBUG GameWorld            - Clearing removable entities
02:46:14.036 [JavaFX Application Thread] DEBUG GameWorld            - Setting level: com.almasb.fxgl.entity.level.Level@3dbbbf65
02:46:14.041 [JavaFX Application Thread] WARN  TMXLevelLoader       - TiledMap generated from 1.11.2. Supported version: 1.9.0. Some features may not be parsed fully.
02:46:14.049 [JavaFX Application Thread] DEBUG TMXLevelLoader       - Parsed TiledMap: file:/C:/Users/Lenovo/projectjava/myproject/myproject/target/classes/assets/levels/battle1.tmx
02:46:14.050 [JavaFX Application Thread] DEBUG TMXLevelLoader       - Creating tile layer entities
02:46:14.050 [JavaFX Application Thread] DEBUG TilesetLoader        - Loading view for layer Tile Layer 1
02:46:14.059 [JavaFX Application Thread] DEBUG TilesetLoader        - Created buffer with size 2048.0x1024.0
02:46:14.171 [JavaFX Application Thread] DEBUG TMXLevelLoader       - Creating object layer entities
02:47:38.840 [JavaFX Application Thread] DEBUG FXGLApplication      - Exiting FXGL
02:47:38.841 [JavaFX Application Thread] DEBUG LoopRunner           - Stopping loop
02:47:38.841 [JavaFX Application Thread] DEBUG SystemBundleService  - Saving FXGL system data
02:47:38.845 [JavaFX Application Thread] DEBUG FileSystemAccess     - Writing to: C:\Users\Lenovo\projectjava\myproject\myproject\system\fxgl.bundle
02:47:38.850 [JavaFX Application Thread] DEBUG Async                - Shutting down background threads
02:47:38.850 [JavaFX Application Thread] DEBUG PrimaryStageWindow   - Closing main window
02:47:38.891 [JavaFX Application Thread] DEBUG Logger               - Closing Logger
