03:03:30.122 [main                     ] DEBUG Logger               - Configured Logger
03:03:30.140 [main                     ] DEBUG GameApplication      - Logging settings
Title: Final Journey
Version: Alpha
Width: 1280
Height: 720
Fullscreen: true
Intro: false
Profiling: false
Single step:false
App Mode: DEVELOPER
Menu Key: ESCAPE
Stage Style: DECORATED
Scene Factory: class com.almasb.fxgl.app.scene.SceneFactory

03:03:30.436 [JavaFX Application Thread] DEBUG FXGLApplication      - Initializing FXGL
03:03:30.439 [JavaFX Application Thread] INFO  Engine               - FXGL-21.1 (27.03.2024 07.52) on WINDOWS (J:21.0.5 FX:21.0.1)
03:03:30.439 [JavaFX Application Thread] DEBUG Engine               - JRE Vendor Name: Eclipse Adoptium
03:03:30.439 [JavaFX Application Thread] DEBUG Engine               - Running on OS: Windows 11 version 10.0
03:03:30.439 [JavaFX Application Thread] DEBUG Engine               - Architecture: amd64
03:03:30.439 [JavaFX Application Thread] INFO  Engine               - Source code and latest versions at: https://github.com/AlmasB/FXGL
03:03:30.439 [JavaFX Application Thread] INFO  Engine               -       Ask questions and discuss at: https://github.com/AlmasB/FXGL/discussions
03:03:30.439 [JavaFX Application Thread] INFO  Engine               -              Join the FXGL chat at: https://gitter.im/AlmasB/FXGL
03:03:30.501 [JavaFX Application Thread] DEBUG PrimaryStageWindow   - Creating a JavaFX scene
03:03:30.533 [JavaFX Application Thread] DEBUG PrimaryStageWindow   - Target settings size: 1280.0 x 720.0
03:03:30.533 [JavaFX Application Thread] DEBUG PrimaryStageWindow   - Scaled scene size:    1280.0 x 720.0
03:03:30.533 [JavaFX Application Thread] DEBUG PrimaryStageWindow   - Scaled ratio: (1.0, 1.0)
03:03:30.534 [JavaFX Application Thread] DEBUG PrimaryStageWindow   - Set initial scene to FXGLStartupScene
03:03:30.537 [JavaFX Application Thread] DEBUG PrimaryStageWindow   - Opening main window
03:03:30.597 [JavaFX Application Thread] DEBUG PrimaryStageWindow   - Window border size: (14.4000244140625, 37.5999755859375)
03:03:30.597 [JavaFX Application Thread] DEBUG PrimaryStageWindow   - Scaled size: 1280.0 x 720.0
03:03:30.598 [JavaFX Application Thread] DEBUG PrimaryStageWindow   - Scaled ratio: (1.0, 1.0)
03:03:30.598 [JavaFX Application Thread] DEBUG PrimaryStageWindow   - Scene size: 1280.0 x 720.0
03:03:30.598 [JavaFX Application Thread] DEBUG PrimaryStageWindow   - Stage size: 1294.4000244140625 x 757.5999755859375
03:03:30.636 [JavaFX Application Thread] DEBUG PrimaryStageWindow   - Going fullscreen
03:03:30.642 [FXGL Background Thread 1 ] DEBUG Engine               - Initializing environment variables
03:03:30.677 [FXGL Background Thread 1 ] DEBUG FXGLAssetLoaderServi - User app class for loading assets: class com.project.App
03:03:30.677 [FXGL Background Thread 1 ] DEBUG GameApplicationServi - Applying CSS: fxgl_dark.css
03:03:30.678 [FXGL Background Thread 1 ] DEBUG FXGLAssetLoaderServi - Loading from file system: jar:file:/C:/Users/nitro/.m2/repository/com/github/almasb/fxgl/21.1/fxgl-21.1.jar!/fxglassets/ui/css/fxgl_dark.css
03:03:30.703 [FXGL Background Thread 1 ] DEBUG GameApplicationServi - Initializing application scenes
03:03:30.742 [FXGL Background Thread 1 ] DEBUG GameWorld            - Game world initialized
03:03:30.798 [FXGL Background Thread 1 ] DEBUG PhysicsWorld         - Physics world initialized: appHeight=720, physics.ppm=50.0
03:03:30.799 [FXGL Background Thread 1 ] DEBUG PhysicsWorld         - Using strategy: BRUTE_FORCE
03:03:30.801 [FXGL Background Thread 1 ] DEBUG GameScene            - Game scene initialized: 1280x720
03:03:30.811 [FXGL Background Thread 1 ] DEBUG FXGL.DefaultMenu     - createMenuBodyGameMenu()
03:03:30.820 [FXGL Background Thread 1 ] DEBUG FXGL.DefaultMenu     - createOptionsMenu()
03:03:30.826 [FXGL Background Thread 1 ] DEBUG FXGLAssetLoaderServi - Loading from file system: jar:file:/C:/Users/nitro/.m2/repository/com/github/almasb/fxgl/21.1/fxgl-21.1.jar!/fxglassets/textures/particles/smoke.png
03:03:30.906 [FXGL Background Thread 1 ] DEBUG FXGLAssetLoaderServi - Loading from file system: jar:file:/C:/Users/nitro/.m2/repository/com/github/almasb/fxgl/21.1/fxgl-21.1.jar!/fxglassets/textures/particles/trace_horizontal.png
03:03:30.924 [FXGL Background Thread 1 ] DEBUG GameApplicationServi - Application scenes initialized
03:03:30.933 [FXGL Background Thread 1 ] DEBUG SystemBundleService  - Loading FXGL system data
03:03:30.936 [FXGL Background Thread 1 ] DEBUG FileSystemAccess     - Reading from: C:\Users\nitro\Desktop\ProjectFun2\myproject\myproject\system\fxgl.bundle
03:03:30.941 [FXGL Background Thread 1 ] DEBUG SystemBundleService  - Bundle FXGL: {}
03:03:30.941 [FXGL Background Thread 1 ] DEBUG UpdaterService       - Checking for updates
03:03:30.961 [FXGL Background Thread 4 ] DEBUG FXGLApplication      - Loading fonts
03:03:30.961 [FXGL Background Thread 4 ] DEBUG FXGLAssetLoaderServi - Loading from file system: jar:file:/C:/Users/nitro/.m2/repository/com/github/almasb/fxgl/21.1/fxgl-21.1.jar!/fxglassets/ui/fonts/VarelaRound-Regular.ttf
03:03:30.961 [FXGL Background Thread 1 ] DEBUG FXGLApplication      - Loading default localization
03:03:30.962 [FXGL Background Thread 1 ] DEBUG FXGLAssetLoaderServi - Loading from file system: jar:file:/C:/Users/nitro/.m2/repository/com/github/almasb/fxgl/21.1/fxgl-21.1.jar!/fxglassets/languages/english.lang
03:03:30.987 [FXGL Background Thread 4 ] DEBUG FXGLAssetLoaderServi - Loading from file system: jar:file:/C:/Users/nitro/.m2/repository/com/github/almasb/fxgl/21.1/fxgl-21.1.jar!/fxglassets/ui/fonts/Abel-Regular.ttf
03:03:30.990 [FXGL Background Thread 4 ] DEBUG FXGLAssetLoaderServi - Loading from file system: jar:file:/C:/Users/nitro/.m2/repository/com/github/almasb/fxgl/21.1/fxgl-21.1.jar!/fxglassets/ui/fonts/TerminalLandMono-Regular.otf
03:03:30.992 [FXGL Background Thread 4 ] DEBUG FXGLAssetLoaderServi - Loading from file system: jar:file:/C:/Users/nitro/.m2/repository/com/github/almasb/fxgl/21.1/fxgl-21.1.jar!/fxglassets/ui/fonts/Courier-Prime.ttf
03:03:30.997 [FXGL Background Thread 1 ] INFO  FXGLApplication      - FXGL initialization took: 0.354 sec
03:03:31.011 [JavaFX Application Thread] DEBUG Input                - Registered new binding: Right - D
03:03:31.011 [JavaFX Application Thread] DEBUG Input                - Registered new binding: Left - A
03:03:31.012 [JavaFX Application Thread] DEBUG Input                - Registered new binding: Up - W
03:03:31.012 [JavaFX Application Thread] DEBUG Input                - Registered new binding: Down - S
03:03:31.012 [JavaFX Application Thread] DEBUG Input                - Registered new binding: Interact - E
03:03:31.013 [JavaFX Application Thread] DEBUG FXGLAssetLoaderServi - Loading from file system: jar:file:/C:/Users/nitro/.m2/repository/com/github/almasb/fxgl/21.1/fxgl-21.1.jar!/fxglassets/textures/fxgl_icon.png
03:03:31.027 [JavaFX Application Thread] DEBUG FXGLAssetLoaderServi - Loading from file system: jar:file:/C:/Users/nitro/.m2/repository/com/github/almasb/fxgl/21.1/fxgl-21.1.jar!/fxglassets/textures/fxgl_default_cursor.png
03:03:31.030 [JavaFX Application Thread] DEBUG Input                - Registered new binding: Screenshot - CTRL+8
03:03:31.031 [JavaFX Application Thread] DEBUG Input                - Registered new binding: Dev Options - 1
03:03:31.031 [JavaFX Application Thread] DEBUG Input                - Registered new binding: Dev Console - 2
03:03:31.032 [JavaFX Application Thread] DEBUG Input                - Registered new binding: System info dump - CTRL+9
03:03:31.032 [JavaFX Application Thread] DEBUG Input                - Registered new binding: Restart - CTRL+R
03:03:31.033 [JavaFX Application Thread] DEBUG Input                - Registered new binding: Toggle Debug Camera - CTRL+7
03:03:31.039 [JavaFX Application Thread] DEBUG LoopRunner           - Starting loop
03:03:31.066 [JavaFX Application Thread] DEBUG LoopRunner           - Initializing JavaFX AnimationTimerLoop
03:03:31.068 [JavaFX Application Thread] DEBUG GameApplicationServi - Starting new game
03:03:31.068 [JavaFX Application Thread] DEBUG Input                - Clearing active input actions
03:03:31.080 [JavaFX Application Thread] DEBUG GameApplicationServi - Removing overlay from FXGLStartupScene and adding to FXGLLoadingScene
03:03:31.084 [JavaFX Application Thread] DEBUG PrimaryStageWindow   - FXGLStartupScene -> FXGLLoadingScene
03:03:31.084 [JavaFX Application Thread] DEBUG GameApplicationServi - Clearing previous game
03:03:31.084 [JavaFX Application Thread] DEBUG GameScene            - Clearing game scene
03:03:31.084 [JavaFX Application Thread] DEBUG GameWorld            - Clearing game world
03:03:31.084 [JavaFX Application Thread] DEBUG PhysicsWorld         - Clearing physics world
03:03:31.085 [FXGL Background Thread 4 ] DEBUG FXGLApplication      - Initializing game
03:03:31.085 [JavaFX Application Thread] DEBUG FXGLApplication      - Registering font factories with UI factory
03:03:31.112 [FXGL Background Thread 4 ] WARN  TMXLevelLoader       - TiledMap generated from 1.11.0. Supported version: 1.9.0. Some features may not be parsed fully.
03:03:31.135 [FXGL Background Thread 4 ] DEBUG TMXLevelLoader       - Parsed TiledMap: file:/C:/Users/nitro/Desktop/ProjectFun2/myproject/myproject/target/classes/assets/levels/scene1.tmx
03:03:31.137 [FXGL Background Thread 4 ] DEBUG TMXLevelLoader       - Creating tile layer entities
03:03:31.140 [FXGL Background Thread 4 ] DEBUG TilesetLoader        - Loading view for layer lowefloor
03:03:31.141 [FXGL Background Thread 4 ] DEBUG TilesetLoader        - Created buffer with size 512.0x1024.0
03:03:31.186 [FXGL Background Thread 4 ] DEBUG TilesetLoader        - Loading view for layer cliff
03:03:31.188 [FXGL Background Thread 4 ] DEBUG TilesetLoader        - Created buffer with size 512.0x1024.0
03:03:31.189 [FXGL Background Thread 4 ] DEBUG TilesetLoader        - Loading view for layer cliff1
03:03:31.190 [FXGL Background Thread 4 ] DEBUG TilesetLoader        - Created buffer with size 512.0x1024.0
03:03:31.191 [FXGL Background Thread 4 ] DEBUG TilesetLoader        - Loading view for layer cliff2
03:03:31.191 [FXGL Background Thread 4 ] DEBUG TilesetLoader        - Created buffer with size 512.0x1024.0
03:03:31.192 [FXGL Background Thread 4 ] DEBUG TilesetLoader        - Loading view for layer Tile Layer 3
03:03:31.192 [FXGL Background Thread 4 ] DEBUG TilesetLoader        - Created buffer with size 512.0x1024.0
03:03:31.193 [FXGL Background Thread 4 ] DEBUG TilesetLoader        - Loading view for layer Tile Layer 6
03:03:31.193 [FXGL Background Thread 4 ] DEBUG TilesetLoader        - Created buffer with size 512.0x1024.0
03:03:31.252 [FXGL Background Thread 4 ] DEBUG TilesetLoader        - Loading view for layer prop
03:03:31.252 [FXGL Background Thread 4 ] DEBUG TilesetLoader        - Created buffer with size 512.0x1024.0
03:03:31.252 [FXGL Background Thread 4 ] DEBUG TMXLevelLoader       - Creating object layer entities
03:03:31.299 [FXGL Background Thread 4 ] DEBUG FXGLAssetLoaderServi - Loading from file system: file:/C:/Users/nitro/Desktop/ProjectFun2/myproject/myproject/target/classes/assets/textures/Actor1.png
03:03:31.334 [FXGL Background Thread 4 ] DEBUG FXGLAssetLoaderServi - Loading from file system: file:/C:/Users/nitro/Desktop/ProjectFun2/myproject/myproject/target/classes/assets/textures/Rex.png
03:03:31.340 [FXGL Background Thread 4 ] DEBUG GameWorld            - Clearing removable entities
03:03:31.341 [FXGL Background Thread 4 ] DEBUG GameWorld            - Setting level: com.almasb.fxgl.entity.level.Level@6fd22df6
03:03:31.355 [FXGL Background Thread 4 ] INFO  FXGLApplication      - Game initialization took: 0.270 sec
03:03:31.440 [JavaFX Application Thread] DEBUG Input                - Clearing active input actions
03:03:31.447 [JavaFX Application Thread] DEBUG GameApplicationServi - Removing overlay from FXGLLoadingScene and adding to GameScene
03:03:31.450 [JavaFX Application Thread] DEBUG PrimaryStageWindow   - FXGLLoadingScene -> GameScene
03:03:32.751 [JavaFX Application Thread] DEBUG FXGLAssetLoaderServi - Loading from file system: file:/C:/Users/nitro/Desktop/ProjectFun2/myproject/myproject/target/classes/assets/text/filetext.txt
03:03:32.761 [JavaFX Application Thread] DEBUG Input                - Registered new binding: Next RPG Line - Enter
03:03:32.762 [JavaFX Application Thread] DEBUG PrimaryStageWindow   - Push state: CutsceneScene
03:03:32.762 [JavaFX Application Thread] DEBUG Input                - Clearing active input actions
03:03:32.763 [JavaFX Application Thread] DEBUG GameApplicationServi - Removing overlay from GameScene and adding to CutsceneScene
03:03:32.766 [JavaFX Application Thread] DEBUG PrimaryStageWindow   - GameScene -> CutsceneScene
03:03:32.772 [JavaFX Application Thread] WARN  TMXLevelLoader       - TiledMap generated from 1.11.0. Supported version: 1.9.0. Some features may not be parsed fully.
03:03:32.785 [JavaFX Application Thread] DEBUG TMXLevelLoader       - Parsed TiledMap: file:/C:/Users/nitro/Desktop/ProjectFun2/myproject/myproject/target/classes/assets/levels/battle1.tmx
03:03:32.786 [JavaFX Application Thread] DEBUG TMXLevelLoader       - Creating tile layer entities
03:03:32.786 [JavaFX Application Thread] DEBUG TilesetLoader        - Loading view for layer Tile Layer 1
03:03:32.788 [JavaFX Application Thread] DEBUG TilesetLoader        - Created buffer with size 2048.0x1024.0
03:03:32.791 [JavaFX Application Thread] WARN  TilesetLoader        - Battleground4.png cannot be loaded using mapURL=file:/C:/Users/nitro/Desktop/ProjectFun2/myproject/myproject/target/classes/assets/levels/battle1.tmx
java.io.FileNotFoundException: C:\Users\nitro\Desktop\ProjectFun2\myproject\myproject\target\classes\assets\levels\Battleground4.png (The system cannot find the file specified)
	at java.base/java.io.FileInputStream.open0(Native Method)
	at java.base/java.io.FileInputStream.open(FileInputStream.java:213)
	at java.base/java.io.FileInputStream.<init>(FileInputStream.java:152)
	at java.base/java.io.FileInputStream.<init>(FileInputStream.java:106)
	at java.base/sun.net.www.protocol.file.FileURLConnection.connect(FileURLConnection.java:84)
	at java.base/sun.net.www.protocol.file.FileURLConnection.getInputStream(FileURLConnection.java:180)
	at java.base/java.net.URL.openStream(URL.java:1325)
	at com.almasb.fxgl.entity.level.tiled.TilesetLoader.loadImage(TilesetLoader.kt:429)
	at com.almasb.fxgl.entity.level.tiled.TilesetLoader.loadView(TilesetLoader.kt:134)
	at com.almasb.fxgl.entity.level.tiled.TMXLevelLoader$createTileLayerEntities$1.invoke(TMXLevelLoader.kt:99)
	at com.almasb.fxgl.entity.level.tiled.TMXLevelLoader$createTileLayerEntities$1.invoke(TMXLevelLoader.kt:88)
	at com.almasb.fxgl.entity.level.tiled.TMXLevelLoader.createTileLayerEntities$lambda$3(TMXLevelLoader.kt:88)
	at java.base/java.util.stream.ReferencePipeline$3$1.accept(ReferencePipeline.java:197)
	at java.base/java.util.ArrayList$ArrayListSpliterator.forEachRemaining(ArrayList.java:1708)
	at java.base/java.util.stream.AbstractPipeline.copyInto(AbstractPipeline.java:509)
	at java.base/java.util.stream.AbstractPipeline.wrapAndCopyInto(AbstractPipeline.java:499)
	at java.base/java.util.stream.ReduceOps$ReduceOp.evaluateSequential(ReduceOps.java:921)
	at java.base/java.util.stream.AbstractPipeline.evaluate(AbstractPipeline.java:234)
	at java.base/java.util.stream.ReferencePipeline.collect(ReferencePipeline.java:682)
	at com.almasb.fxgl.entity.level.tiled.TMXLevelLoader.createTileLayerEntities(TMXLevelLoader.kt:116)
	at com.almasb.fxgl.entity.level.tiled.TMXLevelLoader.load(TMXLevelLoader.kt:58)
	at com.almasb.fxgl.app.services.FXGLAssetLoaderService.loadLevel(FXGLAssetLoaderService.kt:449)
	at com.GameEvent.SystemEvent.combat(SystemEvent.java:32)
	at com.Component.InteractComponent.interact(InteractComponent.java:35)
	at com.project.App$5.onAction(App.java:164)
	at com.almasb.fxgl.input.UserAction.action$fxgl_core(UserAction.kt:38)
	at com.almasb.fxgl.input.Input.update(Input.kt:278)
	at com.almasb.fxgl.scene.Scene.update(Scene.kt:103)
	at com.almasb.fxgl.app.MainWindow$update$1.invoke(MainWindow.kt:121)
	at com.almasb.fxgl.app.MainWindow$update$1.invoke(MainWindow.kt:121)
	at com.almasb.fxgl.core.fsm.StateMachine.runOnActiveStates(StateMachine.kt:69)
	at com.almasb.fxgl.app.MainWindow.update(MainWindow.kt:121)
	at com.almasb.fxgl.app.FXGLApplication$GameApplicationService.onUpdate(FXGLApplication.kt:445)
	at com.almasb.fxgl.app.Engine.loop(Engine.kt:134)
	at com.almasb.fxgl.app.Engine.access$loop(Engine.kt:24)
	at com.almasb.fxgl.app.Engine$loop$1.invoke(Engine.kt:28)
	at com.almasb.fxgl.app.Engine$loop$1.invoke(Engine.kt:28)
	at com.almasb.fxgl.app.LoopRunner.frame(LoopRunner.kt:103)
	at com.almasb.fxgl.app.LoopRunner.access$frame(LoopRunner.kt:23)
	at com.almasb.fxgl.app.LoopRunner$impl$2$1.onTick(LoopRunner.kt:57)
	at com.almasb.fxgl.app.AnimationTimerLoop$timer$1.handle(LoopRunner.kt:137)
	at javafx.animation.AnimationTimer$AnimationTimerReceiver.lambda$handle$0(AnimationTimer.java:58)
	at java.base/java.security.AccessController.doPrivileged(AccessController.java:400)
	at javafx.animation.AnimationTimer$AnimationTimerReceiver.handle(AnimationTimer.java:57)
	at com.sun.scenario.animation.AbstractPrimaryTimer.timePulseImpl(AbstractPrimaryTimer.java:356)
	at com.sun.scenario.animation.AbstractPrimaryTimer$MainLoop.run(AbstractPrimaryTimer.java:266)
	at com.sun.javafx.tk.quantum.QuantumToolkit.pulse(QuantumToolkit.java:588)
	at com.sun.javafx.tk.quantum.QuantumToolkit.pulse(QuantumToolkit.java:572)
	at com.sun.javafx.tk.quantum.QuantumToolkit.pulseFromQueue(QuantumToolkit.java:565)
	at com.sun.javafx.tk.quantum.QuantumToolkit.lambda$runToolkit$11(QuantumToolkit.java:352)
	at com.sun.glass.ui.InvokeLaterDispatcher$Future.run(InvokeLaterDispatcher.java:95)
	at com.sun.glass.ui.win.WinApplication._runLoop(Native Method)
	at com.sun.glass.ui.win.WinApplication.lambda$runLoop$3(WinApplication.java:185)
	at java.base/java.lang.Thread.run(Thread.java:1583)

03:03:32.870 [JavaFX Application Thread] DEBUG TMXLevelLoader       - Creating object layer entities
03:03:32.871 [JavaFX Application Thread] WARN  TMXLevelLoader       - Parse error
java.lang.IllegalArgumentException: No EntityFactory has a method annotated @Spawns()
	at com.almasb.fxgl.entity.GameWorld.create(GameWorld.kt:413)
	at com.almasb.fxgl.entity.level.tiled.TMXLevelLoader.createObjectLayerEntities(TMXLevelLoader.kt:154)
	at com.almasb.fxgl.entity.level.tiled.TMXLevelLoader.load(TMXLevelLoader.kt:60)
	at com.almasb.fxgl.app.services.FXGLAssetLoaderService.loadLevel(FXGLAssetLoaderService.kt:449)
	at com.GameEvent.SystemEvent.combat(SystemEvent.java:32)
	at com.Component.InteractComponent.interact(InteractComponent.java:35)
	at com.project.App$5.onAction(App.java:164)
	at com.almasb.fxgl.input.UserAction.action$fxgl_core(UserAction.kt:38)
	at com.almasb.fxgl.input.Input.update(Input.kt:278)
	at com.almasb.fxgl.scene.Scene.update(Scene.kt:103)
	at com.almasb.fxgl.app.MainWindow$update$1.invoke(MainWindow.kt:121)
	at com.almasb.fxgl.app.MainWindow$update$1.invoke(MainWindow.kt:121)
	at com.almasb.fxgl.core.fsm.StateMachine.runOnActiveStates(StateMachine.kt:69)
	at com.almasb.fxgl.app.MainWindow.update(MainWindow.kt:121)
	at com.almasb.fxgl.app.FXGLApplication$GameApplicationService.onUpdate(FXGLApplication.kt:445)
	at com.almasb.fxgl.app.Engine.loop(Engine.kt:134)
	at com.almasb.fxgl.app.Engine.access$loop(Engine.kt:24)
	at com.almasb.fxgl.app.Engine$loop$1.invoke(Engine.kt:28)
	at com.almasb.fxgl.app.Engine$loop$1.invoke(Engine.kt:28)
	at com.almasb.fxgl.app.LoopRunner.frame(LoopRunner.kt:103)
	at com.almasb.fxgl.app.LoopRunner.access$frame(LoopRunner.kt:23)
	at com.almasb.fxgl.app.LoopRunner$impl$2$1.onTick(LoopRunner.kt:57)
	at com.almasb.fxgl.app.AnimationTimerLoop$timer$1.handle(LoopRunner.kt:137)
	at javafx.animation.AnimationTimer$AnimationTimerReceiver.lambda$handle$0(AnimationTimer.java:58)
	at java.base/java.security.AccessController.doPrivileged(AccessController.java:400)
	at javafx.animation.AnimationTimer$AnimationTimerReceiver.handle(AnimationTimer.java:57)
	at com.sun.scenario.animation.AbstractPrimaryTimer.timePulseImpl(AbstractPrimaryTimer.java:356)
	at com.sun.scenario.animation.AbstractPrimaryTimer$MainLoop.run(AbstractPrimaryTimer.java:266)
	at com.sun.javafx.tk.quantum.QuantumToolkit.pulse(QuantumToolkit.java:588)
	at com.sun.javafx.tk.quantum.QuantumToolkit.pulse(QuantumToolkit.java:572)
	at com.sun.javafx.tk.quantum.QuantumToolkit.pulseFromQueue(QuantumToolkit.java:565)
	at com.sun.javafx.tk.quantum.QuantumToolkit.lambda$runToolkit$11(QuantumToolkit.java:352)
	at com.sun.glass.ui.InvokeLaterDispatcher$Future.run(InvokeLaterDispatcher.java:95)
	at com.sun.glass.ui.win.WinApplication._runLoop(Native Method)
	at com.sun.glass.ui.win.WinApplication.lambda$runLoop$3(WinApplication.java:185)
	at java.base/java.lang.Thread.run(Thread.java:1583)

03:03:32.873 [JavaFX Application Thread] DEBUG LoopRunner           - Stopping loop
03:03:32.874 [JavaFX Application Thread] FATAL FXGLApplication      - Uncaught Exception:
com.almasb.fxgl.entity.level.LevelLoadingException: No EntityFactory has a method annotated @Spawns()
	at com.almasb.fxgl.entity.level.tiled.TMXLevelLoader.load(TMXLevelLoader.kt:77)
	at com.almasb.fxgl.app.services.FXGLAssetLoaderService.loadLevel(FXGLAssetLoaderService.kt:449)
	at com.GameEvent.SystemEvent.combat(SystemEvent.java:32)
	at com.Component.InteractComponent.interact(InteractComponent.java:35)
	at com.project.App$5.onAction(App.java:164)
	at com.almasb.fxgl.input.UserAction.action$fxgl_core(UserAction.kt:38)
	at com.almasb.fxgl.input.Input.update(Input.kt:278)
	at com.almasb.fxgl.scene.Scene.update(Scene.kt:103)
	at com.almasb.fxgl.app.MainWindow$update$1.invoke(MainWindow.kt:121)
	at com.almasb.fxgl.app.MainWindow$update$1.invoke(MainWindow.kt:121)
	at com.almasb.fxgl.core.fsm.StateMachine.runOnActiveStates(StateMachine.kt:69)
	at com.almasb.fxgl.app.MainWindow.update(MainWindow.kt:121)
	at com.almasb.fxgl.app.FXGLApplication$GameApplicationService.onUpdate(FXGLApplication.kt:445)
	at com.almasb.fxgl.app.Engine.loop(Engine.kt:134)
	at com.almasb.fxgl.app.Engine.access$loop(Engine.kt:24)
	at com.almasb.fxgl.app.Engine$loop$1.invoke(Engine.kt:28)
	at com.almasb.fxgl.app.Engine$loop$1.invoke(Engine.kt:28)
	at com.almasb.fxgl.app.LoopRunner.frame(LoopRunner.kt:103)
	at com.almasb.fxgl.app.LoopRunner.access$frame(LoopRunner.kt:23)
	at com.almasb.fxgl.app.LoopRunner$impl$2$1.onTick(LoopRunner.kt:57)
	at com.almasb.fxgl.app.AnimationTimerLoop$timer$1.handle(LoopRunner.kt:137)
	at javafx.animation.AnimationTimer$AnimationTimerReceiver.lambda$handle$0(AnimationTimer.java:58)
	at java.base/java.security.AccessController.doPrivileged(AccessController.java:400)
	at javafx.animation.AnimationTimer$AnimationTimerReceiver.handle(AnimationTimer.java:57)
	at com.sun.scenario.animation.AbstractPrimaryTimer.timePulseImpl(AbstractPrimaryTimer.java:356)
	at com.sun.scenario.animation.AbstractPrimaryTimer$MainLoop.run(AbstractPrimaryTimer.java:266)
	at com.sun.javafx.tk.quantum.QuantumToolkit.pulse(QuantumToolkit.java:588)
	at com.sun.javafx.tk.quantum.QuantumToolkit.pulse(QuantumToolkit.java:572)
	at com.sun.javafx.tk.quantum.QuantumToolkit.pulseFromQueue(QuantumToolkit.java:565)
	at com.sun.javafx.tk.quantum.QuantumToolkit.lambda$runToolkit$11(QuantumToolkit.java:352)
	at com.sun.glass.ui.InvokeLaterDispatcher$Future.run(InvokeLaterDispatcher.java:95)
	at com.sun.glass.ui.win.WinApplication._runLoop(Native Method)
	at com.sun.glass.ui.win.WinApplication.lambda$runLoop$3(WinApplication.java:185)
	at java.base/java.lang.Thread.run(Thread.java:1583)
Caused by: java.lang.IllegalArgumentException: No EntityFactory has a method annotated @Spawns()
	at com.almasb.fxgl.entity.GameWorld.create(GameWorld.kt:413)
	at com.almasb.fxgl.entity.level.tiled.TMXLevelLoader.createObjectLayerEntities(TMXLevelLoader.kt:154)
	at com.almasb.fxgl.entity.level.tiled.TMXLevelLoader.load(TMXLevelLoader.kt:60)
	... 33 more

03:03:32.875 [JavaFX Application Thread] FATAL FXGLApplication      - Application will now exit
03:03:32.888 [JavaFX Application Thread] DEBUG PrimaryStageWindow   - Push state: ErrorSubScene
03:03:32.888 [JavaFX Application Thread] DEBUG Input                - Clearing active input actions
03:03:32.889 [JavaFX Application Thread] DEBUG GameApplicationServi - Removing overlay from CutsceneScene and adding to ErrorSubScene
03:03:32.889 [JavaFX Application Thread] DEBUG PrimaryStageWindow   - CutsceneScene -> ErrorSubScene
03:03:33.960 [FXGL Background Thread 3 ] DEBUG Engine               - Logging environment variables
03:03:33.961 [FXGL Background Thread 3 ] DEBUG Engine               - achievements: []
03:03:33.961 [FXGL Background Thread 3 ] DEBUG Engine               - actualHeight: 864.0
03:03:33.961 [FXGL Background Thread 3 ] DEBUG Engine               - actualHeightProperty: ReadOnlyDoubleProperty [value: 864.0]
03:03:33.961 [FXGL Background Thread 3 ] DEBUG Engine               - actualWidth: 1536.0
03:03:33.961 [FXGL Background Thread 3 ] DEBUG Engine               - actualWidthProperty: ReadOnlyDoubleProperty [value: 1536.0]
03:03:33.961 [FXGL Background Thread 3 ] DEBUG Engine               - appIcon: fxgl_icon.png
03:03:33.961 [FXGL Background Thread 3 ] DEBUG Engine               - applicationMode: DEVELOPER
03:03:33.961 [FXGL Background Thread 3 ] DEBUG Engine               - cSSList: [fxgl_dark.css]
03:03:33.961 [FXGL Background Thread 3 ] DEBUG Engine               - collisionDetectionStrategy: BRUTE_FORCE
03:03:33.962 [FXGL Background Thread 3 ] DEBUG Engine               - configClass: Optional.empty
03:03:33.962 [FXGL Background Thread 3 ] DEBUG Engine               - credits: []
03:03:33.962 [FXGL Background Thread 3 ] DEBUG Engine               - defaultCursor: CursorInfo(imageName=fxgl_default_cursor.png, hotspotX=7.0, hotspotY=6.0)
03:03:33.962 [FXGL Background Thread 3 ] DEBUG Engine               - devBBoxColorProperty: ObjectProperty [value: 0xff0000ff]
03:03:33.962 [FXGL Background Thread 3 ] DEBUG Engine               - devEnableDebugCameraProperty: BooleanProperty [value: false]
03:03:33.962 [FXGL Background Thread 3 ] DEBUG Engine               - devSensorColorProperty: ObjectProperty [value: 0xffff00ff]
03:03:33.962 [FXGL Background Thread 3 ] DEBUG Engine               - devShowBBoxProperty: BooleanProperty [value: false]
03:03:33.962 [FXGL Background Thread 3 ] DEBUG Engine               - devShowPositionProperty: BooleanProperty [value: false]
03:03:33.962 [FXGL Background Thread 3 ] DEBUG Engine               - enabledMenuItems: []
03:03:33.962 [FXGL Background Thread 3 ] DEBUG Engine               - engineServices: [class com.almasb.fxgl.app.services.FXGLAssetLoaderService, class com.almasb.fxgl.app.FXGLApplication$GameApplicationService, class com.almasb.fxgl.app.services.FXGLDialogService, class com.almasb.fxgl.app.services.IOTaskExecutorService, class com.almasb.fxgl.io.FileSystemService, class com.almasb.fxgl.localization.LocalizationService, class com.almasb.fxgl.app.services.SystemBundleService, class com.almasb.fxgl.profile.SaveLoadService, class com.almasb.fxgl.ui.FXGLUIFactoryServiceProvider, class com.almasb.fxgl.ui.FXGLDialogFactoryServiceProvider, class com.almasb.fxgl.audio.AudioPlayer, class com.almasb.fxgl.notification.impl.NotificationServiceProvider, class com.almasb.fxgl.achievement.AchievementService, class com.almasb.fxgl.cutscene.CutsceneService, class com.almasb.fxgl.minigames.MiniGameService, class com.almasb.fxgl.net.NetService, class com.almasb.fxgl.app.services.UpdaterService, class com.almasb.fxgl.dev.DevService]
03:03:33.962 [FXGL Background Thread 3 ] DEBUG Engine               - fontGame: Abel-Regular.ttf
03:03:33.962 [FXGL Background Thread 3 ] DEBUG Engine               - fontMono: TerminalLandMono-Regular.otf
03:03:33.962 [FXGL Background Thread 3 ] DEBUG Engine               - fontSizeScaleUI: 1.0
03:03:33.962 [FXGL Background Thread 3 ] DEBUG Engine               - fontText: Courier-Prime.ttf
03:03:33.962 [FXGL Background Thread 3 ] DEBUG Engine               - fontUI: VarelaRound-Regular.ttf
03:03:33.962 [FXGL Background Thread 3 ] DEBUG Engine               - fullScreen: BooleanProperty [value: true]
03:03:33.962 [FXGL Background Thread 3 ] DEBUG Engine               - gameDifficulty: MEDIUM
03:03:33.962 [FXGL Background Thread 3 ] DEBUG Engine               - gameDifficultyProperty: ObjectProperty [value: MEDIUM]
03:03:33.962 [FXGL Background Thread 3 ] DEBUG Engine               - globalMusicVolume: 0.5
03:03:33.962 [FXGL Background Thread 3 ] DEBUG Engine               - globalMusicVolumeProperty: DoubleProperty [value: 0.5]
03:03:33.962 [FXGL Background Thread 3 ] DEBUG Engine               - globalSoundVolume: 0.5
03:03:33.962 [FXGL Background Thread 3 ] DEBUG Engine               - globalSoundVolumeProperty: DoubleProperty [value: 0.5]
03:03:33.962 [FXGL Background Thread 3 ] DEBUG Engine               - height: 720
03:03:33.962 [FXGL Background Thread 3 ] DEBUG Engine               - is3D: false
03:03:33.962 [FXGL Background Thread 3 ] DEBUG Engine               - isAndroid: false
03:03:33.962 [FXGL Background Thread 3 ] DEBUG Engine               - isBrowser: false
03:03:33.962 [FXGL Background Thread 3 ] DEBUG Engine               - isClickFeedbackEnabled: false
03:03:33.963 [FXGL Background Thread 3 ] DEBUG Engine               - isCloseConfirmation: false
03:03:33.963 [FXGL Background Thread 3 ] DEBUG Engine               - isDesktop: true
03:03:33.963 [FXGL Background Thread 3 ] DEBUG Engine               - isDeveloperMenuEnabled: true
03:03:33.963 [FXGL Background Thread 3 ] DEBUG Engine               - isEmbedded: false
03:03:33.963 [FXGL Background Thread 3 ] DEBUG Engine               - isEntityPreloadEnabled: true
03:03:33.963 [FXGL Background Thread 3 ] DEBUG Engine               - isExperimentalTiledLargeMap: false
03:03:33.963 [FXGL Background Thread 3 ] DEBUG Engine               - isFileSystemWriteAllowed: true
03:03:33.963 [FXGL Background Thread 3 ] DEBUG Engine               - isFullScreenAllowed: true
03:03:33.963 [FXGL Background Thread 3 ] DEBUG Engine               - isFullScreenFromStart: true
03:03:33.963 [FXGL Background Thread 3 ] DEBUG Engine               - isGameMenuEnabled: true
03:03:33.963 [FXGL Background Thread 3 ] DEBUG Engine               - isIOS: false
03:03:33.963 [FXGL Background Thread 3 ] DEBUG Engine               - isIntroEnabled: false
03:03:33.964 [FXGL Background Thread 3 ] DEBUG Engine               - isLinux: false
03:03:33.964 [FXGL Background Thread 3 ] DEBUG Engine               - isMac: false
03:03:33.964 [FXGL Background Thread 3 ] DEBUG Engine               - isMainMenuEnabled: false
03:03:33.964 [FXGL Background Thread 3 ] DEBUG Engine               - isManualResizeEnabled: false
03:03:33.964 [FXGL Background Thread 3 ] DEBUG Engine               - isMobile: false
03:03:33.964 [FXGL Background Thread 3 ] DEBUG Engine               - isNative: false
03:03:33.964 [FXGL Background Thread 3 ] DEBUG Engine               - isPauseMusicWhenMinimized: true
03:03:33.964 [FXGL Background Thread 3 ] DEBUG Engine               - isPreserveResizeRatio: false
03:03:33.964 [FXGL Background Thread 3 ] DEBUG Engine               - isProfilingEnabled: false
03:03:33.964 [FXGL Background Thread 3 ] DEBUG Engine               - isScaleAffectedOnResize: true
03:03:33.964 [FXGL Background Thread 3 ] DEBUG Engine               - isSingleStep: false
03:03:33.964 [FXGL Background Thread 3 ] DEBUG Engine               - isUserProfileEnabled: false
03:03:33.964 [FXGL Background Thread 3 ] DEBUG Engine               - isWindows: true
03:03:33.964 [FXGL Background Thread 3 ] DEBUG Engine               - language: ObjectProperty [value: ENGLISH]
03:03:33.964 [FXGL Background Thread 3 ] DEBUG Engine               - menuKey: ESCAPE
03:03:33.964 [FXGL Background Thread 3 ] DEBUG Engine               - mouseSensitivity: 0.2
03:03:33.964 [FXGL Background Thread 3 ] DEBUG Engine               - notificationViewClass: class com.almasb.fxgl.notification.view.XboxNotificationView
03:03:33.964 [FXGL Background Thread 3 ] DEBUG Engine               - pixelsPerMeter: 50.0
03:03:33.964 [FXGL Background Thread 3 ] DEBUG Engine               - platform: WINDOWS
03:03:33.964 [FXGL Background Thread 3 ] DEBUG Engine               - prefHeightProperty: ReadOnlyDoubleProperty [value: 720.0]
03:03:33.964 [FXGL Background Thread 3 ] DEBUG Engine               - prefWidthProperty: ReadOnlyDoubleProperty [value: 1280.0]
03:03:33.964 [FXGL Background Thread 3 ] DEBUG Engine               - profileDir: profiles/
03:03:33.964 [FXGL Background Thread 3 ] DEBUG Engine               - profileName: StringProperty [value: DEFAULT]
03:03:33.964 [FXGL Background Thread 3 ] DEBUG Engine               - randomSeed: -1
03:03:33.964 [FXGL Background Thread 3 ] DEBUG Engine               - runtimeInfo: RuntimeInfo(platform=WINDOWS, version=21.1, build=27.03.2024 07.52)
03:03:33.964 [FXGL Background Thread 3 ] DEBUG Engine               - saveFileExt: sav
03:03:33.964 [FXGL Background Thread 3 ] DEBUG Engine               - scaledHeightProp$fxgl: DoubleProperty [bound, value: 864.0]
03:03:33.964 [FXGL Background Thread 3 ] DEBUG Engine               - scaledWidthProp$fxgl: DoubleProperty [bound, value: 1536.0]
03:03:33.964 [FXGL Background Thread 3 ] DEBUG Engine               - sceneFactory: com.almasb.fxgl.app.scene.SceneFactory@f16955b
03:03:33.964 [FXGL Background Thread 3 ] DEBUG Engine               - secondsIn24h: 60
03:03:33.965 [FXGL Background Thread 3 ] DEBUG Engine               - soundMenuBack: menu/back.wav
03:03:33.965 [FXGL Background Thread 3 ] DEBUG Engine               - soundMenuPress: menu/press.wav
03:03:33.965 [FXGL Background Thread 3 ] DEBUG Engine               - soundMenuSelect: menu/select.wav
03:03:33.965 [FXGL Background Thread 3 ] DEBUG Engine               - soundNotification: core/notification.wav
03:03:33.965 [FXGL Background Thread 3 ] DEBUG Engine               - stageStyle: DECORATED
03:03:33.965 [FXGL Background Thread 3 ] DEBUG Engine               - supportedLanguages: [ENGLISH, FRENCH, GERMAN, HUNGARIAN, RUSSIAN]
03:03:33.965 [FXGL Background Thread 3 ] DEBUG Engine               - ticksPerSecond: -1
03:03:33.965 [FXGL Background Thread 3 ] DEBUG Engine               - title: Final Journey
03:03:33.965 [FXGL Background Thread 3 ] DEBUG Engine               - urlGithub: https://github.com/AlmasB/FXGL
03:03:33.965 [FXGL Background Thread 3 ] DEBUG Engine               - urlLeaderboard: http://fxgl-top.herokuapp.com/
03:03:33.965 [FXGL Background Thread 3 ] DEBUG Engine               - urlPOM: https://raw.githubusercontent.com/AlmasB/FXGL/release/README.md
03:03:33.965 [FXGL Background Thread 3 ] DEBUG Engine               - userAppClass: class com.project.App
03:03:33.966 [FXGL Background Thread 3 ] DEBUG Engine               - version: Alpha
03:03:33.966 [FXGL Background Thread 3 ] DEBUG Engine               - versionCheckDays: 7
03:03:33.966 [FXGL Background Thread 3 ] DEBUG Engine               - width: 1280
03:03:33.966 [FXGL Background Thread 3 ] DEBUG Engine               - Logging services
03:03:33.966 [FXGL Background Thread 3 ] DEBUG Engine               - class com.almasb.fxgl.app.services.FXGLAssetLoaderService
03:03:33.966 [FXGL Background Thread 3 ] DEBUG Engine               - class com.almasb.fxgl.app.FXGLApplication$GameApplicationService
03:03:33.966 [FXGL Background Thread 3 ] DEBUG Engine               - class com.almasb.fxgl.app.services.FXGLDialogService
03:03:33.966 [FXGL Background Thread 3 ] DEBUG Engine               - class com.almasb.fxgl.app.services.IOTaskExecutorService
03:03:33.966 [FXGL Background Thread 3 ] DEBUG Engine               - class com.almasb.fxgl.io.FileSystemService
03:03:33.966 [FXGL Background Thread 3 ] DEBUG Engine               - class com.almasb.fxgl.localization.LocalizationService
03:03:33.966 [FXGL Background Thread 3 ] DEBUG Engine               - class com.almasb.fxgl.app.services.SystemBundleService
03:03:33.966 [FXGL Background Thread 3 ] DEBUG Engine               - class com.almasb.fxgl.profile.SaveLoadService
03:03:33.966 [FXGL Background Thread 3 ] DEBUG Engine               - class com.almasb.fxgl.ui.FXGLUIFactoryServiceProvider
03:03:33.966 [FXGL Background Thread 3 ] DEBUG Engine               - class com.almasb.fxgl.ui.FXGLDialogFactoryServiceProvider
03:03:33.966 [FXGL Background Thread 3 ] DEBUG Engine               - class com.almasb.fxgl.audio.AudioPlayer
03:03:33.966 [FXGL Background Thread 3 ] DEBUG Engine               - class com.almasb.fxgl.notification.impl.NotificationServiceProvider
03:03:33.966 [FXGL Background Thread 3 ] DEBUG Engine               - class com.almasb.fxgl.achievement.AchievementService
03:03:33.966 [FXGL Background Thread 3 ] DEBUG Engine               - class com.almasb.fxgl.cutscene.CutsceneService
03:03:33.966 [FXGL Background Thread 3 ] DEBUG Engine               - class com.almasb.fxgl.minigames.MiniGameService
03:03:33.966 [FXGL Background Thread 3 ] DEBUG Engine               - class com.almasb.fxgl.net.NetService
03:03:33.966 [FXGL Background Thread 3 ] DEBUG Engine               - class com.almasb.fxgl.app.services.UpdaterService
03:03:33.966 [FXGL Background Thread 3 ] DEBUG Engine               - class com.almasb.fxgl.dev.DevService
03:03:53.583 [JavaFX Application Thread] DEBUG FXGLApplication      - Exiting FXGL
03:03:53.583 [JavaFX Application Thread] DEBUG Async                - Shutting down background threads
03:03:53.583 [JavaFX Application Thread] DEBUG PrimaryStageWindow   - Closing main window
03:03:53.603 [JavaFX Application Thread] DEBUG Logger               - Closing Logger
