23:42:08.772 [main                     ] DEBUG Logger               - Configured Logger
23:42:08.788 [main                     ] DEBUG GameApplication      - Logging settings
Title: Final Journey
Version: Alpha
Width: 1280
Height: 720
Fullscreen: true
Intro: false
Profiling: false
Single step:false
App Mode: DEVELOPER
Menu Key: ESCAPE
Stage Style: DECORATED
Scene Factory: class com.almasb.fxgl.app.scene.SceneFactory

23:42:09.217 [JavaFX Application Thread] DEBUG FXGLApplication      - Initializing FXGL
23:42:09.222 [JavaFX Application Thread] INFO  Engine               - FXGL-21.1 (27.03.2024 07.52) on WINDOWS (J:21.0.5 FX:21.0.1)
23:42:09.222 [JavaFX Application Thread] DEBUG Engine               - JRE Vendor Name: Eclipse Adoptium
23:42:09.222 [JavaFX Application Thread] DEBUG Engine               - Running on OS: Windows 11 version 10.0
23:42:09.222 [JavaFX Application Thread] DEBUG Engine               - Architecture: amd64
23:42:09.222 [JavaFX Application Thread] INFO  Engine               - Source code and latest versions at: https://github.com/AlmasB/FXGL
23:42:09.223 [JavaFX Application Thread] INFO  Engine               -       Ask questions and discuss at: https://github.com/AlmasB/FXGL/discussions
23:42:09.223 [JavaFX Application Thread] INFO  Engine               -              Join the FXGL chat at: https://gitter.im/AlmasB/FXGL
23:42:09.316 [JavaFX Application Thread] DEBUG PrimaryStageWindow   - Creating a JavaFX scene
23:42:09.368 [JavaFX Application Thread] DEBUG PrimaryStageWindow   - Target settings size: 1280.0 x 720.0
23:42:09.369 [JavaFX Application Thread] DEBUG PrimaryStageWindow   - Scaled scene size:    1280.0 x 720.0
23:42:09.369 [JavaFX Application Thread] DEBUG PrimaryStageWindow   - Scaled ratio: (1.0, 1.0)
23:42:09.371 [JavaFX Application Thread] DEBUG PrimaryStageWindow   - Set initial scene to FXGLStartupScene
23:42:09.376 [JavaFX Application Thread] DEBUG PrimaryStageWindow   - Opening main window
23:42:09.469 [JavaFX Application Thread] DEBUG PrimaryStageWindow   - Window border size: (14.4000244140625, 37.5999755859375)
23:42:09.469 [JavaFX Application Thread] DEBUG PrimaryStageWindow   - Scaled size: 1280.0 x 720.0
23:42:09.469 [JavaFX Application Thread] DEBUG PrimaryStageWindow   - Scaled ratio: (1.0, 1.0)
23:42:09.470 [JavaFX Application Thread] DEBUG PrimaryStageWindow   - Scene size: 1280.0 x 720.0
23:42:09.470 [JavaFX Application Thread] DEBUG PrimaryStageWindow   - Stage size: 1294.4000244140625 x 757.5999755859375
23:42:09.538 [JavaFX Application Thread] DEBUG PrimaryStageWindow   - Going fullscreen
23:42:09.546 [FXGL Background Thread 1 ] DEBUG Engine               - Initializing environment variables
23:42:09.597 [FXGL Background Thread 1 ] DEBUG FXGLAssetLoaderServi - User app class for loading assets: class com.project.App
23:42:09.598 [FXGL Background Thread 1 ] DEBUG GameApplicationServi - Applying CSS: fxgl_dark.css
23:42:09.598 [FXGL Background Thread 1 ] DEBUG FXGLAssetLoaderServi - Loading from file system: jar:file:/C:/Users/Lenovo/.m2/repository/com/github/almasb/fxgl/21.1/fxgl-21.1.jar!/fxglassets/ui/css/fxgl_dark.css
23:42:09.633 [FXGL Background Thread 1 ] DEBUG GameApplicationServi - Initializing application scenes
23:42:09.678 [FXGL Background Thread 1 ] DEBUG GameWorld            - Game world initialized
23:42:09.731 [FXGL Background Thread 1 ] DEBUG PhysicsWorld         - Physics world initialized: appHeight=720, physics.ppm=50.0
23:42:09.731 [FXGL Background Thread 1 ] DEBUG PhysicsWorld         - Using strategy: BRUTE_FORCE
23:42:09.735 [FXGL Background Thread 1 ] DEBUG GameScene            - Game scene initialized: 1280x720
23:42:09.747 [FXGL Background Thread 1 ] DEBUG FXGL.DefaultMenu     - createMenuBodyGameMenu()
23:42:09.759 [FXGL Background Thread 1 ] DEBUG FXGL.DefaultMenu     - createOptionsMenu()
23:42:09.768 [FXGL Background Thread 1 ] DEBUG FXGLAssetLoaderServi - Loading from file system: jar:file:/C:/Users/Lenovo/.m2/repository/com/github/almasb/fxgl/21.1/fxgl-21.1.jar!/fxglassets/textures/particles/smoke.png
23:42:09.861 [FXGL Background Thread 1 ] DEBUG FXGLAssetLoaderServi - Loading from file system: jar:file:/C:/Users/Lenovo/.m2/repository/com/github/almasb/fxgl/21.1/fxgl-21.1.jar!/fxglassets/textures/particles/trace_horizontal.png
23:42:09.881 [FXGL Background Thread 1 ] DEBUG GameApplicationServi - Application scenes initialized
23:42:09.896 [FXGL Background Thread 1 ] DEBUG SystemBundleService  - Loading FXGL system data
23:42:09.900 [FXGL Background Thread 1 ] DEBUG FileSystemAccess     - Reading from: C:\Users\Lenovo\ProjectJava3.0\myproject\myproject\system\fxgl.bundle
23:42:09.911 [FXGL Background Thread 1 ] DEBUG SystemBundleService  - Bundle FXGL: {}
23:42:09.911 [FXGL Background Thread 1 ] DEBUG UpdaterService       - Checking for updates
23:42:09.938 [FXGL Background Thread 4 ] DEBUG FXGLApplication      - Loading fonts
23:42:09.938 [FXGL Background Thread 1 ] DEBUG FXGLApplication      - Loading default localization
23:42:09.939 [FXGL Background Thread 4 ] DEBUG FXGLAssetLoaderServi - Loading from file system: jar:file:/C:/Users/Lenovo/.m2/repository/com/github/almasb/fxgl/21.1/fxgl-21.1.jar!/fxglassets/ui/fonts/VarelaRound-Regular.ttf
23:42:09.939 [FXGL Background Thread 1 ] DEBUG FXGLAssetLoaderServi - Loading from file system: jar:file:/C:/Users/Lenovo/.m2/repository/com/github/almasb/fxgl/21.1/fxgl-21.1.jar!/fxglassets/languages/english.lang
23:42:09.970 [FXGL Background Thread 4 ] DEBUG FXGLAssetLoaderServi - Loading from file system: jar:file:/C:/Users/Lenovo/.m2/repository/com/github/almasb/fxgl/21.1/fxgl-21.1.jar!/fxglassets/ui/fonts/Abel-Regular.ttf
23:42:09.973 [FXGL Background Thread 4 ] DEBUG FXGLAssetLoaderServi - Loading from file system: jar:file:/C:/Users/Lenovo/.m2/repository/com/github/almasb/fxgl/21.1/fxgl-21.1.jar!/fxglassets/ui/fonts/TerminalLandMono-Regular.otf
23:42:09.976 [FXGL Background Thread 4 ] DEBUG FXGLAssetLoaderServi - Loading from file system: jar:file:/C:/Users/Lenovo/.m2/repository/com/github/almasb/fxgl/21.1/fxgl-21.1.jar!/fxglassets/ui/fonts/Courier-Prime.ttf
23:42:09.976 [FXGL Background Thread 1 ] INFO  FXGLApplication      - FXGL initialization took: 0.430 sec
23:42:09.987 [JavaFX Application Thread] DEBUG Input                - Registered new binding: Right - D
23:42:09.987 [JavaFX Application Thread] DEBUG Input                - Registered new binding: Left - A
23:42:09.988 [JavaFX Application Thread] DEBUG Input                - Registered new binding: Up - W
23:42:09.988 [JavaFX Application Thread] DEBUG Input                - Registered new binding: Down - S
23:42:09.988 [JavaFX Application Thread] DEBUG Input                - Registered new binding: Interact - E
23:42:09.988 [JavaFX Application Thread] DEBUG FXGLAssetLoaderServi - Loading from file system: jar:file:/C:/Users/Lenovo/.m2/repository/com/github/almasb/fxgl/21.1/fxgl-21.1.jar!/fxglassets/textures/fxgl_icon.png
23:42:10.006 [JavaFX Application Thread] DEBUG FXGLAssetLoaderServi - Loading from file system: jar:file:/C:/Users/Lenovo/.m2/repository/com/github/almasb/fxgl/21.1/fxgl-21.1.jar!/fxglassets/textures/fxgl_default_cursor.png
23:42:10.009 [JavaFX Application Thread] DEBUG Input                - Registered new binding: Screenshot - CTRL+8
23:42:10.009 [JavaFX Application Thread] DEBUG Input                - Registered new binding: Dev Options - 1
23:42:10.010 [JavaFX Application Thread] DEBUG Input                - Registered new binding: Dev Console - 2
23:42:10.010 [JavaFX Application Thread] DEBUG Input                - Registered new binding: System info dump - CTRL+9
23:42:10.011 [JavaFX Application Thread] DEBUG Input                - Registered new binding: Restart - CTRL+R
23:42:10.012 [JavaFX Application Thread] DEBUG Input                - Registered new binding: Toggle Debug Camera - CTRL+7
23:42:10.018 [JavaFX Application Thread] DEBUG LoopRunner           - Starting loop
23:42:10.041 [JavaFX Application Thread] DEBUG LoopRunner           - Initializing JavaFX AnimationTimerLoop
23:42:10.043 [JavaFX Application Thread] DEBUG GameApplicationServi - Starting new game
23:42:10.044 [JavaFX Application Thread] DEBUG Input                - Clearing active input actions
23:42:10.057 [JavaFX Application Thread] DEBUG GameApplicationServi - Removing overlay from FXGLStartupScene and adding to FXGLLoadingScene
23:42:10.063 [JavaFX Application Thread] DEBUG PrimaryStageWindow   - FXGLStartupScene -> FXGLLoadingScene
23:42:10.063 [JavaFX Application Thread] DEBUG GameApplicationServi - Clearing previous game
23:42:10.063 [JavaFX Application Thread] DEBUG GameScene            - Clearing game scene
23:42:10.063 [JavaFX Application Thread] DEBUG GameWorld            - Clearing game world
23:42:10.063 [JavaFX Application Thread] DEBUG PhysicsWorld         - Clearing physics world
23:42:10.065 [JavaFX Application Thread] DEBUG FXGLApplication      - Registering font factories with UI factory
23:42:10.065 [FXGL Background Thread 4 ] DEBUG FXGLApplication      - Initializing game
23:42:10.114 [FXGL Background Thread 4 ] WARN  TMXLevelLoader       - TiledMap generated from 1.11.2. Supported version: 1.9.0. Some features may not be parsed fully.
23:42:10.141 [FXGL Background Thread 4 ] DEBUG TMXLevelLoader       - Parsed TiledMap: file:/C:/Users/Lenovo/ProjectJava3.0/myproject/myproject/target/classes/assets/levels/scene1.tmx
23:42:10.143 [FXGL Background Thread 4 ] DEBUG TMXLevelLoader       - Creating tile layer entities
23:42:10.147 [FXGL Background Thread 4 ] DEBUG TilesetLoader        - Loading view for layer lowefloor
23:42:10.147 [FXGL Background Thread 4 ] DEBUG TilesetLoader        - Created buffer with size 512.0x1024.0
23:42:10.221 [FXGL Background Thread 4 ] DEBUG TilesetLoader        - Loading view for layer cliff
23:42:10.222 [FXGL Background Thread 4 ] DEBUG TilesetLoader        - Created buffer with size 512.0x1024.0
23:42:10.223 [FXGL Background Thread 4 ] DEBUG TilesetLoader        - Loading view for layer cliff1
23:42:10.224 [FXGL Background Thread 4 ] DEBUG TilesetLoader        - Created buffer with size 512.0x1024.0
23:42:10.227 [FXGL Background Thread 4 ] DEBUG TilesetLoader        - Loading view for layer cliff2
23:42:10.227 [FXGL Background Thread 4 ] DEBUG TilesetLoader        - Created buffer with size 512.0x1024.0
23:42:10.229 [FXGL Background Thread 4 ] DEBUG TilesetLoader        - Loading view for layer Tile Layer 3
23:42:10.229 [FXGL Background Thread 4 ] DEBUG TilesetLoader        - Created buffer with size 512.0x1024.0
23:42:10.230 [FXGL Background Thread 4 ] DEBUG TilesetLoader        - Loading view for layer Tile Layer 6
23:42:10.233 [FXGL Background Thread 4 ] DEBUG TilesetLoader        - Created buffer with size 512.0x1024.0
23:42:10.308 [FXGL Background Thread 4 ] DEBUG TilesetLoader        - Loading view for layer prop
23:42:10.308 [FXGL Background Thread 4 ] DEBUG TilesetLoader        - Created buffer with size 512.0x1024.0
23:42:10.309 [FXGL Background Thread 4 ] DEBUG TMXLevelLoader       - Creating object layer entities
23:42:10.343 [FXGL Background Thread 4 ] DEBUG FXGLAssetLoaderServi - Loading from file system: file:/C:/Users/Lenovo/ProjectJava3.0/myproject/myproject/target/classes/assets/textures/Rex.png
23:42:10.349 [FXGL Background Thread 4 ] WARN  TMXLevelLoader       - TiledMap generated from 1.11.2. Supported version: 1.9.0. Some features may not be parsed fully.
23:42:10.361 [FXGL Background Thread 4 ] DEBUG TMXLevelLoader       - Parsed TiledMap: file:/C:/Users/Lenovo/ProjectJava3.0/myproject/myproject/target/classes/assets/levels/scene1.tmx
23:42:10.361 [FXGL Background Thread 4 ] DEBUG TMXLevelLoader       - Creating tile layer entities
23:42:10.362 [FXGL Background Thread 4 ] DEBUG TilesetLoader        - Loading view for layer lowefloor
23:42:10.362 [FXGL Background Thread 4 ] DEBUG TilesetLoader        - Created buffer with size 512.0x1024.0
23:42:10.396 [FXGL Background Thread 4 ] DEBUG TilesetLoader        - Loading view for layer cliff
23:42:10.397 [FXGL Background Thread 4 ] DEBUG TilesetLoader        - Created buffer with size 512.0x1024.0
23:42:10.398 [FXGL Background Thread 4 ] DEBUG TilesetLoader        - Loading view for layer cliff1
23:42:10.398 [FXGL Background Thread 4 ] DEBUG TilesetLoader        - Created buffer with size 512.0x1024.0
23:42:10.399 [FXGL Background Thread 4 ] DEBUG TilesetLoader        - Loading view for layer cliff2
23:42:10.399 [FXGL Background Thread 4 ] DEBUG TilesetLoader        - Created buffer with size 512.0x1024.0
23:42:10.401 [FXGL Background Thread 4 ] DEBUG TilesetLoader        - Loading view for layer Tile Layer 3
23:42:10.401 [FXGL Background Thread 4 ] DEBUG TilesetLoader        - Created buffer with size 512.0x1024.0
23:42:10.402 [FXGL Background Thread 4 ] DEBUG TilesetLoader        - Loading view for layer Tile Layer 6
23:42:10.403 [FXGL Background Thread 4 ] DEBUG TilesetLoader        - Created buffer with size 512.0x1024.0
23:42:10.456 [FXGL Background Thread 4 ] DEBUG TilesetLoader        - Loading view for layer prop
23:42:10.456 [FXGL Background Thread 4 ] DEBUG TilesetLoader        - Created buffer with size 512.0x1024.0
23:42:10.457 [FXGL Background Thread 4 ] DEBUG TMXLevelLoader       - Creating object layer entities
23:42:10.468 [FXGL Background Thread 4 ] DEBUG GameWorld            - Clearing removable entities
23:42:10.473 [FXGL Background Thread 4 ] DEBUG GameWorld            - Setting level: com.almasb.fxgl.entity.level.Level@12af8c82
23:42:10.492 [FXGL Background Thread 4 ] DEBUG FXGLAssetLoaderServi - Loading from file system: file:/C:/Users/Lenovo/ProjectJava3.0/myproject/myproject/target/classes/assets/textures/Actor1.png
23:42:10.508 [FXGL Background Thread 4 ] INFO  FXGLApplication      - Game initialization took: 0.442 sec
23:42:10.508 [JavaFX Application Thread] DEBUG Input                - Clearing active input actions
23:42:10.518 [JavaFX Application Thread] DEBUG GameApplicationServi - Removing overlay from FXGLLoadingScene and adding to GameScene
23:42:10.523 [JavaFX Application Thread] DEBUG PrimaryStageWindow   - FXGLLoadingScene -> GameScene
23:42:12.937 [FXGL Background Thread 3 ] DEBUG Engine               - Logging environment variables
23:42:12.939 [FXGL Background Thread 3 ] DEBUG Engine               - achievements: []
23:42:12.939 [FXGL Background Thread 3 ] DEBUG Engine               - actualHeight: 864.0
23:42:12.939 [FXGL Background Thread 3 ] DEBUG Engine               - actualHeightProperty: ReadOnlyDoubleProperty [value: 864.0]
23:42:12.939 [FXGL Background Thread 3 ] DEBUG Engine               - actualWidth: 1536.0
23:42:12.939 [FXGL Background Thread 3 ] DEBUG Engine               - actualWidthProperty: ReadOnlyDoubleProperty [value: 1536.0]
23:42:12.940 [FXGL Background Thread 3 ] DEBUG Engine               - appIcon: fxgl_icon.png
23:42:12.941 [FXGL Background Thread 3 ] DEBUG Engine               - applicationMode: DEVELOPER
23:42:12.941 [FXGL Background Thread 3 ] DEBUG Engine               - cSSList: [fxgl_dark.css]
23:42:12.941 [FXGL Background Thread 3 ] DEBUG Engine               - collisionDetectionStrategy: BRUTE_FORCE
23:42:12.941 [FXGL Background Thread 3 ] DEBUG Engine               - configClass: Optional.empty
23:42:12.941 [FXGL Background Thread 3 ] DEBUG Engine               - credits: []
23:42:12.942 [FXGL Background Thread 3 ] DEBUG Engine               - defaultCursor: CursorInfo(imageName=fxgl_default_cursor.png, hotspotX=7.0, hotspotY=6.0)
23:42:12.942 [FXGL Background Thread 3 ] DEBUG Engine               - devBBoxColorProperty: ObjectProperty [value: 0xff0000ff]
23:42:12.942 [FXGL Background Thread 3 ] DEBUG Engine               - devEnableDebugCameraProperty: BooleanProperty [value: false]
23:42:12.942 [FXGL Background Thread 3 ] DEBUG Engine               - devSensorColorProperty: ObjectProperty [value: 0xffff00ff]
23:42:12.942 [FXGL Background Thread 3 ] DEBUG Engine               - devShowBBoxProperty: BooleanProperty [value: false]
23:42:12.942 [FXGL Background Thread 3 ] DEBUG Engine               - devShowPositionProperty: BooleanProperty [value: false]
23:42:12.942 [FXGL Background Thread 3 ] DEBUG Engine               - enabledMenuItems: []
23:42:12.942 [FXGL Background Thread 3 ] DEBUG Engine               - engineServices: [class com.almasb.fxgl.app.services.FXGLAssetLoaderService, class com.almasb.fxgl.app.FXGLApplication$GameApplicationService, class com.almasb.fxgl.app.services.FXGLDialogService, class com.almasb.fxgl.app.services.IOTaskExecutorService, class com.almasb.fxgl.io.FileSystemService, class com.almasb.fxgl.localization.LocalizationService, class com.almasb.fxgl.app.services.SystemBundleService, class com.almasb.fxgl.profile.SaveLoadService, class com.almasb.fxgl.ui.FXGLUIFactoryServiceProvider, class com.almasb.fxgl.ui.FXGLDialogFactoryServiceProvider, class com.almasb.fxgl.audio.AudioPlayer, class com.almasb.fxgl.notification.impl.NotificationServiceProvider, class com.almasb.fxgl.achievement.AchievementService, class com.almasb.fxgl.cutscene.CutsceneService, class com.almasb.fxgl.minigames.MiniGameService, class com.almasb.fxgl.net.NetService, class com.almasb.fxgl.app.services.UpdaterService, class com.almasb.fxgl.dev.DevService]
23:42:12.942 [FXGL Background Thread 3 ] DEBUG Engine               - fontGame: Abel-Regular.ttf
23:42:12.942 [FXGL Background Thread 3 ] DEBUG Engine               - fontMono: TerminalLandMono-Regular.otf
23:42:12.942 [FXGL Background Thread 3 ] DEBUG Engine               - fontSizeScaleUI: 1.0
23:42:12.942 [FXGL Background Thread 3 ] DEBUG Engine               - fontText: Courier-Prime.ttf
23:42:12.942 [FXGL Background Thread 3 ] DEBUG Engine               - fontUI: VarelaRound-Regular.ttf
23:42:12.942 [FXGL Background Thread 3 ] DEBUG Engine               - fullScreen: BooleanProperty [value: true]
23:42:12.942 [FXGL Background Thread 3 ] DEBUG Engine               - gameDifficulty: MEDIUM
23:42:12.943 [FXGL Background Thread 3 ] DEBUG Engine               - gameDifficultyProperty: ObjectProperty [value: MEDIUM]
23:42:12.943 [FXGL Background Thread 3 ] DEBUG Engine               - globalMusicVolume: 0.5
23:42:12.943 [FXGL Background Thread 3 ] DEBUG Engine               - globalMusicVolumeProperty: DoubleProperty [value: 0.5]
23:42:12.943 [FXGL Background Thread 3 ] DEBUG Engine               - globalSoundVolume: 0.5
23:42:12.943 [FXGL Background Thread 3 ] DEBUG Engine               - globalSoundVolumeProperty: DoubleProperty [value: 0.5]
23:42:12.943 [FXGL Background Thread 3 ] DEBUG Engine               - height: 720
23:42:12.943 [FXGL Background Thread 3 ] DEBUG Engine               - is3D: false
23:42:12.943 [FXGL Background Thread 3 ] DEBUG Engine               - isAndroid: false
23:42:12.943 [FXGL Background Thread 3 ] DEBUG Engine               - isBrowser: false
23:42:12.943 [FXGL Background Thread 3 ] DEBUG Engine               - isClickFeedbackEnabled: false
23:42:12.943 [FXGL Background Thread 3 ] DEBUG Engine               - isCloseConfirmation: false
23:42:12.943 [FXGL Background Thread 3 ] DEBUG Engine               - isDesktop: true
23:42:12.943 [FXGL Background Thread 3 ] DEBUG Engine               - isDeveloperMenuEnabled: true
23:42:12.943 [FXGL Background Thread 3 ] DEBUG Engine               - isEmbedded: false
23:42:12.943 [FXGL Background Thread 3 ] DEBUG Engine               - isEntityPreloadEnabled: true
23:42:12.943 [FXGL Background Thread 3 ] DEBUG Engine               - isExperimentalTiledLargeMap: false
23:42:12.943 [FXGL Background Thread 3 ] DEBUG Engine               - isFileSystemWriteAllowed: true
23:42:12.943 [FXGL Background Thread 3 ] DEBUG Engine               - isFullScreenAllowed: true
23:42:12.943 [FXGL Background Thread 3 ] DEBUG Engine               - isFullScreenFromStart: true
23:42:12.943 [FXGL Background Thread 3 ] DEBUG Engine               - isGameMenuEnabled: true
23:42:12.943 [FXGL Background Thread 3 ] DEBUG Engine               - isIOS: false
23:42:12.943 [FXGL Background Thread 3 ] DEBUG Engine               - isIntroEnabled: false
23:42:12.943 [FXGL Background Thread 3 ] DEBUG Engine               - isLinux: false
23:42:12.943 [FXGL Background Thread 3 ] DEBUG Engine               - isMac: false
23:42:12.943 [FXGL Background Thread 3 ] DEBUG Engine               - isMainMenuEnabled: false
23:42:12.943 [FXGL Background Thread 3 ] DEBUG Engine               - isManualResizeEnabled: false
23:42:12.944 [FXGL Background Thread 3 ] DEBUG Engine               - isMobile: false
23:42:12.947 [FXGL Background Thread 3 ] DEBUG Engine               - isNative: false
23:42:12.947 [FXGL Background Thread 3 ] DEBUG Engine               - isPauseMusicWhenMinimized: true
23:42:12.947 [FXGL Background Thread 3 ] DEBUG Engine               - isPreserveResizeRatio: false
23:42:12.947 [FXGL Background Thread 3 ] DEBUG Engine               - isProfilingEnabled: false
23:42:12.947 [FXGL Background Thread 3 ] DEBUG Engine               - isScaleAffectedOnResize: true
23:42:12.947 [FXGL Background Thread 3 ] DEBUG Engine               - isSingleStep: false
23:42:12.947 [FXGL Background Thread 3 ] DEBUG Engine               - isUserProfileEnabled: false
23:42:12.947 [FXGL Background Thread 3 ] DEBUG Engine               - isWindows: true
23:42:12.947 [FXGL Background Thread 3 ] DEBUG Engine               - language: ObjectProperty [value: ENGLISH]
23:42:12.947 [FXGL Background Thread 3 ] DEBUG Engine               - menuKey: ESCAPE
23:42:12.947 [FXGL Background Thread 3 ] DEBUG Engine               - mouseSensitivity: 0.2
23:42:12.947 [FXGL Background Thread 3 ] DEBUG Engine               - notificationViewClass: class com.almasb.fxgl.notification.view.XboxNotificationView
23:42:12.947 [FXGL Background Thread 3 ] DEBUG Engine               - pixelsPerMeter: 50.0
23:42:12.947 [FXGL Background Thread 3 ] DEBUG Engine               - platform: WINDOWS
23:42:12.947 [FXGL Background Thread 3 ] DEBUG Engine               - prefHeightProperty: ReadOnlyDoubleProperty [value: 720.0]
23:42:12.947 [FXGL Background Thread 3 ] DEBUG Engine               - prefWidthProperty: ReadOnlyDoubleProperty [value: 1280.0]
23:42:12.947 [FXGL Background Thread 3 ] DEBUG Engine               - profileDir: profiles/
23:42:12.947 [FXGL Background Thread 3 ] DEBUG Engine               - profileName: StringProperty [value: DEFAULT]
23:42:12.947 [FXGL Background Thread 3 ] DEBUG Engine               - randomSeed: -1
23:42:12.947 [FXGL Background Thread 3 ] DEBUG Engine               - runtimeInfo: RuntimeInfo(platform=WINDOWS, version=21.1, build=27.03.2024 07.52)
23:42:12.947 [FXGL Background Thread 3 ] DEBUG Engine               - saveFileExt: sav
23:42:12.947 [FXGL Background Thread 3 ] DEBUG Engine               - scaledHeightProp$fxgl: DoubleProperty [bound, value: 864.0]
23:42:12.947 [FXGL Background Thread 3 ] DEBUG Engine               - scaledWidthProp$fxgl: DoubleProperty [bound, value: 1536.0]
23:42:12.947 [FXGL Background Thread 3 ] DEBUG Engine               - sceneFactory: com.almasb.fxgl.app.scene.SceneFactory@5f309d0f
23:42:12.947 [FXGL Background Thread 3 ] DEBUG Engine               - secondsIn24h: 60
23:42:12.947 [FXGL Background Thread 3 ] DEBUG Engine               - soundMenuBack: menu/back.wav
23:42:12.947 [FXGL Background Thread 3 ] DEBUG Engine               - soundMenuPress: menu/press.wav
23:42:12.948 [FXGL Background Thread 3 ] DEBUG Engine               - soundMenuSelect: menu/select.wav
23:42:12.948 [FXGL Background Thread 3 ] DEBUG Engine               - soundNotification: core/notification.wav
23:42:12.948 [FXGL Background Thread 3 ] DEBUG Engine               - stageStyle: DECORATED
23:42:12.948 [FXGL Background Thread 3 ] DEBUG Engine               - supportedLanguages: [ENGLISH, FRENCH, GERMAN, HUNGARIAN, RUSSIAN]
23:42:12.948 [FXGL Background Thread 3 ] DEBUG Engine               - ticksPerSecond: -1
23:42:12.948 [FXGL Background Thread 3 ] DEBUG Engine               - title: Final Journey
23:42:12.948 [FXGL Background Thread 3 ] DEBUG Engine               - urlGithub: https://github.com/AlmasB/FXGL
23:42:12.948 [FXGL Background Thread 3 ] DEBUG Engine               - urlLeaderboard: http://fxgl-top.herokuapp.com/
23:42:12.948 [FXGL Background Thread 3 ] DEBUG Engine               - urlPOM: https://raw.githubusercontent.com/AlmasB/FXGL/release/README.md
23:42:12.948 [FXGL Background Thread 3 ] DEBUG Engine               - userAppClass: class com.project.App
23:42:12.948 [FXGL Background Thread 3 ] DEBUG Engine               - version: Alpha
23:42:12.948 [FXGL Background Thread 3 ] DEBUG Engine               - versionCheckDays: 7
23:42:12.948 [FXGL Background Thread 3 ] DEBUG Engine               - width: 1280
23:42:12.948 [FXGL Background Thread 3 ] DEBUG Engine               - Logging services
23:42:12.948 [FXGL Background Thread 3 ] DEBUG Engine               - class com.almasb.fxgl.app.services.FXGLAssetLoaderService
23:42:12.948 [FXGL Background Thread 3 ] DEBUG Engine               - class com.almasb.fxgl.app.FXGLApplication$GameApplicationService
23:42:12.948 [FXGL Background Thread 3 ] DEBUG Engine               - class com.almasb.fxgl.app.services.FXGLDialogService
23:42:12.948 [FXGL Background Thread 3 ] DEBUG Engine               - class com.almasb.fxgl.app.services.IOTaskExecutorService
23:42:12.948 [FXGL Background Thread 3 ] DEBUG Engine               - class com.almasb.fxgl.io.FileSystemService
23:42:12.948 [FXGL Background Thread 3 ] DEBUG Engine               - class com.almasb.fxgl.localization.LocalizationService
23:42:12.948 [FXGL Background Thread 3 ] DEBUG Engine               - class com.almasb.fxgl.app.services.SystemBundleService
23:42:12.948 [FXGL Background Thread 3 ] DEBUG Engine               - class com.almasb.fxgl.profile.SaveLoadService
23:42:12.949 [FXGL Background Thread 3 ] DEBUG Engine               - class com.almasb.fxgl.ui.FXGLUIFactoryServiceProvider
23:42:12.949 [FXGL Background Thread 3 ] DEBUG Engine               - class com.almasb.fxgl.ui.FXGLDialogFactoryServiceProvider
23:42:12.949 [FXGL Background Thread 3 ] DEBUG Engine               - class com.almasb.fxgl.audio.AudioPlayer
23:42:12.949 [FXGL Background Thread 3 ] DEBUG Engine               - class com.almasb.fxgl.notification.impl.NotificationServiceProvider
23:42:12.949 [FXGL Background Thread 3 ] DEBUG Engine               - class com.almasb.fxgl.achievement.AchievementService
23:42:12.949 [FXGL Background Thread 3 ] DEBUG Engine               - class com.almasb.fxgl.cutscene.CutsceneService
23:42:12.949 [FXGL Background Thread 3 ] DEBUG Engine               - class com.almasb.fxgl.minigames.MiniGameService
23:42:12.949 [FXGL Background Thread 3 ] DEBUG Engine               - class com.almasb.fxgl.net.NetService
23:42:12.949 [FXGL Background Thread 3 ] DEBUG Engine               - class com.almasb.fxgl.app.services.UpdaterService
23:42:12.949 [FXGL Background Thread 3 ] DEBUG Engine               - class com.almasb.fxgl.dev.DevService
23:42:17.400 [JavaFX Application Thread] DEBUG FXGLAssetLoaderServi - Loading from file system: file:/C:/Users/Lenovo/ProjectJava3.0/myproject/myproject/target/classes/assets/text/filetext.txt
23:42:17.402 [JavaFX Application Thread] DEBUG EventBus             - Firing event: com.GameEvent.CombatScene[source=javafx.event.Event$$Lambda/0x00000225c7172db8@629c189c]
23:42:17.405 [JavaFX Application Thread] WARN  TMXLevelLoader       - TiledMap generated from 1.11.2. Supported version: 1.9.0. Some features may not be parsed fully.
23:42:17.409 [JavaFX Application Thread] DEBUG TMXLevelLoader       - Parsed TiledMap: file:/C:/Users/Lenovo/ProjectJava3.0/myproject/myproject/target/classes/assets/levels/battle1.tmx
23:42:17.409 [JavaFX Application Thread] DEBUG TMXLevelLoader       - Creating tile layer entities
23:42:17.409 [JavaFX Application Thread] DEBUG TilesetLoader        - Loading view for layer Tile Layer 1
23:42:17.411 [JavaFX Application Thread] DEBUG TilesetLoader        - Created buffer with size 2048.0x1024.0
23:42:17.511 [JavaFX Application Thread] DEBUG TMXLevelLoader       - Creating object layer entities
23:42:17.513 [JavaFX Application Thread] DEBUG FXGLAssetLoaderServi - Loading from file system: file:/C:/Users/Lenovo/ProjectJava3.0/myproject/myproject/target/classes/assets/textures/Rex.png
23:42:17.522 [JavaFX Application Thread] DEBUG FXGLAssetLoaderServi - Loading from file system: file:/C:/Users/Lenovo/ProjectJava3.0/myproject/myproject/target/classes/assets/textures/Reid.png
23:42:17.578 [JavaFX Application Thread] DEBUG FXGLAssetLoaderServi - Loading from file system: file:/C:/Users/Lenovo/ProjectJava3.0/myproject/myproject/target/classes/assets/textures/marsha.png
23:42:17.633 [JavaFX Application Thread] DEBUG GameWorld            - Clearing removable entities
23:42:17.640 [JavaFX Application Thread] DEBUG GameWorld            - Setting level: com.almasb.fxgl.entity.level.Level@2b22956a
23:42:17.643 [JavaFX Application Thread] WARN  TMXLevelLoader       - TiledMap generated from 1.11.2. Supported version: 1.9.0. Some features may not be parsed fully.
23:42:17.647 [JavaFX Application Thread] DEBUG TMXLevelLoader       - Parsed TiledMap: file:/C:/Users/Lenovo/ProjectJava3.0/myproject/myproject/target/classes/assets/levels/battle1.tmx
23:42:17.647 [JavaFX Application Thread] DEBUG TMXLevelLoader       - Creating tile layer entities
23:42:17.647 [JavaFX Application Thread] DEBUG TilesetLoader        - Loading view for layer Tile Layer 1
23:42:17.650 [JavaFX Application Thread] DEBUG TilesetLoader        - Created buffer with size 2048.0x1024.0
23:42:17.742 [JavaFX Application Thread] DEBUG TMXLevelLoader       - Creating object layer entities
23:42:32.035 [JavaFX Application Thread] DEBUG EventBus             - Firing event: com.GameEvent.BackMainScene[source=javafx.event.Event$$Lambda/0x00000225c7172db8@629c189c]
23:42:32.037 [JavaFX Application Thread] WARN  TMXLevelLoader       - TiledMap generated from 1.11.2. Supported version: 1.9.0. Some features may not be parsed fully.
23:42:32.044 [JavaFX Application Thread] DEBUG TMXLevelLoader       - Parsed TiledMap: file:/C:/Users/Lenovo/ProjectJava3.0/myproject/myproject/target/classes/assets/levels/scene1.tmx
23:42:32.044 [JavaFX Application Thread] DEBUG TMXLevelLoader       - Creating tile layer entities
23:42:32.044 [JavaFX Application Thread] DEBUG TilesetLoader        - Loading view for layer lowefloor
23:42:32.045 [JavaFX Application Thread] DEBUG TilesetLoader        - Created buffer with size 512.0x1024.0
23:42:32.068 [JavaFX Application Thread] DEBUG TilesetLoader        - Loading view for layer cliff
23:42:32.068 [JavaFX Application Thread] DEBUG TilesetLoader        - Created buffer with size 512.0x1024.0
23:42:32.068 [JavaFX Application Thread] DEBUG TilesetLoader        - Loading view for layer cliff1
23:42:32.069 [JavaFX Application Thread] DEBUG TilesetLoader        - Created buffer with size 512.0x1024.0
23:42:32.069 [JavaFX Application Thread] DEBUG TilesetLoader        - Loading view for layer cliff2
23:42:32.069 [JavaFX Application Thread] DEBUG TilesetLoader        - Created buffer with size 512.0x1024.0
23:42:32.070 [JavaFX Application Thread] DEBUG TilesetLoader        - Loading view for layer Tile Layer 3
23:42:32.071 [JavaFX Application Thread] DEBUG TilesetLoader        - Created buffer with size 512.0x1024.0
23:42:32.072 [JavaFX Application Thread] DEBUG TilesetLoader        - Loading view for layer Tile Layer 6
23:42:32.073 [JavaFX Application Thread] DEBUG TilesetLoader        - Created buffer with size 512.0x1024.0
23:42:32.116 [JavaFX Application Thread] DEBUG TilesetLoader        - Loading view for layer prop
23:42:32.117 [JavaFX Application Thread] DEBUG TilesetLoader        - Created buffer with size 512.0x1024.0
23:42:32.117 [JavaFX Application Thread] DEBUG TMXLevelLoader       - Creating object layer entities
23:42:32.123 [JavaFX Application Thread] DEBUG GameWorld            - Clearing removable entities
23:42:32.123 [JavaFX Application Thread] DEBUG GameWorld            - Setting level: com.almasb.fxgl.entity.level.Level@63b6d5ac
23:42:32.127 [JavaFX Application Thread] WARN  TMXLevelLoader       - TiledMap generated from 1.11.2. Supported version: 1.9.0. Some features may not be parsed fully.
23:42:32.132 [JavaFX Application Thread] DEBUG TMXLevelLoader       - Parsed TiledMap: file:/C:/Users/Lenovo/ProjectJava3.0/myproject/myproject/target/classes/assets/levels/scene1.tmx
23:42:32.132 [JavaFX Application Thread] DEBUG TMXLevelLoader       - Creating tile layer entities
23:42:32.132 [JavaFX Application Thread] DEBUG TilesetLoader        - Loading view for layer lowefloor
23:42:32.133 [JavaFX Application Thread] DEBUG TilesetLoader        - Created buffer with size 512.0x1024.0
23:42:32.154 [JavaFX Application Thread] DEBUG TilesetLoader        - Loading view for layer cliff
23:42:32.154 [JavaFX Application Thread] DEBUG TilesetLoader        - Created buffer with size 512.0x1024.0
23:42:32.155 [JavaFX Application Thread] DEBUG TilesetLoader        - Loading view for layer cliff1
23:42:32.155 [JavaFX Application Thread] DEBUG TilesetLoader        - Created buffer with size 512.0x1024.0
23:42:32.156 [JavaFX Application Thread] DEBUG TilesetLoader        - Loading view for layer cliff2
23:42:32.156 [JavaFX Application Thread] DEBUG TilesetLoader        - Created buffer with size 512.0x1024.0
23:42:32.156 [JavaFX Application Thread] DEBUG TilesetLoader        - Loading view for layer Tile Layer 3
23:42:32.156 [JavaFX Application Thread] DEBUG TilesetLoader        - Created buffer with size 512.0x1024.0
23:42:32.157 [JavaFX Application Thread] DEBUG TilesetLoader        - Loading view for layer Tile Layer 6
23:42:32.157 [JavaFX Application Thread] DEBUG TilesetLoader        - Created buffer with size 512.0x1024.0
23:42:32.202 [JavaFX Application Thread] DEBUG TilesetLoader        - Loading view for layer prop
23:42:32.203 [JavaFX Application Thread] DEBUG TilesetLoader        - Created buffer with size 512.0x1024.0
23:42:32.203 [JavaFX Application Thread] DEBUG TMXLevelLoader       - Creating object layer entities
23:42:49.029 [JavaFX Application Thread] DEBUG FXGLApplication      - Exiting FXGL
23:42:49.030 [JavaFX Application Thread] DEBUG LoopRunner           - Stopping loop
23:42:49.030 [JavaFX Application Thread] DEBUG SystemBundleService  - Saving FXGL system data
23:42:49.034 [JavaFX Application Thread] DEBUG FileSystemAccess     - Writing to: C:\Users\Lenovo\ProjectJava3.0\myproject\myproject\system\fxgl.bundle
23:42:49.038 [JavaFX Application Thread] DEBUG Async                - Shutting down background threads
23:42:49.038 [JavaFX Application Thread] DEBUG PrimaryStageWindow   - Closing main window
23:42:49.076 [JavaFX Application Thread] DEBUG Logger               - Closing Logger
