03:17:31.511 [main                     ] DEBUG Logger               - Configured Logger
03:17:31.531 [main                     ] DEBUG GameApplication      - Logging settings
Title: Final Journey
Version: Alpha
Width: 1280
Height: 720
Fullscreen: true
Intro: false
Profiling: false
Single step:false
App Mode: DEVELOPER
Menu Key: ESCAPE
Stage Style: DECORATED
Scene Factory: class com.almasb.fxgl.app.scene.SceneFactory

03:17:31.892 [JavaFX Application Thread] DEBUG FXGLApplication      - Initializing FXGL
03:17:31.894 [JavaFX Application Thread] INFO  Engine               - FXGL-21.1 (27.03.2024 07.52) on WINDOWS (J:21.0.6 FX:21.0.1)
03:17:31.896 [JavaFX Application Thread] DEBUG Engine               - JRE Vendor Name: Eclipse Adoptium
03:17:31.896 [JavaFX Application Thread] DEBUG Engine               - Running on OS: Windows 11 version 10.0
03:17:31.896 [JavaFX Application Thread] DEBUG Engine               - Architecture: amd64
03:17:31.896 [JavaFX Application Thread] INFO  Engine               - Source code and latest versions at: https://github.com/AlmasB/FXGL
03:17:31.897 [JavaFX Application Thread] INFO  Engine               -       Ask questions and discuss at: https://github.com/AlmasB/FXGL/discussions
03:17:31.897 [JavaFX Application Thread] INFO  Engine               -              Join the FXGL chat at: https://gitter.im/AlmasB/FXGL
03:17:31.979 [JavaFX Application Thread] DEBUG PrimaryStageWindow   - Creating a JavaFX scene
03:17:32.020 [JavaFX Application Thread] DEBUG PrimaryStageWindow   - Target settings size: 1280.0 x 720.0
03:17:32.021 [JavaFX Application Thread] DEBUG PrimaryStageWindow   - Scaled scene size:    1280.0 x 720.0
03:17:32.021 [JavaFX Application Thread] DEBUG PrimaryStageWindow   - Scaled ratio: (1.0, 1.0)
03:17:32.022 [JavaFX Application Thread] DEBUG PrimaryStageWindow   - Set initial scene to FXGLStartupScene
03:17:32.025 [JavaFX Application Thread] DEBUG PrimaryStageWindow   - Opening main window
03:17:32.114 [JavaFX Application Thread] DEBUG PrimaryStageWindow   - Window border size: (14.4000244140625, 37.5999755859375)
03:17:32.114 [JavaFX Application Thread] DEBUG PrimaryStageWindow   - Scaled size: 1280.0 x 720.0
03:17:32.114 [JavaFX Application Thread] DEBUG PrimaryStageWindow   - Scaled ratio: (1.0, 1.0)
03:17:32.115 [JavaFX Application Thread] DEBUG PrimaryStageWindow   - Scene size: 1280.0 x 720.0
03:17:32.115 [JavaFX Application Thread] DEBUG PrimaryStageWindow   - Stage size: 1294.4000244140625 x 757.5999755859375
03:17:32.184 [JavaFX Application Thread] DEBUG PrimaryStageWindow   - Going fullscreen
03:17:32.192 [FXGL Background Thread 1 ] DEBUG Engine               - Initializing environment variables
03:17:32.279 [FXGL Background Thread 1 ] DEBUG FXGLAssetLoaderServi - User app class for loading assets: class com.project.App
03:17:32.279 [FXGL Background Thread 1 ] DEBUG GameApplicationServi - Applying CSS: fxgl_dark.css
03:17:32.280 [FXGL Background Thread 1 ] DEBUG FXGLAssetLoaderServi - Loading from file system: jar:file:/C:/Users/frank/.m2/repository/com/github/almasb/fxgl/21.1/fxgl-21.1.jar!/fxglassets/ui/css/fxgl_dark.css
03:17:32.310 [FXGL Background Thread 1 ] DEBUG GameApplicationServi - Initializing application scenes
03:17:32.361 [FXGL Background Thread 1 ] DEBUG GameWorld            - Game world initialized
03:17:32.415 [FXGL Background Thread 1 ] DEBUG PhysicsWorld         - Physics world initialized: appHeight=720, physics.ppm=50.0
03:17:32.415 [FXGL Background Thread 1 ] DEBUG PhysicsWorld         - Using strategy: BRUTE_FORCE
03:17:32.419 [FXGL Background Thread 1 ] DEBUG GameScene            - Game scene initialized: 1280x720
03:17:32.427 [FXGL Background Thread 1 ] DEBUG FXGL.DefaultMenu     - createMenuBodyGameMenu()
03:17:32.439 [FXGL Background Thread 1 ] DEBUG FXGL.DefaultMenu     - createOptionsMenu()
03:17:32.447 [FXGL Background Thread 1 ] DEBUG FXGLAssetLoaderServi - Loading from file system: jar:file:/C:/Users/frank/.m2/repository/com/github/almasb/fxgl/21.1/fxgl-21.1.jar!/fxglassets/textures/particles/smoke.png
03:17:32.538 [FXGL Background Thread 1 ] DEBUG FXGLAssetLoaderServi - Loading from file system: jar:file:/C:/Users/frank/.m2/repository/com/github/almasb/fxgl/21.1/fxgl-21.1.jar!/fxglassets/textures/particles/trace_horizontal.png
03:17:32.558 [FXGL Background Thread 1 ] DEBUG GameApplicationServi - Application scenes initialized
03:17:32.569 [FXGL Background Thread 1 ] DEBUG SystemBundleService  - Loading FXGL system data
03:17:32.572 [FXGL Background Thread 1 ] DEBUG FileSystemAccess     - Reading from: C:\Users\frank\Desktop\ProjectFun\myproject\myproject\system\fxgl.bundle
03:17:32.578 [FXGL Background Thread 1 ] DEBUG SystemBundleService  - Bundle FXGL: {}
03:17:32.578 [FXGL Background Thread 1 ] DEBUG UpdaterService       - Checking for updates
03:17:32.600 [FXGL Background Thread 4 ] DEBUG FXGLApplication      - Loading fonts
03:17:32.601 [FXGL Background Thread 4 ] DEBUG FXGLAssetLoaderServi - Loading from file system: jar:file:/C:/Users/frank/.m2/repository/com/github/almasb/fxgl/21.1/fxgl-21.1.jar!/fxglassets/ui/fonts/VarelaRound-Regular.ttf
03:17:32.601 [FXGL Background Thread 1 ] DEBUG FXGLApplication      - Loading default localization
03:17:32.602 [FXGL Background Thread 1 ] DEBUG FXGLAssetLoaderServi - Loading from file system: jar:file:/C:/Users/frank/.m2/repository/com/github/almasb/fxgl/21.1/fxgl-21.1.jar!/fxglassets/languages/english.lang
03:17:32.620 [FXGL Background Thread 1 ] INFO  FXGLApplication      - FXGL initialization took: 0.429 sec
03:17:32.632 [JavaFX Application Thread] DEBUG Input                - Registered new binding: Right - D
03:17:32.632 [JavaFX Application Thread] DEBUG Input                - Registered new binding: Left - A
03:17:32.633 [JavaFX Application Thread] DEBUG Input                - Registered new binding: Up - W
03:17:32.633 [JavaFX Application Thread] DEBUG Input                - Registered new binding: Down - S
03:17:32.634 [JavaFX Application Thread] DEBUG Input                - Registered new binding: Interact - E
03:17:32.634 [JavaFX Application Thread] DEBUG FXGLAssetLoaderServi - Loading from file system: jar:file:/C:/Users/frank/.m2/repository/com/github/almasb/fxgl/21.1/fxgl-21.1.jar!/fxglassets/textures/fxgl_icon.png
03:17:32.638 [FXGL Background Thread 4 ] DEBUG FXGLAssetLoaderServi - Loading from file system: jar:file:/C:/Users/frank/.m2/repository/com/github/almasb/fxgl/21.1/fxgl-21.1.jar!/fxglassets/ui/fonts/Abel-Regular.ttf
03:17:32.642 [FXGL Background Thread 4 ] DEBUG FXGLAssetLoaderServi - Loading from file system: jar:file:/C:/Users/frank/.m2/repository/com/github/almasb/fxgl/21.1/fxgl-21.1.jar!/fxglassets/ui/fonts/TerminalLandMono-Regular.otf
03:17:32.645 [FXGL Background Thread 4 ] DEBUG FXGLAssetLoaderServi - Loading from file system: jar:file:/C:/Users/frank/.m2/repository/com/github/almasb/fxgl/21.1/fxgl-21.1.jar!/fxglassets/ui/fonts/Courier-Prime.ttf
03:17:32.657 [JavaFX Application Thread] DEBUG FXGLAssetLoaderServi - Loading from file system: jar:file:/C:/Users/frank/.m2/repository/com/github/almasb/fxgl/21.1/fxgl-21.1.jar!/fxglassets/textures/fxgl_default_cursor.png
03:17:32.660 [JavaFX Application Thread] DEBUG Input                - Registered new binding: Screenshot - CTRL+8
03:17:32.661 [JavaFX Application Thread] DEBUG Input                - Registered new binding: Dev Options - 1
03:17:32.662 [JavaFX Application Thread] DEBUG Input                - Registered new binding: Dev Console - 2
03:17:32.663 [JavaFX Application Thread] DEBUG Input                - Registered new binding: System info dump - CTRL+9
03:17:32.663 [JavaFX Application Thread] DEBUG Input                - Registered new binding: Restart - CTRL+R
03:17:32.664 [JavaFX Application Thread] DEBUG Input                - Registered new binding: Toggle Debug Camera - CTRL+7
03:17:32.671 [JavaFX Application Thread] DEBUG LoopRunner           - Starting loop
03:17:32.700 [JavaFX Application Thread] DEBUG LoopRunner           - Initializing JavaFX AnimationTimerLoop
03:17:32.701 [JavaFX Application Thread] DEBUG GameApplicationServi - Starting new game
03:17:32.702 [JavaFX Application Thread] DEBUG Input                - Clearing active input actions
03:17:32.713 [JavaFX Application Thread] DEBUG GameApplicationServi - Removing overlay from FXGLStartupScene and adding to FXGLLoadingScene
03:17:32.722 [JavaFX Application Thread] DEBUG PrimaryStageWindow   - FXGLStartupScene -> FXGLLoadingScene
03:17:32.722 [JavaFX Application Thread] DEBUG GameApplicationServi - Clearing previous game
03:17:32.722 [JavaFX Application Thread] DEBUG GameScene            - Clearing game scene
03:17:32.722 [JavaFX Application Thread] DEBUG GameWorld            - Clearing game world
03:17:32.723 [JavaFX Application Thread] DEBUG PhysicsWorld         - Clearing physics world
03:17:32.724 [FXGL Background Thread 4 ] DEBUG FXGLApplication      - Initializing game
03:17:32.724 [JavaFX Application Thread] DEBUG FXGLApplication      - Registering font factories with UI factory
03:17:32.758 [FXGL Background Thread 4 ] WARN  TMXLevelLoader       - TiledMap generated from 1.11.2. Supported version: 1.9.0. Some features may not be parsed fully.
03:17:32.786 [FXGL Background Thread 4 ] DEBUG TMXLevelLoader       - Parsed TiledMap: file:/C:/Users/frank/Desktop/ProjectFun/myproject/myproject/target/classes/assets/levels/scene1.tmx
03:17:32.789 [FXGL Background Thread 4 ] DEBUG TMXLevelLoader       - Creating tile layer entities
03:17:32.792 [FXGL Background Thread 4 ] DEBUG TilesetLoader        - Loading view for layer lowefloor
03:17:32.793 [FXGL Background Thread 4 ] DEBUG TilesetLoader        - Created buffer with size 512.0x1024.0
03:17:32.843 [FXGL Background Thread 4 ] DEBUG TilesetLoader        - Loading view for layer cliff
03:17:32.843 [FXGL Background Thread 4 ] DEBUG TilesetLoader        - Created buffer with size 512.0x1024.0
03:17:32.844 [FXGL Background Thread 4 ] DEBUG TilesetLoader        - Loading view for layer cliff1
03:17:32.847 [FXGL Background Thread 4 ] DEBUG TilesetLoader        - Created buffer with size 512.0x1024.0
03:17:32.848 [FXGL Background Thread 4 ] DEBUG TilesetLoader        - Loading view for layer cliff2
03:17:32.848 [FXGL Background Thread 4 ] DEBUG TilesetLoader        - Created buffer with size 512.0x1024.0
03:17:32.849 [FXGL Background Thread 4 ] DEBUG TilesetLoader        - Loading view for layer Tile Layer 3
03:17:32.849 [FXGL Background Thread 4 ] DEBUG TilesetLoader        - Created buffer with size 512.0x1024.0
03:17:32.850 [FXGL Background Thread 4 ] DEBUG TilesetLoader        - Loading view for layer Tile Layer 6
03:17:32.850 [FXGL Background Thread 4 ] DEBUG TilesetLoader        - Created buffer with size 512.0x1024.0
03:17:32.910 [FXGL Background Thread 4 ] DEBUG TilesetLoader        - Loading view for layer prop
03:17:32.910 [FXGL Background Thread 4 ] DEBUG TilesetLoader        - Created buffer with size 512.0x1024.0
03:17:32.911 [FXGL Background Thread 4 ] DEBUG TMXLevelLoader       - Creating object layer entities
03:17:32.956 [FXGL Background Thread 4 ] DEBUG FXGLAssetLoaderServi - Loading from file system: file:/C:/Users/frank/Desktop/ProjectFun/myproject/myproject/target/classes/assets/textures/Actor1.png
03:17:32.993 [FXGL Background Thread 4 ] DEBUG FXGLAssetLoaderServi - Loading from file system: file:/C:/Users/frank/Desktop/ProjectFun/myproject/myproject/target/classes/assets/textures/Rex.png
03:17:32.997 [FXGL Background Thread 4 ] WARN  TMXLevelLoader       - TiledMap generated from 1.11.2. Supported version: 1.9.0. Some features may not be parsed fully.
03:17:33.005 [FXGL Background Thread 4 ] DEBUG TMXLevelLoader       - Parsed TiledMap: file:/C:/Users/frank/Desktop/ProjectFun/myproject/myproject/target/classes/assets/levels/scene1.tmx
03:17:33.005 [FXGL Background Thread 4 ] DEBUG TMXLevelLoader       - Creating tile layer entities
03:17:33.005 [FXGL Background Thread 4 ] DEBUG TilesetLoader        - Loading view for layer lowefloor
03:17:33.005 [FXGL Background Thread 4 ] DEBUG TilesetLoader        - Created buffer with size 512.0x1024.0
03:17:33.030 [FXGL Background Thread 4 ] DEBUG TilesetLoader        - Loading view for layer cliff
03:17:33.031 [FXGL Background Thread 4 ] DEBUG TilesetLoader        - Created buffer with size 512.0x1024.0
03:17:33.032 [FXGL Background Thread 4 ] DEBUG TilesetLoader        - Loading view for layer cliff1
03:17:33.032 [FXGL Background Thread 4 ] DEBUG TilesetLoader        - Created buffer with size 512.0x1024.0
03:17:33.033 [FXGL Background Thread 4 ] DEBUG TilesetLoader        - Loading view for layer cliff2
03:17:33.033 [FXGL Background Thread 4 ] DEBUG TilesetLoader        - Created buffer with size 512.0x1024.0
03:17:33.033 [FXGL Background Thread 4 ] DEBUG TilesetLoader        - Loading view for layer Tile Layer 3
03:17:33.034 [FXGL Background Thread 4 ] DEBUG TilesetLoader        - Created buffer with size 512.0x1024.0
03:17:33.034 [FXGL Background Thread 4 ] DEBUG TilesetLoader        - Loading view for layer Tile Layer 6
03:17:33.034 [FXGL Background Thread 4 ] DEBUG TilesetLoader        - Created buffer with size 512.0x1024.0
03:17:33.084 [FXGL Background Thread 4 ] DEBUG TilesetLoader        - Loading view for layer prop
03:17:33.084 [FXGL Background Thread 4 ] DEBUG TilesetLoader        - Created buffer with size 512.0x1024.0
03:17:33.084 [FXGL Background Thread 4 ] DEBUG TMXLevelLoader       - Creating object layer entities
03:17:33.090 [FXGL Background Thread 4 ] DEBUG GameWorld            - Clearing removable entities
03:17:33.092 [FXGL Background Thread 4 ] DEBUG GameWorld            - Setting level: com.almasb.fxgl.entity.level.Level@3925699b
03:17:33.119 [FXGL Background Thread 4 ] INFO  FXGLApplication      - Game initialization took: 0.395 sec
03:17:33.147 [JavaFX Application Thread] DEBUG Input                - Clearing active input actions
03:17:33.155 [JavaFX Application Thread] DEBUG GameApplicationServi - Removing overlay from FXGLLoadingScene and adding to GameScene
03:17:33.158 [JavaFX Application Thread] DEBUG PrimaryStageWindow   - FXGLLoadingScene -> GameScene
03:17:34.359 [JavaFX Application Thread] DEBUG FXGLAssetLoaderServi - Loading from file system: file:/C:/Users/frank/Desktop/ProjectFun/myproject/myproject/target/classes/assets/text/filetext.txt
03:17:34.359 [JavaFX Application Thread] DEBUG EventBus             - Firing event: com.GameEvent.CombatScene[source=javafx.event.Event$$Lambda/0x000001ed01172db8@95481fc]
03:17:34.361 [JavaFX Application Thread] WARN  TMXLevelLoader       - TiledMap generated from 1.11.2. Supported version: 1.9.0. Some features may not be parsed fully.
03:17:34.367 [JavaFX Application Thread] DEBUG TMXLevelLoader       - Parsed TiledMap: file:/C:/Users/frank/Desktop/ProjectFun/myproject/myproject/target/classes/assets/levels/battle1.tmx
03:17:34.367 [JavaFX Application Thread] DEBUG TMXLevelLoader       - Creating tile layer entities
03:17:34.367 [JavaFX Application Thread] DEBUG TilesetLoader        - Loading view for layer Tile Layer 1
03:17:34.368 [JavaFX Application Thread] DEBUG TilesetLoader        - Created buffer with size 2048.0x1024.0
03:17:34.483 [JavaFX Application Thread] DEBUG TMXLevelLoader       - Creating object layer entities
03:17:34.484 [JavaFX Application Thread] DEBUG FXGLAssetLoaderServi - Loading from file system: file:/C:/Users/frank/Desktop/ProjectFun/myproject/myproject/target/classes/assets/textures/Rex.png
03:17:34.491 [JavaFX Application Thread] DEBUG FXGLAssetLoaderServi - Loading from file system: file:/C:/Users/frank/Desktop/ProjectFun/myproject/myproject/target/classes/assets/textures/Karee.png
03:17:34.497 [JavaFX Application Thread] DEBUG GameWorld            - Clearing removable entities
03:17:34.505 [JavaFX Application Thread] DEBUG GameWorld            - Setting level: com.almasb.fxgl.entity.level.Level@76044ab1
03:17:34.510 [JavaFX Application Thread] WARN  TMXLevelLoader       - TiledMap generated from 1.11.2. Supported version: 1.9.0. Some features may not be parsed fully.
03:17:34.513 [JavaFX Application Thread] DEBUG TMXLevelLoader       - Parsed TiledMap: file:/C:/Users/frank/Desktop/ProjectFun/myproject/myproject/target/classes/assets/levels/battle1.tmx
03:17:34.513 [JavaFX Application Thread] DEBUG TMXLevelLoader       - Creating tile layer entities
03:17:34.513 [JavaFX Application Thread] DEBUG TilesetLoader        - Loading view for layer Tile Layer 1
03:17:34.514 [JavaFX Application Thread] DEBUG TilesetLoader        - Created buffer with size 2048.0x1024.0
03:17:34.602 [JavaFX Application Thread] DEBUG TMXLevelLoader       - Creating object layer entities
03:17:35.485 [JavaFX Application Thread] DEBUG EventBus             - Firing event: com.GameEvent.BackMainScene[source=javafx.event.Event$$Lambda/0x000001ed01172db8@95481fc]
03:17:35.485 [JavaFX Application Thread] WARN  TMXLevelLoader       - TiledMap generated from 1.11.2. Supported version: 1.9.0. Some features may not be parsed fully.
03:17:35.491 [JavaFX Application Thread] DEBUG TMXLevelLoader       - Parsed TiledMap: file:/C:/Users/frank/Desktop/ProjectFun/myproject/myproject/target/classes/assets/levels/scene1.tmx
03:17:35.492 [JavaFX Application Thread] DEBUG TMXLevelLoader       - Creating tile layer entities
03:17:35.492 [JavaFX Application Thread] DEBUG TilesetLoader        - Loading view for layer lowefloor
03:17:35.492 [JavaFX Application Thread] DEBUG TilesetLoader        - Created buffer with size 512.0x1024.0
03:17:35.510 [JavaFX Application Thread] DEBUG TilesetLoader        - Loading view for layer cliff
03:17:35.511 [JavaFX Application Thread] DEBUG TilesetLoader        - Created buffer with size 512.0x1024.0
03:17:35.511 [JavaFX Application Thread] DEBUG TilesetLoader        - Loading view for layer cliff1
03:17:35.512 [JavaFX Application Thread] DEBUG TilesetLoader        - Created buffer with size 512.0x1024.0
03:17:35.512 [JavaFX Application Thread] DEBUG TilesetLoader        - Loading view for layer cliff2
03:17:35.515 [JavaFX Application Thread] DEBUG TilesetLoader        - Created buffer with size 512.0x1024.0
03:17:35.517 [JavaFX Application Thread] DEBUG TilesetLoader        - Loading view for layer Tile Layer 3
03:17:35.518 [JavaFX Application Thread] DEBUG TilesetLoader        - Created buffer with size 512.0x1024.0
03:17:35.518 [JavaFX Application Thread] DEBUG TilesetLoader        - Loading view for layer Tile Layer 6
03:17:35.519 [JavaFX Application Thread] DEBUG TilesetLoader        - Created buffer with size 512.0x1024.0
03:17:35.557 [JavaFX Application Thread] DEBUG TilesetLoader        - Loading view for layer prop
03:17:35.557 [JavaFX Application Thread] DEBUG TilesetLoader        - Created buffer with size 512.0x1024.0
03:17:35.557 [JavaFX Application Thread] DEBUG TMXLevelLoader       - Creating object layer entities
03:17:35.567 [JavaFX Application Thread] DEBUG GameWorld            - Clearing removable entities
03:17:35.568 [JavaFX Application Thread] DEBUG GameWorld            - Setting level: com.almasb.fxgl.entity.level.Level@b717b7a
03:17:35.574 [JavaFX Application Thread] WARN  TMXLevelLoader       - TiledMap generated from 1.11.2. Supported version: 1.9.0. Some features may not be parsed fully.
03:17:35.581 [JavaFX Application Thread] DEBUG TMXLevelLoader       - Parsed TiledMap: file:/C:/Users/frank/Desktop/ProjectFun/myproject/myproject/target/classes/assets/levels/scene1.tmx
03:17:35.581 [JavaFX Application Thread] DEBUG TMXLevelLoader       - Creating tile layer entities
03:17:35.582 [JavaFX Application Thread] DEBUG TilesetLoader        - Loading view for layer lowefloor
03:17:35.586 [JavaFX Application Thread] DEBUG TilesetLoader        - Created buffer with size 512.0x1024.0
03:17:35.601 [FXGL Background Thread 3 ] DEBUG Engine               - Logging environment variables
03:17:35.601 [FXGL Background Thread 3 ] DEBUG Engine               - achievements: []
03:17:35.601 [FXGL Background Thread 3 ] DEBUG Engine               - actualHeight: 864.0
03:17:35.601 [FXGL Background Thread 3 ] DEBUG Engine               - actualHeightProperty: ReadOnlyDoubleProperty [value: 864.0]
03:17:35.601 [FXGL Background Thread 3 ] DEBUG Engine               - actualWidth: 1536.0
03:17:35.601 [FXGL Background Thread 3 ] DEBUG Engine               - actualWidthProperty: ReadOnlyDoubleProperty [value: 1536.0]
03:17:35.601 [FXGL Background Thread 3 ] DEBUG Engine               - appIcon: fxgl_icon.png
03:17:35.601 [FXGL Background Thread 3 ] DEBUG Engine               - applicationMode: DEVELOPER
03:17:35.601 [FXGL Background Thread 3 ] DEBUG Engine               - cSSList: [fxgl_dark.css]
03:17:35.601 [FXGL Background Thread 3 ] DEBUG Engine               - collisionDetectionStrategy: BRUTE_FORCE
03:17:35.601 [FXGL Background Thread 3 ] DEBUG Engine               - configClass: Optional.empty
03:17:35.601 [FXGL Background Thread 3 ] DEBUG Engine               - credits: []
03:17:35.601 [FXGL Background Thread 3 ] DEBUG Engine               - defaultCursor: CursorInfo(imageName=fxgl_default_cursor.png, hotspotX=7.0, hotspotY=6.0)
03:17:35.601 [FXGL Background Thread 3 ] DEBUG Engine               - devBBoxColorProperty: ObjectProperty [value: 0xff0000ff]
03:17:35.601 [FXGL Background Thread 3 ] DEBUG Engine               - devEnableDebugCameraProperty: BooleanProperty [value: false]
03:17:35.601 [FXGL Background Thread 3 ] DEBUG Engine               - devSensorColorProperty: ObjectProperty [value: 0xffff00ff]
03:17:35.601 [FXGL Background Thread 3 ] DEBUG Engine               - devShowBBoxProperty: BooleanProperty [value: false]
03:17:35.601 [FXGL Background Thread 3 ] DEBUG Engine               - devShowPositionProperty: BooleanProperty [value: false]
03:17:35.601 [FXGL Background Thread 3 ] DEBUG Engine               - enabledMenuItems: []
03:17:35.601 [FXGL Background Thread 3 ] DEBUG Engine               - engineServices: [class com.almasb.fxgl.app.services.FXGLAssetLoaderService, class com.almasb.fxgl.app.FXGLApplication$GameApplicationService, class com.almasb.fxgl.app.services.FXGLDialogService, class com.almasb.fxgl.app.services.IOTaskExecutorService, class com.almasb.fxgl.io.FileSystemService, class com.almasb.fxgl.localization.LocalizationService, class com.almasb.fxgl.app.services.SystemBundleService, class com.almasb.fxgl.profile.SaveLoadService, class com.almasb.fxgl.ui.FXGLUIFactoryServiceProvider, class com.almasb.fxgl.ui.FXGLDialogFactoryServiceProvider, class com.almasb.fxgl.audio.AudioPlayer, class com.almasb.fxgl.notification.impl.NotificationServiceProvider, class com.almasb.fxgl.achievement.AchievementService, class com.almasb.fxgl.cutscene.CutsceneService, class com.almasb.fxgl.minigames.MiniGameService, class com.almasb.fxgl.net.NetService, class com.almasb.fxgl.app.services.UpdaterService, class com.almasb.fxgl.dev.DevService]
03:17:35.601 [FXGL Background Thread 3 ] DEBUG Engine               - fontGame: Abel-Regular.ttf
03:17:35.601 [FXGL Background Thread 3 ] DEBUG Engine               - fontMono: TerminalLandMono-Regular.otf
03:17:35.601 [FXGL Background Thread 3 ] DEBUG Engine               - fontSizeScaleUI: 1.0
03:17:35.601 [FXGL Background Thread 3 ] DEBUG Engine               - fontText: Courier-Prime.ttf
03:17:35.602 [FXGL Background Thread 3 ] DEBUG Engine               - fontUI: VarelaRound-Regular.ttf
03:17:35.602 [FXGL Background Thread 3 ] DEBUG Engine               - fullScreen: BooleanProperty [value: true]
03:17:35.602 [FXGL Background Thread 3 ] DEBUG Engine               - gameDifficulty: MEDIUM
03:17:35.602 [FXGL Background Thread 3 ] DEBUG Engine               - gameDifficultyProperty: ObjectProperty [value: MEDIUM]
03:17:35.602 [FXGL Background Thread 3 ] DEBUG Engine               - globalMusicVolume: 0.5
03:17:35.602 [FXGL Background Thread 3 ] DEBUG Engine               - globalMusicVolumeProperty: DoubleProperty [value: 0.5]
03:17:35.602 [FXGL Background Thread 3 ] DEBUG Engine               - globalSoundVolume: 0.5
03:17:35.602 [FXGL Background Thread 3 ] DEBUG Engine               - globalSoundVolumeProperty: DoubleProperty [value: 0.5]
03:17:35.602 [FXGL Background Thread 3 ] DEBUG Engine               - height: 720
03:17:35.602 [FXGL Background Thread 3 ] DEBUG Engine               - is3D: false
03:17:35.602 [FXGL Background Thread 3 ] DEBUG Engine               - isAndroid: false
03:17:35.602 [FXGL Background Thread 3 ] DEBUG Engine               - isBrowser: false
03:17:35.602 [FXGL Background Thread 3 ] DEBUG Engine               - isClickFeedbackEnabled: false
03:17:35.602 [FXGL Background Thread 3 ] DEBUG Engine               - isCloseConfirmation: false
03:17:35.602 [FXGL Background Thread 3 ] DEBUG Engine               - isDesktop: true
03:17:35.602 [FXGL Background Thread 3 ] DEBUG Engine               - isDeveloperMenuEnabled: true
03:17:35.602 [FXGL Background Thread 3 ] DEBUG Engine               - isEmbedded: false
03:17:35.602 [FXGL Background Thread 3 ] DEBUG Engine               - isEntityPreloadEnabled: true
03:17:35.602 [FXGL Background Thread 3 ] DEBUG Engine               - isExperimentalTiledLargeMap: false
03:17:35.602 [FXGL Background Thread 3 ] DEBUG Engine               - isFileSystemWriteAllowed: true
03:17:35.602 [FXGL Background Thread 3 ] DEBUG Engine               - isFullScreenAllowed: true
03:17:35.602 [FXGL Background Thread 3 ] DEBUG Engine               - isFullScreenFromStart: true
03:17:35.602 [FXGL Background Thread 3 ] DEBUG Engine               - isGameMenuEnabled: true
03:17:35.602 [FXGL Background Thread 3 ] DEBUG Engine               - isIOS: false
03:17:35.602 [FXGL Background Thread 3 ] DEBUG Engine               - isIntroEnabled: false
03:17:35.602 [FXGL Background Thread 3 ] DEBUG Engine               - isLinux: false
03:17:35.602 [FXGL Background Thread 3 ] DEBUG Engine               - isMac: false
03:17:35.602 [FXGL Background Thread 3 ] DEBUG Engine               - isMainMenuEnabled: false
03:17:35.602 [FXGL Background Thread 3 ] DEBUG Engine               - isManualResizeEnabled: false
03:17:35.602 [FXGL Background Thread 3 ] DEBUG Engine               - isMobile: false
03:17:35.602 [FXGL Background Thread 3 ] DEBUG Engine               - isNative: false
03:17:35.602 [FXGL Background Thread 3 ] DEBUG Engine               - isPauseMusicWhenMinimized: true
03:17:35.602 [FXGL Background Thread 3 ] DEBUG Engine               - isPreserveResizeRatio: false
03:17:35.602 [FXGL Background Thread 3 ] DEBUG Engine               - isProfilingEnabled: false
03:17:35.603 [FXGL Background Thread 3 ] DEBUG Engine               - isScaleAffectedOnResize: true
03:17:35.603 [FXGL Background Thread 3 ] DEBUG Engine               - isSingleStep: false
03:17:35.603 [FXGL Background Thread 3 ] DEBUG Engine               - isUserProfileEnabled: false
03:17:35.603 [FXGL Background Thread 3 ] DEBUG Engine               - isWindows: true
03:17:35.603 [FXGL Background Thread 3 ] DEBUG Engine               - language: ObjectProperty [value: ENGLISH]
03:17:35.603 [FXGL Background Thread 3 ] DEBUG Engine               - menuKey: ESCAPE
03:17:35.603 [FXGL Background Thread 3 ] DEBUG Engine               - mouseSensitivity: 0.2
03:17:35.603 [FXGL Background Thread 3 ] DEBUG Engine               - notificationViewClass: class com.almasb.fxgl.notification.view.XboxNotificationView
03:17:35.603 [FXGL Background Thread 3 ] DEBUG Engine               - pixelsPerMeter: 50.0
03:17:35.603 [FXGL Background Thread 3 ] DEBUG Engine               - platform: WINDOWS
03:17:35.603 [FXGL Background Thread 3 ] DEBUG Engine               - prefHeightProperty: ReadOnlyDoubleProperty [value: 720.0]
03:17:35.603 [FXGL Background Thread 3 ] DEBUG Engine               - prefWidthProperty: ReadOnlyDoubleProperty [value: 1280.0]
03:17:35.603 [FXGL Background Thread 3 ] DEBUG Engine               - profileDir: profiles/
03:17:35.603 [FXGL Background Thread 3 ] DEBUG Engine               - profileName: StringProperty [value: DEFAULT]
03:17:35.603 [FXGL Background Thread 3 ] DEBUG Engine               - randomSeed: -1
03:17:35.603 [FXGL Background Thread 3 ] DEBUG Engine               - runtimeInfo: RuntimeInfo(platform=WINDOWS, version=21.1, build=27.03.2024 07.52)
03:17:35.603 [FXGL Background Thread 3 ] DEBUG Engine               - saveFileExt: sav
03:17:35.603 [FXGL Background Thread 3 ] DEBUG Engine               - scaledHeightProp$fxgl: DoubleProperty [bound, value: 864.0]
03:17:35.603 [FXGL Background Thread 3 ] DEBUG Engine               - scaledWidthProp$fxgl: DoubleProperty [bound, value: 1536.0]
03:17:35.603 [FXGL Background Thread 3 ] DEBUG Engine               - sceneFactory: com.almasb.fxgl.app.scene.SceneFactory@126eb93b
03:17:35.603 [FXGL Background Thread 3 ] DEBUG Engine               - secondsIn24h: 60
03:17:35.603 [FXGL Background Thread 3 ] DEBUG Engine               - soundMenuBack: menu/back.wav
03:17:35.603 [FXGL Background Thread 3 ] DEBUG Engine               - soundMenuPress: menu/press.wav
03:17:35.603 [FXGL Background Thread 3 ] DEBUG Engine               - soundMenuSelect: menu/select.wav
03:17:35.603 [FXGL Background Thread 3 ] DEBUG Engine               - soundNotification: core/notification.wav
03:17:35.603 [FXGL Background Thread 3 ] DEBUG Engine               - stageStyle: DECORATED
03:17:35.603 [FXGL Background Thread 3 ] DEBUG Engine               - supportedLanguages: [ENGLISH, FRENCH, GERMAN, HUNGARIAN, RUSSIAN]
03:17:35.604 [FXGL Background Thread 3 ] DEBUG Engine               - ticksPerSecond: -1
03:17:35.604 [FXGL Background Thread 3 ] DEBUG Engine               - title: Final Journey
03:17:35.604 [FXGL Background Thread 3 ] DEBUG Engine               - urlGithub: https://github.com/AlmasB/FXGL
03:17:35.604 [FXGL Background Thread 3 ] DEBUG Engine               - urlLeaderboard: http://fxgl-top.herokuapp.com/
03:17:35.604 [FXGL Background Thread 3 ] DEBUG Engine               - urlPOM: https://raw.githubusercontent.com/AlmasB/FXGL/release/README.md
03:17:35.604 [FXGL Background Thread 3 ] DEBUG Engine               - userAppClass: class com.project.App
03:17:35.604 [FXGL Background Thread 3 ] DEBUG Engine               - version: Alpha
03:17:35.604 [FXGL Background Thread 3 ] DEBUG Engine               - versionCheckDays: 7
03:17:35.604 [FXGL Background Thread 3 ] DEBUG Engine               - width: 1280
03:17:35.604 [FXGL Background Thread 3 ] DEBUG Engine               - Logging services
03:17:35.604 [FXGL Background Thread 3 ] DEBUG Engine               - class com.almasb.fxgl.app.services.FXGLAssetLoaderService
03:17:35.604 [FXGL Background Thread 3 ] DEBUG Engine               - class com.almasb.fxgl.app.FXGLApplication$GameApplicationService
03:17:35.604 [FXGL Background Thread 3 ] DEBUG Engine               - class com.almasb.fxgl.app.services.FXGLDialogService
03:17:35.604 [FXGL Background Thread 3 ] DEBUG Engine               - class com.almasb.fxgl.app.services.IOTaskExecutorService
03:17:35.604 [FXGL Background Thread 3 ] DEBUG Engine               - class com.almasb.fxgl.io.FileSystemService
03:17:35.604 [FXGL Background Thread 3 ] DEBUG Engine               - class com.almasb.fxgl.localization.LocalizationService
03:17:35.604 [FXGL Background Thread 3 ] DEBUG Engine               - class com.almasb.fxgl.app.services.SystemBundleService
03:17:35.604 [FXGL Background Thread 3 ] DEBUG Engine               - class com.almasb.fxgl.profile.SaveLoadService
03:17:35.604 [FXGL Background Thread 3 ] DEBUG Engine               - class com.almasb.fxgl.ui.FXGLUIFactoryServiceProvider
03:17:35.604 [FXGL Background Thread 3 ] DEBUG Engine               - class com.almasb.fxgl.ui.FXGLDialogFactoryServiceProvider
03:17:35.605 [FXGL Background Thread 3 ] DEBUG Engine               - class com.almasb.fxgl.audio.AudioPlayer
03:17:35.605 [FXGL Background Thread 3 ] DEBUG Engine               - class com.almasb.fxgl.notification.impl.NotificationServiceProvider
03:17:35.605 [FXGL Background Thread 3 ] DEBUG Engine               - class com.almasb.fxgl.achievement.AchievementService
03:17:35.605 [FXGL Background Thread 3 ] DEBUG Engine               - class com.almasb.fxgl.cutscene.CutsceneService
03:17:35.605 [JavaFX Application Thread] DEBUG TilesetLoader        - Loading view for layer cliff
03:17:35.605 [FXGL Background Thread 3 ] DEBUG Engine               - class com.almasb.fxgl.minigames.MiniGameService
03:17:35.605 [FXGL Background Thread 3 ] DEBUG Engine               - class com.almasb.fxgl.net.NetService
03:17:35.605 [FXGL Background Thread 3 ] DEBUG Engine               - class com.almasb.fxgl.app.services.UpdaterService
03:17:35.605 [FXGL Background Thread 3 ] DEBUG Engine               - class com.almasb.fxgl.dev.DevService
03:17:35.605 [JavaFX Application Thread] DEBUG TilesetLoader        - Created buffer with size 512.0x1024.0
03:17:35.605 [JavaFX Application Thread] DEBUG TilesetLoader        - Loading view for layer cliff1
03:17:35.605 [JavaFX Application Thread] DEBUG TilesetLoader        - Created buffer with size 512.0x1024.0
03:17:35.607 [JavaFX Application Thread] DEBUG TilesetLoader        - Loading view for layer cliff2
03:17:35.610 [JavaFX Application Thread] DEBUG TilesetLoader        - Created buffer with size 512.0x1024.0
03:17:35.610 [JavaFX Application Thread] DEBUG TilesetLoader        - Loading view for layer Tile Layer 3
03:17:35.613 [JavaFX Application Thread] DEBUG TilesetLoader        - Created buffer with size 512.0x1024.0
03:17:35.614 [JavaFX Application Thread] DEBUG TilesetLoader        - Loading view for layer Tile Layer 6
03:17:35.614 [JavaFX Application Thread] DEBUG TilesetLoader        - Created buffer with size 512.0x1024.0
03:17:35.655 [JavaFX Application Thread] DEBUG TilesetLoader        - Loading view for layer prop
03:17:35.656 [JavaFX Application Thread] DEBUG TilesetLoader        - Created buffer with size 512.0x1024.0
03:17:35.656 [JavaFX Application Thread] DEBUG TMXLevelLoader       - Creating object layer entities
03:17:41.503 [JavaFX Application Thread] DEBUG PrimaryStageWindow   - Push state: FXGLDefaultMenu
03:17:41.504 [JavaFX Application Thread] DEBUG Input                - Clearing active input actions
03:17:41.505 [JavaFX Application Thread] DEBUG GameApplicationServi - Removing overlay from GameScene and adding to FXGLDefaultMenu
03:17:41.507 [JavaFX Application Thread] DEBUG PrimaryStageWindow   - GameScene -> FXGLDefaultMenu
03:17:42.359 [JavaFX Application Thread] DEBUG Menu                 - fireExit()
03:17:42.360 [JavaFX Application Thread] DEBUG PrimaryStageWindow   - Push state: DialogSubScene
03:17:42.361 [JavaFX Application Thread] DEBUG Input                - Clearing active input actions
03:17:42.362 [JavaFX Application Thread] DEBUG GameApplicationServi - Removing overlay from FXGLDefaultMenu and adding to DialogSubScene
03:17:42.363 [JavaFX Application Thread] DEBUG PrimaryStageWindow   - FXGLDefaultMenu -> DialogSubScene
03:17:42.896 [JavaFX Application Thread] DEBUG PrimaryStageWindow   - Pop state: DialogSubScene
03:17:42.896 [JavaFX Application Thread] DEBUG Input                - Clearing active input actions
03:17:42.897 [JavaFX Application Thread] DEBUG GameApplicationServi - Removing overlay from DialogSubScene and adding to FXGLDefaultMenu
03:17:42.898 [JavaFX Application Thread] DEBUG PrimaryStageWindow   - FXGLDefaultMenu <- DialogSubScene
03:17:42.898 [JavaFX Application Thread] DEBUG FXGLApplication      - Exiting FXGL
03:17:42.898 [JavaFX Application Thread] DEBUG LoopRunner           - Stopping loop
03:17:42.898 [JavaFX Application Thread] DEBUG SystemBundleService  - Saving FXGL system data
03:17:42.900 [JavaFX Application Thread] DEBUG FileSystemAccess     - Writing to: C:\Users\frank\Desktop\ProjectFun\myproject\myproject\system\fxgl.bundle
03:17:42.903 [JavaFX Application Thread] DEBUG Async                - Shutting down background threads
03:17:42.904 [JavaFX Application Thread] DEBUG PrimaryStageWindow   - Closing main window
03:17:42.929 [JavaFX Application Thread] DEBUG Logger               - Closing Logger
