23:21:48.493 [main                     ] DEBUG Logger               - Configured Logger
23:21:48.514 [main                     ] DEBUG GameApplication      - Logging settings
Title: Final Journey
Version: Alpha
Width: 1280
Height: 720
Fullscreen: true
Intro: false
Profiling: false
Single step:false
App Mode: DEVELOPER
Menu Key: ESCAPE
Stage Style: DECORATED
Scene Factory: class com.almasb.fxgl.app.scene.SceneFactory

23:21:49.039 [JavaFX Application Thread] DEBUG FXGLApplication      - Initializing FXGL
23:21:49.042 [JavaFX Application Thread] INFO  Engine               - FXGL-21.1 (27.03.2024 07.52) on WINDOWS (J:21.0.5 FX:21.0.1)
23:21:49.043 [JavaFX Application Thread] DEBUG Engine               - JRE Vendor Name: Eclipse Adoptium
23:21:49.043 [JavaFX Application Thread] DEBUG Engine               - Running on OS: Windows 11 version 10.0
23:21:49.043 [JavaFX Application Thread] DEBUG Engine               - Architecture: amd64
23:21:49.043 [JavaFX Application Thread] INFO  Engine               - Source code and latest versions at: https://github.com/AlmasB/FXGL
23:21:49.043 [JavaFX Application Thread] INFO  Engine               -       Ask questions and discuss at: https://github.com/AlmasB/FXGL/discussions
23:21:49.044 [JavaFX Application Thread] INFO  Engine               -              Join the FXGL chat at: https://gitter.im/AlmasB/FXGL
23:21:49.172 [JavaFX Application Thread] DEBUG PrimaryStageWindow   - Creating a JavaFX scene
23:21:49.236 [JavaFX Application Thread] DEBUG PrimaryStageWindow   - Target settings size: 1280.0 x 720.0
23:21:49.236 [JavaFX Application Thread] DEBUG PrimaryStageWindow   - Scaled scene size:    1280.0 x 720.0
23:21:49.236 [JavaFX Application Thread] DEBUG PrimaryStageWindow   - Scaled ratio: (1.0, 1.0)
23:21:49.237 [JavaFX Application Thread] DEBUG PrimaryStageWindow   - Set initial scene to FXGLStartupScene
23:21:49.243 [JavaFX Application Thread] DEBUG PrimaryStageWindow   - Opening main window
23:21:49.346 [JavaFX Application Thread] DEBUG PrimaryStageWindow   - Window border size: (14.4000244140625, 37.5999755859375)
23:21:49.346 [JavaFX Application Thread] DEBUG PrimaryStageWindow   - Scaled size: 1280.0 x 720.0
23:21:49.346 [JavaFX Application Thread] DEBUG PrimaryStageWindow   - Scaled ratio: (1.0, 1.0)
23:21:49.347 [JavaFX Application Thread] DEBUG PrimaryStageWindow   - Scene size: 1280.0 x 720.0
23:21:49.347 [JavaFX Application Thread] DEBUG PrimaryStageWindow   - Stage size: 1294.4000244140625 x 757.5999755859375
23:21:49.442 [JavaFX Application Thread] DEBUG PrimaryStageWindow   - Going fullscreen
23:21:49.450 [FXGL Background Thread 1 ] DEBUG Engine               - Initializing environment variables
23:21:49.503 [FXGL Background Thread 1 ] DEBUG FXGLAssetLoaderServi - User app class for loading assets: class com.project.App
23:21:49.504 [FXGL Background Thread 1 ] DEBUG GameApplicationServi - Applying CSS: fxgl_dark.css
23:21:49.504 [FXGL Background Thread 1 ] DEBUG FXGLAssetLoaderServi - Loading from file system: jar:file:/C:/Users/Lenovo/.m2/repository/com/github/almasb/fxgl/21.1/fxgl-21.1.jar!/fxglassets/ui/css/fxgl_dark.css
23:21:49.547 [FXGL Background Thread 1 ] DEBUG GameApplicationServi - Initializing application scenes
23:21:49.589 [FXGL Background Thread 1 ] DEBUG GameWorld            - Game world initialized
23:21:49.645 [FXGL Background Thread 1 ] DEBUG PhysicsWorld         - Physics world initialized: appHeight=720, physics.ppm=50.0
23:21:49.646 [FXGL Background Thread 1 ] DEBUG PhysicsWorld         - Using strategy: BRUTE_FORCE
23:21:49.648 [FXGL Background Thread 1 ] DEBUG GameScene            - Game scene initialized: 1280x720
23:21:49.658 [FXGL Background Thread 1 ] DEBUG FXGL.DefaultMenu     - createMenuBodyGameMenu()
23:21:49.673 [FXGL Background Thread 1 ] DEBUG FXGL.DefaultMenu     - createOptionsMenu()
23:21:49.682 [FXGL Background Thread 1 ] DEBUG FXGLAssetLoaderServi - Loading from file system: jar:file:/C:/Users/Lenovo/.m2/repository/com/github/almasb/fxgl/21.1/fxgl-21.1.jar!/fxglassets/textures/particles/smoke.png
23:21:49.779 [FXGL Background Thread 1 ] DEBUG FXGLAssetLoaderServi - Loading from file system: jar:file:/C:/Users/Lenovo/.m2/repository/com/github/almasb/fxgl/21.1/fxgl-21.1.jar!/fxglassets/textures/particles/trace_horizontal.png
23:21:49.803 [FXGL Background Thread 1 ] DEBUG GameApplicationServi - Application scenes initialized
23:21:49.815 [FXGL Background Thread 1 ] DEBUG SystemBundleService  - Loading FXGL system data
23:21:49.820 [FXGL Background Thread 1 ] DEBUG FileSystemAccess     - Reading from: C:\Users\Lenovo\projectjava\myproject\myproject\system\fxgl.bundle
23:21:49.828 [FXGL Background Thread 1 ] DEBUG SystemBundleService  - Bundle FXGL: {}
23:21:49.828 [FXGL Background Thread 1 ] DEBUG UpdaterService       - Checking for updates
23:21:49.857 [FXGL Background Thread 4 ] DEBUG FXGLApplication      - Loading fonts
23:21:49.858 [FXGL Background Thread 4 ] DEBUG FXGLAssetLoaderServi - Loading from file system: jar:file:/C:/Users/Lenovo/.m2/repository/com/github/almasb/fxgl/21.1/fxgl-21.1.jar!/fxglassets/ui/fonts/VarelaRound-Regular.ttf
23:21:49.858 [FXGL Background Thread 1 ] DEBUG FXGLApplication      - Loading default localization
23:21:49.859 [FXGL Background Thread 1 ] DEBUG FXGLAssetLoaderServi - Loading from file system: jar:file:/C:/Users/Lenovo/.m2/repository/com/github/almasb/fxgl/21.1/fxgl-21.1.jar!/fxglassets/languages/english.lang
23:21:49.892 [FXGL Background Thread 4 ] DEBUG FXGLAssetLoaderServi - Loading from file system: jar:file:/C:/Users/Lenovo/.m2/repository/com/github/almasb/fxgl/21.1/fxgl-21.1.jar!/fxglassets/ui/fonts/Abel-Regular.ttf
23:21:49.895 [FXGL Background Thread 1 ] INFO  FXGLApplication      - FXGL initialization took: 0.445 sec
23:21:49.897 [FXGL Background Thread 4 ] DEBUG FXGLAssetLoaderServi - Loading from file system: jar:file:/C:/Users/Lenovo/.m2/repository/com/github/almasb/fxgl/21.1/fxgl-21.1.jar!/fxglassets/ui/fonts/TerminalLandMono-Regular.otf
23:21:49.904 [FXGL Background Thread 4 ] DEBUG FXGLAssetLoaderServi - Loading from file system: jar:file:/C:/Users/Lenovo/.m2/repository/com/github/almasb/fxgl/21.1/fxgl-21.1.jar!/fxglassets/ui/fonts/Courier-Prime.ttf
23:21:49.908 [JavaFX Application Thread] DEBUG Input                - Registered new binding: Right - D
23:21:49.908 [JavaFX Application Thread] DEBUG Input                - Registered new binding: Left - A
23:21:49.908 [JavaFX Application Thread] DEBUG Input                - Registered new binding: Up - W
23:21:49.908 [JavaFX Application Thread] DEBUG Input                - Registered new binding: Down - S
23:21:49.908 [JavaFX Application Thread] DEBUG Input                - Registered new binding: Interact - E
23:21:49.909 [JavaFX Application Thread] DEBUG FXGLAssetLoaderServi - Loading from file system: jar:file:/C:/Users/Lenovo/.m2/repository/com/github/almasb/fxgl/21.1/fxgl-21.1.jar!/fxglassets/textures/fxgl_icon.png
23:21:49.927 [JavaFX Application Thread] DEBUG FXGLAssetLoaderServi - Loading from file system: jar:file:/C:/Users/Lenovo/.m2/repository/com/github/almasb/fxgl/21.1/fxgl-21.1.jar!/fxglassets/textures/fxgl_default_cursor.png
23:21:49.929 [JavaFX Application Thread] DEBUG Input                - Registered new binding: Screenshot - CTRL+8
23:21:49.930 [JavaFX Application Thread] DEBUG Input                - Registered new binding: Dev Options - 1
23:21:49.931 [JavaFX Application Thread] DEBUG Input                - Registered new binding: Dev Console - 2
23:21:49.931 [JavaFX Application Thread] DEBUG Input                - Registered new binding: System info dump - CTRL+9
23:21:49.932 [JavaFX Application Thread] DEBUG Input                - Registered new binding: Restart - CTRL+R
23:21:49.933 [JavaFX Application Thread] DEBUG Input                - Registered new binding: Toggle Debug Camera - CTRL+7
23:21:49.938 [JavaFX Application Thread] DEBUG LoopRunner           - Starting loop
23:21:49.964 [JavaFX Application Thread] DEBUG LoopRunner           - Initializing JavaFX AnimationTimerLoop
23:21:49.968 [JavaFX Application Thread] DEBUG GameApplicationServi - Starting new game
23:21:49.968 [JavaFX Application Thread] DEBUG Input                - Clearing active input actions
23:21:49.978 [JavaFX Application Thread] DEBUG GameApplicationServi - Removing overlay from FXGLStartupScene and adding to FXGLLoadingScene
23:21:49.984 [JavaFX Application Thread] DEBUG PrimaryStageWindow   - FXGLStartupScene -> FXGLLoadingScene
23:21:49.984 [JavaFX Application Thread] DEBUG GameApplicationServi - Clearing previous game
23:21:49.984 [JavaFX Application Thread] DEBUG GameScene            - Clearing game scene
23:21:49.985 [JavaFX Application Thread] DEBUG GameWorld            - Clearing game world
23:21:49.985 [JavaFX Application Thread] DEBUG PhysicsWorld         - Clearing physics world
23:21:49.993 [FXGL Background Thread 4 ] DEBUG FXGLApplication      - Initializing game
23:21:49.994 [JavaFX Application Thread] DEBUG FXGLApplication      - Registering font factories with UI factory
23:21:50.034 [FXGL Background Thread 4 ] WARN  TMXLevelLoader       - TiledMap generated from 1.11.2. Supported version: 1.9.0. Some features may not be parsed fully.
23:21:50.057 [FXGL Background Thread 4 ] DEBUG TMXLevelLoader       - Parsed TiledMap: file:/C:/Users/Lenovo/projectjava/myproject/myproject/target/classes/assets/levels/scene1.tmx
23:21:50.058 [FXGL Background Thread 4 ] DEBUG TMXLevelLoader       - Creating tile layer entities
23:21:50.061 [FXGL Background Thread 4 ] DEBUG TilesetLoader        - Loading view for layer lowefloor
23:21:50.062 [FXGL Background Thread 4 ] DEBUG TilesetLoader        - Created buffer with size 512.0x1024.0
23:21:50.136 [FXGL Background Thread 4 ] DEBUG TilesetLoader        - Loading view for layer cliff
23:21:50.137 [FXGL Background Thread 4 ] DEBUG TilesetLoader        - Created buffer with size 512.0x1024.0
23:21:50.138 [FXGL Background Thread 4 ] DEBUG TilesetLoader        - Loading view for layer cliff1
23:21:50.140 [FXGL Background Thread 4 ] DEBUG TilesetLoader        - Created buffer with size 512.0x1024.0
23:21:50.141 [FXGL Background Thread 4 ] DEBUG TilesetLoader        - Loading view for layer cliff2
23:21:50.141 [FXGL Background Thread 4 ] DEBUG TilesetLoader        - Created buffer with size 512.0x1024.0
23:21:50.144 [FXGL Background Thread 4 ] DEBUG TilesetLoader        - Loading view for layer Tile Layer 3
23:21:50.144 [FXGL Background Thread 4 ] DEBUG TilesetLoader        - Created buffer with size 512.0x1024.0
23:21:50.148 [FXGL Background Thread 4 ] DEBUG TilesetLoader        - Loading view for layer Tile Layer 6
23:21:50.149 [FXGL Background Thread 4 ] DEBUG TilesetLoader        - Created buffer with size 512.0x1024.0
23:21:50.235 [FXGL Background Thread 4 ] DEBUG TilesetLoader        - Loading view for layer prop
23:21:50.236 [FXGL Background Thread 4 ] DEBUG TilesetLoader        - Created buffer with size 512.0x1024.0
23:21:50.237 [FXGL Background Thread 4 ] DEBUG TMXLevelLoader       - Creating object layer entities
23:21:50.271 [FXGL Background Thread 4 ] DEBUG FXGLAssetLoaderServi - Loading from file system: file:/C:/Users/Lenovo/projectjava/myproject/myproject/target/classes/assets/textures/Actor1.png
23:21:50.295 [FXGL Background Thread 4 ] DEBUG FXGLAssetLoaderServi - Loading from file system: file:/C:/Users/Lenovo/projectjava/myproject/myproject/target/classes/assets/textures/Rex.png
23:21:50.300 [FXGL Background Thread 4 ] WARN  TMXLevelLoader       - TiledMap generated from 1.11.2. Supported version: 1.9.0. Some features may not be parsed fully.
23:21:50.311 [FXGL Background Thread 4 ] DEBUG TMXLevelLoader       - Parsed TiledMap: file:/C:/Users/Lenovo/projectjava/myproject/myproject/target/classes/assets/levels/scene1.tmx
23:21:50.312 [FXGL Background Thread 4 ] DEBUG TMXLevelLoader       - Creating tile layer entities
23:21:50.312 [FXGL Background Thread 4 ] DEBUG TilesetLoader        - Loading view for layer lowefloor
23:21:50.312 [FXGL Background Thread 4 ] DEBUG TilesetLoader        - Created buffer with size 512.0x1024.0
23:21:50.340 [FXGL Background Thread 4 ] DEBUG TilesetLoader        - Loading view for layer cliff
23:21:50.341 [FXGL Background Thread 4 ] DEBUG TilesetLoader        - Created buffer with size 512.0x1024.0
23:21:50.342 [FXGL Background Thread 4 ] DEBUG TilesetLoader        - Loading view for layer cliff1
23:21:50.343 [FXGL Background Thread 4 ] DEBUG TilesetLoader        - Created buffer with size 512.0x1024.0
23:21:50.344 [FXGL Background Thread 4 ] DEBUG TilesetLoader        - Loading view for layer cliff2
23:21:50.344 [FXGL Background Thread 4 ] DEBUG TilesetLoader        - Created buffer with size 512.0x1024.0
23:21:50.345 [FXGL Background Thread 4 ] DEBUG TilesetLoader        - Loading view for layer Tile Layer 3
23:21:50.347 [FXGL Background Thread 4 ] DEBUG TilesetLoader        - Created buffer with size 512.0x1024.0
23:21:50.348 [FXGL Background Thread 4 ] DEBUG TilesetLoader        - Loading view for layer Tile Layer 6
23:21:50.349 [FXGL Background Thread 4 ] DEBUG TilesetLoader        - Created buffer with size 512.0x1024.0
23:21:50.400 [FXGL Background Thread 4 ] DEBUG TilesetLoader        - Loading view for layer prop
23:21:50.401 [FXGL Background Thread 4 ] DEBUG TilesetLoader        - Created buffer with size 512.0x1024.0
23:21:50.402 [FXGL Background Thread 4 ] DEBUG TMXLevelLoader       - Creating object layer entities
23:21:50.415 [FXGL Background Thread 4 ] DEBUG GameWorld            - Clearing removable entities
23:21:50.416 [FXGL Background Thread 4 ] DEBUG GameWorld            - Setting level: com.almasb.fxgl.entity.level.Level@24631727
23:21:50.432 [FXGL Background Thread 4 ] INFO  FXGLApplication      - Game initialization took: 0.440 sec
23:21:50.434 [JavaFX Application Thread] DEBUG Input                - Clearing active input actions
23:21:50.448 [JavaFX Application Thread] DEBUG GameApplicationServi - Removing overlay from FXGLLoadingScene and adding to GameScene
23:21:50.455 [JavaFX Application Thread] DEBUG PrimaryStageWindow   - FXGLLoadingScene -> GameScene
23:21:52.857 [FXGL Background Thread 3 ] DEBUG Engine               - Logging environment variables
23:21:52.858 [FXGL Background Thread 3 ] DEBUG Engine               - achievements: []
23:21:52.858 [FXGL Background Thread 3 ] DEBUG Engine               - actualHeight: 864.0
23:21:52.858 [FXGL Background Thread 3 ] DEBUG Engine               - actualHeightProperty: ReadOnlyDoubleProperty [value: 864.0]
23:21:52.858 [FXGL Background Thread 3 ] DEBUG Engine               - actualWidth: 1536.0
23:21:52.858 [FXGL Background Thread 3 ] DEBUG Engine               - actualWidthProperty: ReadOnlyDoubleProperty [value: 1536.0]
23:21:52.858 [FXGL Background Thread 3 ] DEBUG Engine               - appIcon: fxgl_icon.png
23:21:52.858 [FXGL Background Thread 3 ] DEBUG Engine               - applicationMode: DEVELOPER
23:21:52.858 [FXGL Background Thread 3 ] DEBUG Engine               - cSSList: [fxgl_dark.css]
23:21:52.859 [FXGL Background Thread 3 ] DEBUG Engine               - collisionDetectionStrategy: BRUTE_FORCE
23:21:52.859 [FXGL Background Thread 3 ] DEBUG Engine               - configClass: Optional.empty
23:21:52.859 [FXGL Background Thread 3 ] DEBUG Engine               - credits: []
23:21:52.859 [FXGL Background Thread 3 ] DEBUG Engine               - defaultCursor: CursorInfo(imageName=fxgl_default_cursor.png, hotspotX=7.0, hotspotY=6.0)
23:21:52.859 [FXGL Background Thread 3 ] DEBUG Engine               - devBBoxColorProperty: ObjectProperty [value: 0xff0000ff]
23:21:52.859 [FXGL Background Thread 3 ] DEBUG Engine               - devEnableDebugCameraProperty: BooleanProperty [value: false]
23:21:52.860 [FXGL Background Thread 3 ] DEBUG Engine               - devSensorColorProperty: ObjectProperty [value: 0xffff00ff]
23:21:52.860 [FXGL Background Thread 3 ] DEBUG Engine               - devShowBBoxProperty: BooleanProperty [value: false]
23:21:52.860 [FXGL Background Thread 3 ] DEBUG Engine               - devShowPositionProperty: BooleanProperty [value: false]
23:21:52.860 [FXGL Background Thread 3 ] DEBUG Engine               - enabledMenuItems: []
23:21:52.860 [FXGL Background Thread 3 ] DEBUG Engine               - engineServices: [class com.almasb.fxgl.app.services.FXGLAssetLoaderService, class com.almasb.fxgl.app.FXGLApplication$GameApplicationService, class com.almasb.fxgl.app.services.FXGLDialogService, class com.almasb.fxgl.app.services.IOTaskExecutorService, class com.almasb.fxgl.io.FileSystemService, class com.almasb.fxgl.localization.LocalizationService, class com.almasb.fxgl.app.services.SystemBundleService, class com.almasb.fxgl.profile.SaveLoadService, class com.almasb.fxgl.ui.FXGLUIFactoryServiceProvider, class com.almasb.fxgl.ui.FXGLDialogFactoryServiceProvider, class com.almasb.fxgl.audio.AudioPlayer, class com.almasb.fxgl.notification.impl.NotificationServiceProvider, class com.almasb.fxgl.achievement.AchievementService, class com.almasb.fxgl.cutscene.CutsceneService, class com.almasb.fxgl.minigames.MiniGameService, class com.almasb.fxgl.net.NetService, class com.almasb.fxgl.app.services.UpdaterService, class com.almasb.fxgl.dev.DevService]
23:21:52.860 [FXGL Background Thread 3 ] DEBUG Engine               - fontGame: Abel-Regular.ttf
23:21:52.860 [FXGL Background Thread 3 ] DEBUG Engine               - fontMono: TerminalLandMono-Regular.otf
23:21:52.861 [FXGL Background Thread 3 ] DEBUG Engine               - fontSizeScaleUI: 1.0
23:21:52.861 [FXGL Background Thread 3 ] DEBUG Engine               - fontText: Courier-Prime.ttf
23:21:52.861 [FXGL Background Thread 3 ] DEBUG Engine               - fontUI: VarelaRound-Regular.ttf
23:21:52.861 [FXGL Background Thread 3 ] DEBUG Engine               - fullScreen: BooleanProperty [value: true]
23:21:52.861 [FXGL Background Thread 3 ] DEBUG Engine               - gameDifficulty: MEDIUM
23:21:52.861 [FXGL Background Thread 3 ] DEBUG Engine               - gameDifficultyProperty: ObjectProperty [value: MEDIUM]
23:21:52.861 [FXGL Background Thread 3 ] DEBUG Engine               - globalMusicVolume: 0.5
23:21:52.861 [FXGL Background Thread 3 ] DEBUG Engine               - globalMusicVolumeProperty: DoubleProperty [value: 0.5]
23:21:52.863 [FXGL Background Thread 3 ] DEBUG Engine               - globalSoundVolume: 0.5
23:21:52.863 [FXGL Background Thread 3 ] DEBUG Engine               - globalSoundVolumeProperty: DoubleProperty [value: 0.5]
23:21:52.863 [FXGL Background Thread 3 ] DEBUG Engine               - height: 720
23:21:52.863 [FXGL Background Thread 3 ] DEBUG Engine               - is3D: false
23:21:52.863 [FXGL Background Thread 3 ] DEBUG Engine               - isAndroid: false
23:21:52.863 [FXGL Background Thread 3 ] DEBUG Engine               - isBrowser: false
23:21:52.863 [FXGL Background Thread 3 ] DEBUG Engine               - isClickFeedbackEnabled: false
23:21:52.863 [FXGL Background Thread 3 ] DEBUG Engine               - isCloseConfirmation: false
23:21:52.863 [FXGL Background Thread 3 ] DEBUG Engine               - isDesktop: true
23:21:52.863 [FXGL Background Thread 3 ] DEBUG Engine               - isDeveloperMenuEnabled: true
23:21:52.864 [FXGL Background Thread 3 ] DEBUG Engine               - isEmbedded: false
23:21:52.864 [FXGL Background Thread 3 ] DEBUG Engine               - isEntityPreloadEnabled: true
23:21:52.864 [FXGL Background Thread 3 ] DEBUG Engine               - isExperimentalTiledLargeMap: false
23:21:52.864 [FXGL Background Thread 3 ] DEBUG Engine               - isFileSystemWriteAllowed: true
23:21:52.864 [FXGL Background Thread 3 ] DEBUG Engine               - isFullScreenAllowed: true
23:21:52.864 [FXGL Background Thread 3 ] DEBUG Engine               - isFullScreenFromStart: true
23:21:52.864 [FXGL Background Thread 3 ] DEBUG Engine               - isGameMenuEnabled: true
23:21:52.864 [FXGL Background Thread 3 ] DEBUG Engine               - isIOS: false
23:21:52.864 [FXGL Background Thread 3 ] DEBUG Engine               - isIntroEnabled: false
23:21:52.864 [FXGL Background Thread 3 ] DEBUG Engine               - isLinux: false
23:21:52.865 [FXGL Background Thread 3 ] DEBUG Engine               - isMac: false
23:21:52.865 [FXGL Background Thread 3 ] DEBUG Engine               - isMainMenuEnabled: false
23:21:52.865 [FXGL Background Thread 3 ] DEBUG Engine               - isManualResizeEnabled: false
23:21:52.865 [FXGL Background Thread 3 ] DEBUG Engine               - isMobile: false
23:21:52.865 [FXGL Background Thread 3 ] DEBUG Engine               - isNative: false
23:21:52.865 [FXGL Background Thread 3 ] DEBUG Engine               - isPauseMusicWhenMinimized: true
23:21:52.865 [FXGL Background Thread 3 ] DEBUG Engine               - isPreserveResizeRatio: false
23:21:52.865 [FXGL Background Thread 3 ] DEBUG Engine               - isProfilingEnabled: false
23:21:52.865 [FXGL Background Thread 3 ] DEBUG Engine               - isScaleAffectedOnResize: true
23:21:52.865 [FXGL Background Thread 3 ] DEBUG Engine               - isSingleStep: false
23:21:52.865 [FXGL Background Thread 3 ] DEBUG Engine               - isUserProfileEnabled: false
23:21:52.865 [FXGL Background Thread 3 ] DEBUG Engine               - isWindows: true
23:21:52.866 [FXGL Background Thread 3 ] DEBUG Engine               - language: ObjectProperty [value: ENGLISH]
23:21:52.866 [FXGL Background Thread 3 ] DEBUG Engine               - menuKey: ESCAPE
23:21:52.866 [FXGL Background Thread 3 ] DEBUG Engine               - mouseSensitivity: 0.2
23:21:52.866 [FXGL Background Thread 3 ] DEBUG Engine               - notificationViewClass: class com.almasb.fxgl.notification.view.XboxNotificationView
23:21:52.866 [FXGL Background Thread 3 ] DEBUG Engine               - pixelsPerMeter: 50.0
23:21:52.866 [FXGL Background Thread 3 ] DEBUG Engine               - platform: WINDOWS
23:21:52.866 [FXGL Background Thread 3 ] DEBUG Engine               - prefHeightProperty: ReadOnlyDoubleProperty [value: 720.0]
23:21:52.867 [FXGL Background Thread 3 ] DEBUG Engine               - prefWidthProperty: ReadOnlyDoubleProperty [value: 1280.0]
23:21:52.867 [FXGL Background Thread 3 ] DEBUG Engine               - profileDir: profiles/
23:21:52.868 [FXGL Background Thread 3 ] DEBUG Engine               - profileName: StringProperty [value: DEFAULT]
23:21:52.868 [FXGL Background Thread 3 ] DEBUG Engine               - randomSeed: -1
23:21:52.868 [FXGL Background Thread 3 ] DEBUG Engine               - runtimeInfo: RuntimeInfo(platform=WINDOWS, version=21.1, build=27.03.2024 07.52)
23:21:52.868 [FXGL Background Thread 3 ] DEBUG Engine               - saveFileExt: sav
23:21:52.868 [FXGL Background Thread 3 ] DEBUG Engine               - scaledHeightProp$fxgl: DoubleProperty [bound, value: 864.0]
23:21:52.869 [FXGL Background Thread 3 ] DEBUG Engine               - scaledWidthProp$fxgl: DoubleProperty [bound, value: 1536.0]
23:21:52.869 [FXGL Background Thread 3 ] DEBUG Engine               - sceneFactory: com.almasb.fxgl.app.scene.SceneFactory@23c288e3
23:21:52.869 [FXGL Background Thread 3 ] DEBUG Engine               - secondsIn24h: 60
23:21:52.869 [FXGL Background Thread 3 ] DEBUG Engine               - soundMenuBack: menu/back.wav
23:21:52.869 [FXGL Background Thread 3 ] DEBUG Engine               - soundMenuPress: menu/press.wav
23:21:52.869 [FXGL Background Thread 3 ] DEBUG Engine               - soundMenuSelect: menu/select.wav
23:21:52.869 [FXGL Background Thread 3 ] DEBUG Engine               - soundNotification: core/notification.wav
23:21:52.869 [FXGL Background Thread 3 ] DEBUG Engine               - stageStyle: DECORATED
23:21:52.869 [FXGL Background Thread 3 ] DEBUG Engine               - supportedLanguages: [ENGLISH, FRENCH, GERMAN, HUNGARIAN, RUSSIAN]
23:21:52.869 [FXGL Background Thread 3 ] DEBUG Engine               - ticksPerSecond: -1
23:21:52.870 [FXGL Background Thread 3 ] DEBUG Engine               - title: Final Journey
23:21:52.870 [FXGL Background Thread 3 ] DEBUG Engine               - urlGithub: https://github.com/AlmasB/FXGL
23:21:52.870 [FXGL Background Thread 3 ] DEBUG Engine               - urlLeaderboard: http://fxgl-top.herokuapp.com/
23:21:52.870 [FXGL Background Thread 3 ] DEBUG Engine               - urlPOM: https://raw.githubusercontent.com/AlmasB/FXGL/release/README.md
23:21:52.870 [FXGL Background Thread 3 ] DEBUG Engine               - userAppClass: class com.project.App
23:21:52.870 [FXGL Background Thread 3 ] DEBUG Engine               - version: Alpha
23:21:52.870 [FXGL Background Thread 3 ] DEBUG Engine               - versionCheckDays: 7
23:21:52.870 [FXGL Background Thread 3 ] DEBUG Engine               - width: 1280
23:21:52.870 [FXGL Background Thread 3 ] DEBUG Engine               - Logging services
23:21:52.870 [FXGL Background Thread 3 ] DEBUG Engine               - class com.almasb.fxgl.app.services.FXGLAssetLoaderService
23:21:52.870 [FXGL Background Thread 3 ] DEBUG Engine               - class com.almasb.fxgl.app.FXGLApplication$GameApplicationService
23:21:52.870 [FXGL Background Thread 3 ] DEBUG Engine               - class com.almasb.fxgl.app.services.FXGLDialogService
23:21:52.871 [FXGL Background Thread 3 ] DEBUG Engine               - class com.almasb.fxgl.app.services.IOTaskExecutorService
23:21:52.871 [FXGL Background Thread 3 ] DEBUG Engine               - class com.almasb.fxgl.io.FileSystemService
23:21:52.871 [FXGL Background Thread 3 ] DEBUG Engine               - class com.almasb.fxgl.localization.LocalizationService
23:21:52.871 [FXGL Background Thread 3 ] DEBUG Engine               - class com.almasb.fxgl.app.services.SystemBundleService
23:21:52.871 [FXGL Background Thread 3 ] DEBUG Engine               - class com.almasb.fxgl.profile.SaveLoadService
23:21:52.871 [FXGL Background Thread 3 ] DEBUG Engine               - class com.almasb.fxgl.ui.FXGLUIFactoryServiceProvider
23:21:52.871 [FXGL Background Thread 3 ] DEBUG Engine               - class com.almasb.fxgl.ui.FXGLDialogFactoryServiceProvider
23:21:52.871 [FXGL Background Thread 3 ] DEBUG Engine               - class com.almasb.fxgl.audio.AudioPlayer
23:21:52.871 [FXGL Background Thread 3 ] DEBUG Engine               - class com.almasb.fxgl.notification.impl.NotificationServiceProvider
23:21:52.871 [FXGL Background Thread 3 ] DEBUG Engine               - class com.almasb.fxgl.achievement.AchievementService
23:21:52.871 [FXGL Background Thread 3 ] DEBUG Engine               - class com.almasb.fxgl.cutscene.CutsceneService
23:21:52.871 [FXGL Background Thread 3 ] DEBUG Engine               - class com.almasb.fxgl.minigames.MiniGameService
23:21:52.871 [FXGL Background Thread 3 ] DEBUG Engine               - class com.almasb.fxgl.net.NetService
23:21:52.871 [FXGL Background Thread 3 ] DEBUG Engine               - class com.almasb.fxgl.app.services.UpdaterService
23:21:52.871 [FXGL Background Thread 3 ] DEBUG Engine               - class com.almasb.fxgl.dev.DevService
23:22:56.646 [JavaFX Application Thread] DEBUG FXGLApplication      - Exiting FXGL
23:22:56.646 [JavaFX Application Thread] DEBUG LoopRunner           - Stopping loop
23:22:56.646 [JavaFX Application Thread] DEBUG SystemBundleService  - Saving FXGL system data
23:22:56.648 [JavaFX Application Thread] DEBUG FileSystemAccess     - Writing to: C:\Users\Lenovo\projectjava\myproject\myproject\system\fxgl.bundle
23:22:56.653 [JavaFX Application Thread] DEBUG Async                - Shutting down background threads
23:22:56.654 [JavaFX Application Thread] DEBUG PrimaryStageWindow   - Closing main window
23:22:56.691 [JavaFX Application Thread] DEBUG Logger               - Closing Logger
