02:29:43.430 [main                     ] DEBUG Logger               - Configured Logger
02:29:43.446 [main                     ] DEBUG GameApplication      - Logging settings
Title: Final Journey
Version: Alpha
Width: 1280
Height: 720
Fullscreen: true
Intro: false
Profiling: false
Single step:false
App Mode: DEVELOPER
Menu Key: ESCAPE
Stage Style: DECORATED
Scene Factory: class com.almasb.fxgl.app.scene.SceneFactory

02:29:43.887 [JavaFX Application Thread] DEBUG FXGLApplication      - Initializing FXGL
02:29:43.891 [JavaFX Application Thread] INFO  Engine               - FXGL-21.1 (27.03.2024 07.52) on WINDOWS (J:21.0.5 FX:21.0.1)
02:29:43.891 [JavaFX Application Thread] DEBUG Engine               - JRE Vendor Name: Eclipse Adoptium
02:29:43.891 [JavaFX Application Thread] DEBUG Engine               - Running on OS: Windows 11 version 10.0
02:29:43.891 [JavaFX Application Thread] DEBUG Engine               - Architecture: amd64
02:29:43.891 [JavaFX Application Thread] INFO  Engine               - Source code and latest versions at: https://github.com/AlmasB/FXGL
02:29:43.892 [JavaFX Application Thread] INFO  Engine               -       Ask questions and discuss at: https://github.com/AlmasB/FXGL/discussions
02:29:43.892 [JavaFX Application Thread] INFO  Engine               -              Join the FXGL chat at: https://gitter.im/AlmasB/FXGL
02:29:43.997 [JavaFX Application Thread] DEBUG PrimaryStageWindow   - Creating a JavaFX scene
02:29:44.045 [JavaFX Application Thread] DEBUG PrimaryStageWindow   - Target settings size: 1280.0 x 720.0
02:29:44.046 [JavaFX Application Thread] DEBUG PrimaryStageWindow   - Scaled scene size:    1280.0 x 720.0
02:29:44.046 [JavaFX Application Thread] DEBUG PrimaryStageWindow   - Scaled ratio: (1.0, 1.0)
02:29:44.047 [JavaFX Application Thread] DEBUG PrimaryStageWindow   - Set initial scene to FXGLStartupScene
02:29:44.052 [JavaFX Application Thread] DEBUG PrimaryStageWindow   - Opening main window
02:29:44.159 [JavaFX Application Thread] DEBUG PrimaryStageWindow   - Window border size: (14.4000244140625, 37.5999755859375)
02:29:44.159 [JavaFX Application Thread] DEBUG PrimaryStageWindow   - Scaled size: 1280.0 x 720.0
02:29:44.159 [JavaFX Application Thread] DEBUG PrimaryStageWindow   - Scaled ratio: (1.0, 1.0)
02:29:44.160 [JavaFX Application Thread] DEBUG PrimaryStageWindow   - Scene size: 1280.0 x 720.0
02:29:44.160 [JavaFX Application Thread] DEBUG PrimaryStageWindow   - Stage size: 1294.4000244140625 x 757.5999755859375
02:29:44.232 [JavaFX Application Thread] DEBUG PrimaryStageWindow   - Going fullscreen
02:29:44.248 [FXGL Background Thread 1 ] DEBUG Engine               - Initializing environment variables
02:29:44.304 [FXGL Background Thread 1 ] DEBUG FXGLAssetLoaderServi - User app class for loading assets: class com.project.App
02:29:44.304 [FXGL Background Thread 1 ] DEBUG GameApplicationServi - Applying CSS: fxgl_dark.css
02:29:44.305 [FXGL Background Thread 1 ] DEBUG FXGLAssetLoaderServi - Loading from file system: jar:file:/C:/Users/Lenovo/.m2/repository/com/github/almasb/fxgl/21.1/fxgl-21.1.jar!/fxglassets/ui/css/fxgl_dark.css
02:29:44.340 [FXGL Background Thread 1 ] DEBUG GameApplicationServi - Initializing application scenes
02:29:44.380 [FXGL Background Thread 1 ] DEBUG GameWorld            - Game world initialized
02:29:44.440 [FXGL Background Thread 1 ] DEBUG PhysicsWorld         - Physics world initialized: appHeight=720, physics.ppm=50.0
02:29:44.440 [FXGL Background Thread 1 ] DEBUG PhysicsWorld         - Using strategy: BRUTE_FORCE
02:29:44.443 [FXGL Background Thread 1 ] DEBUG GameScene            - Game scene initialized: 1280x720
02:29:44.455 [FXGL Background Thread 1 ] DEBUG FXGL.DefaultMenu     - createMenuBodyGameMenu()
02:29:44.474 [FXGL Background Thread 1 ] DEBUG FXGL.DefaultMenu     - createOptionsMenu()
02:29:44.484 [FXGL Background Thread 1 ] DEBUG FXGLAssetLoaderServi - Loading from file system: jar:file:/C:/Users/Lenovo/.m2/repository/com/github/almasb/fxgl/21.1/fxgl-21.1.jar!/fxglassets/textures/particles/smoke.png
02:29:44.592 [FXGL Background Thread 1 ] DEBUG FXGLAssetLoaderServi - Loading from file system: jar:file:/C:/Users/Lenovo/.m2/repository/com/github/almasb/fxgl/21.1/fxgl-21.1.jar!/fxglassets/textures/particles/trace_horizontal.png
02:29:44.616 [FXGL Background Thread 1 ] DEBUG GameApplicationServi - Application scenes initialized
02:29:44.629 [FXGL Background Thread 1 ] DEBUG SystemBundleService  - Loading FXGL system data
02:29:44.634 [FXGL Background Thread 1 ] DEBUG FileSystemAccess     - Reading from: C:\Users\Lenovo\ProjectJava3.0\myproject\myproject\system\fxgl.bundle
02:29:44.642 [FXGL Background Thread 1 ] DEBUG SystemBundleService  - Bundle FXGL: {}
02:29:44.643 [FXGL Background Thread 1 ] DEBUG UpdaterService       - Checking for updates
02:29:44.676 [FXGL Background Thread 4 ] DEBUG FXGLApplication      - Loading fonts
02:29:44.676 [FXGL Background Thread 4 ] DEBUG FXGLAssetLoaderServi - Loading from file system: jar:file:/C:/Users/Lenovo/.m2/repository/com/github/almasb/fxgl/21.1/fxgl-21.1.jar!/fxglassets/ui/fonts/VarelaRound-Regular.ttf
02:29:44.677 [FXGL Background Thread 1 ] DEBUG FXGLApplication      - Loading default localization
02:29:44.677 [FXGL Background Thread 1 ] DEBUG FXGLAssetLoaderServi - Loading from file system: jar:file:/C:/Users/Lenovo/.m2/repository/com/github/almasb/fxgl/21.1/fxgl-21.1.jar!/fxglassets/languages/english.lang
02:29:44.705 [FXGL Background Thread 1 ] INFO  FXGLApplication      - FXGL initialization took: 0.457 sec
02:29:44.709 [FXGL Background Thread 4 ] DEBUG FXGLAssetLoaderServi - Loading from file system: jar:file:/C:/Users/Lenovo/.m2/repository/com/github/almasb/fxgl/21.1/fxgl-21.1.jar!/fxglassets/ui/fonts/Abel-Regular.ttf
02:29:44.713 [FXGL Background Thread 4 ] DEBUG FXGLAssetLoaderServi - Loading from file system: jar:file:/C:/Users/Lenovo/.m2/repository/com/github/almasb/fxgl/21.1/fxgl-21.1.jar!/fxglassets/ui/fonts/TerminalLandMono-Regular.otf
02:29:44.717 [JavaFX Application Thread] DEBUG Input                - Registered new binding: Right - D
02:29:44.717 [JavaFX Application Thread] DEBUG Input                - Registered new binding: Left - A
02:29:44.717 [JavaFX Application Thread] DEBUG Input                - Registered new binding: Up - W
02:29:44.718 [JavaFX Application Thread] DEBUG Input                - Registered new binding: Down - S
02:29:44.718 [JavaFX Application Thread] DEBUG Input                - Registered new binding: Interact - E
02:29:44.718 [FXGL Background Thread 4 ] DEBUG FXGLAssetLoaderServi - Loading from file system: jar:file:/C:/Users/Lenovo/.m2/repository/com/github/almasb/fxgl/21.1/fxgl-21.1.jar!/fxglassets/ui/fonts/Courier-Prime.ttf
02:29:44.718 [JavaFX Application Thread] DEBUG FXGLAssetLoaderServi - Loading from file system: jar:file:/C:/Users/Lenovo/.m2/repository/com/github/almasb/fxgl/21.1/fxgl-21.1.jar!/fxglassets/textures/fxgl_icon.png
02:29:44.736 [JavaFX Application Thread] DEBUG FXGLAssetLoaderServi - Loading from file system: jar:file:/C:/Users/Lenovo/.m2/repository/com/github/almasb/fxgl/21.1/fxgl-21.1.jar!/fxglassets/textures/fxgl_default_cursor.png
02:29:44.739 [JavaFX Application Thread] DEBUG Input                - Registered new binding: Screenshot - CTRL+8
02:29:44.739 [JavaFX Application Thread] DEBUG Input                - Registered new binding: Dev Options - 1
02:29:44.740 [JavaFX Application Thread] DEBUG Input                - Registered new binding: Dev Console - 2
02:29:44.740 [JavaFX Application Thread] DEBUG Input                - Registered new binding: System info dump - CTRL+9
02:29:44.742 [JavaFX Application Thread] DEBUG Input                - Registered new binding: Restart - CTRL+R
02:29:44.743 [JavaFX Application Thread] DEBUG Input                - Registered new binding: Toggle Debug Camera - CTRL+7
02:29:44.748 [JavaFX Application Thread] DEBUG LoopRunner           - Starting loop
02:29:44.770 [JavaFX Application Thread] DEBUG LoopRunner           - Initializing JavaFX AnimationTimerLoop
02:29:44.772 [JavaFX Application Thread] DEBUG GameApplicationServi - Starting new game
02:29:44.774 [JavaFX Application Thread] DEBUG Input                - Clearing active input actions
02:29:44.787 [JavaFX Application Thread] DEBUG GameApplicationServi - Removing overlay from FXGLStartupScene and adding to FXGLLoadingScene
02:29:44.790 [JavaFX Application Thread] DEBUG PrimaryStageWindow   - FXGLStartupScene -> FXGLLoadingScene
02:29:44.791 [JavaFX Application Thread] DEBUG GameApplicationServi - Clearing previous game
02:29:44.791 [JavaFX Application Thread] DEBUG GameScene            - Clearing game scene
02:29:44.791 [JavaFX Application Thread] DEBUG GameWorld            - Clearing game world
02:29:44.791 [JavaFX Application Thread] DEBUG PhysicsWorld         - Clearing physics world
02:29:44.792 [JavaFX Application Thread] DEBUG FXGLApplication      - Registering font factories with UI factory
02:29:44.792 [FXGL Background Thread 4 ] DEBUG FXGLApplication      - Initializing game
02:29:44.837 [FXGL Background Thread 4 ] WARN  TMXLevelLoader       - TiledMap generated from 1.11.2. Supported version: 1.9.0. Some features may not be parsed fully.
02:29:44.871 [FXGL Background Thread 4 ] DEBUG TMXLevelLoader       - Parsed TiledMap: file:/C:/Users/Lenovo/ProjectJava3.0/myproject/myproject/target/classes/assets/levels/scene1.tmx
02:29:44.872 [FXGL Background Thread 4 ] DEBUG TMXLevelLoader       - Creating tile layer entities
02:29:44.876 [FXGL Background Thread 4 ] DEBUG TilesetLoader        - Loading view for layer lowefloor
02:29:44.877 [FXGL Background Thread 4 ] DEBUG TilesetLoader        - Created buffer with size 512.0x1024.0
02:29:44.960 [FXGL Background Thread 4 ] DEBUG TilesetLoader        - Loading view for layer cliff
02:29:44.960 [FXGL Background Thread 4 ] DEBUG TilesetLoader        - Created buffer with size 512.0x1024.0
02:29:44.962 [FXGL Background Thread 4 ] DEBUG TilesetLoader        - Loading view for layer cliff1
02:29:44.964 [FXGL Background Thread 4 ] DEBUG TilesetLoader        - Created buffer with size 512.0x1024.0
02:29:44.967 [FXGL Background Thread 4 ] DEBUG TilesetLoader        - Loading view for layer cliff2
02:29:44.967 [FXGL Background Thread 4 ] DEBUG TilesetLoader        - Created buffer with size 512.0x1024.0
02:29:44.969 [FXGL Background Thread 4 ] DEBUG TilesetLoader        - Loading view for layer Tile Layer 3
02:29:44.969 [FXGL Background Thread 4 ] DEBUG TilesetLoader        - Created buffer with size 512.0x1024.0
02:29:44.970 [FXGL Background Thread 4 ] DEBUG TilesetLoader        - Loading view for layer Tile Layer 6
02:29:44.972 [FXGL Background Thread 4 ] DEBUG TilesetLoader        - Created buffer with size 512.0x1024.0
02:29:45.106 [FXGL Background Thread 4 ] DEBUG TilesetLoader        - Loading view for layer prop
02:29:45.107 [FXGL Background Thread 4 ] DEBUG TilesetLoader        - Created buffer with size 512.0x1024.0
02:29:45.108 [FXGL Background Thread 4 ] DEBUG TMXLevelLoader       - Creating object layer entities
02:29:45.145 [FXGL Background Thread 4 ] DEBUG FXGLAssetLoaderServi - Loading from file system: file:/C:/Users/Lenovo/ProjectJava3.0/myproject/myproject/target/classes/assets/textures/Actor1.png
02:29:45.163 [FXGL Background Thread 4 ] DEBUG FXGLAssetLoaderServi - Loading from file system: file:/C:/Users/Lenovo/ProjectJava3.0/myproject/myproject/target/classes/assets/textures/Rex.png
02:29:45.168 [FXGL Background Thread 4 ] WARN  TMXLevelLoader       - TiledMap generated from 1.11.2. Supported version: 1.9.0. Some features may not be parsed fully.
02:29:45.182 [FXGL Background Thread 4 ] DEBUG TMXLevelLoader       - Parsed TiledMap: file:/C:/Users/Lenovo/ProjectJava3.0/myproject/myproject/target/classes/assets/levels/scene1.tmx
02:29:45.182 [FXGL Background Thread 4 ] DEBUG TMXLevelLoader       - Creating tile layer entities
02:29:45.183 [FXGL Background Thread 4 ] DEBUG TilesetLoader        - Loading view for layer lowefloor
02:29:45.183 [FXGL Background Thread 4 ] DEBUG TilesetLoader        - Created buffer with size 512.0x1024.0
02:29:45.211 [FXGL Background Thread 4 ] DEBUG TilesetLoader        - Loading view for layer cliff
02:29:45.212 [FXGL Background Thread 4 ] DEBUG TilesetLoader        - Created buffer with size 512.0x1024.0
02:29:45.213 [FXGL Background Thread 4 ] DEBUG TilesetLoader        - Loading view for layer cliff1
02:29:45.214 [FXGL Background Thread 4 ] DEBUG TilesetLoader        - Created buffer with size 512.0x1024.0
02:29:45.214 [FXGL Background Thread 4 ] DEBUG TilesetLoader        - Loading view for layer cliff2
02:29:45.216 [FXGL Background Thread 4 ] DEBUG TilesetLoader        - Created buffer with size 512.0x1024.0
02:29:45.217 [FXGL Background Thread 4 ] DEBUG TilesetLoader        - Loading view for layer Tile Layer 3
02:29:45.218 [FXGL Background Thread 4 ] DEBUG TilesetLoader        - Created buffer with size 512.0x1024.0
02:29:45.219 [FXGL Background Thread 4 ] DEBUG TilesetLoader        - Loading view for layer Tile Layer 6
02:29:45.219 [FXGL Background Thread 4 ] DEBUG TilesetLoader        - Created buffer with size 512.0x1024.0
02:29:45.269 [FXGL Background Thread 4 ] DEBUG TilesetLoader        - Loading view for layer prop
02:29:45.269 [FXGL Background Thread 4 ] DEBUG TilesetLoader        - Created buffer with size 512.0x1024.0
02:29:45.270 [FXGL Background Thread 4 ] DEBUG TMXLevelLoader       - Creating object layer entities
02:29:45.280 [FXGL Background Thread 4 ] DEBUG GameWorld            - Clearing removable entities
02:29:45.281 [FXGL Background Thread 4 ] DEBUG GameWorld            - Setting level: com.almasb.fxgl.entity.level.Level@28237849
02:29:45.292 [FXGL Background Thread 4 ] INFO  FXGLApplication      - Game initialization took: 0.499 sec
02:29:45.293 [JavaFX Application Thread] DEBUG Input                - Clearing active input actions
02:29:45.306 [JavaFX Application Thread] DEBUG GameApplicationServi - Removing overlay from FXGLLoadingScene and adding to GameScene
02:29:45.311 [JavaFX Application Thread] DEBUG PrimaryStageWindow   - FXGLLoadingScene -> GameScene
02:29:47.675 [FXGL Background Thread 3 ] DEBUG Engine               - Logging environment variables
02:29:47.676 [FXGL Background Thread 3 ] DEBUG Engine               - achievements: []
02:29:47.676 [FXGL Background Thread 3 ] DEBUG Engine               - actualHeight: 864.0
02:29:47.676 [FXGL Background Thread 3 ] DEBUG Engine               - actualHeightProperty: ReadOnlyDoubleProperty [value: 864.0]
02:29:47.676 [FXGL Background Thread 3 ] DEBUG Engine               - actualWidth: 1536.0
02:29:47.676 [FXGL Background Thread 3 ] DEBUG Engine               - actualWidthProperty: ReadOnlyDoubleProperty [value: 1536.0]
02:29:47.676 [FXGL Background Thread 3 ] DEBUG Engine               - appIcon: fxgl_icon.png
02:29:47.677 [FXGL Background Thread 3 ] DEBUG Engine               - applicationMode: DEVELOPER
02:29:47.677 [FXGL Background Thread 3 ] DEBUG Engine               - cSSList: [fxgl_dark.css]
02:29:47.677 [FXGL Background Thread 3 ] DEBUG Engine               - collisionDetectionStrategy: BRUTE_FORCE
02:29:47.677 [FXGL Background Thread 3 ] DEBUG Engine               - configClass: Optional.empty
02:29:47.677 [FXGL Background Thread 3 ] DEBUG Engine               - credits: []
02:29:47.677 [FXGL Background Thread 3 ] DEBUG Engine               - defaultCursor: CursorInfo(imageName=fxgl_default_cursor.png, hotspotX=7.0, hotspotY=6.0)
02:29:47.678 [FXGL Background Thread 3 ] DEBUG Engine               - devBBoxColorProperty: ObjectProperty [value: 0xff0000ff]
02:29:47.678 [FXGL Background Thread 3 ] DEBUG Engine               - devEnableDebugCameraProperty: BooleanProperty [value: false]
02:29:47.678 [FXGL Background Thread 3 ] DEBUG Engine               - devSensorColorProperty: ObjectProperty [value: 0xffff00ff]
02:29:47.678 [FXGL Background Thread 3 ] DEBUG Engine               - devShowBBoxProperty: BooleanProperty [value: false]
02:29:47.678 [FXGL Background Thread 3 ] DEBUG Engine               - devShowPositionProperty: BooleanProperty [value: false]
02:29:47.678 [FXGL Background Thread 3 ] DEBUG Engine               - enabledMenuItems: []
02:29:47.678 [FXGL Background Thread 3 ] DEBUG Engine               - engineServices: [class com.almasb.fxgl.app.services.FXGLAssetLoaderService, class com.almasb.fxgl.app.FXGLApplication$GameApplicationService, class com.almasb.fxgl.app.services.FXGLDialogService, class com.almasb.fxgl.app.services.IOTaskExecutorService, class com.almasb.fxgl.io.FileSystemService, class com.almasb.fxgl.localization.LocalizationService, class com.almasb.fxgl.app.services.SystemBundleService, class com.almasb.fxgl.profile.SaveLoadService, class com.almasb.fxgl.ui.FXGLUIFactoryServiceProvider, class com.almasb.fxgl.ui.FXGLDialogFactoryServiceProvider, class com.almasb.fxgl.audio.AudioPlayer, class com.almasb.fxgl.notification.impl.NotificationServiceProvider, class com.almasb.fxgl.achievement.AchievementService, class com.almasb.fxgl.cutscene.CutsceneService, class com.almasb.fxgl.minigames.MiniGameService, class com.almasb.fxgl.net.NetService, class com.almasb.fxgl.app.services.UpdaterService, class com.almasb.fxgl.dev.DevService]
02:29:47.678 [FXGL Background Thread 3 ] DEBUG Engine               - fontGame: Abel-Regular.ttf
02:29:47.678 [FXGL Background Thread 3 ] DEBUG Engine               - fontMono: TerminalLandMono-Regular.otf
02:29:47.678 [FXGL Background Thread 3 ] DEBUG Engine               - fontSizeScaleUI: 1.0
02:29:47.678 [FXGL Background Thread 3 ] DEBUG Engine               - fontText: Courier-Prime.ttf
02:29:47.678 [FXGL Background Thread 3 ] DEBUG Engine               - fontUI: VarelaRound-Regular.ttf
02:29:47.678 [FXGL Background Thread 3 ] DEBUG Engine               - fullScreen: BooleanProperty [value: true]
02:29:47.679 [FXGL Background Thread 3 ] DEBUG Engine               - gameDifficulty: MEDIUM
02:29:47.679 [FXGL Background Thread 3 ] DEBUG Engine               - gameDifficultyProperty: ObjectProperty [value: MEDIUM]
02:29:47.679 [FXGL Background Thread 3 ] DEBUG Engine               - globalMusicVolume: 0.5
02:29:47.679 [FXGL Background Thread 3 ] DEBUG Engine               - globalMusicVolumeProperty: DoubleProperty [value: 0.5]
02:29:47.679 [FXGL Background Thread 3 ] DEBUG Engine               - globalSoundVolume: 0.5
02:29:47.679 [FXGL Background Thread 3 ] DEBUG Engine               - globalSoundVolumeProperty: DoubleProperty [value: 0.5]
02:29:47.679 [FXGL Background Thread 3 ] DEBUG Engine               - height: 720
02:29:47.679 [FXGL Background Thread 3 ] DEBUG Engine               - is3D: false
02:29:47.680 [FXGL Background Thread 3 ] DEBUG Engine               - isAndroid: false
02:29:47.680 [FXGL Background Thread 3 ] DEBUG Engine               - isBrowser: false
02:29:47.680 [FXGL Background Thread 3 ] DEBUG Engine               - isClickFeedbackEnabled: false
02:29:47.680 [FXGL Background Thread 3 ] DEBUG Engine               - isCloseConfirmation: false
02:29:47.680 [FXGL Background Thread 3 ] DEBUG Engine               - isDesktop: true
02:29:47.681 [FXGL Background Thread 3 ] DEBUG Engine               - isDeveloperMenuEnabled: true
02:29:47.681 [FXGL Background Thread 3 ] DEBUG Engine               - isEmbedded: false
02:29:47.681 [FXGL Background Thread 3 ] DEBUG Engine               - isEntityPreloadEnabled: true
02:29:47.682 [FXGL Background Thread 3 ] DEBUG Engine               - isExperimentalTiledLargeMap: false
02:29:47.682 [FXGL Background Thread 3 ] DEBUG Engine               - isFileSystemWriteAllowed: true
02:29:47.682 [FXGL Background Thread 3 ] DEBUG Engine               - isFullScreenAllowed: true
02:29:47.682 [FXGL Background Thread 3 ] DEBUG Engine               - isFullScreenFromStart: true
02:29:47.682 [FXGL Background Thread 3 ] DEBUG Engine               - isGameMenuEnabled: true
02:29:47.682 [FXGL Background Thread 3 ] DEBUG Engine               - isIOS: false
02:29:47.682 [FXGL Background Thread 3 ] DEBUG Engine               - isIntroEnabled: false
02:29:47.682 [FXGL Background Thread 3 ] DEBUG Engine               - isLinux: false
02:29:47.682 [FXGL Background Thread 3 ] DEBUG Engine               - isMac: false
02:29:47.682 [FXGL Background Thread 3 ] DEBUG Engine               - isMainMenuEnabled: false
02:29:47.682 [FXGL Background Thread 3 ] DEBUG Engine               - isManualResizeEnabled: false
02:29:47.682 [FXGL Background Thread 3 ] DEBUG Engine               - isMobile: false
02:29:47.682 [FXGL Background Thread 3 ] DEBUG Engine               - isNative: false
02:29:47.682 [FXGL Background Thread 3 ] DEBUG Engine               - isPauseMusicWhenMinimized: true
02:29:47.682 [FXGL Background Thread 3 ] DEBUG Engine               - isPreserveResizeRatio: false
02:29:47.682 [FXGL Background Thread 3 ] DEBUG Engine               - isProfilingEnabled: false
02:29:47.683 [FXGL Background Thread 3 ] DEBUG Engine               - isScaleAffectedOnResize: true
02:29:47.683 [FXGL Background Thread 3 ] DEBUG Engine               - isSingleStep: false
02:29:47.683 [FXGL Background Thread 3 ] DEBUG Engine               - isUserProfileEnabled: false
02:29:47.683 [FXGL Background Thread 3 ] DEBUG Engine               - isWindows: true
02:29:47.683 [FXGL Background Thread 3 ] DEBUG Engine               - language: ObjectProperty [value: ENGLISH]
02:29:47.683 [FXGL Background Thread 3 ] DEBUG Engine               - menuKey: ESCAPE
02:29:47.683 [FXGL Background Thread 3 ] DEBUG Engine               - mouseSensitivity: 0.2
02:29:47.683 [FXGL Background Thread 3 ] DEBUG Engine               - notificationViewClass: class com.almasb.fxgl.notification.view.XboxNotificationView
02:29:47.683 [FXGL Background Thread 3 ] DEBUG Engine               - pixelsPerMeter: 50.0
02:29:47.683 [FXGL Background Thread 3 ] DEBUG Engine               - platform: WINDOWS
02:29:47.683 [FXGL Background Thread 3 ] DEBUG Engine               - prefHeightProperty: ReadOnlyDoubleProperty [value: 720.0]
02:29:47.683 [FXGL Background Thread 3 ] DEBUG Engine               - prefWidthProperty: ReadOnlyDoubleProperty [value: 1280.0]
02:29:47.683 [FXGL Background Thread 3 ] DEBUG Engine               - profileDir: profiles/
02:29:47.683 [FXGL Background Thread 3 ] DEBUG Engine               - profileName: StringProperty [value: DEFAULT]
02:29:47.683 [FXGL Background Thread 3 ] DEBUG Engine               - randomSeed: -1
02:29:47.684 [FXGL Background Thread 3 ] DEBUG Engine               - runtimeInfo: RuntimeInfo(platform=WINDOWS, version=21.1, build=27.03.2024 07.52)
02:29:47.684 [FXGL Background Thread 3 ] DEBUG Engine               - saveFileExt: sav
02:29:47.684 [FXGL Background Thread 3 ] DEBUG Engine               - scaledHeightProp$fxgl: DoubleProperty [bound, value: 864.0]
02:29:47.684 [FXGL Background Thread 3 ] DEBUG Engine               - scaledWidthProp$fxgl: DoubleProperty [bound, value: 1536.0]
02:29:47.684 [FXGL Background Thread 3 ] DEBUG Engine               - sceneFactory: com.almasb.fxgl.app.scene.SceneFactory@3bd7107e
02:29:47.684 [FXGL Background Thread 3 ] DEBUG Engine               - secondsIn24h: 60
02:29:47.684 [FXGL Background Thread 3 ] DEBUG Engine               - soundMenuBack: menu/back.wav
02:29:47.684 [FXGL Background Thread 3 ] DEBUG Engine               - soundMenuPress: menu/press.wav
02:29:47.684 [FXGL Background Thread 3 ] DEBUG Engine               - soundMenuSelect: menu/select.wav
02:29:47.684 [FXGL Background Thread 3 ] DEBUG Engine               - soundNotification: core/notification.wav
02:29:47.684 [FXGL Background Thread 3 ] DEBUG Engine               - stageStyle: DECORATED
02:29:47.684 [FXGL Background Thread 3 ] DEBUG Engine               - supportedLanguages: [ENGLISH, FRENCH, GERMAN, HUNGARIAN, RUSSIAN]
02:29:47.684 [FXGL Background Thread 3 ] DEBUG Engine               - ticksPerSecond: -1
02:29:47.684 [FXGL Background Thread 3 ] DEBUG Engine               - title: Final Journey
02:29:47.684 [FXGL Background Thread 3 ] DEBUG Engine               - urlGithub: https://github.com/AlmasB/FXGL
02:29:47.684 [FXGL Background Thread 3 ] DEBUG Engine               - urlLeaderboard: http://fxgl-top.herokuapp.com/
02:29:47.684 [FXGL Background Thread 3 ] DEBUG Engine               - urlPOM: https://raw.githubusercontent.com/AlmasB/FXGL/release/README.md
02:29:47.685 [FXGL Background Thread 3 ] DEBUG Engine               - userAppClass: class com.project.App
02:29:47.685 [FXGL Background Thread 3 ] DEBUG Engine               - version: Alpha
02:29:47.685 [FXGL Background Thread 3 ] DEBUG Engine               - versionCheckDays: 7
02:29:47.685 [FXGL Background Thread 3 ] DEBUG Engine               - width: 1280
02:29:47.685 [FXGL Background Thread 3 ] DEBUG Engine               - Logging services
02:29:47.685 [FXGL Background Thread 3 ] DEBUG Engine               - class com.almasb.fxgl.app.services.FXGLAssetLoaderService
02:29:47.685 [FXGL Background Thread 3 ] DEBUG Engine               - class com.almasb.fxgl.app.FXGLApplication$GameApplicationService
02:29:47.685 [FXGL Background Thread 3 ] DEBUG Engine               - class com.almasb.fxgl.app.services.FXGLDialogService
02:29:47.685 [FXGL Background Thread 3 ] DEBUG Engine               - class com.almasb.fxgl.app.services.IOTaskExecutorService
02:29:47.685 [FXGL Background Thread 3 ] DEBUG Engine               - class com.almasb.fxgl.io.FileSystemService
02:29:47.685 [FXGL Background Thread 3 ] DEBUG Engine               - class com.almasb.fxgl.localization.LocalizationService
02:29:47.685 [FXGL Background Thread 3 ] DEBUG Engine               - class com.almasb.fxgl.app.services.SystemBundleService
02:29:47.685 [FXGL Background Thread 3 ] DEBUG Engine               - class com.almasb.fxgl.profile.SaveLoadService
02:29:47.686 [FXGL Background Thread 3 ] DEBUG Engine               - class com.almasb.fxgl.ui.FXGLUIFactoryServiceProvider
02:29:47.686 [FXGL Background Thread 3 ] DEBUG Engine               - class com.almasb.fxgl.ui.FXGLDialogFactoryServiceProvider
02:29:47.686 [FXGL Background Thread 3 ] DEBUG Engine               - class com.almasb.fxgl.audio.AudioPlayer
02:29:47.686 [FXGL Background Thread 3 ] DEBUG Engine               - class com.almasb.fxgl.notification.impl.NotificationServiceProvider
02:29:47.686 [FXGL Background Thread 3 ] DEBUG Engine               - class com.almasb.fxgl.achievement.AchievementService
02:29:47.686 [FXGL Background Thread 3 ] DEBUG Engine               - class com.almasb.fxgl.cutscene.CutsceneService
02:29:47.686 [FXGL Background Thread 3 ] DEBUG Engine               - class com.almasb.fxgl.minigames.MiniGameService
02:29:47.686 [FXGL Background Thread 3 ] DEBUG Engine               - class com.almasb.fxgl.net.NetService
02:29:47.686 [FXGL Background Thread 3 ] DEBUG Engine               - class com.almasb.fxgl.app.services.UpdaterService
02:29:47.686 [FXGL Background Thread 3 ] DEBUG Engine               - class com.almasb.fxgl.dev.DevService
02:29:47.862 [JavaFX Application Thread] DEBUG FXGLAssetLoaderServi - Loading from file system: file:/C:/Users/Lenovo/ProjectJava3.0/myproject/myproject/target/classes/assets/text/filetext.txt
02:29:47.863 [JavaFX Application Thread] DEBUG EventBus             - Firing event: com.GameEvent.CombatScene[source=javafx.event.Event$$Lambda/0x000001dea1172ba0@65e1f1d3]
02:29:47.866 [JavaFX Application Thread] WARN  TMXLevelLoader       - TiledMap generated from 1.11.2. Supported version: 1.9.0. Some features may not be parsed fully.
02:29:47.877 [JavaFX Application Thread] DEBUG TMXLevelLoader       - Parsed TiledMap: file:/C:/Users/Lenovo/ProjectJava3.0/myproject/myproject/target/classes/assets/levels/battle1.tmx
02:29:47.877 [JavaFX Application Thread] DEBUG TMXLevelLoader       - Creating tile layer entities
02:29:47.878 [JavaFX Application Thread] DEBUG TilesetLoader        - Loading view for layer Tile Layer 1
02:29:47.880 [JavaFX Application Thread] DEBUG TilesetLoader        - Created buffer with size 2048.0x1024.0
02:29:47.981 [JavaFX Application Thread] DEBUG TMXLevelLoader       - Creating object layer entities
02:29:47.983 [JavaFX Application Thread] DEBUG FXGLAssetLoaderServi - Loading from file system: file:/C:/Users/Lenovo/ProjectJava3.0/myproject/myproject/target/classes/assets/textures/Rex.png
02:29:47.989 [JavaFX Application Thread] DEBUG FXGLAssetLoaderServi - Loading from file system: file:/C:/Users/Lenovo/ProjectJava3.0/myproject/myproject/target/classes/assets/textures/Karee.png
02:29:47.993 [JavaFX Application Thread] DEBUG GameWorld            - Clearing removable entities
02:29:48.002 [JavaFX Application Thread] DEBUG GameWorld            - Setting level: com.almasb.fxgl.entity.level.Level@239e5ce4
02:29:48.005 [JavaFX Application Thread] WARN  TMXLevelLoader       - TiledMap generated from 1.11.2. Supported version: 1.9.0. Some features may not be parsed fully.
02:29:48.009 [JavaFX Application Thread] DEBUG TMXLevelLoader       - Parsed TiledMap: file:/C:/Users/Lenovo/ProjectJava3.0/myproject/myproject/target/classes/assets/levels/battle1.tmx
02:29:48.009 [JavaFX Application Thread] DEBUG TMXLevelLoader       - Creating tile layer entities
02:29:48.010 [JavaFX Application Thread] DEBUG TilesetLoader        - Loading view for layer Tile Layer 1
02:29:48.015 [JavaFX Application Thread] DEBUG TilesetLoader        - Created buffer with size 2048.0x1024.0
02:29:48.111 [JavaFX Application Thread] DEBUG TMXLevelLoader       - Creating object layer entities
02:29:54.726 [JavaFX Application Thread] DEBUG EventBus             - Firing event: com.GameEvent.BackMainScene[source=javafx.event.Event$$Lambda/0x000001dea1172ba0@65e1f1d3]
02:29:54.727 [JavaFX Application Thread] WARN  TMXLevelLoader       - TiledMap generated from 1.11.2. Supported version: 1.9.0. Some features may not be parsed fully.
02:29:54.740 [JavaFX Application Thread] DEBUG TMXLevelLoader       - Parsed TiledMap: file:/C:/Users/Lenovo/ProjectJava3.0/myproject/myproject/target/classes/assets/levels/scene1.tmx
02:29:54.740 [JavaFX Application Thread] DEBUG TMXLevelLoader       - Creating tile layer entities
02:29:54.740 [JavaFX Application Thread] DEBUG TilesetLoader        - Loading view for layer lowefloor
02:29:54.741 [JavaFX Application Thread] DEBUG TilesetLoader        - Created buffer with size 512.0x1024.0
02:29:54.765 [JavaFX Application Thread] DEBUG TilesetLoader        - Loading view for layer cliff
02:29:54.765 [JavaFX Application Thread] DEBUG TilesetLoader        - Created buffer with size 512.0x1024.0
02:29:54.766 [JavaFX Application Thread] DEBUG TilesetLoader        - Loading view for layer cliff1
02:29:54.766 [JavaFX Application Thread] DEBUG TilesetLoader        - Created buffer with size 512.0x1024.0
02:29:54.767 [JavaFX Application Thread] DEBUG TilesetLoader        - Loading view for layer cliff2
02:29:54.767 [JavaFX Application Thread] DEBUG TilesetLoader        - Created buffer with size 512.0x1024.0
02:29:54.767 [JavaFX Application Thread] DEBUG TilesetLoader        - Loading view for layer Tile Layer 3
02:29:54.768 [JavaFX Application Thread] DEBUG TilesetLoader        - Created buffer with size 512.0x1024.0
02:29:54.768 [JavaFX Application Thread] DEBUG TilesetLoader        - Loading view for layer Tile Layer 6
02:29:54.768 [JavaFX Application Thread] DEBUG TilesetLoader        - Created buffer with size 512.0x1024.0
02:29:54.813 [JavaFX Application Thread] DEBUG TilesetLoader        - Loading view for layer prop
02:29:54.814 [JavaFX Application Thread] DEBUG TilesetLoader        - Created buffer with size 512.0x1024.0
02:29:54.814 [JavaFX Application Thread] DEBUG TMXLevelLoader       - Creating object layer entities
02:29:54.821 [JavaFX Application Thread] DEBUG GameWorld            - Clearing removable entities
02:29:54.821 [JavaFX Application Thread] DEBUG GameWorld            - Setting level: com.almasb.fxgl.entity.level.Level@27ec2c67
02:29:54.826 [JavaFX Application Thread] WARN  TMXLevelLoader       - TiledMap generated from 1.11.2. Supported version: 1.9.0. Some features may not be parsed fully.
02:29:54.832 [JavaFX Application Thread] DEBUG TMXLevelLoader       - Parsed TiledMap: file:/C:/Users/Lenovo/ProjectJava3.0/myproject/myproject/target/classes/assets/levels/scene1.tmx
02:29:54.832 [JavaFX Application Thread] DEBUG TMXLevelLoader       - Creating tile layer entities
02:29:54.833 [JavaFX Application Thread] DEBUG TilesetLoader        - Loading view for layer lowefloor
02:29:54.837 [JavaFX Application Thread] DEBUG TilesetLoader        - Created buffer with size 512.0x1024.0
02:29:54.856 [JavaFX Application Thread] DEBUG TilesetLoader        - Loading view for layer cliff
02:29:54.857 [JavaFX Application Thread] DEBUG TilesetLoader        - Created buffer with size 512.0x1024.0
02:29:54.857 [JavaFX Application Thread] DEBUG TilesetLoader        - Loading view for layer cliff1
02:29:54.857 [JavaFX Application Thread] DEBUG TilesetLoader        - Created buffer with size 512.0x1024.0
02:29:54.858 [JavaFX Application Thread] DEBUG TilesetLoader        - Loading view for layer cliff2
02:29:54.858 [JavaFX Application Thread] DEBUG TilesetLoader        - Created buffer with size 512.0x1024.0
02:29:54.858 [JavaFX Application Thread] DEBUG TilesetLoader        - Loading view for layer Tile Layer 3
02:29:54.859 [JavaFX Application Thread] DEBUG TilesetLoader        - Created buffer with size 512.0x1024.0
02:29:54.859 [JavaFX Application Thread] DEBUG TilesetLoader        - Loading view for layer Tile Layer 6
02:29:54.859 [JavaFX Application Thread] DEBUG TilesetLoader        - Created buffer with size 512.0x1024.0
02:29:54.902 [JavaFX Application Thread] DEBUG TilesetLoader        - Loading view for layer prop
02:29:54.902 [JavaFX Application Thread] DEBUG TilesetLoader        - Created buffer with size 512.0x1024.0
02:29:54.903 [JavaFX Application Thread] DEBUG TMXLevelLoader       - Creating object layer entities
02:30:23.426 [JavaFX Application Thread] DEBUG FXGLApplication      - Exiting FXGL
02:30:23.426 [JavaFX Application Thread] DEBUG LoopRunner           - Stopping loop
02:30:23.426 [JavaFX Application Thread] DEBUG SystemBundleService  - Saving FXGL system data
02:30:23.429 [JavaFX Application Thread] DEBUG FileSystemAccess     - Writing to: C:\Users\Lenovo\ProjectJava3.0\myproject\myproject\system\fxgl.bundle
02:30:23.432 [JavaFX Application Thread] DEBUG Async                - Shutting down background threads
02:30:23.432 [JavaFX Application Thread] DEBUG PrimaryStageWindow   - Closing main window
02:30:23.466 [JavaFX Application Thread] DEBUG Logger               - Closing Logger
