23:55:24.785 [main                     ] DEBUG Logger               - Configured Logger
23:55:24.808 [main                     ] DEBUG GameApplication      - Logging settings
Title: Final Journey
Version: Alpha
Width: 1280
Height: 720
Fullscreen: true
Intro: false
Profiling: false
Single step:false
App Mode: DEVELOPER
Menu Key: ESCAPE
Stage Style: DECORATED
Scene Factory: class com.almasb.fxgl.app.scene.SceneFactory

23:55:25.244 [JavaFX Application Thread] DEBUG FXGLApplication      - Initializing FXGL
23:55:25.247 [JavaFX Application Thread] INFO  Engine               - FXGL-21.1 (27.03.2024 07.52) on WINDOWS (J:21.0.6 FX:21.0.1)
23:55:25.247 [JavaFX Application Thread] DEBUG Engine               - JRE Vendor Name: Eclipse Adoptium
23:55:25.247 [JavaFX Application Thread] DEBUG Engine               - Running on OS: Windows 11 version 10.0
23:55:25.247 [JavaFX Application Thread] DEBUG Engine               - Architecture: amd64
23:55:25.247 [JavaFX Application Thread] INFO  Engine               - Source code and latest versions at: https://github.com/AlmasB/FXGL
23:55:25.248 [JavaFX Application Thread] INFO  Engine               -       Ask questions and discuss at: https://github.com/AlmasB/FXGL/discussions
23:55:25.248 [JavaFX Application Thread] INFO  Engine               -              Join the FXGL chat at: https://gitter.im/AlmasB/FXGL
23:55:25.349 [JavaFX Application Thread] DEBUG PrimaryStageWindow   - Creating a JavaFX scene
23:55:25.397 [JavaFX Application Thread] DEBUG PrimaryStageWindow   - Target settings size: 1280.0 x 720.0
23:55:25.397 [JavaFX Application Thread] DEBUG PrimaryStageWindow   - Scaled scene size:    1280.0 x 720.0
23:55:25.397 [JavaFX Application Thread] DEBUG PrimaryStageWindow   - Scaled ratio: (1.0, 1.0)
23:55:25.398 [JavaFX Application Thread] DEBUG PrimaryStageWindow   - Set initial scene to FXGLStartupScene
23:55:25.403 [JavaFX Application Thread] DEBUG PrimaryStageWindow   - Opening main window
23:55:25.517 [JavaFX Application Thread] DEBUG PrimaryStageWindow   - Window border size: (14.4000244140625, 37.5999755859375)
23:55:25.517 [JavaFX Application Thread] DEBUG PrimaryStageWindow   - Scaled size: 1280.0 x 720.0
23:55:25.517 [JavaFX Application Thread] DEBUG PrimaryStageWindow   - Scaled ratio: (1.0, 1.0)
23:55:25.518 [JavaFX Application Thread] DEBUG PrimaryStageWindow   - Scene size: 1280.0 x 720.0
23:55:25.518 [JavaFX Application Thread] DEBUG PrimaryStageWindow   - Stage size: 1294.4000244140625 x 757.5999755859375
23:55:25.616 [JavaFX Application Thread] DEBUG PrimaryStageWindow   - Going fullscreen
23:55:25.629 [FXGL Background Thread 1 ] DEBUG Engine               - Initializing environment variables
23:55:25.686 [FXGL Background Thread 1 ] DEBUG FXGLAssetLoaderServi - User app class for loading assets: class com.project.App
23:55:25.686 [FXGL Background Thread 1 ] DEBUG GameApplicationServi - Applying CSS: fxgl_dark.css
23:55:25.686 [FXGL Background Thread 1 ] DEBUG FXGLAssetLoaderServi - Loading from file system: jar:file:/C:/Users/frank/.m2/repository/com/github/almasb/fxgl/21.1/fxgl-21.1.jar!/fxglassets/ui/css/fxgl_dark.css
23:55:25.721 [FXGL Background Thread 1 ] DEBUG GameApplicationServi - Initializing application scenes
23:55:25.785 [FXGL Background Thread 1 ] DEBUG GameWorld            - Game world initialized
23:55:25.851 [FXGL Background Thread 1 ] DEBUG PhysicsWorld         - Physics world initialized: appHeight=720, physics.ppm=50.0
23:55:25.851 [FXGL Background Thread 1 ] DEBUG PhysicsWorld         - Using strategy: BRUTE_FORCE
23:55:25.855 [FXGL Background Thread 1 ] DEBUG GameScene            - Game scene initialized: 1280x720
23:55:25.866 [FXGL Background Thread 1 ] DEBUG FXGL.DefaultMenu     - createMenuBodyGameMenu()
23:55:25.880 [FXGL Background Thread 1 ] DEBUG FXGL.DefaultMenu     - createOptionsMenu()
23:55:25.889 [FXGL Background Thread 1 ] DEBUG FXGLAssetLoaderServi - Loading from file system: jar:file:/C:/Users/frank/.m2/repository/com/github/almasb/fxgl/21.1/fxgl-21.1.jar!/fxglassets/textures/particles/smoke.png
23:55:26.001 [FXGL Background Thread 1 ] DEBUG FXGLAssetLoaderServi - Loading from file system: jar:file:/C:/Users/frank/.m2/repository/com/github/almasb/fxgl/21.1/fxgl-21.1.jar!/fxglassets/textures/particles/trace_horizontal.png
23:55:26.026 [FXGL Background Thread 1 ] DEBUG GameApplicationServi - Application scenes initialized
23:55:26.037 [FXGL Background Thread 1 ] DEBUG SystemBundleService  - Loading FXGL system data
23:55:26.043 [FXGL Background Thread 1 ] DEBUG FileSystemAccess     - Reading from: C:\Users\frank\Desktop\ProjectFun\myproject\myproject\system\fxgl.bundle
23:55:26.050 [FXGL Background Thread 1 ] DEBUG SystemBundleService  - Bundle FXGL: {}
23:55:26.051 [FXGL Background Thread 1 ] DEBUG UpdaterService       - Checking for updates
23:55:26.081 [FXGL Background Thread 4 ] DEBUG FXGLApplication      - Loading fonts
23:55:26.081 [FXGL Background Thread 4 ] DEBUG FXGLAssetLoaderServi - Loading from file system: jar:file:/C:/Users/frank/.m2/repository/com/github/almasb/fxgl/21.1/fxgl-21.1.jar!/fxglassets/ui/fonts/VarelaRound-Regular.ttf
23:55:26.081 [FXGL Background Thread 1 ] DEBUG FXGLApplication      - Loading default localization
23:55:26.082 [FXGL Background Thread 1 ] DEBUG FXGLAssetLoaderServi - Loading from file system: jar:file:/C:/Users/frank/.m2/repository/com/github/almasb/fxgl/21.1/fxgl-21.1.jar!/fxglassets/languages/english.lang
23:55:26.105 [FXGL Background Thread 1 ] INFO  FXGLApplication      - FXGL initialization took: 0.477 sec
23:55:26.123 [JavaFX Application Thread] DEBUG Input                - Registered new binding: Right - D
23:55:26.124 [JavaFX Application Thread] DEBUG Input                - Registered new binding: Left - A
23:55:26.124 [JavaFX Application Thread] DEBUG Input                - Registered new binding: Up - W
23:55:26.124 [FXGL Background Thread 4 ] DEBUG FXGLAssetLoaderServi - Loading from file system: jar:file:/C:/Users/frank/.m2/repository/com/github/almasb/fxgl/21.1/fxgl-21.1.jar!/fxglassets/ui/fonts/Abel-Regular.ttf
23:55:26.125 [JavaFX Application Thread] DEBUG Input                - Registered new binding: Down - S
23:55:26.125 [JavaFX Application Thread] DEBUG Input                - Registered new binding: Interact - E
23:55:26.126 [JavaFX Application Thread] DEBUG FXGLAssetLoaderServi - Loading from file system: jar:file:/C:/Users/frank/.m2/repository/com/github/almasb/fxgl/21.1/fxgl-21.1.jar!/fxglassets/textures/fxgl_icon.png
23:55:26.131 [FXGL Background Thread 4 ] DEBUG FXGLAssetLoaderServi - Loading from file system: jar:file:/C:/Users/frank/.m2/repository/com/github/almasb/fxgl/21.1/fxgl-21.1.jar!/fxglassets/ui/fonts/TerminalLandMono-Regular.otf
23:55:26.134 [FXGL Background Thread 4 ] DEBUG FXGLAssetLoaderServi - Loading from file system: jar:file:/C:/Users/frank/.m2/repository/com/github/almasb/fxgl/21.1/fxgl-21.1.jar!/fxglassets/ui/fonts/Courier-Prime.ttf
23:55:26.152 [JavaFX Application Thread] DEBUG FXGLAssetLoaderServi - Loading from file system: jar:file:/C:/Users/frank/.m2/repository/com/github/almasb/fxgl/21.1/fxgl-21.1.jar!/fxglassets/textures/fxgl_default_cursor.png
23:55:26.158 [JavaFX Application Thread] DEBUG Input                - Registered new binding: Screenshot - CTRL+8
23:55:26.160 [JavaFX Application Thread] DEBUG Input                - Registered new binding: Dev Options - 1
23:55:26.162 [JavaFX Application Thread] DEBUG Input                - Registered new binding: Dev Console - 2
23:55:26.164 [JavaFX Application Thread] DEBUG Input                - Registered new binding: System info dump - CTRL+9
23:55:26.165 [JavaFX Application Thread] DEBUG Input                - Registered new binding: Restart - CTRL+R
23:55:26.167 [JavaFX Application Thread] DEBUG Input                - Registered new binding: Toggle Debug Camera - CTRL+7
23:55:26.181 [JavaFX Application Thread] DEBUG LoopRunner           - Starting loop
23:55:26.205 [JavaFX Application Thread] DEBUG LoopRunner           - Initializing JavaFX AnimationTimerLoop
23:55:26.208 [JavaFX Application Thread] DEBUG GameApplicationServi - Starting new game
23:55:26.209 [JavaFX Application Thread] DEBUG Input                - Clearing active input actions
23:55:26.222 [JavaFX Application Thread] DEBUG GameApplicationServi - Removing overlay from FXGLStartupScene and adding to FXGLLoadingScene
23:55:26.227 [JavaFX Application Thread] DEBUG PrimaryStageWindow   - FXGLStartupScene -> FXGLLoadingScene
23:55:26.227 [JavaFX Application Thread] DEBUG GameApplicationServi - Clearing previous game
23:55:26.227 [JavaFX Application Thread] DEBUG GameScene            - Clearing game scene
23:55:26.227 [JavaFX Application Thread] DEBUG GameWorld            - Clearing game world
23:55:26.227 [JavaFX Application Thread] DEBUG PhysicsWorld         - Clearing physics world
23:55:26.230 [FXGL Background Thread 4 ] DEBUG FXGLApplication      - Initializing game
23:55:26.230 [JavaFX Application Thread] DEBUG FXGLApplication      - Registering font factories with UI factory
23:55:26.272 [FXGL Background Thread 4 ] WARN  TMXLevelLoader       - TiledMap generated from 1.11.2. Supported version: 1.9.0. Some features may not be parsed fully.
23:55:26.317 [FXGL Background Thread 4 ] DEBUG TMXLevelLoader       - Parsed TiledMap: file:/C:/Users/frank/Desktop/ProjectFun/myproject/myproject/target/classes/assets/levels/scene1.tmx
23:55:26.320 [FXGL Background Thread 4 ] DEBUG TMXLevelLoader       - Creating tile layer entities
23:55:26.325 [FXGL Background Thread 4 ] DEBUG TilesetLoader        - Loading view for layer lowefloor
23:55:26.327 [FXGL Background Thread 4 ] DEBUG TilesetLoader        - Created buffer with size 512.0x1024.0
23:55:26.392 [FXGL Background Thread 4 ] DEBUG TilesetLoader        - Loading view for layer cliff
23:55:26.395 [FXGL Background Thread 4 ] DEBUG TilesetLoader        - Created buffer with size 512.0x1024.0
23:55:26.397 [FXGL Background Thread 4 ] DEBUG TilesetLoader        - Loading view for layer cliff1
23:55:26.400 [FXGL Background Thread 4 ] DEBUG TilesetLoader        - Created buffer with size 512.0x1024.0
23:55:26.401 [FXGL Background Thread 4 ] DEBUG TilesetLoader        - Loading view for layer cliff2
23:55:26.403 [FXGL Background Thread 4 ] DEBUG TilesetLoader        - Created buffer with size 512.0x1024.0
23:55:26.404 [FXGL Background Thread 4 ] DEBUG TilesetLoader        - Loading view for layer Tile Layer 3
23:55:26.404 [FXGL Background Thread 4 ] DEBUG TilesetLoader        - Created buffer with size 512.0x1024.0
23:55:26.405 [FXGL Background Thread 4 ] DEBUG TilesetLoader        - Loading view for layer Tile Layer 6
23:55:26.405 [FXGL Background Thread 4 ] DEBUG TilesetLoader        - Created buffer with size 512.0x1024.0
23:55:26.479 [FXGL Background Thread 4 ] DEBUG TilesetLoader        - Loading view for layer prop
23:55:26.480 [FXGL Background Thread 4 ] DEBUG TilesetLoader        - Created buffer with size 512.0x1024.0
23:55:26.480 [FXGL Background Thread 4 ] DEBUG TMXLevelLoader       - Creating object layer entities
23:55:26.533 [FXGL Background Thread 4 ] DEBUG FXGLAssetLoaderServi - Loading from file system: file:/C:/Users/frank/Desktop/ProjectFun/myproject/myproject/target/classes/assets/textures/Actor1.png
23:55:26.582 [FXGL Background Thread 4 ] DEBUG FXGLAssetLoaderServi - Loading from file system: file:/C:/Users/frank/Desktop/ProjectFun/myproject/myproject/target/classes/assets/textures/Rex.png
23:55:26.588 [FXGL Background Thread 4 ] WARN  TMXLevelLoader       - TiledMap generated from 1.11.2. Supported version: 1.9.0. Some features may not be parsed fully.
23:55:26.598 [FXGL Background Thread 4 ] DEBUG TMXLevelLoader       - Parsed TiledMap: file:/C:/Users/frank/Desktop/ProjectFun/myproject/myproject/target/classes/assets/levels/scene1.tmx
23:55:26.598 [FXGL Background Thread 4 ] DEBUG TMXLevelLoader       - Creating tile layer entities
23:55:26.599 [FXGL Background Thread 4 ] DEBUG TilesetLoader        - Loading view for layer lowefloor
23:55:26.600 [FXGL Background Thread 4 ] DEBUG TilesetLoader        - Created buffer with size 512.0x1024.0
23:55:26.621 [FXGL Background Thread 4 ] DEBUG TilesetLoader        - Loading view for layer cliff
23:55:26.621 [FXGL Background Thread 4 ] DEBUG TilesetLoader        - Created buffer with size 512.0x1024.0
23:55:26.623 [FXGL Background Thread 4 ] DEBUG TilesetLoader        - Loading view for layer cliff1
23:55:26.623 [FXGL Background Thread 4 ] DEBUG TilesetLoader        - Created buffer with size 512.0x1024.0
23:55:26.624 [FXGL Background Thread 4 ] DEBUG TilesetLoader        - Loading view for layer cliff2
23:55:26.624 [FXGL Background Thread 4 ] DEBUG TilesetLoader        - Created buffer with size 512.0x1024.0
23:55:26.625 [FXGL Background Thread 4 ] DEBUG TilesetLoader        - Loading view for layer Tile Layer 3
23:55:26.630 [FXGL Background Thread 4 ] DEBUG TilesetLoader        - Created buffer with size 512.0x1024.0
23:55:26.630 [FXGL Background Thread 4 ] DEBUG TilesetLoader        - Loading view for layer Tile Layer 6
23:55:26.631 [FXGL Background Thread 4 ] DEBUG TilesetLoader        - Created buffer with size 512.0x1024.0
23:55:26.680 [FXGL Background Thread 4 ] DEBUG TilesetLoader        - Loading view for layer prop
23:55:26.680 [FXGL Background Thread 4 ] DEBUG TilesetLoader        - Created buffer with size 512.0x1024.0
23:55:26.681 [FXGL Background Thread 4 ] DEBUG TMXLevelLoader       - Creating object layer entities
23:55:26.688 [FXGL Background Thread 4 ] DEBUG GameWorld            - Clearing removable entities
23:55:26.690 [FXGL Background Thread 4 ] DEBUG GameWorld            - Setting level: com.almasb.fxgl.entity.level.Level@7b24904a
23:55:26.716 [FXGL Background Thread 4 ] INFO  FXGLApplication      - Game initialization took: 0.486 sec
23:55:26.747 [JavaFX Application Thread] DEBUG Input                - Clearing active input actions
23:55:26.754 [JavaFX Application Thread] DEBUG GameApplicationServi - Removing overlay from FXGLLoadingScene and adding to GameScene
23:55:26.756 [JavaFX Application Thread] DEBUG PrimaryStageWindow   - FXGLLoadingScene -> GameScene
23:55:28.074 [JavaFX Application Thread] DEBUG FXGLAssetLoaderServi - Loading from file system: file:/C:/Users/frank/Desktop/ProjectFun/myproject/myproject/target/classes/assets/text/filetext.txt
23:55:28.076 [JavaFX Application Thread] DEBUG EventBus             - Firing event: com.GameEvent.CombatScene[source=javafx.event.Event$$Lambda/0x0000029dcc173198@22f1c991]
23:55:28.081 [JavaFX Application Thread] WARN  TMXLevelLoader       - TiledMap generated from 1.11.2. Supported version: 1.9.0. Some features may not be parsed fully.
23:55:28.084 [JavaFX Application Thread] DEBUG TMXLevelLoader       - Parsed TiledMap: file:/C:/Users/frank/Desktop/ProjectFun/myproject/myproject/target/classes/assets/levels/battle1.tmx
23:55:28.084 [JavaFX Application Thread] DEBUG TMXLevelLoader       - Creating tile layer entities
23:55:28.084 [JavaFX Application Thread] DEBUG TilesetLoader        - Loading view for layer Tile Layer 1
23:55:28.085 [JavaFX Application Thread] DEBUG TilesetLoader        - Created buffer with size 2048.0x1024.0
23:55:28.175 [JavaFX Application Thread] DEBUG TMXLevelLoader       - Creating object layer entities
23:55:28.177 [JavaFX Application Thread] DEBUG FXGLAssetLoaderServi - Loading from file system: file:/C:/Users/frank/Desktop/ProjectFun/myproject/myproject/target/classes/assets/textures/Rex.png
23:55:28.184 [JavaFX Application Thread] DEBUG FXGLAssetLoaderServi - Loading from file system: file:/C:/Users/frank/Desktop/ProjectFun/myproject/myproject/target/classes/assets/textures/Karee.png
23:55:28.190 [JavaFX Application Thread] DEBUG GameWorld            - Clearing removable entities
23:55:28.203 [JavaFX Application Thread] DEBUG GameWorld            - Setting level: com.almasb.fxgl.entity.level.Level@203bc7ad
23:55:28.206 [JavaFX Application Thread] WARN  TMXLevelLoader       - TiledMap generated from 1.11.2. Supported version: 1.9.0. Some features may not be parsed fully.
23:55:28.213 [JavaFX Application Thread] DEBUG TMXLevelLoader       - Parsed TiledMap: file:/C:/Users/frank/Desktop/ProjectFun/myproject/myproject/target/classes/assets/levels/battle1.tmx
23:55:28.213 [JavaFX Application Thread] DEBUG TMXLevelLoader       - Creating tile layer entities
23:55:28.214 [JavaFX Application Thread] DEBUG TilesetLoader        - Loading view for layer Tile Layer 1
23:55:28.215 [JavaFX Application Thread] DEBUG TilesetLoader        - Created buffer with size 2048.0x1024.0
23:55:28.308 [JavaFX Application Thread] DEBUG TMXLevelLoader       - Creating object layer entities
23:55:29.080 [FXGL Background Thread 3 ] DEBUG Engine               - Logging environment variables
23:55:29.081 [FXGL Background Thread 3 ] DEBUG Engine               - achievements: []
23:55:29.081 [FXGL Background Thread 3 ] DEBUG Engine               - actualHeight: 864.0
23:55:29.081 [FXGL Background Thread 3 ] DEBUG Engine               - actualHeightProperty: ReadOnlyDoubleProperty [value: 864.0]
23:55:29.082 [FXGL Background Thread 3 ] DEBUG Engine               - actualWidth: 1536.0
23:55:29.082 [FXGL Background Thread 3 ] DEBUG Engine               - actualWidthProperty: ReadOnlyDoubleProperty [value: 1536.0]
23:55:29.082 [FXGL Background Thread 3 ] DEBUG Engine               - appIcon: fxgl_icon.png
23:55:29.082 [FXGL Background Thread 3 ] DEBUG Engine               - applicationMode: DEVELOPER
23:55:29.082 [FXGL Background Thread 3 ] DEBUG Engine               - cSSList: [fxgl_dark.css]
23:55:29.082 [FXGL Background Thread 3 ] DEBUG Engine               - collisionDetectionStrategy: BRUTE_FORCE
23:55:29.083 [FXGL Background Thread 3 ] DEBUG Engine               - configClass: Optional.empty
23:55:29.083 [FXGL Background Thread 3 ] DEBUG Engine               - credits: []
23:55:29.084 [FXGL Background Thread 3 ] DEBUG Engine               - defaultCursor: CursorInfo(imageName=fxgl_default_cursor.png, hotspotX=7.0, hotspotY=6.0)
23:55:29.084 [FXGL Background Thread 3 ] DEBUG Engine               - devBBoxColorProperty: ObjectProperty [value: 0xff0000ff]
23:55:29.084 [FXGL Background Thread 3 ] DEBUG Engine               - devEnableDebugCameraProperty: BooleanProperty [value: false]
23:55:29.084 [FXGL Background Thread 3 ] DEBUG Engine               - devSensorColorProperty: ObjectProperty [value: 0xffff00ff]
23:55:29.084 [FXGL Background Thread 3 ] DEBUG Engine               - devShowBBoxProperty: BooleanProperty [value: false]
23:55:29.084 [FXGL Background Thread 3 ] DEBUG Engine               - devShowPositionProperty: BooleanProperty [value: false]
23:55:29.084 [FXGL Background Thread 3 ] DEBUG Engine               - enabledMenuItems: []
23:55:29.084 [FXGL Background Thread 3 ] DEBUG Engine               - engineServices: [class com.almasb.fxgl.app.services.FXGLAssetLoaderService, class com.almasb.fxgl.app.FXGLApplication$GameApplicationService, class com.almasb.fxgl.app.services.FXGLDialogService, class com.almasb.fxgl.app.services.IOTaskExecutorService, class com.almasb.fxgl.io.FileSystemService, class com.almasb.fxgl.localization.LocalizationService, class com.almasb.fxgl.app.services.SystemBundleService, class com.almasb.fxgl.profile.SaveLoadService, class com.almasb.fxgl.ui.FXGLUIFactoryServiceProvider, class com.almasb.fxgl.ui.FXGLDialogFactoryServiceProvider, class com.almasb.fxgl.audio.AudioPlayer, class com.almasb.fxgl.notification.impl.NotificationServiceProvider, class com.almasb.fxgl.achievement.AchievementService, class com.almasb.fxgl.cutscene.CutsceneService, class com.almasb.fxgl.minigames.MiniGameService, class com.almasb.fxgl.net.NetService, class com.almasb.fxgl.app.services.UpdaterService, class com.almasb.fxgl.dev.DevService]
23:55:29.084 [FXGL Background Thread 3 ] DEBUG Engine               - fontGame: Abel-Regular.ttf
23:55:29.084 [FXGL Background Thread 3 ] DEBUG Engine               - fontMono: TerminalLandMono-Regular.otf
23:55:29.085 [FXGL Background Thread 3 ] DEBUG Engine               - fontSizeScaleUI: 1.0
23:55:29.085 [FXGL Background Thread 3 ] DEBUG Engine               - fontText: Courier-Prime.ttf
23:55:29.085 [FXGL Background Thread 3 ] DEBUG Engine               - fontUI: VarelaRound-Regular.ttf
23:55:29.085 [FXGL Background Thread 3 ] DEBUG Engine               - fullScreen: BooleanProperty [value: true]
23:55:29.085 [FXGL Background Thread 3 ] DEBUG Engine               - gameDifficulty: MEDIUM
23:55:29.085 [FXGL Background Thread 3 ] DEBUG Engine               - gameDifficultyProperty: ObjectProperty [value: MEDIUM]
23:55:29.085 [FXGL Background Thread 3 ] DEBUG Engine               - globalMusicVolume: 0.5
23:55:29.085 [FXGL Background Thread 3 ] DEBUG Engine               - globalMusicVolumeProperty: DoubleProperty [value: 0.5]
23:55:29.085 [FXGL Background Thread 3 ] DEBUG Engine               - globalSoundVolume: 0.5
23:55:29.085 [FXGL Background Thread 3 ] DEBUG Engine               - globalSoundVolumeProperty: DoubleProperty [value: 0.5]
23:55:29.085 [FXGL Background Thread 3 ] DEBUG Engine               - height: 720
23:55:29.085 [FXGL Background Thread 3 ] DEBUG Engine               - is3D: false
23:55:29.085 [FXGL Background Thread 3 ] DEBUG Engine               - isAndroid: false
23:55:29.086 [FXGL Background Thread 3 ] DEBUG Engine               - isBrowser: false
23:55:29.086 [FXGL Background Thread 3 ] DEBUG Engine               - isClickFeedbackEnabled: false
23:55:29.086 [FXGL Background Thread 3 ] DEBUG Engine               - isCloseConfirmation: false
23:55:29.086 [FXGL Background Thread 3 ] DEBUG Engine               - isDesktop: true
23:55:29.086 [FXGL Background Thread 3 ] DEBUG Engine               - isDeveloperMenuEnabled: true
23:55:29.086 [FXGL Background Thread 3 ] DEBUG Engine               - isEmbedded: false
23:55:29.086 [FXGL Background Thread 3 ] DEBUG Engine               - isEntityPreloadEnabled: true
23:55:29.086 [FXGL Background Thread 3 ] DEBUG Engine               - isExperimentalTiledLargeMap: false
23:55:29.086 [FXGL Background Thread 3 ] DEBUG Engine               - isFileSystemWriteAllowed: true
23:55:29.086 [FXGL Background Thread 3 ] DEBUG Engine               - isFullScreenAllowed: true
23:55:29.086 [FXGL Background Thread 3 ] DEBUG Engine               - isFullScreenFromStart: true
23:55:29.086 [FXGL Background Thread 3 ] DEBUG Engine               - isGameMenuEnabled: true
23:55:29.086 [FXGL Background Thread 3 ] DEBUG Engine               - isIOS: false
23:55:29.086 [FXGL Background Thread 3 ] DEBUG Engine               - isIntroEnabled: false
23:55:29.086 [FXGL Background Thread 3 ] DEBUG Engine               - isLinux: false
23:55:29.086 [FXGL Background Thread 3 ] DEBUG Engine               - isMac: false
23:55:29.086 [FXGL Background Thread 3 ] DEBUG Engine               - isMainMenuEnabled: false
23:55:29.086 [FXGL Background Thread 3 ] DEBUG Engine               - isManualResizeEnabled: false
23:55:29.086 [FXGL Background Thread 3 ] DEBUG Engine               - isMobile: false
23:55:29.086 [FXGL Background Thread 3 ] DEBUG Engine               - isNative: false
23:55:29.086 [FXGL Background Thread 3 ] DEBUG Engine               - isPauseMusicWhenMinimized: true
23:55:29.086 [FXGL Background Thread 3 ] DEBUG Engine               - isPreserveResizeRatio: false
23:55:29.086 [FXGL Background Thread 3 ] DEBUG Engine               - isProfilingEnabled: false
23:55:29.086 [FXGL Background Thread 3 ] DEBUG Engine               - isScaleAffectedOnResize: true
23:55:29.087 [FXGL Background Thread 3 ] DEBUG Engine               - isSingleStep: false
23:55:29.087 [FXGL Background Thread 3 ] DEBUG Engine               - isUserProfileEnabled: false
23:55:29.087 [FXGL Background Thread 3 ] DEBUG Engine               - isWindows: true
23:55:29.087 [FXGL Background Thread 3 ] DEBUG Engine               - language: ObjectProperty [value: ENGLISH]
23:55:29.087 [FXGL Background Thread 3 ] DEBUG Engine               - menuKey: ESCAPE
23:55:29.087 [FXGL Background Thread 3 ] DEBUG Engine               - mouseSensitivity: 0.2
23:55:29.087 [FXGL Background Thread 3 ] DEBUG Engine               - notificationViewClass: class com.almasb.fxgl.notification.view.XboxNotificationView
23:55:29.087 [FXGL Background Thread 3 ] DEBUG Engine               - pixelsPerMeter: 50.0
23:55:29.087 [FXGL Background Thread 3 ] DEBUG Engine               - platform: WINDOWS
23:55:29.087 [FXGL Background Thread 3 ] DEBUG Engine               - prefHeightProperty: ReadOnlyDoubleProperty [value: 720.0]
23:55:29.087 [FXGL Background Thread 3 ] DEBUG Engine               - prefWidthProperty: ReadOnlyDoubleProperty [value: 1280.0]
23:55:29.087 [FXGL Background Thread 3 ] DEBUG Engine               - profileDir: profiles/
23:55:29.087 [FXGL Background Thread 3 ] DEBUG Engine               - profileName: StringProperty [value: DEFAULT]
23:55:29.087 [FXGL Background Thread 3 ] DEBUG Engine               - randomSeed: -1
23:55:29.088 [FXGL Background Thread 3 ] DEBUG Engine               - runtimeInfo: RuntimeInfo(platform=WINDOWS, version=21.1, build=27.03.2024 07.52)
23:55:29.088 [FXGL Background Thread 3 ] DEBUG Engine               - saveFileExt: sav
23:55:29.088 [FXGL Background Thread 3 ] DEBUG Engine               - scaledHeightProp$fxgl: DoubleProperty [bound, value: 864.0]
23:55:29.088 [FXGL Background Thread 3 ] DEBUG Engine               - scaledWidthProp$fxgl: DoubleProperty [bound, value: 1536.0]
23:55:29.088 [FXGL Background Thread 3 ] DEBUG Engine               - sceneFactory: com.almasb.fxgl.app.scene.SceneFactory@14036544
23:55:29.088 [FXGL Background Thread 3 ] DEBUG Engine               - secondsIn24h: 60
23:55:29.088 [FXGL Background Thread 3 ] DEBUG Engine               - soundMenuBack: menu/back.wav
23:55:29.088 [FXGL Background Thread 3 ] DEBUG Engine               - soundMenuPress: menu/press.wav
23:55:29.088 [FXGL Background Thread 3 ] DEBUG Engine               - soundMenuSelect: menu/select.wav
23:55:29.088 [FXGL Background Thread 3 ] DEBUG Engine               - soundNotification: core/notification.wav
23:55:29.088 [FXGL Background Thread 3 ] DEBUG Engine               - stageStyle: DECORATED
23:55:29.088 [FXGL Background Thread 3 ] DEBUG Engine               - supportedLanguages: [ENGLISH, FRENCH, GERMAN, HUNGARIAN, RUSSIAN]
23:55:29.088 [FXGL Background Thread 3 ] DEBUG Engine               - ticksPerSecond: -1
23:55:29.088 [FXGL Background Thread 3 ] DEBUG Engine               - title: Final Journey
23:55:29.088 [FXGL Background Thread 3 ] DEBUG Engine               - urlGithub: https://github.com/AlmasB/FXGL
23:55:29.088 [FXGL Background Thread 3 ] DEBUG Engine               - urlLeaderboard: http://fxgl-top.herokuapp.com/
23:55:29.088 [FXGL Background Thread 3 ] DEBUG Engine               - urlPOM: https://raw.githubusercontent.com/AlmasB/FXGL/release/README.md
23:55:29.088 [FXGL Background Thread 3 ] DEBUG Engine               - userAppClass: class com.project.App
23:55:29.088 [FXGL Background Thread 3 ] DEBUG Engine               - version: Alpha
23:55:29.088 [FXGL Background Thread 3 ] DEBUG Engine               - versionCheckDays: 7
23:55:29.088 [FXGL Background Thread 3 ] DEBUG Engine               - width: 1280
23:55:29.088 [FXGL Background Thread 3 ] DEBUG Engine               - Logging services
23:55:29.088 [FXGL Background Thread 3 ] DEBUG Engine               - class com.almasb.fxgl.app.services.FXGLAssetLoaderService
23:55:29.088 [FXGL Background Thread 3 ] DEBUG Engine               - class com.almasb.fxgl.app.FXGLApplication$GameApplicationService
23:55:29.088 [FXGL Background Thread 3 ] DEBUG Engine               - class com.almasb.fxgl.app.services.FXGLDialogService
23:55:29.088 [FXGL Background Thread 3 ] DEBUG Engine               - class com.almasb.fxgl.app.services.IOTaskExecutorService
23:55:29.088 [FXGL Background Thread 3 ] DEBUG Engine               - class com.almasb.fxgl.io.FileSystemService
23:55:29.088 [FXGL Background Thread 3 ] DEBUG Engine               - class com.almasb.fxgl.localization.LocalizationService
23:55:29.088 [FXGL Background Thread 3 ] DEBUG Engine               - class com.almasb.fxgl.app.services.SystemBundleService
23:55:29.088 [FXGL Background Thread 3 ] DEBUG Engine               - class com.almasb.fxgl.profile.SaveLoadService
23:55:29.088 [FXGL Background Thread 3 ] DEBUG Engine               - class com.almasb.fxgl.ui.FXGLUIFactoryServiceProvider
23:55:29.088 [FXGL Background Thread 3 ] DEBUG Engine               - class com.almasb.fxgl.ui.FXGLDialogFactoryServiceProvider
23:55:29.088 [FXGL Background Thread 3 ] DEBUG Engine               - class com.almasb.fxgl.audio.AudioPlayer
23:55:29.090 [FXGL Background Thread 3 ] DEBUG Engine               - class com.almasb.fxgl.notification.impl.NotificationServiceProvider
23:55:29.090 [FXGL Background Thread 3 ] DEBUG Engine               - class com.almasb.fxgl.achievement.AchievementService
23:55:29.090 [FXGL Background Thread 3 ] DEBUG Engine               - class com.almasb.fxgl.cutscene.CutsceneService
23:55:29.090 [FXGL Background Thread 3 ] DEBUG Engine               - class com.almasb.fxgl.minigames.MiniGameService
23:55:29.090 [FXGL Background Thread 3 ] DEBUG Engine               - class com.almasb.fxgl.net.NetService
23:55:29.090 [FXGL Background Thread 3 ] DEBUG Engine               - class com.almasb.fxgl.app.services.UpdaterService
23:55:29.090 [FXGL Background Thread 3 ] DEBUG Engine               - class com.almasb.fxgl.dev.DevService
23:55:29.316 [JavaFX Application Thread] DEBUG PrimaryStageWindow   - Push state: FXGLDefaultMenu
23:55:29.318 [JavaFX Application Thread] DEBUG Input                - Clearing active input actions
23:55:29.320 [JavaFX Application Thread] DEBUG GameApplicationServi - Removing overlay from GameScene and adding to FXGLDefaultMenu
23:55:29.322 [JavaFX Application Thread] DEBUG PrimaryStageWindow   - GameScene -> FXGLDefaultMenu
23:55:29.624 [JavaFX Application Thread] DEBUG PrimaryStageWindow   - Pop state: FXGLDefaultMenu
23:55:29.624 [JavaFX Application Thread] DEBUG Input                - Clearing active input actions
23:55:29.625 [JavaFX Application Thread] DEBUG GameApplicationServi - Removing overlay from FXGLDefaultMenu and adding to GameScene
23:55:29.626 [JavaFX Application Thread] DEBUG PrimaryStageWindow   - GameScene <- FXGLDefaultMenu
23:55:40.903 [JavaFX Application Thread] DEBUG LoopRunner           - Stopping loop
23:55:40.904 [JavaFX Application Thread] FATAL FXGLApplication      - Uncaught Exception:
java.lang.IndexOutOfBoundsException: Index 0 out of bounds for length 0
	at java.base/jdk.internal.util.Preconditions.outOfBounds(Preconditions.java:100)
	at java.base/jdk.internal.util.Preconditions.outOfBoundsCheckIndex(Preconditions.java:106)
	at java.base/jdk.internal.util.Preconditions.checkIndex(Preconditions.java:302)
	at java.base/java.util.Objects.checkIndex(Objects.java:385)
	at java.base/java.util.ArrayList.get(ArrayList.java:427)
	at com.Combat.EnemyCombat.enemyAttack(EnemyCombat.java:22)
	at com.Combat.OrderCombat.attack(OrderCombat.java:56)
	at com.UI.ActionButtonUI.lambda$0(ActionButtonUI.java:38)
	at com.sun.javafx.event.CompositeEventHandler.dispatchBubblingEvent(CompositeEventHandler.java:86)
	at com.sun.javafx.event.EventHandlerManager.dispatchBubblingEvent(EventHandlerManager.java:232)
	at com.sun.javafx.event.EventHandlerManager.dispatchBubblingEvent(EventHandlerManager.java:189)
	at com.sun.javafx.event.CompositeEventDispatcher.dispatchBubblingEvent(CompositeEventDispatcher.java:59)
	at com.sun.javafx.event.BasicEventDispatcher.dispatchEvent(BasicEventDispatcher.java:58)
	at com.sun.javafx.event.EventDispatchChainImpl.dispatchEvent(EventDispatchChainImpl.java:114)
	at com.sun.javafx.event.BasicEventDispatcher.dispatchEvent(BasicEventDispatcher.java:56)
	at com.sun.javafx.event.EventDispatchChainImpl.dispatchEvent(EventDispatchChainImpl.java:114)
	at com.sun.javafx.event.BasicEventDispatcher.dispatchEvent(BasicEventDispatcher.java:56)
	at com.sun.javafx.event.EventDispatchChainImpl.dispatchEvent(EventDispatchChainImpl.java:114)
	at com.sun.javafx.event.EventUtil.fireEventImpl(EventUtil.java:74)
	at com.sun.javafx.event.EventUtil.fireEvent(EventUtil.java:49)
	at javafx.event.Event.fireEvent(Event.java:198)
	at javafx.scene.Node.fireEvent(Node.java:8875)
	at javafx.scene.control.Button.fire(Button.java:203)
	at com.sun.javafx.scene.control.behavior.ButtonBehavior.mouseReleased(ButtonBehavior.java:207)
	at com.sun.javafx.scene.control.inputmap.InputMap.handle(InputMap.java:274)
	at com.sun.javafx.event.CompositeEventHandler$NormalEventHandlerRecord.handleBubblingEvent(CompositeEventHandler.java:247)
	at com.sun.javafx.event.CompositeEventHandler.dispatchBubblingEvent(CompositeEventHandler.java:80)
	at com.sun.javafx.event.EventHandlerManager.dispatchBubblingEvent(EventHandlerManager.java:232)
	at com.sun.javafx.event.EventHandlerManager.dispatchBubblingEvent(EventHandlerManager.java:189)
	at com.sun.javafx.event.CompositeEventDispatcher.dispatchBubblingEvent(CompositeEventDispatcher.java:59)
	at com.sun.javafx.event.BasicEventDispatcher.dispatchEvent(BasicEventDispatcher.java:58)
	at com.sun.javafx.event.EventDispatchChainImpl.dispatchEvent(EventDispatchChainImpl.java:114)
	at com.sun.javafx.event.BasicEventDispatcher.dispatchEvent(BasicEventDispatcher.java:56)
	at com.sun.javafx.event.EventDispatchChainImpl.dispatchEvent(EventDispatchChainImpl.java:114)
	at com.sun.javafx.event.BasicEventDispatcher.dispatchEvent(BasicEventDispatcher.java:56)
	at com.sun.javafx.event.EventDispatchChainImpl.dispatchEvent(EventDispatchChainImpl.java:114)
	at com.sun.javafx.event.EventUtil.fireEventImpl(EventUtil.java:74)
	at com.sun.javafx.event.EventUtil.fireEvent(EventUtil.java:54)
	at javafx.event.Event.fireEvent(Event.java:198)
	at javafx.scene.Scene$MouseHandler.process(Scene.java:3984)
	at javafx.scene.Scene.processMouseEvent(Scene.java:1890)
	at javafx.scene.Scene$ScenePeerListener.mouseEvent(Scene.java:2708)
	at com.sun.javafx.tk.quantum.GlassViewEventHandler$MouseEventNotification.run(GlassViewEventHandler.java:411)
	at com.sun.javafx.tk.quantum.GlassViewEventHandler$MouseEventNotification.run(GlassViewEventHandler.java:301)
	at java.base/java.security.AccessController.doPrivileged(AccessController.java:400)
	at com.sun.javafx.tk.quantum.GlassViewEventHandler.lambda$handleMouseEvent$2(GlassViewEventHandler.java:450)
	at com.sun.javafx.tk.quantum.QuantumToolkit.runWithoutRenderLock(QuantumToolkit.java:424)
	at com.sun.javafx.tk.quantum.GlassViewEventHandler.handleMouseEvent(GlassViewEventHandler.java:449)
	at com.sun.glass.ui.View.handleMouseEvent(View.java:551)
	at com.sun.glass.ui.View.notifyMouse(View.java:937)
	at com.sun.glass.ui.win.WinApplication._runLoop(Native Method)
	at com.sun.glass.ui.win.WinApplication.lambda$runLoop$3(WinApplication.java:185)
	at java.base/java.lang.Thread.run(Thread.java:1583)

23:55:40.905 [JavaFX Application Thread] FATAL FXGLApplication      - Application will now exit
23:55:40.910 [JavaFX Application Thread] DEBUG PrimaryStageWindow   - Push state: ErrorSubScene
23:55:40.910 [JavaFX Application Thread] DEBUG Input                - Clearing active input actions
23:55:40.910 [JavaFX Application Thread] DEBUG GameApplicationServi - Removing overlay from GameScene and adding to ErrorSubScene
23:55:40.911 [JavaFX Application Thread] DEBUG PrimaryStageWindow   - GameScene -> ErrorSubScene
23:55:42.687 [JavaFX Application Thread] DEBUG FXGLApplication      - Exiting FXGL
23:55:42.687 [JavaFX Application Thread] DEBUG Async                - Shutting down background threads
23:55:42.687 [JavaFX Application Thread] DEBUG PrimaryStageWindow   - Closing main window
23:55:42.716 [JavaFX Application Thread] DEBUG Logger               - Closing Logger
