23:43:32.740 [main                     ] DEBUG Logger               - Configured Logger
23:43:32.760 [main                     ] DEBUG GameApplication      - Logging settings
Title: Final Journey
Version: Alpha
Width: 1280
Height: 720
Fullscreen: true
Intro: false
Profiling: false
Single step:false
App Mode: DEVELOPER
Menu Key: ESCAPE
Stage Style: DECORATED
Scene Factory: class com.almasb.fxgl.app.scene.SceneFactory

23:43:33.178 [JavaFX Application Thread] DEBUG FXGLApplication      - Initializing FXGL
23:43:33.182 [JavaFX Application Thread] INFO  Engine               - FXGL-21.1 (27.03.2024 07.52) on WINDOWS (J:21.0.5 FX:21.0.1)
23:43:33.182 [JavaFX Application Thread] DEBUG Engine               - JRE Vendor Name: Eclipse Adoptium
23:43:33.184 [JavaFX Application Thread] DEBUG Engine               - Running on OS: Windows 11 version 10.0
23:43:33.184 [JavaFX Application Thread] DEBUG Engine               - Architecture: amd64
23:43:33.184 [JavaFX Application Thread] INFO  Engine               - Source code and latest versions at: https://github.com/AlmasB/FXGL
23:43:33.184 [JavaFX Application Thread] INFO  Engine               -       Ask questions and discuss at: https://github.com/AlmasB/FXGL/discussions
23:43:33.184 [JavaFX Application Thread] INFO  Engine               -              Join the FXGL chat at: https://gitter.im/AlmasB/FXGL
23:43:33.283 [JavaFX Application Thread] DEBUG PrimaryStageWindow   - Creating a JavaFX scene
23:43:33.338 [JavaFX Application Thread] DEBUG PrimaryStageWindow   - Target settings size: 1280.0 x 720.0
23:43:33.339 [JavaFX Application Thread] DEBUG PrimaryStageWindow   - Scaled scene size:    1280.0 x 720.0
23:43:33.339 [JavaFX Application Thread] DEBUG PrimaryStageWindow   - Scaled ratio: (1.0, 1.0)
23:43:33.340 [JavaFX Application Thread] DEBUG PrimaryStageWindow   - Set initial scene to FXGLStartupScene
23:43:33.344 [JavaFX Application Thread] DEBUG PrimaryStageWindow   - Opening main window
23:43:33.442 [JavaFX Application Thread] DEBUG PrimaryStageWindow   - Window border size: (14.4000244140625, 37.5999755859375)
23:43:33.442 [JavaFX Application Thread] DEBUG PrimaryStageWindow   - Scaled size: 1280.0 x 720.0
23:43:33.442 [JavaFX Application Thread] DEBUG PrimaryStageWindow   - Scaled ratio: (1.0, 1.0)
23:43:33.443 [JavaFX Application Thread] DEBUG PrimaryStageWindow   - Scene size: 1280.0 x 720.0
23:43:33.443 [JavaFX Application Thread] DEBUG PrimaryStageWindow   - Stage size: 1294.4000244140625 x 757.5999755859375
23:43:33.519 [JavaFX Application Thread] DEBUG PrimaryStageWindow   - Going fullscreen
23:43:33.528 [FXGL Background Thread 1 ] DEBUG Engine               - Initializing environment variables
23:43:33.572 [FXGL Background Thread 1 ] DEBUG FXGLAssetLoaderServi - User app class for loading assets: class com.project.App
23:43:33.572 [FXGL Background Thread 1 ] DEBUG GameApplicationServi - Applying CSS: fxgl_dark.css
23:43:33.573 [FXGL Background Thread 1 ] DEBUG FXGLAssetLoaderServi - Loading from file system: jar:file:/C:/Users/Lenovo/.m2/repository/com/github/almasb/fxgl/21.1/fxgl-21.1.jar!/fxglassets/ui/css/fxgl_dark.css
23:43:33.607 [FXGL Background Thread 1 ] DEBUG GameApplicationServi - Initializing application scenes
23:43:33.648 [FXGL Background Thread 1 ] DEBUG GameWorld            - Game world initialized
23:43:33.703 [FXGL Background Thread 1 ] DEBUG PhysicsWorld         - Physics world initialized: appHeight=720, physics.ppm=50.0
23:43:33.703 [FXGL Background Thread 1 ] DEBUG PhysicsWorld         - Using strategy: BRUTE_FORCE
23:43:33.706 [FXGL Background Thread 1 ] DEBUG GameScene            - Game scene initialized: 1280x720
23:43:33.718 [FXGL Background Thread 1 ] DEBUG FXGL.DefaultMenu     - createMenuBodyGameMenu()
23:43:33.730 [FXGL Background Thread 1 ] DEBUG FXGL.DefaultMenu     - createOptionsMenu()
23:43:33.738 [FXGL Background Thread 1 ] DEBUG FXGLAssetLoaderServi - Loading from file system: jar:file:/C:/Users/Lenovo/.m2/repository/com/github/almasb/fxgl/21.1/fxgl-21.1.jar!/fxglassets/textures/particles/smoke.png
23:43:33.830 [FXGL Background Thread 1 ] DEBUG FXGLAssetLoaderServi - Loading from file system: jar:file:/C:/Users/Lenovo/.m2/repository/com/github/almasb/fxgl/21.1/fxgl-21.1.jar!/fxglassets/textures/particles/trace_horizontal.png
23:43:33.849 [FXGL Background Thread 1 ] DEBUG GameApplicationServi - Application scenes initialized
23:43:33.863 [FXGL Background Thread 1 ] DEBUG SystemBundleService  - Loading FXGL system data
23:43:33.866 [FXGL Background Thread 1 ] DEBUG FileSystemAccess     - Reading from: C:\Users\Lenovo\ProjectJava3.0\myproject\myproject\system\fxgl.bundle
23:43:33.874 [FXGL Background Thread 1 ] DEBUG SystemBundleService  - Bundle FXGL: {}
23:43:33.875 [FXGL Background Thread 1 ] DEBUG UpdaterService       - Checking for updates
23:43:33.900 [FXGL Background Thread 4 ] DEBUG FXGLApplication      - Loading fonts
23:43:33.901 [FXGL Background Thread 4 ] DEBUG FXGLAssetLoaderServi - Loading from file system: jar:file:/C:/Users/Lenovo/.m2/repository/com/github/almasb/fxgl/21.1/fxgl-21.1.jar!/fxglassets/ui/fonts/VarelaRound-Regular.ttf
23:43:33.902 [FXGL Background Thread 1 ] DEBUG FXGLApplication      - Loading default localization
23:43:33.903 [FXGL Background Thread 1 ] DEBUG FXGLAssetLoaderServi - Loading from file system: jar:file:/C:/Users/Lenovo/.m2/repository/com/github/almasb/fxgl/21.1/fxgl-21.1.jar!/fxglassets/languages/english.lang
23:43:33.925 [FXGL Background Thread 1 ] INFO  FXGLApplication      - FXGL initialization took: 0.397 sec
23:43:33.934 [JavaFX Application Thread] DEBUG Input                - Registered new binding: Right - D
23:43:33.934 [JavaFX Application Thread] DEBUG Input                - Registered new binding: Left - A
23:43:33.934 [JavaFX Application Thread] DEBUG Input                - Registered new binding: Up - W
23:43:33.934 [JavaFX Application Thread] DEBUG Input                - Registered new binding: Down - S
23:43:33.935 [JavaFX Application Thread] DEBUG Input                - Registered new binding: Interact - E
23:43:33.935 [JavaFX Application Thread] DEBUG FXGLAssetLoaderServi - Loading from file system: jar:file:/C:/Users/Lenovo/.m2/repository/com/github/almasb/fxgl/21.1/fxgl-21.1.jar!/fxglassets/textures/fxgl_icon.png
23:43:33.939 [FXGL Background Thread 4 ] DEBUG FXGLAssetLoaderServi - Loading from file system: jar:file:/C:/Users/Lenovo/.m2/repository/com/github/almasb/fxgl/21.1/fxgl-21.1.jar!/fxglassets/ui/fonts/Abel-Regular.ttf
23:43:33.943 [FXGL Background Thread 4 ] DEBUG FXGLAssetLoaderServi - Loading from file system: jar:file:/C:/Users/Lenovo/.m2/repository/com/github/almasb/fxgl/21.1/fxgl-21.1.jar!/fxglassets/ui/fonts/TerminalLandMono-Regular.otf
23:43:33.948 [FXGL Background Thread 4 ] DEBUG FXGLAssetLoaderServi - Loading from file system: jar:file:/C:/Users/Lenovo/.m2/repository/com/github/almasb/fxgl/21.1/fxgl-21.1.jar!/fxglassets/ui/fonts/Courier-Prime.ttf
23:43:33.955 [JavaFX Application Thread] DEBUG FXGLAssetLoaderServi - Loading from file system: jar:file:/C:/Users/Lenovo/.m2/repository/com/github/almasb/fxgl/21.1/fxgl-21.1.jar!/fxglassets/textures/fxgl_default_cursor.png
23:43:33.957 [JavaFX Application Thread] DEBUG Input                - Registered new binding: Screenshot - CTRL+8
23:43:33.959 [JavaFX Application Thread] DEBUG Input                - Registered new binding: Dev Options - 1
23:43:33.959 [JavaFX Application Thread] DEBUG Input                - Registered new binding: Dev Console - 2
23:43:33.960 [JavaFX Application Thread] DEBUG Input                - Registered new binding: System info dump - CTRL+9
23:43:33.961 [JavaFX Application Thread] DEBUG Input                - Registered new binding: Restart - CTRL+R
23:43:33.962 [JavaFX Application Thread] DEBUG Input                - Registered new binding: Toggle Debug Camera - CTRL+7
23:43:33.968 [JavaFX Application Thread] DEBUG LoopRunner           - Starting loop
23:43:33.984 [JavaFX Application Thread] DEBUG LoopRunner           - Initializing JavaFX AnimationTimerLoop
23:43:33.985 [JavaFX Application Thread] DEBUG GameApplicationServi - Starting new game
23:43:33.987 [JavaFX Application Thread] DEBUG Input                - Clearing active input actions
23:43:33.998 [JavaFX Application Thread] DEBUG GameApplicationServi - Removing overlay from FXGLStartupScene and adding to FXGLLoadingScene
23:43:34.003 [JavaFX Application Thread] DEBUG PrimaryStageWindow   - FXGLStartupScene -> FXGLLoadingScene
23:43:34.003 [JavaFX Application Thread] DEBUG GameApplicationServi - Clearing previous game
23:43:34.003 [JavaFX Application Thread] DEBUG GameScene            - Clearing game scene
23:43:34.004 [JavaFX Application Thread] DEBUG GameWorld            - Clearing game world
23:43:34.004 [JavaFX Application Thread] DEBUG PhysicsWorld         - Clearing physics world
23:43:34.006 [FXGL Background Thread 4 ] DEBUG FXGLApplication      - Initializing game
23:43:34.008 [JavaFX Application Thread] DEBUG FXGLApplication      - Registering font factories with UI factory
23:43:34.065 [FXGL Background Thread 4 ] WARN  TMXLevelLoader       - TiledMap generated from 1.11.2. Supported version: 1.9.0. Some features may not be parsed fully.
23:43:34.090 [FXGL Background Thread 4 ] DEBUG TMXLevelLoader       - Parsed TiledMap: file:/C:/Users/Lenovo/ProjectJava3.0/myproject/myproject/target/classes/assets/levels/scene1.tmx
23:43:34.092 [FXGL Background Thread 4 ] DEBUG TMXLevelLoader       - Creating tile layer entities
23:43:34.095 [FXGL Background Thread 4 ] DEBUG TilesetLoader        - Loading view for layer lowefloor
23:43:34.096 [FXGL Background Thread 4 ] DEBUG TilesetLoader        - Created buffer with size 512.0x1024.0
23:43:34.161 [FXGL Background Thread 4 ] DEBUG TilesetLoader        - Loading view for layer cliff
23:43:34.161 [FXGL Background Thread 4 ] DEBUG TilesetLoader        - Created buffer with size 512.0x1024.0
23:43:34.163 [FXGL Background Thread 4 ] DEBUG TilesetLoader        - Loading view for layer cliff1
23:43:34.165 [FXGL Background Thread 4 ] DEBUG TilesetLoader        - Created buffer with size 512.0x1024.0
23:43:34.166 [FXGL Background Thread 4 ] DEBUG TilesetLoader        - Loading view for layer cliff2
23:43:34.166 [FXGL Background Thread 4 ] DEBUG TilesetLoader        - Created buffer with size 512.0x1024.0
23:43:34.168 [FXGL Background Thread 4 ] DEBUG TilesetLoader        - Loading view for layer Tile Layer 3
23:43:34.168 [FXGL Background Thread 4 ] DEBUG TilesetLoader        - Created buffer with size 512.0x1024.0
23:43:34.169 [FXGL Background Thread 4 ] DEBUG TilesetLoader        - Loading view for layer Tile Layer 6
23:43:34.169 [FXGL Background Thread 4 ] DEBUG TilesetLoader        - Created buffer with size 512.0x1024.0
23:43:34.266 [FXGL Background Thread 4 ] DEBUG TilesetLoader        - Loading view for layer prop
23:43:34.267 [FXGL Background Thread 4 ] DEBUG TilesetLoader        - Created buffer with size 512.0x1024.0
23:43:34.267 [FXGL Background Thread 4 ] DEBUG TMXLevelLoader       - Creating object layer entities
23:43:34.304 [FXGL Background Thread 4 ] DEBUG FXGLAssetLoaderServi - Loading from file system: file:/C:/Users/Lenovo/ProjectJava3.0/myproject/myproject/target/classes/assets/textures/Rex.png
23:43:34.310 [FXGL Background Thread 4 ] WARN  TMXLevelLoader       - TiledMap generated from 1.11.2. Supported version: 1.9.0. Some features may not be parsed fully.
23:43:34.324 [FXGL Background Thread 4 ] DEBUG TMXLevelLoader       - Parsed TiledMap: file:/C:/Users/Lenovo/ProjectJava3.0/myproject/myproject/target/classes/assets/levels/scene1.tmx
23:43:34.324 [FXGL Background Thread 4 ] DEBUG TMXLevelLoader       - Creating tile layer entities
23:43:34.325 [FXGL Background Thread 4 ] DEBUG TilesetLoader        - Loading view for layer lowefloor
23:43:34.325 [FXGL Background Thread 4 ] DEBUG TilesetLoader        - Created buffer with size 512.0x1024.0
23:43:34.366 [FXGL Background Thread 4 ] DEBUG TilesetLoader        - Loading view for layer cliff
23:43:34.366 [FXGL Background Thread 4 ] DEBUG TilesetLoader        - Created buffer with size 512.0x1024.0
23:43:34.367 [FXGL Background Thread 4 ] DEBUG TilesetLoader        - Loading view for layer cliff1
23:43:34.368 [FXGL Background Thread 4 ] DEBUG TilesetLoader        - Created buffer with size 512.0x1024.0
23:43:34.369 [FXGL Background Thread 4 ] DEBUG TilesetLoader        - Loading view for layer cliff2
23:43:34.369 [FXGL Background Thread 4 ] DEBUG TilesetLoader        - Created buffer with size 512.0x1024.0
23:43:34.370 [FXGL Background Thread 4 ] DEBUG TilesetLoader        - Loading view for layer Tile Layer 3
23:43:34.371 [FXGL Background Thread 4 ] DEBUG TilesetLoader        - Created buffer with size 512.0x1024.0
23:43:34.371 [FXGL Background Thread 4 ] DEBUG TilesetLoader        - Loading view for layer Tile Layer 6
23:43:34.372 [FXGL Background Thread 4 ] DEBUG TilesetLoader        - Created buffer with size 512.0x1024.0
23:43:34.424 [FXGL Background Thread 4 ] DEBUG TilesetLoader        - Loading view for layer prop
23:43:34.424 [FXGL Background Thread 4 ] DEBUG TilesetLoader        - Created buffer with size 512.0x1024.0
23:43:34.425 [FXGL Background Thread 4 ] DEBUG TMXLevelLoader       - Creating object layer entities
23:43:34.434 [FXGL Background Thread 4 ] DEBUG GameWorld            - Clearing removable entities
23:43:34.435 [FXGL Background Thread 4 ] DEBUG GameWorld            - Setting level: com.almasb.fxgl.entity.level.Level@6c9872c
23:43:34.450 [FXGL Background Thread 4 ] DEBUG FXGLAssetLoaderServi - Loading from file system: file:/C:/Users/Lenovo/ProjectJava3.0/myproject/myproject/target/classes/assets/textures/Actor1.png
23:43:34.463 [FXGL Background Thread 4 ] INFO  FXGLApplication      - Game initialization took: 0.457 sec
23:43:34.464 [JavaFX Application Thread] DEBUG Input                - Clearing active input actions
23:43:34.474 [JavaFX Application Thread] DEBUG GameApplicationServi - Removing overlay from FXGLLoadingScene and adding to GameScene
23:43:34.477 [JavaFX Application Thread] DEBUG PrimaryStageWindow   - FXGLLoadingScene -> GameScene
23:43:36.900 [FXGL Background Thread 3 ] DEBUG Engine               - Logging environment variables
23:43:36.901 [FXGL Background Thread 3 ] DEBUG Engine               - achievements: []
23:43:36.901 [FXGL Background Thread 3 ] DEBUG Engine               - actualHeight: 864.0
23:43:36.901 [FXGL Background Thread 3 ] DEBUG Engine               - actualHeightProperty: ReadOnlyDoubleProperty [value: 864.0]
23:43:36.901 [FXGL Background Thread 3 ] DEBUG Engine               - actualWidth: 1536.0
23:43:36.901 [FXGL Background Thread 3 ] DEBUG Engine               - actualWidthProperty: ReadOnlyDoubleProperty [value: 1536.0]
23:43:36.901 [FXGL Background Thread 3 ] DEBUG Engine               - appIcon: fxgl_icon.png
23:43:36.901 [FXGL Background Thread 3 ] DEBUG Engine               - applicationMode: DEVELOPER
23:43:36.901 [FXGL Background Thread 3 ] DEBUG Engine               - cSSList: [fxgl_dark.css]
23:43:36.901 [FXGL Background Thread 3 ] DEBUG Engine               - collisionDetectionStrategy: BRUTE_FORCE
23:43:36.901 [FXGL Background Thread 3 ] DEBUG Engine               - configClass: Optional.empty
23:43:36.902 [FXGL Background Thread 3 ] DEBUG Engine               - credits: []
23:43:36.902 [FXGL Background Thread 3 ] DEBUG Engine               - defaultCursor: CursorInfo(imageName=fxgl_default_cursor.png, hotspotX=7.0, hotspotY=6.0)
23:43:36.902 [FXGL Background Thread 3 ] DEBUG Engine               - devBBoxColorProperty: ObjectProperty [value: 0xff0000ff]
23:43:36.902 [FXGL Background Thread 3 ] DEBUG Engine               - devEnableDebugCameraProperty: BooleanProperty [value: false]
23:43:36.902 [FXGL Background Thread 3 ] DEBUG Engine               - devSensorColorProperty: ObjectProperty [value: 0xffff00ff]
23:43:36.903 [FXGL Background Thread 3 ] DEBUG Engine               - devShowBBoxProperty: BooleanProperty [value: false]
23:43:36.903 [FXGL Background Thread 3 ] DEBUG Engine               - devShowPositionProperty: BooleanProperty [value: false]
23:43:36.903 [FXGL Background Thread 3 ] DEBUG Engine               - enabledMenuItems: []
23:43:36.903 [FXGL Background Thread 3 ] DEBUG Engine               - engineServices: [class com.almasb.fxgl.app.services.FXGLAssetLoaderService, class com.almasb.fxgl.app.FXGLApplication$GameApplicationService, class com.almasb.fxgl.app.services.FXGLDialogService, class com.almasb.fxgl.app.services.IOTaskExecutorService, class com.almasb.fxgl.io.FileSystemService, class com.almasb.fxgl.localization.LocalizationService, class com.almasb.fxgl.app.services.SystemBundleService, class com.almasb.fxgl.profile.SaveLoadService, class com.almasb.fxgl.ui.FXGLUIFactoryServiceProvider, class com.almasb.fxgl.ui.FXGLDialogFactoryServiceProvider, class com.almasb.fxgl.audio.AudioPlayer, class com.almasb.fxgl.notification.impl.NotificationServiceProvider, class com.almasb.fxgl.achievement.AchievementService, class com.almasb.fxgl.cutscene.CutsceneService, class com.almasb.fxgl.minigames.MiniGameService, class com.almasb.fxgl.net.NetService, class com.almasb.fxgl.app.services.UpdaterService, class com.almasb.fxgl.dev.DevService]
23:43:36.903 [FXGL Background Thread 3 ] DEBUG Engine               - fontGame: Abel-Regular.ttf
23:43:36.903 [FXGL Background Thread 3 ] DEBUG Engine               - fontMono: TerminalLandMono-Regular.otf
23:43:36.903 [FXGL Background Thread 3 ] DEBUG Engine               - fontSizeScaleUI: 1.0
23:43:36.903 [FXGL Background Thread 3 ] DEBUG Engine               - fontText: Courier-Prime.ttf
23:43:36.903 [FXGL Background Thread 3 ] DEBUG Engine               - fontUI: VarelaRound-Regular.ttf
23:43:36.903 [FXGL Background Thread 3 ] DEBUG Engine               - fullScreen: BooleanProperty [value: true]
23:43:36.903 [FXGL Background Thread 3 ] DEBUG Engine               - gameDifficulty: MEDIUM
23:43:36.903 [FXGL Background Thread 3 ] DEBUG Engine               - gameDifficultyProperty: ObjectProperty [value: MEDIUM]
23:43:36.904 [FXGL Background Thread 3 ] DEBUG Engine               - globalMusicVolume: 0.5
23:43:36.904 [FXGL Background Thread 3 ] DEBUG Engine               - globalMusicVolumeProperty: DoubleProperty [value: 0.5]
23:43:36.904 [FXGL Background Thread 3 ] DEBUG Engine               - globalSoundVolume: 0.5
23:43:36.904 [FXGL Background Thread 3 ] DEBUG Engine               - globalSoundVolumeProperty: DoubleProperty [value: 0.5]
23:43:36.904 [FXGL Background Thread 3 ] DEBUG Engine               - height: 720
23:43:36.904 [FXGL Background Thread 3 ] DEBUG Engine               - is3D: false
23:43:36.904 [FXGL Background Thread 3 ] DEBUG Engine               - isAndroid: false
23:43:36.904 [FXGL Background Thread 3 ] DEBUG Engine               - isBrowser: false
23:43:36.904 [FXGL Background Thread 3 ] DEBUG Engine               - isClickFeedbackEnabled: false
23:43:36.904 [FXGL Background Thread 3 ] DEBUG Engine               - isCloseConfirmation: false
23:43:36.904 [FXGL Background Thread 3 ] DEBUG Engine               - isDesktop: true
23:43:36.904 [FXGL Background Thread 3 ] DEBUG Engine               - isDeveloperMenuEnabled: true
23:43:36.904 [FXGL Background Thread 3 ] DEBUG Engine               - isEmbedded: false
23:43:36.904 [FXGL Background Thread 3 ] DEBUG Engine               - isEntityPreloadEnabled: true
23:43:36.904 [FXGL Background Thread 3 ] DEBUG Engine               - isExperimentalTiledLargeMap: false
23:43:36.904 [FXGL Background Thread 3 ] DEBUG Engine               - isFileSystemWriteAllowed: true
23:43:36.905 [FXGL Background Thread 3 ] DEBUG Engine               - isFullScreenAllowed: true
23:43:36.905 [FXGL Background Thread 3 ] DEBUG Engine               - isFullScreenFromStart: true
23:43:36.905 [FXGL Background Thread 3 ] DEBUG Engine               - isGameMenuEnabled: true
23:43:36.906 [FXGL Background Thread 3 ] DEBUG Engine               - isIOS: false
23:43:36.906 [FXGL Background Thread 3 ] DEBUG Engine               - isIntroEnabled: false
23:43:36.906 [FXGL Background Thread 3 ] DEBUG Engine               - isLinux: false
23:43:36.906 [FXGL Background Thread 3 ] DEBUG Engine               - isMac: false
23:43:36.906 [FXGL Background Thread 3 ] DEBUG Engine               - isMainMenuEnabled: false
23:43:36.906 [FXGL Background Thread 3 ] DEBUG Engine               - isManualResizeEnabled: false
23:43:36.906 [FXGL Background Thread 3 ] DEBUG Engine               - isMobile: false
23:43:36.906 [FXGL Background Thread 3 ] DEBUG Engine               - isNative: false
23:43:36.906 [FXGL Background Thread 3 ] DEBUG Engine               - isPauseMusicWhenMinimized: true
23:43:36.906 [FXGL Background Thread 3 ] DEBUG Engine               - isPreserveResizeRatio: false
23:43:36.906 [FXGL Background Thread 3 ] DEBUG Engine               - isProfilingEnabled: false
23:43:36.907 [FXGL Background Thread 3 ] DEBUG Engine               - isScaleAffectedOnResize: true
23:43:36.907 [FXGL Background Thread 3 ] DEBUG Engine               - isSingleStep: false
23:43:36.907 [FXGL Background Thread 3 ] DEBUG Engine               - isUserProfileEnabled: false
23:43:36.907 [FXGL Background Thread 3 ] DEBUG Engine               - isWindows: true
23:43:36.907 [FXGL Background Thread 3 ] DEBUG Engine               - language: ObjectProperty [value: ENGLISH]
23:43:36.907 [FXGL Background Thread 3 ] DEBUG Engine               - menuKey: ESCAPE
23:43:36.907 [FXGL Background Thread 3 ] DEBUG Engine               - mouseSensitivity: 0.2
23:43:36.907 [FXGL Background Thread 3 ] DEBUG Engine               - notificationViewClass: class com.almasb.fxgl.notification.view.XboxNotificationView
23:43:36.907 [FXGL Background Thread 3 ] DEBUG Engine               - pixelsPerMeter: 50.0
23:43:36.907 [FXGL Background Thread 3 ] DEBUG Engine               - platform: WINDOWS
23:43:36.907 [FXGL Background Thread 3 ] DEBUG Engine               - prefHeightProperty: ReadOnlyDoubleProperty [value: 720.0]
23:43:36.907 [FXGL Background Thread 3 ] DEBUG Engine               - prefWidthProperty: ReadOnlyDoubleProperty [value: 1280.0]
23:43:36.907 [FXGL Background Thread 3 ] DEBUG Engine               - profileDir: profiles/
23:43:36.907 [FXGL Background Thread 3 ] DEBUG Engine               - profileName: StringProperty [value: DEFAULT]
23:43:36.907 [FXGL Background Thread 3 ] DEBUG Engine               - randomSeed: -1
23:43:36.907 [FXGL Background Thread 3 ] DEBUG Engine               - runtimeInfo: RuntimeInfo(platform=WINDOWS, version=21.1, build=27.03.2024 07.52)
23:43:36.907 [FXGL Background Thread 3 ] DEBUG Engine               - saveFileExt: sav
23:43:36.908 [FXGL Background Thread 3 ] DEBUG Engine               - scaledHeightProp$fxgl: DoubleProperty [bound, value: 864.0]
23:43:36.908 [FXGL Background Thread 3 ] DEBUG Engine               - scaledWidthProp$fxgl: DoubleProperty [bound, value: 1536.0]
23:43:36.908 [FXGL Background Thread 3 ] DEBUG Engine               - sceneFactory: com.almasb.fxgl.app.scene.SceneFactory@7e5c7675
23:43:36.908 [FXGL Background Thread 3 ] DEBUG Engine               - secondsIn24h: 60
23:43:36.908 [FXGL Background Thread 3 ] DEBUG Engine               - soundMenuBack: menu/back.wav
23:43:36.908 [FXGL Background Thread 3 ] DEBUG Engine               - soundMenuPress: menu/press.wav
23:43:36.908 [FXGL Background Thread 3 ] DEBUG Engine               - soundMenuSelect: menu/select.wav
23:43:36.908 [FXGL Background Thread 3 ] DEBUG Engine               - soundNotification: core/notification.wav
23:43:36.908 [FXGL Background Thread 3 ] DEBUG Engine               - stageStyle: DECORATED
23:43:36.908 [FXGL Background Thread 3 ] DEBUG Engine               - supportedLanguages: [ENGLISH, FRENCH, GERMAN, HUNGARIAN, RUSSIAN]
23:43:36.908 [FXGL Background Thread 3 ] DEBUG Engine               - ticksPerSecond: -1
23:43:36.908 [FXGL Background Thread 3 ] DEBUG Engine               - title: Final Journey
23:43:36.908 [FXGL Background Thread 3 ] DEBUG Engine               - urlGithub: https://github.com/AlmasB/FXGL
23:43:36.908 [FXGL Background Thread 3 ] DEBUG Engine               - urlLeaderboard: http://fxgl-top.herokuapp.com/
23:43:36.908 [FXGL Background Thread 3 ] DEBUG Engine               - urlPOM: https://raw.githubusercontent.com/AlmasB/FXGL/release/README.md
23:43:36.908 [FXGL Background Thread 3 ] DEBUG Engine               - userAppClass: class com.project.App
23:43:36.908 [FXGL Background Thread 3 ] DEBUG Engine               - version: Alpha
23:43:36.908 [FXGL Background Thread 3 ] DEBUG Engine               - versionCheckDays: 7
23:43:36.908 [FXGL Background Thread 3 ] DEBUG Engine               - width: 1280
23:43:36.908 [FXGL Background Thread 3 ] DEBUG Engine               - Logging services
23:43:36.908 [FXGL Background Thread 3 ] DEBUG Engine               - class com.almasb.fxgl.app.services.FXGLAssetLoaderService
23:43:36.908 [FXGL Background Thread 3 ] DEBUG Engine               - class com.almasb.fxgl.app.FXGLApplication$GameApplicationService
23:43:36.908 [FXGL Background Thread 3 ] DEBUG Engine               - class com.almasb.fxgl.app.services.FXGLDialogService
23:43:36.908 [FXGL Background Thread 3 ] DEBUG Engine               - class com.almasb.fxgl.app.services.IOTaskExecutorService
23:43:36.908 [FXGL Background Thread 3 ] DEBUG Engine               - class com.almasb.fxgl.io.FileSystemService
23:43:36.908 [FXGL Background Thread 3 ] DEBUG Engine               - class com.almasb.fxgl.localization.LocalizationService
23:43:36.908 [FXGL Background Thread 3 ] DEBUG Engine               - class com.almasb.fxgl.app.services.SystemBundleService
23:43:36.908 [FXGL Background Thread 3 ] DEBUG Engine               - class com.almasb.fxgl.profile.SaveLoadService
23:43:36.908 [FXGL Background Thread 3 ] DEBUG Engine               - class com.almasb.fxgl.ui.FXGLUIFactoryServiceProvider
23:43:36.908 [FXGL Background Thread 3 ] DEBUG Engine               - class com.almasb.fxgl.ui.FXGLDialogFactoryServiceProvider
23:43:36.908 [FXGL Background Thread 3 ] DEBUG Engine               - class com.almasb.fxgl.audio.AudioPlayer
23:43:36.908 [FXGL Background Thread 3 ] DEBUG Engine               - class com.almasb.fxgl.notification.impl.NotificationServiceProvider
23:43:36.909 [FXGL Background Thread 3 ] DEBUG Engine               - class com.almasb.fxgl.achievement.AchievementService
23:43:36.909 [FXGL Background Thread 3 ] DEBUG Engine               - class com.almasb.fxgl.cutscene.CutsceneService
23:43:36.909 [FXGL Background Thread 3 ] DEBUG Engine               - class com.almasb.fxgl.minigames.MiniGameService
23:43:36.909 [FXGL Background Thread 3 ] DEBUG Engine               - class com.almasb.fxgl.net.NetService
23:43:36.909 [FXGL Background Thread 3 ] DEBUG Engine               - class com.almasb.fxgl.app.services.UpdaterService
23:43:36.909 [FXGL Background Thread 3 ] DEBUG Engine               - class com.almasb.fxgl.dev.DevService
23:43:37.209 [JavaFX Application Thread] DEBUG FXGLAssetLoaderServi - Loading from file system: file:/C:/Users/Lenovo/ProjectJava3.0/myproject/myproject/target/classes/assets/text/filetext.txt
23:43:37.210 [JavaFX Application Thread] DEBUG EventBus             - Firing event: com.GameEvent.CombatScene[source=javafx.event.Event$$Lambda/0x000001fb87173198@66f53e]
23:43:37.213 [JavaFX Application Thread] WARN  TMXLevelLoader       - TiledMap generated from 1.11.2. Supported version: 1.9.0. Some features may not be parsed fully.
23:43:37.217 [JavaFX Application Thread] DEBUG TMXLevelLoader       - Parsed TiledMap: file:/C:/Users/Lenovo/ProjectJava3.0/myproject/myproject/target/classes/assets/levels/battle1.tmx
23:43:37.217 [JavaFX Application Thread] DEBUG TMXLevelLoader       - Creating tile layer entities
23:43:37.217 [JavaFX Application Thread] DEBUG TilesetLoader        - Loading view for layer Tile Layer 1
23:43:37.220 [JavaFX Application Thread] DEBUG TilesetLoader        - Created buffer with size 2048.0x1024.0
23:43:37.316 [JavaFX Application Thread] DEBUG TMXLevelLoader       - Creating object layer entities
23:43:37.319 [JavaFX Application Thread] DEBUG FXGLAssetLoaderServi - Loading from file system: file:/C:/Users/Lenovo/ProjectJava3.0/myproject/myproject/target/classes/assets/textures/Rex.png
23:43:37.327 [JavaFX Application Thread] DEBUG FXGLAssetLoaderServi - Loading from file system: file:/C:/Users/Lenovo/ProjectJava3.0/myproject/myproject/target/classes/assets/textures/Reid.png
23:43:37.384 [JavaFX Application Thread] DEBUG FXGLAssetLoaderServi - Loading from file system: file:/C:/Users/Lenovo/ProjectJava3.0/myproject/myproject/target/classes/assets/textures/marsha.png
23:43:37.443 [JavaFX Application Thread] DEBUG GameWorld            - Clearing removable entities
23:43:37.449 [JavaFX Application Thread] DEBUG GameWorld            - Setting level: com.almasb.fxgl.entity.level.Level@1dabd9d
23:43:37.452 [JavaFX Application Thread] WARN  TMXLevelLoader       - TiledMap generated from 1.11.2. Supported version: 1.9.0. Some features may not be parsed fully.
23:43:37.459 [JavaFX Application Thread] DEBUG TMXLevelLoader       - Parsed TiledMap: file:/C:/Users/Lenovo/ProjectJava3.0/myproject/myproject/target/classes/assets/levels/battle1.tmx
23:43:37.459 [JavaFX Application Thread] DEBUG TMXLevelLoader       - Creating tile layer entities
23:43:37.459 [JavaFX Application Thread] DEBUG TilesetLoader        - Loading view for layer Tile Layer 1
23:43:37.461 [JavaFX Application Thread] DEBUG TilesetLoader        - Created buffer with size 2048.0x1024.0
23:43:37.545 [JavaFX Application Thread] DEBUG TMXLevelLoader       - Creating object layer entities
23:44:05.096 [JavaFX Application Thread] DEBUG FXGLApplication      - Exiting FXGL
23:44:05.097 [JavaFX Application Thread] DEBUG LoopRunner           - Stopping loop
23:44:05.097 [JavaFX Application Thread] DEBUG SystemBundleService  - Saving FXGL system data
23:44:05.099 [JavaFX Application Thread] DEBUG FileSystemAccess     - Writing to: C:\Users\Lenovo\ProjectJava3.0\myproject\myproject\system\fxgl.bundle
23:44:05.101 [JavaFX Application Thread] DEBUG Async                - Shutting down background threads
23:44:05.102 [JavaFX Application Thread] DEBUG PrimaryStageWindow   - Closing main window
23:44:05.130 [JavaFX Application Thread] DEBUG Logger               - Closing Logger
