01:53:51.713 [main                     ] DEBUG Logger               - Configured Logger
01:53:51.735 [main                     ] DEBUG GameApplication      - Logging settings
Title: Final Journey
Version: Alpha
Width: 1280
Height: 720
Fullscreen: true
Intro: false
Profiling: false
Single step:false
App Mode: DEVELOPER
Menu Key: ESCAPE
Stage Style: DECORATED
Scene Factory: class com.almasb.fxgl.app.scene.SceneFactory

01:53:52.016 [JavaFX Application Thread] DEBUG FXGLApplication      - Initializing FXGL
01:53:52.017 [JavaFX Application Thread] INFO  Engine               - FXGL-21.1 (27.03.2024 07.52) on WINDOWS (J:21.0.5 FX:21.0.1)
01:53:52.018 [JavaFX Application Thread] DEBUG Engine               - JRE Vendor Name: Eclipse Adoptium
01:53:52.018 [JavaFX Application Thread] DEBUG Engine               - Running on OS: Windows 11 version 10.0
01:53:52.018 [JavaFX Application Thread] DEBUG Engine               - Architecture: amd64
01:53:52.018 [JavaFX Application Thread] INFO  Engine               - Source code and latest versions at: https://github.com/AlmasB/FXGL
01:53:52.018 [JavaFX Application Thread] INFO  Engine               -       Ask questions and discuss at: https://github.com/AlmasB/FXGL/discussions
01:53:52.018 [JavaFX Application Thread] INFO  Engine               -              Join the FXGL chat at: https://gitter.im/AlmasB/FXGL
01:53:52.075 [JavaFX Application Thread] DEBUG PrimaryStageWindow   - Creating a JavaFX scene
01:53:52.106 [JavaFX Application Thread] DEBUG PrimaryStageWindow   - Target settings size: 1280.0 x 720.0
01:53:52.107 [JavaFX Application Thread] DEBUG PrimaryStageWindow   - Scaled scene size:    1280.0 x 720.0
01:53:52.107 [JavaFX Application Thread] DEBUG PrimaryStageWindow   - Scaled ratio: (1.0, 1.0)
01:53:52.108 [JavaFX Application Thread] DEBUG PrimaryStageWindow   - Set initial scene to FXGLStartupScene
01:53:52.111 [JavaFX Application Thread] DEBUG PrimaryStageWindow   - Opening main window
01:53:52.167 [JavaFX Application Thread] DEBUG PrimaryStageWindow   - Window border size: (14.4000244140625, 37.5999755859375)
01:53:52.167 [JavaFX Application Thread] DEBUG PrimaryStageWindow   - Scaled size: 1280.0 x 720.0
01:53:52.168 [JavaFX Application Thread] DEBUG PrimaryStageWindow   - Scaled ratio: (1.0, 1.0)
01:53:52.168 [JavaFX Application Thread] DEBUG PrimaryStageWindow   - Scene size: 1280.0 x 720.0
01:53:52.168 [JavaFX Application Thread] DEBUG PrimaryStageWindow   - Stage size: 1294.4000244140625 x 757.5999755859375
01:53:52.237 [JavaFX Application Thread] DEBUG PrimaryStageWindow   - Going fullscreen
01:53:52.242 [FXGL Background Thread 1 ] DEBUG Engine               - Initializing environment variables
01:53:52.274 [FXGL Background Thread 1 ] DEBUG FXGLAssetLoaderServi - User app class for loading assets: class com.project.App
01:53:52.274 [FXGL Background Thread 1 ] DEBUG GameApplicationServi - Applying CSS: fxgl_dark.css
01:53:52.275 [FXGL Background Thread 1 ] DEBUG FXGLAssetLoaderServi - Loading from file system: jar:file:/C:/Users/nitro/.m2/repository/com/github/almasb/fxgl/21.1/fxgl-21.1.jar!/fxglassets/ui/css/fxgl_dark.css
01:53:52.297 [FXGL Background Thread 1 ] DEBUG GameApplicationServi - Initializing application scenes
01:53:52.326 [FXGL Background Thread 1 ] DEBUG GameWorld            - Game world initialized
01:53:52.364 [FXGL Background Thread 1 ] DEBUG PhysicsWorld         - Physics world initialized: appHeight=720, physics.ppm=50.0
01:53:52.365 [FXGL Background Thread 1 ] DEBUG PhysicsWorld         - Using strategy: BRUTE_FORCE
01:53:52.367 [FXGL Background Thread 1 ] DEBUG GameScene            - Game scene initialized: 1280x720
01:53:52.376 [FXGL Background Thread 1 ] DEBUG FXGL.DefaultMenu     - createMenuBodyGameMenu()
01:53:52.385 [FXGL Background Thread 1 ] DEBUG FXGL.DefaultMenu     - createOptionsMenu()
01:53:52.391 [FXGL Background Thread 1 ] DEBUG FXGLAssetLoaderServi - Loading from file system: jar:file:/C:/Users/nitro/.m2/repository/com/github/almasb/fxgl/21.1/fxgl-21.1.jar!/fxglassets/textures/particles/smoke.png
01:53:52.458 [FXGL Background Thread 1 ] DEBUG FXGLAssetLoaderServi - Loading from file system: jar:file:/C:/Users/nitro/.m2/repository/com/github/almasb/fxgl/21.1/fxgl-21.1.jar!/fxglassets/textures/particles/trace_horizontal.png
01:53:52.473 [FXGL Background Thread 1 ] DEBUG GameApplicationServi - Application scenes initialized
01:53:52.481 [FXGL Background Thread 1 ] DEBUG SystemBundleService  - Loading FXGL system data
01:53:52.485 [FXGL Background Thread 1 ] DEBUG FileSystemAccess     - Reading from: C:\Users\nitro\Desktop\ProjectFun2\myproject\myproject\system\fxgl.bundle
01:53:52.490 [FXGL Background Thread 1 ] DEBUG SystemBundleService  - Bundle FXGL: {}
01:53:52.490 [FXGL Background Thread 1 ] DEBUG UpdaterService       - Checking for updates
01:53:52.511 [FXGL Background Thread 4 ] DEBUG FXGLApplication      - Loading fonts
01:53:52.511 [FXGL Background Thread 4 ] DEBUG FXGLAssetLoaderServi - Loading from file system: jar:file:/C:/Users/nitro/.m2/repository/com/github/almasb/fxgl/21.1/fxgl-21.1.jar!/fxglassets/ui/fonts/VarelaRound-Regular.ttf
01:53:52.512 [FXGL Background Thread 1 ] DEBUG FXGLApplication      - Loading default localization
01:53:52.512 [FXGL Background Thread 1 ] DEBUG FXGLAssetLoaderServi - Loading from file system: jar:file:/C:/Users/nitro/.m2/repository/com/github/almasb/fxgl/21.1/fxgl-21.1.jar!/fxglassets/languages/english.lang
01:53:52.531 [FXGL Background Thread 4 ] DEBUG FXGLAssetLoaderServi - Loading from file system: jar:file:/C:/Users/nitro/.m2/repository/com/github/almasb/fxgl/21.1/fxgl-21.1.jar!/fxglassets/ui/fonts/Abel-Regular.ttf
01:53:52.533 [FXGL Background Thread 1 ] INFO  FXGLApplication      - FXGL initialization took: 0.291 sec
01:53:52.533 [FXGL Background Thread 4 ] DEBUG FXGLAssetLoaderServi - Loading from file system: jar:file:/C:/Users/nitro/.m2/repository/com/github/almasb/fxgl/21.1/fxgl-21.1.jar!/fxglassets/ui/fonts/TerminalLandMono-Regular.otf
01:53:52.537 [FXGL Background Thread 4 ] DEBUG FXGLAssetLoaderServi - Loading from file system: jar:file:/C:/Users/nitro/.m2/repository/com/github/almasb/fxgl/21.1/fxgl-21.1.jar!/fxglassets/ui/fonts/Courier-Prime.ttf
01:53:52.542 [JavaFX Application Thread] DEBUG Input                - Registered new binding: Right - D
01:53:52.542 [JavaFX Application Thread] DEBUG Input                - Registered new binding: Left - A
01:53:52.542 [JavaFX Application Thread] DEBUG Input                - Registered new binding: Up - W
01:53:52.543 [JavaFX Application Thread] DEBUG Input                - Registered new binding: Down - S
01:53:52.543 [JavaFX Application Thread] DEBUG Input                - Registered new binding: Interact - E
01:53:52.543 [JavaFX Application Thread] DEBUG FXGLAssetLoaderServi - Loading from file system: jar:file:/C:/Users/nitro/.m2/repository/com/github/almasb/fxgl/21.1/fxgl-21.1.jar!/fxglassets/textures/fxgl_icon.png
01:53:52.557 [JavaFX Application Thread] DEBUG FXGLAssetLoaderServi - Loading from file system: jar:file:/C:/Users/nitro/.m2/repository/com/github/almasb/fxgl/21.1/fxgl-21.1.jar!/fxglassets/textures/fxgl_default_cursor.png
01:53:52.560 [JavaFX Application Thread] DEBUG Input                - Registered new binding: Screenshot - CTRL+8
01:53:52.561 [JavaFX Application Thread] DEBUG Input                - Registered new binding: Dev Options - 1
01:53:52.562 [JavaFX Application Thread] DEBUG Input                - Registered new binding: Dev Console - 2
01:53:52.563 [JavaFX Application Thread] DEBUG Input                - Registered new binding: System info dump - CTRL+9
01:53:52.563 [JavaFX Application Thread] DEBUG Input                - Registered new binding: Restart - CTRL+R
01:53:52.564 [JavaFX Application Thread] DEBUG Input                - Registered new binding: Toggle Debug Camera - CTRL+7
01:53:52.572 [JavaFX Application Thread] DEBUG LoopRunner           - Starting loop
01:53:52.589 [JavaFX Application Thread] DEBUG LoopRunner           - Initializing JavaFX AnimationTimerLoop
01:53:52.590 [JavaFX Application Thread] DEBUG GameApplicationServi - Starting new game
01:53:52.590 [JavaFX Application Thread] DEBUG Input                - Clearing active input actions
01:53:52.601 [JavaFX Application Thread] DEBUG GameApplicationServi - Removing overlay from FXGLStartupScene and adding to FXGLLoadingScene
01:53:52.605 [JavaFX Application Thread] DEBUG PrimaryStageWindow   - FXGLStartupScene -> FXGLLoadingScene
01:53:52.605 [JavaFX Application Thread] DEBUG GameApplicationServi - Clearing previous game
01:53:52.605 [JavaFX Application Thread] DEBUG GameScene            - Clearing game scene
01:53:52.605 [JavaFX Application Thread] DEBUG GameWorld            - Clearing game world
01:53:52.605 [JavaFX Application Thread] DEBUG PhysicsWorld         - Clearing physics world
01:53:52.606 [FXGL Background Thread 4 ] DEBUG FXGLApplication      - Initializing game
01:53:52.608 [JavaFX Application Thread] DEBUG FXGLApplication      - Registering font factories with UI factory
01:53:52.629 [FXGL Background Thread 4 ] WARN  TMXLevelLoader       - TiledMap generated from 1.11.0. Supported version: 1.9.0. Some features may not be parsed fully.
01:53:52.647 [FXGL Background Thread 4 ] DEBUG TMXLevelLoader       - Parsed TiledMap: file:/C:/Users/nitro/Desktop/ProjectFun2/myproject/myproject/target/classes/assets/levels/scene1.tmx
01:53:52.648 [FXGL Background Thread 4 ] DEBUG TMXLevelLoader       - Creating tile layer entities
01:53:52.649 [FXGL Background Thread 4 ] DEBUG TilesetLoader        - Loading view for layer lowefloor
01:53:52.650 [FXGL Background Thread 4 ] DEBUG TilesetLoader        - Created buffer with size 512.0x1024.0
01:53:52.695 [FXGL Background Thread 4 ] DEBUG TilesetLoader        - Loading view for layer cliff
01:53:52.696 [FXGL Background Thread 4 ] DEBUG TilesetLoader        - Created buffer with size 512.0x1024.0
01:53:52.697 [FXGL Background Thread 4 ] DEBUG TilesetLoader        - Loading view for layer cliff1
01:53:52.699 [FXGL Background Thread 4 ] DEBUG TilesetLoader        - Created buffer with size 512.0x1024.0
01:53:52.700 [FXGL Background Thread 4 ] DEBUG TilesetLoader        - Loading view for layer cliff2
01:53:52.700 [FXGL Background Thread 4 ] DEBUG TilesetLoader        - Created buffer with size 512.0x1024.0
01:53:52.701 [FXGL Background Thread 4 ] DEBUG TilesetLoader        - Loading view for layer Tile Layer 3
01:53:52.701 [FXGL Background Thread 4 ] DEBUG TilesetLoader        - Created buffer with size 512.0x1024.0
01:53:52.702 [FXGL Background Thread 4 ] DEBUG TilesetLoader        - Loading view for layer Tile Layer 6
01:53:52.702 [FXGL Background Thread 4 ] DEBUG TilesetLoader        - Created buffer with size 512.0x1024.0
01:53:52.777 [FXGL Background Thread 4 ] DEBUG TilesetLoader        - Loading view for layer prop
01:53:52.778 [FXGL Background Thread 4 ] DEBUG TilesetLoader        - Created buffer with size 512.0x1024.0
01:53:52.778 [FXGL Background Thread 4 ] DEBUG TMXLevelLoader       - Creating object layer entities
01:53:52.801 [FXGL Background Thread 4 ] DEBUG FXGLAssetLoaderServi - Loading from file system: file:/C:/Users/nitro/Desktop/ProjectFun2/myproject/myproject/target/classes/assets/textures/Actor1.png
01:53:52.811 [FXGL Background Thread 4 ] DEBUG FXGLAssetLoaderServi - Loading from file system: file:/C:/Users/nitro/Desktop/ProjectFun2/myproject/myproject/target/classes/assets/textures/Rex.png
01:53:52.816 [FXGL Background Thread 4 ] WARN  TMXLevelLoader       - TiledMap generated from 1.11.0. Supported version: 1.9.0. Some features may not be parsed fully.
01:53:52.824 [FXGL Background Thread 4 ] DEBUG TMXLevelLoader       - Parsed TiledMap: file:/C:/Users/nitro/Desktop/ProjectFun2/myproject/myproject/target/classes/assets/levels/scene1.tmx
01:53:52.824 [FXGL Background Thread 4 ] DEBUG TMXLevelLoader       - Creating tile layer entities
01:53:52.824 [FXGL Background Thread 4 ] DEBUG TilesetLoader        - Loading view for layer lowefloor
01:53:52.825 [FXGL Background Thread 4 ] DEBUG TilesetLoader        - Created buffer with size 512.0x1024.0
01:53:52.847 [FXGL Background Thread 4 ] DEBUG TilesetLoader        - Loading view for layer cliff
01:53:52.848 [FXGL Background Thread 4 ] DEBUG TilesetLoader        - Created buffer with size 512.0x1024.0
01:53:52.848 [FXGL Background Thread 4 ] DEBUG TilesetLoader        - Loading view for layer cliff1
01:53:52.849 [FXGL Background Thread 4 ] DEBUG TilesetLoader        - Created buffer with size 512.0x1024.0
01:53:52.849 [FXGL Background Thread 4 ] DEBUG TilesetLoader        - Loading view for layer cliff2
01:53:52.851 [FXGL Background Thread 4 ] DEBUG TilesetLoader        - Created buffer with size 512.0x1024.0
01:53:52.853 [FXGL Background Thread 4 ] DEBUG TilesetLoader        - Loading view for layer Tile Layer 3
01:53:52.854 [FXGL Background Thread 4 ] DEBUG TilesetLoader        - Created buffer with size 512.0x1024.0
01:53:52.854 [FXGL Background Thread 4 ] DEBUG TilesetLoader        - Loading view for layer Tile Layer 6
01:53:52.854 [FXGL Background Thread 4 ] DEBUG TilesetLoader        - Created buffer with size 512.0x1024.0
01:53:52.904 [FXGL Background Thread 4 ] DEBUG TilesetLoader        - Loading view for layer prop
01:53:52.904 [FXGL Background Thread 4 ] DEBUG TilesetLoader        - Created buffer with size 512.0x1024.0
01:53:52.905 [FXGL Background Thread 4 ] DEBUG TMXLevelLoader       - Creating object layer entities
01:53:52.911 [FXGL Background Thread 4 ] DEBUG GameWorld            - Clearing removable entities
01:53:52.912 [FXGL Background Thread 4 ] DEBUG GameWorld            - Setting level: com.almasb.fxgl.entity.level.Level@90e15c9
01:53:52.920 [FXGL Background Thread 4 ] INFO  FXGLApplication      - Game initialization took: 0.314 sec
01:53:52.925 [JavaFX Application Thread] DEBUG Input                - Clearing active input actions
01:53:52.930 [JavaFX Application Thread] DEBUG GameApplicationServi - Removing overlay from FXGLLoadingScene and adding to GameScene
01:53:52.933 [JavaFX Application Thread] DEBUG PrimaryStageWindow   - FXGLLoadingScene -> GameScene
01:53:54.517 [JavaFX Application Thread] DEBUG PrimaryStageWindow   - Push state: FXGLDefaultMenu
01:53:54.520 [JavaFX Application Thread] DEBUG Input                - Clearing active input actions
01:53:54.524 [JavaFX Application Thread] DEBUG GameApplicationServi - Removing overlay from GameScene and adding to FXGLDefaultMenu
01:53:54.526 [JavaFX Application Thread] DEBUG PrimaryStageWindow   - GameScene -> FXGLDefaultMenu
01:53:55.510 [FXGL Background Thread 3 ] DEBUG Engine               - Logging environment variables
01:53:55.510 [FXGL Background Thread 3 ] DEBUG Engine               - achievements: []
01:53:55.510 [FXGL Background Thread 3 ] DEBUG Engine               - actualHeight: 864.0
01:53:55.511 [FXGL Background Thread 3 ] DEBUG Engine               - actualHeightProperty: ReadOnlyDoubleProperty [value: 864.0]
01:53:55.511 [FXGL Background Thread 3 ] DEBUG Engine               - actualWidth: 1536.0
01:53:55.511 [FXGL Background Thread 3 ] DEBUG Engine               - actualWidthProperty: ReadOnlyDoubleProperty [value: 1536.0]
01:53:55.511 [FXGL Background Thread 3 ] DEBUG Engine               - appIcon: fxgl_icon.png
01:53:55.511 [FXGL Background Thread 3 ] DEBUG Engine               - applicationMode: DEVELOPER
01:53:55.511 [FXGL Background Thread 3 ] DEBUG Engine               - cSSList: [fxgl_dark.css]
01:53:55.511 [FXGL Background Thread 3 ] DEBUG Engine               - collisionDetectionStrategy: BRUTE_FORCE
01:53:55.511 [FXGL Background Thread 3 ] DEBUG Engine               - configClass: Optional.empty
01:53:55.511 [FXGL Background Thread 3 ] DEBUG Engine               - credits: []
01:53:55.513 [FXGL Background Thread 3 ] DEBUG Engine               - defaultCursor: CursorInfo(imageName=fxgl_default_cursor.png, hotspotX=7.0, hotspotY=6.0)
01:53:55.513 [FXGL Background Thread 3 ] DEBUG Engine               - devBBoxColorProperty: ObjectProperty [value: 0xff0000ff]
01:53:55.513 [FXGL Background Thread 3 ] DEBUG Engine               - devEnableDebugCameraProperty: BooleanProperty [value: false]
01:53:55.513 [FXGL Background Thread 3 ] DEBUG Engine               - devSensorColorProperty: ObjectProperty [value: 0xffff00ff]
01:53:55.513 [FXGL Background Thread 3 ] DEBUG Engine               - devShowBBoxProperty: BooleanProperty [value: false]
01:53:55.513 [FXGL Background Thread 3 ] DEBUG Engine               - devShowPositionProperty: BooleanProperty [value: false]
01:53:55.513 [FXGL Background Thread 3 ] DEBUG Engine               - enabledMenuItems: []
01:53:55.513 [FXGL Background Thread 3 ] DEBUG Engine               - engineServices: [class com.almasb.fxgl.app.services.FXGLAssetLoaderService, class com.almasb.fxgl.app.FXGLApplication$GameApplicationService, class com.almasb.fxgl.app.services.FXGLDialogService, class com.almasb.fxgl.app.services.IOTaskExecutorService, class com.almasb.fxgl.io.FileSystemService, class com.almasb.fxgl.localization.LocalizationService, class com.almasb.fxgl.app.services.SystemBundleService, class com.almasb.fxgl.profile.SaveLoadService, class com.almasb.fxgl.ui.FXGLUIFactoryServiceProvider, class com.almasb.fxgl.ui.FXGLDialogFactoryServiceProvider, class com.almasb.fxgl.audio.AudioPlayer, class com.almasb.fxgl.notification.impl.NotificationServiceProvider, class com.almasb.fxgl.achievement.AchievementService, class com.almasb.fxgl.cutscene.CutsceneService, class com.almasb.fxgl.minigames.MiniGameService, class com.almasb.fxgl.net.NetService, class com.almasb.fxgl.app.services.UpdaterService, class com.almasb.fxgl.dev.DevService]
01:53:55.513 [FXGL Background Thread 3 ] DEBUG Engine               - fontGame: Abel-Regular.ttf
01:53:55.513 [FXGL Background Thread 3 ] DEBUG Engine               - fontMono: TerminalLandMono-Regular.otf
01:53:55.513 [FXGL Background Thread 3 ] DEBUG Engine               - fontSizeScaleUI: 1.0
01:53:55.513 [FXGL Background Thread 3 ] DEBUG Engine               - fontText: Courier-Prime.ttf
01:53:55.513 [FXGL Background Thread 3 ] DEBUG Engine               - fontUI: VarelaRound-Regular.ttf
01:53:55.513 [FXGL Background Thread 3 ] DEBUG Engine               - fullScreen: BooleanProperty [value: true]
01:53:55.513 [FXGL Background Thread 3 ] DEBUG Engine               - gameDifficulty: MEDIUM
01:53:55.513 [FXGL Background Thread 3 ] DEBUG Engine               - gameDifficultyProperty: ObjectProperty [value: MEDIUM]
01:53:55.513 [FXGL Background Thread 3 ] DEBUG Engine               - globalMusicVolume: 0.5
01:53:55.513 [FXGL Background Thread 3 ] DEBUG Engine               - globalMusicVolumeProperty: DoubleProperty [value: 0.5]
01:53:55.513 [FXGL Background Thread 3 ] DEBUG Engine               - globalSoundVolume: 0.5
01:53:55.513 [FXGL Background Thread 3 ] DEBUG Engine               - globalSoundVolumeProperty: DoubleProperty [value: 0.5]
01:53:55.513 [FXGL Background Thread 3 ] DEBUG Engine               - height: 720
01:53:55.513 [FXGL Background Thread 3 ] DEBUG Engine               - is3D: false
01:53:55.513 [FXGL Background Thread 3 ] DEBUG Engine               - isAndroid: false
01:53:55.513 [FXGL Background Thread 3 ] DEBUG Engine               - isBrowser: false
01:53:55.513 [FXGL Background Thread 3 ] DEBUG Engine               - isClickFeedbackEnabled: false
01:53:55.513 [FXGL Background Thread 3 ] DEBUG Engine               - isCloseConfirmation: false
01:53:55.513 [FXGL Background Thread 3 ] DEBUG Engine               - isDesktop: true
01:53:55.513 [FXGL Background Thread 3 ] DEBUG Engine               - isDeveloperMenuEnabled: true
01:53:55.513 [FXGL Background Thread 3 ] DEBUG Engine               - isEmbedded: false
01:53:55.513 [FXGL Background Thread 3 ] DEBUG Engine               - isEntityPreloadEnabled: true
01:53:55.513 [FXGL Background Thread 3 ] DEBUG Engine               - isExperimentalTiledLargeMap: false
01:53:55.513 [FXGL Background Thread 3 ] DEBUG Engine               - isFileSystemWriteAllowed: true
01:53:55.513 [FXGL Background Thread 3 ] DEBUG Engine               - isFullScreenAllowed: true
01:53:55.513 [FXGL Background Thread 3 ] DEBUG Engine               - isFullScreenFromStart: true
01:53:55.513 [FXGL Background Thread 3 ] DEBUG Engine               - isGameMenuEnabled: true
01:53:55.513 [FXGL Background Thread 3 ] DEBUG Engine               - isIOS: false
01:53:55.513 [FXGL Background Thread 3 ] DEBUG Engine               - isIntroEnabled: false
01:53:55.513 [FXGL Background Thread 3 ] DEBUG Engine               - isLinux: false
01:53:55.513 [FXGL Background Thread 3 ] DEBUG Engine               - isMac: false
01:53:55.513 [FXGL Background Thread 3 ] DEBUG Engine               - isMainMenuEnabled: false
01:53:55.513 [FXGL Background Thread 3 ] DEBUG Engine               - isManualResizeEnabled: false
01:53:55.513 [FXGL Background Thread 3 ] DEBUG Engine               - isMobile: false
01:53:55.513 [FXGL Background Thread 3 ] DEBUG Engine               - isNative: false
01:53:55.513 [FXGL Background Thread 3 ] DEBUG Engine               - isPauseMusicWhenMinimized: true
01:53:55.513 [FXGL Background Thread 3 ] DEBUG Engine               - isPreserveResizeRatio: false
01:53:55.513 [FXGL Background Thread 3 ] DEBUG Engine               - isProfilingEnabled: false
01:53:55.514 [FXGL Background Thread 3 ] DEBUG Engine               - isScaleAffectedOnResize: true
01:53:55.514 [FXGL Background Thread 3 ] DEBUG Engine               - isSingleStep: false
01:53:55.514 [FXGL Background Thread 3 ] DEBUG Engine               - isUserProfileEnabled: false
01:53:55.514 [FXGL Background Thread 3 ] DEBUG Engine               - isWindows: true
01:53:55.514 [FXGL Background Thread 3 ] DEBUG Engine               - language: ObjectProperty [value: ENGLISH]
01:53:55.514 [FXGL Background Thread 3 ] DEBUG Engine               - menuKey: ESCAPE
01:53:55.514 [FXGL Background Thread 3 ] DEBUG Engine               - mouseSensitivity: 0.2
01:53:55.514 [FXGL Background Thread 3 ] DEBUG Engine               - notificationViewClass: class com.almasb.fxgl.notification.view.XboxNotificationView
01:53:55.514 [FXGL Background Thread 3 ] DEBUG Engine               - pixelsPerMeter: 50.0
01:53:55.514 [FXGL Background Thread 3 ] DEBUG Engine               - platform: WINDOWS
01:53:55.514 [FXGL Background Thread 3 ] DEBUG Engine               - prefHeightProperty: ReadOnlyDoubleProperty [value: 720.0]
01:53:55.514 [FXGL Background Thread 3 ] DEBUG Engine               - prefWidthProperty: ReadOnlyDoubleProperty [value: 1280.0]
01:53:55.514 [FXGL Background Thread 3 ] DEBUG Engine               - profileDir: profiles/
01:53:55.514 [FXGL Background Thread 3 ] DEBUG Engine               - profileName: StringProperty [value: DEFAULT]
01:53:55.514 [FXGL Background Thread 3 ] DEBUG Engine               - randomSeed: -1
01:53:55.514 [FXGL Background Thread 3 ] DEBUG Engine               - runtimeInfo: RuntimeInfo(platform=WINDOWS, version=21.1, build=27.03.2024 07.52)
01:53:55.514 [FXGL Background Thread 3 ] DEBUG Engine               - saveFileExt: sav
01:53:55.514 [FXGL Background Thread 3 ] DEBUG Engine               - scaledHeightProp$fxgl: DoubleProperty [bound, value: 864.0]
01:53:55.514 [FXGL Background Thread 3 ] DEBUG Engine               - scaledWidthProp$fxgl: DoubleProperty [bound, value: 1536.0]
01:53:55.514 [FXGL Background Thread 3 ] DEBUG Engine               - sceneFactory: com.almasb.fxgl.app.scene.SceneFactory@2e53481b
01:53:55.514 [FXGL Background Thread 3 ] DEBUG Engine               - secondsIn24h: 60
01:53:55.514 [FXGL Background Thread 3 ] DEBUG Engine               - soundMenuBack: menu/back.wav
01:53:55.514 [FXGL Background Thread 3 ] DEBUG Engine               - soundMenuPress: menu/press.wav
01:53:55.514 [FXGL Background Thread 3 ] DEBUG Engine               - soundMenuSelect: menu/select.wav
01:53:55.514 [FXGL Background Thread 3 ] DEBUG Engine               - soundNotification: core/notification.wav
01:53:55.514 [FXGL Background Thread 3 ] DEBUG Engine               - stageStyle: DECORATED
01:53:55.514 [FXGL Background Thread 3 ] DEBUG Engine               - supportedLanguages: [ENGLISH, FRENCH, GERMAN, HUNGARIAN, RUSSIAN]
01:53:55.514 [FXGL Background Thread 3 ] DEBUG Engine               - ticksPerSecond: -1
01:53:55.514 [FXGL Background Thread 3 ] DEBUG Engine               - title: Final Journey
01:53:55.514 [FXGL Background Thread 3 ] DEBUG Engine               - urlGithub: https://github.com/AlmasB/FXGL
01:53:55.514 [FXGL Background Thread 3 ] DEBUG Engine               - urlLeaderboard: http://fxgl-top.herokuapp.com/
01:53:55.514 [FXGL Background Thread 3 ] DEBUG Engine               - urlPOM: https://raw.githubusercontent.com/AlmasB/FXGL/release/README.md
01:53:55.514 [FXGL Background Thread 3 ] DEBUG Engine               - userAppClass: class com.project.App
01:53:55.514 [FXGL Background Thread 3 ] DEBUG Engine               - version: Alpha
01:53:55.514 [FXGL Background Thread 3 ] DEBUG Engine               - versionCheckDays: 7
01:53:55.514 [FXGL Background Thread 3 ] DEBUG Engine               - width: 1280
01:53:55.514 [FXGL Background Thread 3 ] DEBUG Engine               - Logging services
01:53:55.514 [FXGL Background Thread 3 ] DEBUG Engine               - class com.almasb.fxgl.app.services.FXGLAssetLoaderService
01:53:55.514 [FXGL Background Thread 3 ] DEBUG Engine               - class com.almasb.fxgl.app.FXGLApplication$GameApplicationService
01:53:55.514 [FXGL Background Thread 3 ] DEBUG Engine               - class com.almasb.fxgl.app.services.FXGLDialogService
01:53:55.514 [FXGL Background Thread 3 ] DEBUG Engine               - class com.almasb.fxgl.app.services.IOTaskExecutorService
01:53:55.515 [FXGL Background Thread 3 ] DEBUG Engine               - class com.almasb.fxgl.io.FileSystemService
01:53:55.515 [FXGL Background Thread 3 ] DEBUG Engine               - class com.almasb.fxgl.localization.LocalizationService
01:53:55.515 [FXGL Background Thread 3 ] DEBUG Engine               - class com.almasb.fxgl.app.services.SystemBundleService
01:53:55.515 [FXGL Background Thread 3 ] DEBUG Engine               - class com.almasb.fxgl.profile.SaveLoadService
01:53:55.515 [FXGL Background Thread 3 ] DEBUG Engine               - class com.almasb.fxgl.ui.FXGLUIFactoryServiceProvider
01:53:55.515 [FXGL Background Thread 3 ] DEBUG Engine               - class com.almasb.fxgl.ui.FXGLDialogFactoryServiceProvider
01:53:55.515 [FXGL Background Thread 3 ] DEBUG Engine               - class com.almasb.fxgl.audio.AudioPlayer
01:53:55.515 [FXGL Background Thread 3 ] DEBUG Engine               - class com.almasb.fxgl.notification.impl.NotificationServiceProvider
01:53:55.515 [FXGL Background Thread 3 ] DEBUG Engine               - class com.almasb.fxgl.achievement.AchievementService
01:53:55.515 [FXGL Background Thread 3 ] DEBUG Engine               - class com.almasb.fxgl.cutscene.CutsceneService
01:53:55.515 [FXGL Background Thread 3 ] DEBUG Engine               - class com.almasb.fxgl.minigames.MiniGameService
01:53:55.515 [FXGL Background Thread 3 ] DEBUG Engine               - class com.almasb.fxgl.net.NetService
01:53:55.515 [FXGL Background Thread 3 ] DEBUG Engine               - class com.almasb.fxgl.app.services.UpdaterService
01:53:55.515 [FXGL Background Thread 3 ] DEBUG Engine               - class com.almasb.fxgl.dev.DevService
01:53:55.527 [JavaFX Application Thread] DEBUG Menu                 - fireExit()
01:53:55.528 [JavaFX Application Thread] DEBUG PrimaryStageWindow   - Push state: DialogSubScene
01:53:55.528 [JavaFX Application Thread] DEBUG Input                - Clearing active input actions
01:53:55.528 [JavaFX Application Thread] DEBUG GameApplicationServi - Removing overlay from FXGLDefaultMenu and adding to DialogSubScene
01:53:55.529 [JavaFX Application Thread] DEBUG PrimaryStageWindow   - FXGLDefaultMenu -> DialogSubScene
01:53:56.146 [JavaFX Application Thread] DEBUG PrimaryStageWindow   - Pop state: DialogSubScene
01:53:56.146 [JavaFX Application Thread] DEBUG Input                - Clearing active input actions
01:53:56.146 [JavaFX Application Thread] DEBUG GameApplicationServi - Removing overlay from DialogSubScene and adding to FXGLDefaultMenu
01:53:56.147 [JavaFX Application Thread] DEBUG PrimaryStageWindow   - FXGLDefaultMenu <- DialogSubScene
01:53:56.147 [JavaFX Application Thread] DEBUG FXGLApplication      - Exiting FXGL
01:53:56.147 [JavaFX Application Thread] DEBUG LoopRunner           - Stopping loop
01:53:56.147 [JavaFX Application Thread] DEBUG SystemBundleService  - Saving FXGL system data
01:53:56.147 [JavaFX Application Thread] DEBUG FileSystemAccess     - Writing to: C:\Users\nitro\Desktop\ProjectFun2\myproject\myproject\system\fxgl.bundle
01:53:56.149 [JavaFX Application Thread] DEBUG Async                - Shutting down background threads
01:53:56.149 [JavaFX Application Thread] DEBUG PrimaryStageWindow   - Closing main window
01:53:56.166 [JavaFX Application Thread] DEBUG Logger               - Closing Logger
