04:38:43.872 [main                     ] DEBUG Logger               - Configured Logger
04:38:43.893 [main                     ] DEBUG GameApplication      - Logging settings
Title: Final Journey
Version: Alpha
Width: 1280
Height: 720
Fullscreen: true
Intro: false
Profiling: false
Single step:false
App Mode: DEVELOPER
Menu Key: ESCAPE
Stage Style: DECORATED
Scene Factory: class com.almasb.fxgl.app.scene.SceneFactory

04:38:44.300 [JavaFX Application Thread] DEBUG FXGLApplication      - Initializing FXGL
04:38:44.303 [JavaFX Application Thread] INFO  Engine               - FXGL-21.1 (27.03.2024 07.52) on WINDOWS (J:21.0.5 FX:21.0.1)
04:38:44.304 [JavaFX Application Thread] DEBUG Engine               - JRE Vendor Name: Eclipse Adoptium
04:38:44.304 [JavaFX Application Thread] DEBUG Engine               - Running on OS: Windows 11 version 10.0
04:38:44.304 [JavaFX Application Thread] DEBUG Engine               - Architecture: amd64
04:38:44.304 [JavaFX Application Thread] INFO  Engine               - Source code and latest versions at: https://github.com/AlmasB/FXGL
04:38:44.304 [JavaFX Application Thread] INFO  Engine               -       Ask questions and discuss at: https://github.com/AlmasB/FXGL/discussions
04:38:44.305 [JavaFX Application Thread] INFO  Engine               -              Join the FXGL chat at: https://gitter.im/AlmasB/FXGL
04:38:44.398 [JavaFX Application Thread] DEBUG PrimaryStageWindow   - Creating a JavaFX scene
04:38:44.455 [JavaFX Application Thread] DEBUG PrimaryStageWindow   - Target settings size: 1280.0 x 720.0
04:38:44.456 [JavaFX Application Thread] DEBUG PrimaryStageWindow   - Scaled scene size:    1280.0 x 720.0
04:38:44.456 [JavaFX Application Thread] DEBUG PrimaryStageWindow   - Scaled ratio: (1.0, 1.0)
04:38:44.459 [JavaFX Application Thread] DEBUG PrimaryStageWindow   - Set initial scene to FXGLStartupScene
04:38:44.462 [JavaFX Application Thread] DEBUG PrimaryStageWindow   - Opening main window
04:38:44.551 [JavaFX Application Thread] DEBUG PrimaryStageWindow   - Window border size: (14.4000244140625, 37.5999755859375)
04:38:44.551 [JavaFX Application Thread] DEBUG PrimaryStageWindow   - Scaled size: 1280.0 x 720.0
04:38:44.551 [JavaFX Application Thread] DEBUG PrimaryStageWindow   - Scaled ratio: (1.0, 1.0)
04:38:44.551 [JavaFX Application Thread] DEBUG PrimaryStageWindow   - Scene size: 1280.0 x 720.0
04:38:44.552 [JavaFX Application Thread] DEBUG PrimaryStageWindow   - Stage size: 1294.4000244140625 x 757.5999755859375
04:38:44.632 [JavaFX Application Thread] DEBUG PrimaryStageWindow   - Going fullscreen
04:38:44.642 [FXGL Background Thread 1 ] DEBUG Engine               - Initializing environment variables
04:38:44.702 [FXGL Background Thread 1 ] DEBUG FXGLAssetLoaderServi - User app class for loading assets: class com.project.App
04:38:44.702 [FXGL Background Thread 1 ] DEBUG GameApplicationServi - Applying CSS: fxgl_dark.css
04:38:44.703 [FXGL Background Thread 1 ] DEBUG FXGLAssetLoaderServi - Loading from file system: jar:file:/C:/Users/Lenovo/.m2/repository/com/github/almasb/fxgl/21.1/fxgl-21.1.jar!/fxglassets/ui/css/fxgl_dark.css
04:38:44.739 [FXGL Background Thread 1 ] DEBUG GameApplicationServi - Initializing application scenes
04:38:44.786 [FXGL Background Thread 1 ] DEBUG GameWorld            - Game world initialized
04:38:44.836 [FXGL Background Thread 1 ] DEBUG PhysicsWorld         - Physics world initialized: appHeight=720, physics.ppm=50.0
04:38:44.836 [FXGL Background Thread 1 ] DEBUG PhysicsWorld         - Using strategy: BRUTE_FORCE
04:38:44.839 [FXGL Background Thread 1 ] DEBUG GameScene            - Game scene initialized: 1280x720
04:38:44.848 [FXGL Background Thread 1 ] DEBUG FXGL.DefaultMenu     - createMenuBodyGameMenu()
04:38:44.860 [FXGL Background Thread 1 ] DEBUG FXGL.DefaultMenu     - createOptionsMenu()
04:38:44.868 [FXGL Background Thread 1 ] DEBUG FXGLAssetLoaderServi - Loading from file system: jar:file:/C:/Users/Lenovo/.m2/repository/com/github/almasb/fxgl/21.1/fxgl-21.1.jar!/fxglassets/textures/particles/smoke.png
04:38:44.954 [FXGL Background Thread 1 ] DEBUG FXGLAssetLoaderServi - Loading from file system: jar:file:/C:/Users/Lenovo/.m2/repository/com/github/almasb/fxgl/21.1/fxgl-21.1.jar!/fxglassets/textures/particles/trace_horizontal.png
04:38:44.976 [FXGL Background Thread 1 ] DEBUG GameApplicationServi - Application scenes initialized
04:38:44.990 [FXGL Background Thread 1 ] DEBUG SystemBundleService  - Loading FXGL system data
04:38:44.993 [FXGL Background Thread 1 ] DEBUG FileSystemAccess     - Reading from: C:\Users\Lenovo\ProjectJava3.0\myproject\myproject\system\fxgl.bundle
04:38:45.003 [FXGL Background Thread 1 ] DEBUG SystemBundleService  - Bundle FXGL: {}
04:38:45.003 [FXGL Background Thread 1 ] DEBUG UpdaterService       - Checking for updates
04:38:45.032 [FXGL Background Thread 4 ] DEBUG FXGLApplication      - Loading fonts
04:38:45.033 [FXGL Background Thread 4 ] DEBUG FXGLAssetLoaderServi - Loading from file system: jar:file:/C:/Users/Lenovo/.m2/repository/com/github/almasb/fxgl/21.1/fxgl-21.1.jar!/fxglassets/ui/fonts/VarelaRound-Regular.ttf
04:38:45.033 [FXGL Background Thread 1 ] DEBUG FXGLApplication      - Loading default localization
04:38:45.034 [FXGL Background Thread 1 ] DEBUG FXGLAssetLoaderServi - Loading from file system: jar:file:/C:/Users/Lenovo/.m2/repository/com/github/almasb/fxgl/21.1/fxgl-21.1.jar!/fxglassets/languages/english.lang
04:38:45.071 [FXGL Background Thread 4 ] DEBUG FXGLAssetLoaderServi - Loading from file system: jar:file:/C:/Users/Lenovo/.m2/repository/com/github/almasb/fxgl/21.1/fxgl-21.1.jar!/fxglassets/ui/fonts/Abel-Regular.ttf
04:38:45.075 [FXGL Background Thread 4 ] DEBUG FXGLAssetLoaderServi - Loading from file system: jar:file:/C:/Users/Lenovo/.m2/repository/com/github/almasb/fxgl/21.1/fxgl-21.1.jar!/fxglassets/ui/fonts/TerminalLandMono-Regular.otf
04:38:45.077 [FXGL Background Thread 1 ] INFO  FXGLApplication      - FXGL initialization took: 0.435 sec
04:38:45.079 [FXGL Background Thread 4 ] DEBUG FXGLAssetLoaderServi - Loading from file system: jar:file:/C:/Users/Lenovo/.m2/repository/com/github/almasb/fxgl/21.1/fxgl-21.1.jar!/fxglassets/ui/fonts/Courier-Prime.ttf
04:38:45.088 [JavaFX Application Thread] DEBUG Input                - Registered new binding: Right - D
04:38:45.089 [JavaFX Application Thread] DEBUG Input                - Registered new binding: Left - A
04:38:45.089 [JavaFX Application Thread] DEBUG Input                - Registered new binding: Up - W
04:38:45.089 [JavaFX Application Thread] DEBUG Input                - Registered new binding: Down - S
04:38:45.089 [JavaFX Application Thread] DEBUG Input                - Registered new binding: Interact - E
04:38:45.090 [JavaFX Application Thread] DEBUG FXGLAssetLoaderServi - Loading from file system: jar:file:/C:/Users/Lenovo/.m2/repository/com/github/almasb/fxgl/21.1/fxgl-21.1.jar!/fxglassets/textures/fxgl_icon.png
04:38:45.106 [JavaFX Application Thread] DEBUG FXGLAssetLoaderServi - Loading from file system: jar:file:/C:/Users/Lenovo/.m2/repository/com/github/almasb/fxgl/21.1/fxgl-21.1.jar!/fxglassets/textures/fxgl_default_cursor.png
04:38:45.109 [JavaFX Application Thread] DEBUG Input                - Registered new binding: Screenshot - CTRL+8
04:38:45.110 [JavaFX Application Thread] DEBUG Input                - Registered new binding: Dev Options - 1
04:38:45.110 [JavaFX Application Thread] DEBUG Input                - Registered new binding: Dev Console - 2
04:38:45.110 [JavaFX Application Thread] DEBUG Input                - Registered new binding: System info dump - CTRL+9
04:38:45.111 [JavaFX Application Thread] DEBUG Input                - Registered new binding: Restart - CTRL+R
04:38:45.112 [JavaFX Application Thread] DEBUG Input                - Registered new binding: Toggle Debug Camera - CTRL+7
04:38:45.117 [JavaFX Application Thread] DEBUG LoopRunner           - Starting loop
04:38:45.141 [JavaFX Application Thread] DEBUG LoopRunner           - Initializing JavaFX AnimationTimerLoop
04:38:45.144 [JavaFX Application Thread] DEBUG GameApplicationServi - Starting new game
04:38:45.145 [JavaFX Application Thread] DEBUG Input                - Clearing active input actions
04:38:45.156 [JavaFX Application Thread] DEBUG GameApplicationServi - Removing overlay from FXGLStartupScene and adding to FXGLLoadingScene
04:38:45.161 [JavaFX Application Thread] DEBUG PrimaryStageWindow   - FXGLStartupScene -> FXGLLoadingScene
04:38:45.161 [JavaFX Application Thread] DEBUG GameApplicationServi - Clearing previous game
04:38:45.161 [JavaFX Application Thread] DEBUG GameScene            - Clearing game scene
04:38:45.162 [JavaFX Application Thread] DEBUG GameWorld            - Clearing game world
04:38:45.162 [JavaFX Application Thread] DEBUG PhysicsWorld         - Clearing physics world
04:38:45.164 [FXGL Background Thread 4 ] DEBUG FXGLApplication      - Initializing game
04:38:45.165 [JavaFX Application Thread] DEBUG FXGLApplication      - Registering font factories with UI factory
04:38:45.215 [FXGL Background Thread 4 ] WARN  TMXLevelLoader       - TiledMap generated from 1.11.2. Supported version: 1.9.0. Some features may not be parsed fully.
04:38:45.239 [FXGL Background Thread 4 ] DEBUG TMXLevelLoader       - Parsed TiledMap: file:/C:/Users/Lenovo/ProjectJava3.0/myproject/myproject/target/classes/assets/levels/scene1.tmx
04:38:45.242 [FXGL Background Thread 4 ] DEBUG TMXLevelLoader       - Creating tile layer entities
04:38:45.244 [FXGL Background Thread 4 ] DEBUG TilesetLoader        - Loading view for layer lowefloor
04:38:45.245 [FXGL Background Thread 4 ] DEBUG TilesetLoader        - Created buffer with size 512.0x1024.0
04:38:45.312 [FXGL Background Thread 4 ] DEBUG TilesetLoader        - Loading view for layer cliff
04:38:45.312 [FXGL Background Thread 4 ] DEBUG TilesetLoader        - Created buffer with size 512.0x1024.0
04:38:45.313 [FXGL Background Thread 4 ] DEBUG TilesetLoader        - Loading view for layer cliff1
04:38:45.315 [FXGL Background Thread 4 ] DEBUG TilesetLoader        - Created buffer with size 512.0x1024.0
04:38:45.316 [FXGL Background Thread 4 ] DEBUG TilesetLoader        - Loading view for layer cliff2
04:38:45.317 [FXGL Background Thread 4 ] DEBUG TilesetLoader        - Created buffer with size 512.0x1024.0
04:38:45.319 [FXGL Background Thread 4 ] DEBUG TilesetLoader        - Loading view for layer Tile Layer 3
04:38:45.319 [FXGL Background Thread 4 ] DEBUG TilesetLoader        - Created buffer with size 512.0x1024.0
04:38:45.320 [FXGL Background Thread 4 ] DEBUG TilesetLoader        - Loading view for layer Tile Layer 6
04:38:45.323 [FXGL Background Thread 4 ] DEBUG TilesetLoader        - Created buffer with size 512.0x1024.0
04:38:45.380 [FXGL Background Thread 4 ] DEBUG TilesetLoader        - Loading view for layer prop
04:38:45.381 [FXGL Background Thread 4 ] DEBUG TilesetLoader        - Created buffer with size 512.0x1024.0
04:38:45.381 [FXGL Background Thread 4 ] DEBUG TMXLevelLoader       - Creating object layer entities
04:38:45.417 [FXGL Background Thread 4 ] DEBUG FXGLAssetLoaderServi - Loading from file system: file:/C:/Users/Lenovo/ProjectJava3.0/myproject/myproject/target/classes/assets/textures/Rex.png
04:38:45.423 [FXGL Background Thread 4 ] WARN  TMXLevelLoader       - TiledMap generated from 1.11.2. Supported version: 1.9.0. Some features may not be parsed fully.
04:38:45.436 [FXGL Background Thread 4 ] DEBUG TMXLevelLoader       - Parsed TiledMap: file:/C:/Users/Lenovo/ProjectJava3.0/myproject/myproject/target/classes/assets/levels/scene1.tmx
04:38:45.437 [FXGL Background Thread 4 ] DEBUG TMXLevelLoader       - Creating tile layer entities
04:38:45.437 [FXGL Background Thread 4 ] DEBUG TilesetLoader        - Loading view for layer lowefloor
04:38:45.442 [FXGL Background Thread 4 ] DEBUG TilesetLoader        - Created buffer with size 512.0x1024.0
04:38:45.474 [FXGL Background Thread 4 ] DEBUG TilesetLoader        - Loading view for layer cliff
04:38:45.475 [FXGL Background Thread 4 ] DEBUG TilesetLoader        - Created buffer with size 512.0x1024.0
04:38:45.476 [FXGL Background Thread 4 ] DEBUG TilesetLoader        - Loading view for layer cliff1
04:38:45.477 [FXGL Background Thread 4 ] DEBUG TilesetLoader        - Created buffer with size 512.0x1024.0
04:38:45.478 [FXGL Background Thread 4 ] DEBUG TilesetLoader        - Loading view for layer cliff2
04:38:45.479 [FXGL Background Thread 4 ] DEBUG TilesetLoader        - Created buffer with size 512.0x1024.0
04:38:45.481 [FXGL Background Thread 4 ] DEBUG TilesetLoader        - Loading view for layer Tile Layer 3
04:38:45.482 [FXGL Background Thread 4 ] DEBUG TilesetLoader        - Created buffer with size 512.0x1024.0
04:38:45.483 [FXGL Background Thread 4 ] DEBUG TilesetLoader        - Loading view for layer Tile Layer 6
04:38:45.483 [FXGL Background Thread 4 ] DEBUG TilesetLoader        - Created buffer with size 512.0x1024.0
04:38:45.539 [FXGL Background Thread 4 ] DEBUG TilesetLoader        - Loading view for layer prop
04:38:45.541 [FXGL Background Thread 4 ] DEBUG TilesetLoader        - Created buffer with size 512.0x1024.0
04:38:45.541 [FXGL Background Thread 4 ] DEBUG TMXLevelLoader       - Creating object layer entities
04:38:45.556 [FXGL Background Thread 4 ] DEBUG GameWorld            - Clearing removable entities
04:38:45.557 [FXGL Background Thread 4 ] DEBUG GameWorld            - Setting level: com.almasb.fxgl.entity.level.Level@5a7b0d3a
04:38:45.578 [FXGL Background Thread 4 ] DEBUG FXGLAssetLoaderServi - Loading from file system: file:/C:/Users/Lenovo/ProjectJava3.0/myproject/myproject/target/classes/assets/textures/Actor1.png
04:38:45.601 [FXGL Background Thread 4 ] INFO  FXGLApplication      - Game initialization took: 0.438 sec
04:38:45.604 [JavaFX Application Thread] DEBUG Input                - Clearing active input actions
04:38:45.615 [JavaFX Application Thread] DEBUG GameApplicationServi - Removing overlay from FXGLLoadingScene and adding to GameScene
04:38:45.619 [JavaFX Application Thread] DEBUG PrimaryStageWindow   - FXGLLoadingScene -> GameScene
04:38:48.031 [FXGL Background Thread 3 ] DEBUG Engine               - Logging environment variables
04:38:48.031 [FXGL Background Thread 3 ] DEBUG Engine               - achievements: []
04:38:48.033 [FXGL Background Thread 3 ] DEBUG Engine               - actualHeight: 864.0
04:38:48.033 [FXGL Background Thread 3 ] DEBUG Engine               - actualHeightProperty: ReadOnlyDoubleProperty [value: 864.0]
04:38:48.033 [FXGL Background Thread 3 ] DEBUG Engine               - actualWidth: 1536.0
04:38:48.033 [FXGL Background Thread 3 ] DEBUG Engine               - actualWidthProperty: ReadOnlyDoubleProperty [value: 1536.0]
04:38:48.033 [FXGL Background Thread 3 ] DEBUG Engine               - appIcon: fxgl_icon.png
04:38:48.033 [FXGL Background Thread 3 ] DEBUG Engine               - applicationMode: DEVELOPER
04:38:48.033 [FXGL Background Thread 3 ] DEBUG Engine               - cSSList: [fxgl_dark.css]
04:38:48.033 [FXGL Background Thread 3 ] DEBUG Engine               - collisionDetectionStrategy: BRUTE_FORCE
04:38:48.033 [FXGL Background Thread 3 ] DEBUG Engine               - configClass: Optional.empty
04:38:48.033 [FXGL Background Thread 3 ] DEBUG Engine               - credits: []
04:38:48.033 [FXGL Background Thread 3 ] DEBUG Engine               - defaultCursor: CursorInfo(imageName=fxgl_default_cursor.png, hotspotX=7.0, hotspotY=6.0)
04:38:48.033 [FXGL Background Thread 3 ] DEBUG Engine               - devBBoxColorProperty: ObjectProperty [value: 0xff0000ff]
04:38:48.034 [FXGL Background Thread 3 ] DEBUG Engine               - devEnableDebugCameraProperty: BooleanProperty [value: false]
04:38:48.034 [FXGL Background Thread 3 ] DEBUG Engine               - devSensorColorProperty: ObjectProperty [value: 0xffff00ff]
04:38:48.034 [FXGL Background Thread 3 ] DEBUG Engine               - devShowBBoxProperty: BooleanProperty [value: false]
04:38:48.034 [FXGL Background Thread 3 ] DEBUG Engine               - devShowPositionProperty: BooleanProperty [value: false]
04:38:48.034 [FXGL Background Thread 3 ] DEBUG Engine               - enabledMenuItems: []
04:38:48.034 [FXGL Background Thread 3 ] DEBUG Engine               - engineServices: [class com.almasb.fxgl.app.services.FXGLAssetLoaderService, class com.almasb.fxgl.app.FXGLApplication$GameApplicationService, class com.almasb.fxgl.app.services.FXGLDialogService, class com.almasb.fxgl.app.services.IOTaskExecutorService, class com.almasb.fxgl.io.FileSystemService, class com.almasb.fxgl.localization.LocalizationService, class com.almasb.fxgl.app.services.SystemBundleService, class com.almasb.fxgl.profile.SaveLoadService, class com.almasb.fxgl.ui.FXGLUIFactoryServiceProvider, class com.almasb.fxgl.ui.FXGLDialogFactoryServiceProvider, class com.almasb.fxgl.audio.AudioPlayer, class com.almasb.fxgl.notification.impl.NotificationServiceProvider, class com.almasb.fxgl.achievement.AchievementService, class com.almasb.fxgl.cutscene.CutsceneService, class com.almasb.fxgl.minigames.MiniGameService, class com.almasb.fxgl.net.NetService, class com.almasb.fxgl.app.services.UpdaterService, class com.almasb.fxgl.dev.DevService]
04:38:48.034 [FXGL Background Thread 3 ] DEBUG Engine               - fontGame: Abel-Regular.ttf
04:38:48.034 [FXGL Background Thread 3 ] DEBUG Engine               - fontMono: TerminalLandMono-Regular.otf
04:38:48.034 [FXGL Background Thread 3 ] DEBUG Engine               - fontSizeScaleUI: 1.0
04:38:48.034 [FXGL Background Thread 3 ] DEBUG Engine               - fontText: Courier-Prime.ttf
04:38:48.034 [FXGL Background Thread 3 ] DEBUG Engine               - fontUI: VarelaRound-Regular.ttf
04:38:48.034 [FXGL Background Thread 3 ] DEBUG Engine               - fullScreen: BooleanProperty [value: true]
04:38:48.034 [FXGL Background Thread 3 ] DEBUG Engine               - gameDifficulty: MEDIUM
04:38:48.034 [FXGL Background Thread 3 ] DEBUG Engine               - gameDifficultyProperty: ObjectProperty [value: MEDIUM]
04:38:48.034 [FXGL Background Thread 3 ] DEBUG Engine               - globalMusicVolume: 0.5
04:38:48.034 [FXGL Background Thread 3 ] DEBUG Engine               - globalMusicVolumeProperty: DoubleProperty [value: 0.5]
04:38:48.034 [FXGL Background Thread 3 ] DEBUG Engine               - globalSoundVolume: 0.5
04:38:48.034 [FXGL Background Thread 3 ] DEBUG Engine               - globalSoundVolumeProperty: DoubleProperty [value: 0.5]
04:38:48.035 [FXGL Background Thread 3 ] DEBUG Engine               - height: 720
04:38:48.035 [FXGL Background Thread 3 ] DEBUG Engine               - is3D: false
04:38:48.035 [FXGL Background Thread 3 ] DEBUG Engine               - isAndroid: false
04:38:48.035 [FXGL Background Thread 3 ] DEBUG Engine               - isBrowser: false
04:38:48.035 [FXGL Background Thread 3 ] DEBUG Engine               - isClickFeedbackEnabled: false
04:38:48.035 [FXGL Background Thread 3 ] DEBUG Engine               - isCloseConfirmation: false
04:38:48.035 [FXGL Background Thread 3 ] DEBUG Engine               - isDesktop: true
04:38:48.035 [FXGL Background Thread 3 ] DEBUG Engine               - isDeveloperMenuEnabled: true
04:38:48.035 [FXGL Background Thread 3 ] DEBUG Engine               - isEmbedded: false
04:38:48.035 [FXGL Background Thread 3 ] DEBUG Engine               - isEntityPreloadEnabled: true
04:38:48.035 [FXGL Background Thread 3 ] DEBUG Engine               - isExperimentalTiledLargeMap: false
04:38:48.035 [FXGL Background Thread 3 ] DEBUG Engine               - isFileSystemWriteAllowed: true
04:38:48.035 [FXGL Background Thread 3 ] DEBUG Engine               - isFullScreenAllowed: true
04:38:48.035 [FXGL Background Thread 3 ] DEBUG Engine               - isFullScreenFromStart: true
04:38:48.035 [FXGL Background Thread 3 ] DEBUG Engine               - isGameMenuEnabled: true
04:38:48.035 [FXGL Background Thread 3 ] DEBUG Engine               - isIOS: false
04:38:48.035 [FXGL Background Thread 3 ] DEBUG Engine               - isIntroEnabled: false
04:38:48.035 [FXGL Background Thread 3 ] DEBUG Engine               - isLinux: false
04:38:48.035 [FXGL Background Thread 3 ] DEBUG Engine               - isMac: false
04:38:48.035 [FXGL Background Thread 3 ] DEBUG Engine               - isMainMenuEnabled: false
04:38:48.036 [FXGL Background Thread 3 ] DEBUG Engine               - isManualResizeEnabled: false
04:38:48.036 [FXGL Background Thread 3 ] DEBUG Engine               - isMobile: false
04:38:48.036 [FXGL Background Thread 3 ] DEBUG Engine               - isNative: false
04:38:48.036 [FXGL Background Thread 3 ] DEBUG Engine               - isPauseMusicWhenMinimized: true
04:38:48.036 [FXGL Background Thread 3 ] DEBUG Engine               - isPreserveResizeRatio: false
04:38:48.036 [FXGL Background Thread 3 ] DEBUG Engine               - isProfilingEnabled: false
04:38:48.036 [FXGL Background Thread 3 ] DEBUG Engine               - isScaleAffectedOnResize: true
04:38:48.036 [FXGL Background Thread 3 ] DEBUG Engine               - isSingleStep: false
04:38:48.036 [FXGL Background Thread 3 ] DEBUG Engine               - isUserProfileEnabled: false
04:38:48.036 [FXGL Background Thread 3 ] DEBUG Engine               - isWindows: true
04:38:48.036 [FXGL Background Thread 3 ] DEBUG Engine               - language: ObjectProperty [value: ENGLISH]
04:38:48.036 [FXGL Background Thread 3 ] DEBUG Engine               - menuKey: ESCAPE
04:38:48.036 [FXGL Background Thread 3 ] DEBUG Engine               - mouseSensitivity: 0.2
04:38:48.036 [FXGL Background Thread 3 ] DEBUG Engine               - notificationViewClass: class com.almasb.fxgl.notification.view.XboxNotificationView
04:38:48.036 [FXGL Background Thread 3 ] DEBUG Engine               - pixelsPerMeter: 50.0
04:38:48.036 [FXGL Background Thread 3 ] DEBUG Engine               - platform: WINDOWS
04:38:48.036 [FXGL Background Thread 3 ] DEBUG Engine               - prefHeightProperty: ReadOnlyDoubleProperty [value: 720.0]
04:38:48.036 [FXGL Background Thread 3 ] DEBUG Engine               - prefWidthProperty: ReadOnlyDoubleProperty [value: 1280.0]
04:38:48.036 [FXGL Background Thread 3 ] DEBUG Engine               - profileDir: profiles/
04:38:48.036 [FXGL Background Thread 3 ] DEBUG Engine               - profileName: StringProperty [value: DEFAULT]
04:38:48.036 [FXGL Background Thread 3 ] DEBUG Engine               - randomSeed: -1
04:38:48.037 [FXGL Background Thread 3 ] DEBUG Engine               - runtimeInfo: RuntimeInfo(platform=WINDOWS, version=21.1, build=27.03.2024 07.52)
04:38:48.037 [FXGL Background Thread 3 ] DEBUG Engine               - saveFileExt: sav
04:38:48.037 [FXGL Background Thread 3 ] DEBUG Engine               - scaledHeightProp$fxgl: DoubleProperty [bound, value: 864.0]
04:38:48.037 [FXGL Background Thread 3 ] DEBUG Engine               - scaledWidthProp$fxgl: DoubleProperty [bound, value: 1536.0]
04:38:48.037 [FXGL Background Thread 3 ] DEBUG Engine               - sceneFactory: com.almasb.fxgl.app.scene.SceneFactory@161c40ad
04:38:48.037 [FXGL Background Thread 3 ] DEBUG Engine               - secondsIn24h: 60
04:38:48.037 [FXGL Background Thread 3 ] DEBUG Engine               - soundMenuBack: menu/back.wav
04:38:48.037 [FXGL Background Thread 3 ] DEBUG Engine               - soundMenuPress: menu/press.wav
04:38:48.037 [FXGL Background Thread 3 ] DEBUG Engine               - soundMenuSelect: menu/select.wav
04:38:48.037 [FXGL Background Thread 3 ] DEBUG Engine               - soundNotification: core/notification.wav
04:38:48.037 [FXGL Background Thread 3 ] DEBUG Engine               - stageStyle: DECORATED
04:38:48.037 [FXGL Background Thread 3 ] DEBUG Engine               - supportedLanguages: [ENGLISH, FRENCH, GERMAN, HUNGARIAN, RUSSIAN]
04:38:48.037 [FXGL Background Thread 3 ] DEBUG Engine               - ticksPerSecond: -1
04:38:48.037 [FXGL Background Thread 3 ] DEBUG Engine               - title: Final Journey
04:38:48.037 [FXGL Background Thread 3 ] DEBUG Engine               - urlGithub: https://github.com/AlmasB/FXGL
04:38:48.037 [FXGL Background Thread 3 ] DEBUG Engine               - urlLeaderboard: http://fxgl-top.herokuapp.com/
04:38:48.037 [FXGL Background Thread 3 ] DEBUG Engine               - urlPOM: https://raw.githubusercontent.com/AlmasB/FXGL/release/README.md
04:38:48.037 [FXGL Background Thread 3 ] DEBUG Engine               - userAppClass: class com.project.App
04:38:48.037 [FXGL Background Thread 3 ] DEBUG Engine               - version: Alpha
04:38:48.037 [FXGL Background Thread 3 ] DEBUG Engine               - versionCheckDays: 7
04:38:48.037 [FXGL Background Thread 3 ] DEBUG Engine               - width: 1280
04:38:48.037 [FXGL Background Thread 3 ] DEBUG Engine               - Logging services
04:38:48.037 [FXGL Background Thread 3 ] DEBUG Engine               - class com.almasb.fxgl.app.services.FXGLAssetLoaderService
04:38:48.037 [FXGL Background Thread 3 ] DEBUG Engine               - class com.almasb.fxgl.app.FXGLApplication$GameApplicationService
04:38:48.037 [FXGL Background Thread 3 ] DEBUG Engine               - class com.almasb.fxgl.app.services.FXGLDialogService
04:38:48.038 [FXGL Background Thread 3 ] DEBUG Engine               - class com.almasb.fxgl.app.services.IOTaskExecutorService
04:38:48.038 [FXGL Background Thread 3 ] DEBUG Engine               - class com.almasb.fxgl.io.FileSystemService
04:38:48.038 [FXGL Background Thread 3 ] DEBUG Engine               - class com.almasb.fxgl.localization.LocalizationService
04:38:48.038 [FXGL Background Thread 3 ] DEBUG Engine               - class com.almasb.fxgl.app.services.SystemBundleService
04:38:48.038 [FXGL Background Thread 3 ] DEBUG Engine               - class com.almasb.fxgl.profile.SaveLoadService
04:38:48.038 [FXGL Background Thread 3 ] DEBUG Engine               - class com.almasb.fxgl.ui.FXGLUIFactoryServiceProvider
04:38:48.038 [FXGL Background Thread 3 ] DEBUG Engine               - class com.almasb.fxgl.ui.FXGLDialogFactoryServiceProvider
04:38:48.038 [FXGL Background Thread 3 ] DEBUG Engine               - class com.almasb.fxgl.audio.AudioPlayer
04:38:48.038 [FXGL Background Thread 3 ] DEBUG Engine               - class com.almasb.fxgl.notification.impl.NotificationServiceProvider
04:38:48.038 [FXGL Background Thread 3 ] DEBUG Engine               - class com.almasb.fxgl.achievement.AchievementService
04:38:48.038 [FXGL Background Thread 3 ] DEBUG Engine               - class com.almasb.fxgl.cutscene.CutsceneService
04:38:48.038 [FXGL Background Thread 3 ] DEBUG Engine               - class com.almasb.fxgl.minigames.MiniGameService
04:38:48.038 [FXGL Background Thread 3 ] DEBUG Engine               - class com.almasb.fxgl.net.NetService
04:38:48.038 [FXGL Background Thread 3 ] DEBUG Engine               - class com.almasb.fxgl.app.services.UpdaterService
04:38:48.038 [FXGL Background Thread 3 ] DEBUG Engine               - class com.almasb.fxgl.dev.DevService
04:38:48.467 [JavaFX Application Thread] DEBUG FXGLAssetLoaderServi - Loading from file system: file:/C:/Users/Lenovo/ProjectJava3.0/myproject/myproject/target/classes/assets/text/filetext.txt
04:38:48.470 [JavaFX Application Thread] DEBUG EventBus             - Firing event: com.GameEvent.CombatScene[source=javafx.event.Event$$Lambda/0x000001da58172ba0@7afa047f]
04:38:48.474 [JavaFX Application Thread] WARN  TMXLevelLoader       - TiledMap generated from 1.11.2. Supported version: 1.9.0. Some features may not be parsed fully.
04:38:48.486 [JavaFX Application Thread] DEBUG TMXLevelLoader       - Parsed TiledMap: file:/C:/Users/Lenovo/ProjectJava3.0/myproject/myproject/target/classes/assets/levels/battle1.tmx
04:38:48.487 [JavaFX Application Thread] DEBUG TMXLevelLoader       - Creating tile layer entities
04:38:48.488 [JavaFX Application Thread] DEBUG TilesetLoader        - Loading view for layer Tile Layer 1
04:38:48.490 [JavaFX Application Thread] DEBUG TilesetLoader        - Created buffer with size 2048.0x1024.0
04:38:48.587 [JavaFX Application Thread] DEBUG TMXLevelLoader       - Creating object layer entities
04:38:48.589 [JavaFX Application Thread] DEBUG FXGLAssetLoaderServi - Loading from file system: file:/C:/Users/Lenovo/ProjectJava3.0/myproject/myproject/target/classes/assets/textures/Rex.png
04:38:48.598 [JavaFX Application Thread] DEBUG FXGLAssetLoaderServi - Loading from file system: file:/C:/Users/Lenovo/ProjectJava3.0/myproject/myproject/target/classes/assets/textures/Reid.png
04:38:48.653 [JavaFX Application Thread] DEBUG FXGLAssetLoaderServi - Loading from file system: file:/C:/Users/Lenovo/ProjectJava3.0/myproject/myproject/target/classes/assets/textures/marsha.png
04:38:48.705 [JavaFX Application Thread] DEBUG GameWorld            - Clearing removable entities
04:38:48.710 [JavaFX Application Thread] DEBUG GameWorld            - Setting level: com.almasb.fxgl.entity.level.Level@5739d61b
04:38:48.712 [JavaFX Application Thread] WARN  TMXLevelLoader       - TiledMap generated from 1.11.2. Supported version: 1.9.0. Some features may not be parsed fully.
04:38:48.717 [JavaFX Application Thread] DEBUG TMXLevelLoader       - Parsed TiledMap: file:/C:/Users/Lenovo/ProjectJava3.0/myproject/myproject/target/classes/assets/levels/battle1.tmx
04:38:48.717 [JavaFX Application Thread] DEBUG TMXLevelLoader       - Creating tile layer entities
04:38:48.718 [JavaFX Application Thread] DEBUG TilesetLoader        - Loading view for layer Tile Layer 1
04:38:48.719 [JavaFX Application Thread] DEBUG TilesetLoader        - Created buffer with size 2048.0x1024.0
04:38:48.809 [JavaFX Application Thread] DEBUG TMXLevelLoader       - Creating object layer entities
04:38:51.957 [JavaFX Application Thread] DEBUG GameApplicationServi - Starting new game
04:38:51.958 [JavaFX Application Thread] DEBUG Input                - Clearing active input actions
04:38:51.963 [JavaFX Application Thread] DEBUG GameApplicationServi - Removing overlay from GameScene and adding to FXGLLoadingScene
04:38:51.968 [JavaFX Application Thread] DEBUG PrimaryStageWindow   - GameScene -> FXGLLoadingScene
04:38:51.968 [JavaFX Application Thread] DEBUG GameApplicationServi - Clearing previous game
04:38:51.968 [JavaFX Application Thread] DEBUG GameScene            - Clearing game scene
04:38:51.968 [JavaFX Application Thread] DEBUG GameWorld            - Clearing game world
04:38:51.969 [JavaFX Application Thread] DEBUG PhysicsWorld         - Clearing physics world
04:38:51.969 [FXGL Background Thread 2 ] DEBUG FXGLApplication      - Initializing game
04:38:51.972 [FXGL Background Thread 2 ] WARN  TMXLevelLoader       - TiledMap generated from 1.11.2. Supported version: 1.9.0. Some features may not be parsed fully.
04:38:51.991 [FXGL Background Thread 2 ] DEBUG TMXLevelLoader       - Parsed TiledMap: file:/C:/Users/Lenovo/ProjectJava3.0/myproject/myproject/target/classes/assets/levels/scene1.tmx
04:38:51.991 [FXGL Background Thread 2 ] DEBUG TMXLevelLoader       - Creating tile layer entities
04:38:51.992 [FXGL Background Thread 2 ] DEBUG TilesetLoader        - Loading view for layer lowefloor
04:38:51.992 [FXGL Background Thread 2 ] DEBUG TilesetLoader        - Created buffer with size 512.0x1024.0
04:38:52.015 [FXGL Background Thread 2 ] DEBUG TilesetLoader        - Loading view for layer cliff
04:38:52.015 [FXGL Background Thread 2 ] DEBUG TilesetLoader        - Created buffer with size 512.0x1024.0
04:38:52.017 [FXGL Background Thread 2 ] DEBUG TilesetLoader        - Loading view for layer cliff1
04:38:52.017 [FXGL Background Thread 2 ] DEBUG TilesetLoader        - Created buffer with size 512.0x1024.0
04:38:52.017 [FXGL Background Thread 2 ] DEBUG TilesetLoader        - Loading view for layer cliff2
04:38:52.017 [FXGL Background Thread 2 ] DEBUG TilesetLoader        - Created buffer with size 512.0x1024.0
04:38:52.018 [FXGL Background Thread 2 ] DEBUG TilesetLoader        - Loading view for layer Tile Layer 3
04:38:52.018 [FXGL Background Thread 2 ] DEBUG TilesetLoader        - Created buffer with size 512.0x1024.0
04:38:52.019 [FXGL Background Thread 2 ] DEBUG TilesetLoader        - Loading view for layer Tile Layer 6
04:38:52.019 [FXGL Background Thread 2 ] DEBUG TilesetLoader        - Created buffer with size 512.0x1024.0
04:38:52.062 [FXGL Background Thread 2 ] DEBUG TilesetLoader        - Loading view for layer prop
04:38:52.062 [FXGL Background Thread 2 ] DEBUG TilesetLoader        - Created buffer with size 512.0x1024.0
04:38:52.063 [FXGL Background Thread 2 ] DEBUG TMXLevelLoader       - Creating object layer entities
04:38:52.070 [FXGL Background Thread 2 ] WARN  TMXLevelLoader       - TiledMap generated from 1.11.2. Supported version: 1.9.0. Some features may not be parsed fully.
04:38:52.076 [FXGL Background Thread 2 ] DEBUG TMXLevelLoader       - Parsed TiledMap: file:/C:/Users/Lenovo/ProjectJava3.0/myproject/myproject/target/classes/assets/levels/scene1.tmx
04:38:52.081 [FXGL Background Thread 2 ] DEBUG TMXLevelLoader       - Creating tile layer entities
04:38:52.083 [FXGL Background Thread 2 ] DEBUG TilesetLoader        - Loading view for layer lowefloor
04:38:52.086 [FXGL Background Thread 2 ] DEBUG TilesetLoader        - Created buffer with size 512.0x1024.0
04:38:52.109 [FXGL Background Thread 2 ] DEBUG TilesetLoader        - Loading view for layer cliff
04:38:52.110 [FXGL Background Thread 2 ] DEBUG TilesetLoader        - Created buffer with size 512.0x1024.0
04:38:52.111 [FXGL Background Thread 2 ] DEBUG TilesetLoader        - Loading view for layer cliff1
04:38:52.111 [FXGL Background Thread 2 ] DEBUG TilesetLoader        - Created buffer with size 512.0x1024.0
04:38:52.111 [FXGL Background Thread 2 ] DEBUG TilesetLoader        - Loading view for layer cliff2
04:38:52.112 [FXGL Background Thread 2 ] DEBUG TilesetLoader        - Created buffer with size 512.0x1024.0
04:38:52.112 [FXGL Background Thread 2 ] DEBUG TilesetLoader        - Loading view for layer Tile Layer 3
04:38:52.112 [FXGL Background Thread 2 ] DEBUG TilesetLoader        - Created buffer with size 512.0x1024.0
04:38:52.112 [FXGL Background Thread 2 ] DEBUG TilesetLoader        - Loading view for layer Tile Layer 6
04:38:52.113 [FXGL Background Thread 2 ] DEBUG TilesetLoader        - Created buffer with size 512.0x1024.0
04:38:52.154 [FXGL Background Thread 2 ] DEBUG TilesetLoader        - Loading view for layer prop
04:38:52.154 [FXGL Background Thread 2 ] DEBUG TilesetLoader        - Created buffer with size 512.0x1024.0
04:38:52.154 [FXGL Background Thread 2 ] DEBUG TMXLevelLoader       - Creating object layer entities
04:38:52.159 [FXGL Background Thread 2 ] DEBUG GameWorld            - Clearing removable entities
04:38:52.159 [FXGL Background Thread 2 ] DEBUG GameWorld            - Setting level: com.almasb.fxgl.entity.level.Level@3274d568
04:38:52.163 [FXGL Background Thread 2 ] INFO  FXGLApplication      - Game initialization took: 0.193 sec
04:38:52.165 [JavaFX Application Thread] DEBUG Input                - Clearing active input actions
04:38:52.169 [JavaFX Application Thread] DEBUG GameApplicationServi - Removing overlay from FXGLLoadingScene and adding to GameScene
04:38:52.171 [JavaFX Application Thread] DEBUG PrimaryStageWindow   - FXGLLoadingScene -> GameScene
04:38:55.762 [JavaFX Application Thread] DEBUG EventBus             - Firing event: com.GameEvent.CombatScene[source=javafx.event.Event$$Lambda/0x000001da58172ba0@7afa047f]
04:38:55.763 [JavaFX Application Thread] DEBUG LoopRunner           - Stopping loop
04:38:55.764 [JavaFX Application Thread] FATAL FXGLApplication      - Uncaught Exception:
java.lang.IllegalArgumentException: No EntityFactory has a method annotated @Spawns(setcamera)
	at com.almasb.fxgl.entity.GameWorld.create(GameWorld.kt:413)
	at com.almasb.fxgl.entity.GameWorld.spawn(GameWorld.kt:396)
	at com.almasb.fxgl.entity.GameWorld.spawn(GameWorld.kt:384)
	at com.almasb.fxgl.entity.GameWorld.spawn(GameWorld.kt:359)
	at com.almasb.fxgl.dsl.FXGL$Companion.spawn(FXGL.kt:564)
	at com.almasb.fxgl.dsl.FXGL.spawn(FXGL.kt)
	at com.GameEvent.SystemEvent.lambda$0(SystemEvent.java:49)
	at com.sun.javafx.event.CompositeEventHandler$NormalEventHandlerRecord.handleBubblingEvent(CompositeEventHandler.java:247)
	at com.sun.javafx.event.CompositeEventHandler.dispatchBubblingEvent(CompositeEventHandler.java:80)
	at com.sun.javafx.event.EventHandlerManager.dispatchBubblingEvent(EventHandlerManager.java:232)
	at com.sun.javafx.event.EventHandlerManager.dispatchBubblingEvent(EventHandlerManager.java:189)
	at com.sun.javafx.event.CompositeEventDispatcher.dispatchBubblingEvent(CompositeEventDispatcher.java:59)
	at com.sun.javafx.event.BasicEventDispatcher.dispatchEvent(BasicEventDispatcher.java:58)
	at com.sun.javafx.event.EventDispatchChainImpl.dispatchEvent(EventDispatchChainImpl.java:114)
	at com.sun.javafx.event.EventUtil.fireEventImpl(EventUtil.java:74)
	at com.sun.javafx.event.EventUtil.fireEvent(EventUtil.java:54)
	at javafx.event.Event.fireEvent(Event.java:198)
	at javafx.scene.Node.fireEvent(Node.java:8875)
	at com.almasb.fxgl.event.EventBus.fireEvent(EventBus.kt:66)
	at com.Component.CharecterHero.InteractComponent.interact(InteractComponent.java:58)
	at com.project.App$5.onAction(App.java:248)
	at com.almasb.fxgl.input.UserAction.action$fxgl_core(UserAction.kt:38)
	at com.almasb.fxgl.input.Input.update(Input.kt:278)
	at com.almasb.fxgl.scene.Scene.update(Scene.kt:103)
	at com.almasb.fxgl.app.MainWindow$update$1.invoke(MainWindow.kt:121)
	at com.almasb.fxgl.app.MainWindow$update$1.invoke(MainWindow.kt:121)
	at com.almasb.fxgl.core.fsm.StateMachine.runOnActiveStates(StateMachine.kt:69)
	at com.almasb.fxgl.app.MainWindow.update(MainWindow.kt:121)
	at com.almasb.fxgl.app.FXGLApplication$GameApplicationService.onUpdate(FXGLApplication.kt:445)
	at com.almasb.fxgl.app.Engine.loop(Engine.kt:134)
	at com.almasb.fxgl.app.Engine.access$loop(Engine.kt:24)
	at com.almasb.fxgl.app.Engine$loop$1.invoke(Engine.kt:28)
	at com.almasb.fxgl.app.Engine$loop$1.invoke(Engine.kt:28)
	at com.almasb.fxgl.app.LoopRunner.frame(LoopRunner.kt:103)
	at com.almasb.fxgl.app.LoopRunner.access$frame(LoopRunner.kt:23)
	at com.almasb.fxgl.app.LoopRunner$impl$2$1.onTick(LoopRunner.kt:57)
	at com.almasb.fxgl.app.AnimationTimerLoop$timer$1.handle(LoopRunner.kt:137)
	at javafx.animation.AnimationTimer$AnimationTimerReceiver.lambda$handle$0(AnimationTimer.java:58)
	at java.base/java.security.AccessController.doPrivileged(AccessController.java:400)
	at javafx.animation.AnimationTimer$AnimationTimerReceiver.handle(AnimationTimer.java:57)
	at com.sun.scenario.animation.AbstractPrimaryTimer.timePulseImpl(AbstractPrimaryTimer.java:356)
	at com.sun.scenario.animation.AbstractPrimaryTimer$MainLoop.run(AbstractPrimaryTimer.java:266)
	at com.sun.javafx.tk.quantum.QuantumToolkit.pulse(QuantumToolkit.java:588)
	at com.sun.javafx.tk.quantum.QuantumToolkit.pulse(QuantumToolkit.java:572)
	at com.sun.javafx.tk.quantum.QuantumToolkit.pulseFromQueue(QuantumToolkit.java:565)
	at com.sun.javafx.tk.quantum.QuantumToolkit.lambda$runToolkit$11(QuantumToolkit.java:352)
	at com.sun.glass.ui.InvokeLaterDispatcher$Future.run(InvokeLaterDispatcher.java:95)
	at com.sun.glass.ui.win.WinApplication._runLoop(Native Method)
	at com.sun.glass.ui.win.WinApplication.lambda$runLoop$3(WinApplication.java:185)
	at java.base/java.lang.Thread.run(Thread.java:1583)

04:38:55.765 [JavaFX Application Thread] FATAL FXGLApplication      - Application will now exit
04:38:55.769 [JavaFX Application Thread] DEBUG PrimaryStageWindow   - Push state: ErrorSubScene
04:38:55.770 [JavaFX Application Thread] DEBUG Input                - Clearing active input actions
04:38:55.770 [JavaFX Application Thread] DEBUG GameApplicationServi - Removing overlay from GameScene and adding to ErrorSubScene
04:38:55.771 [JavaFX Application Thread] DEBUG PrimaryStageWindow   - GameScene -> ErrorSubScene
04:38:57.553 [JavaFX Application Thread] DEBUG FXGLApplication      - Exiting FXGL
04:38:57.553 [JavaFX Application Thread] DEBUG Async                - Shutting down background threads
04:38:57.553 [JavaFX Application Thread] DEBUG PrimaryStageWindow   - Closing main window
04:38:57.593 [JavaFX Application Thread] DEBUG Logger               - Closing Logger
