01:47:43.688 [main                     ] DEBUG Logger               - Configured Logger
01:47:43.706 [main                     ] DEBUG GameApplication      - Logging settings
Title: Final Journey
Version: Alpha
Width: 1280
Height: 720
Fullscreen: true
Intro: false
Profiling: false
Single step:false
App Mode: DEVELOPER
Menu Key: ESCAPE
Stage Style: DECORATED
Scene Factory: class com.almasb.fxgl.app.scene.SceneFactory

01:47:44.067 [JavaFX Application Thread] DEBUG FXGLApplication      - Initializing FXGL
01:47:44.069 [JavaFX Application Thread] INFO  Engine               - FXGL-21.1 (27.03.2024 07.52) on WINDOWS (J:21.0.6 FX:21.0.1)
01:47:44.070 [JavaFX Application Thread] DEBUG Engine               - JRE Vendor Name: Eclipse Adoptium
01:47:44.070 [JavaFX Application Thread] DEBUG Engine               - Running on OS: Windows 11 version 10.0
01:47:44.070 [JavaFX Application Thread] DEBUG Engine               - Architecture: amd64
01:47:44.070 [JavaFX Application Thread] INFO  Engine               - Source code and latest versions at: https://github.com/AlmasB/FXGL
01:47:44.070 [JavaFX Application Thread] INFO  Engine               -       Ask questions and discuss at: https://github.com/AlmasB/FXGL/discussions
01:47:44.070 [JavaFX Application Thread] INFO  Engine               -              Join the FXGL chat at: https://gitter.im/AlmasB/FXGL
01:47:44.154 [JavaFX Application Thread] DEBUG PrimaryStageWindow   - Creating a JavaFX scene
01:47:44.193 [JavaFX Application Thread] DEBUG PrimaryStageWindow   - Target settings size: 1280.0 x 720.0
01:47:44.194 [JavaFX Application Thread] DEBUG PrimaryStageWindow   - Scaled scene size:    1280.0 x 720.0
01:47:44.194 [JavaFX Application Thread] DEBUG PrimaryStageWindow   - Scaled ratio: (1.0, 1.0)
01:47:44.195 [JavaFX Application Thread] DEBUG PrimaryStageWindow   - Set initial scene to FXGLStartupScene
01:47:44.197 [JavaFX Application Thread] DEBUG PrimaryStageWindow   - Opening main window
01:47:44.269 [JavaFX Application Thread] DEBUG PrimaryStageWindow   - Window border size: (14.4000244140625, 37.5999755859375)
01:47:44.269 [JavaFX Application Thread] DEBUG PrimaryStageWindow   - Scaled size: 1280.0 x 720.0
01:47:44.269 [JavaFX Application Thread] DEBUG PrimaryStageWindow   - Scaled ratio: (1.0, 1.0)
01:47:44.270 [JavaFX Application Thread] DEBUG PrimaryStageWindow   - Scene size: 1280.0 x 720.0
01:47:44.270 [JavaFX Application Thread] DEBUG PrimaryStageWindow   - Stage size: 1294.4000244140625 x 757.5999755859375
01:47:44.328 [JavaFX Application Thread] DEBUG PrimaryStageWindow   - Going fullscreen
01:47:44.341 [FXGL Background Thread 1 ] DEBUG Engine               - Initializing environment variables
01:47:44.424 [FXGL Background Thread 1 ] DEBUG FXGLAssetLoaderServi - User app class for loading assets: class com.project.App
01:47:44.425 [FXGL Background Thread 1 ] DEBUG GameApplicationServi - Applying CSS: fxgl_dark.css
01:47:44.426 [FXGL Background Thread 1 ] DEBUG FXGLAssetLoaderServi - Loading from file system: jar:file:/C:/Users/frank/.m2/repository/com/github/almasb/fxgl/21.1/fxgl-21.1.jar!/fxglassets/ui/css/fxgl_dark.css
01:47:44.476 [FXGL Background Thread 1 ] DEBUG GameApplicationServi - Initializing application scenes
01:47:44.534 [FXGL Background Thread 1 ] DEBUG GameWorld            - Game world initialized
01:47:44.589 [FXGL Background Thread 1 ] DEBUG PhysicsWorld         - Physics world initialized: appHeight=720, physics.ppm=50.0
01:47:44.589 [FXGL Background Thread 1 ] DEBUG PhysicsWorld         - Using strategy: BRUTE_FORCE
01:47:44.592 [FXGL Background Thread 1 ] DEBUG GameScene            - Game scene initialized: 1280x720
01:47:44.600 [FXGL Background Thread 1 ] DEBUG FXGL.DefaultMenu     - createMenuBodyGameMenu()
01:47:44.612 [FXGL Background Thread 1 ] DEBUG FXGL.DefaultMenu     - createOptionsMenu()
01:47:44.621 [FXGL Background Thread 1 ] DEBUG FXGLAssetLoaderServi - Loading from file system: jar:file:/C:/Users/frank/.m2/repository/com/github/almasb/fxgl/21.1/fxgl-21.1.jar!/fxglassets/textures/particles/smoke.png
01:47:44.710 [FXGL Background Thread 1 ] DEBUG FXGLAssetLoaderServi - Loading from file system: jar:file:/C:/Users/frank/.m2/repository/com/github/almasb/fxgl/21.1/fxgl-21.1.jar!/fxglassets/textures/particles/trace_horizontal.png
01:47:44.729 [FXGL Background Thread 1 ] DEBUG GameApplicationServi - Application scenes initialized
01:47:44.740 [FXGL Background Thread 1 ] DEBUG SystemBundleService  - Loading FXGL system data
01:47:44.742 [FXGL Background Thread 1 ] DEBUG FileSystemAccess     - Reading from: C:\Users\frank\Desktop\ProjectFun\myproject\myproject\system\fxgl.bundle
01:47:44.749 [FXGL Background Thread 1 ] DEBUG SystemBundleService  - Bundle FXGL: {}
01:47:44.749 [FXGL Background Thread 1 ] DEBUG UpdaterService       - Checking for updates
01:47:44.774 [FXGL Background Thread 4 ] DEBUG FXGLApplication      - Loading fonts
01:47:44.775 [FXGL Background Thread 4 ] DEBUG FXGLAssetLoaderServi - Loading from file system: jar:file:/C:/Users/frank/.m2/repository/com/github/almasb/fxgl/21.1/fxgl-21.1.jar!/fxglassets/ui/fonts/VarelaRound-Regular.ttf
01:47:44.775 [FXGL Background Thread 1 ] DEBUG FXGLApplication      - Loading default localization
01:47:44.776 [FXGL Background Thread 1 ] DEBUG FXGLAssetLoaderServi - Loading from file system: jar:file:/C:/Users/frank/.m2/repository/com/github/almasb/fxgl/21.1/fxgl-21.1.jar!/fxglassets/languages/english.lang
01:47:44.796 [FXGL Background Thread 1 ] INFO  FXGLApplication      - FXGL initialization took: 0.456 sec
01:47:44.810 [JavaFX Application Thread] DEBUG Input                - Registered new binding: Right - D
01:47:44.810 [JavaFX Application Thread] DEBUG Input                - Registered new binding: Left - A
01:47:44.811 [JavaFX Application Thread] DEBUG Input                - Registered new binding: Up - W
01:47:44.811 [JavaFX Application Thread] DEBUG Input                - Registered new binding: Down - S
01:47:44.811 [JavaFX Application Thread] DEBUG Input                - Registered new binding: Interact - E
01:47:44.812 [JavaFX Application Thread] DEBUG FXGLAssetLoaderServi - Loading from file system: jar:file:/C:/Users/frank/.m2/repository/com/github/almasb/fxgl/21.1/fxgl-21.1.jar!/fxglassets/textures/fxgl_icon.png
01:47:44.812 [FXGL Background Thread 4 ] DEBUG FXGLAssetLoaderServi - Loading from file system: jar:file:/C:/Users/frank/.m2/repository/com/github/almasb/fxgl/21.1/fxgl-21.1.jar!/fxglassets/ui/fonts/Abel-Regular.ttf
01:47:44.815 [FXGL Background Thread 4 ] DEBUG FXGLAssetLoaderServi - Loading from file system: jar:file:/C:/Users/frank/.m2/repository/com/github/almasb/fxgl/21.1/fxgl-21.1.jar!/fxglassets/ui/fonts/TerminalLandMono-Regular.otf
01:47:44.819 [FXGL Background Thread 4 ] DEBUG FXGLAssetLoaderServi - Loading from file system: jar:file:/C:/Users/frank/.m2/repository/com/github/almasb/fxgl/21.1/fxgl-21.1.jar!/fxglassets/ui/fonts/Courier-Prime.ttf
01:47:44.833 [JavaFX Application Thread] DEBUG FXGLAssetLoaderServi - Loading from file system: jar:file:/C:/Users/frank/.m2/repository/com/github/almasb/fxgl/21.1/fxgl-21.1.jar!/fxglassets/textures/fxgl_default_cursor.png
01:47:44.837 [JavaFX Application Thread] DEBUG Input                - Registered new binding: Screenshot - CTRL+8
01:47:44.838 [JavaFX Application Thread] DEBUG Input                - Registered new binding: Dev Options - 1
01:47:44.839 [JavaFX Application Thread] DEBUG Input                - Registered new binding: Dev Console - 2
01:47:44.840 [JavaFX Application Thread] DEBUG Input                - Registered new binding: System info dump - CTRL+9
01:47:44.841 [JavaFX Application Thread] DEBUG Input                - Registered new binding: Restart - CTRL+R
01:47:44.843 [JavaFX Application Thread] DEBUG Input                - Registered new binding: Toggle Debug Camera - CTRL+7
01:47:44.849 [JavaFX Application Thread] DEBUG LoopRunner           - Starting loop
01:47:44.878 [JavaFX Application Thread] DEBUG LoopRunner           - Initializing JavaFX AnimationTimerLoop
01:47:44.879 [JavaFX Application Thread] DEBUG GameApplicationServi - Starting new game
01:47:44.880 [JavaFX Application Thread] DEBUG Input                - Clearing active input actions
01:47:44.890 [JavaFX Application Thread] DEBUG GameApplicationServi - Removing overlay from FXGLStartupScene and adding to FXGLLoadingScene
01:47:44.897 [JavaFX Application Thread] DEBUG PrimaryStageWindow   - FXGLStartupScene -> FXGLLoadingScene
01:47:44.899 [JavaFX Application Thread] DEBUG GameApplicationServi - Clearing previous game
01:47:44.899 [JavaFX Application Thread] DEBUG GameScene            - Clearing game scene
01:47:44.900 [JavaFX Application Thread] DEBUG GameWorld            - Clearing game world
01:47:44.900 [JavaFX Application Thread] DEBUG PhysicsWorld         - Clearing physics world
01:47:44.902 [JavaFX Application Thread] DEBUG FXGLApplication      - Registering font factories with UI factory
01:47:44.902 [FXGL Background Thread 4 ] DEBUG FXGLApplication      - Initializing game
01:47:44.935 [FXGL Background Thread 4 ] WARN  TMXLevelLoader       - TiledMap generated from 1.11.2. Supported version: 1.9.0. Some features may not be parsed fully.
01:47:44.964 [FXGL Background Thread 4 ] DEBUG TMXLevelLoader       - Parsed TiledMap: file:/C:/Users/frank/Desktop/ProjectFun/myproject/myproject/target/classes/assets/levels/scene1.tmx
01:47:44.967 [FXGL Background Thread 4 ] DEBUG TMXLevelLoader       - Creating tile layer entities
01:47:44.971 [FXGL Background Thread 4 ] DEBUG TilesetLoader        - Loading view for layer lowefloor
01:47:44.972 [FXGL Background Thread 4 ] DEBUG TilesetLoader        - Created buffer with size 512.0x1024.0
01:47:45.024 [FXGL Background Thread 4 ] DEBUG TilesetLoader        - Loading view for layer cliff
01:47:45.024 [FXGL Background Thread 4 ] DEBUG TilesetLoader        - Created buffer with size 512.0x1024.0
01:47:45.025 [FXGL Background Thread 4 ] DEBUG TilesetLoader        - Loading view for layer cliff1
01:47:45.027 [FXGL Background Thread 4 ] DEBUG TilesetLoader        - Created buffer with size 512.0x1024.0
01:47:45.027 [FXGL Background Thread 4 ] DEBUG TilesetLoader        - Loading view for layer cliff2
01:47:45.028 [FXGL Background Thread 4 ] DEBUG TilesetLoader        - Created buffer with size 512.0x1024.0
01:47:45.029 [FXGL Background Thread 4 ] DEBUG TilesetLoader        - Loading view for layer Tile Layer 3
01:47:45.029 [FXGL Background Thread 4 ] DEBUG TilesetLoader        - Created buffer with size 512.0x1024.0
01:47:45.030 [FXGL Background Thread 4 ] DEBUG TilesetLoader        - Loading view for layer Tile Layer 6
01:47:45.030 [FXGL Background Thread 4 ] DEBUG TilesetLoader        - Created buffer with size 512.0x1024.0
01:47:45.098 [FXGL Background Thread 4 ] DEBUG TilesetLoader        - Loading view for layer prop
01:47:45.098 [FXGL Background Thread 4 ] DEBUG TilesetLoader        - Created buffer with size 512.0x1024.0
01:47:45.099 [FXGL Background Thread 4 ] DEBUG TMXLevelLoader       - Creating object layer entities
01:47:45.150 [FXGL Background Thread 4 ] DEBUG FXGLAssetLoaderServi - Loading from file system: file:/C:/Users/frank/Desktop/ProjectFun/myproject/myproject/target/classes/assets/textures/Actor1.png
01:47:45.187 [FXGL Background Thread 4 ] DEBUG FXGLAssetLoaderServi - Loading from file system: file:/C:/Users/frank/Desktop/ProjectFun/myproject/myproject/target/classes/assets/textures/Rex.png
01:47:45.192 [FXGL Background Thread 4 ] WARN  TMXLevelLoader       - TiledMap generated from 1.11.2. Supported version: 1.9.0. Some features may not be parsed fully.
01:47:45.199 [FXGL Background Thread 4 ] DEBUG TMXLevelLoader       - Parsed TiledMap: file:/C:/Users/frank/Desktop/ProjectFun/myproject/myproject/target/classes/assets/levels/scene1.tmx
01:47:45.199 [FXGL Background Thread 4 ] DEBUG TMXLevelLoader       - Creating tile layer entities
01:47:45.199 [FXGL Background Thread 4 ] DEBUG TilesetLoader        - Loading view for layer lowefloor
01:47:45.199 [FXGL Background Thread 4 ] DEBUG TilesetLoader        - Created buffer with size 512.0x1024.0
01:47:45.221 [FXGL Background Thread 4 ] DEBUG TilesetLoader        - Loading view for layer cliff
01:47:45.221 [FXGL Background Thread 4 ] DEBUG TilesetLoader        - Created buffer with size 512.0x1024.0
01:47:45.222 [FXGL Background Thread 4 ] DEBUG TilesetLoader        - Loading view for layer cliff1
01:47:45.222 [FXGL Background Thread 4 ] DEBUG TilesetLoader        - Created buffer with size 512.0x1024.0
01:47:45.222 [FXGL Background Thread 4 ] DEBUG TilesetLoader        - Loading view for layer cliff2
01:47:45.223 [FXGL Background Thread 4 ] DEBUG TilesetLoader        - Created buffer with size 512.0x1024.0
01:47:45.223 [FXGL Background Thread 4 ] DEBUG TilesetLoader        - Loading view for layer Tile Layer 3
01:47:45.226 [FXGL Background Thread 4 ] DEBUG TilesetLoader        - Created buffer with size 512.0x1024.0
01:47:45.227 [FXGL Background Thread 4 ] DEBUG TilesetLoader        - Loading view for layer Tile Layer 6
01:47:45.227 [FXGL Background Thread 4 ] DEBUG TilesetLoader        - Created buffer with size 512.0x1024.0
01:47:45.277 [FXGL Background Thread 4 ] DEBUG TilesetLoader        - Loading view for layer prop
01:47:45.277 [FXGL Background Thread 4 ] DEBUG TilesetLoader        - Created buffer with size 512.0x1024.0
01:47:45.278 [FXGL Background Thread 4 ] DEBUG TMXLevelLoader       - Creating object layer entities
01:47:45.288 [FXGL Background Thread 4 ] DEBUG GameWorld            - Clearing removable entities
01:47:45.289 [FXGL Background Thread 4 ] DEBUG GameWorld            - Setting level: com.almasb.fxgl.entity.level.Level@39a4fe0
01:47:45.316 [FXGL Background Thread 4 ] INFO  FXGLApplication      - Game initialization took: 0.415 sec
01:47:45.337 [JavaFX Application Thread] DEBUG Input                - Clearing active input actions
01:47:45.344 [JavaFX Application Thread] DEBUG GameApplicationServi - Removing overlay from FXGLLoadingScene and adding to GameScene
01:47:45.347 [JavaFX Application Thread] DEBUG PrimaryStageWindow   - FXGLLoadingScene -> GameScene
01:47:47.774 [FXGL Background Thread 3 ] DEBUG Engine               - Logging environment variables
01:47:47.774 [FXGL Background Thread 3 ] DEBUG Engine               - achievements: []
01:47:47.775 [FXGL Background Thread 3 ] DEBUG Engine               - actualHeight: 864.0
01:47:47.775 [FXGL Background Thread 3 ] DEBUG Engine               - actualHeightProperty: ReadOnlyDoubleProperty [value: 864.0]
01:47:47.775 [FXGL Background Thread 3 ] DEBUG Engine               - actualWidth: 1536.0
01:47:47.775 [FXGL Background Thread 3 ] DEBUG Engine               - actualWidthProperty: ReadOnlyDoubleProperty [value: 1536.0]
01:47:47.775 [FXGL Background Thread 3 ] DEBUG Engine               - appIcon: fxgl_icon.png
01:47:47.775 [FXGL Background Thread 3 ] DEBUG Engine               - applicationMode: DEVELOPER
01:47:47.775 [FXGL Background Thread 3 ] DEBUG Engine               - cSSList: [fxgl_dark.css]
01:47:47.775 [FXGL Background Thread 3 ] DEBUG Engine               - collisionDetectionStrategy: BRUTE_FORCE
01:47:47.775 [FXGL Background Thread 3 ] DEBUG Engine               - configClass: Optional.empty
01:47:47.775 [FXGL Background Thread 3 ] DEBUG Engine               - credits: []
01:47:47.776 [FXGL Background Thread 3 ] DEBUG Engine               - defaultCursor: CursorInfo(imageName=fxgl_default_cursor.png, hotspotX=7.0, hotspotY=6.0)
01:47:47.776 [FXGL Background Thread 3 ] DEBUG Engine               - devBBoxColorProperty: ObjectProperty [value: 0xff0000ff]
01:47:47.776 [FXGL Background Thread 3 ] DEBUG Engine               - devEnableDebugCameraProperty: BooleanProperty [value: false]
01:47:47.776 [FXGL Background Thread 3 ] DEBUG Engine               - devSensorColorProperty: ObjectProperty [value: 0xffff00ff]
01:47:47.776 [FXGL Background Thread 3 ] DEBUG Engine               - devShowBBoxProperty: BooleanProperty [value: false]
01:47:47.776 [FXGL Background Thread 3 ] DEBUG Engine               - devShowPositionProperty: BooleanProperty [value: false]
01:47:47.776 [FXGL Background Thread 3 ] DEBUG Engine               - enabledMenuItems: []
01:47:47.776 [FXGL Background Thread 3 ] DEBUG Engine               - engineServices: [class com.almasb.fxgl.app.services.FXGLAssetLoaderService, class com.almasb.fxgl.app.FXGLApplication$GameApplicationService, class com.almasb.fxgl.app.services.FXGLDialogService, class com.almasb.fxgl.app.services.IOTaskExecutorService, class com.almasb.fxgl.io.FileSystemService, class com.almasb.fxgl.localization.LocalizationService, class com.almasb.fxgl.app.services.SystemBundleService, class com.almasb.fxgl.profile.SaveLoadService, class com.almasb.fxgl.ui.FXGLUIFactoryServiceProvider, class com.almasb.fxgl.ui.FXGLDialogFactoryServiceProvider, class com.almasb.fxgl.audio.AudioPlayer, class com.almasb.fxgl.notification.impl.NotificationServiceProvider, class com.almasb.fxgl.achievement.AchievementService, class com.almasb.fxgl.cutscene.CutsceneService, class com.almasb.fxgl.minigames.MiniGameService, class com.almasb.fxgl.net.NetService, class com.almasb.fxgl.app.services.UpdaterService, class com.almasb.fxgl.dev.DevService]
01:47:47.776 [FXGL Background Thread 3 ] DEBUG Engine               - fontGame: Abel-Regular.ttf
01:47:47.776 [FXGL Background Thread 3 ] DEBUG Engine               - fontMono: TerminalLandMono-Regular.otf
01:47:47.776 [FXGL Background Thread 3 ] DEBUG Engine               - fontSizeScaleUI: 1.0
01:47:47.776 [FXGL Background Thread 3 ] DEBUG Engine               - fontText: Courier-Prime.ttf
01:47:47.776 [FXGL Background Thread 3 ] DEBUG Engine               - fontUI: VarelaRound-Regular.ttf
01:47:47.776 [FXGL Background Thread 3 ] DEBUG Engine               - fullScreen: BooleanProperty [value: true]
01:47:47.776 [FXGL Background Thread 3 ] DEBUG Engine               - gameDifficulty: MEDIUM
01:47:47.776 [FXGL Background Thread 3 ] DEBUG Engine               - gameDifficultyProperty: ObjectProperty [value: MEDIUM]
01:47:47.776 [FXGL Background Thread 3 ] DEBUG Engine               - globalMusicVolume: 0.5
01:47:47.776 [FXGL Background Thread 3 ] DEBUG Engine               - globalMusicVolumeProperty: DoubleProperty [value: 0.5]
01:47:47.776 [FXGL Background Thread 3 ] DEBUG Engine               - globalSoundVolume: 0.5
01:47:47.777 [FXGL Background Thread 3 ] DEBUG Engine               - globalSoundVolumeProperty: DoubleProperty [value: 0.5]
01:47:47.777 [FXGL Background Thread 3 ] DEBUG Engine               - height: 720
01:47:47.777 [FXGL Background Thread 3 ] DEBUG Engine               - is3D: false
01:47:47.777 [FXGL Background Thread 3 ] DEBUG Engine               - isAndroid: false
01:47:47.778 [FXGL Background Thread 3 ] DEBUG Engine               - isBrowser: false
01:47:47.778 [FXGL Background Thread 3 ] DEBUG Engine               - isClickFeedbackEnabled: false
01:47:47.778 [FXGL Background Thread 3 ] DEBUG Engine               - isCloseConfirmation: false
01:47:47.778 [FXGL Background Thread 3 ] DEBUG Engine               - isDesktop: true
01:47:47.778 [FXGL Background Thread 3 ] DEBUG Engine               - isDeveloperMenuEnabled: true
01:47:47.778 [FXGL Background Thread 3 ] DEBUG Engine               - isEmbedded: false
01:47:47.778 [FXGL Background Thread 3 ] DEBUG Engine               - isEntityPreloadEnabled: true
01:47:47.779 [FXGL Background Thread 3 ] DEBUG Engine               - isExperimentalTiledLargeMap: false
01:47:47.779 [FXGL Background Thread 3 ] DEBUG Engine               - isFileSystemWriteAllowed: true
01:47:47.779 [FXGL Background Thread 3 ] DEBUG Engine               - isFullScreenAllowed: true
01:47:47.779 [FXGL Background Thread 3 ] DEBUG Engine               - isFullScreenFromStart: true
01:47:47.779 [FXGL Background Thread 3 ] DEBUG Engine               - isGameMenuEnabled: true
01:47:47.779 [FXGL Background Thread 3 ] DEBUG Engine               - isIOS: false
01:47:47.779 [FXGL Background Thread 3 ] DEBUG Engine               - isIntroEnabled: false
01:47:47.779 [FXGL Background Thread 3 ] DEBUG Engine               - isLinux: false
01:47:47.779 [FXGL Background Thread 3 ] DEBUG Engine               - isMac: false
01:47:47.779 [FXGL Background Thread 3 ] DEBUG Engine               - isMainMenuEnabled: false
01:47:47.780 [FXGL Background Thread 3 ] DEBUG Engine               - isManualResizeEnabled: false
01:47:47.780 [FXGL Background Thread 3 ] DEBUG Engine               - isMobile: false
01:47:47.780 [FXGL Background Thread 3 ] DEBUG Engine               - isNative: false
01:47:47.780 [FXGL Background Thread 3 ] DEBUG Engine               - isPauseMusicWhenMinimized: true
01:47:47.780 [FXGL Background Thread 3 ] DEBUG Engine               - isPreserveResizeRatio: false
01:47:47.780 [FXGL Background Thread 3 ] DEBUG Engine               - isProfilingEnabled: false
01:47:47.780 [FXGL Background Thread 3 ] DEBUG Engine               - isScaleAffectedOnResize: true
01:47:47.780 [FXGL Background Thread 3 ] DEBUG Engine               - isSingleStep: false
01:47:47.780 [FXGL Background Thread 3 ] DEBUG Engine               - isUserProfileEnabled: false
01:47:47.780 [FXGL Background Thread 3 ] DEBUG Engine               - isWindows: true
01:47:47.781 [FXGL Background Thread 3 ] DEBUG Engine               - language: ObjectProperty [value: ENGLISH]
01:47:47.781 [FXGL Background Thread 3 ] DEBUG Engine               - menuKey: ESCAPE
01:47:47.781 [FXGL Background Thread 3 ] DEBUG Engine               - mouseSensitivity: 0.2
01:47:47.781 [FXGL Background Thread 3 ] DEBUG Engine               - notificationViewClass: class com.almasb.fxgl.notification.view.XboxNotificationView
01:47:47.781 [FXGL Background Thread 3 ] DEBUG Engine               - pixelsPerMeter: 50.0
01:47:47.781 [FXGL Background Thread 3 ] DEBUG Engine               - platform: WINDOWS
01:47:47.781 [FXGL Background Thread 3 ] DEBUG Engine               - prefHeightProperty: ReadOnlyDoubleProperty [value: 720.0]
01:47:47.781 [FXGL Background Thread 3 ] DEBUG Engine               - prefWidthProperty: ReadOnlyDoubleProperty [value: 1280.0]
01:47:47.781 [FXGL Background Thread 3 ] DEBUG Engine               - profileDir: profiles/
01:47:47.781 [FXGL Background Thread 3 ] DEBUG Engine               - profileName: StringProperty [value: DEFAULT]
01:47:47.781 [FXGL Background Thread 3 ] DEBUG Engine               - randomSeed: -1
01:47:47.782 [FXGL Background Thread 3 ] DEBUG Engine               - runtimeInfo: RuntimeInfo(platform=WINDOWS, version=21.1, build=27.03.2024 07.52)
01:47:47.782 [FXGL Background Thread 3 ] DEBUG Engine               - saveFileExt: sav
01:47:47.782 [FXGL Background Thread 3 ] DEBUG Engine               - scaledHeightProp$fxgl: DoubleProperty [bound, value: 864.0]
01:47:47.782 [FXGL Background Thread 3 ] DEBUG Engine               - scaledWidthProp$fxgl: DoubleProperty [bound, value: 1536.0]
01:47:47.783 [FXGL Background Thread 3 ] DEBUG Engine               - sceneFactory: com.almasb.fxgl.app.scene.SceneFactory@14c9b363
01:47:47.783 [FXGL Background Thread 3 ] DEBUG Engine               - secondsIn24h: 60
01:47:47.783 [FXGL Background Thread 3 ] DEBUG Engine               - soundMenuBack: menu/back.wav
01:47:47.783 [FXGL Background Thread 3 ] DEBUG Engine               - soundMenuPress: menu/press.wav
01:47:47.783 [FXGL Background Thread 3 ] DEBUG Engine               - soundMenuSelect: menu/select.wav
01:47:47.783 [FXGL Background Thread 3 ] DEBUG Engine               - soundNotification: core/notification.wav
01:47:47.783 [FXGL Background Thread 3 ] DEBUG Engine               - stageStyle: DECORATED
01:47:47.783 [FXGL Background Thread 3 ] DEBUG Engine               - supportedLanguages: [ENGLISH, FRENCH, GERMAN, HUNGARIAN, RUSSIAN]
01:47:47.783 [FXGL Background Thread 3 ] DEBUG Engine               - ticksPerSecond: -1
01:47:47.783 [FXGL Background Thread 3 ] DEBUG Engine               - title: Final Journey
01:47:47.783 [FXGL Background Thread 3 ] DEBUG Engine               - urlGithub: https://github.com/AlmasB/FXGL
01:47:47.783 [FXGL Background Thread 3 ] DEBUG Engine               - urlLeaderboard: http://fxgl-top.herokuapp.com/
01:47:47.784 [FXGL Background Thread 3 ] DEBUG Engine               - urlPOM: https://raw.githubusercontent.com/AlmasB/FXGL/release/README.md
01:47:47.784 [FXGL Background Thread 3 ] DEBUG Engine               - userAppClass: class com.project.App
01:47:47.784 [FXGL Background Thread 3 ] DEBUG Engine               - version: Alpha
01:47:47.784 [FXGL Background Thread 3 ] DEBUG Engine               - versionCheckDays: 7
01:47:47.784 [FXGL Background Thread 3 ] DEBUG Engine               - width: 1280
01:47:47.784 [FXGL Background Thread 3 ] DEBUG Engine               - Logging services
01:47:47.784 [FXGL Background Thread 3 ] DEBUG Engine               - class com.almasb.fxgl.app.services.FXGLAssetLoaderService
01:47:47.784 [FXGL Background Thread 3 ] DEBUG Engine               - class com.almasb.fxgl.app.FXGLApplication$GameApplicationService
01:47:47.784 [FXGL Background Thread 3 ] DEBUG Engine               - class com.almasb.fxgl.app.services.FXGLDialogService
01:47:47.784 [FXGL Background Thread 3 ] DEBUG Engine               - class com.almasb.fxgl.app.services.IOTaskExecutorService
01:47:47.784 [FXGL Background Thread 3 ] DEBUG Engine               - class com.almasb.fxgl.io.FileSystemService
01:47:47.784 [FXGL Background Thread 3 ] DEBUG Engine               - class com.almasb.fxgl.localization.LocalizationService
01:47:47.785 [FXGL Background Thread 3 ] DEBUG Engine               - class com.almasb.fxgl.app.services.SystemBundleService
01:47:47.785 [FXGL Background Thread 3 ] DEBUG Engine               - class com.almasb.fxgl.profile.SaveLoadService
01:47:47.785 [FXGL Background Thread 3 ] DEBUG Engine               - class com.almasb.fxgl.ui.FXGLUIFactoryServiceProvider
01:47:47.785 [FXGL Background Thread 3 ] DEBUG Engine               - class com.almasb.fxgl.ui.FXGLDialogFactoryServiceProvider
01:47:47.785 [FXGL Background Thread 3 ] DEBUG Engine               - class com.almasb.fxgl.audio.AudioPlayer
01:47:47.785 [FXGL Background Thread 3 ] DEBUG Engine               - class com.almasb.fxgl.notification.impl.NotificationServiceProvider
01:47:47.785 [FXGL Background Thread 3 ] DEBUG Engine               - class com.almasb.fxgl.achievement.AchievementService
01:47:47.785 [FXGL Background Thread 3 ] DEBUG Engine               - class com.almasb.fxgl.cutscene.CutsceneService
01:47:47.785 [FXGL Background Thread 3 ] DEBUG Engine               - class com.almasb.fxgl.minigames.MiniGameService
01:47:47.785 [FXGL Background Thread 3 ] DEBUG Engine               - class com.almasb.fxgl.net.NetService
01:47:47.785 [FXGL Background Thread 3 ] DEBUG Engine               - class com.almasb.fxgl.app.services.UpdaterService
01:47:47.785 [FXGL Background Thread 3 ] DEBUG Engine               - class com.almasb.fxgl.dev.DevService
01:48:04.414 [JavaFX Application Thread] DEBUG PrimaryStageWindow   - Push state: FXGLDefaultMenu
01:48:04.416 [JavaFX Application Thread] DEBUG Input                - Clearing active input actions
01:48:04.418 [JavaFX Application Thread] DEBUG GameApplicationServi - Removing overlay from GameScene and adding to FXGLDefaultMenu
01:48:04.419 [JavaFX Application Thread] DEBUG PrimaryStageWindow   - GameScene -> FXGLDefaultMenu
01:48:05.137 [JavaFX Application Thread] DEBUG Menu                 - fireExit()
01:48:05.139 [JavaFX Application Thread] DEBUG PrimaryStageWindow   - Push state: DialogSubScene
01:48:05.139 [JavaFX Application Thread] DEBUG Input                - Clearing active input actions
01:48:05.139 [JavaFX Application Thread] DEBUG GameApplicationServi - Removing overlay from FXGLDefaultMenu and adding to DialogSubScene
01:48:05.140 [JavaFX Application Thread] DEBUG PrimaryStageWindow   - FXGLDefaultMenu -> DialogSubScene
01:48:05.631 [JavaFX Application Thread] DEBUG PrimaryStageWindow   - Pop state: DialogSubScene
01:48:05.632 [JavaFX Application Thread] DEBUG Input                - Clearing active input actions
01:48:05.632 [JavaFX Application Thread] DEBUG GameApplicationServi - Removing overlay from DialogSubScene and adding to FXGLDefaultMenu
01:48:05.633 [JavaFX Application Thread] DEBUG PrimaryStageWindow   - FXGLDefaultMenu <- DialogSubScene
01:48:05.633 [JavaFX Application Thread] DEBUG FXGLApplication      - Exiting FXGL
01:48:05.633 [JavaFX Application Thread] DEBUG LoopRunner           - Stopping loop
01:48:05.633 [JavaFX Application Thread] DEBUG SystemBundleService  - Saving FXGL system data
01:48:05.636 [JavaFX Application Thread] DEBUG FileSystemAccess     - Writing to: C:\Users\frank\Desktop\ProjectFun\myproject\myproject\system\fxgl.bundle
01:48:05.640 [JavaFX Application Thread] DEBUG Async                - Shutting down background threads
01:48:05.640 [JavaFX Application Thread] DEBUG PrimaryStageWindow   - Closing main window
01:48:05.658 [JavaFX Application Thread] DEBUG Logger               - Closing Logger
