16:14:44.113 [main                     ] DEBUG Logger               - Configured Logger
16:14:44.133 [main                     ] DEBUG GameApplication      - Logging settings
Title: Final Journey
Version: Alpha
Width: 1280
Height: 720
Fullscreen: true
Intro: false
Profiling: false
Single step:false
App Mode: DEVELOPER
Menu Key: ESCAPE
Stage Style: DECORATED
Scene Factory: class com.almasb.fxgl.app.scene.SceneFactory

16:14:44.563 [JavaFX Application Thread] DEBUG FXGLApplication      - Initializing FXGL
16:14:44.567 [JavaFX Application Thread] INFO  Engine               - FXGL-21.1 (27.03.2024 07.52) on WINDOWS (J:21.0.5 FX:21.0.1)
16:14:44.568 [JavaFX Application Thread] DEBUG Engine               - JRE Vendor Name: Eclipse Adoptium
16:14:44.568 [JavaFX Application Thread] DEBUG Engine               - Running on OS: Windows 11 version 10.0
16:14:44.568 [JavaFX Application Thread] DEBUG Engine               - Architecture: amd64
16:14:44.568 [JavaFX Application Thread] INFO  Engine               - Source code and latest versions at: https://github.com/AlmasB/FXGL
16:14:44.568 [JavaFX Application Thread] INFO  Engine               -       Ask questions and discuss at: https://github.com/AlmasB/FXGL/discussions
16:14:44.569 [JavaFX Application Thread] INFO  Engine               -              Join the FXGL chat at: https://gitter.im/AlmasB/FXGL
16:14:44.661 [JavaFX Application Thread] DEBUG PrimaryStageWindow   - Creating a JavaFX scene
16:14:44.707 [JavaFX Application Thread] DEBUG PrimaryStageWindow   - Target settings size: 1280.0 x 720.0
16:14:44.707 [JavaFX Application Thread] DEBUG PrimaryStageWindow   - Scaled scene size:    1280.0 x 720.0
16:14:44.707 [JavaFX Application Thread] DEBUG PrimaryStageWindow   - Scaled ratio: (1.0, 1.0)
16:14:44.708 [JavaFX Application Thread] DEBUG PrimaryStageWindow   - Set initial scene to FXGLStartupScene
16:14:44.712 [JavaFX Application Thread] DEBUG PrimaryStageWindow   - Opening main window
16:14:44.800 [JavaFX Application Thread] DEBUG PrimaryStageWindow   - Window border size: (14.4000244140625, 37.5999755859375)
16:14:44.801 [JavaFX Application Thread] DEBUG PrimaryStageWindow   - Scaled size: 1280.0 x 720.0
16:14:44.801 [JavaFX Application Thread] DEBUG PrimaryStageWindow   - Scaled ratio: (1.0, 1.0)
16:14:44.801 [JavaFX Application Thread] DEBUG PrimaryStageWindow   - Scene size: 1280.0 x 720.0
16:14:44.801 [JavaFX Application Thread] DEBUG PrimaryStageWindow   - Stage size: 1294.4000244140625 x 757.5999755859375
16:14:44.864 [JavaFX Application Thread] DEBUG PrimaryStageWindow   - Going fullscreen
16:14:44.875 [FXGL Background Thread 1 ] DEBUG Engine               - Initializing environment variables
16:14:44.926 [FXGL Background Thread 1 ] DEBUG FXGLAssetLoaderServi - User app class for loading assets: class com.project.App
16:14:44.926 [FXGL Background Thread 1 ] DEBUG GameApplicationServi - Applying CSS: fxgl_dark.css
16:14:44.927 [FXGL Background Thread 1 ] DEBUG FXGLAssetLoaderServi - Loading from file system: jar:file:/C:/Users/Lenovo/.m2/repository/com/github/almasb/fxgl/21.1/fxgl-21.1.jar!/fxglassets/ui/css/fxgl_dark.css
16:14:44.961 [FXGL Background Thread 1 ] DEBUG GameApplicationServi - Initializing application scenes
16:14:45.004 [FXGL Background Thread 1 ] DEBUG GameWorld            - Game world initialized
16:14:45.059 [FXGL Background Thread 1 ] DEBUG PhysicsWorld         - Physics world initialized: appHeight=720, physics.ppm=50.0
16:14:45.059 [FXGL Background Thread 1 ] DEBUG PhysicsWorld         - Using strategy: BRUTE_FORCE
16:14:45.063 [FXGL Background Thread 1 ] DEBUG GameScene            - Game scene initialized: 1280x720
16:14:45.072 [FXGL Background Thread 1 ] DEBUG FXGL.DefaultMenu     - createMenuBodyGameMenu()
16:14:45.084 [FXGL Background Thread 1 ] DEBUG FXGL.DefaultMenu     - createOptionsMenu()
16:14:45.092 [FXGL Background Thread 1 ] DEBUG FXGLAssetLoaderServi - Loading from file system: jar:file:/C:/Users/Lenovo/.m2/repository/com/github/almasb/fxgl/21.1/fxgl-21.1.jar!/fxglassets/textures/particles/smoke.png
16:14:45.176 [FXGL Background Thread 1 ] DEBUG FXGLAssetLoaderServi - Loading from file system: jar:file:/C:/Users/Lenovo/.m2/repository/com/github/almasb/fxgl/21.1/fxgl-21.1.jar!/fxglassets/textures/particles/trace_horizontal.png
16:14:45.196 [FXGL Background Thread 1 ] DEBUG GameApplicationServi - Application scenes initialized
16:14:45.208 [FXGL Background Thread 1 ] DEBUG SystemBundleService  - Loading FXGL system data
16:14:45.211 [FXGL Background Thread 1 ] DEBUG FileSystemAccess     - Reading from: C:\Users\Lenovo\projectjava\myproject\myproject\system\fxgl.bundle
16:14:45.219 [FXGL Background Thread 1 ] DEBUG SystemBundleService  - Bundle FXGL: {}
16:14:45.219 [FXGL Background Thread 1 ] DEBUG UpdaterService       - Checking for updates
16:14:45.247 [FXGL Background Thread 4 ] DEBUG FXGLApplication      - Loading fonts
16:14:45.248 [FXGL Background Thread 1 ] DEBUG FXGLApplication      - Loading default localization
16:14:45.248 [FXGL Background Thread 4 ] DEBUG FXGLAssetLoaderServi - Loading from file system: jar:file:/C:/Users/Lenovo/.m2/repository/com/github/almasb/fxgl/21.1/fxgl-21.1.jar!/fxglassets/ui/fonts/VarelaRound-Regular.ttf
16:14:45.248 [FXGL Background Thread 1 ] DEBUG FXGLAssetLoaderServi - Loading from file system: jar:file:/C:/Users/Lenovo/.m2/repository/com/github/almasb/fxgl/21.1/fxgl-21.1.jar!/fxglassets/languages/english.lang
16:14:45.267 [FXGL Background Thread 1 ] INFO  FXGLApplication      - FXGL initialization took: 0.393 sec
16:14:45.280 [FXGL Background Thread 4 ] DEBUG FXGLAssetLoaderServi - Loading from file system: jar:file:/C:/Users/Lenovo/.m2/repository/com/github/almasb/fxgl/21.1/fxgl-21.1.jar!/fxglassets/ui/fonts/Abel-Regular.ttf
16:14:45.282 [JavaFX Application Thread] DEBUG Input                - Registered new binding: Right - D
16:14:45.283 [JavaFX Application Thread] DEBUG Input                - Registered new binding: Left - A
16:14:45.283 [JavaFX Application Thread] DEBUG Input                - Registered new binding: Up - W
16:14:45.283 [JavaFX Application Thread] DEBUG Input                - Registered new binding: Down - S
16:14:45.283 [JavaFX Application Thread] DEBUG Input                - Registered new binding: Interact - E
16:14:45.283 [FXGL Background Thread 4 ] DEBUG FXGLAssetLoaderServi - Loading from file system: jar:file:/C:/Users/Lenovo/.m2/repository/com/github/almasb/fxgl/21.1/fxgl-21.1.jar!/fxglassets/ui/fonts/TerminalLandMono-Regular.otf
16:14:45.283 [JavaFX Application Thread] DEBUG FXGLAssetLoaderServi - Loading from file system: jar:file:/C:/Users/Lenovo/.m2/repository/com/github/almasb/fxgl/21.1/fxgl-21.1.jar!/fxglassets/textures/fxgl_icon.png
16:14:45.286 [FXGL Background Thread 4 ] DEBUG FXGLAssetLoaderServi - Loading from file system: jar:file:/C:/Users/Lenovo/.m2/repository/com/github/almasb/fxgl/21.1/fxgl-21.1.jar!/fxglassets/ui/fonts/Courier-Prime.ttf
16:14:45.304 [JavaFX Application Thread] DEBUG FXGLAssetLoaderServi - Loading from file system: jar:file:/C:/Users/Lenovo/.m2/repository/com/github/almasb/fxgl/21.1/fxgl-21.1.jar!/fxglassets/textures/fxgl_default_cursor.png
16:14:45.307 [JavaFX Application Thread] DEBUG Input                - Registered new binding: Screenshot - CTRL+8
16:14:45.307 [JavaFX Application Thread] DEBUG Input                - Registered new binding: Dev Options - 1
16:14:45.308 [JavaFX Application Thread] DEBUG Input                - Registered new binding: Dev Console - 2
16:14:45.309 [JavaFX Application Thread] DEBUG Input                - Registered new binding: System info dump - CTRL+9
16:14:45.309 [JavaFX Application Thread] DEBUG Input                - Registered new binding: Restart - CTRL+R
16:14:45.310 [JavaFX Application Thread] DEBUG Input                - Registered new binding: Toggle Debug Camera - CTRL+7
16:14:45.317 [JavaFX Application Thread] DEBUG LoopRunner           - Starting loop
16:14:45.342 [JavaFX Application Thread] DEBUG LoopRunner           - Initializing JavaFX AnimationTimerLoop
16:14:45.344 [JavaFX Application Thread] DEBUG GameApplicationServi - Starting new game
16:14:45.345 [JavaFX Application Thread] DEBUG Input                - Clearing active input actions
16:14:45.356 [JavaFX Application Thread] DEBUG GameApplicationServi - Removing overlay from FXGLStartupScene and adding to FXGLLoadingScene
16:14:45.360 [JavaFX Application Thread] DEBUG PrimaryStageWindow   - FXGLStartupScene -> FXGLLoadingScene
16:14:45.360 [JavaFX Application Thread] DEBUG GameApplicationServi - Clearing previous game
16:14:45.361 [JavaFX Application Thread] DEBUG GameScene            - Clearing game scene
16:14:45.361 [JavaFX Application Thread] DEBUG GameWorld            - Clearing game world
16:14:45.361 [JavaFX Application Thread] DEBUG PhysicsWorld         - Clearing physics world
16:14:45.363 [FXGL Background Thread 4 ] DEBUG FXGLApplication      - Initializing game
16:14:45.364 [JavaFX Application Thread] DEBUG FXGLApplication      - Registering font factories with UI factory
16:14:45.410 [FXGL Background Thread 4 ] WARN  TMXLevelLoader       - TiledMap generated from 1.11.0. Supported version: 1.9.0. Some features may not be parsed fully.
16:14:45.438 [FXGL Background Thread 4 ] DEBUG TMXLevelLoader       - Parsed TiledMap: file:/C:/Users/Lenovo/projectjava/myproject/myproject/target/classes/assets/levels/scene1.tmx
16:14:45.439 [FXGL Background Thread 4 ] DEBUG TMXLevelLoader       - Creating tile layer entities
16:14:45.441 [FXGL Background Thread 4 ] DEBUG TilesetLoader        - Loading view for layer lowefloor
16:14:45.442 [FXGL Background Thread 4 ] DEBUG TilesetLoader        - Created buffer with size 512.0x1024.0
16:14:45.522 [FXGL Background Thread 4 ] DEBUG TilesetLoader        - Loading view for layer cliff
16:14:45.523 [FXGL Background Thread 4 ] DEBUG TilesetLoader        - Created buffer with size 512.0x1024.0
16:14:45.524 [FXGL Background Thread 4 ] DEBUG TilesetLoader        - Loading view for layer cliff1
16:14:45.525 [FXGL Background Thread 4 ] DEBUG TilesetLoader        - Created buffer with size 512.0x1024.0
16:14:45.527 [FXGL Background Thread 4 ] DEBUG TilesetLoader        - Loading view for layer cliff2
16:14:45.528 [FXGL Background Thread 4 ] DEBUG TilesetLoader        - Created buffer with size 512.0x1024.0
16:14:45.529 [FXGL Background Thread 4 ] DEBUG TilesetLoader        - Loading view for layer Tile Layer 3
16:14:45.529 [FXGL Background Thread 4 ] DEBUG TilesetLoader        - Created buffer with size 512.0x1024.0
16:14:45.530 [FXGL Background Thread 4 ] DEBUG TilesetLoader        - Loading view for layer Tile Layer 6
16:14:45.530 [FXGL Background Thread 4 ] DEBUG TilesetLoader        - Created buffer with size 512.0x1024.0
16:14:45.598 [FXGL Background Thread 4 ] DEBUG TilesetLoader        - Loading view for layer prop
16:14:45.600 [FXGL Background Thread 4 ] DEBUG TilesetLoader        - Created buffer with size 512.0x1024.0
16:14:45.600 [FXGL Background Thread 4 ] DEBUG TMXLevelLoader       - Creating object layer entities
16:14:45.634 [FXGL Background Thread 4 ] DEBUG FXGLAssetLoaderServi - Loading from file system: file:/C:/Users/Lenovo/projectjava/myproject/myproject/target/classes/assets/textures/Actor1.png
16:14:45.645 [FXGL Background Thread 4 ] DEBUG FXGLAssetLoaderServi - Loading from file system: file:/C:/Users/Lenovo/projectjava/myproject/myproject/target/classes/assets/textures/Rex.png
16:14:45.651 [FXGL Background Thread 4 ] WARN  TMXLevelLoader       - TiledMap generated from 1.11.0. Supported version: 1.9.0. Some features may not be parsed fully.
16:14:45.666 [FXGL Background Thread 4 ] DEBUG TMXLevelLoader       - Parsed TiledMap: file:/C:/Users/Lenovo/projectjava/myproject/myproject/target/classes/assets/levels/scene1.tmx
16:14:45.666 [FXGL Background Thread 4 ] DEBUG TMXLevelLoader       - Creating tile layer entities
16:14:45.666 [FXGL Background Thread 4 ] DEBUG TilesetLoader        - Loading view for layer lowefloor
16:14:45.667 [FXGL Background Thread 4 ] DEBUG TilesetLoader        - Created buffer with size 512.0x1024.0
16:14:45.701 [FXGL Background Thread 4 ] DEBUG TilesetLoader        - Loading view for layer cliff
16:14:45.702 [FXGL Background Thread 4 ] DEBUG TilesetLoader        - Created buffer with size 512.0x1024.0
16:14:45.703 [FXGL Background Thread 4 ] DEBUG TilesetLoader        - Loading view for layer cliff1
16:14:45.703 [FXGL Background Thread 4 ] DEBUG TilesetLoader        - Created buffer with size 512.0x1024.0
16:14:45.704 [FXGL Background Thread 4 ] DEBUG TilesetLoader        - Loading view for layer cliff2
16:14:45.705 [FXGL Background Thread 4 ] DEBUG TilesetLoader        - Created buffer with size 512.0x1024.0
16:14:45.705 [FXGL Background Thread 4 ] DEBUG TilesetLoader        - Loading view for layer Tile Layer 3
16:14:45.706 [FXGL Background Thread 4 ] DEBUG TilesetLoader        - Created buffer with size 512.0x1024.0
16:14:45.707 [FXGL Background Thread 4 ] DEBUG TilesetLoader        - Loading view for layer Tile Layer 6
16:14:45.707 [FXGL Background Thread 4 ] DEBUG TilesetLoader        - Created buffer with size 512.0x1024.0
16:14:45.756 [FXGL Background Thread 4 ] DEBUG TilesetLoader        - Loading view for layer prop
16:14:45.757 [FXGL Background Thread 4 ] DEBUG TilesetLoader        - Created buffer with size 512.0x1024.0
16:14:45.758 [FXGL Background Thread 4 ] DEBUG TMXLevelLoader       - Creating object layer entities
16:14:45.769 [FXGL Background Thread 4 ] DEBUG GameWorld            - Clearing removable entities
16:14:45.770 [FXGL Background Thread 4 ] DEBUG GameWorld            - Setting level: com.almasb.fxgl.entity.level.Level@7f8bb7a7
16:14:45.783 [FXGL Background Thread 4 ] INFO  FXGLApplication      - Game initialization took: 0.421 sec
16:14:45.785 [JavaFX Application Thread] DEBUG Input                - Clearing active input actions
16:14:45.795 [JavaFX Application Thread] DEBUG GameApplicationServi - Removing overlay from FXGLLoadingScene and adding to GameScene
16:14:45.800 [JavaFX Application Thread] DEBUG PrimaryStageWindow   - FXGLLoadingScene -> GameScene
16:14:48.246 [FXGL Background Thread 3 ] DEBUG Engine               - Logging environment variables
16:14:48.247 [FXGL Background Thread 3 ] DEBUG Engine               - achievements: []
16:14:48.247 [FXGL Background Thread 3 ] DEBUG Engine               - actualHeight: 864.0
16:14:48.247 [FXGL Background Thread 3 ] DEBUG Engine               - actualHeightProperty: ReadOnlyDoubleProperty [value: 864.0]
16:14:48.248 [FXGL Background Thread 3 ] DEBUG Engine               - actualWidth: 1536.0
16:14:48.248 [FXGL Background Thread 3 ] DEBUG Engine               - actualWidthProperty: ReadOnlyDoubleProperty [value: 1536.0]
16:14:48.248 [FXGL Background Thread 3 ] DEBUG Engine               - appIcon: fxgl_icon.png
16:14:48.248 [FXGL Background Thread 3 ] DEBUG Engine               - applicationMode: DEVELOPER
16:14:48.248 [FXGL Background Thread 3 ] DEBUG Engine               - cSSList: [fxgl_dark.css]
16:14:48.248 [FXGL Background Thread 3 ] DEBUG Engine               - collisionDetectionStrategy: BRUTE_FORCE
16:14:48.248 [FXGL Background Thread 3 ] DEBUG Engine               - configClass: Optional.empty
16:14:48.248 [FXGL Background Thread 3 ] DEBUG Engine               - credits: []
16:14:48.249 [FXGL Background Thread 3 ] DEBUG Engine               - defaultCursor: CursorInfo(imageName=fxgl_default_cursor.png, hotspotX=7.0, hotspotY=6.0)
16:14:48.249 [FXGL Background Thread 3 ] DEBUG Engine               - devBBoxColorProperty: ObjectProperty [value: 0xff0000ff]
16:14:48.249 [FXGL Background Thread 3 ] DEBUG Engine               - devEnableDebugCameraProperty: BooleanProperty [value: false]
16:14:48.249 [FXGL Background Thread 3 ] DEBUG Engine               - devSensorColorProperty: ObjectProperty [value: 0xffff00ff]
16:14:48.249 [FXGL Background Thread 3 ] DEBUG Engine               - devShowBBoxProperty: BooleanProperty [value: false]
16:14:48.249 [FXGL Background Thread 3 ] DEBUG Engine               - devShowPositionProperty: BooleanProperty [value: false]
16:14:48.249 [FXGL Background Thread 3 ] DEBUG Engine               - enabledMenuItems: []
16:14:48.249 [FXGL Background Thread 3 ] DEBUG Engine               - engineServices: [class com.almasb.fxgl.app.services.FXGLAssetLoaderService, class com.almasb.fxgl.app.FXGLApplication$GameApplicationService, class com.almasb.fxgl.app.services.FXGLDialogService, class com.almasb.fxgl.app.services.IOTaskExecutorService, class com.almasb.fxgl.io.FileSystemService, class com.almasb.fxgl.localization.LocalizationService, class com.almasb.fxgl.app.services.SystemBundleService, class com.almasb.fxgl.profile.SaveLoadService, class com.almasb.fxgl.ui.FXGLUIFactoryServiceProvider, class com.almasb.fxgl.ui.FXGLDialogFactoryServiceProvider, class com.almasb.fxgl.audio.AudioPlayer, class com.almasb.fxgl.notification.impl.NotificationServiceProvider, class com.almasb.fxgl.achievement.AchievementService, class com.almasb.fxgl.cutscene.CutsceneService, class com.almasb.fxgl.minigames.MiniGameService, class com.almasb.fxgl.net.NetService, class com.almasb.fxgl.app.services.UpdaterService, class com.almasb.fxgl.dev.DevService]
16:14:48.249 [FXGL Background Thread 3 ] DEBUG Engine               - fontGame: Abel-Regular.ttf
16:14:48.250 [FXGL Background Thread 3 ] DEBUG Engine               - fontMono: TerminalLandMono-Regular.otf
16:14:48.250 [FXGL Background Thread 3 ] DEBUG Engine               - fontSizeScaleUI: 1.0
16:14:48.250 [FXGL Background Thread 3 ] DEBUG Engine               - fontText: Courier-Prime.ttf
16:14:48.250 [FXGL Background Thread 3 ] DEBUG Engine               - fontUI: VarelaRound-Regular.ttf
16:14:48.250 [FXGL Background Thread 3 ] DEBUG Engine               - fullScreen: BooleanProperty [value: true]
16:14:48.250 [FXGL Background Thread 3 ] DEBUG Engine               - gameDifficulty: MEDIUM
16:14:48.250 [FXGL Background Thread 3 ] DEBUG Engine               - gameDifficultyProperty: ObjectProperty [value: MEDIUM]
16:14:48.250 [FXGL Background Thread 3 ] DEBUG Engine               - globalMusicVolume: 0.5
16:14:48.250 [FXGL Background Thread 3 ] DEBUG Engine               - globalMusicVolumeProperty: DoubleProperty [value: 0.5]
16:14:48.250 [FXGL Background Thread 3 ] DEBUG Engine               - globalSoundVolume: 0.5
16:14:48.250 [FXGL Background Thread 3 ] DEBUG Engine               - globalSoundVolumeProperty: DoubleProperty [value: 0.5]
16:14:48.250 [FXGL Background Thread 3 ] DEBUG Engine               - height: 720
16:14:48.250 [FXGL Background Thread 3 ] DEBUG Engine               - is3D: false
16:14:48.250 [FXGL Background Thread 3 ] DEBUG Engine               - isAndroid: false
16:14:48.250 [FXGL Background Thread 3 ] DEBUG Engine               - isBrowser: false
16:14:48.250 [FXGL Background Thread 3 ] DEBUG Engine               - isClickFeedbackEnabled: false
16:14:48.250 [FXGL Background Thread 3 ] DEBUG Engine               - isCloseConfirmation: false
16:14:48.251 [FXGL Background Thread 3 ] DEBUG Engine               - isDesktop: true
16:14:48.251 [FXGL Background Thread 3 ] DEBUG Engine               - isDeveloperMenuEnabled: true
16:14:48.251 [FXGL Background Thread 3 ] DEBUG Engine               - isEmbedded: false
16:14:48.251 [FXGL Background Thread 3 ] DEBUG Engine               - isEntityPreloadEnabled: true
16:14:48.251 [FXGL Background Thread 3 ] DEBUG Engine               - isExperimentalTiledLargeMap: false
16:14:48.251 [FXGL Background Thread 3 ] DEBUG Engine               - isFileSystemWriteAllowed: true
16:14:48.251 [FXGL Background Thread 3 ] DEBUG Engine               - isFullScreenAllowed: true
16:14:48.251 [FXGL Background Thread 3 ] DEBUG Engine               - isFullScreenFromStart: true
16:14:48.251 [FXGL Background Thread 3 ] DEBUG Engine               - isGameMenuEnabled: true
16:14:48.251 [FXGL Background Thread 3 ] DEBUG Engine               - isIOS: false
16:14:48.251 [FXGL Background Thread 3 ] DEBUG Engine               - isIntroEnabled: false
16:14:48.251 [FXGL Background Thread 3 ] DEBUG Engine               - isLinux: false
16:14:48.251 [FXGL Background Thread 3 ] DEBUG Engine               - isMac: false
16:14:48.251 [FXGL Background Thread 3 ] DEBUG Engine               - isMainMenuEnabled: false
16:14:48.251 [FXGL Background Thread 3 ] DEBUG Engine               - isManualResizeEnabled: false
16:14:48.251 [FXGL Background Thread 3 ] DEBUG Engine               - isMobile: false
16:14:48.251 [FXGL Background Thread 3 ] DEBUG Engine               - isNative: false
16:14:48.251 [FXGL Background Thread 3 ] DEBUG Engine               - isPauseMusicWhenMinimized: true
16:14:48.251 [FXGL Background Thread 3 ] DEBUG Engine               - isPreserveResizeRatio: false
16:14:48.251 [FXGL Background Thread 3 ] DEBUG Engine               - isProfilingEnabled: false
16:14:48.251 [FXGL Background Thread 3 ] DEBUG Engine               - isScaleAffectedOnResize: true
16:14:48.251 [FXGL Background Thread 3 ] DEBUG Engine               - isSingleStep: false
16:14:48.251 [FXGL Background Thread 3 ] DEBUG Engine               - isUserProfileEnabled: false
16:14:48.251 [FXGL Background Thread 3 ] DEBUG Engine               - isWindows: true
16:14:48.251 [FXGL Background Thread 3 ] DEBUG Engine               - language: ObjectProperty [value: ENGLISH]
16:14:48.252 [FXGL Background Thread 3 ] DEBUG Engine               - menuKey: ESCAPE
16:14:48.252 [FXGL Background Thread 3 ] DEBUG Engine               - mouseSensitivity: 0.2
16:14:48.252 [FXGL Background Thread 3 ] DEBUG Engine               - notificationViewClass: class com.almasb.fxgl.notification.view.XboxNotificationView
16:14:48.252 [FXGL Background Thread 3 ] DEBUG Engine               - pixelsPerMeter: 50.0
16:14:48.252 [FXGL Background Thread 3 ] DEBUG Engine               - platform: WINDOWS
16:14:48.252 [FXGL Background Thread 3 ] DEBUG Engine               - prefHeightProperty: ReadOnlyDoubleProperty [value: 720.0]
16:14:48.252 [FXGL Background Thread 3 ] DEBUG Engine               - prefWidthProperty: ReadOnlyDoubleProperty [value: 1280.0]
16:14:48.252 [FXGL Background Thread 3 ] DEBUG Engine               - profileDir: profiles/
16:14:48.252 [FXGL Background Thread 3 ] DEBUG Engine               - profileName: StringProperty [value: DEFAULT]
16:14:48.252 [FXGL Background Thread 3 ] DEBUG Engine               - randomSeed: -1
16:14:48.252 [FXGL Background Thread 3 ] DEBUG Engine               - runtimeInfo: RuntimeInfo(platform=WINDOWS, version=21.1, build=27.03.2024 07.52)
16:14:48.252 [FXGL Background Thread 3 ] DEBUG Engine               - saveFileExt: sav
16:14:48.252 [FXGL Background Thread 3 ] DEBUG Engine               - scaledHeightProp$fxgl: DoubleProperty [bound, value: 864.0]
16:14:48.252 [FXGL Background Thread 3 ] DEBUG Engine               - scaledWidthProp$fxgl: DoubleProperty [bound, value: 1536.0]
16:14:48.252 [FXGL Background Thread 3 ] DEBUG Engine               - sceneFactory: com.almasb.fxgl.app.scene.SceneFactory@39e439a5
16:14:48.252 [FXGL Background Thread 3 ] DEBUG Engine               - secondsIn24h: 60
16:14:48.252 [FXGL Background Thread 3 ] DEBUG Engine               - soundMenuBack: menu/back.wav
16:14:48.252 [FXGL Background Thread 3 ] DEBUG Engine               - soundMenuPress: menu/press.wav
16:14:48.252 [FXGL Background Thread 3 ] DEBUG Engine               - soundMenuSelect: menu/select.wav
16:14:48.252 [FXGL Background Thread 3 ] DEBUG Engine               - soundNotification: core/notification.wav
16:14:48.252 [FXGL Background Thread 3 ] DEBUG Engine               - stageStyle: DECORATED
16:14:48.252 [FXGL Background Thread 3 ] DEBUG Engine               - supportedLanguages: [ENGLISH, FRENCH, GERMAN, HUNGARIAN, RUSSIAN]
16:14:48.253 [FXGL Background Thread 3 ] DEBUG Engine               - ticksPerSecond: -1
16:14:48.253 [FXGL Background Thread 3 ] DEBUG Engine               - title: Final Journey
16:14:48.253 [FXGL Background Thread 3 ] DEBUG Engine               - urlGithub: https://github.com/AlmasB/FXGL
16:14:48.253 [FXGL Background Thread 3 ] DEBUG Engine               - urlLeaderboard: http://fxgl-top.herokuapp.com/
16:14:48.253 [FXGL Background Thread 3 ] DEBUG Engine               - urlPOM: https://raw.githubusercontent.com/AlmasB/FXGL/release/README.md
16:14:48.253 [FXGL Background Thread 3 ] DEBUG Engine               - userAppClass: class com.project.App
16:14:48.253 [FXGL Background Thread 3 ] DEBUG Engine               - version: Alpha
16:14:48.253 [FXGL Background Thread 3 ] DEBUG Engine               - versionCheckDays: 7
16:14:48.253 [FXGL Background Thread 3 ] DEBUG Engine               - width: 1280
16:14:48.253 [FXGL Background Thread 3 ] DEBUG Engine               - Logging services
16:14:48.253 [FXGL Background Thread 3 ] DEBUG Engine               - class com.almasb.fxgl.app.services.FXGLAssetLoaderService
16:14:48.253 [FXGL Background Thread 3 ] DEBUG Engine               - class com.almasb.fxgl.app.FXGLApplication$GameApplicationService
16:14:48.253 [FXGL Background Thread 3 ] DEBUG Engine               - class com.almasb.fxgl.app.services.FXGLDialogService
16:14:48.253 [FXGL Background Thread 3 ] DEBUG Engine               - class com.almasb.fxgl.app.services.IOTaskExecutorService
16:14:48.253 [FXGL Background Thread 3 ] DEBUG Engine               - class com.almasb.fxgl.io.FileSystemService
16:14:48.253 [FXGL Background Thread 3 ] DEBUG Engine               - class com.almasb.fxgl.localization.LocalizationService
16:14:48.253 [FXGL Background Thread 3 ] DEBUG Engine               - class com.almasb.fxgl.app.services.SystemBundleService
16:14:48.253 [FXGL Background Thread 3 ] DEBUG Engine               - class com.almasb.fxgl.profile.SaveLoadService
16:14:48.253 [FXGL Background Thread 3 ] DEBUG Engine               - class com.almasb.fxgl.ui.FXGLUIFactoryServiceProvider
16:14:48.253 [FXGL Background Thread 3 ] DEBUG Engine               - class com.almasb.fxgl.ui.FXGLDialogFactoryServiceProvider
16:14:48.253 [FXGL Background Thread 3 ] DEBUG Engine               - class com.almasb.fxgl.audio.AudioPlayer
16:14:48.253 [FXGL Background Thread 3 ] DEBUG Engine               - class com.almasb.fxgl.notification.impl.NotificationServiceProvider
16:14:48.253 [FXGL Background Thread 3 ] DEBUG Engine               - class com.almasb.fxgl.achievement.AchievementService
16:14:48.253 [FXGL Background Thread 3 ] DEBUG Engine               - class com.almasb.fxgl.cutscene.CutsceneService
16:14:48.253 [FXGL Background Thread 3 ] DEBUG Engine               - class com.almasb.fxgl.minigames.MiniGameService
16:14:48.253 [FXGL Background Thread 3 ] DEBUG Engine               - class com.almasb.fxgl.net.NetService
16:14:48.253 [FXGL Background Thread 3 ] DEBUG Engine               - class com.almasb.fxgl.app.services.UpdaterService
16:14:48.253 [FXGL Background Thread 3 ] DEBUG Engine               - class com.almasb.fxgl.dev.DevService
16:14:48.314 [JavaFX Application Thread] DEBUG FXGLAssetLoaderServi - Loading from file system: file:/C:/Users/Lenovo/projectjava/myproject/myproject/target/classes/assets/text/filetext.txt
16:14:48.323 [JavaFX Application Thread] DEBUG Input                - Registered new binding: Next RPG Line - Enter
16:14:48.324 [JavaFX Application Thread] DEBUG PrimaryStageWindow   - Push state: CutsceneScene
16:14:48.326 [JavaFX Application Thread] DEBUG Input                - Clearing active input actions
16:14:48.327 [JavaFX Application Thread] DEBUG GameApplicationServi - Removing overlay from GameScene and adding to CutsceneScene
16:14:48.329 [JavaFX Application Thread] DEBUG PrimaryStageWindow   - GameScene -> CutsceneScene
16:14:49.542 [JavaFX Application Thread] DEBUG FXGLAssetLoaderServi - Loading from file system: file:/C:/Users/Lenovo/projectjava/myproject/myproject/target/classes/assets/textures/Rex.png
16:14:56.582 [JavaFX Application Thread] DEBUG PrimaryStageWindow   - Pop state: CutsceneScene
16:14:56.582 [JavaFX Application Thread] DEBUG Input                - Clearing active input actions
16:14:56.583 [JavaFX Application Thread] DEBUG GameApplicationServi - Removing overlay from CutsceneScene and adding to GameScene
16:14:56.585 [JavaFX Application Thread] DEBUG PrimaryStageWindow   - GameScene <- CutsceneScene
16:14:56.585 [JavaFX Application Thread] DEBUG EventBus             - Firing event: com.GameEvent.CombatScene[source=javafx.event.Event$$Lambda/0x0000021b59173198@5950f9d2]
16:14:56.589 [JavaFX Application Thread] WARN  TMXLevelLoader       - TiledMap generated from 1.11.2. Supported version: 1.9.0. Some features may not be parsed fully.
16:14:56.594 [JavaFX Application Thread] DEBUG TMXLevelLoader       - Parsed TiledMap: file:/C:/Users/Lenovo/projectjava/myproject/myproject/target/classes/assets/levels/battle1.tmx
16:14:56.594 [JavaFX Application Thread] DEBUG TMXLevelLoader       - Creating tile layer entities
16:14:56.594 [JavaFX Application Thread] DEBUG TilesetLoader        - Loading view for layer Tile Layer 1
16:14:56.595 [JavaFX Application Thread] DEBUG TilesetLoader        - Created buffer with size 2048.0x1024.0
16:14:56.686 [JavaFX Application Thread] DEBUG TMXLevelLoader       - Creating object layer entities
16:14:56.687 [JavaFX Application Thread] DEBUG FXGLAssetLoaderServi - Loading from file system: file:/C:/Users/Lenovo/projectjava/myproject/myproject/target/classes/assets/textures/Rex.png
16:14:56.693 [JavaFX Application Thread] DEBUG GameWorld            - Clearing removable entities
16:14:56.701 [JavaFX Application Thread] DEBUG GameWorld            - Setting level: com.almasb.fxgl.entity.level.Level@432c166a
16:15:00.477 [JavaFX Application Thread] DEBUG PrimaryStageWindow   - Push state: FXGLDefaultMenu
16:15:00.477 [JavaFX Application Thread] DEBUG Input                - Clearing active input actions
16:15:00.479 [JavaFX Application Thread] DEBUG GameApplicationServi - Removing overlay from GameScene and adding to FXGLDefaultMenu
16:15:00.481 [JavaFX Application Thread] DEBUG PrimaryStageWindow   - GameScene -> FXGLDefaultMenu
16:15:01.589 [JavaFX Application Thread] DEBUG Menu                 - fireExit()
16:15:01.591 [JavaFX Application Thread] DEBUG PrimaryStageWindow   - Push state: DialogSubScene
16:15:01.591 [JavaFX Application Thread] DEBUG Input                - Clearing active input actions
16:15:01.591 [JavaFX Application Thread] DEBUG GameApplicationServi - Removing overlay from FXGLDefaultMenu and adding to DialogSubScene
16:15:01.592 [JavaFX Application Thread] DEBUG PrimaryStageWindow   - FXGLDefaultMenu -> DialogSubScene
16:15:02.211 [JavaFX Application Thread] DEBUG PrimaryStageWindow   - Pop state: DialogSubScene
16:15:02.211 [JavaFX Application Thread] DEBUG Input                - Clearing active input actions
16:15:02.212 [JavaFX Application Thread] DEBUG GameApplicationServi - Removing overlay from DialogSubScene and adding to FXGLDefaultMenu
16:15:02.212 [JavaFX Application Thread] DEBUG PrimaryStageWindow   - FXGLDefaultMenu <- DialogSubScene
16:15:02.213 [JavaFX Application Thread] DEBUG FXGLApplication      - Exiting FXGL
16:15:02.213 [JavaFX Application Thread] DEBUG LoopRunner           - Stopping loop
16:15:02.213 [JavaFX Application Thread] DEBUG SystemBundleService  - Saving FXGL system data
16:15:02.215 [JavaFX Application Thread] DEBUG FileSystemAccess     - Writing to: C:\Users\Lenovo\projectjava\myproject\myproject\system\fxgl.bundle
16:15:02.219 [JavaFX Application Thread] DEBUG Async                - Shutting down background threads
16:15:02.219 [JavaFX Application Thread] DEBUG PrimaryStageWindow   - Closing main window
16:15:02.257 [JavaFX Application Thread] DEBUG Logger               - Closing Logger
