23:32:47.333 [main                     ] DEBUG Logger               - Configured Logger
23:32:47.350 [main                     ] DEBUG GameApplication      - Logging settings
Title: Final Journey
Version: Alpha
Width: 1280
Height: 720
Fullscreen: true
Intro: false
Profiling: false
Single step:false
App Mode: DEVELOPER
Menu Key: ESCAPE
Stage Style: DECORATED
Scene Factory: class com.almasb.fxgl.app.scene.SceneFactory

23:32:47.780 [JavaFX Application Thread] DEBUG FXGLApplication      - Initializing FXGL
23:32:47.785 [JavaFX Application Thread] INFO  Engine               - FXGL-21.1 (27.03.2024 07.52) on WINDOWS (J:21.0.5 FX:21.0.1)
23:32:47.785 [JavaFX Application Thread] DEBUG Engine               - JRE Vendor Name: Eclipse Adoptium
23:32:47.785 [JavaFX Application Thread] DEBUG Engine               - Running on OS: Windows 11 version 10.0
23:32:47.785 [JavaFX Application Thread] DEBUG Engine               - Architecture: amd64
23:32:47.786 [JavaFX Application Thread] INFO  Engine               - Source code and latest versions at: https://github.com/AlmasB/FXGL
23:32:47.786 [JavaFX Application Thread] INFO  Engine               -       Ask questions and discuss at: https://github.com/AlmasB/FXGL/discussions
23:32:47.786 [JavaFX Application Thread] INFO  Engine               -              Join the FXGL chat at: https://gitter.im/AlmasB/FXGL
23:32:47.880 [JavaFX Application Thread] DEBUG PrimaryStageWindow   - Creating a JavaFX scene
23:32:47.948 [JavaFX Application Thread] DEBUG PrimaryStageWindow   - Target settings size: 1280.0 x 720.0
23:32:47.949 [JavaFX Application Thread] DEBUG PrimaryStageWindow   - Scaled scene size:    1280.0 x 720.0
23:32:47.949 [JavaFX Application Thread] DEBUG PrimaryStageWindow   - Scaled ratio: (1.0, 1.0)
23:32:47.951 [JavaFX Application Thread] DEBUG PrimaryStageWindow   - Set initial scene to FXGLStartupScene
23:32:47.956 [JavaFX Application Thread] DEBUG PrimaryStageWindow   - Opening main window
23:32:48.081 [JavaFX Application Thread] DEBUG PrimaryStageWindow   - Window border size: (14.4000244140625, 37.5999755859375)
23:32:48.081 [JavaFX Application Thread] DEBUG PrimaryStageWindow   - Scaled size: 1280.0 x 720.0
23:32:48.082 [JavaFX Application Thread] DEBUG PrimaryStageWindow   - Scaled ratio: (1.0, 1.0)
23:32:48.082 [JavaFX Application Thread] DEBUG PrimaryStageWindow   - Scene size: 1280.0 x 720.0
23:32:48.082 [JavaFX Application Thread] DEBUG PrimaryStageWindow   - Stage size: 1294.4000244140625 x 757.5999755859375
23:32:48.162 [JavaFX Application Thread] DEBUG PrimaryStageWindow   - Going fullscreen
23:32:48.173 [FXGL Background Thread 1 ] DEBUG Engine               - Initializing environment variables
23:32:48.235 [FXGL Background Thread 1 ] DEBUG FXGLAssetLoaderServi - User app class for loading assets: class com.project.App
23:32:48.235 [FXGL Background Thread 1 ] DEBUG GameApplicationServi - Applying CSS: fxgl_dark.css
23:32:48.236 [FXGL Background Thread 1 ] DEBUG FXGLAssetLoaderServi - Loading from file system: jar:file:/C:/Users/Lenovo/.m2/repository/com/github/almasb/fxgl/21.1/fxgl-21.1.jar!/fxglassets/ui/css/fxgl_dark.css
23:32:48.274 [FXGL Background Thread 1 ] DEBUG GameApplicationServi - Initializing application scenes
23:32:48.318 [FXGL Background Thread 1 ] DEBUG GameWorld            - Game world initialized
23:32:48.378 [FXGL Background Thread 1 ] DEBUG PhysicsWorld         - Physics world initialized: appHeight=720, physics.ppm=50.0
23:32:48.378 [FXGL Background Thread 1 ] DEBUG PhysicsWorld         - Using strategy: BRUTE_FORCE
23:32:48.381 [FXGL Background Thread 1 ] DEBUG GameScene            - Game scene initialized: 1280x720
23:32:48.392 [FXGL Background Thread 1 ] DEBUG FXGL.DefaultMenu     - createMenuBodyGameMenu()
23:32:48.404 [FXGL Background Thread 1 ] DEBUG FXGL.DefaultMenu     - createOptionsMenu()
23:32:48.416 [FXGL Background Thread 1 ] DEBUG FXGLAssetLoaderServi - Loading from file system: jar:file:/C:/Users/Lenovo/.m2/repository/com/github/almasb/fxgl/21.1/fxgl-21.1.jar!/fxglassets/textures/particles/smoke.png
23:32:48.506 [FXGL Background Thread 1 ] DEBUG FXGLAssetLoaderServi - Loading from file system: jar:file:/C:/Users/Lenovo/.m2/repository/com/github/almasb/fxgl/21.1/fxgl-21.1.jar!/fxglassets/textures/particles/trace_horizontal.png
23:32:48.529 [FXGL Background Thread 1 ] DEBUG GameApplicationServi - Application scenes initialized
23:32:48.543 [FXGL Background Thread 1 ] DEBUG SystemBundleService  - Loading FXGL system data
23:32:48.547 [FXGL Background Thread 1 ] DEBUG FileSystemAccess     - Reading from: C:\Users\Lenovo\ProjectJava3.0\myproject\myproject\system\fxgl.bundle
23:32:48.557 [FXGL Background Thread 1 ] DEBUG SystemBundleService  - Bundle FXGL: {}
23:32:48.557 [FXGL Background Thread 1 ] DEBUG UpdaterService       - Checking for updates
23:32:48.583 [FXGL Background Thread 4 ] DEBUG FXGLApplication      - Loading fonts
23:32:48.583 [FXGL Background Thread 4 ] DEBUG FXGLAssetLoaderServi - Loading from file system: jar:file:/C:/Users/Lenovo/.m2/repository/com/github/almasb/fxgl/21.1/fxgl-21.1.jar!/fxglassets/ui/fonts/VarelaRound-Regular.ttf
23:32:48.585 [FXGL Background Thread 1 ] DEBUG FXGLApplication      - Loading default localization
23:32:48.585 [FXGL Background Thread 1 ] DEBUG FXGLAssetLoaderServi - Loading from file system: jar:file:/C:/Users/Lenovo/.m2/repository/com/github/almasb/fxgl/21.1/fxgl-21.1.jar!/fxglassets/languages/english.lang
23:32:48.617 [FXGL Background Thread 1 ] INFO  FXGLApplication      - FXGL initialization took: 0.445 sec
23:32:48.623 [FXGL Background Thread 4 ] DEBUG FXGLAssetLoaderServi - Loading from file system: jar:file:/C:/Users/Lenovo/.m2/repository/com/github/almasb/fxgl/21.1/fxgl-21.1.jar!/fxglassets/ui/fonts/Abel-Regular.ttf
23:32:48.628 [FXGL Background Thread 4 ] DEBUG FXGLAssetLoaderServi - Loading from file system: jar:file:/C:/Users/Lenovo/.m2/repository/com/github/almasb/fxgl/21.1/fxgl-21.1.jar!/fxglassets/ui/fonts/TerminalLandMono-Regular.otf
23:32:48.628 [JavaFX Application Thread] DEBUG Input                - Registered new binding: Right - D
23:32:48.628 [JavaFX Application Thread] DEBUG Input                - Registered new binding: Left - A
23:32:48.628 [JavaFX Application Thread] DEBUG Input                - Registered new binding: Up - W
23:32:48.629 [JavaFX Application Thread] DEBUG Input                - Registered new binding: Down - S
23:32:48.629 [JavaFX Application Thread] DEBUG Input                - Registered new binding: Interact - E
23:32:48.631 [JavaFX Application Thread] DEBUG FXGLAssetLoaderServi - Loading from file system: jar:file:/C:/Users/Lenovo/.m2/repository/com/github/almasb/fxgl/21.1/fxgl-21.1.jar!/fxglassets/textures/fxgl_icon.png
23:32:48.634 [FXGL Background Thread 4 ] DEBUG FXGLAssetLoaderServi - Loading from file system: jar:file:/C:/Users/Lenovo/.m2/repository/com/github/almasb/fxgl/21.1/fxgl-21.1.jar!/fxglassets/ui/fonts/Courier-Prime.ttf
23:32:48.651 [JavaFX Application Thread] DEBUG FXGLAssetLoaderServi - Loading from file system: jar:file:/C:/Users/Lenovo/.m2/repository/com/github/almasb/fxgl/21.1/fxgl-21.1.jar!/fxglassets/textures/fxgl_default_cursor.png
23:32:48.653 [JavaFX Application Thread] DEBUG Input                - Registered new binding: Screenshot - CTRL+8
23:32:48.654 [JavaFX Application Thread] DEBUG Input                - Registered new binding: Dev Options - 1
23:32:48.654 [JavaFX Application Thread] DEBUG Input                - Registered new binding: Dev Console - 2
23:32:48.656 [JavaFX Application Thread] DEBUG Input                - Registered new binding: System info dump - CTRL+9
23:32:48.657 [JavaFX Application Thread] DEBUG Input                - Registered new binding: Restart - CTRL+R
23:32:48.658 [JavaFX Application Thread] DEBUG Input                - Registered new binding: Toggle Debug Camera - CTRL+7
23:32:48.668 [JavaFX Application Thread] DEBUG LoopRunner           - Starting loop
23:32:48.691 [JavaFX Application Thread] DEBUG LoopRunner           - Initializing JavaFX AnimationTimerLoop
23:32:48.692 [JavaFX Application Thread] DEBUG GameApplicationServi - Starting new game
23:32:48.693 [JavaFX Application Thread] DEBUG Input                - Clearing active input actions
23:32:48.704 [JavaFX Application Thread] DEBUG GameApplicationServi - Removing overlay from FXGLStartupScene and adding to FXGLLoadingScene
23:32:48.708 [JavaFX Application Thread] DEBUG PrimaryStageWindow   - FXGLStartupScene -> FXGLLoadingScene
23:32:48.708 [JavaFX Application Thread] DEBUG GameApplicationServi - Clearing previous game
23:32:48.708 [JavaFX Application Thread] DEBUG GameScene            - Clearing game scene
23:32:48.708 [JavaFX Application Thread] DEBUG GameWorld            - Clearing game world
23:32:48.708 [JavaFX Application Thread] DEBUG PhysicsWorld         - Clearing physics world
23:32:48.710 [FXGL Background Thread 4 ] DEBUG FXGLApplication      - Initializing game
23:32:48.710 [JavaFX Application Thread] DEBUG FXGLApplication      - Registering font factories with UI factory
23:32:48.754 [FXGL Background Thread 2 ] WARN  UpdaterService       - Failed to find updates: java.net.UnknownHostException: raw.githubusercontent.com
23:32:48.759 [FXGL Background Thread 4 ] WARN  TMXLevelLoader       - TiledMap generated from 1.11.2. Supported version: 1.9.0. Some features may not be parsed fully.
23:32:48.780 [FXGL Background Thread 4 ] DEBUG TMXLevelLoader       - Parsed TiledMap: file:/C:/Users/Lenovo/ProjectJava3.0/myproject/myproject/target/classes/assets/levels/scene1.tmx
23:32:48.782 [FXGL Background Thread 4 ] DEBUG TMXLevelLoader       - Creating tile layer entities
23:32:48.785 [FXGL Background Thread 4 ] DEBUG TilesetLoader        - Loading view for layer lowefloor
23:32:48.786 [FXGL Background Thread 4 ] DEBUG TilesetLoader        - Created buffer with size 512.0x1024.0
23:32:48.847 [FXGL Background Thread 4 ] DEBUG TilesetLoader        - Loading view for layer cliff
23:32:48.847 [FXGL Background Thread 4 ] DEBUG TilesetLoader        - Created buffer with size 512.0x1024.0
23:32:48.848 [FXGL Background Thread 4 ] DEBUG TilesetLoader        - Loading view for layer cliff1
23:32:48.849 [FXGL Background Thread 4 ] DEBUG TilesetLoader        - Created buffer with size 512.0x1024.0
23:32:48.852 [FXGL Background Thread 4 ] DEBUG TilesetLoader        - Loading view for layer cliff2
23:32:48.852 [FXGL Background Thread 4 ] DEBUG TilesetLoader        - Created buffer with size 512.0x1024.0
23:32:48.854 [FXGL Background Thread 4 ] DEBUG TilesetLoader        - Loading view for layer Tile Layer 3
23:32:48.854 [FXGL Background Thread 4 ] DEBUG TilesetLoader        - Created buffer with size 512.0x1024.0
23:32:48.857 [FXGL Background Thread 4 ] DEBUG TilesetLoader        - Loading view for layer Tile Layer 6
23:32:48.857 [FXGL Background Thread 4 ] DEBUG TilesetLoader        - Created buffer with size 512.0x1024.0
23:32:48.938 [FXGL Background Thread 4 ] DEBUG TilesetLoader        - Loading view for layer prop
23:32:48.939 [FXGL Background Thread 4 ] DEBUG TilesetLoader        - Created buffer with size 512.0x1024.0
23:32:48.940 [FXGL Background Thread 4 ] DEBUG TMXLevelLoader       - Creating object layer entities
23:32:48.974 [FXGL Background Thread 4 ] DEBUG FXGLAssetLoaderServi - Loading from file system: file:/C:/Users/Lenovo/ProjectJava3.0/myproject/myproject/target/classes/assets/textures/Rafflesia.png
23:32:48.991 [FXGL Background Thread 4 ] WARN  TMXLevelLoader       - TiledMap generated from 1.11.2. Supported version: 1.9.0. Some features may not be parsed fully.
23:32:49.002 [FXGL Background Thread 4 ] DEBUG TMXLevelLoader       - Parsed TiledMap: file:/C:/Users/Lenovo/ProjectJava3.0/myproject/myproject/target/classes/assets/levels/scene1.tmx
23:32:49.002 [FXGL Background Thread 4 ] DEBUG TMXLevelLoader       - Creating tile layer entities
23:32:49.003 [FXGL Background Thread 4 ] DEBUG TilesetLoader        - Loading view for layer lowefloor
23:32:49.004 [FXGL Background Thread 4 ] DEBUG TilesetLoader        - Created buffer with size 512.0x1024.0
23:32:49.033 [FXGL Background Thread 4 ] DEBUG TilesetLoader        - Loading view for layer cliff
23:32:49.034 [FXGL Background Thread 4 ] DEBUG TilesetLoader        - Created buffer with size 512.0x1024.0
23:32:49.035 [FXGL Background Thread 4 ] DEBUG TilesetLoader        - Loading view for layer cliff1
23:32:49.036 [FXGL Background Thread 4 ] DEBUG TilesetLoader        - Created buffer with size 512.0x1024.0
23:32:49.037 [FXGL Background Thread 4 ] DEBUG TilesetLoader        - Loading view for layer cliff2
23:32:49.037 [FXGL Background Thread 4 ] DEBUG TilesetLoader        - Created buffer with size 512.0x1024.0
23:32:49.039 [FXGL Background Thread 4 ] DEBUG TilesetLoader        - Loading view for layer Tile Layer 3
23:32:49.040 [FXGL Background Thread 4 ] DEBUG TilesetLoader        - Created buffer with size 512.0x1024.0
23:32:49.041 [FXGL Background Thread 4 ] DEBUG TilesetLoader        - Loading view for layer Tile Layer 6
23:32:49.041 [FXGL Background Thread 4 ] DEBUG TilesetLoader        - Created buffer with size 512.0x1024.0
23:32:49.092 [FXGL Background Thread 4 ] DEBUG TilesetLoader        - Loading view for layer prop
23:32:49.093 [FXGL Background Thread 4 ] DEBUG TilesetLoader        - Created buffer with size 512.0x1024.0
23:32:49.094 [FXGL Background Thread 4 ] DEBUG TMXLevelLoader       - Creating object layer entities
23:32:49.104 [FXGL Background Thread 4 ] DEBUG GameWorld            - Clearing removable entities
23:32:49.105 [FXGL Background Thread 4 ] DEBUG GameWorld            - Setting level: com.almasb.fxgl.entity.level.Level@7c21d814
23:32:49.120 [FXGL Background Thread 4 ] DEBUG FXGLAssetLoaderServi - Loading from file system: file:/C:/Users/Lenovo/ProjectJava3.0/myproject/myproject/target/classes/assets/textures/Actor1.png
23:32:49.129 [FXGL Background Thread 4 ] INFO  FXGLApplication      - Game initialization took: 0.419 sec
23:32:49.130 [JavaFX Application Thread] DEBUG Input                - Clearing active input actions
23:32:49.138 [JavaFX Application Thread] DEBUG GameApplicationServi - Removing overlay from FXGLLoadingScene and adding to GameScene
23:32:49.144 [JavaFX Application Thread] DEBUG PrimaryStageWindow   - FXGLLoadingScene -> GameScene
23:32:51.581 [FXGL Background Thread 3 ] DEBUG Engine               - Logging environment variables
23:32:51.582 [FXGL Background Thread 3 ] DEBUG Engine               - achievements: []
23:32:51.582 [FXGL Background Thread 3 ] DEBUG Engine               - actualHeight: 864.0
23:32:51.582 [FXGL Background Thread 3 ] DEBUG Engine               - actualHeightProperty: ReadOnlyDoubleProperty [value: 864.0]
23:32:51.582 [FXGL Background Thread 3 ] DEBUG Engine               - actualWidth: 1536.0
23:32:51.582 [FXGL Background Thread 3 ] DEBUG Engine               - actualWidthProperty: ReadOnlyDoubleProperty [value: 1536.0]
23:32:51.582 [FXGL Background Thread 3 ] DEBUG Engine               - appIcon: fxgl_icon.png
23:32:51.582 [FXGL Background Thread 3 ] DEBUG Engine               - applicationMode: DEVELOPER
23:32:51.582 [FXGL Background Thread 3 ] DEBUG Engine               - cSSList: [fxgl_dark.css]
23:32:51.582 [FXGL Background Thread 3 ] DEBUG Engine               - collisionDetectionStrategy: BRUTE_FORCE
23:32:51.582 [FXGL Background Thread 3 ] DEBUG Engine               - configClass: Optional.empty
23:32:51.582 [FXGL Background Thread 3 ] DEBUG Engine               - credits: []
23:32:51.583 [FXGL Background Thread 3 ] DEBUG Engine               - defaultCursor: CursorInfo(imageName=fxgl_default_cursor.png, hotspotX=7.0, hotspotY=6.0)
23:32:51.583 [FXGL Background Thread 3 ] DEBUG Engine               - devBBoxColorProperty: ObjectProperty [value: 0xff0000ff]
23:32:51.583 [FXGL Background Thread 3 ] DEBUG Engine               - devEnableDebugCameraProperty: BooleanProperty [value: false]
23:32:51.583 [FXGL Background Thread 3 ] DEBUG Engine               - devSensorColorProperty: ObjectProperty [value: 0xffff00ff]
23:32:51.583 [FXGL Background Thread 3 ] DEBUG Engine               - devShowBBoxProperty: BooleanProperty [value: false]
23:32:51.583 [FXGL Background Thread 3 ] DEBUG Engine               - devShowPositionProperty: BooleanProperty [value: false]
23:32:51.583 [FXGL Background Thread 3 ] DEBUG Engine               - enabledMenuItems: []
23:32:51.583 [FXGL Background Thread 3 ] DEBUG Engine               - engineServices: [class com.almasb.fxgl.app.services.FXGLAssetLoaderService, class com.almasb.fxgl.app.FXGLApplication$GameApplicationService, class com.almasb.fxgl.app.services.FXGLDialogService, class com.almasb.fxgl.app.services.IOTaskExecutorService, class com.almasb.fxgl.io.FileSystemService, class com.almasb.fxgl.localization.LocalizationService, class com.almasb.fxgl.app.services.SystemBundleService, class com.almasb.fxgl.profile.SaveLoadService, class com.almasb.fxgl.ui.FXGLUIFactoryServiceProvider, class com.almasb.fxgl.ui.FXGLDialogFactoryServiceProvider, class com.almasb.fxgl.audio.AudioPlayer, class com.almasb.fxgl.notification.impl.NotificationServiceProvider, class com.almasb.fxgl.achievement.AchievementService, class com.almasb.fxgl.cutscene.CutsceneService, class com.almasb.fxgl.minigames.MiniGameService, class com.almasb.fxgl.net.NetService, class com.almasb.fxgl.app.services.UpdaterService, class com.almasb.fxgl.dev.DevService]
23:32:51.583 [FXGL Background Thread 3 ] DEBUG Engine               - fontGame: Abel-Regular.ttf
23:32:51.583 [FXGL Background Thread 3 ] DEBUG Engine               - fontMono: TerminalLandMono-Regular.otf
23:32:51.583 [FXGL Background Thread 3 ] DEBUG Engine               - fontSizeScaleUI: 1.0
23:32:51.583 [FXGL Background Thread 3 ] DEBUG Engine               - fontText: Courier-Prime.ttf
23:32:51.583 [FXGL Background Thread 3 ] DEBUG Engine               - fontUI: VarelaRound-Regular.ttf
23:32:51.584 [FXGL Background Thread 3 ] DEBUG Engine               - fullScreen: BooleanProperty [value: true]
23:32:51.584 [FXGL Background Thread 3 ] DEBUG Engine               - gameDifficulty: MEDIUM
23:32:51.584 [FXGL Background Thread 3 ] DEBUG Engine               - gameDifficultyProperty: ObjectProperty [value: MEDIUM]
23:32:51.584 [FXGL Background Thread 3 ] DEBUG Engine               - globalMusicVolume: 0.5
23:32:51.584 [FXGL Background Thread 3 ] DEBUG Engine               - globalMusicVolumeProperty: DoubleProperty [value: 0.5]
23:32:51.584 [FXGL Background Thread 3 ] DEBUG Engine               - globalSoundVolume: 0.5
23:32:51.584 [FXGL Background Thread 3 ] DEBUG Engine               - globalSoundVolumeProperty: DoubleProperty [value: 0.5]
23:32:51.584 [FXGL Background Thread 3 ] DEBUG Engine               - height: 720
23:32:51.584 [FXGL Background Thread 3 ] DEBUG Engine               - is3D: false
23:32:51.584 [FXGL Background Thread 3 ] DEBUG Engine               - isAndroid: false
23:32:51.584 [FXGL Background Thread 3 ] DEBUG Engine               - isBrowser: false
23:32:51.584 [FXGL Background Thread 3 ] DEBUG Engine               - isClickFeedbackEnabled: false
23:32:51.584 [FXGL Background Thread 3 ] DEBUG Engine               - isCloseConfirmation: false
23:32:51.584 [FXGL Background Thread 3 ] DEBUG Engine               - isDesktop: true
23:32:51.584 [FXGL Background Thread 3 ] DEBUG Engine               - isDeveloperMenuEnabled: true
23:32:51.584 [FXGL Background Thread 3 ] DEBUG Engine               - isEmbedded: false
23:32:51.584 [FXGL Background Thread 3 ] DEBUG Engine               - isEntityPreloadEnabled: true
23:32:51.584 [FXGL Background Thread 3 ] DEBUG Engine               - isExperimentalTiledLargeMap: false
23:32:51.584 [FXGL Background Thread 3 ] DEBUG Engine               - isFileSystemWriteAllowed: true
23:32:51.584 [FXGL Background Thread 3 ] DEBUG Engine               - isFullScreenAllowed: true
23:32:51.584 [FXGL Background Thread 3 ] DEBUG Engine               - isFullScreenFromStart: true
23:32:51.584 [FXGL Background Thread 3 ] DEBUG Engine               - isGameMenuEnabled: true
23:32:51.584 [FXGL Background Thread 3 ] DEBUG Engine               - isIOS: false
23:32:51.584 [FXGL Background Thread 3 ] DEBUG Engine               - isIntroEnabled: false
23:32:51.585 [FXGL Background Thread 3 ] DEBUG Engine               - isLinux: false
23:32:51.585 [FXGL Background Thread 3 ] DEBUG Engine               - isMac: false
23:32:51.585 [FXGL Background Thread 3 ] DEBUG Engine               - isMainMenuEnabled: false
23:32:51.585 [FXGL Background Thread 3 ] DEBUG Engine               - isManualResizeEnabled: false
23:32:51.585 [FXGL Background Thread 3 ] DEBUG Engine               - isMobile: false
23:32:51.585 [FXGL Background Thread 3 ] DEBUG Engine               - isNative: false
23:32:51.585 [FXGL Background Thread 3 ] DEBUG Engine               - isPauseMusicWhenMinimized: true
23:32:51.585 [FXGL Background Thread 3 ] DEBUG Engine               - isPreserveResizeRatio: false
23:32:51.585 [FXGL Background Thread 3 ] DEBUG Engine               - isProfilingEnabled: false
23:32:51.585 [FXGL Background Thread 3 ] DEBUG Engine               - isScaleAffectedOnResize: true
23:32:51.585 [FXGL Background Thread 3 ] DEBUG Engine               - isSingleStep: false
23:32:51.585 [FXGL Background Thread 3 ] DEBUG Engine               - isUserProfileEnabled: false
23:32:51.585 [FXGL Background Thread 3 ] DEBUG Engine               - isWindows: true
23:32:51.585 [FXGL Background Thread 3 ] DEBUG Engine               - language: ObjectProperty [value: ENGLISH]
23:32:51.585 [FXGL Background Thread 3 ] DEBUG Engine               - menuKey: ESCAPE
23:32:51.585 [FXGL Background Thread 3 ] DEBUG Engine               - mouseSensitivity: 0.2
23:32:51.585 [FXGL Background Thread 3 ] DEBUG Engine               - notificationViewClass: class com.almasb.fxgl.notification.view.XboxNotificationView
23:32:51.585 [FXGL Background Thread 3 ] DEBUG Engine               - pixelsPerMeter: 50.0
23:32:51.585 [FXGL Background Thread 3 ] DEBUG Engine               - platform: WINDOWS
23:32:51.585 [FXGL Background Thread 3 ] DEBUG Engine               - prefHeightProperty: ReadOnlyDoubleProperty [value: 720.0]
23:32:51.585 [FXGL Background Thread 3 ] DEBUG Engine               - prefWidthProperty: ReadOnlyDoubleProperty [value: 1280.0]
23:32:51.585 [FXGL Background Thread 3 ] DEBUG Engine               - profileDir: profiles/
23:32:51.585 [FXGL Background Thread 3 ] DEBUG Engine               - profileName: StringProperty [value: DEFAULT]
23:32:51.585 [FXGL Background Thread 3 ] DEBUG Engine               - randomSeed: -1
23:32:51.586 [FXGL Background Thread 3 ] DEBUG Engine               - runtimeInfo: RuntimeInfo(platform=WINDOWS, version=21.1, build=27.03.2024 07.52)
23:32:51.586 [FXGL Background Thread 3 ] DEBUG Engine               - saveFileExt: sav
23:32:51.586 [FXGL Background Thread 3 ] DEBUG Engine               - scaledHeightProp$fxgl: DoubleProperty [bound, value: 864.0]
23:32:51.586 [FXGL Background Thread 3 ] DEBUG Engine               - scaledWidthProp$fxgl: DoubleProperty [bound, value: 1536.0]
23:32:51.586 [FXGL Background Thread 3 ] DEBUG Engine               - sceneFactory: com.almasb.fxgl.app.scene.SceneFactory@46b3108c
23:32:51.586 [FXGL Background Thread 3 ] DEBUG Engine               - secondsIn24h: 60
23:32:51.586 [FXGL Background Thread 3 ] DEBUG Engine               - soundMenuBack: menu/back.wav
23:32:51.586 [FXGL Background Thread 3 ] DEBUG Engine               - soundMenuPress: menu/press.wav
23:32:51.586 [FXGL Background Thread 3 ] DEBUG Engine               - soundMenuSelect: menu/select.wav
23:32:51.586 [FXGL Background Thread 3 ] DEBUG Engine               - soundNotification: core/notification.wav
23:32:51.586 [FXGL Background Thread 3 ] DEBUG Engine               - stageStyle: DECORATED
23:32:51.586 [FXGL Background Thread 3 ] DEBUG Engine               - supportedLanguages: [ENGLISH, FRENCH, GERMAN, HUNGARIAN, RUSSIAN]
23:32:51.586 [FXGL Background Thread 3 ] DEBUG Engine               - ticksPerSecond: -1
23:32:51.586 [FXGL Background Thread 3 ] DEBUG Engine               - title: Final Journey
23:32:51.587 [FXGL Background Thread 3 ] DEBUG Engine               - urlGithub: https://github.com/AlmasB/FXGL
23:32:51.587 [FXGL Background Thread 3 ] DEBUG Engine               - urlLeaderboard: http://fxgl-top.herokuapp.com/
23:32:51.587 [FXGL Background Thread 3 ] DEBUG Engine               - urlPOM: https://raw.githubusercontent.com/AlmasB/FXGL/release/README.md
23:32:51.587 [FXGL Background Thread 3 ] DEBUG Engine               - userAppClass: class com.project.App
23:32:51.587 [FXGL Background Thread 3 ] DEBUG Engine               - version: Alpha
23:32:51.587 [FXGL Background Thread 3 ] DEBUG Engine               - versionCheckDays: 7
23:32:51.588 [FXGL Background Thread 3 ] DEBUG Engine               - width: 1280
23:32:51.588 [FXGL Background Thread 3 ] DEBUG Engine               - Logging services
23:32:51.588 [FXGL Background Thread 3 ] DEBUG Engine               - class com.almasb.fxgl.app.services.FXGLAssetLoaderService
23:32:51.588 [FXGL Background Thread 3 ] DEBUG Engine               - class com.almasb.fxgl.app.FXGLApplication$GameApplicationService
23:32:51.588 [FXGL Background Thread 3 ] DEBUG Engine               - class com.almasb.fxgl.app.services.FXGLDialogService
23:32:51.588 [FXGL Background Thread 3 ] DEBUG Engine               - class com.almasb.fxgl.app.services.IOTaskExecutorService
23:32:51.588 [FXGL Background Thread 3 ] DEBUG Engine               - class com.almasb.fxgl.io.FileSystemService
23:32:51.588 [FXGL Background Thread 3 ] DEBUG Engine               - class com.almasb.fxgl.localization.LocalizationService
23:32:51.588 [FXGL Background Thread 3 ] DEBUG Engine               - class com.almasb.fxgl.app.services.SystemBundleService
23:32:51.588 [FXGL Background Thread 3 ] DEBUG Engine               - class com.almasb.fxgl.profile.SaveLoadService
23:32:51.588 [FXGL Background Thread 3 ] DEBUG Engine               - class com.almasb.fxgl.ui.FXGLUIFactoryServiceProvider
23:32:51.588 [FXGL Background Thread 3 ] DEBUG Engine               - class com.almasb.fxgl.ui.FXGLDialogFactoryServiceProvider
23:32:51.588 [FXGL Background Thread 3 ] DEBUG Engine               - class com.almasb.fxgl.audio.AudioPlayer
23:32:51.588 [FXGL Background Thread 3 ] DEBUG Engine               - class com.almasb.fxgl.notification.impl.NotificationServiceProvider
23:32:51.588 [FXGL Background Thread 3 ] DEBUG Engine               - class com.almasb.fxgl.achievement.AchievementService
23:32:51.588 [FXGL Background Thread 3 ] DEBUG Engine               - class com.almasb.fxgl.cutscene.CutsceneService
23:32:51.588 [FXGL Background Thread 3 ] DEBUG Engine               - class com.almasb.fxgl.minigames.MiniGameService
23:32:51.588 [FXGL Background Thread 3 ] DEBUG Engine               - class com.almasb.fxgl.net.NetService
23:32:51.588 [FXGL Background Thread 3 ] DEBUG Engine               - class com.almasb.fxgl.app.services.UpdaterService
23:32:51.588 [FXGL Background Thread 3 ] DEBUG Engine               - class com.almasb.fxgl.dev.DevService
23:32:51.769 [JavaFX Application Thread] DEBUG EventBus             - Firing event: com.GameEvent.NextScene[source=javafx.event.Event$$Lambda/0x000002635b1742e8@88beeb7]
23:32:51.771 [JavaFX Application Thread] WARN  TMXLevelLoader       - TiledMap generated from 1.11.2. Supported version: 1.9.0. Some features may not be parsed fully.
23:32:51.777 [JavaFX Application Thread] DEBUG TMXLevelLoader       - Parsed TiledMap: file:/C:/Users/Lenovo/ProjectJava3.0/myproject/myproject/target/classes/assets/levels/scene2.tmx
23:32:51.777 [JavaFX Application Thread] DEBUG TMXLevelLoader       - Creating tile layer entities
23:32:51.778 [JavaFX Application Thread] DEBUG TilesetLoader        - Loading view for layer Tile Layer 1
23:32:51.780 [JavaFX Application Thread] DEBUG TilesetLoader        - Created buffer with size 1024.0x1024.0
23:32:51.848 [JavaFX Application Thread] DEBUG TMXLevelLoader       - Creating object layer entities
23:32:51.854 [JavaFX Application Thread] DEBUG FXGLAssetLoaderServi - Loading from file system: file:/C:/Users/Lenovo/ProjectJava3.0/myproject/myproject/target/classes/assets/textures/CultistAni.png
23:32:51.858 [JavaFX Application Thread] DEBUG GameWorld            - Clearing removable entities
23:32:51.862 [JavaFX Application Thread] DEBUG GameWorld            - Setting level: com.almasb.fxgl.entity.level.Level@12358d5c
23:32:51.865 [JavaFX Application Thread] WARN  TMXLevelLoader       - TiledMap generated from 1.11.2. Supported version: 1.9.0. Some features may not be parsed fully.
23:32:51.868 [JavaFX Application Thread] DEBUG TMXLevelLoader       - Parsed TiledMap: file:/C:/Users/Lenovo/ProjectJava3.0/myproject/myproject/target/classes/assets/levels/scene2.tmx
23:32:51.868 [JavaFX Application Thread] DEBUG TMXLevelLoader       - Creating tile layer entities
23:32:51.868 [JavaFX Application Thread] DEBUG TilesetLoader        - Loading view for layer Tile Layer 1
23:32:51.869 [JavaFX Application Thread] DEBUG TilesetLoader        - Created buffer with size 1024.0x1024.0
23:32:51.937 [JavaFX Application Thread] DEBUG TMXLevelLoader       - Creating object layer entities
23:32:52.797 [JavaFX Application Thread] DEBUG EventBus             - Firing event: com.GameEvent.NextScene[source=javafx.event.Event$$Lambda/0x000002635b1742e8@88beeb7]
23:32:52.800 [JavaFX Application Thread] WARN  TMXLevelLoader       - TiledMap generated from 1.11.2. Supported version: 1.9.0. Some features may not be parsed fully.
23:32:52.807 [JavaFX Application Thread] DEBUG TMXLevelLoader       - Parsed TiledMap: file:/C:/Users/Lenovo/ProjectJava3.0/myproject/myproject/target/classes/assets/levels/scene3.tmx
23:32:52.807 [JavaFX Application Thread] DEBUG TMXLevelLoader       - Creating tile layer entities
23:32:52.808 [JavaFX Application Thread] DEBUG TilesetLoader        - Loading view for layer Tile Layer 1
23:32:52.814 [JavaFX Application Thread] DEBUG TilesetLoader        - Created buffer with size 2048.0x1024.0
23:32:52.905 [JavaFX Application Thread] DEBUG TMXLevelLoader       - Creating object layer entities
23:32:52.909 [JavaFX Application Thread] DEBUG FXGLAssetLoaderServi - Loading from file system: file:/C:/Users/Lenovo/ProjectJava3.0/myproject/myproject/target/classes/assets/textures/DuessaAni.png
23:32:52.911 [JavaFX Application Thread] DEBUG GameWorld            - Clearing removable entities
23:32:52.913 [JavaFX Application Thread] DEBUG GameWorld            - Setting level: com.almasb.fxgl.entity.level.Level@401606b
23:32:52.915 [JavaFX Application Thread] WARN  TMXLevelLoader       - TiledMap generated from 1.11.2. Supported version: 1.9.0. Some features may not be parsed fully.
23:32:52.918 [JavaFX Application Thread] DEBUG TMXLevelLoader       - Parsed TiledMap: file:/C:/Users/Lenovo/ProjectJava3.0/myproject/myproject/target/classes/assets/levels/scene3.tmx
23:32:52.918 [JavaFX Application Thread] DEBUG TMXLevelLoader       - Creating tile layer entities
23:32:52.918 [JavaFX Application Thread] DEBUG TilesetLoader        - Loading view for layer Tile Layer 1
23:32:52.923 [JavaFX Application Thread] DEBUG TilesetLoader        - Created buffer with size 2048.0x1024.0
23:32:53.013 [JavaFX Application Thread] DEBUG TMXLevelLoader       - Creating object layer entities
23:32:55.130 [JavaFX Application Thread] DEBUG FXGLAssetLoaderServi - Loading from file system: file:/C:/Users/Lenovo/ProjectJava3.0/myproject/myproject/target/classes/assets/text/filetext.txt
23:32:55.132 [JavaFX Application Thread] DEBUG EventBus             - Firing event: com.GameEvent.CombatScene[source=javafx.event.Event$$Lambda/0x000002635b1742e8@88beeb7]
23:32:55.136 [JavaFX Application Thread] WARN  TMXLevelLoader       - TiledMap generated from 1.11.2. Supported version: 1.9.0. Some features may not be parsed fully.
23:32:55.139 [JavaFX Application Thread] DEBUG TMXLevelLoader       - Parsed TiledMap: file:/C:/Users/Lenovo/ProjectJava3.0/myproject/myproject/target/classes/assets/levels/battle3.tmx
23:32:55.139 [JavaFX Application Thread] DEBUG TMXLevelLoader       - Creating tile layer entities
23:32:55.139 [JavaFX Application Thread] DEBUG TilesetLoader        - Loading view for layer Tile Layer 1
23:32:55.139 [JavaFX Application Thread] DEBUG TilesetLoader        - Created buffer with size 1024.0x1024.0
23:32:55.230 [JavaFX Application Thread] DEBUG TMXLevelLoader       - Creating object layer entities
23:32:55.234 [JavaFX Application Thread] DEBUG FXGLAssetLoaderServi - Loading from file system: file:/C:/Users/Lenovo/ProjectJava3.0/myproject/myproject/target/classes/assets/textures/Reid.png
23:32:55.368 [JavaFX Application Thread] DEBUG FXGLAssetLoaderServi - Loading from file system: file:/C:/Users/Lenovo/ProjectJava3.0/myproject/myproject/target/classes/assets/textures/King%20Archial.png
23:32:55.380 [JavaFX Application Thread] DEBUG FXGLAssetLoaderServi - Loading from file system: file:/C:/Users/Lenovo/ProjectJava3.0/myproject/myproject/target/classes/assets/textures/marsha.png
23:32:55.523 [JavaFX Application Thread] DEBUG FXGLAssetLoaderServi - Loading from file system: file:/C:/Users/Lenovo/ProjectJava3.0/myproject/myproject/target/classes/assets/textures/Knight%20Michael.png
23:32:55.534 [JavaFX Application Thread] DEBUG FXGLAssetLoaderServi - Loading from file system: file:/C:/Users/Lenovo/ProjectJava3.0/myproject/myproject/target/classes/assets/textures/Emprss%20Duessa.png
23:32:55.545 [JavaFX Application Thread] DEBUG GameWorld            - Clearing removable entities
23:32:55.547 [JavaFX Application Thread] DEBUG GameWorld            - Setting level: com.almasb.fxgl.entity.level.Level@51bf0c9a
23:32:55.549 [JavaFX Application Thread] WARN  TMXLevelLoader       - TiledMap generated from 1.11.2. Supported version: 1.9.0. Some features may not be parsed fully.
23:32:55.553 [JavaFX Application Thread] DEBUG TMXLevelLoader       - Parsed TiledMap: file:/C:/Users/Lenovo/ProjectJava3.0/myproject/myproject/target/classes/assets/levels/scene3.tmx
23:32:55.553 [JavaFX Application Thread] DEBUG TMXLevelLoader       - Creating tile layer entities
23:32:55.553 [JavaFX Application Thread] DEBUG TilesetLoader        - Loading view for layer Tile Layer 1
23:32:55.555 [JavaFX Application Thread] DEBUG TilesetLoader        - Created buffer with size 2048.0x1024.0
23:32:55.639 [JavaFX Application Thread] DEBUG TMXLevelLoader       - Creating object layer entities
01:40:23.330 [JavaFX Application Thread] DEBUG FXGLApplication      - Exiting FXGL
01:40:23.334 [JavaFX Application Thread] DEBUG LoopRunner           - Stopping loop
01:40:23.334 [JavaFX Application Thread] DEBUG SystemBundleService  - Saving FXGL system data
01:40:23.339 [JavaFX Application Thread] DEBUG FileSystemAccess     - Writing to: C:\Users\Lenovo\ProjectJava3.0\myproject\myproject\system\fxgl.bundle
01:40:23.344 [JavaFX Application Thread] DEBUG Async                - Shutting down background threads
01:40:23.345 [JavaFX Application Thread] DEBUG PrimaryStageWindow   - Closing main window
01:40:23.387 [JavaFX Application Thread] DEBUG Logger               - Closing Logger
