18:00:03.053 [main                     ] DEBUG Logger               - Configured Logger
18:00:03.073 [main                     ] DEBUG GameApplication      - Logging settings
Title: Final Journey
Version: Alpha
Width: 1280
Height: 720
Fullscreen: true
Intro: false
Profiling: false
Single step:false
App Mode: DEVELOPER
Menu Key: ESCAPE
Stage Style: DECORATED
Scene Factory: class com.almasb.fxgl.app.scene.SceneFactory

18:00:03.523 [JavaFX Application Thread] DEBUG FXGLApplication      - Initializing FXGL
18:00:03.527 [JavaFX Application Thread] INFO  Engine               - FXGL-21.1 (27.03.2024 07.52) on WINDOWS (J:21.0.5 FX:21.0.1)
18:00:03.527 [JavaFX Application Thread] DEBUG Engine               - JRE Vendor Name: Eclipse Adoptium
18:00:03.527 [JavaFX Application Thread] DEBUG Engine               - Running on OS: Windows 11 version 10.0
18:00:03.527 [JavaFX Application Thread] DEBUG Engine               - Architecture: amd64
18:00:03.527 [JavaFX Application Thread] INFO  Engine               - Source code and latest versions at: https://github.com/AlmasB/FXGL
18:00:03.528 [JavaFX Application Thread] INFO  Engine               -       Ask questions and discuss at: https://github.com/AlmasB/FXGL/discussions
18:00:03.528 [JavaFX Application Thread] INFO  Engine               -              Join the FXGL chat at: https://gitter.im/AlmasB/FXGL
18:00:03.630 [JavaFX Application Thread] DEBUG PrimaryStageWindow   - Creating a JavaFX scene
18:00:03.688 [JavaFX Application Thread] DEBUG PrimaryStageWindow   - Target settings size: 1280.0 x 720.0
18:00:03.688 [JavaFX Application Thread] DEBUG PrimaryStageWindow   - Scaled scene size:    1280.0 x 720.0
18:00:03.688 [JavaFX Application Thread] DEBUG PrimaryStageWindow   - Scaled ratio: (1.0, 1.0)
18:00:03.690 [JavaFX Application Thread] DEBUG PrimaryStageWindow   - Set initial scene to FXGLStartupScene
18:00:03.694 [JavaFX Application Thread] DEBUG PrimaryStageWindow   - Opening main window
18:00:03.809 [JavaFX Application Thread] DEBUG PrimaryStageWindow   - Window border size: (14.4000244140625, 37.5999755859375)
18:00:03.809 [JavaFX Application Thread] DEBUG PrimaryStageWindow   - Scaled size: 1280.0 x 720.0
18:00:03.809 [JavaFX Application Thread] DEBUG PrimaryStageWindow   - Scaled ratio: (1.0, 1.0)
18:00:03.809 [JavaFX Application Thread] DEBUG PrimaryStageWindow   - Scene size: 1280.0 x 720.0
18:00:03.809 [JavaFX Application Thread] DEBUG PrimaryStageWindow   - Stage size: 1294.4000244140625 x 757.5999755859375
18:00:03.873 [JavaFX Application Thread] DEBUG PrimaryStageWindow   - Going fullscreen
18:00:03.885 [FXGL Background Thread 1 ] DEBUG Engine               - Initializing environment variables
18:00:03.937 [FXGL Background Thread 1 ] DEBUG FXGLAssetLoaderServi - User app class for loading assets: class com.project.App
18:00:03.937 [FXGL Background Thread 1 ] DEBUG GameApplicationServi - Applying CSS: fxgl_dark.css
18:00:03.937 [FXGL Background Thread 1 ] DEBUG FXGLAssetLoaderServi - Loading from file system: jar:file:/C:/Users/Lenovo/.m2/repository/com/github/almasb/fxgl/21.1/fxgl-21.1.jar!/fxglassets/ui/css/fxgl_dark.css
18:00:03.975 [FXGL Background Thread 1 ] DEBUG GameApplicationServi - Initializing application scenes
18:00:04.020 [FXGL Background Thread 1 ] DEBUG GameWorld            - Game world initialized
18:00:04.075 [FXGL Background Thread 1 ] DEBUG PhysicsWorld         - Physics world initialized: appHeight=720, physics.ppm=50.0
18:00:04.075 [FXGL Background Thread 1 ] DEBUG PhysicsWorld         - Using strategy: BRUTE_FORCE
18:00:04.078 [FXGL Background Thread 1 ] DEBUG GameScene            - Game scene initialized: 1280x720
18:00:04.090 [FXGL Background Thread 1 ] DEBUG FXGL.DefaultMenu     - createMenuBodyGameMenu()
18:00:04.103 [FXGL Background Thread 1 ] DEBUG FXGL.DefaultMenu     - createOptionsMenu()
18:00:04.112 [FXGL Background Thread 1 ] DEBUG FXGLAssetLoaderServi - Loading from file system: jar:file:/C:/Users/Lenovo/.m2/repository/com/github/almasb/fxgl/21.1/fxgl-21.1.jar!/fxglassets/textures/particles/smoke.png
18:00:04.215 [FXGL Background Thread 1 ] DEBUG FXGLAssetLoaderServi - Loading from file system: jar:file:/C:/Users/Lenovo/.m2/repository/com/github/almasb/fxgl/21.1/fxgl-21.1.jar!/fxglassets/textures/particles/trace_horizontal.png
18:00:04.241 [FXGL Background Thread 1 ] DEBUG GameApplicationServi - Application scenes initialized
18:00:04.255 [FXGL Background Thread 1 ] DEBUG SystemBundleService  - Loading FXGL system data
18:00:04.259 [FXGL Background Thread 1 ] DEBUG FileSystemAccess     - Reading from: C:\Users\Lenovo\ProjectJava3.0\myproject\myproject\system\fxgl.bundle
18:00:04.267 [FXGL Background Thread 1 ] DEBUG SystemBundleService  - Bundle FXGL: {}
18:00:04.267 [FXGL Background Thread 1 ] DEBUG UpdaterService       - Checking for updates
18:00:04.297 [FXGL Background Thread 4 ] DEBUG FXGLApplication      - Loading fonts
18:00:04.298 [FXGL Background Thread 4 ] DEBUG FXGLAssetLoaderServi - Loading from file system: jar:file:/C:/Users/Lenovo/.m2/repository/com/github/almasb/fxgl/21.1/fxgl-21.1.jar!/fxglassets/ui/fonts/VarelaRound-Regular.ttf
18:00:04.298 [FXGL Background Thread 1 ] DEBUG FXGLApplication      - Loading default localization
18:00:04.300 [FXGL Background Thread 1 ] DEBUG FXGLAssetLoaderServi - Loading from file system: jar:file:/C:/Users/Lenovo/.m2/repository/com/github/almasb/fxgl/21.1/fxgl-21.1.jar!/fxglassets/languages/english.lang
18:00:04.332 [FXGL Background Thread 4 ] DEBUG FXGLAssetLoaderServi - Loading from file system: jar:file:/C:/Users/Lenovo/.m2/repository/com/github/almasb/fxgl/21.1/fxgl-21.1.jar!/fxglassets/ui/fonts/Abel-Regular.ttf
18:00:04.336 [FXGL Background Thread 4 ] DEBUG FXGLAssetLoaderServi - Loading from file system: jar:file:/C:/Users/Lenovo/.m2/repository/com/github/almasb/fxgl/21.1/fxgl-21.1.jar!/fxglassets/ui/fonts/TerminalLandMono-Regular.otf
18:00:04.340 [FXGL Background Thread 1 ] INFO  FXGLApplication      - FXGL initialization took: 0.455 sec
18:00:04.340 [FXGL Background Thread 4 ] DEBUG FXGLAssetLoaderServi - Loading from file system: jar:file:/C:/Users/Lenovo/.m2/repository/com/github/almasb/fxgl/21.1/fxgl-21.1.jar!/fxglassets/ui/fonts/Courier-Prime.ttf
18:00:04.349 [JavaFX Application Thread] DEBUG Input                - Registered new binding: Right - D
18:00:04.349 [JavaFX Application Thread] DEBUG Input                - Registered new binding: Left - A
18:00:04.349 [JavaFX Application Thread] DEBUG Input                - Registered new binding: Up - W
18:00:04.349 [JavaFX Application Thread] DEBUG Input                - Registered new binding: Down - S
18:00:04.349 [JavaFX Application Thread] DEBUG Input                - Registered new binding: Interact - E
18:00:04.350 [JavaFX Application Thread] DEBUG FXGLAssetLoaderServi - Loading from file system: jar:file:/C:/Users/Lenovo/.m2/repository/com/github/almasb/fxgl/21.1/fxgl-21.1.jar!/fxglassets/textures/fxgl_icon.png
18:00:04.372 [JavaFX Application Thread] DEBUG FXGLAssetLoaderServi - Loading from file system: jar:file:/C:/Users/Lenovo/.m2/repository/com/github/almasb/fxgl/21.1/fxgl-21.1.jar!/fxglassets/textures/fxgl_default_cursor.png
18:00:04.375 [JavaFX Application Thread] DEBUG Input                - Registered new binding: Screenshot - CTRL+8
18:00:04.375 [JavaFX Application Thread] DEBUG Input                - Registered new binding: Dev Options - 1
18:00:04.376 [JavaFX Application Thread] DEBUG Input                - Registered new binding: Dev Console - 2
18:00:04.377 [JavaFX Application Thread] DEBUG Input                - Registered new binding: System info dump - CTRL+9
18:00:04.377 [JavaFX Application Thread] DEBUG Input                - Registered new binding: Restart - CTRL+R
18:00:04.378 [JavaFX Application Thread] DEBUG Input                - Registered new binding: Toggle Debug Camera - CTRL+7
18:00:04.383 [JavaFX Application Thread] DEBUG LoopRunner           - Starting loop
18:00:04.409 [JavaFX Application Thread] DEBUG LoopRunner           - Initializing JavaFX AnimationTimerLoop
18:00:04.411 [JavaFX Application Thread] DEBUG GameApplicationServi - Starting new game
18:00:04.412 [JavaFX Application Thread] DEBUG Input                - Clearing active input actions
18:00:04.423 [JavaFX Application Thread] DEBUG GameApplicationServi - Removing overlay from FXGLStartupScene and adding to FXGLLoadingScene
18:00:04.428 [JavaFX Application Thread] DEBUG PrimaryStageWindow   - FXGLStartupScene -> FXGLLoadingScene
18:00:04.428 [JavaFX Application Thread] DEBUG GameApplicationServi - Clearing previous game
18:00:04.428 [JavaFX Application Thread] DEBUG GameScene            - Clearing game scene
18:00:04.428 [JavaFX Application Thread] DEBUG GameWorld            - Clearing game world
18:00:04.433 [JavaFX Application Thread] DEBUG PhysicsWorld         - Clearing physics world
18:00:04.436 [FXGL Background Thread 4 ] DEBUG FXGLApplication      - Initializing game
18:00:04.440 [JavaFX Application Thread] DEBUG FXGLApplication      - Registering font factories with UI factory
18:00:04.501 [FXGL Background Thread 4 ] WARN  TMXLevelLoader       - TiledMap generated from 1.11.2. Supported version: 1.9.0. Some features may not be parsed fully.
18:00:04.530 [FXGL Background Thread 4 ] DEBUG TMXLevelLoader       - Parsed TiledMap: file:/C:/Users/Lenovo/ProjectJava3.0/myproject/myproject/target/classes/assets/levels/scene1.tmx
18:00:04.532 [FXGL Background Thread 4 ] DEBUG TMXLevelLoader       - Creating tile layer entities
18:00:04.534 [FXGL Background Thread 4 ] DEBUG TilesetLoader        - Loading view for layer lowefloor
18:00:04.535 [FXGL Background Thread 4 ] DEBUG TilesetLoader        - Created buffer with size 512.0x1024.0
18:00:04.601 [FXGL Background Thread 4 ] DEBUG TilesetLoader        - Loading view for layer cliff
18:00:04.601 [FXGL Background Thread 4 ] DEBUG TilesetLoader        - Created buffer with size 512.0x1024.0
18:00:04.602 [FXGL Background Thread 4 ] DEBUG TilesetLoader        - Loading view for layer cliff1
18:00:04.603 [FXGL Background Thread 4 ] DEBUG TilesetLoader        - Created buffer with size 512.0x1024.0
18:00:04.605 [FXGL Background Thread 4 ] DEBUG TilesetLoader        - Loading view for layer cliff2
18:00:04.606 [FXGL Background Thread 4 ] DEBUG TilesetLoader        - Created buffer with size 512.0x1024.0
18:00:04.607 [FXGL Background Thread 4 ] DEBUG TilesetLoader        - Loading view for layer Tile Layer 3
18:00:04.608 [FXGL Background Thread 4 ] DEBUG TilesetLoader        - Created buffer with size 512.0x1024.0
18:00:04.609 [FXGL Background Thread 4 ] DEBUG TilesetLoader        - Loading view for layer Tile Layer 6
18:00:04.609 [FXGL Background Thread 4 ] DEBUG TilesetLoader        - Created buffer with size 512.0x1024.0
18:00:04.681 [FXGL Background Thread 4 ] DEBUG TilesetLoader        - Loading view for layer prop
18:00:04.681 [FXGL Background Thread 4 ] DEBUG TilesetLoader        - Created buffer with size 512.0x1024.0
18:00:04.682 [FXGL Background Thread 4 ] DEBUG TMXLevelLoader       - Creating object layer entities
18:00:04.714 [FXGL Background Thread 4 ] DEBUG FXGLAssetLoaderServi - Loading from file system: file:/C:/Users/Lenovo/ProjectJava3.0/myproject/myproject/target/classes/assets/textures/Rafflesia.png
18:00:04.733 [FXGL Background Thread 4 ] WARN  TMXLevelLoader       - TiledMap generated from 1.11.2. Supported version: 1.9.0. Some features may not be parsed fully.
18:00:04.747 [FXGL Background Thread 4 ] DEBUG TMXLevelLoader       - Parsed TiledMap: file:/C:/Users/Lenovo/ProjectJava3.0/myproject/myproject/target/classes/assets/levels/scene1.tmx
18:00:04.747 [FXGL Background Thread 4 ] DEBUG TMXLevelLoader       - Creating tile layer entities
18:00:04.747 [FXGL Background Thread 4 ] DEBUG TilesetLoader        - Loading view for layer lowefloor
18:00:04.748 [FXGL Background Thread 4 ] DEBUG TilesetLoader        - Created buffer with size 512.0x1024.0
18:00:04.777 [FXGL Background Thread 4 ] DEBUG TilesetLoader        - Loading view for layer cliff
18:00:04.778 [FXGL Background Thread 4 ] DEBUG TilesetLoader        - Created buffer with size 512.0x1024.0
18:00:04.779 [FXGL Background Thread 4 ] DEBUG TilesetLoader        - Loading view for layer cliff1
18:00:04.780 [FXGL Background Thread 4 ] DEBUG TilesetLoader        - Created buffer with size 512.0x1024.0
18:00:04.781 [FXGL Background Thread 4 ] DEBUG TilesetLoader        - Loading view for layer cliff2
18:00:04.782 [FXGL Background Thread 4 ] DEBUG TilesetLoader        - Created buffer with size 512.0x1024.0
18:00:04.783 [FXGL Background Thread 4 ] DEBUG TilesetLoader        - Loading view for layer Tile Layer 3
18:00:04.784 [FXGL Background Thread 4 ] DEBUG TilesetLoader        - Created buffer with size 512.0x1024.0
18:00:04.785 [FXGL Background Thread 4 ] DEBUG TilesetLoader        - Loading view for layer Tile Layer 6
18:00:04.786 [FXGL Background Thread 4 ] DEBUG TilesetLoader        - Created buffer with size 512.0x1024.0
18:00:04.835 [FXGL Background Thread 4 ] DEBUG TilesetLoader        - Loading view for layer prop
18:00:04.835 [FXGL Background Thread 4 ] DEBUG TilesetLoader        - Created buffer with size 512.0x1024.0
18:00:04.836 [FXGL Background Thread 4 ] DEBUG TMXLevelLoader       - Creating object layer entities
18:00:04.846 [FXGL Background Thread 4 ] DEBUG GameWorld            - Clearing removable entities
18:00:04.846 [FXGL Background Thread 4 ] DEBUG GameWorld            - Setting level: com.almasb.fxgl.entity.level.Level@3b9da690
18:00:04.861 [FXGL Background Thread 4 ] DEBUG FXGLAssetLoaderServi - Loading from file system: file:/C:/Users/Lenovo/ProjectJava3.0/myproject/myproject/target/classes/assets/textures/Actor1.png
18:00:04.871 [FXGL Background Thread 4 ] INFO  FXGLApplication      - Game initialization took: 0.435 sec
18:00:04.877 [JavaFX Application Thread] DEBUG Input                - Clearing active input actions
18:00:04.888 [JavaFX Application Thread] DEBUG GameApplicationServi - Removing overlay from FXGLLoadingScene and adding to GameScene
18:00:04.893 [JavaFX Application Thread] DEBUG PrimaryStageWindow   - FXGLLoadingScene -> GameScene
18:00:07.297 [FXGL Background Thread 3 ] DEBUG Engine               - Logging environment variables
18:00:07.298 [FXGL Background Thread 3 ] DEBUG Engine               - achievements: []
18:00:07.298 [FXGL Background Thread 3 ] DEBUG Engine               - actualHeight: 864.0
18:00:07.298 [FXGL Background Thread 3 ] DEBUG Engine               - actualHeightProperty: ReadOnlyDoubleProperty [value: 864.0]
18:00:07.298 [FXGL Background Thread 3 ] DEBUG Engine               - actualWidth: 1536.0
18:00:07.298 [FXGL Background Thread 3 ] DEBUG Engine               - actualWidthProperty: ReadOnlyDoubleProperty [value: 1536.0]
18:00:07.298 [FXGL Background Thread 3 ] DEBUG Engine               - appIcon: fxgl_icon.png
18:00:07.298 [FXGL Background Thread 3 ] DEBUG Engine               - applicationMode: DEVELOPER
18:00:07.298 [FXGL Background Thread 3 ] DEBUG Engine               - cSSList: [fxgl_dark.css]
18:00:07.298 [FXGL Background Thread 3 ] DEBUG Engine               - collisionDetectionStrategy: BRUTE_FORCE
18:00:07.298 [FXGL Background Thread 3 ] DEBUG Engine               - configClass: Optional.empty
18:00:07.298 [FXGL Background Thread 3 ] DEBUG Engine               - credits: []
18:00:07.299 [FXGL Background Thread 3 ] DEBUG Engine               - defaultCursor: CursorInfo(imageName=fxgl_default_cursor.png, hotspotX=7.0, hotspotY=6.0)
18:00:07.299 [FXGL Background Thread 3 ] DEBUG Engine               - devBBoxColorProperty: ObjectProperty [value: 0xff0000ff]
18:00:07.299 [FXGL Background Thread 3 ] DEBUG Engine               - devEnableDebugCameraProperty: BooleanProperty [value: false]
18:00:07.299 [FXGL Background Thread 3 ] DEBUG Engine               - devSensorColorProperty: ObjectProperty [value: 0xffff00ff]
18:00:07.299 [FXGL Background Thread 3 ] DEBUG Engine               - devShowBBoxProperty: BooleanProperty [value: false]
18:00:07.299 [FXGL Background Thread 3 ] DEBUG Engine               - devShowPositionProperty: BooleanProperty [value: false]
18:00:07.299 [FXGL Background Thread 3 ] DEBUG Engine               - enabledMenuItems: []
18:00:07.299 [FXGL Background Thread 3 ] DEBUG Engine               - engineServices: [class com.almasb.fxgl.app.services.FXGLAssetLoaderService, class com.almasb.fxgl.app.FXGLApplication$GameApplicationService, class com.almasb.fxgl.app.services.FXGLDialogService, class com.almasb.fxgl.app.services.IOTaskExecutorService, class com.almasb.fxgl.io.FileSystemService, class com.almasb.fxgl.localization.LocalizationService, class com.almasb.fxgl.app.services.SystemBundleService, class com.almasb.fxgl.profile.SaveLoadService, class com.almasb.fxgl.ui.FXGLUIFactoryServiceProvider, class com.almasb.fxgl.ui.FXGLDialogFactoryServiceProvider, class com.almasb.fxgl.audio.AudioPlayer, class com.almasb.fxgl.notification.impl.NotificationServiceProvider, class com.almasb.fxgl.achievement.AchievementService, class com.almasb.fxgl.cutscene.CutsceneService, class com.almasb.fxgl.minigames.MiniGameService, class com.almasb.fxgl.net.NetService, class com.almasb.fxgl.app.services.UpdaterService, class com.almasb.fxgl.dev.DevService]
18:00:07.299 [FXGL Background Thread 3 ] DEBUG Engine               - fontGame: Abel-Regular.ttf
18:00:07.299 [FXGL Background Thread 3 ] DEBUG Engine               - fontMono: TerminalLandMono-Regular.otf
18:00:07.299 [FXGL Background Thread 3 ] DEBUG Engine               - fontSizeScaleUI: 1.0
18:00:07.299 [FXGL Background Thread 3 ] DEBUG Engine               - fontText: Courier-Prime.ttf
18:00:07.299 [FXGL Background Thread 3 ] DEBUG Engine               - fontUI: VarelaRound-Regular.ttf
18:00:07.300 [FXGL Background Thread 3 ] DEBUG Engine               - fullScreen: BooleanProperty [value: true]
18:00:07.300 [FXGL Background Thread 3 ] DEBUG Engine               - gameDifficulty: MEDIUM
18:00:07.300 [FXGL Background Thread 3 ] DEBUG Engine               - gameDifficultyProperty: ObjectProperty [value: MEDIUM]
18:00:07.300 [FXGL Background Thread 3 ] DEBUG Engine               - globalMusicVolume: 0.5
18:00:07.300 [FXGL Background Thread 3 ] DEBUG Engine               - globalMusicVolumeProperty: DoubleProperty [value: 0.5]
18:00:07.300 [FXGL Background Thread 3 ] DEBUG Engine               - globalSoundVolume: 0.5
18:00:07.300 [FXGL Background Thread 3 ] DEBUG Engine               - globalSoundVolumeProperty: DoubleProperty [value: 0.5]
18:00:07.300 [FXGL Background Thread 3 ] DEBUG Engine               - height: 720
18:00:07.300 [FXGL Background Thread 3 ] DEBUG Engine               - is3D: false
18:00:07.300 [FXGL Background Thread 3 ] DEBUG Engine               - isAndroid: false
18:00:07.300 [FXGL Background Thread 3 ] DEBUG Engine               - isBrowser: false
18:00:07.300 [FXGL Background Thread 3 ] DEBUG Engine               - isClickFeedbackEnabled: false
18:00:07.300 [FXGL Background Thread 3 ] DEBUG Engine               - isCloseConfirmation: false
18:00:07.300 [FXGL Background Thread 3 ] DEBUG Engine               - isDesktop: true
18:00:07.300 [FXGL Background Thread 3 ] DEBUG Engine               - isDeveloperMenuEnabled: true
18:00:07.300 [FXGL Background Thread 3 ] DEBUG Engine               - isEmbedded: false
18:00:07.300 [FXGL Background Thread 3 ] DEBUG Engine               - isEntityPreloadEnabled: true
18:00:07.300 [FXGL Background Thread 3 ] DEBUG Engine               - isExperimentalTiledLargeMap: false
18:00:07.300 [FXGL Background Thread 3 ] DEBUG Engine               - isFileSystemWriteAllowed: true
18:00:07.300 [FXGL Background Thread 3 ] DEBUG Engine               - isFullScreenAllowed: true
18:00:07.300 [FXGL Background Thread 3 ] DEBUG Engine               - isFullScreenFromStart: true
18:00:07.300 [FXGL Background Thread 3 ] DEBUG Engine               - isGameMenuEnabled: true
18:00:07.301 [FXGL Background Thread 3 ] DEBUG Engine               - isIOS: false
18:00:07.301 [FXGL Background Thread 3 ] DEBUG Engine               - isIntroEnabled: false
18:00:07.301 [FXGL Background Thread 3 ] DEBUG Engine               - isLinux: false
18:00:07.301 [FXGL Background Thread 3 ] DEBUG Engine               - isMac: false
18:00:07.301 [FXGL Background Thread 3 ] DEBUG Engine               - isMainMenuEnabled: false
18:00:07.301 [FXGL Background Thread 3 ] DEBUG Engine               - isManualResizeEnabled: false
18:00:07.301 [FXGL Background Thread 3 ] DEBUG Engine               - isMobile: false
18:00:07.301 [FXGL Background Thread 3 ] DEBUG Engine               - isNative: false
18:00:07.301 [FXGL Background Thread 3 ] DEBUG Engine               - isPauseMusicWhenMinimized: true
18:00:07.301 [FXGL Background Thread 3 ] DEBUG Engine               - isPreserveResizeRatio: false
18:00:07.301 [FXGL Background Thread 3 ] DEBUG Engine               - isProfilingEnabled: false
18:00:07.301 [FXGL Background Thread 3 ] DEBUG Engine               - isScaleAffectedOnResize: true
18:00:07.301 [FXGL Background Thread 3 ] DEBUG Engine               - isSingleStep: false
18:00:07.301 [FXGL Background Thread 3 ] DEBUG Engine               - isUserProfileEnabled: false
18:00:07.301 [FXGL Background Thread 3 ] DEBUG Engine               - isWindows: true
18:00:07.301 [FXGL Background Thread 3 ] DEBUG Engine               - language: ObjectProperty [value: ENGLISH]
18:00:07.301 [FXGL Background Thread 3 ] DEBUG Engine               - menuKey: ESCAPE
18:00:07.301 [FXGL Background Thread 3 ] DEBUG Engine               - mouseSensitivity: 0.2
18:00:07.301 [FXGL Background Thread 3 ] DEBUG Engine               - notificationViewClass: class com.almasb.fxgl.notification.view.XboxNotificationView
18:00:07.301 [FXGL Background Thread 3 ] DEBUG Engine               - pixelsPerMeter: 50.0
18:00:07.301 [FXGL Background Thread 3 ] DEBUG Engine               - platform: WINDOWS
18:00:07.301 [FXGL Background Thread 3 ] DEBUG Engine               - prefHeightProperty: ReadOnlyDoubleProperty [value: 720.0]
18:00:07.301 [FXGL Background Thread 3 ] DEBUG Engine               - prefWidthProperty: ReadOnlyDoubleProperty [value: 1280.0]
18:00:07.301 [FXGL Background Thread 3 ] DEBUG Engine               - profileDir: profiles/
18:00:07.302 [FXGL Background Thread 3 ] DEBUG Engine               - profileName: StringProperty [value: DEFAULT]
18:00:07.302 [FXGL Background Thread 3 ] DEBUG Engine               - randomSeed: -1
18:00:07.302 [FXGL Background Thread 3 ] DEBUG Engine               - runtimeInfo: RuntimeInfo(platform=WINDOWS, version=21.1, build=27.03.2024 07.52)
18:00:07.302 [FXGL Background Thread 3 ] DEBUG Engine               - saveFileExt: sav
18:00:07.302 [FXGL Background Thread 3 ] DEBUG Engine               - scaledHeightProp$fxgl: DoubleProperty [bound, value: 864.0]
18:00:07.302 [FXGL Background Thread 3 ] DEBUG Engine               - scaledWidthProp$fxgl: DoubleProperty [bound, value: 1536.0]
18:00:07.302 [FXGL Background Thread 3 ] DEBUG Engine               - sceneFactory: com.almasb.fxgl.app.scene.SceneFactory@485ae506
18:00:07.302 [FXGL Background Thread 3 ] DEBUG Engine               - secondsIn24h: 60
18:00:07.302 [FXGL Background Thread 3 ] DEBUG Engine               - soundMenuBack: menu/back.wav
18:00:07.302 [FXGL Background Thread 3 ] DEBUG Engine               - soundMenuPress: menu/press.wav
18:00:07.302 [FXGL Background Thread 3 ] DEBUG Engine               - soundMenuSelect: menu/select.wav
18:00:07.302 [FXGL Background Thread 3 ] DEBUG Engine               - soundNotification: core/notification.wav
18:00:07.302 [FXGL Background Thread 3 ] DEBUG Engine               - stageStyle: DECORATED
18:00:07.302 [FXGL Background Thread 3 ] DEBUG Engine               - supportedLanguages: [ENGLISH, FRENCH, GERMAN, HUNGARIAN, RUSSIAN]
18:00:07.302 [FXGL Background Thread 3 ] DEBUG Engine               - ticksPerSecond: -1
18:00:07.302 [FXGL Background Thread 3 ] DEBUG Engine               - title: Final Journey
18:00:07.302 [FXGL Background Thread 3 ] DEBUG Engine               - urlGithub: https://github.com/AlmasB/FXGL
18:00:07.302 [FXGL Background Thread 3 ] DEBUG Engine               - urlLeaderboard: http://fxgl-top.herokuapp.com/
18:00:07.302 [FXGL Background Thread 3 ] DEBUG Engine               - urlPOM: https://raw.githubusercontent.com/AlmasB/FXGL/release/README.md
18:00:07.302 [FXGL Background Thread 3 ] DEBUG Engine               - userAppClass: class com.project.App
18:00:07.303 [FXGL Background Thread 3 ] DEBUG Engine               - version: Alpha
18:00:07.303 [FXGL Background Thread 3 ] DEBUG Engine               - versionCheckDays: 7
18:00:07.303 [FXGL Background Thread 3 ] DEBUG Engine               - width: 1280
18:00:07.303 [FXGL Background Thread 3 ] DEBUG Engine               - Logging services
18:00:07.303 [FXGL Background Thread 3 ] DEBUG Engine               - class com.almasb.fxgl.app.services.FXGLAssetLoaderService
18:00:07.303 [FXGL Background Thread 3 ] DEBUG Engine               - class com.almasb.fxgl.app.FXGLApplication$GameApplicationService
18:00:07.303 [FXGL Background Thread 3 ] DEBUG Engine               - class com.almasb.fxgl.app.services.FXGLDialogService
18:00:07.303 [FXGL Background Thread 3 ] DEBUG Engine               - class com.almasb.fxgl.app.services.IOTaskExecutorService
18:00:07.303 [FXGL Background Thread 3 ] DEBUG Engine               - class com.almasb.fxgl.io.FileSystemService
18:00:07.303 [FXGL Background Thread 3 ] DEBUG Engine               - class com.almasb.fxgl.localization.LocalizationService
18:00:07.303 [FXGL Background Thread 3 ] DEBUG Engine               - class com.almasb.fxgl.app.services.SystemBundleService
18:00:07.303 [FXGL Background Thread 3 ] DEBUG Engine               - class com.almasb.fxgl.profile.SaveLoadService
18:00:07.303 [FXGL Background Thread 3 ] DEBUG Engine               - class com.almasb.fxgl.ui.FXGLUIFactoryServiceProvider
18:00:07.303 [FXGL Background Thread 3 ] DEBUG Engine               - class com.almasb.fxgl.ui.FXGLDialogFactoryServiceProvider
18:00:07.303 [FXGL Background Thread 3 ] DEBUG Engine               - class com.almasb.fxgl.audio.AudioPlayer
18:00:07.303 [FXGL Background Thread 3 ] DEBUG Engine               - class com.almasb.fxgl.notification.impl.NotificationServiceProvider
18:00:07.303 [FXGL Background Thread 3 ] DEBUG Engine               - class com.almasb.fxgl.achievement.AchievementService
18:00:07.303 [FXGL Background Thread 3 ] DEBUG Engine               - class com.almasb.fxgl.cutscene.CutsceneService
18:00:07.303 [FXGL Background Thread 3 ] DEBUG Engine               - class com.almasb.fxgl.minigames.MiniGameService
18:00:07.304 [FXGL Background Thread 3 ] DEBUG Engine               - class com.almasb.fxgl.net.NetService
18:00:07.304 [FXGL Background Thread 3 ] DEBUG Engine               - class com.almasb.fxgl.app.services.UpdaterService
18:00:07.304 [FXGL Background Thread 3 ] DEBUG Engine               - class com.almasb.fxgl.dev.DevService
18:00:11.721 [JavaFX Application Thread] DEBUG FXGLAssetLoaderServi - Loading from file system: file:/C:/Users/Lenovo/ProjectJava3.0/myproject/myproject/target/classes/assets/text/filetext.txt
18:00:11.722 [JavaFX Application Thread] DEBUG EventBus             - Firing event: com.GameEvent.CombatScene[source=javafx.event.Event$$Lambda/0x0000026bc21737f8@6ba78b68]
18:00:11.724 [JavaFX Application Thread] WARN  TMXLevelLoader       - TiledMap generated from 1.11.2. Supported version: 1.9.0. Some features may not be parsed fully.
18:00:11.730 [JavaFX Application Thread] DEBUG TMXLevelLoader       - Parsed TiledMap: file:/C:/Users/Lenovo/ProjectJava3.0/myproject/myproject/target/classes/assets/levels/battle1.tmx
18:00:11.730 [JavaFX Application Thread] DEBUG TMXLevelLoader       - Creating tile layer entities
18:00:11.731 [JavaFX Application Thread] DEBUG TilesetLoader        - Loading view for layer Tile Layer 1
18:00:11.732 [JavaFX Application Thread] DEBUG TilesetLoader        - Created buffer with size 2048.0x1024.0
18:00:11.827 [JavaFX Application Thread] DEBUG TMXLevelLoader       - Creating object layer entities
18:00:11.829 [JavaFX Application Thread] DEBUG FXGLAssetLoaderServi - Loading from file system: file:/C:/Users/Lenovo/ProjectJava3.0/myproject/myproject/target/classes/assets/textures/Boss%20Dryad%20Queen%20Rafflesia.png
18:00:11.865 [JavaFX Application Thread] DEBUG FXGLAssetLoaderServi - Loading from file system: file:/C:/Users/Lenovo/ProjectJava3.0/myproject/myproject/target/classes/assets/textures/Reid.png
18:00:12.011 [JavaFX Application Thread] DEBUG FXGLAssetLoaderServi - Loading from file system: file:/C:/Users/Lenovo/ProjectJava3.0/myproject/myproject/target/classes/assets/textures/marsha.png
18:00:12.167 [JavaFX Application Thread] DEBUG GameWorld            - Clearing removable entities
18:00:12.174 [JavaFX Application Thread] DEBUG GameWorld            - Setting level: com.almasb.fxgl.entity.level.Level@33bb2353
18:00:12.178 [JavaFX Application Thread] WARN  TMXLevelLoader       - TiledMap generated from 1.11.2. Supported version: 1.9.0. Some features may not be parsed fully.
18:00:12.181 [JavaFX Application Thread] DEBUG TMXLevelLoader       - Parsed TiledMap: file:/C:/Users/Lenovo/ProjectJava3.0/myproject/myproject/target/classes/assets/levels/battle1.tmx
18:00:12.181 [JavaFX Application Thread] DEBUG TMXLevelLoader       - Creating tile layer entities
18:00:12.181 [JavaFX Application Thread] DEBUG TilesetLoader        - Loading view for layer Tile Layer 1
18:00:12.182 [JavaFX Application Thread] DEBUG TilesetLoader        - Created buffer with size 2048.0x1024.0
18:00:12.269 [JavaFX Application Thread] DEBUG TMXLevelLoader       - Creating object layer entities
18:00:27.307 [JavaFX Application Thread] DEBUG FXGLApplication      - Exiting FXGL
18:00:27.307 [JavaFX Application Thread] DEBUG LoopRunner           - Stopping loop
18:00:27.307 [JavaFX Application Thread] DEBUG SystemBundleService  - Saving FXGL system data
18:00:27.310 [JavaFX Application Thread] DEBUG FileSystemAccess     - Writing to: C:\Users\Lenovo\ProjectJava3.0\myproject\myproject\system\fxgl.bundle
18:00:27.312 [JavaFX Application Thread] DEBUG Async                - Shutting down background threads
18:00:27.312 [JavaFX Application Thread] DEBUG PrimaryStageWindow   - Closing main window
18:00:27.341 [JavaFX Application Thread] DEBUG Logger               - Closing Logger
