23:38:35.410 [main                     ] DEBUG Logger               - Configured Logger
23:38:35.427 [main                     ] DEBUG GameApplication      - Logging settings
Title: Final Journey
Version: Alpha
Width: 1280
Height: 720
Fullscreen: true
Intro: false
Profiling: false
Single step:false
App Mode: DEVELOPER
Menu Key: ESCAPE
Stage Style: DECORATED
Scene Factory: class com.almasb.fxgl.app.scene.SceneFactory

23:38:35.839 [JavaFX Application Thread] DEBUG FXGLApplication      - Initializing FXGL
23:38:35.843 [JavaFX Application Thread] INFO  Engine               - FXGL-21.1 (27.03.2024 07.52) on WINDOWS (J:21.0.5 FX:21.0.1)
23:38:35.843 [JavaFX Application Thread] DEBUG Engine               - JRE Vendor Name: Eclipse Adoptium
23:38:35.843 [JavaFX Application Thread] DEBUG Engine               - Running on OS: Windows 11 version 10.0
23:38:35.844 [JavaFX Application Thread] DEBUG Engine               - Architecture: amd64
23:38:35.844 [JavaFX Application Thread] INFO  Engine               - Source code and latest versions at: https://github.com/AlmasB/FXGL
23:38:35.844 [JavaFX Application Thread] INFO  Engine               -       Ask questions and discuss at: https://github.com/AlmasB/FXGL/discussions
23:38:35.845 [JavaFX Application Thread] INFO  Engine               -              Join the FXGL chat at: https://gitter.im/AlmasB/FXGL
23:38:35.946 [JavaFX Application Thread] DEBUG PrimaryStageWindow   - Creating a JavaFX scene
23:38:35.999 [JavaFX Application Thread] DEBUG PrimaryStageWindow   - Target settings size: 1280.0 x 720.0
23:38:36.000 [JavaFX Application Thread] DEBUG PrimaryStageWindow   - Scaled scene size:    1280.0 x 720.0
23:38:36.000 [JavaFX Application Thread] DEBUG PrimaryStageWindow   - Scaled ratio: (1.0, 1.0)
23:38:36.001 [JavaFX Application Thread] DEBUG PrimaryStageWindow   - Set initial scene to FXGLStartupScene
23:38:36.004 [JavaFX Application Thread] DEBUG PrimaryStageWindow   - Opening main window
23:38:36.088 [JavaFX Application Thread] DEBUG PrimaryStageWindow   - Window border size: (14.4000244140625, 37.5999755859375)
23:38:36.088 [JavaFX Application Thread] DEBUG PrimaryStageWindow   - Scaled size: 1280.0 x 720.0
23:38:36.089 [JavaFX Application Thread] DEBUG PrimaryStageWindow   - Scaled ratio: (1.0, 1.0)
23:38:36.090 [JavaFX Application Thread] DEBUG PrimaryStageWindow   - Scene size: 1280.0 x 720.0
23:38:36.090 [JavaFX Application Thread] DEBUG PrimaryStageWindow   - Stage size: 1294.4000244140625 x 757.5999755859375
23:38:36.161 [JavaFX Application Thread] DEBUG PrimaryStageWindow   - Going fullscreen
23:38:36.177 [FXGL Background Thread 1 ] DEBUG Engine               - Initializing environment variables
23:38:36.233 [FXGL Background Thread 1 ] DEBUG FXGLAssetLoaderServi - User app class for loading assets: class com.project.App
23:38:36.233 [FXGL Background Thread 1 ] DEBUG GameApplicationServi - Applying CSS: fxgl_dark.css
23:38:36.233 [FXGL Background Thread 1 ] DEBUG FXGLAssetLoaderServi - Loading from file system: jar:file:/C:/Users/Lenovo/.m2/repository/com/github/almasb/fxgl/21.1/fxgl-21.1.jar!/fxglassets/ui/css/fxgl_dark.css
23:38:36.270 [FXGL Background Thread 1 ] DEBUG GameApplicationServi - Initializing application scenes
23:38:36.315 [FXGL Background Thread 1 ] DEBUG GameWorld            - Game world initialized
23:38:36.370 [FXGL Background Thread 1 ] DEBUG PhysicsWorld         - Physics world initialized: appHeight=720, physics.ppm=50.0
23:38:36.370 [FXGL Background Thread 1 ] DEBUG PhysicsWorld         - Using strategy: BRUTE_FORCE
23:38:36.375 [FXGL Background Thread 1 ] DEBUG GameScene            - Game scene initialized: 1280x720
23:38:36.383 [FXGL Background Thread 1 ] DEBUG FXGL.DefaultMenu     - createMenuBodyGameMenu()
23:38:36.396 [FXGL Background Thread 1 ] DEBUG FXGL.DefaultMenu     - createOptionsMenu()
23:38:36.403 [FXGL Background Thread 1 ] DEBUG FXGLAssetLoaderServi - Loading from file system: jar:file:/C:/Users/Lenovo/.m2/repository/com/github/almasb/fxgl/21.1/fxgl-21.1.jar!/fxglassets/textures/particles/smoke.png
23:38:36.487 [FXGL Background Thread 1 ] DEBUG FXGLAssetLoaderServi - Loading from file system: jar:file:/C:/Users/Lenovo/.m2/repository/com/github/almasb/fxgl/21.1/fxgl-21.1.jar!/fxglassets/textures/particles/trace_horizontal.png
23:38:36.510 [FXGL Background Thread 1 ] DEBUG GameApplicationServi - Application scenes initialized
23:38:36.523 [FXGL Background Thread 1 ] DEBUG SystemBundleService  - Loading FXGL system data
23:38:36.527 [FXGL Background Thread 1 ] DEBUG FileSystemAccess     - Reading from: C:\Users\Lenovo\ProjectJava3.0\myproject\myproject\system\fxgl.bundle
23:38:36.536 [FXGL Background Thread 1 ] DEBUG SystemBundleService  - Bundle FXGL: {}
23:38:36.536 [FXGL Background Thread 1 ] DEBUG UpdaterService       - Checking for updates
23:38:36.564 [FXGL Background Thread 4 ] DEBUG FXGLApplication      - Loading fonts
23:38:36.564 [FXGL Background Thread 4 ] DEBUG FXGLAssetLoaderServi - Loading from file system: jar:file:/C:/Users/Lenovo/.m2/repository/com/github/almasb/fxgl/21.1/fxgl-21.1.jar!/fxglassets/ui/fonts/VarelaRound-Regular.ttf
23:38:36.565 [FXGL Background Thread 1 ] DEBUG FXGLApplication      - Loading default localization
23:38:36.565 [FXGL Background Thread 1 ] DEBUG FXGLAssetLoaderServi - Loading from file system: jar:file:/C:/Users/Lenovo/.m2/repository/com/github/almasb/fxgl/21.1/fxgl-21.1.jar!/fxglassets/languages/english.lang
23:38:36.598 [FXGL Background Thread 4 ] DEBUG FXGLAssetLoaderServi - Loading from file system: jar:file:/C:/Users/Lenovo/.m2/repository/com/github/almasb/fxgl/21.1/fxgl-21.1.jar!/fxglassets/ui/fonts/Abel-Regular.ttf
23:38:36.601 [FXGL Background Thread 4 ] DEBUG FXGLAssetLoaderServi - Loading from file system: jar:file:/C:/Users/Lenovo/.m2/repository/com/github/almasb/fxgl/21.1/fxgl-21.1.jar!/fxglassets/ui/fonts/TerminalLandMono-Regular.otf
23:38:36.605 [FXGL Background Thread 4 ] DEBUG FXGLAssetLoaderServi - Loading from file system: jar:file:/C:/Users/Lenovo/.m2/repository/com/github/almasb/fxgl/21.1/fxgl-21.1.jar!/fxglassets/ui/fonts/Courier-Prime.ttf
23:38:36.613 [JavaFX Application Thread] DEBUG FXGLApplication      - Registering font factories with UI factory
23:38:36.613 [FXGL Background Thread 1 ] INFO  FXGLApplication      - FXGL initialization took: 0.437 sec
23:38:36.623 [JavaFX Application Thread] DEBUG Input                - Registered new binding: Right - D
23:38:36.623 [JavaFX Application Thread] DEBUG Input                - Registered new binding: Left - A
23:38:36.623 [JavaFX Application Thread] DEBUG Input                - Registered new binding: Up - W
23:38:36.623 [JavaFX Application Thread] DEBUG Input                - Registered new binding: Down - S
23:38:36.623 [JavaFX Application Thread] DEBUG Input                - Registered new binding: Interact - E
23:38:36.623 [JavaFX Application Thread] DEBUG FXGLAssetLoaderServi - Loading from file system: jar:file:/C:/Users/Lenovo/.m2/repository/com/github/almasb/fxgl/21.1/fxgl-21.1.jar!/fxglassets/textures/fxgl_icon.png
23:38:36.640 [JavaFX Application Thread] DEBUG FXGLAssetLoaderServi - Loading from file system: jar:file:/C:/Users/Lenovo/.m2/repository/com/github/almasb/fxgl/21.1/fxgl-21.1.jar!/fxglassets/textures/fxgl_default_cursor.png
23:38:36.642 [JavaFX Application Thread] DEBUG Input                - Registered new binding: Screenshot - CTRL+8
23:38:36.643 [JavaFX Application Thread] DEBUG Input                - Registered new binding: Dev Options - 1
23:38:36.643 [JavaFX Application Thread] DEBUG Input                - Registered new binding: Dev Console - 2
23:38:36.644 [JavaFX Application Thread] DEBUG Input                - Registered new binding: System info dump - CTRL+9
23:38:36.644 [JavaFX Application Thread] DEBUG Input                - Registered new binding: Restart - CTRL+R
23:38:36.646 [JavaFX Application Thread] DEBUG Input                - Registered new binding: Toggle Debug Camera - CTRL+7
23:38:36.656 [JavaFX Application Thread] DEBUG LoopRunner           - Starting loop
23:38:36.677 [JavaFX Application Thread] DEBUG LoopRunner           - Initializing JavaFX AnimationTimerLoop
23:38:36.678 [JavaFX Application Thread] DEBUG GameApplicationServi - Starting new game
23:38:36.679 [JavaFX Application Thread] DEBUG Input                - Clearing active input actions
23:38:36.690 [JavaFX Application Thread] DEBUG GameApplicationServi - Removing overlay from FXGLStartupScene and adding to FXGLLoadingScene
23:38:36.695 [JavaFX Application Thread] DEBUG PrimaryStageWindow   - FXGLStartupScene -> FXGLLoadingScene
23:38:36.695 [JavaFX Application Thread] DEBUG GameApplicationServi - Clearing previous game
23:38:36.695 [JavaFX Application Thread] DEBUG GameScene            - Clearing game scene
23:38:36.695 [JavaFX Application Thread] DEBUG GameWorld            - Clearing game world
23:38:36.697 [JavaFX Application Thread] DEBUG PhysicsWorld         - Clearing physics world
23:38:36.698 [FXGL Background Thread 1 ] DEBUG FXGLApplication      - Initializing game
23:38:36.732 [FXGL Background Thread 1 ] WARN  TMXLevelLoader       - TiledMap generated from 1.11.2. Supported version: 1.9.0. Some features may not be parsed fully.
23:38:36.756 [FXGL Background Thread 1 ] DEBUG TMXLevelLoader       - Parsed TiledMap: file:/C:/Users/Lenovo/ProjectJava3.0/myproject/myproject/target/classes/assets/levels/scene1.tmx
23:38:36.758 [FXGL Background Thread 1 ] DEBUG TMXLevelLoader       - Creating tile layer entities
23:38:36.761 [FXGL Background Thread 1 ] DEBUG TilesetLoader        - Loading view for layer lowefloor
23:38:36.762 [FXGL Background Thread 1 ] DEBUG TilesetLoader        - Created buffer with size 512.0x1024.0
23:38:36.830 [FXGL Background Thread 1 ] DEBUG TilesetLoader        - Loading view for layer cliff
23:38:36.830 [FXGL Background Thread 1 ] DEBUG TilesetLoader        - Created buffer with size 512.0x1024.0
23:38:36.833 [FXGL Background Thread 1 ] DEBUG TilesetLoader        - Loading view for layer cliff1
23:38:36.834 [FXGL Background Thread 1 ] DEBUG TilesetLoader        - Created buffer with size 512.0x1024.0
23:38:36.835 [FXGL Background Thread 1 ] DEBUG TilesetLoader        - Loading view for layer cliff2
23:38:36.835 [FXGL Background Thread 1 ] DEBUG TilesetLoader        - Created buffer with size 512.0x1024.0
23:38:36.837 [FXGL Background Thread 1 ] DEBUG TilesetLoader        - Loading view for layer Tile Layer 3
23:38:36.837 [FXGL Background Thread 1 ] DEBUG TilesetLoader        - Created buffer with size 512.0x1024.0
23:38:36.837 [FXGL Background Thread 1 ] DEBUG TilesetLoader        - Loading view for layer Tile Layer 6
23:38:36.838 [FXGL Background Thread 1 ] DEBUG TilesetLoader        - Created buffer with size 512.0x1024.0
23:38:36.919 [FXGL Background Thread 1 ] DEBUG TilesetLoader        - Loading view for layer prop
23:38:36.919 [FXGL Background Thread 1 ] DEBUG TilesetLoader        - Created buffer with size 512.0x1024.0
23:38:36.920 [FXGL Background Thread 1 ] DEBUG TMXLevelLoader       - Creating object layer entities
23:38:36.952 [FXGL Background Thread 1 ] DEBUG FXGLAssetLoaderServi - Loading from file system: file:/C:/Users/Lenovo/ProjectJava3.0/myproject/myproject/target/classes/assets/textures/Rex.png
23:38:36.957 [FXGL Background Thread 1 ] WARN  TMXLevelLoader       - TiledMap generated from 1.11.2. Supported version: 1.9.0. Some features may not be parsed fully.
23:38:36.971 [FXGL Background Thread 1 ] DEBUG TMXLevelLoader       - Parsed TiledMap: file:/C:/Users/Lenovo/ProjectJava3.0/myproject/myproject/target/classes/assets/levels/scene1.tmx
23:38:36.971 [FXGL Background Thread 1 ] DEBUG TMXLevelLoader       - Creating tile layer entities
23:38:36.971 [FXGL Background Thread 1 ] DEBUG TilesetLoader        - Loading view for layer lowefloor
23:38:36.972 [FXGL Background Thread 1 ] DEBUG TilesetLoader        - Created buffer with size 512.0x1024.0
23:38:36.994 [FXGL Background Thread 1 ] DEBUG TilesetLoader        - Loading view for layer cliff
23:38:36.995 [FXGL Background Thread 1 ] DEBUG TilesetLoader        - Created buffer with size 512.0x1024.0
23:38:36.996 [FXGL Background Thread 1 ] DEBUG TilesetLoader        - Loading view for layer cliff1
23:38:36.996 [FXGL Background Thread 1 ] DEBUG TilesetLoader        - Created buffer with size 512.0x1024.0
23:38:36.997 [FXGL Background Thread 1 ] DEBUG TilesetLoader        - Loading view for layer cliff2
23:38:36.997 [FXGL Background Thread 1 ] DEBUG TilesetLoader        - Created buffer with size 512.0x1024.0
23:38:36.998 [FXGL Background Thread 1 ] DEBUG TilesetLoader        - Loading view for layer Tile Layer 3
23:38:36.998 [FXGL Background Thread 1 ] DEBUG TilesetLoader        - Created buffer with size 512.0x1024.0
23:38:36.999 [FXGL Background Thread 1 ] DEBUG TilesetLoader        - Loading view for layer Tile Layer 6
23:38:36.999 [FXGL Background Thread 1 ] DEBUG TilesetLoader        - Created buffer with size 512.0x1024.0
23:38:37.046 [FXGL Background Thread 1 ] DEBUG TilesetLoader        - Loading view for layer prop
23:38:37.046 [FXGL Background Thread 1 ] DEBUG TilesetLoader        - Created buffer with size 512.0x1024.0
23:38:37.047 [FXGL Background Thread 1 ] DEBUG TMXLevelLoader       - Creating object layer entities
23:38:37.059 [FXGL Background Thread 1 ] DEBUG GameWorld            - Clearing removable entities
23:38:37.060 [FXGL Background Thread 1 ] DEBUG GameWorld            - Setting level: com.almasb.fxgl.entity.level.Level@2debbb83
23:38:37.078 [FXGL Background Thread 1 ] DEBUG FXGLAssetLoaderServi - Loading from file system: file:/C:/Users/Lenovo/ProjectJava3.0/myproject/myproject/target/classes/assets/textures/Actor1.png
23:38:37.091 [FXGL Background Thread 1 ] INFO  FXGLApplication      - Game initialization took: 0.392 sec
23:38:37.091 [JavaFX Application Thread] DEBUG Input                - Clearing active input actions
23:38:37.101 [JavaFX Application Thread] DEBUG GameApplicationServi - Removing overlay from FXGLLoadingScene and adding to GameScene
23:38:37.105 [JavaFX Application Thread] DEBUG PrimaryStageWindow   - FXGLLoadingScene -> GameScene
23:38:39.564 [FXGL Background Thread 3 ] DEBUG Engine               - Logging environment variables
23:38:39.564 [FXGL Background Thread 3 ] DEBUG Engine               - achievements: []
23:38:39.564 [FXGL Background Thread 3 ] DEBUG Engine               - actualHeight: 864.0
23:38:39.564 [FXGL Background Thread 3 ] DEBUG Engine               - actualHeightProperty: ReadOnlyDoubleProperty [value: 864.0]
23:38:39.565 [FXGL Background Thread 3 ] DEBUG Engine               - actualWidth: 1536.0
23:38:39.565 [FXGL Background Thread 3 ] DEBUG Engine               - actualWidthProperty: ReadOnlyDoubleProperty [value: 1536.0]
23:38:39.565 [FXGL Background Thread 3 ] DEBUG Engine               - appIcon: fxgl_icon.png
23:38:39.565 [FXGL Background Thread 3 ] DEBUG Engine               - applicationMode: DEVELOPER
23:38:39.565 [FXGL Background Thread 3 ] DEBUG Engine               - cSSList: [fxgl_dark.css]
23:38:39.565 [FXGL Background Thread 3 ] DEBUG Engine               - collisionDetectionStrategy: BRUTE_FORCE
23:38:39.565 [FXGL Background Thread 3 ] DEBUG Engine               - configClass: Optional.empty
23:38:39.565 [FXGL Background Thread 3 ] DEBUG Engine               - credits: []
23:38:39.565 [FXGL Background Thread 3 ] DEBUG Engine               - defaultCursor: CursorInfo(imageName=fxgl_default_cursor.png, hotspotX=7.0, hotspotY=6.0)
23:38:39.565 [FXGL Background Thread 3 ] DEBUG Engine               - devBBoxColorProperty: ObjectProperty [value: 0xff0000ff]
23:38:39.565 [FXGL Background Thread 3 ] DEBUG Engine               - devEnableDebugCameraProperty: BooleanProperty [value: false]
23:38:39.566 [FXGL Background Thread 3 ] DEBUG Engine               - devSensorColorProperty: ObjectProperty [value: 0xffff00ff]
23:38:39.566 [FXGL Background Thread 3 ] DEBUG Engine               - devShowBBoxProperty: BooleanProperty [value: false]
23:38:39.566 [FXGL Background Thread 3 ] DEBUG Engine               - devShowPositionProperty: BooleanProperty [value: false]
23:38:39.566 [FXGL Background Thread 3 ] DEBUG Engine               - enabledMenuItems: []
23:38:39.566 [FXGL Background Thread 3 ] DEBUG Engine               - engineServices: [class com.almasb.fxgl.app.services.FXGLAssetLoaderService, class com.almasb.fxgl.app.FXGLApplication$GameApplicationService, class com.almasb.fxgl.app.services.FXGLDialogService, class com.almasb.fxgl.app.services.IOTaskExecutorService, class com.almasb.fxgl.io.FileSystemService, class com.almasb.fxgl.localization.LocalizationService, class com.almasb.fxgl.app.services.SystemBundleService, class com.almasb.fxgl.profile.SaveLoadService, class com.almasb.fxgl.ui.FXGLUIFactoryServiceProvider, class com.almasb.fxgl.ui.FXGLDialogFactoryServiceProvider, class com.almasb.fxgl.audio.AudioPlayer, class com.almasb.fxgl.notification.impl.NotificationServiceProvider, class com.almasb.fxgl.achievement.AchievementService, class com.almasb.fxgl.cutscene.CutsceneService, class com.almasb.fxgl.minigames.MiniGameService, class com.almasb.fxgl.net.NetService, class com.almasb.fxgl.app.services.UpdaterService, class com.almasb.fxgl.dev.DevService]
23:38:39.566 [FXGL Background Thread 3 ] DEBUG Engine               - fontGame: Abel-Regular.ttf
23:38:39.566 [FXGL Background Thread 3 ] DEBUG Engine               - fontMono: TerminalLandMono-Regular.otf
23:38:39.566 [FXGL Background Thread 3 ] DEBUG Engine               - fontSizeScaleUI: 1.0
23:38:39.566 [FXGL Background Thread 3 ] DEBUG Engine               - fontText: Courier-Prime.ttf
23:38:39.566 [FXGL Background Thread 3 ] DEBUG Engine               - fontUI: VarelaRound-Regular.ttf
23:38:39.566 [FXGL Background Thread 3 ] DEBUG Engine               - fullScreen: BooleanProperty [value: true]
23:38:39.566 [FXGL Background Thread 3 ] DEBUG Engine               - gameDifficulty: MEDIUM
23:38:39.566 [FXGL Background Thread 3 ] DEBUG Engine               - gameDifficultyProperty: ObjectProperty [value: MEDIUM]
23:38:39.566 [FXGL Background Thread 3 ] DEBUG Engine               - globalMusicVolume: 0.5
23:38:39.566 [FXGL Background Thread 3 ] DEBUG Engine               - globalMusicVolumeProperty: DoubleProperty [value: 0.5]
23:38:39.566 [FXGL Background Thread 3 ] DEBUG Engine               - globalSoundVolume: 0.5
23:38:39.566 [FXGL Background Thread 3 ] DEBUG Engine               - globalSoundVolumeProperty: DoubleProperty [value: 0.5]
23:38:39.566 [FXGL Background Thread 3 ] DEBUG Engine               - height: 720
23:38:39.566 [FXGL Background Thread 3 ] DEBUG Engine               - is3D: false
23:38:39.566 [FXGL Background Thread 3 ] DEBUG Engine               - isAndroid: false
23:38:39.566 [FXGL Background Thread 3 ] DEBUG Engine               - isBrowser: false
23:38:39.566 [FXGL Background Thread 3 ] DEBUG Engine               - isClickFeedbackEnabled: false
23:38:39.566 [FXGL Background Thread 3 ] DEBUG Engine               - isCloseConfirmation: false
23:38:39.566 [FXGL Background Thread 3 ] DEBUG Engine               - isDesktop: true
23:38:39.566 [FXGL Background Thread 3 ] DEBUG Engine               - isDeveloperMenuEnabled: true
23:38:39.566 [FXGL Background Thread 3 ] DEBUG Engine               - isEmbedded: false
23:38:39.566 [FXGL Background Thread 3 ] DEBUG Engine               - isEntityPreloadEnabled: true
23:38:39.566 [FXGL Background Thread 3 ] DEBUG Engine               - isExperimentalTiledLargeMap: false
23:38:39.567 [FXGL Background Thread 3 ] DEBUG Engine               - isFileSystemWriteAllowed: true
23:38:39.567 [FXGL Background Thread 3 ] DEBUG Engine               - isFullScreenAllowed: true
23:38:39.567 [FXGL Background Thread 3 ] DEBUG Engine               - isFullScreenFromStart: true
23:38:39.567 [FXGL Background Thread 3 ] DEBUG Engine               - isGameMenuEnabled: true
23:38:39.567 [FXGL Background Thread 3 ] DEBUG Engine               - isIOS: false
23:38:39.567 [FXGL Background Thread 3 ] DEBUG Engine               - isIntroEnabled: false
23:38:39.567 [FXGL Background Thread 3 ] DEBUG Engine               - isLinux: false
23:38:39.567 [FXGL Background Thread 3 ] DEBUG Engine               - isMac: false
23:38:39.567 [FXGL Background Thread 3 ] DEBUG Engine               - isMainMenuEnabled: false
23:38:39.567 [FXGL Background Thread 3 ] DEBUG Engine               - isManualResizeEnabled: false
23:38:39.567 [FXGL Background Thread 3 ] DEBUG Engine               - isMobile: false
23:38:39.567 [FXGL Background Thread 3 ] DEBUG Engine               - isNative: false
23:38:39.567 [FXGL Background Thread 3 ] DEBUG Engine               - isPauseMusicWhenMinimized: true
23:38:39.567 [FXGL Background Thread 3 ] DEBUG Engine               - isPreserveResizeRatio: false
23:38:39.567 [FXGL Background Thread 3 ] DEBUG Engine               - isProfilingEnabled: false
23:38:39.567 [FXGL Background Thread 3 ] DEBUG Engine               - isScaleAffectedOnResize: true
23:38:39.567 [FXGL Background Thread 3 ] DEBUG Engine               - isSingleStep: false
23:38:39.567 [FXGL Background Thread 3 ] DEBUG Engine               - isUserProfileEnabled: false
23:38:39.567 [FXGL Background Thread 3 ] DEBUG Engine               - isWindows: true
23:38:39.567 [FXGL Background Thread 3 ] DEBUG Engine               - language: ObjectProperty [value: ENGLISH]
23:38:39.567 [FXGL Background Thread 3 ] DEBUG Engine               - menuKey: ESCAPE
23:38:39.567 [FXGL Background Thread 3 ] DEBUG Engine               - mouseSensitivity: 0.2
23:38:39.567 [FXGL Background Thread 3 ] DEBUG Engine               - notificationViewClass: class com.almasb.fxgl.notification.view.XboxNotificationView
23:38:39.567 [FXGL Background Thread 3 ] DEBUG Engine               - pixelsPerMeter: 50.0
23:38:39.567 [FXGL Background Thread 3 ] DEBUG Engine               - platform: WINDOWS
23:38:39.567 [FXGL Background Thread 3 ] DEBUG Engine               - prefHeightProperty: ReadOnlyDoubleProperty [value: 720.0]
23:38:39.567 [FXGL Background Thread 3 ] DEBUG Engine               - prefWidthProperty: ReadOnlyDoubleProperty [value: 1280.0]
23:38:39.567 [FXGL Background Thread 3 ] DEBUG Engine               - profileDir: profiles/
23:38:39.568 [FXGL Background Thread 3 ] DEBUG Engine               - profileName: StringProperty [value: DEFAULT]
23:38:39.568 [FXGL Background Thread 3 ] DEBUG Engine               - randomSeed: -1
23:38:39.568 [FXGL Background Thread 3 ] DEBUG Engine               - runtimeInfo: RuntimeInfo(platform=WINDOWS, version=21.1, build=27.03.2024 07.52)
23:38:39.568 [FXGL Background Thread 3 ] DEBUG Engine               - saveFileExt: sav
23:38:39.568 [FXGL Background Thread 3 ] DEBUG Engine               - scaledHeightProp$fxgl: DoubleProperty [bound, value: 864.0]
23:38:39.568 [FXGL Background Thread 3 ] DEBUG Engine               - scaledWidthProp$fxgl: DoubleProperty [bound, value: 1536.0]
23:38:39.568 [FXGL Background Thread 3 ] DEBUG Engine               - sceneFactory: com.almasb.fxgl.app.scene.SceneFactory@1dedfb9e
23:38:39.568 [FXGL Background Thread 3 ] DEBUG Engine               - secondsIn24h: 60
23:38:39.568 [FXGL Background Thread 3 ] DEBUG Engine               - soundMenuBack: menu/back.wav
23:38:39.568 [FXGL Background Thread 3 ] DEBUG Engine               - soundMenuPress: menu/press.wav
23:38:39.568 [FXGL Background Thread 3 ] DEBUG Engine               - soundMenuSelect: menu/select.wav
23:38:39.568 [FXGL Background Thread 3 ] DEBUG Engine               - soundNotification: core/notification.wav
23:38:39.568 [FXGL Background Thread 3 ] DEBUG Engine               - stageStyle: DECORATED
23:38:39.568 [FXGL Background Thread 3 ] DEBUG Engine               - supportedLanguages: [ENGLISH, FRENCH, GERMAN, HUNGARIAN, RUSSIAN]
23:38:39.568 [FXGL Background Thread 3 ] DEBUG Engine               - ticksPerSecond: -1
23:38:39.568 [FXGL Background Thread 3 ] DEBUG Engine               - title: Final Journey
23:38:39.568 [FXGL Background Thread 3 ] DEBUG Engine               - urlGithub: https://github.com/AlmasB/FXGL
23:38:39.568 [FXGL Background Thread 3 ] DEBUG Engine               - urlLeaderboard: http://fxgl-top.herokuapp.com/
23:38:39.568 [FXGL Background Thread 3 ] DEBUG Engine               - urlPOM: https://raw.githubusercontent.com/AlmasB/FXGL/release/README.md
23:38:39.568 [FXGL Background Thread 3 ] DEBUG Engine               - userAppClass: class com.project.App
23:38:39.568 [FXGL Background Thread 3 ] DEBUG Engine               - version: Alpha
23:38:39.569 [FXGL Background Thread 3 ] DEBUG Engine               - versionCheckDays: 7
23:38:39.569 [FXGL Background Thread 3 ] DEBUG Engine               - width: 1280
23:38:39.569 [FXGL Background Thread 3 ] DEBUG Engine               - Logging services
23:38:39.569 [FXGL Background Thread 3 ] DEBUG Engine               - class com.almasb.fxgl.app.services.FXGLAssetLoaderService
23:38:39.569 [FXGL Background Thread 3 ] DEBUG Engine               - class com.almasb.fxgl.app.FXGLApplication$GameApplicationService
23:38:39.569 [FXGL Background Thread 3 ] DEBUG Engine               - class com.almasb.fxgl.app.services.FXGLDialogService
23:38:39.569 [FXGL Background Thread 3 ] DEBUG Engine               - class com.almasb.fxgl.app.services.IOTaskExecutorService
23:38:39.569 [FXGL Background Thread 3 ] DEBUG Engine               - class com.almasb.fxgl.io.FileSystemService
23:38:39.569 [FXGL Background Thread 3 ] DEBUG Engine               - class com.almasb.fxgl.localization.LocalizationService
23:38:39.569 [FXGL Background Thread 3 ] DEBUG Engine               - class com.almasb.fxgl.app.services.SystemBundleService
23:38:39.569 [FXGL Background Thread 3 ] DEBUG Engine               - class com.almasb.fxgl.profile.SaveLoadService
23:38:39.569 [FXGL Background Thread 3 ] DEBUG Engine               - class com.almasb.fxgl.ui.FXGLUIFactoryServiceProvider
23:38:39.569 [FXGL Background Thread 3 ] DEBUG Engine               - class com.almasb.fxgl.ui.FXGLDialogFactoryServiceProvider
23:38:39.569 [FXGL Background Thread 3 ] DEBUG Engine               - class com.almasb.fxgl.audio.AudioPlayer
23:38:39.569 [FXGL Background Thread 3 ] DEBUG Engine               - class com.almasb.fxgl.notification.impl.NotificationServiceProvider
23:38:39.569 [FXGL Background Thread 3 ] DEBUG Engine               - class com.almasb.fxgl.achievement.AchievementService
23:38:39.569 [FXGL Background Thread 3 ] DEBUG Engine               - class com.almasb.fxgl.cutscene.CutsceneService
23:38:39.569 [FXGL Background Thread 3 ] DEBUG Engine               - class com.almasb.fxgl.minigames.MiniGameService
23:38:39.569 [FXGL Background Thread 3 ] DEBUG Engine               - class com.almasb.fxgl.net.NetService
23:38:39.569 [FXGL Background Thread 3 ] DEBUG Engine               - class com.almasb.fxgl.app.services.UpdaterService
23:38:39.569 [FXGL Background Thread 3 ] DEBUG Engine               - class com.almasb.fxgl.dev.DevService
23:38:39.596 [JavaFX Application Thread] DEBUG FXGLAssetLoaderServi - Loading from file system: file:/C:/Users/Lenovo/ProjectJava3.0/myproject/myproject/target/classes/assets/text/filetext.txt
23:38:39.598 [JavaFX Application Thread] DEBUG EventBus             - Firing event: com.GameEvent.CombatScene[source=javafx.event.Event$$Lambda/0x000001ff0b172ba0@7cc2d252]
23:38:39.600 [JavaFX Application Thread] WARN  TMXLevelLoader       - TiledMap generated from 1.11.2. Supported version: 1.9.0. Some features may not be parsed fully.
23:38:39.605 [JavaFX Application Thread] DEBUG TMXLevelLoader       - Parsed TiledMap: file:/C:/Users/Lenovo/ProjectJava3.0/myproject/myproject/target/classes/assets/levels/battle1.tmx
23:38:39.605 [JavaFX Application Thread] DEBUG TMXLevelLoader       - Creating tile layer entities
23:38:39.606 [JavaFX Application Thread] DEBUG TilesetLoader        - Loading view for layer Tile Layer 1
23:38:39.607 [JavaFX Application Thread] DEBUG TilesetLoader        - Created buffer with size 2048.0x1024.0
23:38:39.694 [JavaFX Application Thread] DEBUG TMXLevelLoader       - Creating object layer entities
23:38:39.695 [JavaFX Application Thread] DEBUG FXGLAssetLoaderServi - Loading from file system: file:/C:/Users/Lenovo/ProjectJava3.0/myproject/myproject/target/classes/assets/textures/Rex.png
23:38:39.704 [JavaFX Application Thread] DEBUG FXGLAssetLoaderServi - Loading from file system: file:/C:/Users/Lenovo/ProjectJava3.0/myproject/myproject/target/classes/assets/textures/Reid.png
23:38:39.767 [JavaFX Application Thread] DEBUG FXGLAssetLoaderServi - Loading from file system: file:/C:/Users/Lenovo/ProjectJava3.0/myproject/myproject/target/classes/assets/textures/marsha.png
23:38:39.819 [JavaFX Application Thread] DEBUG GameWorld            - Clearing removable entities
23:38:39.825 [JavaFX Application Thread] DEBUG GameWorld            - Setting level: com.almasb.fxgl.entity.level.Level@7e47bf87
23:38:39.829 [JavaFX Application Thread] WARN  TMXLevelLoader       - TiledMap generated from 1.11.2. Supported version: 1.9.0. Some features may not be parsed fully.
23:38:39.833 [JavaFX Application Thread] DEBUG TMXLevelLoader       - Parsed TiledMap: file:/C:/Users/Lenovo/ProjectJava3.0/myproject/myproject/target/classes/assets/levels/battle1.tmx
23:38:39.833 [JavaFX Application Thread] DEBUG TMXLevelLoader       - Creating tile layer entities
23:38:39.834 [JavaFX Application Thread] DEBUG TilesetLoader        - Loading view for layer Tile Layer 1
23:38:39.834 [JavaFX Application Thread] DEBUG TilesetLoader        - Created buffer with size 2048.0x1024.0
23:38:39.919 [JavaFX Application Thread] DEBUG TMXLevelLoader       - Creating object layer entities
23:38:45.399 [JavaFX Application Thread] DEBUG EventBus             - Firing event: com.GameEvent.BackMainScene[source=javafx.event.Event$$Lambda/0x000001ff0b172ba0@7cc2d252]
23:38:45.401 [JavaFX Application Thread] WARN  TMXLevelLoader       - TiledMap generated from 1.11.2. Supported version: 1.9.0. Some features may not be parsed fully.
23:38:45.409 [JavaFX Application Thread] DEBUG TMXLevelLoader       - Parsed TiledMap: file:/C:/Users/Lenovo/ProjectJava3.0/myproject/myproject/target/classes/assets/levels/scene1.tmx
23:38:45.409 [JavaFX Application Thread] DEBUG TMXLevelLoader       - Creating tile layer entities
23:38:45.409 [JavaFX Application Thread] DEBUG TilesetLoader        - Loading view for layer lowefloor
23:38:45.409 [JavaFX Application Thread] DEBUG TilesetLoader        - Created buffer with size 512.0x1024.0
23:38:45.429 [JavaFX Application Thread] DEBUG TilesetLoader        - Loading view for layer cliff
23:38:45.430 [JavaFX Application Thread] DEBUG TilesetLoader        - Created buffer with size 512.0x1024.0
23:38:45.431 [JavaFX Application Thread] DEBUG TilesetLoader        - Loading view for layer cliff1
23:38:45.431 [JavaFX Application Thread] DEBUG TilesetLoader        - Created buffer with size 512.0x1024.0
23:38:45.432 [JavaFX Application Thread] DEBUG TilesetLoader        - Loading view for layer cliff2
23:38:45.432 [JavaFX Application Thread] DEBUG TilesetLoader        - Created buffer with size 512.0x1024.0
23:38:45.433 [JavaFX Application Thread] DEBUG TilesetLoader        - Loading view for layer Tile Layer 3
23:38:45.433 [JavaFX Application Thread] DEBUG TilesetLoader        - Created buffer with size 512.0x1024.0
23:38:45.434 [JavaFX Application Thread] DEBUG TilesetLoader        - Loading view for layer Tile Layer 6
23:38:45.434 [JavaFX Application Thread] DEBUG TilesetLoader        - Created buffer with size 512.0x1024.0
23:38:45.477 [JavaFX Application Thread] DEBUG TilesetLoader        - Loading view for layer prop
23:38:45.477 [JavaFX Application Thread] DEBUG TilesetLoader        - Created buffer with size 512.0x1024.0
23:38:45.478 [JavaFX Application Thread] DEBUG TMXLevelLoader       - Creating object layer entities
23:38:45.483 [JavaFX Application Thread] DEBUG GameWorld            - Clearing removable entities
23:38:45.484 [JavaFX Application Thread] DEBUG GameWorld            - Setting level: com.almasb.fxgl.entity.level.Level@3616d4fd
23:38:45.489 [JavaFX Application Thread] WARN  TMXLevelLoader       - TiledMap generated from 1.11.2. Supported version: 1.9.0. Some features may not be parsed fully.
23:38:45.495 [JavaFX Application Thread] DEBUG TMXLevelLoader       - Parsed TiledMap: file:/C:/Users/Lenovo/ProjectJava3.0/myproject/myproject/target/classes/assets/levels/scene1.tmx
23:38:45.495 [JavaFX Application Thread] DEBUG TMXLevelLoader       - Creating tile layer entities
23:38:45.495 [JavaFX Application Thread] DEBUG TilesetLoader        - Loading view for layer lowefloor
23:38:45.495 [JavaFX Application Thread] DEBUG TilesetLoader        - Created buffer with size 512.0x1024.0
23:38:45.516 [JavaFX Application Thread] DEBUG TilesetLoader        - Loading view for layer cliff
23:38:45.519 [JavaFX Application Thread] DEBUG TilesetLoader        - Created buffer with size 512.0x1024.0
23:38:45.520 [JavaFX Application Thread] DEBUG TilesetLoader        - Loading view for layer cliff1
23:38:45.521 [JavaFX Application Thread] DEBUG TilesetLoader        - Created buffer with size 512.0x1024.0
23:38:45.521 [JavaFX Application Thread] DEBUG TilesetLoader        - Loading view for layer cliff2
23:38:45.521 [JavaFX Application Thread] DEBUG TilesetLoader        - Created buffer with size 512.0x1024.0
23:38:45.522 [JavaFX Application Thread] DEBUG TilesetLoader        - Loading view for layer Tile Layer 3
23:38:45.523 [JavaFX Application Thread] DEBUG TilesetLoader        - Created buffer with size 512.0x1024.0
23:38:45.523 [JavaFX Application Thread] DEBUG TilesetLoader        - Loading view for layer Tile Layer 6
23:38:45.523 [JavaFX Application Thread] DEBUG TilesetLoader        - Created buffer with size 512.0x1024.0
23:38:45.573 [JavaFX Application Thread] DEBUG TilesetLoader        - Loading view for layer prop
23:38:45.574 [JavaFX Application Thread] DEBUG TilesetLoader        - Created buffer with size 512.0x1024.0
23:38:45.574 [JavaFX Application Thread] DEBUG TMXLevelLoader       - Creating object layer entities
23:39:01.559 [JavaFX Application Thread] DEBUG FXGLApplication      - Exiting FXGL
23:39:01.559 [JavaFX Application Thread] DEBUG LoopRunner           - Stopping loop
23:39:01.559 [JavaFX Application Thread] DEBUG SystemBundleService  - Saving FXGL system data
23:39:01.561 [JavaFX Application Thread] DEBUG FileSystemAccess     - Writing to: C:\Users\Lenovo\ProjectJava3.0\myproject\myproject\system\fxgl.bundle
23:39:01.563 [JavaFX Application Thread] DEBUG Async                - Shutting down background threads
23:39:01.563 [JavaFX Application Thread] DEBUG PrimaryStageWindow   - Closing main window
23:39:01.610 [JavaFX Application Thread] DEBUG Logger               - Closing Logger
