23:39:12.106 [main                     ] DEBUG Logger               - Configured Logger
23:39:12.124 [main                     ] DEBUG GameApplication      - Logging settings
Title: Final Journey
Version: Alpha
Width: 1280
Height: 720
Fullscreen: true
Intro: false
Profiling: false
Single step:false
App Mode: DEVELOPER
Menu Key: ESCAPE
Stage Style: DECORATED
Scene Factory: class com.almasb.fxgl.app.scene.SceneFactory

23:39:12.531 [JavaFX Application Thread] DEBUG FXGLApplication      - Initializing FXGL
23:39:12.534 [JavaFX Application Thread] INFO  Engine               - FXGL-21.1 (27.03.2024 07.52) on WINDOWS (J:21.0.5 FX:21.0.1)
23:39:12.535 [JavaFX Application Thread] DEBUG Engine               - JRE Vendor Name: Eclipse Adoptium
23:39:12.535 [JavaFX Application Thread] DEBUG Engine               - Running on OS: Windows 11 version 10.0
23:39:12.535 [JavaFX Application Thread] DEBUG Engine               - Architecture: amd64
23:39:12.535 [JavaFX Application Thread] INFO  Engine               - Source code and latest versions at: https://github.com/AlmasB/FXGL
23:39:12.536 [JavaFX Application Thread] INFO  Engine               -       Ask questions and discuss at: https://github.com/AlmasB/FXGL/discussions
23:39:12.536 [JavaFX Application Thread] INFO  Engine               -              Join the FXGL chat at: https://gitter.im/AlmasB/FXGL
23:39:12.628 [JavaFX Application Thread] DEBUG PrimaryStageWindow   - Creating a JavaFX scene
23:39:12.678 [JavaFX Application Thread] DEBUG PrimaryStageWindow   - Target settings size: 1280.0 x 720.0
23:39:12.678 [JavaFX Application Thread] DEBUG PrimaryStageWindow   - Scaled scene size:    1280.0 x 720.0
23:39:12.678 [JavaFX Application Thread] DEBUG PrimaryStageWindow   - Scaled ratio: (1.0, 1.0)
23:39:12.679 [JavaFX Application Thread] DEBUG PrimaryStageWindow   - Set initial scene to FXGLStartupScene
23:39:12.683 [JavaFX Application Thread] DEBUG PrimaryStageWindow   - Opening main window
23:39:12.775 [JavaFX Application Thread] DEBUG PrimaryStageWindow   - Window border size: (14.4000244140625, 37.5999755859375)
23:39:12.775 [JavaFX Application Thread] DEBUG PrimaryStageWindow   - Scaled size: 1280.0 x 720.0
23:39:12.775 [JavaFX Application Thread] DEBUG PrimaryStageWindow   - Scaled ratio: (1.0, 1.0)
23:39:12.775 [JavaFX Application Thread] DEBUG PrimaryStageWindow   - Scene size: 1280.0 x 720.0
23:39:12.775 [JavaFX Application Thread] DEBUG PrimaryStageWindow   - Stage size: 1294.4000244140625 x 757.5999755859375
23:39:12.844 [JavaFX Application Thread] DEBUG PrimaryStageWindow   - Going fullscreen
23:39:12.852 [FXGL Background Thread 1 ] DEBUG Engine               - Initializing environment variables
23:39:12.900 [FXGL Background Thread 1 ] DEBUG FXGLAssetLoaderServi - User app class for loading assets: class com.project.App
23:39:12.900 [FXGL Background Thread 1 ] DEBUG GameApplicationServi - Applying CSS: fxgl_dark.css
23:39:12.901 [FXGL Background Thread 1 ] DEBUG FXGLAssetLoaderServi - Loading from file system: jar:file:/C:/Users/Lenovo/.m2/repository/com/github/almasb/fxgl/21.1/fxgl-21.1.jar!/fxglassets/ui/css/fxgl_dark.css
23:39:12.935 [FXGL Background Thread 1 ] DEBUG GameApplicationServi - Initializing application scenes
23:39:12.976 [FXGL Background Thread 1 ] DEBUG GameWorld            - Game world initialized
23:39:13.034 [FXGL Background Thread 1 ] DEBUG PhysicsWorld         - Physics world initialized: appHeight=720, physics.ppm=50.0
23:39:13.034 [FXGL Background Thread 1 ] DEBUG PhysicsWorld         - Using strategy: BRUTE_FORCE
23:39:13.037 [FXGL Background Thread 1 ] DEBUG GameScene            - Game scene initialized: 1280x720
23:39:13.049 [FXGL Background Thread 1 ] DEBUG FXGL.DefaultMenu     - createMenuBodyGameMenu()
23:39:13.062 [FXGL Background Thread 1 ] DEBUG FXGL.DefaultMenu     - createOptionsMenu()
23:39:13.070 [FXGL Background Thread 1 ] DEBUG FXGLAssetLoaderServi - Loading from file system: jar:file:/C:/Users/Lenovo/.m2/repository/com/github/almasb/fxgl/21.1/fxgl-21.1.jar!/fxglassets/textures/particles/smoke.png
23:39:13.160 [FXGL Background Thread 1 ] DEBUG FXGLAssetLoaderServi - Loading from file system: jar:file:/C:/Users/Lenovo/.m2/repository/com/github/almasb/fxgl/21.1/fxgl-21.1.jar!/fxglassets/textures/particles/trace_horizontal.png
23:39:13.182 [FXGL Background Thread 1 ] DEBUG GameApplicationServi - Application scenes initialized
23:39:13.195 [FXGL Background Thread 1 ] DEBUG SystemBundleService  - Loading FXGL system data
23:39:13.198 [FXGL Background Thread 1 ] DEBUG FileSystemAccess     - Reading from: C:\Users\Lenovo\ProjectJava3.0\myproject\myproject\system\fxgl.bundle
23:39:13.205 [FXGL Background Thread 1 ] DEBUG SystemBundleService  - Bundle FXGL: {}
23:39:13.205 [FXGL Background Thread 1 ] DEBUG UpdaterService       - Checking for updates
23:39:13.231 [FXGL Background Thread 4 ] DEBUG FXGLApplication      - Loading fonts
23:39:13.232 [FXGL Background Thread 4 ] DEBUG FXGLAssetLoaderServi - Loading from file system: jar:file:/C:/Users/Lenovo/.m2/repository/com/github/almasb/fxgl/21.1/fxgl-21.1.jar!/fxglassets/ui/fonts/VarelaRound-Regular.ttf
23:39:13.232 [FXGL Background Thread 1 ] DEBUG FXGLApplication      - Loading default localization
23:39:13.232 [FXGL Background Thread 1 ] DEBUG FXGLAssetLoaderServi - Loading from file system: jar:file:/C:/Users/Lenovo/.m2/repository/com/github/almasb/fxgl/21.1/fxgl-21.1.jar!/fxglassets/languages/english.lang
23:39:13.263 [FXGL Background Thread 4 ] DEBUG FXGLAssetLoaderServi - Loading from file system: jar:file:/C:/Users/Lenovo/.m2/repository/com/github/almasb/fxgl/21.1/fxgl-21.1.jar!/fxglassets/ui/fonts/Abel-Regular.ttf
23:39:13.267 [FXGL Background Thread 4 ] DEBUG FXGLAssetLoaderServi - Loading from file system: jar:file:/C:/Users/Lenovo/.m2/repository/com/github/almasb/fxgl/21.1/fxgl-21.1.jar!/fxglassets/ui/fonts/TerminalLandMono-Regular.otf
23:39:13.269 [FXGL Background Thread 1 ] INFO  FXGLApplication      - FXGL initialization took: 0.417 sec
23:39:13.270 [FXGL Background Thread 4 ] DEBUG FXGLAssetLoaderServi - Loading from file system: jar:file:/C:/Users/Lenovo/.m2/repository/com/github/almasb/fxgl/21.1/fxgl-21.1.jar!/fxglassets/ui/fonts/Courier-Prime.ttf
23:39:13.279 [JavaFX Application Thread] DEBUG Input                - Registered new binding: Right - D
23:39:13.279 [JavaFX Application Thread] DEBUG Input                - Registered new binding: Left - A
23:39:13.279 [JavaFX Application Thread] DEBUG Input                - Registered new binding: Up - W
23:39:13.279 [JavaFX Application Thread] DEBUG Input                - Registered new binding: Down - S
23:39:13.279 [JavaFX Application Thread] DEBUG Input                - Registered new binding: Interact - E
23:39:13.280 [JavaFX Application Thread] DEBUG FXGLAssetLoaderServi - Loading from file system: jar:file:/C:/Users/Lenovo/.m2/repository/com/github/almasb/fxgl/21.1/fxgl-21.1.jar!/fxglassets/textures/fxgl_icon.png
23:39:13.294 [JavaFX Application Thread] DEBUG FXGLAssetLoaderServi - Loading from file system: jar:file:/C:/Users/Lenovo/.m2/repository/com/github/almasb/fxgl/21.1/fxgl-21.1.jar!/fxglassets/textures/fxgl_default_cursor.png
23:39:13.297 [JavaFX Application Thread] DEBUG Input                - Registered new binding: Screenshot - CTRL+8
23:39:13.298 [JavaFX Application Thread] DEBUG Input                - Registered new binding: Dev Options - 1
23:39:13.298 [JavaFX Application Thread] DEBUG Input                - Registered new binding: Dev Console - 2
23:39:13.299 [JavaFX Application Thread] DEBUG Input                - Registered new binding: System info dump - CTRL+9
23:39:13.300 [JavaFX Application Thread] DEBUG Input                - Registered new binding: Restart - CTRL+R
23:39:13.301 [JavaFX Application Thread] DEBUG Input                - Registered new binding: Toggle Debug Camera - CTRL+7
23:39:13.305 [JavaFX Application Thread] DEBUG LoopRunner           - Starting loop
23:39:13.328 [JavaFX Application Thread] DEBUG LoopRunner           - Initializing JavaFX AnimationTimerLoop
23:39:13.331 [JavaFX Application Thread] DEBUG GameApplicationServi - Starting new game
23:39:13.331 [JavaFX Application Thread] DEBUG Input                - Clearing active input actions
23:39:13.340 [JavaFX Application Thread] DEBUG GameApplicationServi - Removing overlay from FXGLStartupScene and adding to FXGLLoadingScene
23:39:13.344 [JavaFX Application Thread] DEBUG PrimaryStageWindow   - FXGLStartupScene -> FXGLLoadingScene
23:39:13.344 [JavaFX Application Thread] DEBUG GameApplicationServi - Clearing previous game
23:39:13.345 [JavaFX Application Thread] DEBUG GameScene            - Clearing game scene
23:39:13.345 [JavaFX Application Thread] DEBUG GameWorld            - Clearing game world
23:39:13.345 [JavaFX Application Thread] DEBUG PhysicsWorld         - Clearing physics world
23:39:13.346 [FXGL Background Thread 4 ] DEBUG FXGLApplication      - Initializing game
23:39:13.346 [JavaFX Application Thread] DEBUG FXGLApplication      - Registering font factories with UI factory
23:39:13.409 [FXGL Background Thread 4 ] WARN  TMXLevelLoader       - TiledMap generated from 1.11.2. Supported version: 1.9.0. Some features may not be parsed fully.
23:39:13.438 [FXGL Background Thread 4 ] DEBUG TMXLevelLoader       - Parsed TiledMap: file:/C:/Users/Lenovo/ProjectJava3.0/myproject/myproject/target/classes/assets/levels/scene1.tmx
23:39:13.439 [FXGL Background Thread 4 ] DEBUG TMXLevelLoader       - Creating tile layer entities
23:39:13.442 [FXGL Background Thread 4 ] DEBUG TilesetLoader        - Loading view for layer lowefloor
23:39:13.443 [FXGL Background Thread 4 ] DEBUG TilesetLoader        - Created buffer with size 512.0x1024.0
23:39:13.508 [FXGL Background Thread 4 ] DEBUG TilesetLoader        - Loading view for layer cliff
23:39:13.508 [FXGL Background Thread 4 ] DEBUG TilesetLoader        - Created buffer with size 512.0x1024.0
23:39:13.510 [FXGL Background Thread 4 ] DEBUG TilesetLoader        - Loading view for layer cliff1
23:39:13.511 [FXGL Background Thread 4 ] DEBUG TilesetLoader        - Created buffer with size 512.0x1024.0
23:39:13.512 [FXGL Background Thread 4 ] DEBUG TilesetLoader        - Loading view for layer cliff2
23:39:13.514 [FXGL Background Thread 4 ] DEBUG TilesetLoader        - Created buffer with size 512.0x1024.0
23:39:13.516 [FXGL Background Thread 4 ] DEBUG TilesetLoader        - Loading view for layer Tile Layer 3
23:39:13.517 [FXGL Background Thread 4 ] DEBUG TilesetLoader        - Created buffer with size 512.0x1024.0
23:39:13.517 [FXGL Background Thread 4 ] DEBUG TilesetLoader        - Loading view for layer Tile Layer 6
23:39:13.517 [FXGL Background Thread 4 ] DEBUG TilesetLoader        - Created buffer with size 512.0x1024.0
23:39:13.609 [FXGL Background Thread 4 ] DEBUG TilesetLoader        - Loading view for layer prop
23:39:13.610 [FXGL Background Thread 4 ] DEBUG TilesetLoader        - Created buffer with size 512.0x1024.0
23:39:13.611 [FXGL Background Thread 4 ] DEBUG TMXLevelLoader       - Creating object layer entities
23:39:13.639 [FXGL Background Thread 4 ] DEBUG FXGLAssetLoaderServi - Loading from file system: file:/C:/Users/Lenovo/ProjectJava3.0/myproject/myproject/target/classes/assets/textures/Rex.png
23:39:13.643 [FXGL Background Thread 4 ] WARN  TMXLevelLoader       - TiledMap generated from 1.11.2. Supported version: 1.9.0. Some features may not be parsed fully.
23:39:13.655 [FXGL Background Thread 4 ] DEBUG TMXLevelLoader       - Parsed TiledMap: file:/C:/Users/Lenovo/ProjectJava3.0/myproject/myproject/target/classes/assets/levels/scene1.tmx
23:39:13.655 [FXGL Background Thread 4 ] DEBUG TMXLevelLoader       - Creating tile layer entities
23:39:13.656 [FXGL Background Thread 4 ] DEBUG TilesetLoader        - Loading view for layer lowefloor
23:39:13.656 [FXGL Background Thread 4 ] DEBUG TilesetLoader        - Created buffer with size 512.0x1024.0
23:39:13.678 [FXGL Background Thread 4 ] DEBUG TilesetLoader        - Loading view for layer cliff
23:39:13.679 [FXGL Background Thread 4 ] DEBUG TilesetLoader        - Created buffer with size 512.0x1024.0
23:39:13.679 [FXGL Background Thread 4 ] DEBUG TilesetLoader        - Loading view for layer cliff1
23:39:13.680 [FXGL Background Thread 4 ] DEBUG TilesetLoader        - Created buffer with size 512.0x1024.0
23:39:13.681 [FXGL Background Thread 4 ] DEBUG TilesetLoader        - Loading view for layer cliff2
23:39:13.681 [FXGL Background Thread 4 ] DEBUG TilesetLoader        - Created buffer with size 512.0x1024.0
23:39:13.682 [FXGL Background Thread 4 ] DEBUG TilesetLoader        - Loading view for layer Tile Layer 3
23:39:13.683 [FXGL Background Thread 4 ] DEBUG TilesetLoader        - Created buffer with size 512.0x1024.0
23:39:13.684 [FXGL Background Thread 4 ] DEBUG TilesetLoader        - Loading view for layer Tile Layer 6
23:39:13.684 [FXGL Background Thread 4 ] DEBUG TilesetLoader        - Created buffer with size 512.0x1024.0
23:39:13.733 [FXGL Background Thread 4 ] DEBUG TilesetLoader        - Loading view for layer prop
23:39:13.733 [FXGL Background Thread 4 ] DEBUG TilesetLoader        - Created buffer with size 512.0x1024.0
23:39:13.734 [FXGL Background Thread 4 ] DEBUG TMXLevelLoader       - Creating object layer entities
23:39:13.745 [FXGL Background Thread 4 ] DEBUG GameWorld            - Clearing removable entities
23:39:13.746 [FXGL Background Thread 4 ] DEBUG GameWorld            - Setting level: com.almasb.fxgl.entity.level.Level@3952e12d
23:39:13.764 [FXGL Background Thread 4 ] DEBUG FXGLAssetLoaderServi - Loading from file system: file:/C:/Users/Lenovo/ProjectJava3.0/myproject/myproject/target/classes/assets/textures/Actor1.png
23:39:13.780 [FXGL Background Thread 4 ] INFO  FXGLApplication      - Game initialization took: 0.434 sec
23:39:13.781 [JavaFX Application Thread] DEBUG Input                - Clearing active input actions
23:39:13.791 [JavaFX Application Thread] DEBUG GameApplicationServi - Removing overlay from FXGLLoadingScene and adding to GameScene
23:39:13.796 [JavaFX Application Thread] DEBUG PrimaryStageWindow   - FXGLLoadingScene -> GameScene
23:39:16.231 [FXGL Background Thread 3 ] DEBUG Engine               - Logging environment variables
23:39:16.231 [FXGL Background Thread 3 ] DEBUG Engine               - achievements: []
23:39:16.231 [FXGL Background Thread 3 ] DEBUG Engine               - actualHeight: 864.0
23:39:16.232 [FXGL Background Thread 3 ] DEBUG Engine               - actualHeightProperty: ReadOnlyDoubleProperty [value: 864.0]
23:39:16.232 [FXGL Background Thread 3 ] DEBUG Engine               - actualWidth: 1536.0
23:39:16.232 [FXGL Background Thread 3 ] DEBUG Engine               - actualWidthProperty: ReadOnlyDoubleProperty [value: 1536.0]
23:39:16.232 [FXGL Background Thread 3 ] DEBUG Engine               - appIcon: fxgl_icon.png
23:39:16.232 [FXGL Background Thread 3 ] DEBUG Engine               - applicationMode: DEVELOPER
23:39:16.232 [FXGL Background Thread 3 ] DEBUG Engine               - cSSList: [fxgl_dark.css]
23:39:16.232 [FXGL Background Thread 3 ] DEBUG Engine               - collisionDetectionStrategy: BRUTE_FORCE
23:39:16.232 [FXGL Background Thread 3 ] DEBUG Engine               - configClass: Optional.empty
23:39:16.232 [FXGL Background Thread 3 ] DEBUG Engine               - credits: []
23:39:16.232 [FXGL Background Thread 3 ] DEBUG Engine               - defaultCursor: CursorInfo(imageName=fxgl_default_cursor.png, hotspotX=7.0, hotspotY=6.0)
23:39:16.233 [FXGL Background Thread 3 ] DEBUG Engine               - devBBoxColorProperty: ObjectProperty [value: 0xff0000ff]
23:39:16.233 [FXGL Background Thread 3 ] DEBUG Engine               - devEnableDebugCameraProperty: BooleanProperty [value: false]
23:39:16.233 [FXGL Background Thread 3 ] DEBUG Engine               - devSensorColorProperty: ObjectProperty [value: 0xffff00ff]
23:39:16.233 [FXGL Background Thread 3 ] DEBUG Engine               - devShowBBoxProperty: BooleanProperty [value: false]
23:39:16.233 [FXGL Background Thread 3 ] DEBUG Engine               - devShowPositionProperty: BooleanProperty [value: false]
23:39:16.233 [FXGL Background Thread 3 ] DEBUG Engine               - enabledMenuItems: []
23:39:16.233 [FXGL Background Thread 3 ] DEBUG Engine               - engineServices: [class com.almasb.fxgl.app.services.FXGLAssetLoaderService, class com.almasb.fxgl.app.FXGLApplication$GameApplicationService, class com.almasb.fxgl.app.services.FXGLDialogService, class com.almasb.fxgl.app.services.IOTaskExecutorService, class com.almasb.fxgl.io.FileSystemService, class com.almasb.fxgl.localization.LocalizationService, class com.almasb.fxgl.app.services.SystemBundleService, class com.almasb.fxgl.profile.SaveLoadService, class com.almasb.fxgl.ui.FXGLUIFactoryServiceProvider, class com.almasb.fxgl.ui.FXGLDialogFactoryServiceProvider, class com.almasb.fxgl.audio.AudioPlayer, class com.almasb.fxgl.notification.impl.NotificationServiceProvider, class com.almasb.fxgl.achievement.AchievementService, class com.almasb.fxgl.cutscene.CutsceneService, class com.almasb.fxgl.minigames.MiniGameService, class com.almasb.fxgl.net.NetService, class com.almasb.fxgl.app.services.UpdaterService, class com.almasb.fxgl.dev.DevService]
23:39:16.233 [FXGL Background Thread 3 ] DEBUG Engine               - fontGame: Abel-Regular.ttf
23:39:16.233 [FXGL Background Thread 3 ] DEBUG Engine               - fontMono: TerminalLandMono-Regular.otf
23:39:16.233 [FXGL Background Thread 3 ] DEBUG Engine               - fontSizeScaleUI: 1.0
23:39:16.233 [FXGL Background Thread 3 ] DEBUG Engine               - fontText: Courier-Prime.ttf
23:39:16.233 [FXGL Background Thread 3 ] DEBUG Engine               - fontUI: VarelaRound-Regular.ttf
23:39:16.233 [FXGL Background Thread 3 ] DEBUG Engine               - fullScreen: BooleanProperty [value: true]
23:39:16.233 [FXGL Background Thread 3 ] DEBUG Engine               - gameDifficulty: MEDIUM
23:39:16.233 [FXGL Background Thread 3 ] DEBUG Engine               - gameDifficultyProperty: ObjectProperty [value: MEDIUM]
23:39:16.233 [FXGL Background Thread 3 ] DEBUG Engine               - globalMusicVolume: 0.5
23:39:16.233 [FXGL Background Thread 3 ] DEBUG Engine               - globalMusicVolumeProperty: DoubleProperty [value: 0.5]
23:39:16.233 [FXGL Background Thread 3 ] DEBUG Engine               - globalSoundVolume: 0.5
23:39:16.233 [FXGL Background Thread 3 ] DEBUG Engine               - globalSoundVolumeProperty: DoubleProperty [value: 0.5]
23:39:16.234 [FXGL Background Thread 3 ] DEBUG Engine               - height: 720
23:39:16.234 [FXGL Background Thread 3 ] DEBUG Engine               - is3D: false
23:39:16.234 [FXGL Background Thread 3 ] DEBUG Engine               - isAndroid: false
23:39:16.234 [FXGL Background Thread 3 ] DEBUG Engine               - isBrowser: false
23:39:16.234 [FXGL Background Thread 3 ] DEBUG Engine               - isClickFeedbackEnabled: false
23:39:16.234 [FXGL Background Thread 3 ] DEBUG Engine               - isCloseConfirmation: false
23:39:16.234 [FXGL Background Thread 3 ] DEBUG Engine               - isDesktop: true
23:39:16.234 [FXGL Background Thread 3 ] DEBUG Engine               - isDeveloperMenuEnabled: true
23:39:16.234 [FXGL Background Thread 3 ] DEBUG Engine               - isEmbedded: false
23:39:16.234 [FXGL Background Thread 3 ] DEBUG Engine               - isEntityPreloadEnabled: true
23:39:16.234 [FXGL Background Thread 3 ] DEBUG Engine               - isExperimentalTiledLargeMap: false
23:39:16.234 [FXGL Background Thread 3 ] DEBUG Engine               - isFileSystemWriteAllowed: true
23:39:16.234 [FXGL Background Thread 3 ] DEBUG Engine               - isFullScreenAllowed: true
23:39:16.234 [FXGL Background Thread 3 ] DEBUG Engine               - isFullScreenFromStart: true
23:39:16.234 [FXGL Background Thread 3 ] DEBUG Engine               - isGameMenuEnabled: true
23:39:16.234 [FXGL Background Thread 3 ] DEBUG Engine               - isIOS: false
23:39:16.234 [FXGL Background Thread 3 ] DEBUG Engine               - isIntroEnabled: false
23:39:16.234 [FXGL Background Thread 3 ] DEBUG Engine               - isLinux: false
23:39:16.234 [FXGL Background Thread 3 ] DEBUG Engine               - isMac: false
23:39:16.235 [FXGL Background Thread 3 ] DEBUG Engine               - isMainMenuEnabled: false
23:39:16.235 [FXGL Background Thread 3 ] DEBUG Engine               - isManualResizeEnabled: false
23:39:16.235 [FXGL Background Thread 3 ] DEBUG Engine               - isMobile: false
23:39:16.235 [FXGL Background Thread 3 ] DEBUG Engine               - isNative: false
23:39:16.235 [FXGL Background Thread 3 ] DEBUG Engine               - isPauseMusicWhenMinimized: true
23:39:16.235 [FXGL Background Thread 3 ] DEBUG Engine               - isPreserveResizeRatio: false
23:39:16.235 [FXGL Background Thread 3 ] DEBUG Engine               - isProfilingEnabled: false
23:39:16.235 [FXGL Background Thread 3 ] DEBUG Engine               - isScaleAffectedOnResize: true
23:39:16.235 [FXGL Background Thread 3 ] DEBUG Engine               - isSingleStep: false
23:39:16.235 [FXGL Background Thread 3 ] DEBUG Engine               - isUserProfileEnabled: false
23:39:16.235 [FXGL Background Thread 3 ] DEBUG Engine               - isWindows: true
23:39:16.235 [FXGL Background Thread 3 ] DEBUG Engine               - language: ObjectProperty [value: ENGLISH]
23:39:16.235 [FXGL Background Thread 3 ] DEBUG Engine               - menuKey: ESCAPE
23:39:16.235 [FXGL Background Thread 3 ] DEBUG Engine               - mouseSensitivity: 0.2
23:39:16.235 [FXGL Background Thread 3 ] DEBUG Engine               - notificationViewClass: class com.almasb.fxgl.notification.view.XboxNotificationView
23:39:16.235 [FXGL Background Thread 3 ] DEBUG Engine               - pixelsPerMeter: 50.0
23:39:16.235 [FXGL Background Thread 3 ] DEBUG Engine               - platform: WINDOWS
23:39:16.235 [FXGL Background Thread 3 ] DEBUG Engine               - prefHeightProperty: ReadOnlyDoubleProperty [value: 720.0]
23:39:16.235 [FXGL Background Thread 3 ] DEBUG Engine               - prefWidthProperty: ReadOnlyDoubleProperty [value: 1280.0]
23:39:16.235 [FXGL Background Thread 3 ] DEBUG Engine               - profileDir: profiles/
23:39:16.235 [FXGL Background Thread 3 ] DEBUG Engine               - profileName: StringProperty [value: DEFAULT]
23:39:16.235 [FXGL Background Thread 3 ] DEBUG Engine               - randomSeed: -1
23:39:16.236 [FXGL Background Thread 3 ] DEBUG Engine               - runtimeInfo: RuntimeInfo(platform=WINDOWS, version=21.1, build=27.03.2024 07.52)
23:39:16.236 [FXGL Background Thread 3 ] DEBUG Engine               - saveFileExt: sav
23:39:16.236 [FXGL Background Thread 3 ] DEBUG Engine               - scaledHeightProp$fxgl: DoubleProperty [bound, value: 864.0]
23:39:16.236 [FXGL Background Thread 3 ] DEBUG Engine               - scaledWidthProp$fxgl: DoubleProperty [bound, value: 1536.0]
23:39:16.236 [FXGL Background Thread 3 ] DEBUG Engine               - sceneFactory: com.almasb.fxgl.app.scene.SceneFactory@7e9d97ef
23:39:16.236 [FXGL Background Thread 3 ] DEBUG Engine               - secondsIn24h: 60
23:39:16.236 [FXGL Background Thread 3 ] DEBUG Engine               - soundMenuBack: menu/back.wav
23:39:16.236 [FXGL Background Thread 3 ] DEBUG Engine               - soundMenuPress: menu/press.wav
23:39:16.236 [FXGL Background Thread 3 ] DEBUG Engine               - soundMenuSelect: menu/select.wav
23:39:16.236 [FXGL Background Thread 3 ] DEBUG Engine               - soundNotification: core/notification.wav
23:39:16.236 [FXGL Background Thread 3 ] DEBUG Engine               - stageStyle: DECORATED
23:39:16.236 [FXGL Background Thread 3 ] DEBUG Engine               - supportedLanguages: [ENGLISH, FRENCH, GERMAN, HUNGARIAN, RUSSIAN]
23:39:16.236 [FXGL Background Thread 3 ] DEBUG Engine               - ticksPerSecond: -1
23:39:16.236 [FXGL Background Thread 3 ] DEBUG Engine               - title: Final Journey
23:39:16.236 [FXGL Background Thread 3 ] DEBUG Engine               - urlGithub: https://github.com/AlmasB/FXGL
23:39:16.236 [FXGL Background Thread 3 ] DEBUG Engine               - urlLeaderboard: http://fxgl-top.herokuapp.com/
23:39:16.236 [FXGL Background Thread 3 ] DEBUG Engine               - urlPOM: https://raw.githubusercontent.com/AlmasB/FXGL/release/README.md
23:39:16.236 [FXGL Background Thread 3 ] DEBUG Engine               - userAppClass: class com.project.App
23:39:16.236 [FXGL Background Thread 3 ] DEBUG Engine               - version: Alpha
23:39:16.236 [FXGL Background Thread 3 ] DEBUG Engine               - versionCheckDays: 7
23:39:16.236 [FXGL Background Thread 3 ] DEBUG Engine               - width: 1280
23:39:16.236 [FXGL Background Thread 3 ] DEBUG Engine               - Logging services
23:39:16.236 [FXGL Background Thread 3 ] DEBUG Engine               - class com.almasb.fxgl.app.services.FXGLAssetLoaderService
23:39:16.236 [FXGL Background Thread 3 ] DEBUG Engine               - class com.almasb.fxgl.app.FXGLApplication$GameApplicationService
23:39:16.237 [FXGL Background Thread 3 ] DEBUG Engine               - class com.almasb.fxgl.app.services.FXGLDialogService
23:39:16.237 [FXGL Background Thread 3 ] DEBUG Engine               - class com.almasb.fxgl.app.services.IOTaskExecutorService
23:39:16.237 [FXGL Background Thread 3 ] DEBUG Engine               - class com.almasb.fxgl.io.FileSystemService
23:39:16.237 [FXGL Background Thread 3 ] DEBUG Engine               - class com.almasb.fxgl.localization.LocalizationService
23:39:16.237 [FXGL Background Thread 3 ] DEBUG Engine               - class com.almasb.fxgl.app.services.SystemBundleService
23:39:16.237 [FXGL Background Thread 3 ] DEBUG Engine               - class com.almasb.fxgl.profile.SaveLoadService
23:39:16.237 [FXGL Background Thread 3 ] DEBUG Engine               - class com.almasb.fxgl.ui.FXGLUIFactoryServiceProvider
23:39:16.237 [FXGL Background Thread 3 ] DEBUG Engine               - class com.almasb.fxgl.ui.FXGLDialogFactoryServiceProvider
23:39:16.237 [FXGL Background Thread 3 ] DEBUG Engine               - class com.almasb.fxgl.audio.AudioPlayer
23:39:16.237 [FXGL Background Thread 3 ] DEBUG Engine               - class com.almasb.fxgl.notification.impl.NotificationServiceProvider
23:39:16.237 [FXGL Background Thread 3 ] DEBUG Engine               - class com.almasb.fxgl.achievement.AchievementService
23:39:16.237 [FXGL Background Thread 3 ] DEBUG Engine               - class com.almasb.fxgl.cutscene.CutsceneService
23:39:16.237 [FXGL Background Thread 3 ] DEBUG Engine               - class com.almasb.fxgl.minigames.MiniGameService
23:39:16.237 [FXGL Background Thread 3 ] DEBUG Engine               - class com.almasb.fxgl.net.NetService
23:39:16.237 [FXGL Background Thread 3 ] DEBUG Engine               - class com.almasb.fxgl.app.services.UpdaterService
23:39:16.237 [FXGL Background Thread 3 ] DEBUG Engine               - class com.almasb.fxgl.dev.DevService
23:39:16.391 [JavaFX Application Thread] DEBUG FXGLAssetLoaderServi - Loading from file system: file:/C:/Users/Lenovo/ProjectJava3.0/myproject/myproject/target/classes/assets/text/filetext.txt
23:39:16.393 [JavaFX Application Thread] DEBUG EventBus             - Firing event: com.GameEvent.CombatScene[source=javafx.event.Event$$Lambda/0x0000023a161729c0@300c5fd5]
23:39:16.401 [JavaFX Application Thread] WARN  TMXLevelLoader       - TiledMap generated from 1.11.2. Supported version: 1.9.0. Some features may not be parsed fully.
23:39:16.410 [JavaFX Application Thread] DEBUG TMXLevelLoader       - Parsed TiledMap: file:/C:/Users/Lenovo/ProjectJava3.0/myproject/myproject/target/classes/assets/levels/battle1.tmx
23:39:16.410 [JavaFX Application Thread] DEBUG TMXLevelLoader       - Creating tile layer entities
23:39:16.411 [JavaFX Application Thread] DEBUG TilesetLoader        - Loading view for layer Tile Layer 1
23:39:16.413 [JavaFX Application Thread] DEBUG TilesetLoader        - Created buffer with size 2048.0x1024.0
23:39:16.526 [JavaFX Application Thread] DEBUG TMXLevelLoader       - Creating object layer entities
23:39:16.528 [JavaFX Application Thread] DEBUG FXGLAssetLoaderServi - Loading from file system: file:/C:/Users/Lenovo/ProjectJava3.0/myproject/myproject/target/classes/assets/textures/Rex.png
23:39:16.537 [JavaFX Application Thread] DEBUG FXGLAssetLoaderServi - Loading from file system: file:/C:/Users/Lenovo/ProjectJava3.0/myproject/myproject/target/classes/assets/textures/Reid.png
23:39:16.591 [JavaFX Application Thread] DEBUG FXGLAssetLoaderServi - Loading from file system: file:/C:/Users/Lenovo/ProjectJava3.0/myproject/myproject/target/classes/assets/textures/marsha.png
23:39:16.633 [JavaFX Application Thread] DEBUG GameWorld            - Clearing removable entities
23:39:16.640 [JavaFX Application Thread] DEBUG GameWorld            - Setting level: com.almasb.fxgl.entity.level.Level@37307088
23:39:16.642 [JavaFX Application Thread] WARN  TMXLevelLoader       - TiledMap generated from 1.11.2. Supported version: 1.9.0. Some features may not be parsed fully.
23:39:16.644 [JavaFX Application Thread] DEBUG TMXLevelLoader       - Parsed TiledMap: file:/C:/Users/Lenovo/ProjectJava3.0/myproject/myproject/target/classes/assets/levels/battle1.tmx
23:39:16.644 [JavaFX Application Thread] DEBUG TMXLevelLoader       - Creating tile layer entities
23:39:16.645 [JavaFX Application Thread] DEBUG TilesetLoader        - Loading view for layer Tile Layer 1
23:39:16.646 [JavaFX Application Thread] DEBUG TilesetLoader        - Created buffer with size 2048.0x1024.0
23:39:16.731 [JavaFX Application Thread] DEBUG TMXLevelLoader       - Creating object layer entities
23:39:27.494 [JavaFX Application Thread] DEBUG EventBus             - Firing event: com.GameEvent.BackMainScene[source=javafx.event.Event$$Lambda/0x0000023a161729c0@300c5fd5]
23:39:27.496 [JavaFX Application Thread] WARN  TMXLevelLoader       - TiledMap generated from 1.11.2. Supported version: 1.9.0. Some features may not be parsed fully.
23:39:27.503 [JavaFX Application Thread] DEBUG TMXLevelLoader       - Parsed TiledMap: file:/C:/Users/Lenovo/ProjectJava3.0/myproject/myproject/target/classes/assets/levels/scene1.tmx
23:39:27.503 [JavaFX Application Thread] DEBUG TMXLevelLoader       - Creating tile layer entities
23:39:27.504 [JavaFX Application Thread] DEBUG TilesetLoader        - Loading view for layer lowefloor
23:39:27.504 [JavaFX Application Thread] DEBUG TilesetLoader        - Created buffer with size 512.0x1024.0
23:39:27.526 [JavaFX Application Thread] DEBUG TilesetLoader        - Loading view for layer cliff
23:39:27.527 [JavaFX Application Thread] DEBUG TilesetLoader        - Created buffer with size 512.0x1024.0
23:39:27.527 [JavaFX Application Thread] DEBUG TilesetLoader        - Loading view for layer cliff1
23:39:27.528 [JavaFX Application Thread] DEBUG TilesetLoader        - Created buffer with size 512.0x1024.0
23:39:27.528 [JavaFX Application Thread] DEBUG TilesetLoader        - Loading view for layer cliff2
23:39:27.528 [JavaFX Application Thread] DEBUG TilesetLoader        - Created buffer with size 512.0x1024.0
23:39:27.529 [JavaFX Application Thread] DEBUG TilesetLoader        - Loading view for layer Tile Layer 3
23:39:27.529 [JavaFX Application Thread] DEBUG TilesetLoader        - Created buffer with size 512.0x1024.0
23:39:27.530 [JavaFX Application Thread] DEBUG TilesetLoader        - Loading view for layer Tile Layer 6
23:39:27.530 [JavaFX Application Thread] DEBUG TilesetLoader        - Created buffer with size 512.0x1024.0
23:39:27.574 [JavaFX Application Thread] DEBUG TilesetLoader        - Loading view for layer prop
23:39:27.575 [JavaFX Application Thread] DEBUG TilesetLoader        - Created buffer with size 512.0x1024.0
23:39:27.575 [JavaFX Application Thread] DEBUG TMXLevelLoader       - Creating object layer entities
23:39:27.580 [JavaFX Application Thread] DEBUG GameWorld            - Clearing removable entities
23:39:27.580 [JavaFX Application Thread] DEBUG GameWorld            - Setting level: com.almasb.fxgl.entity.level.Level@74cecd8d
23:39:27.584 [JavaFX Application Thread] WARN  TMXLevelLoader       - TiledMap generated from 1.11.2. Supported version: 1.9.0. Some features may not be parsed fully.
23:39:27.590 [JavaFX Application Thread] DEBUG TMXLevelLoader       - Parsed TiledMap: file:/C:/Users/Lenovo/ProjectJava3.0/myproject/myproject/target/classes/assets/levels/scene1.tmx
23:39:27.590 [JavaFX Application Thread] DEBUG TMXLevelLoader       - Creating tile layer entities
23:39:27.590 [JavaFX Application Thread] DEBUG TilesetLoader        - Loading view for layer lowefloor
23:39:27.591 [JavaFX Application Thread] DEBUG TilesetLoader        - Created buffer with size 512.0x1024.0
23:39:27.609 [JavaFX Application Thread] DEBUG TilesetLoader        - Loading view for layer cliff
23:39:27.609 [JavaFX Application Thread] DEBUG TilesetLoader        - Created buffer with size 512.0x1024.0
23:39:27.610 [JavaFX Application Thread] DEBUG TilesetLoader        - Loading view for layer cliff1
23:39:27.610 [JavaFX Application Thread] DEBUG TilesetLoader        - Created buffer with size 512.0x1024.0
23:39:27.611 [JavaFX Application Thread] DEBUG TilesetLoader        - Loading view for layer cliff2
23:39:27.611 [JavaFX Application Thread] DEBUG TilesetLoader        - Created buffer with size 512.0x1024.0
23:39:27.612 [JavaFX Application Thread] DEBUG TilesetLoader        - Loading view for layer Tile Layer 3
23:39:27.612 [JavaFX Application Thread] DEBUG TilesetLoader        - Created buffer with size 512.0x1024.0
23:39:27.612 [JavaFX Application Thread] DEBUG TilesetLoader        - Loading view for layer Tile Layer 6
23:39:27.613 [JavaFX Application Thread] DEBUG TilesetLoader        - Created buffer with size 512.0x1024.0
23:39:27.654 [JavaFX Application Thread] DEBUG TilesetLoader        - Loading view for layer prop
23:39:27.654 [JavaFX Application Thread] DEBUG TilesetLoader        - Created buffer with size 512.0x1024.0
23:39:27.655 [JavaFX Application Thread] DEBUG TMXLevelLoader       - Creating object layer entities
23:39:30.284 [JavaFX Application Thread] DEBUG FXGLApplication      - Exiting FXGL
23:39:30.285 [JavaFX Application Thread] DEBUG LoopRunner           - Stopping loop
23:39:30.285 [JavaFX Application Thread] DEBUG SystemBundleService  - Saving FXGL system data
23:39:30.286 [JavaFX Application Thread] DEBUG FileSystemAccess     - Writing to: C:\Users\Lenovo\ProjectJava3.0\myproject\myproject\system\fxgl.bundle
23:39:30.289 [JavaFX Application Thread] DEBUG Async                - Shutting down background threads
23:39:30.290 [JavaFX Application Thread] DEBUG PrimaryStageWindow   - Closing main window
23:39:30.330 [JavaFX Application Thread] DEBUG Logger               - Closing Logger
