03:38:22.494 [main                     ] DEBUG Logger               - Configured Logger
03:38:22.511 [main                     ] DEBUG GameApplication      - Logging settings
Title: Final Journey
Version: Alpha
Width: 1280
Height: 720
Fullscreen: true
Intro: false
Profiling: false
Single step:false
App Mode: DEVELOPER
Menu Key: ESCAPE
Stage Style: DECORATED
Scene Factory: class com.almasb.fxgl.app.scene.SceneFactory

03:38:22.789 [JavaFX Application Thread] DEBUG FXGLApplication      - Initializing FXGL
03:38:22.792 [JavaFX Application Thread] INFO  Engine               - FXGL-21.1 (27.03.2024 07.52) on WINDOWS (J:21.0.5 FX:21.0.1)
03:38:22.792 [JavaFX Application Thread] DEBUG Engine               - JRE Vendor Name: Eclipse Adoptium
03:38:22.792 [JavaFX Application Thread] DEBUG Engine               - Running on OS: Windows 11 version 10.0
03:38:22.793 [JavaFX Application Thread] DEBUG Engine               - Architecture: amd64
03:38:22.793 [JavaFX Application Thread] INFO  Engine               - Source code and latest versions at: https://github.com/AlmasB/FXGL
03:38:22.793 [JavaFX Application Thread] INFO  Engine               -       Ask questions and discuss at: https://github.com/AlmasB/FXGL/discussions
03:38:22.793 [JavaFX Application Thread] INFO  Engine               -              Join the FXGL chat at: https://gitter.im/AlmasB/FXGL
03:38:22.849 [JavaFX Application Thread] DEBUG PrimaryStageWindow   - Creating a JavaFX scene
03:38:22.878 [JavaFX Application Thread] DEBUG PrimaryStageWindow   - Target settings size: 1280.0 x 720.0
03:38:22.878 [JavaFX Application Thread] DEBUG PrimaryStageWindow   - Scaled scene size:    1280.0 x 720.0
03:38:22.878 [JavaFX Application Thread] DEBUG PrimaryStageWindow   - Scaled ratio: (1.0, 1.0)
03:38:22.879 [JavaFX Application Thread] DEBUG PrimaryStageWindow   - Set initial scene to FXGLStartupScene
03:38:22.881 [JavaFX Application Thread] DEBUG PrimaryStageWindow   - Opening main window
03:38:22.944 [JavaFX Application Thread] DEBUG PrimaryStageWindow   - Window border size: (14.4000244140625, 37.5999755859375)
03:38:22.945 [JavaFX Application Thread] DEBUG PrimaryStageWindow   - Scaled size: 1280.0 x 720.0
03:38:22.945 [JavaFX Application Thread] DEBUG PrimaryStageWindow   - Scaled ratio: (1.0, 1.0)
03:38:22.945 [JavaFX Application Thread] DEBUG PrimaryStageWindow   - Scene size: 1280.0 x 720.0
03:38:22.945 [JavaFX Application Thread] DEBUG PrimaryStageWindow   - Stage size: 1294.4000244140625 x 757.5999755859375
03:38:22.984 [JavaFX Application Thread] DEBUG PrimaryStageWindow   - Going fullscreen
03:38:22.991 [FXGL Background Thread 1 ] DEBUG Engine               - Initializing environment variables
03:38:23.027 [FXGL Background Thread 1 ] DEBUG FXGLAssetLoaderServi - User app class for loading assets: class com.project.App
03:38:23.027 [FXGL Background Thread 1 ] DEBUG GameApplicationServi - Applying CSS: fxgl_dark.css
03:38:23.029 [FXGL Background Thread 1 ] DEBUG FXGLAssetLoaderServi - Loading from file system: jar:file:/C:/Users/nitro/.m2/repository/com/github/almasb/fxgl/21.1/fxgl-21.1.jar!/fxglassets/ui/css/fxgl_dark.css
03:38:23.053 [FXGL Background Thread 1 ] DEBUG GameApplicationServi - Initializing application scenes
03:38:23.084 [FXGL Background Thread 1 ] DEBUG GameWorld            - Game world initialized
03:38:23.127 [FXGL Background Thread 1 ] DEBUG PhysicsWorld         - Physics world initialized: appHeight=720, physics.ppm=50.0
03:38:23.128 [FXGL Background Thread 1 ] DEBUG PhysicsWorld         - Using strategy: BRUTE_FORCE
03:38:23.131 [FXGL Background Thread 1 ] DEBUG GameScene            - Game scene initialized: 1280x720
03:38:23.139 [FXGL Background Thread 1 ] DEBUG FXGL.DefaultMenu     - createMenuBodyGameMenu()
03:38:23.148 [FXGL Background Thread 1 ] DEBUG FXGL.DefaultMenu     - createOptionsMenu()
03:38:23.154 [FXGL Background Thread 1 ] DEBUG FXGLAssetLoaderServi - Loading from file system: jar:file:/C:/Users/nitro/.m2/repository/com/github/almasb/fxgl/21.1/fxgl-21.1.jar!/fxglassets/textures/particles/smoke.png
03:38:23.216 [FXGL Background Thread 1 ] DEBUG FXGLAssetLoaderServi - Loading from file system: jar:file:/C:/Users/nitro/.m2/repository/com/github/almasb/fxgl/21.1/fxgl-21.1.jar!/fxglassets/textures/particles/trace_horizontal.png
03:38:23.236 [FXGL Background Thread 1 ] DEBUG GameApplicationServi - Application scenes initialized
03:38:23.244 [FXGL Background Thread 1 ] DEBUG SystemBundleService  - Loading FXGL system data
03:38:23.247 [FXGL Background Thread 1 ] DEBUG FileSystemAccess     - Reading from: C:\Users\nitro\Desktop\ProjectFun2\myproject\myproject\system\fxgl.bundle
03:38:23.254 [FXGL Background Thread 1 ] DEBUG SystemBundleService  - Bundle FXGL: {}
03:38:23.254 [FXGL Background Thread 1 ] DEBUG UpdaterService       - Checking for updates
03:38:23.273 [FXGL Background Thread 4 ] DEBUG FXGLApplication      - Loading fonts
03:38:23.273 [FXGL Background Thread 4 ] DEBUG FXGLAssetLoaderServi - Loading from file system: jar:file:/C:/Users/nitro/.m2/repository/com/github/almasb/fxgl/21.1/fxgl-21.1.jar!/fxglassets/ui/fonts/VarelaRound-Regular.ttf
03:38:23.273 [FXGL Background Thread 1 ] DEBUG FXGLApplication      - Loading default localization
03:38:23.274 [FXGL Background Thread 1 ] DEBUG FXGLAssetLoaderServi - Loading from file system: jar:file:/C:/Users/nitro/.m2/repository/com/github/almasb/fxgl/21.1/fxgl-21.1.jar!/fxglassets/languages/english.lang
03:38:23.290 [FXGL Background Thread 1 ] INFO  FXGLApplication      - FXGL initialization took: 0.299 sec
03:38:23.296 [FXGL Background Thread 4 ] DEBUG FXGLAssetLoaderServi - Loading from file system: jar:file:/C:/Users/nitro/.m2/repository/com/github/almasb/fxgl/21.1/fxgl-21.1.jar!/fxglassets/ui/fonts/Abel-Regular.ttf
03:38:23.296 [JavaFX Application Thread] DEBUG Input                - Registered new binding: Right - D
03:38:23.296 [JavaFX Application Thread] DEBUG Input                - Registered new binding: Left - A
03:38:23.298 [JavaFX Application Thread] DEBUG Input                - Registered new binding: Up - W
03:38:23.298 [JavaFX Application Thread] DEBUG Input                - Registered new binding: Down - S
03:38:23.298 [JavaFX Application Thread] DEBUG Input                - Registered new binding: Interact - E
03:38:23.298 [JavaFX Application Thread] DEBUG FXGLAssetLoaderServi - Loading from file system: jar:file:/C:/Users/nitro/.m2/repository/com/github/almasb/fxgl/21.1/fxgl-21.1.jar!/fxglassets/textures/fxgl_icon.png
03:38:23.299 [FXGL Background Thread 4 ] DEBUG FXGLAssetLoaderServi - Loading from file system: jar:file:/C:/Users/nitro/.m2/repository/com/github/almasb/fxgl/21.1/fxgl-21.1.jar!/fxglassets/ui/fonts/TerminalLandMono-Regular.otf
03:38:23.302 [FXGL Background Thread 4 ] DEBUG FXGLAssetLoaderServi - Loading from file system: jar:file:/C:/Users/nitro/.m2/repository/com/github/almasb/fxgl/21.1/fxgl-21.1.jar!/fxglassets/ui/fonts/Courier-Prime.ttf
03:38:23.313 [JavaFX Application Thread] DEBUG FXGLAssetLoaderServi - Loading from file system: jar:file:/C:/Users/nitro/.m2/repository/com/github/almasb/fxgl/21.1/fxgl-21.1.jar!/fxglassets/textures/fxgl_default_cursor.png
03:38:23.315 [JavaFX Application Thread] DEBUG Input                - Registered new binding: Screenshot - CTRL+8
03:38:23.315 [JavaFX Application Thread] DEBUG Input                - Registered new binding: Dev Options - 1
03:38:23.315 [JavaFX Application Thread] DEBUG Input                - Registered new binding: Dev Console - 2
03:38:23.316 [JavaFX Application Thread] DEBUG Input                - Registered new binding: System info dump - CTRL+9
03:38:23.316 [JavaFX Application Thread] DEBUG Input                - Registered new binding: Restart - CTRL+R
03:38:23.317 [JavaFX Application Thread] DEBUG Input                - Registered new binding: Toggle Debug Camera - CTRL+7
03:38:23.322 [JavaFX Application Thread] DEBUG LoopRunner           - Starting loop
03:38:23.343 [JavaFX Application Thread] DEBUG LoopRunner           - Initializing JavaFX AnimationTimerLoop
03:38:23.345 [JavaFX Application Thread] DEBUG GameApplicationServi - Starting new game
03:38:23.346 [JavaFX Application Thread] DEBUG Input                - Clearing active input actions
03:38:23.355 [JavaFX Application Thread] DEBUG GameApplicationServi - Removing overlay from FXGLStartupScene and adding to FXGLLoadingScene
03:38:23.362 [JavaFX Application Thread] DEBUG PrimaryStageWindow   - FXGLStartupScene -> FXGLLoadingScene
03:38:23.362 [JavaFX Application Thread] DEBUG GameApplicationServi - Clearing previous game
03:38:23.362 [JavaFX Application Thread] DEBUG GameScene            - Clearing game scene
03:38:23.363 [JavaFX Application Thread] DEBUG GameWorld            - Clearing game world
03:38:23.363 [JavaFX Application Thread] DEBUG PhysicsWorld         - Clearing physics world
03:38:23.365 [FXGL Background Thread 4 ] DEBUG FXGLApplication      - Initializing game
03:38:23.366 [JavaFX Application Thread] DEBUG FXGLApplication      - Registering font factories with UI factory
03:38:23.390 [FXGL Background Thread 4 ] WARN  TMXLevelLoader       - TiledMap generated from 1.11.0. Supported version: 1.9.0. Some features may not be parsed fully.
03:38:23.408 [FXGL Background Thread 4 ] DEBUG TMXLevelLoader       - Parsed TiledMap: file:/C:/Users/nitro/Desktop/ProjectFun2/myproject/myproject/target/classes/assets/levels/scene1.tmx
03:38:23.409 [FXGL Background Thread 4 ] DEBUG TMXLevelLoader       - Creating tile layer entities
03:38:23.411 [FXGL Background Thread 4 ] DEBUG TilesetLoader        - Loading view for layer lowefloor
03:38:23.412 [FXGL Background Thread 4 ] DEBUG TilesetLoader        - Created buffer with size 512.0x1024.0
03:38:23.458 [FXGL Background Thread 4 ] DEBUG TilesetLoader        - Loading view for layer cliff
03:38:23.458 [FXGL Background Thread 4 ] DEBUG TilesetLoader        - Created buffer with size 512.0x1024.0
03:38:23.459 [FXGL Background Thread 4 ] DEBUG TilesetLoader        - Loading view for layer cliff1
03:38:23.460 [FXGL Background Thread 4 ] DEBUG TilesetLoader        - Created buffer with size 512.0x1024.0
03:38:23.462 [FXGL Background Thread 4 ] DEBUG TilesetLoader        - Loading view for layer cliff2
03:38:23.463 [FXGL Background Thread 4 ] DEBUG TilesetLoader        - Created buffer with size 512.0x1024.0
03:38:23.465 [FXGL Background Thread 4 ] DEBUG TilesetLoader        - Loading view for layer Tile Layer 3
03:38:23.466 [FXGL Background Thread 4 ] DEBUG TilesetLoader        - Created buffer with size 512.0x1024.0
03:38:23.466 [FXGL Background Thread 4 ] DEBUG TilesetLoader        - Loading view for layer Tile Layer 6
03:38:23.466 [FXGL Background Thread 4 ] DEBUG TilesetLoader        - Created buffer with size 512.0x1024.0
03:38:23.539 [FXGL Background Thread 4 ] DEBUG TilesetLoader        - Loading view for layer prop
03:38:23.540 [FXGL Background Thread 4 ] DEBUG TilesetLoader        - Created buffer with size 512.0x1024.0
03:38:23.540 [FXGL Background Thread 4 ] DEBUG TMXLevelLoader       - Creating object layer entities
03:38:23.573 [FXGL Background Thread 4 ] DEBUG FXGLAssetLoaderServi - Loading from file system: file:/C:/Users/nitro/Desktop/ProjectFun2/myproject/myproject/target/classes/assets/textures/Actor1.png
03:38:23.592 [FXGL Background Thread 4 ] DEBUG FXGLAssetLoaderServi - Loading from file system: file:/C:/Users/nitro/Desktop/ProjectFun2/myproject/myproject/target/classes/assets/textures/Rex.png
03:38:23.596 [FXGL Background Thread 4 ] WARN  TMXLevelLoader       - TiledMap generated from 1.11.0. Supported version: 1.9.0. Some features may not be parsed fully.
03:38:23.603 [FXGL Background Thread 4 ] DEBUG TMXLevelLoader       - Parsed TiledMap: file:/C:/Users/nitro/Desktop/ProjectFun2/myproject/myproject/target/classes/assets/levels/scene1.tmx
03:38:23.603 [FXGL Background Thread 4 ] DEBUG TMXLevelLoader       - Creating tile layer entities
03:38:23.604 [FXGL Background Thread 4 ] DEBUG TilesetLoader        - Loading view for layer lowefloor
03:38:23.604 [FXGL Background Thread 4 ] DEBUG TilesetLoader        - Created buffer with size 512.0x1024.0
03:38:23.623 [FXGL Background Thread 4 ] DEBUG TilesetLoader        - Loading view for layer cliff
03:38:23.623 [FXGL Background Thread 4 ] DEBUG TilesetLoader        - Created buffer with size 512.0x1024.0
03:38:23.624 [FXGL Background Thread 4 ] DEBUG TilesetLoader        - Loading view for layer cliff1
03:38:23.624 [FXGL Background Thread 4 ] DEBUG TilesetLoader        - Created buffer with size 512.0x1024.0
03:38:23.624 [FXGL Background Thread 4 ] DEBUG TilesetLoader        - Loading view for layer cliff2
03:38:23.626 [FXGL Background Thread 4 ] DEBUG TilesetLoader        - Created buffer with size 512.0x1024.0
03:38:23.629 [FXGL Background Thread 4 ] DEBUG TilesetLoader        - Loading view for layer Tile Layer 3
03:38:23.629 [FXGL Background Thread 4 ] DEBUG TilesetLoader        - Created buffer with size 512.0x1024.0
03:38:23.630 [FXGL Background Thread 4 ] DEBUG TilesetLoader        - Loading view for layer Tile Layer 6
03:38:23.630 [FXGL Background Thread 4 ] DEBUG TilesetLoader        - Created buffer with size 512.0x1024.0
03:38:23.678 [FXGL Background Thread 4 ] DEBUG TilesetLoader        - Loading view for layer prop
03:38:23.679 [FXGL Background Thread 4 ] DEBUG TilesetLoader        - Created buffer with size 512.0x1024.0
03:38:23.679 [FXGL Background Thread 4 ] DEBUG TMXLevelLoader       - Creating object layer entities
03:38:23.687 [FXGL Background Thread 4 ] DEBUG GameWorld            - Clearing removable entities
03:38:23.687 [FXGL Background Thread 4 ] DEBUG GameWorld            - Setting level: com.almasb.fxgl.entity.level.Level@3b8e8904
03:38:23.696 [FXGL Background Thread 4 ] INFO  FXGLApplication      - Game initialization took: 0.330 sec
03:38:23.697 [JavaFX Application Thread] DEBUG Input                - Clearing active input actions
03:38:23.703 [JavaFX Application Thread] DEBUG GameApplicationServi - Removing overlay from FXGLLoadingScene and adding to GameScene
03:38:23.707 [JavaFX Application Thread] DEBUG PrimaryStageWindow   - FXGLLoadingScene -> GameScene
03:38:26.143 [JavaFX Application Thread] DEBUG FXGLAssetLoaderServi - Loading from file system: file:/C:/Users/nitro/Desktop/ProjectFun2/myproject/myproject/target/classes/assets/text/filetext.txt
03:38:26.147 [JavaFX Application Thread] DEBUG Input                - Registered new binding: Next RPG Line - Enter
03:38:26.148 [JavaFX Application Thread] DEBUG PrimaryStageWindow   - Push state: CutsceneScene
03:38:26.148 [JavaFX Application Thread] DEBUG Input                - Clearing active input actions
03:38:26.148 [JavaFX Application Thread] DEBUG GameApplicationServi - Removing overlay from GameScene and adding to CutsceneScene
03:38:26.149 [JavaFX Application Thread] DEBUG PrimaryStageWindow   - GameScene -> CutsceneScene
03:38:26.272 [FXGL Background Thread 3 ] DEBUG Engine               - Logging environment variables
03:38:26.272 [FXGL Background Thread 3 ] DEBUG Engine               - achievements: []
03:38:26.272 [FXGL Background Thread 3 ] DEBUG Engine               - actualHeight: 864.0
03:38:26.272 [FXGL Background Thread 3 ] DEBUG Engine               - actualHeightProperty: ReadOnlyDoubleProperty [value: 864.0]
03:38:26.272 [FXGL Background Thread 3 ] DEBUG Engine               - actualWidth: 1536.0
03:38:26.274 [FXGL Background Thread 3 ] DEBUG Engine               - actualWidthProperty: ReadOnlyDoubleProperty [value: 1536.0]
03:38:26.274 [FXGL Background Thread 3 ] DEBUG Engine               - appIcon: fxgl_icon.png
03:38:26.274 [FXGL Background Thread 3 ] DEBUG Engine               - applicationMode: DEVELOPER
03:38:26.274 [FXGL Background Thread 3 ] DEBUG Engine               - cSSList: [fxgl_dark.css]
03:38:26.274 [FXGL Background Thread 3 ] DEBUG Engine               - collisionDetectionStrategy: BRUTE_FORCE
03:38:26.274 [FXGL Background Thread 3 ] DEBUG Engine               - configClass: Optional.empty
03:38:26.274 [FXGL Background Thread 3 ] DEBUG Engine               - credits: []
03:38:26.274 [FXGL Background Thread 3 ] DEBUG Engine               - defaultCursor: CursorInfo(imageName=fxgl_default_cursor.png, hotspotX=7.0, hotspotY=6.0)
03:38:26.274 [FXGL Background Thread 3 ] DEBUG Engine               - devBBoxColorProperty: ObjectProperty [value: 0xff0000ff]
03:38:26.274 [FXGL Background Thread 3 ] DEBUG Engine               - devEnableDebugCameraProperty: BooleanProperty [value: false]
03:38:26.274 [FXGL Background Thread 3 ] DEBUG Engine               - devSensorColorProperty: ObjectProperty [value: 0xffff00ff]
03:38:26.274 [FXGL Background Thread 3 ] DEBUG Engine               - devShowBBoxProperty: BooleanProperty [value: false]
03:38:26.274 [FXGL Background Thread 3 ] DEBUG Engine               - devShowPositionProperty: BooleanProperty [value: false]
03:38:26.274 [FXGL Background Thread 3 ] DEBUG Engine               - enabledMenuItems: []
03:38:26.275 [FXGL Background Thread 3 ] DEBUG Engine               - engineServices: [class com.almasb.fxgl.app.services.FXGLAssetLoaderService, class com.almasb.fxgl.app.FXGLApplication$GameApplicationService, class com.almasb.fxgl.app.services.FXGLDialogService, class com.almasb.fxgl.app.services.IOTaskExecutorService, class com.almasb.fxgl.io.FileSystemService, class com.almasb.fxgl.localization.LocalizationService, class com.almasb.fxgl.app.services.SystemBundleService, class com.almasb.fxgl.profile.SaveLoadService, class com.almasb.fxgl.ui.FXGLUIFactoryServiceProvider, class com.almasb.fxgl.ui.FXGLDialogFactoryServiceProvider, class com.almasb.fxgl.audio.AudioPlayer, class com.almasb.fxgl.notification.impl.NotificationServiceProvider, class com.almasb.fxgl.achievement.AchievementService, class com.almasb.fxgl.cutscene.CutsceneService, class com.almasb.fxgl.minigames.MiniGameService, class com.almasb.fxgl.net.NetService, class com.almasb.fxgl.app.services.UpdaterService, class com.almasb.fxgl.dev.DevService]
03:38:26.275 [FXGL Background Thread 3 ] DEBUG Engine               - fontGame: Abel-Regular.ttf
03:38:26.275 [FXGL Background Thread 3 ] DEBUG Engine               - fontMono: TerminalLandMono-Regular.otf
03:38:26.275 [FXGL Background Thread 3 ] DEBUG Engine               - fontSizeScaleUI: 1.0
03:38:26.275 [FXGL Background Thread 3 ] DEBUG Engine               - fontText: Courier-Prime.ttf
03:38:26.275 [FXGL Background Thread 3 ] DEBUG Engine               - fontUI: VarelaRound-Regular.ttf
03:38:26.275 [FXGL Background Thread 3 ] DEBUG Engine               - fullScreen: BooleanProperty [value: true]
03:38:26.275 [FXGL Background Thread 3 ] DEBUG Engine               - gameDifficulty: MEDIUM
03:38:26.275 [FXGL Background Thread 3 ] DEBUG Engine               - gameDifficultyProperty: ObjectProperty [value: MEDIUM]
03:38:26.275 [FXGL Background Thread 3 ] DEBUG Engine               - globalMusicVolume: 0.5
03:38:26.275 [FXGL Background Thread 3 ] DEBUG Engine               - globalMusicVolumeProperty: DoubleProperty [value: 0.5]
03:38:26.275 [FXGL Background Thread 3 ] DEBUG Engine               - globalSoundVolume: 0.5
03:38:26.275 [FXGL Background Thread 3 ] DEBUG Engine               - globalSoundVolumeProperty: DoubleProperty [value: 0.5]
03:38:26.275 [FXGL Background Thread 3 ] DEBUG Engine               - height: 720
03:38:26.275 [FXGL Background Thread 3 ] DEBUG Engine               - is3D: false
03:38:26.275 [FXGL Background Thread 3 ] DEBUG Engine               - isAndroid: false
03:38:26.275 [FXGL Background Thread 3 ] DEBUG Engine               - isBrowser: false
03:38:26.275 [FXGL Background Thread 3 ] DEBUG Engine               - isClickFeedbackEnabled: false
03:38:26.275 [FXGL Background Thread 3 ] DEBUG Engine               - isCloseConfirmation: false
03:38:26.275 [FXGL Background Thread 3 ] DEBUG Engine               - isDesktop: true
03:38:26.275 [FXGL Background Thread 3 ] DEBUG Engine               - isDeveloperMenuEnabled: true
03:38:26.275 [FXGL Background Thread 3 ] DEBUG Engine               - isEmbedded: false
03:38:26.275 [FXGL Background Thread 3 ] DEBUG Engine               - isEntityPreloadEnabled: true
03:38:26.275 [FXGL Background Thread 3 ] DEBUG Engine               - isExperimentalTiledLargeMap: false
03:38:26.275 [FXGL Background Thread 3 ] DEBUG Engine               - isFileSystemWriteAllowed: true
03:38:26.275 [FXGL Background Thread 3 ] DEBUG Engine               - isFullScreenAllowed: true
03:38:26.275 [FXGL Background Thread 3 ] DEBUG Engine               - isFullScreenFromStart: true
03:38:26.275 [FXGL Background Thread 3 ] DEBUG Engine               - isGameMenuEnabled: true
03:38:26.275 [FXGL Background Thread 3 ] DEBUG Engine               - isIOS: false
03:38:26.275 [FXGL Background Thread 3 ] DEBUG Engine               - isIntroEnabled: false
03:38:26.275 [FXGL Background Thread 3 ] DEBUG Engine               - isLinux: false
03:38:26.275 [FXGL Background Thread 3 ] DEBUG Engine               - isMac: false
03:38:26.275 [FXGL Background Thread 3 ] DEBUG Engine               - isMainMenuEnabled: false
03:38:26.275 [FXGL Background Thread 3 ] DEBUG Engine               - isManualResizeEnabled: false
03:38:26.275 [FXGL Background Thread 3 ] DEBUG Engine               - isMobile: false
03:38:26.275 [FXGL Background Thread 3 ] DEBUG Engine               - isNative: false
03:38:26.275 [FXGL Background Thread 3 ] DEBUG Engine               - isPauseMusicWhenMinimized: true
03:38:26.275 [FXGL Background Thread 3 ] DEBUG Engine               - isPreserveResizeRatio: false
03:38:26.275 [FXGL Background Thread 3 ] DEBUG Engine               - isProfilingEnabled: false
03:38:26.275 [FXGL Background Thread 3 ] DEBUG Engine               - isScaleAffectedOnResize: true
03:38:26.276 [FXGL Background Thread 3 ] DEBUG Engine               - isSingleStep: false
03:38:26.276 [FXGL Background Thread 3 ] DEBUG Engine               - isUserProfileEnabled: false
03:38:26.276 [FXGL Background Thread 3 ] DEBUG Engine               - isWindows: true
03:38:26.276 [FXGL Background Thread 3 ] DEBUG Engine               - language: ObjectProperty [value: ENGLISH]
03:38:26.276 [FXGL Background Thread 3 ] DEBUG Engine               - menuKey: ESCAPE
03:38:26.276 [FXGL Background Thread 3 ] DEBUG Engine               - mouseSensitivity: 0.2
03:38:26.276 [FXGL Background Thread 3 ] DEBUG Engine               - notificationViewClass: class com.almasb.fxgl.notification.view.XboxNotificationView
03:38:26.276 [FXGL Background Thread 3 ] DEBUG Engine               - pixelsPerMeter: 50.0
03:38:26.276 [FXGL Background Thread 3 ] DEBUG Engine               - platform: WINDOWS
03:38:26.276 [FXGL Background Thread 3 ] DEBUG Engine               - prefHeightProperty: ReadOnlyDoubleProperty [value: 720.0]
03:38:26.276 [FXGL Background Thread 3 ] DEBUG Engine               - prefWidthProperty: ReadOnlyDoubleProperty [value: 1280.0]
03:38:26.276 [FXGL Background Thread 3 ] DEBUG Engine               - profileDir: profiles/
03:38:26.276 [FXGL Background Thread 3 ] DEBUG Engine               - profileName: StringProperty [value: DEFAULT]
03:38:26.276 [FXGL Background Thread 3 ] DEBUG Engine               - randomSeed: -1
03:38:26.277 [FXGL Background Thread 3 ] DEBUG Engine               - runtimeInfo: RuntimeInfo(platform=WINDOWS, version=21.1, build=27.03.2024 07.52)
03:38:26.277 [FXGL Background Thread 3 ] DEBUG Engine               - saveFileExt: sav
03:38:26.277 [FXGL Background Thread 3 ] DEBUG Engine               - scaledHeightProp$fxgl: DoubleProperty [bound, value: 864.0]
03:38:26.277 [FXGL Background Thread 3 ] DEBUG Engine               - scaledWidthProp$fxgl: DoubleProperty [bound, value: 1536.0]
03:38:26.277 [FXGL Background Thread 3 ] DEBUG Engine               - sceneFactory: com.almasb.fxgl.app.scene.SceneFactory@13365191
03:38:26.277 [FXGL Background Thread 3 ] DEBUG Engine               - secondsIn24h: 60
03:38:26.277 [FXGL Background Thread 3 ] DEBUG Engine               - soundMenuBack: menu/back.wav
03:38:26.277 [FXGL Background Thread 3 ] DEBUG Engine               - soundMenuPress: menu/press.wav
03:38:26.277 [FXGL Background Thread 3 ] DEBUG Engine               - soundMenuSelect: menu/select.wav
03:38:26.277 [FXGL Background Thread 3 ] DEBUG Engine               - soundNotification: core/notification.wav
03:38:26.277 [FXGL Background Thread 3 ] DEBUG Engine               - stageStyle: DECORATED
03:38:26.277 [FXGL Background Thread 3 ] DEBUG Engine               - supportedLanguages: [ENGLISH, FRENCH, GERMAN, HUNGARIAN, RUSSIAN]
03:38:26.277 [FXGL Background Thread 3 ] DEBUG Engine               - ticksPerSecond: -1
03:38:26.277 [FXGL Background Thread 3 ] DEBUG Engine               - title: Final Journey
03:38:26.277 [FXGL Background Thread 3 ] DEBUG Engine               - urlGithub: https://github.com/AlmasB/FXGL
03:38:26.277 [FXGL Background Thread 3 ] DEBUG Engine               - urlLeaderboard: http://fxgl-top.herokuapp.com/
03:38:26.278 [FXGL Background Thread 3 ] DEBUG Engine               - urlPOM: https://raw.githubusercontent.com/AlmasB/FXGL/release/README.md
03:38:26.278 [FXGL Background Thread 3 ] DEBUG Engine               - userAppClass: class com.project.App
03:38:26.278 [FXGL Background Thread 3 ] DEBUG Engine               - version: Alpha
03:38:26.278 [FXGL Background Thread 3 ] DEBUG Engine               - versionCheckDays: 7
03:38:26.278 [FXGL Background Thread 3 ] DEBUG Engine               - width: 1280
03:38:26.278 [FXGL Background Thread 3 ] DEBUG Engine               - Logging services
03:38:26.278 [FXGL Background Thread 3 ] DEBUG Engine               - class com.almasb.fxgl.app.services.FXGLAssetLoaderService
03:38:26.278 [FXGL Background Thread 3 ] DEBUG Engine               - class com.almasb.fxgl.app.FXGLApplication$GameApplicationService
03:38:26.278 [FXGL Background Thread 3 ] DEBUG Engine               - class com.almasb.fxgl.app.services.FXGLDialogService
03:38:26.278 [FXGL Background Thread 3 ] DEBUG Engine               - class com.almasb.fxgl.app.services.IOTaskExecutorService
03:38:26.278 [FXGL Background Thread 3 ] DEBUG Engine               - class com.almasb.fxgl.io.FileSystemService
03:38:26.278 [FXGL Background Thread 3 ] DEBUG Engine               - class com.almasb.fxgl.localization.LocalizationService
03:38:26.278 [FXGL Background Thread 3 ] DEBUG Engine               - class com.almasb.fxgl.app.services.SystemBundleService
03:38:26.278 [FXGL Background Thread 3 ] DEBUG Engine               - class com.almasb.fxgl.profile.SaveLoadService
03:38:26.278 [FXGL Background Thread 3 ] DEBUG Engine               - class com.almasb.fxgl.ui.FXGLUIFactoryServiceProvider
03:38:26.278 [FXGL Background Thread 3 ] DEBUG Engine               - class com.almasb.fxgl.ui.FXGLDialogFactoryServiceProvider
03:38:26.278 [FXGL Background Thread 3 ] DEBUG Engine               - class com.almasb.fxgl.audio.AudioPlayer
03:38:26.278 [FXGL Background Thread 3 ] DEBUG Engine               - class com.almasb.fxgl.notification.impl.NotificationServiceProvider
03:38:26.278 [FXGL Background Thread 3 ] DEBUG Engine               - class com.almasb.fxgl.achievement.AchievementService
03:38:26.278 [FXGL Background Thread 3 ] DEBUG Engine               - class com.almasb.fxgl.cutscene.CutsceneService
03:38:26.278 [FXGL Background Thread 3 ] DEBUG Engine               - class com.almasb.fxgl.minigames.MiniGameService
03:38:26.278 [FXGL Background Thread 3 ] DEBUG Engine               - class com.almasb.fxgl.net.NetService
03:38:26.278 [FXGL Background Thread 3 ] DEBUG Engine               - class com.almasb.fxgl.app.services.UpdaterService
03:38:26.278 [FXGL Background Thread 3 ] DEBUG Engine               - class com.almasb.fxgl.dev.DevService
03:38:27.468 [JavaFX Application Thread] DEBUG FXGLAssetLoaderServi - Loading from file system: file:/C:/Users/nitro/Desktop/ProjectFun2/myproject/myproject/target/classes/assets/textures/Rex.png
03:38:33.512 [JavaFX Application Thread] DEBUG PrimaryStageWindow   - Pop state: CutsceneScene
03:38:33.512 [JavaFX Application Thread] DEBUG Input                - Clearing active input actions
03:38:33.512 [JavaFX Application Thread] DEBUG GameApplicationServi - Removing overlay from CutsceneScene and adding to GameScene
03:38:33.513 [JavaFX Application Thread] DEBUG PrimaryStageWindow   - GameScene <- CutsceneScene
03:38:40.803 [JavaFX Application Thread] DEBUG PrimaryStageWindow   - Push state: FXGLDefaultMenu
03:38:40.804 [JavaFX Application Thread] DEBUG Input                - Clearing active input actions
03:38:40.805 [JavaFX Application Thread] DEBUG GameApplicationServi - Removing overlay from GameScene and adding to FXGLDefaultMenu
03:38:40.805 [JavaFX Application Thread] DEBUG PrimaryStageWindow   - GameScene -> FXGLDefaultMenu
03:38:41.821 [JavaFX Application Thread] DEBUG Menu                 - fireExit()
03:38:41.822 [JavaFX Application Thread] DEBUG PrimaryStageWindow   - Push state: DialogSubScene
03:38:41.822 [JavaFX Application Thread] DEBUG Input                - Clearing active input actions
03:38:41.822 [JavaFX Application Thread] DEBUG GameApplicationServi - Removing overlay from FXGLDefaultMenu and adding to DialogSubScene
03:38:41.823 [JavaFX Application Thread] DEBUG PrimaryStageWindow   - FXGLDefaultMenu -> DialogSubScene
03:38:42.482 [JavaFX Application Thread] DEBUG PrimaryStageWindow   - Pop state: DialogSubScene
03:38:42.482 [JavaFX Application Thread] DEBUG Input                - Clearing active input actions
03:38:42.483 [JavaFX Application Thread] DEBUG GameApplicationServi - Removing overlay from DialogSubScene and adding to FXGLDefaultMenu
03:38:42.483 [JavaFX Application Thread] DEBUG PrimaryStageWindow   - FXGLDefaultMenu <- DialogSubScene
03:38:42.483 [JavaFX Application Thread] DEBUG FXGLApplication      - Exiting FXGL
03:38:42.483 [JavaFX Application Thread] DEBUG LoopRunner           - Stopping loop
03:38:42.483 [JavaFX Application Thread] DEBUG SystemBundleService  - Saving FXGL system data
03:38:42.486 [JavaFX Application Thread] DEBUG FileSystemAccess     - Writing to: C:\Users\nitro\Desktop\ProjectFun2\myproject\myproject\system\fxgl.bundle
03:38:42.487 [JavaFX Application Thread] DEBUG Async                - Shutting down background threads
03:38:42.488 [JavaFX Application Thread] DEBUG PrimaryStageWindow   - Closing main window
03:38:42.501 [JavaFX Application Thread] DEBUG Logger               - Closing Logger
