04:31:06.052 [main                     ] DEBUG Logger               - Configured Logger
04:31:06.071 [main                     ] DEBUG GameApplication      - Logging settings
Title: Final Journey
Version: Alpha
Width: 1280
Height: 720
Fullscreen: true
Intro: false
Profiling: false
Single step:false
App Mode: DEVELOPER
Menu Key: ESCAPE
Stage Style: DECORATED
Scene Factory: class com.almasb.fxgl.app.scene.SceneFactory

04:31:06.479 [JavaFX Application Thread] DEBUG FXGLApplication      - Initializing FXGL
04:31:06.482 [JavaFX Application Thread] INFO  Engine               - FXGL-21.1 (27.03.2024 07.52) on WINDOWS (J:21.0.5 FX:21.0.1)
04:31:06.482 [JavaFX Application Thread] DEBUG Engine               - JRE Vendor Name: Eclipse Adoptium
04:31:06.483 [JavaFX Application Thread] DEBUG Engine               - Running on OS: Windows 11 version 10.0
04:31:06.483 [JavaFX Application Thread] DEBUG Engine               - Architecture: amd64
04:31:06.483 [JavaFX Application Thread] INFO  Engine               - Source code and latest versions at: https://github.com/AlmasB/FXGL
04:31:06.483 [JavaFX Application Thread] INFO  Engine               -       Ask questions and discuss at: https://github.com/AlmasB/FXGL/discussions
04:31:06.483 [JavaFX Application Thread] INFO  Engine               -              Join the FXGL chat at: https://gitter.im/AlmasB/FXGL
04:31:06.577 [JavaFX Application Thread] DEBUG PrimaryStageWindow   - Creating a JavaFX scene
04:31:06.622 [JavaFX Application Thread] DEBUG PrimaryStageWindow   - Target settings size: 1280.0 x 720.0
04:31:06.622 [JavaFX Application Thread] DEBUG PrimaryStageWindow   - Scaled scene size:    1280.0 x 720.0
04:31:06.622 [JavaFX Application Thread] DEBUG PrimaryStageWindow   - Scaled ratio: (1.0, 1.0)
04:31:06.623 [JavaFX Application Thread] DEBUG PrimaryStageWindow   - Set initial scene to FXGLStartupScene
04:31:06.627 [JavaFX Application Thread] DEBUG PrimaryStageWindow   - Opening main window
04:31:06.713 [JavaFX Application Thread] DEBUG PrimaryStageWindow   - Window border size: (14.4000244140625, 37.5999755859375)
04:31:06.713 [JavaFX Application Thread] DEBUG PrimaryStageWindow   - Scaled size: 1280.0 x 720.0
04:31:06.713 [JavaFX Application Thread] DEBUG PrimaryStageWindow   - Scaled ratio: (1.0, 1.0)
04:31:06.713 [JavaFX Application Thread] DEBUG PrimaryStageWindow   - Scene size: 1280.0 x 720.0
04:31:06.714 [JavaFX Application Thread] DEBUG PrimaryStageWindow   - Stage size: 1294.4000244140625 x 757.5999755859375
04:31:06.786 [JavaFX Application Thread] DEBUG PrimaryStageWindow   - Going fullscreen
04:31:06.796 [FXGL Background Thread 1 ] DEBUG Engine               - Initializing environment variables
04:31:06.845 [FXGL Background Thread 1 ] DEBUG FXGLAssetLoaderServi - User app class for loading assets: class com.project.App
04:31:06.845 [FXGL Background Thread 1 ] DEBUG GameApplicationServi - Applying CSS: fxgl_dark.css
04:31:06.846 [FXGL Background Thread 1 ] DEBUG FXGLAssetLoaderServi - Loading from file system: jar:file:/C:/Users/Lenovo/.m2/repository/com/github/almasb/fxgl/21.1/fxgl-21.1.jar!/fxglassets/ui/css/fxgl_dark.css
04:31:06.881 [FXGL Background Thread 1 ] DEBUG GameApplicationServi - Initializing application scenes
04:31:06.922 [FXGL Background Thread 1 ] DEBUG GameWorld            - Game world initialized
04:31:06.976 [FXGL Background Thread 1 ] DEBUG PhysicsWorld         - Physics world initialized: appHeight=720, physics.ppm=50.0
04:31:06.977 [FXGL Background Thread 1 ] DEBUG PhysicsWorld         - Using strategy: BRUTE_FORCE
04:31:06.980 [FXGL Background Thread 1 ] DEBUG GameScene            - Game scene initialized: 1280x720
04:31:06.990 [FXGL Background Thread 1 ] DEBUG FXGL.DefaultMenu     - createMenuBodyGameMenu()
04:31:07.001 [FXGL Background Thread 1 ] DEBUG FXGL.DefaultMenu     - createOptionsMenu()
04:31:07.009 [FXGL Background Thread 1 ] DEBUG FXGLAssetLoaderServi - Loading from file system: jar:file:/C:/Users/Lenovo/.m2/repository/com/github/almasb/fxgl/21.1/fxgl-21.1.jar!/fxglassets/textures/particles/smoke.png
04:31:07.099 [FXGL Background Thread 1 ] DEBUG FXGLAssetLoaderServi - Loading from file system: jar:file:/C:/Users/Lenovo/.m2/repository/com/github/almasb/fxgl/21.1/fxgl-21.1.jar!/fxglassets/textures/particles/trace_horizontal.png
04:31:07.122 [FXGL Background Thread 1 ] DEBUG GameApplicationServi - Application scenes initialized
04:31:07.134 [FXGL Background Thread 1 ] DEBUG SystemBundleService  - Loading FXGL system data
04:31:07.137 [FXGL Background Thread 1 ] DEBUG FileSystemAccess     - Reading from: C:\Users\Lenovo\ProjectJava3.0\myproject\myproject\system\fxgl.bundle
04:31:07.144 [FXGL Background Thread 1 ] DEBUG SystemBundleService  - Bundle FXGL: {}
04:31:07.145 [FXGL Background Thread 1 ] DEBUG UpdaterService       - Checking for updates
04:31:07.169 [FXGL Background Thread 4 ] DEBUG FXGLApplication      - Loading fonts
04:31:07.169 [FXGL Background Thread 4 ] DEBUG FXGLAssetLoaderServi - Loading from file system: jar:file:/C:/Users/Lenovo/.m2/repository/com/github/almasb/fxgl/21.1/fxgl-21.1.jar!/fxglassets/ui/fonts/VarelaRound-Regular.ttf
04:31:07.170 [FXGL Background Thread 1 ] DEBUG FXGLApplication      - Loading default localization
04:31:07.171 [FXGL Background Thread 1 ] DEBUG FXGLAssetLoaderServi - Loading from file system: jar:file:/C:/Users/Lenovo/.m2/repository/com/github/almasb/fxgl/21.1/fxgl-21.1.jar!/fxglassets/languages/english.lang
04:31:07.201 [FXGL Background Thread 1 ] INFO  FXGLApplication      - FXGL initialization took: 0.405 sec
04:31:07.203 [FXGL Background Thread 4 ] DEBUG FXGLAssetLoaderServi - Loading from file system: jar:file:/C:/Users/Lenovo/.m2/repository/com/github/almasb/fxgl/21.1/fxgl-21.1.jar!/fxglassets/ui/fonts/Abel-Regular.ttf
04:31:07.207 [FXGL Background Thread 4 ] DEBUG FXGLAssetLoaderServi - Loading from file system: jar:file:/C:/Users/Lenovo/.m2/repository/com/github/almasb/fxgl/21.1/fxgl-21.1.jar!/fxglassets/ui/fonts/TerminalLandMono-Regular.otf
04:31:07.211 [FXGL Background Thread 4 ] DEBUG FXGLAssetLoaderServi - Loading from file system: jar:file:/C:/Users/Lenovo/.m2/repository/com/github/almasb/fxgl/21.1/fxgl-21.1.jar!/fxglassets/ui/fonts/Courier-Prime.ttf
04:31:07.211 [JavaFX Application Thread] DEBUG Input                - Registered new binding: Right - D
04:31:07.211 [JavaFX Application Thread] DEBUG Input                - Registered new binding: Left - A
04:31:07.211 [JavaFX Application Thread] DEBUG Input                - Registered new binding: Up - W
04:31:07.211 [JavaFX Application Thread] DEBUG Input                - Registered new binding: Down - S
04:31:07.211 [JavaFX Application Thread] DEBUG Input                - Registered new binding: Interact - E
04:31:07.211 [JavaFX Application Thread] DEBUG FXGLAssetLoaderServi - Loading from file system: jar:file:/C:/Users/Lenovo/.m2/repository/com/github/almasb/fxgl/21.1/fxgl-21.1.jar!/fxglassets/textures/fxgl_icon.png
04:31:07.230 [JavaFX Application Thread] DEBUG FXGLAssetLoaderServi - Loading from file system: jar:file:/C:/Users/Lenovo/.m2/repository/com/github/almasb/fxgl/21.1/fxgl-21.1.jar!/fxglassets/textures/fxgl_default_cursor.png
04:31:07.233 [JavaFX Application Thread] DEBUG Input                - Registered new binding: Screenshot - CTRL+8
04:31:07.233 [JavaFX Application Thread] DEBUG Input                - Registered new binding: Dev Options - 1
04:31:07.234 [JavaFX Application Thread] DEBUG Input                - Registered new binding: Dev Console - 2
04:31:07.235 [JavaFX Application Thread] DEBUG Input                - Registered new binding: System info dump - CTRL+9
04:31:07.235 [JavaFX Application Thread] DEBUG Input                - Registered new binding: Restart - CTRL+R
04:31:07.236 [JavaFX Application Thread] DEBUG Input                - Registered new binding: Toggle Debug Camera - CTRL+7
04:31:07.242 [JavaFX Application Thread] DEBUG LoopRunner           - Starting loop
04:31:07.264 [JavaFX Application Thread] DEBUG LoopRunner           - Initializing JavaFX AnimationTimerLoop
04:31:07.267 [JavaFX Application Thread] DEBUG GameApplicationServi - Starting new game
04:31:07.267 [JavaFX Application Thread] DEBUG Input                - Clearing active input actions
04:31:07.277 [JavaFX Application Thread] DEBUG GameApplicationServi - Removing overlay from FXGLStartupScene and adding to FXGLLoadingScene
04:31:07.283 [JavaFX Application Thread] DEBUG PrimaryStageWindow   - FXGLStartupScene -> FXGLLoadingScene
04:31:07.283 [JavaFX Application Thread] DEBUG GameApplicationServi - Clearing previous game
04:31:07.283 [JavaFX Application Thread] DEBUG GameScene            - Clearing game scene
04:31:07.283 [JavaFX Application Thread] DEBUG GameWorld            - Clearing game world
04:31:07.283 [JavaFX Application Thread] DEBUG PhysicsWorld         - Clearing physics world
04:31:07.285 [JavaFX Application Thread] DEBUG FXGLApplication      - Registering font factories with UI factory
04:31:07.339 [FXGL Background Thread 4 ] WARN  TMXLevelLoader       - TiledMap generated from 1.11.2. Supported version: 1.9.0. Some features may not be parsed fully.
04:31:07.365 [FXGL Background Thread 4 ] DEBUG TMXLevelLoader       - Parsed TiledMap: file:/C:/Users/Lenovo/ProjectJava3.0/myproject/myproject/target/classes/assets/levels/scene1.tmx
04:31:07.366 [FXGL Background Thread 4 ] DEBUG TMXLevelLoader       - Creating tile layer entities
04:31:07.370 [FXGL Background Thread 4 ] DEBUG TilesetLoader        - Loading view for layer lowefloor
04:31:07.371 [FXGL Background Thread 4 ] DEBUG TilesetLoader        - Created buffer with size 512.0x1024.0
04:31:07.455 [FXGL Background Thread 4 ] DEBUG TilesetLoader        - Loading view for layer cliff
04:31:07.455 [FXGL Background Thread 4 ] DEBUG TilesetLoader        - Created buffer with size 512.0x1024.0
04:31:07.457 [FXGL Background Thread 4 ] DEBUG TilesetLoader        - Loading view for layer cliff1
04:31:07.458 [FXGL Background Thread 4 ] DEBUG TilesetLoader        - Created buffer with size 512.0x1024.0
04:31:07.459 [FXGL Background Thread 4 ] DEBUG TilesetLoader        - Loading view for layer cliff2
04:31:07.460 [FXGL Background Thread 4 ] DEBUG TilesetLoader        - Created buffer with size 512.0x1024.0
04:31:07.461 [FXGL Background Thread 4 ] DEBUG TilesetLoader        - Loading view for layer Tile Layer 3
04:31:07.461 [FXGL Background Thread 4 ] DEBUG TilesetLoader        - Created buffer with size 512.0x1024.0
04:31:07.462 [FXGL Background Thread 4 ] DEBUG TilesetLoader        - Loading view for layer Tile Layer 6
04:31:07.462 [FXGL Background Thread 4 ] DEBUG TilesetLoader        - Created buffer with size 512.0x1024.0
04:31:07.536 [FXGL Background Thread 4 ] DEBUG TilesetLoader        - Loading view for layer prop
04:31:07.537 [FXGL Background Thread 4 ] DEBUG TilesetLoader        - Created buffer with size 512.0x1024.0
04:31:07.538 [FXGL Background Thread 4 ] DEBUG TMXLevelLoader       - Creating object layer entities
04:31:07.575 [FXGL Background Thread 4 ] DEBUG FXGLAssetLoaderServi - Loading from file system: file:/C:/Users/Lenovo/ProjectJava3.0/myproject/myproject/target/classes/assets/textures/Rex.png
04:31:07.581 [FXGL Background Thread 4 ] WARN  TMXLevelLoader       - TiledMap generated from 1.11.2. Supported version: 1.9.0. Some features may not be parsed fully.
04:31:07.594 [FXGL Background Thread 4 ] DEBUG TMXLevelLoader       - Parsed TiledMap: file:/C:/Users/Lenovo/ProjectJava3.0/myproject/myproject/target/classes/assets/levels/scene1.tmx
04:31:07.594 [FXGL Background Thread 4 ] DEBUG TMXLevelLoader       - Creating tile layer entities
04:31:07.594 [FXGL Background Thread 4 ] DEBUG TilesetLoader        - Loading view for layer lowefloor
04:31:07.595 [FXGL Background Thread 4 ] DEBUG TilesetLoader        - Created buffer with size 512.0x1024.0
04:31:07.622 [FXGL Background Thread 4 ] DEBUG TilesetLoader        - Loading view for layer cliff
04:31:07.623 [FXGL Background Thread 4 ] DEBUG TilesetLoader        - Created buffer with size 512.0x1024.0
04:31:07.624 [FXGL Background Thread 4 ] DEBUG TilesetLoader        - Loading view for layer cliff1
04:31:07.625 [FXGL Background Thread 4 ] DEBUG TilesetLoader        - Created buffer with size 512.0x1024.0
04:31:07.625 [FXGL Background Thread 4 ] DEBUG TilesetLoader        - Loading view for layer cliff2
04:31:07.626 [FXGL Background Thread 4 ] DEBUG TilesetLoader        - Created buffer with size 512.0x1024.0
04:31:07.627 [FXGL Background Thread 4 ] DEBUG TilesetLoader        - Loading view for layer Tile Layer 3
04:31:07.627 [FXGL Background Thread 4 ] DEBUG TilesetLoader        - Created buffer with size 512.0x1024.0
04:31:07.628 [FXGL Background Thread 4 ] DEBUG TilesetLoader        - Loading view for layer Tile Layer 6
04:31:07.628 [FXGL Background Thread 4 ] DEBUG TilesetLoader        - Created buffer with size 512.0x1024.0
04:31:07.679 [FXGL Background Thread 4 ] DEBUG TilesetLoader        - Loading view for layer prop
04:31:07.680 [FXGL Background Thread 4 ] DEBUG TilesetLoader        - Created buffer with size 512.0x1024.0
04:31:07.680 [FXGL Background Thread 4 ] DEBUG TMXLevelLoader       - Creating object layer entities
04:31:07.691 [FXGL Background Thread 4 ] DEBUG GameWorld            - Clearing removable entities
04:31:07.693 [FXGL Background Thread 4 ] DEBUG GameWorld            - Setting level: com.almasb.fxgl.entity.level.Level@740fded5
04:31:07.711 [FXGL Background Thread 4 ] DEBUG FXGLAssetLoaderServi - Loading from file system: file:/C:/Users/Lenovo/ProjectJava3.0/myproject/myproject/target/classes/assets/textures/Actor1.png
04:31:07.724 [FXGL Background Thread 4 ] INFO  FXGLApplication      - Game initialization took: 0.439 sec
04:31:07.725 [JavaFX Application Thread] DEBUG Input                - Clearing active input actions
04:31:07.735 [JavaFX Application Thread] DEBUG GameApplicationServi - Removing overlay from FXGLLoadingScene and adding to GameScene
04:31:07.739 [JavaFX Application Thread] DEBUG PrimaryStageWindow   - FXGLLoadingScene -> GameScene
04:31:10.168 [FXGL Background Thread 3 ] DEBUG Engine               - Logging environment variables
04:31:10.168 [FXGL Background Thread 3 ] DEBUG Engine               - achievements: []
04:31:10.168 [FXGL Background Thread 3 ] DEBUG Engine               - actualHeight: 864.0
04:31:10.169 [FXGL Background Thread 3 ] DEBUG Engine               - actualHeightProperty: ReadOnlyDoubleProperty [value: 864.0]
04:31:10.169 [FXGL Background Thread 3 ] DEBUG Engine               - actualWidth: 1536.0
04:31:10.169 [FXGL Background Thread 3 ] DEBUG Engine               - actualWidthProperty: ReadOnlyDoubleProperty [value: 1536.0]
04:31:10.169 [FXGL Background Thread 3 ] DEBUG Engine               - appIcon: fxgl_icon.png
04:31:10.169 [FXGL Background Thread 3 ] DEBUG Engine               - applicationMode: DEVELOPER
04:31:10.169 [FXGL Background Thread 3 ] DEBUG Engine               - cSSList: [fxgl_dark.css]
04:31:10.169 [FXGL Background Thread 3 ] DEBUG Engine               - collisionDetectionStrategy: BRUTE_FORCE
04:31:10.169 [FXGL Background Thread 3 ] DEBUG Engine               - configClass: Optional.empty
04:31:10.169 [FXGL Background Thread 3 ] DEBUG Engine               - credits: []
04:31:10.169 [FXGL Background Thread 3 ] DEBUG Engine               - defaultCursor: CursorInfo(imageName=fxgl_default_cursor.png, hotspotX=7.0, hotspotY=6.0)
04:31:10.169 [FXGL Background Thread 3 ] DEBUG Engine               - devBBoxColorProperty: ObjectProperty [value: 0xff0000ff]
04:31:10.169 [FXGL Background Thread 3 ] DEBUG Engine               - devEnableDebugCameraProperty: BooleanProperty [value: false]
04:31:10.170 [FXGL Background Thread 3 ] DEBUG Engine               - devSensorColorProperty: ObjectProperty [value: 0xffff00ff]
04:31:10.170 [FXGL Background Thread 3 ] DEBUG Engine               - devShowBBoxProperty: BooleanProperty [value: false]
04:31:10.170 [FXGL Background Thread 3 ] DEBUG Engine               - devShowPositionProperty: BooleanProperty [value: false]
04:31:10.170 [FXGL Background Thread 3 ] DEBUG Engine               - enabledMenuItems: []
04:31:10.170 [FXGL Background Thread 3 ] DEBUG Engine               - engineServices: [class com.almasb.fxgl.app.services.FXGLAssetLoaderService, class com.almasb.fxgl.app.FXGLApplication$GameApplicationService, class com.almasb.fxgl.app.services.FXGLDialogService, class com.almasb.fxgl.app.services.IOTaskExecutorService, class com.almasb.fxgl.io.FileSystemService, class com.almasb.fxgl.localization.LocalizationService, class com.almasb.fxgl.app.services.SystemBundleService, class com.almasb.fxgl.profile.SaveLoadService, class com.almasb.fxgl.ui.FXGLUIFactoryServiceProvider, class com.almasb.fxgl.ui.FXGLDialogFactoryServiceProvider, class com.almasb.fxgl.audio.AudioPlayer, class com.almasb.fxgl.notification.impl.NotificationServiceProvider, class com.almasb.fxgl.achievement.AchievementService, class com.almasb.fxgl.cutscene.CutsceneService, class com.almasb.fxgl.minigames.MiniGameService, class com.almasb.fxgl.net.NetService, class com.almasb.fxgl.app.services.UpdaterService, class com.almasb.fxgl.dev.DevService]
04:31:10.170 [FXGL Background Thread 3 ] DEBUG Engine               - fontGame: Abel-Regular.ttf
04:31:10.170 [FXGL Background Thread 3 ] DEBUG Engine               - fontMono: TerminalLandMono-Regular.otf
04:31:10.170 [FXGL Background Thread 3 ] DEBUG Engine               - fontSizeScaleUI: 1.0
04:31:10.170 [FXGL Background Thread 3 ] DEBUG Engine               - fontText: Courier-Prime.ttf
04:31:10.170 [FXGL Background Thread 3 ] DEBUG Engine               - fontUI: VarelaRound-Regular.ttf
04:31:10.170 [FXGL Background Thread 3 ] DEBUG Engine               - fullScreen: BooleanProperty [value: true]
04:31:10.170 [FXGL Background Thread 3 ] DEBUG Engine               - gameDifficulty: MEDIUM
04:31:10.170 [FXGL Background Thread 3 ] DEBUG Engine               - gameDifficultyProperty: ObjectProperty [value: MEDIUM]
04:31:10.170 [FXGL Background Thread 3 ] DEBUG Engine               - globalMusicVolume: 0.5
04:31:10.170 [FXGL Background Thread 3 ] DEBUG Engine               - globalMusicVolumeProperty: DoubleProperty [value: 0.5]
04:31:10.171 [FXGL Background Thread 3 ] DEBUG Engine               - globalSoundVolume: 0.5
04:31:10.171 [FXGL Background Thread 3 ] DEBUG Engine               - globalSoundVolumeProperty: DoubleProperty [value: 0.5]
04:31:10.171 [FXGL Background Thread 3 ] DEBUG Engine               - height: 720
04:31:10.171 [FXGL Background Thread 3 ] DEBUG Engine               - is3D: false
04:31:10.171 [FXGL Background Thread 3 ] DEBUG Engine               - isAndroid: false
04:31:10.171 [FXGL Background Thread 3 ] DEBUG Engine               - isBrowser: false
04:31:10.171 [FXGL Background Thread 3 ] DEBUG Engine               - isClickFeedbackEnabled: false
04:31:10.171 [FXGL Background Thread 3 ] DEBUG Engine               - isCloseConfirmation: false
04:31:10.171 [FXGL Background Thread 3 ] DEBUG Engine               - isDesktop: true
04:31:10.171 [FXGL Background Thread 3 ] DEBUG Engine               - isDeveloperMenuEnabled: true
04:31:10.171 [FXGL Background Thread 3 ] DEBUG Engine               - isEmbedded: false
04:31:10.171 [FXGL Background Thread 3 ] DEBUG Engine               - isEntityPreloadEnabled: true
04:31:10.171 [FXGL Background Thread 3 ] DEBUG Engine               - isExperimentalTiledLargeMap: false
04:31:10.171 [FXGL Background Thread 3 ] DEBUG Engine               - isFileSystemWriteAllowed: true
04:31:10.171 [FXGL Background Thread 3 ] DEBUG Engine               - isFullScreenAllowed: true
04:31:10.171 [FXGL Background Thread 3 ] DEBUG Engine               - isFullScreenFromStart: true
04:31:10.171 [FXGL Background Thread 3 ] DEBUG Engine               - isGameMenuEnabled: true
04:31:10.172 [FXGL Background Thread 3 ] DEBUG Engine               - isIOS: false
04:31:10.172 [FXGL Background Thread 3 ] DEBUG Engine               - isIntroEnabled: false
04:31:10.172 [FXGL Background Thread 3 ] DEBUG Engine               - isLinux: false
04:31:10.172 [FXGL Background Thread 3 ] DEBUG Engine               - isMac: false
04:31:10.172 [FXGL Background Thread 3 ] DEBUG Engine               - isMainMenuEnabled: false
04:31:10.172 [FXGL Background Thread 3 ] DEBUG Engine               - isManualResizeEnabled: false
04:31:10.172 [FXGL Background Thread 3 ] DEBUG Engine               - isMobile: false
04:31:10.172 [FXGL Background Thread 3 ] DEBUG Engine               - isNative: false
04:31:10.172 [FXGL Background Thread 3 ] DEBUG Engine               - isPauseMusicWhenMinimized: true
04:31:10.172 [FXGL Background Thread 3 ] DEBUG Engine               - isPreserveResizeRatio: false
04:31:10.172 [FXGL Background Thread 3 ] DEBUG Engine               - isProfilingEnabled: false
04:31:10.172 [FXGL Background Thread 3 ] DEBUG Engine               - isScaleAffectedOnResize: true
04:31:10.172 [FXGL Background Thread 3 ] DEBUG Engine               - isSingleStep: false
04:31:10.173 [FXGL Background Thread 3 ] DEBUG Engine               - isUserProfileEnabled: false
04:31:10.173 [FXGL Background Thread 3 ] DEBUG Engine               - isWindows: true
04:31:10.173 [FXGL Background Thread 3 ] DEBUG Engine               - language: ObjectProperty [value: ENGLISH]
04:31:10.173 [FXGL Background Thread 3 ] DEBUG Engine               - menuKey: ESCAPE
04:31:10.173 [FXGL Background Thread 3 ] DEBUG Engine               - mouseSensitivity: 0.2
04:31:10.173 [FXGL Background Thread 3 ] DEBUG Engine               - notificationViewClass: class com.almasb.fxgl.notification.view.XboxNotificationView
04:31:10.173 [FXGL Background Thread 3 ] DEBUG Engine               - pixelsPerMeter: 50.0
04:31:10.173 [FXGL Background Thread 3 ] DEBUG Engine               - platform: WINDOWS
04:31:10.173 [FXGL Background Thread 3 ] DEBUG Engine               - prefHeightProperty: ReadOnlyDoubleProperty [value: 720.0]
04:31:10.173 [FXGL Background Thread 3 ] DEBUG Engine               - prefWidthProperty: ReadOnlyDoubleProperty [value: 1280.0]
04:31:10.173 [FXGL Background Thread 3 ] DEBUG Engine               - profileDir: profiles/
04:31:10.173 [FXGL Background Thread 3 ] DEBUG Engine               - profileName: StringProperty [value: DEFAULT]
04:31:10.174 [FXGL Background Thread 3 ] DEBUG Engine               - randomSeed: -1
04:31:10.174 [FXGL Background Thread 3 ] DEBUG Engine               - runtimeInfo: RuntimeInfo(platform=WINDOWS, version=21.1, build=27.03.2024 07.52)
04:31:10.174 [FXGL Background Thread 3 ] DEBUG Engine               - saveFileExt: sav
04:31:10.175 [FXGL Background Thread 3 ] DEBUG Engine               - scaledHeightProp$fxgl: DoubleProperty [bound, value: 864.0]
04:31:10.175 [FXGL Background Thread 3 ] DEBUG Engine               - scaledWidthProp$fxgl: DoubleProperty [bound, value: 1536.0]
04:31:10.175 [FXGL Background Thread 3 ] DEBUG Engine               - sceneFactory: com.almasb.fxgl.app.scene.SceneFactory@7be992b9
04:31:10.176 [FXGL Background Thread 3 ] DEBUG Engine               - secondsIn24h: 60
04:31:10.176 [FXGL Background Thread 3 ] DEBUG Engine               - soundMenuBack: menu/back.wav
04:31:10.176 [FXGL Background Thread 3 ] DEBUG Engine               - soundMenuPress: menu/press.wav
04:31:10.176 [FXGL Background Thread 3 ] DEBUG Engine               - soundMenuSelect: menu/select.wav
04:31:10.177 [FXGL Background Thread 3 ] DEBUG Engine               - soundNotification: core/notification.wav
04:31:10.178 [FXGL Background Thread 3 ] DEBUG Engine               - stageStyle: DECORATED
04:31:10.178 [FXGL Background Thread 3 ] DEBUG Engine               - supportedLanguages: [ENGLISH, FRENCH, GERMAN, HUNGARIAN, RUSSIAN]
04:31:10.179 [FXGL Background Thread 3 ] DEBUG Engine               - ticksPerSecond: -1
04:31:10.179 [FXGL Background Thread 3 ] DEBUG Engine               - title: Final Journey
04:31:10.179 [FXGL Background Thread 3 ] DEBUG Engine               - urlGithub: https://github.com/AlmasB/FXGL
04:31:10.179 [FXGL Background Thread 3 ] DEBUG Engine               - urlLeaderboard: http://fxgl-top.herokuapp.com/
04:31:10.179 [FXGL Background Thread 3 ] DEBUG Engine               - urlPOM: https://raw.githubusercontent.com/AlmasB/FXGL/release/README.md
04:31:10.179 [FXGL Background Thread 3 ] DEBUG Engine               - userAppClass: class com.project.App
04:31:10.179 [FXGL Background Thread 3 ] DEBUG Engine               - version: Alpha
04:31:10.180 [FXGL Background Thread 3 ] DEBUG Engine               - versionCheckDays: 7
04:31:10.180 [FXGL Background Thread 3 ] DEBUG Engine               - width: 1280
04:31:10.180 [FXGL Background Thread 3 ] DEBUG Engine               - Logging services
04:31:10.180 [FXGL Background Thread 3 ] DEBUG Engine               - class com.almasb.fxgl.app.services.FXGLAssetLoaderService
04:31:10.180 [FXGL Background Thread 3 ] DEBUG Engine               - class com.almasb.fxgl.app.FXGLApplication$GameApplicationService
04:31:10.180 [FXGL Background Thread 3 ] DEBUG Engine               - class com.almasb.fxgl.app.services.FXGLDialogService
04:31:10.180 [FXGL Background Thread 3 ] DEBUG Engine               - class com.almasb.fxgl.app.services.IOTaskExecutorService
04:31:10.180 [FXGL Background Thread 3 ] DEBUG Engine               - class com.almasb.fxgl.io.FileSystemService
04:31:10.181 [FXGL Background Thread 3 ] DEBUG Engine               - class com.almasb.fxgl.localization.LocalizationService
04:31:10.181 [FXGL Background Thread 3 ] DEBUG Engine               - class com.almasb.fxgl.app.services.SystemBundleService
04:31:10.181 [FXGL Background Thread 3 ] DEBUG Engine               - class com.almasb.fxgl.profile.SaveLoadService
04:31:10.181 [FXGL Background Thread 3 ] DEBUG Engine               - class com.almasb.fxgl.ui.FXGLUIFactoryServiceProvider
04:31:10.182 [FXGL Background Thread 3 ] DEBUG Engine               - class com.almasb.fxgl.ui.FXGLDialogFactoryServiceProvider
04:31:10.182 [FXGL Background Thread 3 ] DEBUG Engine               - class com.almasb.fxgl.audio.AudioPlayer
04:31:10.182 [FXGL Background Thread 3 ] DEBUG Engine               - class com.almasb.fxgl.notification.impl.NotificationServiceProvider
04:31:10.182 [FXGL Background Thread 3 ] DEBUG Engine               - class com.almasb.fxgl.achievement.AchievementService
04:31:10.182 [FXGL Background Thread 3 ] DEBUG Engine               - class com.almasb.fxgl.cutscene.CutsceneService
04:31:10.182 [FXGL Background Thread 3 ] DEBUG Engine               - class com.almasb.fxgl.minigames.MiniGameService
04:31:10.182 [FXGL Background Thread 3 ] DEBUG Engine               - class com.almasb.fxgl.net.NetService
04:31:10.183 [FXGL Background Thread 3 ] DEBUG Engine               - class com.almasb.fxgl.app.services.UpdaterService
04:31:10.183 [FXGL Background Thread 3 ] DEBUG Engine               - class com.almasb.fxgl.dev.DevService
04:31:10.258 [JavaFX Application Thread] DEBUG FXGLAssetLoaderServi - Loading from file system: file:/C:/Users/Lenovo/ProjectJava3.0/myproject/myproject/target/classes/assets/text/filetext.txt
04:31:10.260 [JavaFX Application Thread] DEBUG EventBus             - Firing event: com.GameEvent.CombatScene[source=javafx.event.Event$$Lambda/0x000001dca5172bb0@4019a8ef]
04:31:10.264 [JavaFX Application Thread] WARN  TMXLevelLoader       - TiledMap generated from 1.11.2. Supported version: 1.9.0. Some features may not be parsed fully.
04:31:10.272 [JavaFX Application Thread] DEBUG TMXLevelLoader       - Parsed TiledMap: file:/C:/Users/Lenovo/ProjectJava3.0/myproject/myproject/target/classes/assets/levels/battle1.tmx
04:31:10.272 [JavaFX Application Thread] DEBUG TMXLevelLoader       - Creating tile layer entities
04:31:10.272 [JavaFX Application Thread] DEBUG TilesetLoader        - Loading view for layer Tile Layer 1
04:31:10.276 [JavaFX Application Thread] DEBUG TilesetLoader        - Created buffer with size 2048.0x1024.0
04:31:10.378 [JavaFX Application Thread] DEBUG TMXLevelLoader       - Creating object layer entities
04:31:10.383 [JavaFX Application Thread] DEBUG FXGLAssetLoaderServi - Loading from file system: file:/C:/Users/Lenovo/ProjectJava3.0/myproject/myproject/target/classes/assets/textures/Rex.png
04:31:10.393 [JavaFX Application Thread] DEBUG FXGLAssetLoaderServi - Loading from file system: file:/C:/Users/Lenovo/ProjectJava3.0/myproject/myproject/target/classes/assets/textures/Reid.png
04:31:10.449 [JavaFX Application Thread] DEBUG FXGLAssetLoaderServi - Loading from file system: file:/C:/Users/Lenovo/ProjectJava3.0/myproject/myproject/target/classes/assets/textures/marsha.png
04:31:10.500 [JavaFX Application Thread] DEBUG GameWorld            - Clearing removable entities
04:31:10.505 [JavaFX Application Thread] DEBUG GameWorld            - Setting level: com.almasb.fxgl.entity.level.Level@3135d8be
04:31:10.508 [JavaFX Application Thread] WARN  TMXLevelLoader       - TiledMap generated from 1.11.2. Supported version: 1.9.0. Some features may not be parsed fully.
04:31:10.520 [JavaFX Application Thread] DEBUG TMXLevelLoader       - Parsed TiledMap: file:/C:/Users/Lenovo/ProjectJava3.0/myproject/myproject/target/classes/assets/levels/battle1.tmx
04:31:10.520 [JavaFX Application Thread] DEBUG TMXLevelLoader       - Creating tile layer entities
04:31:10.520 [JavaFX Application Thread] DEBUG TilesetLoader        - Loading view for layer Tile Layer 1
04:31:10.521 [JavaFX Application Thread] DEBUG TilesetLoader        - Created buffer with size 2048.0x1024.0
04:31:10.607 [JavaFX Application Thread] DEBUG TMXLevelLoader       - Creating object layer entities
04:31:14.575 [JavaFX Application Thread] DEBUG GameApplicationServi - Starting new game
04:31:14.575 [JavaFX Application Thread] DEBUG Input                - Clearing active input actions
04:31:14.581 [JavaFX Application Thread] DEBUG GameApplicationServi - Removing overlay from GameScene and adding to FXGLLoadingScene
04:31:14.585 [JavaFX Application Thread] DEBUG PrimaryStageWindow   - GameScene -> FXGLLoadingScene
04:31:14.585 [JavaFX Application Thread] DEBUG GameApplicationServi - Clearing previous game
04:31:14.585 [JavaFX Application Thread] DEBUG GameScene            - Clearing game scene
04:31:14.585 [JavaFX Application Thread] DEBUG GameWorld            - Clearing game world
04:31:14.586 [JavaFX Application Thread] DEBUG PhysicsWorld         - Clearing physics world
04:31:14.587 [FXGL Background Thread 4 ] DEBUG FXGLApplication      - Initializing game
04:31:14.590 [FXGL Background Thread 4 ] WARN  TMXLevelLoader       - TiledMap generated from 1.11.2. Supported version: 1.9.0. Some features may not be parsed fully.
04:31:14.602 [FXGL Background Thread 4 ] DEBUG TMXLevelLoader       - Parsed TiledMap: file:/C:/Users/Lenovo/ProjectJava3.0/myproject/myproject/target/classes/assets/levels/scene1.tmx
04:31:14.603 [FXGL Background Thread 4 ] DEBUG TMXLevelLoader       - Creating tile layer entities
04:31:14.603 [FXGL Background Thread 4 ] DEBUG TilesetLoader        - Loading view for layer lowefloor
04:31:14.603 [FXGL Background Thread 4 ] DEBUG TilesetLoader        - Created buffer with size 512.0x1024.0
04:31:14.627 [FXGL Background Thread 4 ] DEBUG TilesetLoader        - Loading view for layer cliff
04:31:14.628 [FXGL Background Thread 4 ] DEBUG TilesetLoader        - Created buffer with size 512.0x1024.0
04:31:14.629 [FXGL Background Thread 4 ] DEBUG TilesetLoader        - Loading view for layer cliff1
04:31:14.630 [FXGL Background Thread 4 ] DEBUG TilesetLoader        - Created buffer with size 512.0x1024.0
04:31:14.631 [FXGL Background Thread 4 ] DEBUG TilesetLoader        - Loading view for layer cliff2
04:31:14.631 [FXGL Background Thread 4 ] DEBUG TilesetLoader        - Created buffer with size 512.0x1024.0
04:31:14.632 [FXGL Background Thread 4 ] DEBUG TilesetLoader        - Loading view for layer Tile Layer 3
04:31:14.632 [FXGL Background Thread 4 ] DEBUG TilesetLoader        - Created buffer with size 512.0x1024.0
04:31:14.632 [FXGL Background Thread 4 ] DEBUG TilesetLoader        - Loading view for layer Tile Layer 6
04:31:14.633 [FXGL Background Thread 4 ] DEBUG TilesetLoader        - Created buffer with size 512.0x1024.0
04:31:14.675 [FXGL Background Thread 4 ] DEBUG TilesetLoader        - Loading view for layer prop
04:31:14.676 [FXGL Background Thread 4 ] DEBUG TilesetLoader        - Created buffer with size 512.0x1024.0
04:31:14.676 [FXGL Background Thread 4 ] DEBUG TMXLevelLoader       - Creating object layer entities
04:31:14.687 [FXGL Background Thread 4 ] WARN  TMXLevelLoader       - TiledMap generated from 1.11.2. Supported version: 1.9.0. Some features may not be parsed fully.
04:31:14.694 [FXGL Background Thread 4 ] DEBUG TMXLevelLoader       - Parsed TiledMap: file:/C:/Users/Lenovo/ProjectJava3.0/myproject/myproject/target/classes/assets/levels/scene1.tmx
04:31:14.694 [FXGL Background Thread 4 ] DEBUG TMXLevelLoader       - Creating tile layer entities
04:31:14.694 [FXGL Background Thread 4 ] DEBUG TilesetLoader        - Loading view for layer lowefloor
04:31:14.697 [FXGL Background Thread 4 ] DEBUG TilesetLoader        - Created buffer with size 512.0x1024.0
04:31:14.729 [FXGL Background Thread 4 ] DEBUG TilesetLoader        - Loading view for layer cliff
04:31:14.730 [FXGL Background Thread 4 ] DEBUG TilesetLoader        - Created buffer with size 512.0x1024.0
04:31:14.730 [FXGL Background Thread 4 ] DEBUG TilesetLoader        - Loading view for layer cliff1
04:31:14.731 [FXGL Background Thread 4 ] DEBUG TilesetLoader        - Created buffer with size 512.0x1024.0
04:31:14.731 [FXGL Background Thread 4 ] DEBUG TilesetLoader        - Loading view for layer cliff2
04:31:14.731 [FXGL Background Thread 4 ] DEBUG TilesetLoader        - Created buffer with size 512.0x1024.0
04:31:14.732 [FXGL Background Thread 4 ] DEBUG TilesetLoader        - Loading view for layer Tile Layer 3
04:31:14.732 [FXGL Background Thread 4 ] DEBUG TilesetLoader        - Created buffer with size 512.0x1024.0
04:31:14.732 [FXGL Background Thread 4 ] DEBUG TilesetLoader        - Loading view for layer Tile Layer 6
04:31:14.733 [FXGL Background Thread 4 ] DEBUG TilesetLoader        - Created buffer with size 512.0x1024.0
04:31:14.776 [FXGL Background Thread 4 ] DEBUG TilesetLoader        - Loading view for layer prop
04:31:14.776 [FXGL Background Thread 4 ] DEBUG TilesetLoader        - Created buffer with size 512.0x1024.0
04:31:14.776 [FXGL Background Thread 4 ] DEBUG TMXLevelLoader       - Creating object layer entities
04:31:14.783 [FXGL Background Thread 4 ] DEBUG GameWorld            - Clearing removable entities
04:31:14.783 [FXGL Background Thread 4 ] DEBUG GameWorld            - Setting level: com.almasb.fxgl.entity.level.Level@6b241b9e
04:31:14.787 [FXGL Background Thread 4 ] INFO  FXGLApplication      - Game initialization took: 0.199 sec
04:31:14.789 [JavaFX Application Thread] DEBUG Input                - Clearing active input actions
04:31:14.794 [JavaFX Application Thread] DEBUG GameApplicationServi - Removing overlay from FXGLLoadingScene and adding to GameScene
04:31:14.796 [JavaFX Application Thread] DEBUG PrimaryStageWindow   - FXGLLoadingScene -> GameScene
04:31:18.291 [JavaFX Application Thread] DEBUG EventBus             - Firing event: com.GameEvent.CombatScene[source=javafx.event.Event$$Lambda/0x000001dca5172bb0@4019a8ef]
04:31:18.293 [JavaFX Application Thread] WARN  TMXLevelLoader       - TiledMap generated from 1.11.2. Supported version: 1.9.0. Some features may not be parsed fully.
04:31:18.295 [JavaFX Application Thread] DEBUG TMXLevelLoader       - Parsed TiledMap: file:/C:/Users/Lenovo/ProjectJava3.0/myproject/myproject/target/classes/assets/levels/battle1.tmx
04:31:18.295 [JavaFX Application Thread] DEBUG TMXLevelLoader       - Creating tile layer entities
04:31:18.296 [JavaFX Application Thread] DEBUG TilesetLoader        - Loading view for layer Tile Layer 1
04:31:18.297 [JavaFX Application Thread] DEBUG TilesetLoader        - Created buffer with size 2048.0x1024.0
04:31:18.387 [JavaFX Application Thread] DEBUG TMXLevelLoader       - Creating object layer entities
04:31:18.389 [JavaFX Application Thread] WARN  TMXLevelLoader       - Parse error
java.lang.IllegalArgumentException: No EntityFactory has a method annotated @Spawns(setcamera)
	at com.almasb.fxgl.entity.GameWorld.create(GameWorld.kt:413)
	at com.almasb.fxgl.entity.level.tiled.TMXLevelLoader.createObjectLayerEntities(TMXLevelLoader.kt:154)
	at com.almasb.fxgl.entity.level.tiled.TMXLevelLoader.load(TMXLevelLoader.kt:60)
	at com.almasb.fxgl.app.services.FXGLAssetLoaderService.loadLevel(FXGLAssetLoaderService.kt:449)
	at com.almasb.fxgl.dsl.FXGL$Companion.setLevelFromMap(FXGL.kt:643)
	at com.almasb.fxgl.dsl.FXGL.setLevelFromMap(FXGL.kt)
	at com.GameEvent.SystemEvent.lambda$0(SystemEvent.java:49)
	at com.sun.javafx.event.CompositeEventHandler$NormalEventHandlerRecord.handleBubblingEvent(CompositeEventHandler.java:247)
	at com.sun.javafx.event.CompositeEventHandler.dispatchBubblingEvent(CompositeEventHandler.java:80)
	at com.sun.javafx.event.EventHandlerManager.dispatchBubblingEvent(EventHandlerManager.java:232)
	at com.sun.javafx.event.EventHandlerManager.dispatchBubblingEvent(EventHandlerManager.java:189)
	at com.sun.javafx.event.CompositeEventDispatcher.dispatchBubblingEvent(CompositeEventDispatcher.java:59)
	at com.sun.javafx.event.BasicEventDispatcher.dispatchEvent(BasicEventDispatcher.java:58)
	at com.sun.javafx.event.EventDispatchChainImpl.dispatchEvent(EventDispatchChainImpl.java:114)
	at com.sun.javafx.event.EventUtil.fireEventImpl(EventUtil.java:74)
	at com.sun.javafx.event.EventUtil.fireEvent(EventUtil.java:54)
	at javafx.event.Event.fireEvent(Event.java:198)
	at javafx.scene.Node.fireEvent(Node.java:8875)
	at com.almasb.fxgl.event.EventBus.fireEvent(EventBus.kt:66)
	at com.Component.CharecterHero.InteractComponent.interact(InteractComponent.java:58)
	at com.project.App$5.onAction(App.java:248)
	at com.almasb.fxgl.input.UserAction.action$fxgl_core(UserAction.kt:38)
	at com.almasb.fxgl.input.Input.update(Input.kt:278)
	at com.almasb.fxgl.scene.Scene.update(Scene.kt:103)
	at com.almasb.fxgl.app.MainWindow$update$1.invoke(MainWindow.kt:121)
	at com.almasb.fxgl.app.MainWindow$update$1.invoke(MainWindow.kt:121)
	at com.almasb.fxgl.core.fsm.StateMachine.runOnActiveStates(StateMachine.kt:69)
	at com.almasb.fxgl.app.MainWindow.update(MainWindow.kt:121)
	at com.almasb.fxgl.app.FXGLApplication$GameApplicationService.onUpdate(FXGLApplication.kt:445)
	at com.almasb.fxgl.app.Engine.loop(Engine.kt:134)
	at com.almasb.fxgl.app.Engine.access$loop(Engine.kt:24)
	at com.almasb.fxgl.app.Engine$loop$1.invoke(Engine.kt:28)
	at com.almasb.fxgl.app.Engine$loop$1.invoke(Engine.kt:28)
	at com.almasb.fxgl.app.LoopRunner.frame(LoopRunner.kt:103)
	at com.almasb.fxgl.app.LoopRunner.access$frame(LoopRunner.kt:23)
	at com.almasb.fxgl.app.LoopRunner$impl$2$1.onTick(LoopRunner.kt:57)
	at com.almasb.fxgl.app.AnimationTimerLoop$timer$1.handle(LoopRunner.kt:137)
	at javafx.animation.AnimationTimer$AnimationTimerReceiver.lambda$handle$0(AnimationTimer.java:58)
	at java.base/java.security.AccessController.doPrivileged(AccessController.java:400)
	at javafx.animation.AnimationTimer$AnimationTimerReceiver.handle(AnimationTimer.java:57)
	at com.sun.scenario.animation.AbstractPrimaryTimer.timePulseImpl(AbstractPrimaryTimer.java:356)
	at com.sun.scenario.animation.AbstractPrimaryTimer$MainLoop.run(AbstractPrimaryTimer.java:266)
	at com.sun.javafx.tk.quantum.QuantumToolkit.pulse(QuantumToolkit.java:588)
	at com.sun.javafx.tk.quantum.QuantumToolkit.pulse(QuantumToolkit.java:572)
	at com.sun.javafx.tk.quantum.QuantumToolkit.pulseFromQueue(QuantumToolkit.java:565)
	at com.sun.javafx.tk.quantum.QuantumToolkit.lambda$runToolkit$11(QuantumToolkit.java:352)
	at com.sun.glass.ui.InvokeLaterDispatcher$Future.run(InvokeLaterDispatcher.java:95)
	at com.sun.glass.ui.win.WinApplication._runLoop(Native Method)
	at com.sun.glass.ui.win.WinApplication.lambda$runLoop$3(WinApplication.java:185)
	at java.base/java.lang.Thread.run(Thread.java:1583)

04:31:18.390 [JavaFX Application Thread] DEBUG LoopRunner           - Stopping loop
04:31:18.390 [JavaFX Application Thread] FATAL FXGLApplication      - Uncaught Exception:
com.almasb.fxgl.entity.level.LevelLoadingException: No EntityFactory has a method annotated @Spawns(setcamera)
	at com.almasb.fxgl.entity.level.tiled.TMXLevelLoader.load(TMXLevelLoader.kt:77)
	at com.almasb.fxgl.app.services.FXGLAssetLoaderService.loadLevel(FXGLAssetLoaderService.kt:449)
	at com.almasb.fxgl.dsl.FXGL$Companion.setLevelFromMap(FXGL.kt:643)
	at com.almasb.fxgl.dsl.FXGL.setLevelFromMap(FXGL.kt)
	at com.GameEvent.SystemEvent.lambda$0(SystemEvent.java:49)
	at com.sun.javafx.event.CompositeEventHandler$NormalEventHandlerRecord.handleBubblingEvent(CompositeEventHandler.java:247)
	at com.sun.javafx.event.CompositeEventHandler.dispatchBubblingEvent(CompositeEventHandler.java:80)
	at com.sun.javafx.event.EventHandlerManager.dispatchBubblingEvent(EventHandlerManager.java:232)
	at com.sun.javafx.event.EventHandlerManager.dispatchBubblingEvent(EventHandlerManager.java:189)
	at com.sun.javafx.event.CompositeEventDispatcher.dispatchBubblingEvent(CompositeEventDispatcher.java:59)
	at com.sun.javafx.event.BasicEventDispatcher.dispatchEvent(BasicEventDispatcher.java:58)
	at com.sun.javafx.event.EventDispatchChainImpl.dispatchEvent(EventDispatchChainImpl.java:114)
	at com.sun.javafx.event.EventUtil.fireEventImpl(EventUtil.java:74)
	at com.sun.javafx.event.EventUtil.fireEvent(EventUtil.java:54)
	at javafx.event.Event.fireEvent(Event.java:198)
	at javafx.scene.Node.fireEvent(Node.java:8875)
	at com.almasb.fxgl.event.EventBus.fireEvent(EventBus.kt:66)
	at com.Component.CharecterHero.InteractComponent.interact(InteractComponent.java:58)
	at com.project.App$5.onAction(App.java:248)
	at com.almasb.fxgl.input.UserAction.action$fxgl_core(UserAction.kt:38)
	at com.almasb.fxgl.input.Input.update(Input.kt:278)
	at com.almasb.fxgl.scene.Scene.update(Scene.kt:103)
	at com.almasb.fxgl.app.MainWindow$update$1.invoke(MainWindow.kt:121)
	at com.almasb.fxgl.app.MainWindow$update$1.invoke(MainWindow.kt:121)
	at com.almasb.fxgl.core.fsm.StateMachine.runOnActiveStates(StateMachine.kt:69)
	at com.almasb.fxgl.app.MainWindow.update(MainWindow.kt:121)
	at com.almasb.fxgl.app.FXGLApplication$GameApplicationService.onUpdate(FXGLApplication.kt:445)
	at com.almasb.fxgl.app.Engine.loop(Engine.kt:134)
	at com.almasb.fxgl.app.Engine.access$loop(Engine.kt:24)
	at com.almasb.fxgl.app.Engine$loop$1.invoke(Engine.kt:28)
	at com.almasb.fxgl.app.Engine$loop$1.invoke(Engine.kt:28)
	at com.almasb.fxgl.app.LoopRunner.frame(LoopRunner.kt:103)
	at com.almasb.fxgl.app.LoopRunner.access$frame(LoopRunner.kt:23)
	at com.almasb.fxgl.app.LoopRunner$impl$2$1.onTick(LoopRunner.kt:57)
	at com.almasb.fxgl.app.AnimationTimerLoop$timer$1.handle(LoopRunner.kt:137)
	at javafx.animation.AnimationTimer$AnimationTimerReceiver.lambda$handle$0(AnimationTimer.java:58)
	at java.base/java.security.AccessController.doPrivileged(AccessController.java:400)
	at javafx.animation.AnimationTimer$AnimationTimerReceiver.handle(AnimationTimer.java:57)
	at com.sun.scenario.animation.AbstractPrimaryTimer.timePulseImpl(AbstractPrimaryTimer.java:356)
	at com.sun.scenario.animation.AbstractPrimaryTimer$MainLoop.run(AbstractPrimaryTimer.java:266)
	at com.sun.javafx.tk.quantum.QuantumToolkit.pulse(QuantumToolkit.java:588)
	at com.sun.javafx.tk.quantum.QuantumToolkit.pulse(QuantumToolkit.java:572)
	at com.sun.javafx.tk.quantum.QuantumToolkit.pulseFromQueue(QuantumToolkit.java:565)
	at com.sun.javafx.tk.quantum.QuantumToolkit.lambda$runToolkit$11(QuantumToolkit.java:352)
	at com.sun.glass.ui.InvokeLaterDispatcher$Future.run(InvokeLaterDispatcher.java:95)
	at com.sun.glass.ui.win.WinApplication._runLoop(Native Method)
	at com.sun.glass.ui.win.WinApplication.lambda$runLoop$3(WinApplication.java:185)
	at java.base/java.lang.Thread.run(Thread.java:1583)
Caused by: java.lang.IllegalArgumentException: No EntityFactory has a method annotated @Spawns(setcamera)
	at com.almasb.fxgl.entity.GameWorld.create(GameWorld.kt:413)
	at com.almasb.fxgl.entity.level.tiled.TMXLevelLoader.createObjectLayerEntities(TMXLevelLoader.kt:154)
	at com.almasb.fxgl.entity.level.tiled.TMXLevelLoader.load(TMXLevelLoader.kt:60)
	... 47 more

04:31:18.391 [JavaFX Application Thread] FATAL FXGLApplication      - Application will now exit
04:31:18.395 [JavaFX Application Thread] DEBUG PrimaryStageWindow   - Push state: ErrorSubScene
04:31:18.395 [JavaFX Application Thread] DEBUG Input                - Clearing active input actions
04:31:18.397 [JavaFX Application Thread] DEBUG GameApplicationServi - Removing overlay from GameScene and adding to ErrorSubScene
04:31:18.397 [JavaFX Application Thread] DEBUG PrimaryStageWindow   - GameScene -> ErrorSubScene
04:31:21.639 [JavaFX Application Thread] DEBUG FXGLApplication      - Exiting FXGL
04:31:21.639 [JavaFX Application Thread] DEBUG Async                - Shutting down background threads
04:31:21.639 [JavaFX Application Thread] DEBUG PrimaryStageWindow   - Closing main window
04:31:21.684 [JavaFX Application Thread] DEBUG Logger               - Closing Logger
