23:44:26.403 [main                     ] DEBUG Logger               - Configured Logger
23:44:26.459 [main                     ] DEBUG GameApplication      - Logging settings
Title: Final Journey
Version: Alpha
Width: 1280
Height: 720
Fullscreen: true
Intro: false
Profiling: false
Single step:false
App Mode: DEVELOPER
Menu Key: ESCAPE
Stage Style: DECORATED
Scene Factory: class com.almasb.fxgl.app.scene.SceneFactory

23:44:27.449 [JavaFX Application Thread] DEBUG FXGLApplication      - Initializing FXGL
23:44:27.458 [JavaFX Application Thread] INFO  Engine               - FXGL-21.1 (27.03.2024 07.52) on WINDOWS (J:21.0.6 FX:21.0.1)
23:44:27.459 [JavaFX Application Thread] DEBUG Engine               - JRE Vendor Name: Eclipse Adoptium
23:44:27.460 [JavaFX Application Thread] DEBUG Engine               - Running on OS: Windows 11 version 10.0
23:44:27.460 [JavaFX Application Thread] DEBUG Engine               - Architecture: amd64
23:44:27.460 [JavaFX Application Thread] INFO  Engine               - Source code and latest versions at: https://github.com/AlmasB/FXGL
23:44:27.463 [JavaFX Application Thread] INFO  Engine               -       Ask questions and discuss at: https://github.com/AlmasB/FXGL/discussions
23:44:27.464 [JavaFX Application Thread] INFO  Engine               -              Join the FXGL chat at: https://gitter.im/AlmasB/FXGL
23:44:27.878 [JavaFX Application Thread] DEBUG PrimaryStageWindow   - Creating a JavaFX scene
23:44:28.079 [JavaFX Application Thread] DEBUG PrimaryStageWindow   - Target settings size: 1280.0 x 720.0
23:44:28.081 [JavaFX Application Thread] DEBUG PrimaryStageWindow   - Scaled scene size:    1280.0 x 720.0
23:44:28.081 [JavaFX Application Thread] DEBUG PrimaryStageWindow   - Scaled ratio: (1.0, 1.0)
23:44:28.084 [JavaFX Application Thread] DEBUG PrimaryStageWindow   - Set initial scene to FXGLStartupScene
23:44:28.090 [JavaFX Application Thread] DEBUG PrimaryStageWindow   - Opening main window
23:44:28.339 [JavaFX Application Thread] DEBUG PrimaryStageWindow   - Window border size: (14.4000244140625, 37.5999755859375)
23:44:28.339 [JavaFX Application Thread] DEBUG PrimaryStageWindow   - Scaled size: 1280.0 x 720.0
23:44:28.339 [JavaFX Application Thread] DEBUG PrimaryStageWindow   - Scaled ratio: (1.0, 1.0)
23:44:28.340 [JavaFX Application Thread] DEBUG PrimaryStageWindow   - Scene size: 1280.0 x 720.0
23:44:28.341 [JavaFX Application Thread] DEBUG PrimaryStageWindow   - Stage size: 1294.4000244140625 x 757.5999755859375
23:44:28.533 [JavaFX Application Thread] DEBUG PrimaryStageWindow   - Going fullscreen
23:44:28.560 [FXGL Background Thread 1 ] DEBUG Engine               - Initializing environment variables
23:44:28.697 [FXGL Background Thread 1 ] DEBUG FXGLAssetLoaderServi - User app class for loading assets: class com.project.App
23:44:28.698 [FXGL Background Thread 1 ] DEBUG GameApplicationServi - Applying CSS: fxgl_dark.css
23:44:28.701 [FXGL Background Thread 1 ] DEBUG FXGLAssetLoaderServi - Loading from file system: jar:file:/C:/Users/frank/.m2/repository/com/github/almasb/fxgl/21.1/fxgl-21.1.jar!/fxglassets/ui/css/fxgl_dark.css
23:44:28.788 [FXGL Background Thread 1 ] DEBUG GameApplicationServi - Initializing application scenes
23:44:28.889 [FXGL Background Thread 1 ] DEBUG GameWorld            - Game world initialized
23:44:29.006 [FXGL Background Thread 1 ] DEBUG PhysicsWorld         - Physics world initialized: appHeight=720, physics.ppm=50.0
23:44:29.007 [FXGL Background Thread 1 ] DEBUG PhysicsWorld         - Using strategy: BRUTE_FORCE
23:44:29.013 [FXGL Background Thread 1 ] DEBUG GameScene            - Game scene initialized: 1280x720
23:44:29.038 [FXGL Background Thread 1 ] DEBUG FXGL.DefaultMenu     - createMenuBodyGameMenu()
23:44:29.069 [FXGL Background Thread 1 ] DEBUG FXGL.DefaultMenu     - createOptionsMenu()
23:44:29.093 [FXGL Background Thread 1 ] DEBUG FXGLAssetLoaderServi - Loading from file system: jar:file:/C:/Users/frank/.m2/repository/com/github/almasb/fxgl/21.1/fxgl-21.1.jar!/fxglassets/textures/particles/smoke.png
23:44:29.299 [FXGL Background Thread 1 ] DEBUG FXGLAssetLoaderServi - Loading from file system: jar:file:/C:/Users/frank/.m2/repository/com/github/almasb/fxgl/21.1/fxgl-21.1.jar!/fxglassets/textures/particles/trace_horizontal.png
23:44:29.331 [FXGL Background Thread 1 ] DEBUG GameApplicationServi - Application scenes initialized
23:44:29.358 [FXGL Background Thread 1 ] DEBUG SystemBundleService  - Loading FXGL system data
23:44:29.365 [FXGL Background Thread 1 ] DEBUG FileSystemAccess     - Reading from: C:\Users\frank\Desktop\ProjectFun\myproject\myproject\system\fxgl.bundle
23:44:29.390 [FXGL Background Thread 1 ] DEBUG SystemBundleService  - Bundle FXGL: {}
23:44:29.390 [FXGL Background Thread 1 ] DEBUG UpdaterService       - Checking for updates
23:44:29.458 [FXGL Background Thread 4 ] DEBUG FXGLApplication      - Loading fonts
23:44:29.459 [FXGL Background Thread 4 ] DEBUG FXGLAssetLoaderServi - Loading from file system: jar:file:/C:/Users/frank/.m2/repository/com/github/almasb/fxgl/21.1/fxgl-21.1.jar!/fxglassets/ui/fonts/VarelaRound-Regular.ttf
23:44:29.460 [FXGL Background Thread 1 ] DEBUG FXGLApplication      - Loading default localization
23:44:29.460 [FXGL Background Thread 1 ] DEBUG FXGLAssetLoaderServi - Loading from file system: jar:file:/C:/Users/frank/.m2/repository/com/github/almasb/fxgl/21.1/fxgl-21.1.jar!/fxglassets/languages/english.lang
23:44:29.497 [FXGL Background Thread 1 ] INFO  FXGLApplication      - FXGL initialization took: 0.936 sec
23:44:29.528 [JavaFX Application Thread] DEBUG Input                - Registered new binding: Right - D
23:44:29.529 [JavaFX Application Thread] DEBUG Input                - Registered new binding: Left - A
23:44:29.529 [JavaFX Application Thread] DEBUG Input                - Registered new binding: Up - W
23:44:29.531 [JavaFX Application Thread] DEBUG Input                - Registered new binding: Down - S
23:44:29.531 [JavaFX Application Thread] DEBUG Input                - Registered new binding: Interact - E
23:44:29.533 [JavaFX Application Thread] DEBUG FXGLAssetLoaderServi - Loading from file system: jar:file:/C:/Users/frank/.m2/repository/com/github/almasb/fxgl/21.1/fxgl-21.1.jar!/fxglassets/textures/fxgl_icon.png
23:44:29.541 [FXGL Background Thread 4 ] DEBUG FXGLAssetLoaderServi - Loading from file system: jar:file:/C:/Users/frank/.m2/repository/com/github/almasb/fxgl/21.1/fxgl-21.1.jar!/fxglassets/ui/fonts/Abel-Regular.ttf
23:44:29.549 [FXGL Background Thread 4 ] DEBUG FXGLAssetLoaderServi - Loading from file system: jar:file:/C:/Users/frank/.m2/repository/com/github/almasb/fxgl/21.1/fxgl-21.1.jar!/fxglassets/ui/fonts/TerminalLandMono-Regular.otf
23:44:29.557 [FXGL Background Thread 4 ] DEBUG FXGLAssetLoaderServi - Loading from file system: jar:file:/C:/Users/frank/.m2/repository/com/github/almasb/fxgl/21.1/fxgl-21.1.jar!/fxglassets/ui/fonts/Courier-Prime.ttf
23:44:29.563 [JavaFX Application Thread] DEBUG FXGLAssetLoaderServi - Loading from file system: jar:file:/C:/Users/frank/.m2/repository/com/github/almasb/fxgl/21.1/fxgl-21.1.jar!/fxglassets/textures/fxgl_default_cursor.png
23:44:29.576 [JavaFX Application Thread] DEBUG Input                - Registered new binding: Screenshot - CTRL+8
23:44:29.579 [JavaFX Application Thread] DEBUG Input                - Registered new binding: Dev Options - 1
23:44:29.580 [JavaFX Application Thread] DEBUG Input                - Registered new binding: Dev Console - 2
23:44:29.584 [JavaFX Application Thread] DEBUG Input                - Registered new binding: System info dump - CTRL+9
23:44:29.588 [JavaFX Application Thread] DEBUG Input                - Registered new binding: Restart - CTRL+R
23:44:29.594 [JavaFX Application Thread] DEBUG Input                - Registered new binding: Toggle Debug Camera - CTRL+7
23:44:29.620 [JavaFX Application Thread] DEBUG LoopRunner           - Starting loop
23:44:29.670 [JavaFX Application Thread] DEBUG LoopRunner           - Initializing JavaFX AnimationTimerLoop
23:44:29.675 [JavaFX Application Thread] DEBUG GameApplicationServi - Starting new game
23:44:29.675 [JavaFX Application Thread] DEBUG Input                - Clearing active input actions
23:44:29.703 [JavaFX Application Thread] DEBUG GameApplicationServi - Removing overlay from FXGLStartupScene and adding to FXGLLoadingScene
23:44:29.721 [JavaFX Application Thread] DEBUG PrimaryStageWindow   - FXGLStartupScene -> FXGLLoadingScene
23:44:29.721 [JavaFX Application Thread] DEBUG GameApplicationServi - Clearing previous game
23:44:29.725 [JavaFX Application Thread] DEBUG GameScene            - Clearing game scene
23:44:29.725 [JavaFX Application Thread] DEBUG GameWorld            - Clearing game world
23:44:29.725 [JavaFX Application Thread] DEBUG PhysicsWorld         - Clearing physics world
23:44:29.729 [FXGL Background Thread 4 ] DEBUG FXGLApplication      - Initializing game
23:44:29.729 [JavaFX Application Thread] DEBUG FXGLApplication      - Registering font factories with UI factory
23:44:29.811 [FXGL Background Thread 4 ] WARN  TMXLevelLoader       - TiledMap generated from 1.11.2. Supported version: 1.9.0. Some features may not be parsed fully.
23:44:29.861 [FXGL Background Thread 4 ] DEBUG TMXLevelLoader       - Parsed TiledMap: file:/C:/Users/frank/Desktop/ProjectFun/myproject/myproject/target/classes/assets/levels/scene1.tmx
23:44:29.867 [FXGL Background Thread 4 ] DEBUG TMXLevelLoader       - Creating tile layer entities
23:44:29.877 [FXGL Background Thread 4 ] DEBUG TilesetLoader        - Loading view for layer lowefloor
23:44:29.879 [FXGL Background Thread 4 ] DEBUG TilesetLoader        - Created buffer with size 512.0x1024.0
23:44:30.011 [FXGL Background Thread 4 ] DEBUG TilesetLoader        - Loading view for layer cliff
23:44:30.012 [FXGL Background Thread 4 ] DEBUG TilesetLoader        - Created buffer with size 512.0x1024.0
23:44:30.015 [FXGL Background Thread 4 ] DEBUG TilesetLoader        - Loading view for layer cliff1
23:44:30.019 [FXGL Background Thread 4 ] DEBUG TilesetLoader        - Created buffer with size 512.0x1024.0
23:44:30.023 [FXGL Background Thread 4 ] DEBUG TilesetLoader        - Loading view for layer cliff2
23:44:30.023 [FXGL Background Thread 4 ] DEBUG TilesetLoader        - Created buffer with size 512.0x1024.0
23:44:30.034 [FXGL Background Thread 4 ] DEBUG TilesetLoader        - Loading view for layer Tile Layer 3
23:44:30.035 [FXGL Background Thread 4 ] DEBUG TilesetLoader        - Created buffer with size 512.0x1024.0
23:44:30.040 [FXGL Background Thread 4 ] DEBUG TilesetLoader        - Loading view for layer Tile Layer 6
23:44:30.044 [FXGL Background Thread 4 ] DEBUG TilesetLoader        - Created buffer with size 512.0x1024.0
23:44:30.273 [FXGL Background Thread 4 ] DEBUG TilesetLoader        - Loading view for layer prop
23:44:30.275 [FXGL Background Thread 4 ] DEBUG TilesetLoader        - Created buffer with size 512.0x1024.0
23:44:30.277 [FXGL Background Thread 4 ] DEBUG TMXLevelLoader       - Creating object layer entities
23:44:30.423 [FXGL Background Thread 4 ] DEBUG FXGLAssetLoaderServi - Loading from file system: file:/C:/Users/frank/Desktop/ProjectFun/myproject/myproject/target/classes/assets/textures/Actor1.png
23:44:30.498 [FXGL Background Thread 4 ] DEBUG FXGLAssetLoaderServi - Loading from file system: file:/C:/Users/frank/Desktop/ProjectFun/myproject/myproject/target/classes/assets/textures/Rex.png
23:44:30.509 [FXGL Background Thread 4 ] WARN  TMXLevelLoader       - TiledMap generated from 1.11.2. Supported version: 1.9.0. Some features may not be parsed fully.
23:44:30.529 [FXGL Background Thread 4 ] DEBUG TMXLevelLoader       - Parsed TiledMap: file:/C:/Users/frank/Desktop/ProjectFun/myproject/myproject/target/classes/assets/levels/scene1.tmx
23:44:30.531 [FXGL Background Thread 4 ] DEBUG TMXLevelLoader       - Creating tile layer entities
23:44:30.532 [FXGL Background Thread 4 ] DEBUG TilesetLoader        - Loading view for layer lowefloor
23:44:30.533 [FXGL Background Thread 4 ] DEBUG TilesetLoader        - Created buffer with size 512.0x1024.0
23:44:30.581 [FXGL Background Thread 4 ] DEBUG TilesetLoader        - Loading view for layer cliff
23:44:30.583 [FXGL Background Thread 4 ] DEBUG TilesetLoader        - Created buffer with size 512.0x1024.0
23:44:30.585 [FXGL Background Thread 4 ] DEBUG TilesetLoader        - Loading view for layer cliff1
23:44:30.586 [FXGL Background Thread 4 ] DEBUG TilesetLoader        - Created buffer with size 512.0x1024.0
23:44:30.587 [FXGL Background Thread 4 ] DEBUG TilesetLoader        - Loading view for layer cliff2
23:44:30.588 [FXGL Background Thread 4 ] DEBUG TilesetLoader        - Created buffer with size 512.0x1024.0
23:44:30.589 [FXGL Background Thread 4 ] DEBUG TilesetLoader        - Loading view for layer Tile Layer 3
23:44:30.597 [FXGL Background Thread 4 ] DEBUG TilesetLoader        - Created buffer with size 512.0x1024.0
23:44:30.599 [FXGL Background Thread 4 ] DEBUG TilesetLoader        - Loading view for layer Tile Layer 6
23:44:30.600 [FXGL Background Thread 4 ] DEBUG TilesetLoader        - Created buffer with size 512.0x1024.0
23:44:30.712 [FXGL Background Thread 4 ] DEBUG TilesetLoader        - Loading view for layer prop
23:44:30.714 [FXGL Background Thread 4 ] DEBUG TilesetLoader        - Created buffer with size 512.0x1024.0
23:44:30.716 [FXGL Background Thread 4 ] DEBUG TMXLevelLoader       - Creating object layer entities
23:44:30.745 [FXGL Background Thread 4 ] DEBUG GameWorld            - Clearing removable entities
23:44:30.749 [FXGL Background Thread 4 ] DEBUG GameWorld            - Setting level: com.almasb.fxgl.entity.level.Level@7f08f645
23:44:30.795 [FXGL Background Thread 4 ] INFO  FXGLApplication      - Game initialization took: 1.066 sec
23:44:30.871 [JavaFX Application Thread] DEBUG Input                - Clearing active input actions
23:44:30.894 [JavaFX Application Thread] DEBUG GameApplicationServi - Removing overlay from FXGLLoadingScene and adding to GameScene
23:44:30.907 [JavaFX Application Thread] DEBUG PrimaryStageWindow   - FXGLLoadingScene -> GameScene
23:44:32.455 [FXGL Background Thread 3 ] DEBUG Engine               - Logging environment variables
23:44:32.456 [FXGL Background Thread 3 ] DEBUG Engine               - achievements: []
23:44:32.456 [FXGL Background Thread 3 ] DEBUG Engine               - actualHeight: 864.0
23:44:32.456 [FXGL Background Thread 3 ] DEBUG Engine               - actualHeightProperty: ReadOnlyDoubleProperty [value: 864.0]
23:44:32.456 [FXGL Background Thread 3 ] DEBUG Engine               - actualWidth: 1536.0
23:44:32.456 [FXGL Background Thread 3 ] DEBUG Engine               - actualWidthProperty: ReadOnlyDoubleProperty [value: 1536.0]
23:44:32.456 [FXGL Background Thread 3 ] DEBUG Engine               - appIcon: fxgl_icon.png
23:44:32.458 [FXGL Background Thread 3 ] DEBUG Engine               - applicationMode: DEVELOPER
23:44:32.459 [FXGL Background Thread 3 ] DEBUG Engine               - cSSList: [fxgl_dark.css]
23:44:32.459 [FXGL Background Thread 3 ] DEBUG Engine               - collisionDetectionStrategy: BRUTE_FORCE
23:44:32.459 [FXGL Background Thread 3 ] DEBUG Engine               - configClass: Optional.empty
23:44:32.459 [FXGL Background Thread 3 ] DEBUG Engine               - credits: []
23:44:32.460 [FXGL Background Thread 3 ] DEBUG Engine               - defaultCursor: CursorInfo(imageName=fxgl_default_cursor.png, hotspotX=7.0, hotspotY=6.0)
23:44:32.461 [FXGL Background Thread 3 ] DEBUG Engine               - devBBoxColorProperty: ObjectProperty [value: 0xff0000ff]
23:44:32.463 [FXGL Background Thread 3 ] DEBUG Engine               - devEnableDebugCameraProperty: BooleanProperty [value: false]
23:44:32.463 [FXGL Background Thread 3 ] DEBUG Engine               - devSensorColorProperty: ObjectProperty [value: 0xffff00ff]
23:44:32.463 [FXGL Background Thread 3 ] DEBUG Engine               - devShowBBoxProperty: BooleanProperty [value: false]
23:44:32.463 [FXGL Background Thread 3 ] DEBUG Engine               - devShowPositionProperty: BooleanProperty [value: false]
23:44:32.463 [FXGL Background Thread 3 ] DEBUG Engine               - enabledMenuItems: []
23:44:32.464 [FXGL Background Thread 3 ] DEBUG Engine               - engineServices: [class com.almasb.fxgl.app.services.FXGLAssetLoaderService, class com.almasb.fxgl.app.FXGLApplication$GameApplicationService, class com.almasb.fxgl.app.services.FXGLDialogService, class com.almasb.fxgl.app.services.IOTaskExecutorService, class com.almasb.fxgl.io.FileSystemService, class com.almasb.fxgl.localization.LocalizationService, class com.almasb.fxgl.app.services.SystemBundleService, class com.almasb.fxgl.profile.SaveLoadService, class com.almasb.fxgl.ui.FXGLUIFactoryServiceProvider, class com.almasb.fxgl.ui.FXGLDialogFactoryServiceProvider, class com.almasb.fxgl.audio.AudioPlayer, class com.almasb.fxgl.notification.impl.NotificationServiceProvider, class com.almasb.fxgl.achievement.AchievementService, class com.almasb.fxgl.cutscene.CutsceneService, class com.almasb.fxgl.minigames.MiniGameService, class com.almasb.fxgl.net.NetService, class com.almasb.fxgl.app.services.UpdaterService, class com.almasb.fxgl.dev.DevService]
23:44:32.464 [FXGL Background Thread 3 ] DEBUG Engine               - fontGame: Abel-Regular.ttf
23:44:32.464 [FXGL Background Thread 3 ] DEBUG Engine               - fontMono: TerminalLandMono-Regular.otf
23:44:32.464 [FXGL Background Thread 3 ] DEBUG Engine               - fontSizeScaleUI: 1.0
23:44:32.464 [FXGL Background Thread 3 ] DEBUG Engine               - fontText: Courier-Prime.ttf
23:44:32.464 [FXGL Background Thread 3 ] DEBUG Engine               - fontUI: VarelaRound-Regular.ttf
23:44:32.464 [FXGL Background Thread 3 ] DEBUG Engine               - fullScreen: BooleanProperty [value: true]
23:44:32.464 [FXGL Background Thread 3 ] DEBUG Engine               - gameDifficulty: MEDIUM
23:44:32.464 [FXGL Background Thread 3 ] DEBUG Engine               - gameDifficultyProperty: ObjectProperty [value: MEDIUM]
23:44:32.464 [FXGL Background Thread 3 ] DEBUG Engine               - globalMusicVolume: 0.5
23:44:32.464 [FXGL Background Thread 3 ] DEBUG Engine               - globalMusicVolumeProperty: DoubleProperty [value: 0.5]
23:44:32.464 [FXGL Background Thread 3 ] DEBUG Engine               - globalSoundVolume: 0.5
23:44:32.464 [FXGL Background Thread 3 ] DEBUG Engine               - globalSoundVolumeProperty: DoubleProperty [value: 0.5]
23:44:32.464 [FXGL Background Thread 3 ] DEBUG Engine               - height: 720
23:44:32.464 [FXGL Background Thread 3 ] DEBUG Engine               - is3D: false
23:44:32.464 [FXGL Background Thread 3 ] DEBUG Engine               - isAndroid: false
23:44:32.464 [FXGL Background Thread 3 ] DEBUG Engine               - isBrowser: false
23:44:32.464 [FXGL Background Thread 3 ] DEBUG Engine               - isClickFeedbackEnabled: false
23:44:32.464 [FXGL Background Thread 3 ] DEBUG Engine               - isCloseConfirmation: false
23:44:32.465 [FXGL Background Thread 3 ] DEBUG Engine               - isDesktop: true
23:44:32.465 [FXGL Background Thread 3 ] DEBUG Engine               - isDeveloperMenuEnabled: true
23:44:32.465 [FXGL Background Thread 3 ] DEBUG Engine               - isEmbedded: false
23:44:32.465 [FXGL Background Thread 3 ] DEBUG Engine               - isEntityPreloadEnabled: true
23:44:32.465 [FXGL Background Thread 3 ] DEBUG Engine               - isExperimentalTiledLargeMap: false
23:44:32.465 [FXGL Background Thread 3 ] DEBUG Engine               - isFileSystemWriteAllowed: true
23:44:32.465 [FXGL Background Thread 3 ] DEBUG Engine               - isFullScreenAllowed: true
23:44:32.465 [FXGL Background Thread 3 ] DEBUG Engine               - isFullScreenFromStart: true
23:44:32.465 [FXGL Background Thread 3 ] DEBUG Engine               - isGameMenuEnabled: true
23:44:32.466 [FXGL Background Thread 3 ] DEBUG Engine               - isIOS: false
23:44:32.466 [FXGL Background Thread 3 ] DEBUG Engine               - isIntroEnabled: false
23:44:32.466 [FXGL Background Thread 3 ] DEBUG Engine               - isLinux: false
23:44:32.466 [FXGL Background Thread 3 ] DEBUG Engine               - isMac: false
23:44:32.467 [FXGL Background Thread 3 ] DEBUG Engine               - isMainMenuEnabled: false
23:44:32.467 [FXGL Background Thread 3 ] DEBUG Engine               - isManualResizeEnabled: false
23:44:32.467 [FXGL Background Thread 3 ] DEBUG Engine               - isMobile: false
23:44:32.467 [FXGL Background Thread 3 ] DEBUG Engine               - isNative: false
23:44:32.467 [FXGL Background Thread 3 ] DEBUG Engine               - isPauseMusicWhenMinimized: true
23:44:32.467 [FXGL Background Thread 3 ] DEBUG Engine               - isPreserveResizeRatio: false
23:44:32.467 [FXGL Background Thread 3 ] DEBUG Engine               - isProfilingEnabled: false
23:44:32.468 [FXGL Background Thread 3 ] DEBUG Engine               - isScaleAffectedOnResize: true
23:44:32.468 [FXGL Background Thread 3 ] DEBUG Engine               - isSingleStep: false
23:44:32.468 [FXGL Background Thread 3 ] DEBUG Engine               - isUserProfileEnabled: false
23:44:32.468 [FXGL Background Thread 3 ] DEBUG Engine               - isWindows: true
23:44:32.468 [FXGL Background Thread 3 ] DEBUG Engine               - language: ObjectProperty [value: ENGLISH]
23:44:32.468 [FXGL Background Thread 3 ] DEBUG Engine               - menuKey: ESCAPE
23:44:32.468 [FXGL Background Thread 3 ] DEBUG Engine               - mouseSensitivity: 0.2
23:44:32.468 [FXGL Background Thread 3 ] DEBUG Engine               - notificationViewClass: class com.almasb.fxgl.notification.view.XboxNotificationView
23:44:32.468 [FXGL Background Thread 3 ] DEBUG Engine               - pixelsPerMeter: 50.0
23:44:32.468 [FXGL Background Thread 3 ] DEBUG Engine               - platform: WINDOWS
23:44:32.469 [FXGL Background Thread 3 ] DEBUG Engine               - prefHeightProperty: ReadOnlyDoubleProperty [value: 720.0]
23:44:32.469 [FXGL Background Thread 3 ] DEBUG Engine               - prefWidthProperty: ReadOnlyDoubleProperty [value: 1280.0]
23:44:32.469 [FXGL Background Thread 3 ] DEBUG Engine               - profileDir: profiles/
23:44:32.469 [FXGL Background Thread 3 ] DEBUG Engine               - profileName: StringProperty [value: DEFAULT]
23:44:32.469 [FXGL Background Thread 3 ] DEBUG Engine               - randomSeed: -1
23:44:32.470 [FXGL Background Thread 3 ] DEBUG Engine               - runtimeInfo: RuntimeInfo(platform=WINDOWS, version=21.1, build=27.03.2024 07.52)
23:44:32.470 [FXGL Background Thread 3 ] DEBUG Engine               - saveFileExt: sav
23:44:32.471 [FXGL Background Thread 3 ] DEBUG Engine               - scaledHeightProp$fxgl: DoubleProperty [bound, value: 864.0]
23:44:32.471 [FXGL Background Thread 3 ] DEBUG Engine               - scaledWidthProp$fxgl: DoubleProperty [bound, value: 1536.0]
23:44:32.471 [FXGL Background Thread 3 ] DEBUG Engine               - sceneFactory: com.almasb.fxgl.app.scene.SceneFactory@1fee8262
23:44:32.471 [FXGL Background Thread 3 ] DEBUG Engine               - secondsIn24h: 60
23:44:32.471 [FXGL Background Thread 3 ] DEBUG Engine               - soundMenuBack: menu/back.wav
23:44:32.471 [FXGL Background Thread 3 ] DEBUG Engine               - soundMenuPress: menu/press.wav
23:44:32.471 [FXGL Background Thread 3 ] DEBUG Engine               - soundMenuSelect: menu/select.wav
23:44:32.471 [FXGL Background Thread 3 ] DEBUG Engine               - soundNotification: core/notification.wav
23:44:32.471 [FXGL Background Thread 3 ] DEBUG Engine               - stageStyle: DECORATED
23:44:32.471 [FXGL Background Thread 3 ] DEBUG Engine               - supportedLanguages: [ENGLISH, FRENCH, GERMAN, HUNGARIAN, RUSSIAN]
23:44:32.471 [FXGL Background Thread 3 ] DEBUG Engine               - ticksPerSecond: -1
23:44:32.473 [FXGL Background Thread 3 ] DEBUG Engine               - title: Final Journey
23:44:32.473 [FXGL Background Thread 3 ] DEBUG Engine               - urlGithub: https://github.com/AlmasB/FXGL
23:44:32.473 [FXGL Background Thread 3 ] DEBUG Engine               - urlLeaderboard: http://fxgl-top.herokuapp.com/
23:44:32.473 [FXGL Background Thread 3 ] DEBUG Engine               - urlPOM: https://raw.githubusercontent.com/AlmasB/FXGL/release/README.md
23:44:32.473 [FXGL Background Thread 3 ] DEBUG Engine               - userAppClass: class com.project.App
23:44:32.473 [FXGL Background Thread 3 ] DEBUG Engine               - version: Alpha
23:44:32.473 [FXGL Background Thread 3 ] DEBUG Engine               - versionCheckDays: 7
23:44:32.473 [FXGL Background Thread 3 ] DEBUG Engine               - width: 1280
23:44:32.473 [FXGL Background Thread 3 ] DEBUG Engine               - Logging services
23:44:32.473 [FXGL Background Thread 3 ] DEBUG Engine               - class com.almasb.fxgl.app.services.FXGLAssetLoaderService
23:44:32.474 [FXGL Background Thread 3 ] DEBUG Engine               - class com.almasb.fxgl.app.FXGLApplication$GameApplicationService
23:44:32.475 [FXGL Background Thread 3 ] DEBUG Engine               - class com.almasb.fxgl.app.services.FXGLDialogService
23:44:32.475 [FXGL Background Thread 3 ] DEBUG Engine               - class com.almasb.fxgl.app.services.IOTaskExecutorService
23:44:32.475 [FXGL Background Thread 3 ] DEBUG Engine               - class com.almasb.fxgl.io.FileSystemService
23:44:32.475 [FXGL Background Thread 3 ] DEBUG Engine               - class com.almasb.fxgl.localization.LocalizationService
23:44:32.475 [FXGL Background Thread 3 ] DEBUG Engine               - class com.almasb.fxgl.app.services.SystemBundleService
23:44:32.475 [FXGL Background Thread 3 ] DEBUG Engine               - class com.almasb.fxgl.profile.SaveLoadService
23:44:32.475 [FXGL Background Thread 3 ] DEBUG Engine               - class com.almasb.fxgl.ui.FXGLUIFactoryServiceProvider
23:44:32.475 [FXGL Background Thread 3 ] DEBUG Engine               - class com.almasb.fxgl.ui.FXGLDialogFactoryServiceProvider
23:44:32.475 [FXGL Background Thread 3 ] DEBUG Engine               - class com.almasb.fxgl.audio.AudioPlayer
23:44:32.475 [FXGL Background Thread 3 ] DEBUG Engine               - class com.almasb.fxgl.notification.impl.NotificationServiceProvider
23:44:32.475 [FXGL Background Thread 3 ] DEBUG Engine               - class com.almasb.fxgl.achievement.AchievementService
23:44:32.475 [FXGL Background Thread 3 ] DEBUG Engine               - class com.almasb.fxgl.cutscene.CutsceneService
23:44:32.475 [FXGL Background Thread 3 ] DEBUG Engine               - class com.almasb.fxgl.minigames.MiniGameService
23:44:32.475 [FXGL Background Thread 3 ] DEBUG Engine               - class com.almasb.fxgl.net.NetService
23:44:32.475 [FXGL Background Thread 3 ] DEBUG Engine               - class com.almasb.fxgl.app.services.UpdaterService
23:44:32.476 [FXGL Background Thread 3 ] DEBUG Engine               - class com.almasb.fxgl.dev.DevService
23:44:45.603 [JavaFX Application Thread] DEBUG FXGLApplication      - Exiting FXGL
23:44:45.603 [JavaFX Application Thread] DEBUG LoopRunner           - Stopping loop
23:44:45.603 [JavaFX Application Thread] DEBUG SystemBundleService  - Saving FXGL system data
23:44:45.606 [JavaFX Application Thread] DEBUG FileSystemAccess     - Writing to: C:\Users\frank\Desktop\ProjectFun\myproject\myproject\system\fxgl.bundle
23:44:45.610 [JavaFX Application Thread] DEBUG Async                - Shutting down background threads
23:44:45.611 [JavaFX Application Thread] DEBUG PrimaryStageWindow   - Closing main window
23:44:45.636 [JavaFX Application Thread] DEBUG Logger               - Closing Logger
