03:36:36.959 [main                     ] DEBUG Logger               - Configured Logger
03:36:36.982 [main                     ] DEBUG GameApplication      - Logging settings
Title: Final Journey
Version: Alpha
Width: 1280
Height: 720
Fullscreen: true
Intro: false
Profiling: false
Single step:false
App Mode: DEVELOPER
Menu Key: ESCAPE
Stage Style: DECORATED
Scene Factory: class com.almasb.fxgl.app.scene.SceneFactory

03:36:37.565 [JavaFX Application Thread] DEBUG FXGLApplication      - Initializing FXGL
03:36:37.569 [JavaFX Application Thread] INFO  Engine               - FXGL-21.1 (27.03.2024 07.52) on WINDOWS (J:21.0.5 FX:21.0.1)
03:36:37.571 [JavaFX Application Thread] DEBUG Engine               - JRE Vendor Name: Eclipse Adoptium
03:36:37.571 [JavaFX Application Thread] DEBUG Engine               - Running on OS: Windows 11 version 10.0
03:36:37.571 [JavaFX Application Thread] DEBUG Engine               - Architecture: amd64
03:36:37.571 [JavaFX Application Thread] INFO  Engine               - Source code and latest versions at: https://github.com/AlmasB/FXGL
03:36:37.571 [JavaFX Application Thread] INFO  Engine               -       Ask questions and discuss at: https://github.com/AlmasB/FXGL/discussions
03:36:37.572 [JavaFX Application Thread] INFO  Engine               -              Join the FXGL chat at: https://gitter.im/AlmasB/FXGL
03:36:37.689 [JavaFX Application Thread] DEBUG PrimaryStageWindow   - Creating a JavaFX scene
03:36:37.757 [JavaFX Application Thread] DEBUG PrimaryStageWindow   - Target settings size: 1280.0 x 720.0
03:36:37.758 [JavaFX Application Thread] DEBUG PrimaryStageWindow   - Scaled scene size:    1280.0 x 720.0
03:36:37.758 [JavaFX Application Thread] DEBUG PrimaryStageWindow   - Scaled ratio: (1.0, 1.0)
03:36:37.759 [JavaFX Application Thread] DEBUG PrimaryStageWindow   - Set initial scene to FXGLStartupScene
03:36:37.764 [JavaFX Application Thread] DEBUG PrimaryStageWindow   - Opening main window
03:36:37.898 [JavaFX Application Thread] DEBUG PrimaryStageWindow   - Window border size: (14.4000244140625, 37.5999755859375)
03:36:37.898 [JavaFX Application Thread] DEBUG PrimaryStageWindow   - Scaled size: 1280.0 x 720.0
03:36:37.898 [JavaFX Application Thread] DEBUG PrimaryStageWindow   - Scaled ratio: (1.0, 1.0)
03:36:37.899 [JavaFX Application Thread] DEBUG PrimaryStageWindow   - Scene size: 1280.0 x 720.0
03:36:37.899 [JavaFX Application Thread] DEBUG PrimaryStageWindow   - Stage size: 1294.4000244140625 x 757.5999755859375
03:36:38.003 [JavaFX Application Thread] DEBUG PrimaryStageWindow   - Going fullscreen
03:36:38.014 [FXGL Background Thread 1 ] DEBUG Engine               - Initializing environment variables
03:36:38.075 [FXGL Background Thread 1 ] DEBUG FXGLAssetLoaderServi - User app class for loading assets: class com.project.App
03:36:38.075 [FXGL Background Thread 1 ] DEBUG GameApplicationServi - Applying CSS: fxgl_dark.css
03:36:38.077 [FXGL Background Thread 1 ] DEBUG FXGLAssetLoaderServi - Loading from file system: jar:file:/C:/Users/Lenovo/.m2/repository/com/github/almasb/fxgl/21.1/fxgl-21.1.jar!/fxglassets/ui/css/fxgl_dark.css
03:36:38.130 [FXGL Background Thread 1 ] DEBUG GameApplicationServi - Initializing application scenes
03:36:38.180 [FXGL Background Thread 1 ] DEBUG GameWorld            - Game world initialized
03:36:38.253 [FXGL Background Thread 1 ] DEBUG PhysicsWorld         - Physics world initialized: appHeight=720, physics.ppm=50.0
03:36:38.254 [FXGL Background Thread 1 ] DEBUG PhysicsWorld         - Using strategy: BRUTE_FORCE
03:36:38.257 [FXGL Background Thread 1 ] DEBUG GameScene            - Game scene initialized: 1280x720
03:36:38.269 [FXGL Background Thread 1 ] DEBUG FXGL.DefaultMenu     - createMenuBodyGameMenu()
03:36:38.285 [FXGL Background Thread 1 ] DEBUG FXGL.DefaultMenu     - createOptionsMenu()
03:36:38.294 [FXGL Background Thread 1 ] DEBUG FXGLAssetLoaderServi - Loading from file system: jar:file:/C:/Users/Lenovo/.m2/repository/com/github/almasb/fxgl/21.1/fxgl-21.1.jar!/fxglassets/textures/particles/smoke.png
03:36:38.397 [FXGL Background Thread 1 ] DEBUG FXGLAssetLoaderServi - Loading from file system: jar:file:/C:/Users/Lenovo/.m2/repository/com/github/almasb/fxgl/21.1/fxgl-21.1.jar!/fxglassets/textures/particles/trace_horizontal.png
03:36:38.428 [FXGL Background Thread 1 ] DEBUG GameApplicationServi - Application scenes initialized
03:36:38.445 [FXGL Background Thread 1 ] DEBUG SystemBundleService  - Loading FXGL system data
03:36:38.449 [FXGL Background Thread 1 ] DEBUG FileSystemAccess     - Reading from: C:\Users\Lenovo\ProjectJava3.0\myproject\myproject\system\fxgl.bundle
03:36:38.462 [FXGL Background Thread 1 ] DEBUG SystemBundleService  - Bundle FXGL: {}
03:36:38.462 [FXGL Background Thread 1 ] DEBUG UpdaterService       - Checking for updates
03:36:38.495 [FXGL Background Thread 4 ] DEBUG FXGLApplication      - Loading fonts
03:36:38.495 [FXGL Background Thread 4 ] DEBUG FXGLAssetLoaderServi - Loading from file system: jar:file:/C:/Users/Lenovo/.m2/repository/com/github/almasb/fxgl/21.1/fxgl-21.1.jar!/fxglassets/ui/fonts/VarelaRound-Regular.ttf
03:36:38.496 [FXGL Background Thread 1 ] DEBUG FXGLApplication      - Loading default localization
03:36:38.497 [FXGL Background Thread 1 ] DEBUG FXGLAssetLoaderServi - Loading from file system: jar:file:/C:/Users/Lenovo/.m2/repository/com/github/almasb/fxgl/21.1/fxgl-21.1.jar!/fxglassets/languages/english.lang
03:36:38.536 [FXGL Background Thread 4 ] DEBUG FXGLAssetLoaderServi - Loading from file system: jar:file:/C:/Users/Lenovo/.m2/repository/com/github/almasb/fxgl/21.1/fxgl-21.1.jar!/fxglassets/ui/fonts/Abel-Regular.ttf
03:36:38.539 [FXGL Background Thread 1 ] INFO  FXGLApplication      - FXGL initialization took: 0.525 sec
03:36:38.539 [FXGL Background Thread 4 ] DEBUG FXGLAssetLoaderServi - Loading from file system: jar:file:/C:/Users/Lenovo/.m2/repository/com/github/almasb/fxgl/21.1/fxgl-21.1.jar!/fxglassets/ui/fonts/TerminalLandMono-Regular.otf
03:36:38.544 [FXGL Background Thread 4 ] DEBUG FXGLAssetLoaderServi - Loading from file system: jar:file:/C:/Users/Lenovo/.m2/repository/com/github/almasb/fxgl/21.1/fxgl-21.1.jar!/fxglassets/ui/fonts/Courier-Prime.ttf
03:36:38.548 [JavaFX Application Thread] DEBUG Input                - Registered new binding: Right - D
03:36:38.548 [JavaFX Application Thread] DEBUG Input                - Registered new binding: Left - A
03:36:38.549 [JavaFX Application Thread] DEBUG Input                - Registered new binding: Up - W
03:36:38.549 [JavaFX Application Thread] DEBUG Input                - Registered new binding: Down - S
03:36:38.549 [JavaFX Application Thread] DEBUG Input                - Registered new binding: Interact - E
03:36:38.549 [JavaFX Application Thread] DEBUG FXGLAssetLoaderServi - Loading from file system: jar:file:/C:/Users/Lenovo/.m2/repository/com/github/almasb/fxgl/21.1/fxgl-21.1.jar!/fxglassets/textures/fxgl_icon.png
03:36:38.573 [JavaFX Application Thread] DEBUG FXGLAssetLoaderServi - Loading from file system: jar:file:/C:/Users/Lenovo/.m2/repository/com/github/almasb/fxgl/21.1/fxgl-21.1.jar!/fxglassets/textures/fxgl_default_cursor.png
03:36:38.577 [JavaFX Application Thread] DEBUG Input                - Registered new binding: Screenshot - CTRL+8
03:36:38.578 [JavaFX Application Thread] DEBUG Input                - Registered new binding: Dev Options - 1
03:36:38.580 [JavaFX Application Thread] DEBUG Input                - Registered new binding: Dev Console - 2
03:36:38.581 [JavaFX Application Thread] DEBUG Input                - Registered new binding: System info dump - CTRL+9
03:36:38.581 [JavaFX Application Thread] DEBUG Input                - Registered new binding: Restart - CTRL+R
03:36:38.582 [JavaFX Application Thread] DEBUG Input                - Registered new binding: Toggle Debug Camera - CTRL+7
03:36:38.593 [JavaFX Application Thread] DEBUG LoopRunner           - Starting loop
03:36:38.622 [JavaFX Application Thread] DEBUG LoopRunner           - Initializing JavaFX AnimationTimerLoop
03:36:38.624 [JavaFX Application Thread] DEBUG GameApplicationServi - Starting new game
03:36:38.625 [JavaFX Application Thread] DEBUG Input                - Clearing active input actions
03:36:38.640 [JavaFX Application Thread] DEBUG GameApplicationServi - Removing overlay from FXGLStartupScene and adding to FXGLLoadingScene
03:36:38.645 [JavaFX Application Thread] DEBUG PrimaryStageWindow   - FXGLStartupScene -> FXGLLoadingScene
03:36:38.645 [JavaFX Application Thread] DEBUG GameApplicationServi - Clearing previous game
03:36:38.645 [JavaFX Application Thread] DEBUG GameScene            - Clearing game scene
03:36:38.646 [JavaFX Application Thread] DEBUG GameWorld            - Clearing game world
03:36:38.646 [JavaFX Application Thread] DEBUG PhysicsWorld         - Clearing physics world
03:36:38.647 [FXGL Background Thread 4 ] DEBUG FXGLApplication      - Initializing game
03:36:38.649 [JavaFX Application Thread] DEBUG FXGLApplication      - Registering font factories with UI factory
03:36:38.711 [FXGL Background Thread 4 ] WARN  TMXLevelLoader       - TiledMap generated from 1.11.2. Supported version: 1.9.0. Some features may not be parsed fully.
03:36:38.741 [FXGL Background Thread 4 ] DEBUG TMXLevelLoader       - Parsed TiledMap: file:/C:/Users/Lenovo/ProjectJava3.0/myproject/myproject/target/classes/assets/levels/scene1.tmx
03:36:38.742 [FXGL Background Thread 4 ] DEBUG TMXLevelLoader       - Creating tile layer entities
03:36:38.744 [FXGL Background Thread 4 ] DEBUG TilesetLoader        - Loading view for layer lowefloor
03:36:38.746 [FXGL Background Thread 4 ] DEBUG TilesetLoader        - Created buffer with size 512.0x1024.0
03:36:38.824 [FXGL Background Thread 4 ] DEBUG TilesetLoader        - Loading view for layer cliff
03:36:38.825 [FXGL Background Thread 4 ] DEBUG TilesetLoader        - Created buffer with size 512.0x1024.0
03:36:38.826 [FXGL Background Thread 4 ] DEBUG TilesetLoader        - Loading view for layer cliff1
03:36:38.828 [FXGL Background Thread 4 ] DEBUG TilesetLoader        - Created buffer with size 512.0x1024.0
03:36:38.830 [FXGL Background Thread 4 ] DEBUG TilesetLoader        - Loading view for layer cliff2
03:36:38.830 [FXGL Background Thread 4 ] DEBUG TilesetLoader        - Created buffer with size 512.0x1024.0
03:36:38.832 [FXGL Background Thread 4 ] DEBUG TilesetLoader        - Loading view for layer Tile Layer 3
03:36:38.833 [FXGL Background Thread 4 ] DEBUG TilesetLoader        - Created buffer with size 512.0x1024.0
03:36:38.833 [FXGL Background Thread 4 ] DEBUG TilesetLoader        - Loading view for layer Tile Layer 6
03:36:38.834 [FXGL Background Thread 4 ] DEBUG TilesetLoader        - Created buffer with size 512.0x1024.0
03:36:38.897 [FXGL Background Thread 4 ] DEBUG TilesetLoader        - Loading view for layer prop
03:36:38.898 [FXGL Background Thread 4 ] DEBUG TilesetLoader        - Created buffer with size 512.0x1024.0
03:36:38.899 [FXGL Background Thread 4 ] DEBUG TMXLevelLoader       - Creating object layer entities
03:36:38.940 [FXGL Background Thread 4 ] DEBUG FXGLAssetLoaderServi - Loading from file system: file:/C:/Users/Lenovo/ProjectJava3.0/myproject/myproject/target/classes/assets/textures/Actor1.png
03:36:38.964 [FXGL Background Thread 4 ] DEBUG FXGLAssetLoaderServi - Loading from file system: file:/C:/Users/Lenovo/ProjectJava3.0/myproject/myproject/target/classes/assets/textures/Rex.png
03:36:38.970 [FXGL Background Thread 4 ] WARN  TMXLevelLoader       - TiledMap generated from 1.11.2. Supported version: 1.9.0. Some features may not be parsed fully.
03:36:38.993 [FXGL Background Thread 4 ] DEBUG TMXLevelLoader       - Parsed TiledMap: file:/C:/Users/Lenovo/ProjectJava3.0/myproject/myproject/target/classes/assets/levels/scene1.tmx
03:36:38.993 [FXGL Background Thread 4 ] DEBUG TMXLevelLoader       - Creating tile layer entities
03:36:38.994 [FXGL Background Thread 4 ] DEBUG TilesetLoader        - Loading view for layer lowefloor
03:36:38.995 [FXGL Background Thread 4 ] DEBUG TilesetLoader        - Created buffer with size 512.0x1024.0
03:36:39.035 [FXGL Background Thread 4 ] DEBUG TilesetLoader        - Loading view for layer cliff
03:36:39.036 [FXGL Background Thread 4 ] DEBUG TilesetLoader        - Created buffer with size 512.0x1024.0
03:36:39.037 [FXGL Background Thread 4 ] DEBUG TilesetLoader        - Loading view for layer cliff1
03:36:39.038 [FXGL Background Thread 4 ] DEBUG TilesetLoader        - Created buffer with size 512.0x1024.0
03:36:39.040 [FXGL Background Thread 4 ] DEBUG TilesetLoader        - Loading view for layer cliff2
03:36:39.041 [FXGL Background Thread 4 ] DEBUG TilesetLoader        - Created buffer with size 512.0x1024.0
03:36:39.042 [FXGL Background Thread 4 ] DEBUG TilesetLoader        - Loading view for layer Tile Layer 3
03:36:39.044 [FXGL Background Thread 4 ] DEBUG TilesetLoader        - Created buffer with size 512.0x1024.0
03:36:39.045 [FXGL Background Thread 4 ] DEBUG TilesetLoader        - Loading view for layer Tile Layer 6
03:36:39.046 [FXGL Background Thread 4 ] DEBUG TilesetLoader        - Created buffer with size 512.0x1024.0
03:36:39.104 [FXGL Background Thread 4 ] DEBUG TilesetLoader        - Loading view for layer prop
03:36:39.105 [FXGL Background Thread 4 ] DEBUG TilesetLoader        - Created buffer with size 512.0x1024.0
03:36:39.105 [FXGL Background Thread 4 ] DEBUG TMXLevelLoader       - Creating object layer entities
03:36:39.117 [FXGL Background Thread 4 ] DEBUG GameWorld            - Clearing removable entities
03:36:39.118 [FXGL Background Thread 4 ] DEBUG GameWorld            - Setting level: com.almasb.fxgl.entity.level.Level@78ff8d05
03:36:39.142 [FXGL Background Thread 4 ] INFO  FXGLApplication      - Game initialization took: 0.495 sec
03:36:39.144 [JavaFX Application Thread] DEBUG Input                - Clearing active input actions
03:36:39.160 [JavaFX Application Thread] DEBUG GameApplicationServi - Removing overlay from FXGLLoadingScene and adding to GameScene
03:36:39.167 [JavaFX Application Thread] DEBUG PrimaryStageWindow   - FXGLLoadingScene -> GameScene
03:36:41.456 [JavaFX Application Thread] DEBUG FXGLAssetLoaderServi - Loading from file system: file:/C:/Users/Lenovo/ProjectJava3.0/myproject/myproject/target/classes/assets/text/filetext.txt
03:36:41.458 [JavaFX Application Thread] DEBUG EventBus             - Firing event: com.GameEvent.CombatScene[source=javafx.event.Event$$Lambda/0x00000267b7172ba0@322b5cef]
03:36:41.464 [JavaFX Application Thread] WARN  TMXLevelLoader       - TiledMap generated from 1.11.2. Supported version: 1.9.0. Some features may not be parsed fully.
03:36:41.474 [JavaFX Application Thread] DEBUG TMXLevelLoader       - Parsed TiledMap: file:/C:/Users/Lenovo/ProjectJava3.0/myproject/myproject/target/classes/assets/levels/battle1.tmx
03:36:41.474 [JavaFX Application Thread] DEBUG TMXLevelLoader       - Creating tile layer entities
03:36:41.475 [JavaFX Application Thread] DEBUG TilesetLoader        - Loading view for layer Tile Layer 1
03:36:41.478 [JavaFX Application Thread] DEBUG TilesetLoader        - Created buffer with size 2048.0x1024.0
03:36:41.496 [FXGL Background Thread 3 ] DEBUG Engine               - Logging environment variables
03:36:41.497 [FXGL Background Thread 3 ] DEBUG Engine               - achievements: []
03:36:41.497 [FXGL Background Thread 3 ] DEBUG Engine               - actualHeight: 864.0
03:36:41.497 [FXGL Background Thread 3 ] DEBUG Engine               - actualHeightProperty: ReadOnlyDoubleProperty [value: 864.0]
03:36:41.497 [FXGL Background Thread 3 ] DEBUG Engine               - actualWidth: 1536.0
03:36:41.497 [FXGL Background Thread 3 ] DEBUG Engine               - actualWidthProperty: ReadOnlyDoubleProperty [value: 1536.0]
03:36:41.497 [FXGL Background Thread 3 ] DEBUG Engine               - appIcon: fxgl_icon.png
03:36:41.497 [FXGL Background Thread 3 ] DEBUG Engine               - applicationMode: DEVELOPER
03:36:41.497 [FXGL Background Thread 3 ] DEBUG Engine               - cSSList: [fxgl_dark.css]
03:36:41.497 [FXGL Background Thread 3 ] DEBUG Engine               - collisionDetectionStrategy: BRUTE_FORCE
03:36:41.497 [FXGL Background Thread 3 ] DEBUG Engine               - configClass: Optional.empty
03:36:41.497 [FXGL Background Thread 3 ] DEBUG Engine               - credits: []
03:36:41.498 [FXGL Background Thread 3 ] DEBUG Engine               - defaultCursor: CursorInfo(imageName=fxgl_default_cursor.png, hotspotX=7.0, hotspotY=6.0)
03:36:41.498 [FXGL Background Thread 3 ] DEBUG Engine               - devBBoxColorProperty: ObjectProperty [value: 0xff0000ff]
03:36:41.498 [FXGL Background Thread 3 ] DEBUG Engine               - devEnableDebugCameraProperty: BooleanProperty [value: false]
03:36:41.498 [FXGL Background Thread 3 ] DEBUG Engine               - devSensorColorProperty: ObjectProperty [value: 0xffff00ff]
03:36:41.498 [FXGL Background Thread 3 ] DEBUG Engine               - devShowBBoxProperty: BooleanProperty [value: false]
03:36:41.498 [FXGL Background Thread 3 ] DEBUG Engine               - devShowPositionProperty: BooleanProperty [value: false]
03:36:41.498 [FXGL Background Thread 3 ] DEBUG Engine               - enabledMenuItems: []
03:36:41.498 [FXGL Background Thread 3 ] DEBUG Engine               - engineServices: [class com.almasb.fxgl.app.services.FXGLAssetLoaderService, class com.almasb.fxgl.app.FXGLApplication$GameApplicationService, class com.almasb.fxgl.app.services.FXGLDialogService, class com.almasb.fxgl.app.services.IOTaskExecutorService, class com.almasb.fxgl.io.FileSystemService, class com.almasb.fxgl.localization.LocalizationService, class com.almasb.fxgl.app.services.SystemBundleService, class com.almasb.fxgl.profile.SaveLoadService, class com.almasb.fxgl.ui.FXGLUIFactoryServiceProvider, class com.almasb.fxgl.ui.FXGLDialogFactoryServiceProvider, class com.almasb.fxgl.audio.AudioPlayer, class com.almasb.fxgl.notification.impl.NotificationServiceProvider, class com.almasb.fxgl.achievement.AchievementService, class com.almasb.fxgl.cutscene.CutsceneService, class com.almasb.fxgl.minigames.MiniGameService, class com.almasb.fxgl.net.NetService, class com.almasb.fxgl.app.services.UpdaterService, class com.almasb.fxgl.dev.DevService]
03:36:41.498 [FXGL Background Thread 3 ] DEBUG Engine               - fontGame: Abel-Regular.ttf
03:36:41.498 [FXGL Background Thread 3 ] DEBUG Engine               - fontMono: TerminalLandMono-Regular.otf
03:36:41.498 [FXGL Background Thread 3 ] DEBUG Engine               - fontSizeScaleUI: 1.0
03:36:41.498 [FXGL Background Thread 3 ] DEBUG Engine               - fontText: Courier-Prime.ttf
03:36:41.498 [FXGL Background Thread 3 ] DEBUG Engine               - fontUI: VarelaRound-Regular.ttf
03:36:41.498 [FXGL Background Thread 3 ] DEBUG Engine               - fullScreen: BooleanProperty [value: true]
03:36:41.498 [FXGL Background Thread 3 ] DEBUG Engine               - gameDifficulty: MEDIUM
03:36:41.499 [FXGL Background Thread 3 ] DEBUG Engine               - gameDifficultyProperty: ObjectProperty [value: MEDIUM]
03:36:41.499 [FXGL Background Thread 3 ] DEBUG Engine               - globalMusicVolume: 0.5
03:36:41.499 [FXGL Background Thread 3 ] DEBUG Engine               - globalMusicVolumeProperty: DoubleProperty [value: 0.5]
03:36:41.499 [FXGL Background Thread 3 ] DEBUG Engine               - globalSoundVolume: 0.5
03:36:41.499 [FXGL Background Thread 3 ] DEBUG Engine               - globalSoundVolumeProperty: DoubleProperty [value: 0.5]
03:36:41.499 [FXGL Background Thread 3 ] DEBUG Engine               - height: 720
03:36:41.499 [FXGL Background Thread 3 ] DEBUG Engine               - is3D: false
03:36:41.499 [FXGL Background Thread 3 ] DEBUG Engine               - isAndroid: false
03:36:41.499 [FXGL Background Thread 3 ] DEBUG Engine               - isBrowser: false
03:36:41.499 [FXGL Background Thread 3 ] DEBUG Engine               - isClickFeedbackEnabled: false
03:36:41.499 [FXGL Background Thread 3 ] DEBUG Engine               - isCloseConfirmation: false
03:36:41.500 [FXGL Background Thread 3 ] DEBUG Engine               - isDesktop: true
03:36:41.500 [FXGL Background Thread 3 ] DEBUG Engine               - isDeveloperMenuEnabled: true
03:36:41.500 [FXGL Background Thread 3 ] DEBUG Engine               - isEmbedded: false
03:36:41.500 [FXGL Background Thread 3 ] DEBUG Engine               - isEntityPreloadEnabled: true
03:36:41.500 [FXGL Background Thread 3 ] DEBUG Engine               - isExperimentalTiledLargeMap: false
03:36:41.500 [FXGL Background Thread 3 ] DEBUG Engine               - isFileSystemWriteAllowed: true
03:36:41.500 [FXGL Background Thread 3 ] DEBUG Engine               - isFullScreenAllowed: true
03:36:41.500 [FXGL Background Thread 3 ] DEBUG Engine               - isFullScreenFromStart: true
03:36:41.500 [FXGL Background Thread 3 ] DEBUG Engine               - isGameMenuEnabled: true
03:36:41.500 [FXGL Background Thread 3 ] DEBUG Engine               - isIOS: false
03:36:41.500 [FXGL Background Thread 3 ] DEBUG Engine               - isIntroEnabled: false
03:36:41.501 [FXGL Background Thread 3 ] DEBUG Engine               - isLinux: false
03:36:41.501 [FXGL Background Thread 3 ] DEBUG Engine               - isMac: false
03:36:41.501 [FXGL Background Thread 3 ] DEBUG Engine               - isMainMenuEnabled: false
03:36:41.501 [FXGL Background Thread 3 ] DEBUG Engine               - isManualResizeEnabled: false
03:36:41.501 [FXGL Background Thread 3 ] DEBUG Engine               - isMobile: false
03:36:41.501 [FXGL Background Thread 3 ] DEBUG Engine               - isNative: false
03:36:41.501 [FXGL Background Thread 3 ] DEBUG Engine               - isPauseMusicWhenMinimized: true
03:36:41.501 [FXGL Background Thread 3 ] DEBUG Engine               - isPreserveResizeRatio: false
03:36:41.501 [FXGL Background Thread 3 ] DEBUG Engine               - isProfilingEnabled: false
03:36:41.501 [FXGL Background Thread 3 ] DEBUG Engine               - isScaleAffectedOnResize: true
03:36:41.501 [FXGL Background Thread 3 ] DEBUG Engine               - isSingleStep: false
03:36:41.501 [FXGL Background Thread 3 ] DEBUG Engine               - isUserProfileEnabled: false
03:36:41.501 [FXGL Background Thread 3 ] DEBUG Engine               - isWindows: true
03:36:41.501 [FXGL Background Thread 3 ] DEBUG Engine               - language: ObjectProperty [value: ENGLISH]
03:36:41.501 [FXGL Background Thread 3 ] DEBUG Engine               - menuKey: ESCAPE
03:36:41.501 [FXGL Background Thread 3 ] DEBUG Engine               - mouseSensitivity: 0.2
03:36:41.501 [FXGL Background Thread 3 ] DEBUG Engine               - notificationViewClass: class com.almasb.fxgl.notification.view.XboxNotificationView
03:36:41.501 [FXGL Background Thread 3 ] DEBUG Engine               - pixelsPerMeter: 50.0
03:36:41.501 [FXGL Background Thread 3 ] DEBUG Engine               - platform: WINDOWS
03:36:41.501 [FXGL Background Thread 3 ] DEBUG Engine               - prefHeightProperty: ReadOnlyDoubleProperty [value: 720.0]
03:36:41.502 [FXGL Background Thread 3 ] DEBUG Engine               - prefWidthProperty: ReadOnlyDoubleProperty [value: 1280.0]
03:36:41.502 [FXGL Background Thread 3 ] DEBUG Engine               - profileDir: profiles/
03:36:41.502 [FXGL Background Thread 3 ] DEBUG Engine               - profileName: StringProperty [value: DEFAULT]
03:36:41.502 [FXGL Background Thread 3 ] DEBUG Engine               - randomSeed: -1
03:36:41.502 [FXGL Background Thread 3 ] DEBUG Engine               - runtimeInfo: RuntimeInfo(platform=WINDOWS, version=21.1, build=27.03.2024 07.52)
03:36:41.502 [FXGL Background Thread 3 ] DEBUG Engine               - saveFileExt: sav
03:36:41.502 [FXGL Background Thread 3 ] DEBUG Engine               - scaledHeightProp$fxgl: DoubleProperty [bound, value: 864.0]
03:36:41.502 [FXGL Background Thread 3 ] DEBUG Engine               - scaledWidthProp$fxgl: DoubleProperty [bound, value: 1536.0]
03:36:41.502 [FXGL Background Thread 3 ] DEBUG Engine               - sceneFactory: com.almasb.fxgl.app.scene.SceneFactory@7fca9891
03:36:41.502 [FXGL Background Thread 3 ] DEBUG Engine               - secondsIn24h: 60
03:36:41.502 [FXGL Background Thread 3 ] DEBUG Engine               - soundMenuBack: menu/back.wav
03:36:41.502 [FXGL Background Thread 3 ] DEBUG Engine               - soundMenuPress: menu/press.wav
03:36:41.502 [FXGL Background Thread 3 ] DEBUG Engine               - soundMenuSelect: menu/select.wav
03:36:41.502 [FXGL Background Thread 3 ] DEBUG Engine               - soundNotification: core/notification.wav
03:36:41.503 [FXGL Background Thread 3 ] DEBUG Engine               - stageStyle: DECORATED
03:36:41.503 [FXGL Background Thread 3 ] DEBUG Engine               - supportedLanguages: [ENGLISH, FRENCH, GERMAN, HUNGARIAN, RUSSIAN]
03:36:41.503 [FXGL Background Thread 3 ] DEBUG Engine               - ticksPerSecond: -1
03:36:41.503 [FXGL Background Thread 3 ] DEBUG Engine               - title: Final Journey
03:36:41.503 [FXGL Background Thread 3 ] DEBUG Engine               - urlGithub: https://github.com/AlmasB/FXGL
03:36:41.503 [FXGL Background Thread 3 ] DEBUG Engine               - urlLeaderboard: http://fxgl-top.herokuapp.com/
03:36:41.503 [FXGL Background Thread 3 ] DEBUG Engine               - urlPOM: https://raw.githubusercontent.com/AlmasB/FXGL/release/README.md
03:36:41.503 [FXGL Background Thread 3 ] DEBUG Engine               - userAppClass: class com.project.App
03:36:41.503 [FXGL Background Thread 3 ] DEBUG Engine               - version: Alpha
03:36:41.503 [FXGL Background Thread 3 ] DEBUG Engine               - versionCheckDays: 7
03:36:41.503 [FXGL Background Thread 3 ] DEBUG Engine               - width: 1280
03:36:41.503 [FXGL Background Thread 3 ] DEBUG Engine               - Logging services
03:36:41.503 [FXGL Background Thread 3 ] DEBUG Engine               - class com.almasb.fxgl.app.services.FXGLAssetLoaderService
03:36:41.503 [FXGL Background Thread 3 ] DEBUG Engine               - class com.almasb.fxgl.app.FXGLApplication$GameApplicationService
03:36:41.503 [FXGL Background Thread 3 ] DEBUG Engine               - class com.almasb.fxgl.app.services.FXGLDialogService
03:36:41.503 [FXGL Background Thread 3 ] DEBUG Engine               - class com.almasb.fxgl.app.services.IOTaskExecutorService
03:36:41.503 [FXGL Background Thread 3 ] DEBUG Engine               - class com.almasb.fxgl.io.FileSystemService
03:36:41.503 [FXGL Background Thread 3 ] DEBUG Engine               - class com.almasb.fxgl.localization.LocalizationService
03:36:41.503 [FXGL Background Thread 3 ] DEBUG Engine               - class com.almasb.fxgl.app.services.SystemBundleService
03:36:41.503 [FXGL Background Thread 3 ] DEBUG Engine               - class com.almasb.fxgl.profile.SaveLoadService
03:36:41.503 [FXGL Background Thread 3 ] DEBUG Engine               - class com.almasb.fxgl.ui.FXGLUIFactoryServiceProvider
03:36:41.503 [FXGL Background Thread 3 ] DEBUG Engine               - class com.almasb.fxgl.ui.FXGLDialogFactoryServiceProvider
03:36:41.503 [FXGL Background Thread 3 ] DEBUG Engine               - class com.almasb.fxgl.audio.AudioPlayer
03:36:41.504 [FXGL Background Thread 3 ] DEBUG Engine               - class com.almasb.fxgl.notification.impl.NotificationServiceProvider
03:36:41.504 [FXGL Background Thread 3 ] DEBUG Engine               - class com.almasb.fxgl.achievement.AchievementService
03:36:41.504 [FXGL Background Thread 3 ] DEBUG Engine               - class com.almasb.fxgl.cutscene.CutsceneService
03:36:41.504 [FXGL Background Thread 3 ] DEBUG Engine               - class com.almasb.fxgl.minigames.MiniGameService
03:36:41.504 [FXGL Background Thread 3 ] DEBUG Engine               - class com.almasb.fxgl.net.NetService
03:36:41.504 [FXGL Background Thread 3 ] DEBUG Engine               - class com.almasb.fxgl.app.services.UpdaterService
03:36:41.504 [FXGL Background Thread 3 ] DEBUG Engine               - class com.almasb.fxgl.dev.DevService
03:36:41.588 [JavaFX Application Thread] DEBUG TMXLevelLoader       - Creating object layer entities
03:36:41.590 [JavaFX Application Thread] DEBUG FXGLAssetLoaderServi - Loading from file system: file:/C:/Users/Lenovo/ProjectJava3.0/myproject/myproject/target/classes/assets/textures/Rex.png
03:36:41.601 [JavaFX Application Thread] DEBUG FXGLAssetLoaderServi - Loading from file system: file:/C:/Users/Lenovo/ProjectJava3.0/myproject/myproject/target/classes/assets/textures/Reid.png
03:36:41.663 [JavaFX Application Thread] DEBUG FXGLAssetLoaderServi - Loading from file system: file:/C:/Users/Lenovo/ProjectJava3.0/myproject/myproject/target/classes/assets/textures/marsha.png
03:36:41.733 [JavaFX Application Thread] DEBUG GameWorld            - Clearing removable entities
03:36:41.743 [JavaFX Application Thread] DEBUG GameWorld            - Setting level: com.almasb.fxgl.entity.level.Level@2bcc49fd
03:36:41.747 [JavaFX Application Thread] WARN  TMXLevelLoader       - TiledMap generated from 1.11.2. Supported version: 1.9.0. Some features may not be parsed fully.
03:36:41.751 [JavaFX Application Thread] DEBUG TMXLevelLoader       - Parsed TiledMap: file:/C:/Users/Lenovo/ProjectJava3.0/myproject/myproject/target/classes/assets/levels/battle1.tmx
03:36:41.752 [JavaFX Application Thread] DEBUG TMXLevelLoader       - Creating tile layer entities
03:36:41.752 [JavaFX Application Thread] DEBUG TilesetLoader        - Loading view for layer Tile Layer 1
03:36:41.753 [JavaFX Application Thread] DEBUG TilesetLoader        - Created buffer with size 2048.0x1024.0
03:36:41.851 [JavaFX Application Thread] DEBUG TMXLevelLoader       - Creating object layer entities
03:38:05.854 [JavaFX Application Thread] DEBUG FXGLApplication      - Exiting FXGL
03:38:05.854 [JavaFX Application Thread] DEBUG LoopRunner           - Stopping loop
03:38:05.854 [JavaFX Application Thread] DEBUG SystemBundleService  - Saving FXGL system data
03:38:05.857 [JavaFX Application Thread] DEBUG FileSystemAccess     - Writing to: C:\Users\Lenovo\ProjectJava3.0\myproject\myproject\system\fxgl.bundle
03:38:05.861 [JavaFX Application Thread] DEBUG Async                - Shutting down background threads
03:38:05.862 [JavaFX Application Thread] DEBUG PrimaryStageWindow   - Closing main window
03:38:05.904 [JavaFX Application Thread] DEBUG Logger               - Closing Logger
