02:23:27.991 [main                     ] DEBUG Logger               - Configured Logger
02:23:28.009 [main                     ] DEBUG GameApplication      - Logging settings
Title: Final Journey
Version: Alpha
Width: 1280
Height: 720
Fullscreen: true
Intro: false
Profiling: false
Single step:false
App Mode: DEVELOPER
Menu Key: ESCAPE
Stage Style: DECORATED
Scene Factory: class com.almasb.fxgl.app.scene.SceneFactory

02:23:28.432 [JavaFX Application Thread] DEBUG FXGLApplication      - Initializing FXGL
02:23:28.435 [JavaFX Application Thread] INFO  Engine               - FXGL-21.1 (27.03.2024 07.52) on WINDOWS (J:21.0.5 FX:21.0.1)
02:23:28.436 [JavaFX Application Thread] DEBUG Engine               - JRE Vendor Name: Eclipse Adoptium
02:23:28.436 [JavaFX Application Thread] DEBUG Engine               - Running on OS: Windows 11 version 10.0
02:23:28.436 [JavaFX Application Thread] DEBUG Engine               - Architecture: amd64
02:23:28.436 [JavaFX Application Thread] INFO  Engine               - Source code and latest versions at: https://github.com/AlmasB/FXGL
02:23:28.436 [JavaFX Application Thread] INFO  Engine               -       Ask questions and discuss at: https://github.com/AlmasB/FXGL/discussions
02:23:28.436 [JavaFX Application Thread] INFO  Engine               -              Join the FXGL chat at: https://gitter.im/AlmasB/FXGL
02:23:28.530 [JavaFX Application Thread] DEBUG PrimaryStageWindow   - Creating a JavaFX scene
02:23:28.578 [JavaFX Application Thread] DEBUG PrimaryStageWindow   - Target settings size: 1280.0 x 720.0
02:23:28.583 [JavaFX Application Thread] DEBUG PrimaryStageWindow   - Scaled scene size:    1280.0 x 720.0
02:23:28.583 [JavaFX Application Thread] DEBUG PrimaryStageWindow   - Scaled ratio: (1.0, 1.0)
02:23:28.585 [JavaFX Application Thread] DEBUG PrimaryStageWindow   - Set initial scene to FXGLStartupScene
02:23:28.590 [JavaFX Application Thread] DEBUG PrimaryStageWindow   - Opening main window
02:23:28.681 [JavaFX Application Thread] DEBUG PrimaryStageWindow   - Window border size: (14.4000244140625, 37.5999755859375)
02:23:28.681 [JavaFX Application Thread] DEBUG PrimaryStageWindow   - Scaled size: 1280.0 x 720.0
02:23:28.681 [JavaFX Application Thread] DEBUG PrimaryStageWindow   - Scaled ratio: (1.0, 1.0)
02:23:28.681 [JavaFX Application Thread] DEBUG PrimaryStageWindow   - Scene size: 1280.0 x 720.0
02:23:28.681 [JavaFX Application Thread] DEBUG PrimaryStageWindow   - Stage size: 1294.4000244140625 x 757.5999755859375
02:23:28.748 [JavaFX Application Thread] DEBUG PrimaryStageWindow   - Going fullscreen
02:23:28.757 [FXGL Background Thread 1 ] DEBUG Engine               - Initializing environment variables
02:23:28.806 [FXGL Background Thread 1 ] DEBUG FXGLAssetLoaderServi - User app class for loading assets: class com.project.App
02:23:28.806 [FXGL Background Thread 1 ] DEBUG GameApplicationServi - Applying CSS: fxgl_dark.css
02:23:28.807 [FXGL Background Thread 1 ] DEBUG FXGLAssetLoaderServi - Loading from file system: jar:file:/C:/Users/Lenovo/.m2/repository/com/github/almasb/fxgl/21.1/fxgl-21.1.jar!/fxglassets/ui/css/fxgl_dark.css
02:23:28.847 [FXGL Background Thread 1 ] DEBUG GameApplicationServi - Initializing application scenes
02:23:28.896 [FXGL Background Thread 1 ] DEBUG GameWorld            - Game world initialized
02:23:28.946 [FXGL Background Thread 1 ] DEBUG PhysicsWorld         - Physics world initialized: appHeight=720, physics.ppm=50.0
02:23:28.946 [FXGL Background Thread 1 ] DEBUG PhysicsWorld         - Using strategy: BRUTE_FORCE
02:23:28.950 [FXGL Background Thread 1 ] DEBUG GameScene            - Game scene initialized: 1280x720
02:23:28.959 [FXGL Background Thread 1 ] DEBUG FXGL.DefaultMenu     - createMenuBodyGameMenu()
02:23:28.971 [FXGL Background Thread 1 ] DEBUG FXGL.DefaultMenu     - createOptionsMenu()
02:23:28.979 [FXGL Background Thread 1 ] DEBUG FXGLAssetLoaderServi - Loading from file system: jar:file:/C:/Users/Lenovo/.m2/repository/com/github/almasb/fxgl/21.1/fxgl-21.1.jar!/fxglassets/textures/particles/smoke.png
02:23:29.076 [FXGL Background Thread 1 ] DEBUG FXGLAssetLoaderServi - Loading from file system: jar:file:/C:/Users/Lenovo/.m2/repository/com/github/almasb/fxgl/21.1/fxgl-21.1.jar!/fxglassets/textures/particles/trace_horizontal.png
02:23:29.095 [FXGL Background Thread 1 ] DEBUG GameApplicationServi - Application scenes initialized
02:23:29.106 [FXGL Background Thread 1 ] DEBUG SystemBundleService  - Loading FXGL system data
02:23:29.110 [FXGL Background Thread 1 ] DEBUG FileSystemAccess     - Reading from: C:\Users\Lenovo\ProjectJava3.0\myproject\myproject\system\fxgl.bundle
02:23:29.119 [FXGL Background Thread 1 ] DEBUG SystemBundleService  - Bundle FXGL: {}
02:23:29.119 [FXGL Background Thread 1 ] DEBUG UpdaterService       - Checking for updates
02:23:29.146 [FXGL Background Thread 4 ] DEBUG FXGLApplication      - Loading fonts
02:23:29.147 [FXGL Background Thread 1 ] DEBUG FXGLApplication      - Loading default localization
02:23:29.147 [FXGL Background Thread 4 ] DEBUG FXGLAssetLoaderServi - Loading from file system: jar:file:/C:/Users/Lenovo/.m2/repository/com/github/almasb/fxgl/21.1/fxgl-21.1.jar!/fxglassets/ui/fonts/VarelaRound-Regular.ttf
02:23:29.147 [FXGL Background Thread 1 ] DEBUG FXGLAssetLoaderServi - Loading from file system: jar:file:/C:/Users/Lenovo/.m2/repository/com/github/almasb/fxgl/21.1/fxgl-21.1.jar!/fxglassets/languages/english.lang
02:23:29.180 [FXGL Background Thread 4 ] DEBUG FXGLAssetLoaderServi - Loading from file system: jar:file:/C:/Users/Lenovo/.m2/repository/com/github/almasb/fxgl/21.1/fxgl-21.1.jar!/fxglassets/ui/fonts/Abel-Regular.ttf
02:23:29.181 [FXGL Background Thread 1 ] INFO  FXGLApplication      - FXGL initialization took: 0.424 sec
02:23:29.185 [FXGL Background Thread 4 ] DEBUG FXGLAssetLoaderServi - Loading from file system: jar:file:/C:/Users/Lenovo/.m2/repository/com/github/almasb/fxgl/21.1/fxgl-21.1.jar!/fxglassets/ui/fonts/TerminalLandMono-Regular.otf
02:23:29.189 [FXGL Background Thread 4 ] DEBUG FXGLAssetLoaderServi - Loading from file system: jar:file:/C:/Users/Lenovo/.m2/repository/com/github/almasb/fxgl/21.1/fxgl-21.1.jar!/fxglassets/ui/fonts/Courier-Prime.ttf
02:23:29.193 [JavaFX Application Thread] DEBUG Input                - Registered new binding: Right - D
02:23:29.193 [JavaFX Application Thread] DEBUG Input                - Registered new binding: Left - A
02:23:29.194 [JavaFX Application Thread] DEBUG Input                - Registered new binding: Up - W
02:23:29.194 [JavaFX Application Thread] DEBUG Input                - Registered new binding: Down - S
02:23:29.194 [JavaFX Application Thread] DEBUG Input                - Registered new binding: Interact - E
02:23:29.195 [JavaFX Application Thread] DEBUG FXGLAssetLoaderServi - Loading from file system: jar:file:/C:/Users/Lenovo/.m2/repository/com/github/almasb/fxgl/21.1/fxgl-21.1.jar!/fxglassets/textures/fxgl_icon.png
02:23:29.211 [JavaFX Application Thread] DEBUG FXGLAssetLoaderServi - Loading from file system: jar:file:/C:/Users/Lenovo/.m2/repository/com/github/almasb/fxgl/21.1/fxgl-21.1.jar!/fxglassets/textures/fxgl_default_cursor.png
02:23:29.213 [JavaFX Application Thread] DEBUG Input                - Registered new binding: Screenshot - CTRL+8
02:23:29.214 [JavaFX Application Thread] DEBUG Input                - Registered new binding: Dev Options - 1
02:23:29.215 [JavaFX Application Thread] DEBUG Input                - Registered new binding: Dev Console - 2
02:23:29.216 [JavaFX Application Thread] DEBUG Input                - Registered new binding: System info dump - CTRL+9
02:23:29.217 [JavaFX Application Thread] DEBUG Input                - Registered new binding: Restart - CTRL+R
02:23:29.218 [JavaFX Application Thread] DEBUG Input                - Registered new binding: Toggle Debug Camera - CTRL+7
02:23:29.224 [JavaFX Application Thread] DEBUG LoopRunner           - Starting loop
02:23:29.248 [JavaFX Application Thread] DEBUG LoopRunner           - Initializing JavaFX AnimationTimerLoop
02:23:29.251 [JavaFX Application Thread] DEBUG GameApplicationServi - Starting new game
02:23:29.251 [JavaFX Application Thread] DEBUG Input                - Clearing active input actions
02:23:29.264 [JavaFX Application Thread] DEBUG GameApplicationServi - Removing overlay from FXGLStartupScene and adding to FXGLLoadingScene
02:23:29.269 [JavaFX Application Thread] DEBUG PrimaryStageWindow   - FXGLStartupScene -> FXGLLoadingScene
02:23:29.269 [JavaFX Application Thread] DEBUG GameApplicationServi - Clearing previous game
02:23:29.269 [JavaFX Application Thread] DEBUG GameScene            - Clearing game scene
02:23:29.269 [JavaFX Application Thread] DEBUG GameWorld            - Clearing game world
02:23:29.269 [JavaFX Application Thread] DEBUG PhysicsWorld         - Clearing physics world
02:23:29.271 [FXGL Background Thread 4 ] DEBUG FXGLApplication      - Initializing game
02:23:29.271 [JavaFX Application Thread] DEBUG FXGLApplication      - Registering font factories with UI factory
02:23:29.326 [FXGL Background Thread 4 ] WARN  TMXLevelLoader       - TiledMap generated from 1.11.2. Supported version: 1.9.0. Some features may not be parsed fully.
02:23:29.353 [FXGL Background Thread 4 ] DEBUG TMXLevelLoader       - Parsed TiledMap: file:/C:/Users/Lenovo/ProjectJava3.0/myproject/myproject/target/classes/assets/levels/scene1.tmx
02:23:29.355 [FXGL Background Thread 4 ] DEBUG TMXLevelLoader       - Creating tile layer entities
02:23:29.360 [FXGL Background Thread 4 ] DEBUG TilesetLoader        - Loading view for layer lowefloor
02:23:29.361 [FXGL Background Thread 4 ] DEBUG TilesetLoader        - Created buffer with size 512.0x1024.0
02:23:29.429 [FXGL Background Thread 4 ] DEBUG TilesetLoader        - Loading view for layer cliff
02:23:29.429 [FXGL Background Thread 4 ] DEBUG TilesetLoader        - Created buffer with size 512.0x1024.0
02:23:29.431 [FXGL Background Thread 4 ] DEBUG TilesetLoader        - Loading view for layer cliff1
02:23:29.432 [FXGL Background Thread 4 ] DEBUG TilesetLoader        - Created buffer with size 512.0x1024.0
02:23:29.433 [FXGL Background Thread 4 ] DEBUG TilesetLoader        - Loading view for layer cliff2
02:23:29.434 [FXGL Background Thread 4 ] DEBUG TilesetLoader        - Created buffer with size 512.0x1024.0
02:23:29.435 [FXGL Background Thread 4 ] DEBUG TilesetLoader        - Loading view for layer Tile Layer 3
02:23:29.436 [FXGL Background Thread 4 ] DEBUG TilesetLoader        - Created buffer with size 512.0x1024.0
02:23:29.436 [FXGL Background Thread 4 ] DEBUG TilesetLoader        - Loading view for layer Tile Layer 6
02:23:29.437 [FXGL Background Thread 4 ] DEBUG TilesetLoader        - Created buffer with size 512.0x1024.0
02:23:29.516 [FXGL Background Thread 4 ] DEBUG TilesetLoader        - Loading view for layer prop
02:23:29.517 [FXGL Background Thread 4 ] DEBUG TilesetLoader        - Created buffer with size 512.0x1024.0
02:23:29.517 [FXGL Background Thread 4 ] DEBUG TMXLevelLoader       - Creating object layer entities
02:23:29.555 [FXGL Background Thread 4 ] DEBUG FXGLAssetLoaderServi - Loading from file system: file:/C:/Users/Lenovo/ProjectJava3.0/myproject/myproject/target/classes/assets/textures/Actor1.png
02:23:29.576 [FXGL Background Thread 4 ] DEBUG FXGLAssetLoaderServi - Loading from file system: file:/C:/Users/Lenovo/ProjectJava3.0/myproject/myproject/target/classes/assets/textures/Rex.png
02:23:29.582 [FXGL Background Thread 4 ] WARN  TMXLevelLoader       - TiledMap generated from 1.11.2. Supported version: 1.9.0. Some features may not be parsed fully.
02:23:29.592 [FXGL Background Thread 4 ] DEBUG TMXLevelLoader       - Parsed TiledMap: file:/C:/Users/Lenovo/ProjectJava3.0/myproject/myproject/target/classes/assets/levels/scene1.tmx
02:23:29.593 [FXGL Background Thread 4 ] DEBUG TMXLevelLoader       - Creating tile layer entities
02:23:29.593 [FXGL Background Thread 4 ] DEBUG TilesetLoader        - Loading view for layer lowefloor
02:23:29.593 [FXGL Background Thread 4 ] DEBUG TilesetLoader        - Created buffer with size 512.0x1024.0
02:23:29.621 [FXGL Background Thread 4 ] DEBUG TilesetLoader        - Loading view for layer cliff
02:23:29.622 [FXGL Background Thread 4 ] DEBUG TilesetLoader        - Created buffer with size 512.0x1024.0
02:23:29.623 [FXGL Background Thread 4 ] DEBUG TilesetLoader        - Loading view for layer cliff1
02:23:29.623 [FXGL Background Thread 4 ] DEBUG TilesetLoader        - Created buffer with size 512.0x1024.0
02:23:29.624 [FXGL Background Thread 4 ] DEBUG TilesetLoader        - Loading view for layer cliff2
02:23:29.625 [FXGL Background Thread 4 ] DEBUG TilesetLoader        - Created buffer with size 512.0x1024.0
02:23:29.625 [FXGL Background Thread 4 ] DEBUG TilesetLoader        - Loading view for layer Tile Layer 3
02:23:29.626 [FXGL Background Thread 4 ] DEBUG TilesetLoader        - Created buffer with size 512.0x1024.0
02:23:29.626 [FXGL Background Thread 4 ] DEBUG TilesetLoader        - Loading view for layer Tile Layer 6
02:23:29.627 [FXGL Background Thread 4 ] DEBUG TilesetLoader        - Created buffer with size 512.0x1024.0
02:23:29.677 [FXGL Background Thread 4 ] DEBUG TilesetLoader        - Loading view for layer prop
02:23:29.677 [FXGL Background Thread 4 ] DEBUG TilesetLoader        - Created buffer with size 512.0x1024.0
02:23:29.678 [FXGL Background Thread 4 ] DEBUG TMXLevelLoader       - Creating object layer entities
02:23:29.689 [FXGL Background Thread 4 ] DEBUG GameWorld            - Clearing removable entities
02:23:29.690 [FXGL Background Thread 4 ] DEBUG GameWorld            - Setting level: com.almasb.fxgl.entity.level.Level@5daefc37
02:23:29.703 [FXGL Background Thread 4 ] INFO  FXGLApplication      - Game initialization took: 0.433 sec
02:23:29.705 [JavaFX Application Thread] DEBUG Input                - Clearing active input actions
02:23:29.713 [JavaFX Application Thread] DEBUG GameApplicationServi - Removing overlay from FXGLLoadingScene and adding to GameScene
02:23:29.717 [JavaFX Application Thread] DEBUG PrimaryStageWindow   - FXGLLoadingScene -> GameScene
02:23:32.145 [FXGL Background Thread 3 ] DEBUG Engine               - Logging environment variables
02:23:32.146 [FXGL Background Thread 3 ] DEBUG Engine               - achievements: []
02:23:32.146 [FXGL Background Thread 3 ] DEBUG Engine               - actualHeight: 864.0
02:23:32.146 [FXGL Background Thread 3 ] DEBUG Engine               - actualHeightProperty: ReadOnlyDoubleProperty [value: 864.0]
02:23:32.146 [FXGL Background Thread 3 ] DEBUG Engine               - actualWidth: 1536.0
02:23:32.146 [FXGL Background Thread 3 ] DEBUG Engine               - actualWidthProperty: ReadOnlyDoubleProperty [value: 1536.0]
02:23:32.146 [FXGL Background Thread 3 ] DEBUG Engine               - appIcon: fxgl_icon.png
02:23:32.146 [FXGL Background Thread 3 ] DEBUG Engine               - applicationMode: DEVELOPER
02:23:32.146 [FXGL Background Thread 3 ] DEBUG Engine               - cSSList: [fxgl_dark.css]
02:23:32.147 [FXGL Background Thread 3 ] DEBUG Engine               - collisionDetectionStrategy: BRUTE_FORCE
02:23:32.147 [FXGL Background Thread 3 ] DEBUG Engine               - configClass: Optional.empty
02:23:32.147 [FXGL Background Thread 3 ] DEBUG Engine               - credits: []
02:23:32.147 [FXGL Background Thread 3 ] DEBUG Engine               - defaultCursor: CursorInfo(imageName=fxgl_default_cursor.png, hotspotX=7.0, hotspotY=6.0)
02:23:32.147 [FXGL Background Thread 3 ] DEBUG Engine               - devBBoxColorProperty: ObjectProperty [value: 0xff0000ff]
02:23:32.147 [FXGL Background Thread 3 ] DEBUG Engine               - devEnableDebugCameraProperty: BooleanProperty [value: false]
02:23:32.147 [FXGL Background Thread 3 ] DEBUG Engine               - devSensorColorProperty: ObjectProperty [value: 0xffff00ff]
02:23:32.147 [FXGL Background Thread 3 ] DEBUG Engine               - devShowBBoxProperty: BooleanProperty [value: false]
02:23:32.147 [FXGL Background Thread 3 ] DEBUG Engine               - devShowPositionProperty: BooleanProperty [value: false]
02:23:32.147 [FXGL Background Thread 3 ] DEBUG Engine               - enabledMenuItems: []
02:23:32.147 [FXGL Background Thread 3 ] DEBUG Engine               - engineServices: [class com.almasb.fxgl.app.services.FXGLAssetLoaderService, class com.almasb.fxgl.app.FXGLApplication$GameApplicationService, class com.almasb.fxgl.app.services.FXGLDialogService, class com.almasb.fxgl.app.services.IOTaskExecutorService, class com.almasb.fxgl.io.FileSystemService, class com.almasb.fxgl.localization.LocalizationService, class com.almasb.fxgl.app.services.SystemBundleService, class com.almasb.fxgl.profile.SaveLoadService, class com.almasb.fxgl.ui.FXGLUIFactoryServiceProvider, class com.almasb.fxgl.ui.FXGLDialogFactoryServiceProvider, class com.almasb.fxgl.audio.AudioPlayer, class com.almasb.fxgl.notification.impl.NotificationServiceProvider, class com.almasb.fxgl.achievement.AchievementService, class com.almasb.fxgl.cutscene.CutsceneService, class com.almasb.fxgl.minigames.MiniGameService, class com.almasb.fxgl.net.NetService, class com.almasb.fxgl.app.services.UpdaterService, class com.almasb.fxgl.dev.DevService]
02:23:32.147 [FXGL Background Thread 3 ] DEBUG Engine               - fontGame: Abel-Regular.ttf
02:23:32.147 [FXGL Background Thread 3 ] DEBUG Engine               - fontMono: TerminalLandMono-Regular.otf
02:23:32.147 [FXGL Background Thread 3 ] DEBUG Engine               - fontSizeScaleUI: 1.0
02:23:32.148 [FXGL Background Thread 3 ] DEBUG Engine               - fontText: Courier-Prime.ttf
02:23:32.148 [FXGL Background Thread 3 ] DEBUG Engine               - fontUI: VarelaRound-Regular.ttf
02:23:32.148 [FXGL Background Thread 3 ] DEBUG Engine               - fullScreen: BooleanProperty [value: true]
02:23:32.148 [FXGL Background Thread 3 ] DEBUG Engine               - gameDifficulty: MEDIUM
02:23:32.148 [FXGL Background Thread 3 ] DEBUG Engine               - gameDifficultyProperty: ObjectProperty [value: MEDIUM]
02:23:32.148 [FXGL Background Thread 3 ] DEBUG Engine               - globalMusicVolume: 0.5
02:23:32.148 [FXGL Background Thread 3 ] DEBUG Engine               - globalMusicVolumeProperty: DoubleProperty [value: 0.5]
02:23:32.148 [FXGL Background Thread 3 ] DEBUG Engine               - globalSoundVolume: 0.5
02:23:32.148 [FXGL Background Thread 3 ] DEBUG Engine               - globalSoundVolumeProperty: DoubleProperty [value: 0.5]
02:23:32.148 [FXGL Background Thread 3 ] DEBUG Engine               - height: 720
02:23:32.148 [FXGL Background Thread 3 ] DEBUG Engine               - is3D: false
02:23:32.148 [FXGL Background Thread 3 ] DEBUG Engine               - isAndroid: false
02:23:32.148 [FXGL Background Thread 3 ] DEBUG Engine               - isBrowser: false
02:23:32.148 [FXGL Background Thread 3 ] DEBUG Engine               - isClickFeedbackEnabled: false
02:23:32.148 [FXGL Background Thread 3 ] DEBUG Engine               - isCloseConfirmation: false
02:23:32.148 [FXGL Background Thread 3 ] DEBUG Engine               - isDesktop: true
02:23:32.149 [FXGL Background Thread 3 ] DEBUG Engine               - isDeveloperMenuEnabled: true
02:23:32.149 [FXGL Background Thread 3 ] DEBUG Engine               - isEmbedded: false
02:23:32.149 [FXGL Background Thread 3 ] DEBUG Engine               - isEntityPreloadEnabled: true
02:23:32.149 [FXGL Background Thread 3 ] DEBUG Engine               - isExperimentalTiledLargeMap: false
02:23:32.149 [FXGL Background Thread 3 ] DEBUG Engine               - isFileSystemWriteAllowed: true
02:23:32.149 [FXGL Background Thread 3 ] DEBUG Engine               - isFullScreenAllowed: true
02:23:32.149 [FXGL Background Thread 3 ] DEBUG Engine               - isFullScreenFromStart: true
02:23:32.149 [FXGL Background Thread 3 ] DEBUG Engine               - isGameMenuEnabled: true
02:23:32.149 [FXGL Background Thread 3 ] DEBUG Engine               - isIOS: false
02:23:32.149 [FXGL Background Thread 3 ] DEBUG Engine               - isIntroEnabled: false
02:23:32.149 [FXGL Background Thread 3 ] DEBUG Engine               - isLinux: false
02:23:32.149 [FXGL Background Thread 3 ] DEBUG Engine               - isMac: false
02:23:32.149 [FXGL Background Thread 3 ] DEBUG Engine               - isMainMenuEnabled: false
02:23:32.149 [FXGL Background Thread 3 ] DEBUG Engine               - isManualResizeEnabled: false
02:23:32.150 [FXGL Background Thread 3 ] DEBUG Engine               - isMobile: false
02:23:32.150 [FXGL Background Thread 3 ] DEBUG Engine               - isNative: false
02:23:32.150 [FXGL Background Thread 3 ] DEBUG Engine               - isPauseMusicWhenMinimized: true
02:23:32.150 [FXGL Background Thread 3 ] DEBUG Engine               - isPreserveResizeRatio: false
02:23:32.150 [FXGL Background Thread 3 ] DEBUG Engine               - isProfilingEnabled: false
02:23:32.150 [FXGL Background Thread 3 ] DEBUG Engine               - isScaleAffectedOnResize: true
02:23:32.150 [FXGL Background Thread 3 ] DEBUG Engine               - isSingleStep: false
02:23:32.150 [FXGL Background Thread 3 ] DEBUG Engine               - isUserProfileEnabled: false
02:23:32.150 [FXGL Background Thread 3 ] DEBUG Engine               - isWindows: true
02:23:32.150 [FXGL Background Thread 3 ] DEBUG Engine               - language: ObjectProperty [value: ENGLISH]
02:23:32.150 [FXGL Background Thread 3 ] DEBUG Engine               - menuKey: ESCAPE
02:23:32.150 [FXGL Background Thread 3 ] DEBUG Engine               - mouseSensitivity: 0.2
02:23:32.150 [FXGL Background Thread 3 ] DEBUG Engine               - notificationViewClass: class com.almasb.fxgl.notification.view.XboxNotificationView
02:23:32.150 [FXGL Background Thread 3 ] DEBUG Engine               - pixelsPerMeter: 50.0
02:23:32.150 [FXGL Background Thread 3 ] DEBUG Engine               - platform: WINDOWS
02:23:32.150 [FXGL Background Thread 3 ] DEBUG Engine               - prefHeightProperty: ReadOnlyDoubleProperty [value: 720.0]
02:23:32.150 [FXGL Background Thread 3 ] DEBUG Engine               - prefWidthProperty: ReadOnlyDoubleProperty [value: 1280.0]
02:23:32.150 [FXGL Background Thread 3 ] DEBUG Engine               - profileDir: profiles/
02:23:32.150 [FXGL Background Thread 3 ] DEBUG Engine               - profileName: StringProperty [value: DEFAULT]
02:23:32.150 [FXGL Background Thread 3 ] DEBUG Engine               - randomSeed: -1
02:23:32.151 [FXGL Background Thread 3 ] DEBUG Engine               - runtimeInfo: RuntimeInfo(platform=WINDOWS, version=21.1, build=27.03.2024 07.52)
02:23:32.151 [FXGL Background Thread 3 ] DEBUG Engine               - saveFileExt: sav
02:23:32.151 [FXGL Background Thread 3 ] DEBUG Engine               - scaledHeightProp$fxgl: DoubleProperty [bound, value: 864.0]
02:23:32.151 [FXGL Background Thread 3 ] DEBUG Engine               - scaledWidthProp$fxgl: DoubleProperty [bound, value: 1536.0]
02:23:32.151 [FXGL Background Thread 3 ] DEBUG Engine               - sceneFactory: com.almasb.fxgl.app.scene.SceneFactory@13d05618
02:23:32.151 [FXGL Background Thread 3 ] DEBUG Engine               - secondsIn24h: 60
02:23:32.151 [FXGL Background Thread 3 ] DEBUG Engine               - soundMenuBack: menu/back.wav
02:23:32.151 [FXGL Background Thread 3 ] DEBUG Engine               - soundMenuPress: menu/press.wav
02:23:32.151 [FXGL Background Thread 3 ] DEBUG Engine               - soundMenuSelect: menu/select.wav
02:23:32.151 [FXGL Background Thread 3 ] DEBUG Engine               - soundNotification: core/notification.wav
02:23:32.151 [FXGL Background Thread 3 ] DEBUG Engine               - stageStyle: DECORATED
02:23:32.151 [FXGL Background Thread 3 ] DEBUG Engine               - supportedLanguages: [ENGLISH, FRENCH, GERMAN, HUNGARIAN, RUSSIAN]
02:23:32.151 [FXGL Background Thread 3 ] DEBUG Engine               - ticksPerSecond: -1
02:23:32.151 [FXGL Background Thread 3 ] DEBUG Engine               - title: Final Journey
02:23:32.151 [FXGL Background Thread 3 ] DEBUG Engine               - urlGithub: https://github.com/AlmasB/FXGL
02:23:32.151 [FXGL Background Thread 3 ] DEBUG Engine               - urlLeaderboard: http://fxgl-top.herokuapp.com/
02:23:32.151 [FXGL Background Thread 3 ] DEBUG Engine               - urlPOM: https://raw.githubusercontent.com/AlmasB/FXGL/release/README.md
02:23:32.151 [FXGL Background Thread 3 ] DEBUG Engine               - userAppClass: class com.project.App
02:23:32.151 [FXGL Background Thread 3 ] DEBUG Engine               - version: Alpha
02:23:32.151 [FXGL Background Thread 3 ] DEBUG Engine               - versionCheckDays: 7
02:23:32.151 [FXGL Background Thread 3 ] DEBUG Engine               - width: 1280
02:23:32.151 [FXGL Background Thread 3 ] DEBUG Engine               - Logging services
02:23:32.151 [FXGL Background Thread 3 ] DEBUG Engine               - class com.almasb.fxgl.app.services.FXGLAssetLoaderService
02:23:32.151 [FXGL Background Thread 3 ] DEBUG Engine               - class com.almasb.fxgl.app.FXGLApplication$GameApplicationService
02:23:32.151 [FXGL Background Thread 3 ] DEBUG Engine               - class com.almasb.fxgl.app.services.FXGLDialogService
02:23:32.151 [FXGL Background Thread 3 ] DEBUG Engine               - class com.almasb.fxgl.app.services.IOTaskExecutorService
02:23:32.152 [FXGL Background Thread 3 ] DEBUG Engine               - class com.almasb.fxgl.io.FileSystemService
02:23:32.152 [FXGL Background Thread 3 ] DEBUG Engine               - class com.almasb.fxgl.localization.LocalizationService
02:23:32.152 [FXGL Background Thread 3 ] DEBUG Engine               - class com.almasb.fxgl.app.services.SystemBundleService
02:23:32.152 [FXGL Background Thread 3 ] DEBUG Engine               - class com.almasb.fxgl.profile.SaveLoadService
02:23:32.152 [FXGL Background Thread 3 ] DEBUG Engine               - class com.almasb.fxgl.ui.FXGLUIFactoryServiceProvider
02:23:32.152 [FXGL Background Thread 3 ] DEBUG Engine               - class com.almasb.fxgl.ui.FXGLDialogFactoryServiceProvider
02:23:32.152 [FXGL Background Thread 3 ] DEBUG Engine               - class com.almasb.fxgl.audio.AudioPlayer
02:23:32.152 [FXGL Background Thread 3 ] DEBUG Engine               - class com.almasb.fxgl.notification.impl.NotificationServiceProvider
02:23:32.152 [FXGL Background Thread 3 ] DEBUG Engine               - class com.almasb.fxgl.achievement.AchievementService
02:23:32.152 [FXGL Background Thread 3 ] DEBUG Engine               - class com.almasb.fxgl.cutscene.CutsceneService
02:23:32.152 [FXGL Background Thread 3 ] DEBUG Engine               - class com.almasb.fxgl.minigames.MiniGameService
02:23:32.152 [FXGL Background Thread 3 ] DEBUG Engine               - class com.almasb.fxgl.net.NetService
02:23:32.152 [FXGL Background Thread 3 ] DEBUG Engine               - class com.almasb.fxgl.app.services.UpdaterService
02:23:32.152 [FXGL Background Thread 3 ] DEBUG Engine               - class com.almasb.fxgl.dev.DevService
02:23:32.212 [JavaFX Application Thread] DEBUG FXGLAssetLoaderServi - Loading from file system: file:/C:/Users/Lenovo/ProjectJava3.0/myproject/myproject/target/classes/assets/text/filetext.txt
02:23:32.214 [JavaFX Application Thread] DEBUG EventBus             - Firing event: com.GameEvent.CombatScene[source=javafx.event.Event$$Lambda/0x0000021d90173198@4a15ba40]
02:23:32.217 [JavaFX Application Thread] WARN  TMXLevelLoader       - TiledMap generated from 1.11.2. Supported version: 1.9.0. Some features may not be parsed fully.
02:23:32.222 [JavaFX Application Thread] DEBUG TMXLevelLoader       - Parsed TiledMap: file:/C:/Users/Lenovo/ProjectJava3.0/myproject/myproject/target/classes/assets/levels/battle1.tmx
02:23:32.223 [JavaFX Application Thread] DEBUG TMXLevelLoader       - Creating tile layer entities
02:23:32.223 [JavaFX Application Thread] DEBUG TilesetLoader        - Loading view for layer Tile Layer 1
02:23:32.226 [JavaFX Application Thread] DEBUG TilesetLoader        - Created buffer with size 2048.0x1024.0
02:23:32.328 [JavaFX Application Thread] DEBUG TMXLevelLoader       - Creating object layer entities
02:23:32.332 [JavaFX Application Thread] DEBUG FXGLAssetLoaderServi - Loading from file system: file:/C:/Users/Lenovo/ProjectJava3.0/myproject/myproject/target/classes/assets/textures/Rex.png
02:23:32.341 [JavaFX Application Thread] DEBUG FXGLAssetLoaderServi - Loading from file system: file:/C:/Users/Lenovo/ProjectJava3.0/myproject/myproject/target/classes/assets/textures/Karee.png
02:23:32.351 [JavaFX Application Thread] DEBUG GameWorld            - Clearing removable entities
02:23:32.360 [JavaFX Application Thread] DEBUG GameWorld            - Setting level: com.almasb.fxgl.entity.level.Level@116b8112
02:23:32.364 [JavaFX Application Thread] WARN  TMXLevelLoader       - TiledMap generated from 1.11.2. Supported version: 1.9.0. Some features may not be parsed fully.
02:23:32.368 [JavaFX Application Thread] DEBUG TMXLevelLoader       - Parsed TiledMap: file:/C:/Users/Lenovo/ProjectJava3.0/myproject/myproject/target/classes/assets/levels/battle1.tmx
02:23:32.368 [JavaFX Application Thread] DEBUG TMXLevelLoader       - Creating tile layer entities
02:23:32.368 [JavaFX Application Thread] DEBUG TilesetLoader        - Loading view for layer Tile Layer 1
02:23:32.372 [JavaFX Application Thread] DEBUG TilesetLoader        - Created buffer with size 2048.0x1024.0
02:23:32.466 [JavaFX Application Thread] DEBUG TMXLevelLoader       - Creating object layer entities
02:23:35.065 [JavaFX Application Thread] DEBUG EventBus             - Firing event: com.GameEvent.BackMainScene[source=javafx.event.Event$$Lambda/0x0000021d90173198@4a15ba40]
02:23:35.067 [JavaFX Application Thread] WARN  TMXLevelLoader       - TiledMap generated from 1.11.2. Supported version: 1.9.0. Some features may not be parsed fully.
02:23:35.074 [JavaFX Application Thread] DEBUG TMXLevelLoader       - Parsed TiledMap: file:/C:/Users/Lenovo/ProjectJava3.0/myproject/myproject/target/classes/assets/levels/scene1.tmx
02:23:35.074 [JavaFX Application Thread] DEBUG TMXLevelLoader       - Creating tile layer entities
02:23:35.074 [JavaFX Application Thread] DEBUG TilesetLoader        - Loading view for layer lowefloor
02:23:35.075 [JavaFX Application Thread] DEBUG TilesetLoader        - Created buffer with size 512.0x1024.0
02:23:35.095 [JavaFX Application Thread] DEBUG TilesetLoader        - Loading view for layer cliff
02:23:35.096 [JavaFX Application Thread] DEBUG TilesetLoader        - Created buffer with size 512.0x1024.0
02:23:35.096 [JavaFX Application Thread] DEBUG TilesetLoader        - Loading view for layer cliff1
02:23:35.097 [JavaFX Application Thread] DEBUG TilesetLoader        - Created buffer with size 512.0x1024.0
02:23:35.097 [JavaFX Application Thread] DEBUG TilesetLoader        - Loading view for layer cliff2
02:23:35.097 [JavaFX Application Thread] DEBUG TilesetLoader        - Created buffer with size 512.0x1024.0
02:23:35.098 [JavaFX Application Thread] DEBUG TilesetLoader        - Loading view for layer Tile Layer 3
02:23:35.098 [JavaFX Application Thread] DEBUG TilesetLoader        - Created buffer with size 512.0x1024.0
02:23:35.098 [JavaFX Application Thread] DEBUG TilesetLoader        - Loading view for layer Tile Layer 6
02:23:35.099 [JavaFX Application Thread] DEBUG TilesetLoader        - Created buffer with size 512.0x1024.0
02:23:35.145 [JavaFX Application Thread] DEBUG TilesetLoader        - Loading view for layer prop
02:23:35.145 [JavaFX Application Thread] DEBUG TilesetLoader        - Created buffer with size 512.0x1024.0
02:23:35.146 [JavaFX Application Thread] DEBUG TMXLevelLoader       - Creating object layer entities
02:23:35.152 [JavaFX Application Thread] DEBUG GameWorld            - Clearing removable entities
02:23:35.153 [JavaFX Application Thread] DEBUG GameWorld            - Setting level: com.almasb.fxgl.entity.level.Level@316b0495
02:23:35.156 [JavaFX Application Thread] WARN  TMXLevelLoader       - TiledMap generated from 1.11.2. Supported version: 1.9.0. Some features may not be parsed fully.
02:23:35.163 [JavaFX Application Thread] DEBUG TMXLevelLoader       - Parsed TiledMap: file:/C:/Users/Lenovo/ProjectJava3.0/myproject/myproject/target/classes/assets/levels/scene1.tmx
02:23:35.164 [JavaFX Application Thread] DEBUG TMXLevelLoader       - Creating tile layer entities
02:23:35.164 [JavaFX Application Thread] DEBUG TilesetLoader        - Loading view for layer lowefloor
02:23:35.165 [JavaFX Application Thread] DEBUG TilesetLoader        - Created buffer with size 512.0x1024.0
02:23:35.184 [JavaFX Application Thread] DEBUG TilesetLoader        - Loading view for layer cliff
02:23:35.184 [JavaFX Application Thread] DEBUG TilesetLoader        - Created buffer with size 512.0x1024.0
02:23:35.185 [JavaFX Application Thread] DEBUG TilesetLoader        - Loading view for layer cliff1
02:23:35.185 [JavaFX Application Thread] DEBUG TilesetLoader        - Created buffer with size 512.0x1024.0
02:23:35.186 [JavaFX Application Thread] DEBUG TilesetLoader        - Loading view for layer cliff2
02:23:35.186 [JavaFX Application Thread] DEBUG TilesetLoader        - Created buffer with size 512.0x1024.0
02:23:35.187 [JavaFX Application Thread] DEBUG TilesetLoader        - Loading view for layer Tile Layer 3
02:23:35.187 [JavaFX Application Thread] DEBUG TilesetLoader        - Created buffer with size 512.0x1024.0
02:23:35.187 [JavaFX Application Thread] DEBUG TilesetLoader        - Loading view for layer Tile Layer 6
02:23:35.188 [JavaFX Application Thread] DEBUG TilesetLoader        - Created buffer with size 512.0x1024.0
02:23:35.227 [JavaFX Application Thread] DEBUG TilesetLoader        - Loading view for layer prop
02:23:35.227 [JavaFX Application Thread] DEBUG TilesetLoader        - Created buffer with size 512.0x1024.0
02:23:35.227 [JavaFX Application Thread] DEBUG TMXLevelLoader       - Creating object layer entities
02:23:47.287 [JavaFX Application Thread] DEBUG FXGLApplication      - Exiting FXGL
02:23:47.287 [JavaFX Application Thread] DEBUG LoopRunner           - Stopping loop
02:23:47.287 [JavaFX Application Thread] DEBUG SystemBundleService  - Saving FXGL system data
02:23:47.290 [JavaFX Application Thread] DEBUG FileSystemAccess     - Writing to: C:\Users\Lenovo\ProjectJava3.0\myproject\myproject\system\fxgl.bundle
02:23:47.292 [JavaFX Application Thread] DEBUG Async                - Shutting down background threads
02:23:47.293 [JavaFX Application Thread] DEBUG PrimaryStageWindow   - Closing main window
02:23:47.325 [JavaFX Application Thread] DEBUG Logger               - Closing Logger
