02:04:01.515 [main                     ] DEBUG Logger               - Configured Logger
02:04:01.534 [main                     ] DEBUG GameApplication      - Logging settings
Title: Final Journey
Version: Alpha
Width: 1280
Height: 720
Fullscreen: true
Intro: false
Profiling: false
Single step:false
App Mode: DEVELOPER
Menu Key: ESCAPE
Stage Style: DECORATED
Scene Factory: class com.almasb.fxgl.app.scene.SceneFactory

02:04:01.955 [JavaFX Application Thread] DEBUG FXGLApplication      - Initializing FXGL
02:04:01.958 [JavaFX Application Thread] INFO  Engine               - FXGL-21.1 (27.03.2024 07.52) on WINDOWS (J:21.0.5 FX:21.0.1)
02:04:01.959 [JavaFX Application Thread] DEBUG Engine               - JRE Vendor Name: Eclipse Adoptium
02:04:01.959 [JavaFX Application Thread] DEBUG Engine               - Running on OS: Windows 11 version 10.0
02:04:01.959 [JavaFX Application Thread] DEBUG Engine               - Architecture: amd64
02:04:01.959 [JavaFX Application Thread] INFO  Engine               - Source code and latest versions at: https://github.com/AlmasB/FXGL
02:04:01.959 [JavaFX Application Thread] INFO  Engine               -       Ask questions and discuss at: https://github.com/AlmasB/FXGL/discussions
02:04:01.959 [JavaFX Application Thread] INFO  Engine               -              Join the FXGL chat at: https://gitter.im/AlmasB/FXGL
02:04:02.061 [JavaFX Application Thread] DEBUG PrimaryStageWindow   - Creating a JavaFX scene
02:04:02.105 [JavaFX Application Thread] DEBUG PrimaryStageWindow   - Target settings size: 1280.0 x 720.0
02:04:02.105 [JavaFX Application Thread] DEBUG PrimaryStageWindow   - Scaled scene size:    1280.0 x 720.0
02:04:02.105 [JavaFX Application Thread] DEBUG PrimaryStageWindow   - Scaled ratio: (1.0, 1.0)
02:04:02.110 [JavaFX Application Thread] DEBUG PrimaryStageWindow   - Set initial scene to FXGLStartupScene
02:04:02.115 [JavaFX Application Thread] DEBUG PrimaryStageWindow   - Opening main window
02:04:02.197 [JavaFX Application Thread] DEBUG PrimaryStageWindow   - Window border size: (14.4000244140625, 37.5999755859375)
02:04:02.198 [JavaFX Application Thread] DEBUG PrimaryStageWindow   - Scaled size: 1280.0 x 720.0
02:04:02.198 [JavaFX Application Thread] DEBUG PrimaryStageWindow   - Scaled ratio: (1.0, 1.0)
02:04:02.199 [JavaFX Application Thread] DEBUG PrimaryStageWindow   - Scene size: 1280.0 x 720.0
02:04:02.199 [JavaFX Application Thread] DEBUG PrimaryStageWindow   - Stage size: 1294.4000244140625 x 757.5999755859375
02:04:02.262 [JavaFX Application Thread] DEBUG PrimaryStageWindow   - Going fullscreen
02:04:02.273 [FXGL Background Thread 1 ] DEBUG Engine               - Initializing environment variables
02:04:02.336 [FXGL Background Thread 1 ] DEBUG FXGLAssetLoaderServi - User app class for loading assets: class com.project.App
02:04:02.336 [FXGL Background Thread 1 ] DEBUG GameApplicationServi - Applying CSS: fxgl_dark.css
02:04:02.337 [FXGL Background Thread 1 ] DEBUG FXGLAssetLoaderServi - Loading from file system: jar:file:/C:/Users/Lenovo/.m2/repository/com/github/almasb/fxgl/21.1/fxgl-21.1.jar!/fxglassets/ui/css/fxgl_dark.css
02:04:02.373 [FXGL Background Thread 1 ] DEBUG GameApplicationServi - Initializing application scenes
02:04:02.412 [FXGL Background Thread 1 ] DEBUG GameWorld            - Game world initialized
02:04:02.479 [FXGL Background Thread 1 ] DEBUG PhysicsWorld         - Physics world initialized: appHeight=720, physics.ppm=50.0
02:04:02.479 [FXGL Background Thread 1 ] DEBUG PhysicsWorld         - Using strategy: BRUTE_FORCE
02:04:02.484 [FXGL Background Thread 1 ] DEBUG GameScene            - Game scene initialized: 1280x720
02:04:02.496 [FXGL Background Thread 1 ] DEBUG FXGL.DefaultMenu     - createMenuBodyGameMenu()
02:04:02.510 [FXGL Background Thread 1 ] DEBUG FXGL.DefaultMenu     - createOptionsMenu()
02:04:02.519 [FXGL Background Thread 1 ] DEBUG FXGLAssetLoaderServi - Loading from file system: jar:file:/C:/Users/Lenovo/.m2/repository/com/github/almasb/fxgl/21.1/fxgl-21.1.jar!/fxglassets/textures/particles/smoke.png
02:04:02.619 [FXGL Background Thread 1 ] DEBUG FXGLAssetLoaderServi - Loading from file system: jar:file:/C:/Users/Lenovo/.m2/repository/com/github/almasb/fxgl/21.1/fxgl-21.1.jar!/fxglassets/textures/particles/trace_horizontal.png
02:04:02.637 [FXGL Background Thread 1 ] DEBUG GameApplicationServi - Application scenes initialized
02:04:02.651 [FXGL Background Thread 1 ] DEBUG SystemBundleService  - Loading FXGL system data
02:04:02.655 [FXGL Background Thread 1 ] DEBUG FileSystemAccess     - Reading from: C:\Users\Lenovo\ProjectJava3.0\myproject\myproject\system\fxgl.bundle
02:04:02.665 [FXGL Background Thread 1 ] DEBUG SystemBundleService  - Bundle FXGL: {}
02:04:02.665 [FXGL Background Thread 1 ] DEBUG UpdaterService       - Checking for updates
02:04:02.694 [FXGL Background Thread 4 ] DEBUG FXGLApplication      - Loading fonts
02:04:02.694 [FXGL Background Thread 4 ] DEBUG FXGLAssetLoaderServi - Loading from file system: jar:file:/C:/Users/Lenovo/.m2/repository/com/github/almasb/fxgl/21.1/fxgl-21.1.jar!/fxglassets/ui/fonts/VarelaRound-Regular.ttf
02:04:02.694 [FXGL Background Thread 1 ] DEBUG FXGLApplication      - Loading default localization
02:04:02.695 [FXGL Background Thread 1 ] DEBUG FXGLAssetLoaderServi - Loading from file system: jar:file:/C:/Users/Lenovo/.m2/repository/com/github/almasb/fxgl/21.1/fxgl-21.1.jar!/fxglassets/languages/english.lang
02:04:02.726 [FXGL Background Thread 4 ] DEBUG FXGLAssetLoaderServi - Loading from file system: jar:file:/C:/Users/Lenovo/.m2/repository/com/github/almasb/fxgl/21.1/fxgl-21.1.jar!/fxglassets/ui/fonts/Abel-Regular.ttf
02:04:02.729 [FXGL Background Thread 4 ] DEBUG FXGLAssetLoaderServi - Loading from file system: jar:file:/C:/Users/Lenovo/.m2/repository/com/github/almasb/fxgl/21.1/fxgl-21.1.jar!/fxglassets/ui/fonts/TerminalLandMono-Regular.otf
02:04:02.733 [FXGL Background Thread 4 ] DEBUG FXGLAssetLoaderServi - Loading from file system: jar:file:/C:/Users/Lenovo/.m2/repository/com/github/almasb/fxgl/21.1/fxgl-21.1.jar!/fxglassets/ui/fonts/Courier-Prime.ttf
02:04:02.736 [FXGL Background Thread 1 ] INFO  FXGLApplication      - FXGL initialization took: 0.463 sec
02:04:02.745 [JavaFX Application Thread] DEBUG Input                - Registered new binding: Right - D
02:04:02.745 [JavaFX Application Thread] DEBUG Input                - Registered new binding: Left - A
02:04:02.745 [JavaFX Application Thread] DEBUG Input                - Registered new binding: Up - W
02:04:02.745 [JavaFX Application Thread] DEBUG Input                - Registered new binding: Down - S
02:04:02.745 [JavaFX Application Thread] DEBUG Input                - Registered new binding: Interact - E
02:04:02.746 [JavaFX Application Thread] DEBUG FXGLAssetLoaderServi - Loading from file system: jar:file:/C:/Users/Lenovo/.m2/repository/com/github/almasb/fxgl/21.1/fxgl-21.1.jar!/fxglassets/textures/fxgl_icon.png
02:04:02.763 [JavaFX Application Thread] DEBUG FXGLAssetLoaderServi - Loading from file system: jar:file:/C:/Users/Lenovo/.m2/repository/com/github/almasb/fxgl/21.1/fxgl-21.1.jar!/fxglassets/textures/fxgl_default_cursor.png
02:04:02.765 [JavaFX Application Thread] DEBUG Input                - Registered new binding: Screenshot - CTRL+8
02:04:02.765 [JavaFX Application Thread] DEBUG Input                - Registered new binding: Dev Options - 1
02:04:02.766 [JavaFX Application Thread] DEBUG Input                - Registered new binding: Dev Console - 2
02:04:02.766 [JavaFX Application Thread] DEBUG Input                - Registered new binding: System info dump - CTRL+9
02:04:02.767 [JavaFX Application Thread] DEBUG Input                - Registered new binding: Restart - CTRL+R
02:04:02.768 [JavaFX Application Thread] DEBUG Input                - Registered new binding: Toggle Debug Camera - CTRL+7
02:04:02.773 [JavaFX Application Thread] DEBUG LoopRunner           - Starting loop
02:04:02.794 [JavaFX Application Thread] DEBUG LoopRunner           - Initializing JavaFX AnimationTimerLoop
02:04:02.796 [JavaFX Application Thread] DEBUG GameApplicationServi - Starting new game
02:04:02.797 [JavaFX Application Thread] DEBUG Input                - Clearing active input actions
02:04:02.808 [JavaFX Application Thread] DEBUG GameApplicationServi - Removing overlay from FXGLStartupScene and adding to FXGLLoadingScene
02:04:02.813 [JavaFX Application Thread] DEBUG PrimaryStageWindow   - FXGLStartupScene -> FXGLLoadingScene
02:04:02.813 [JavaFX Application Thread] DEBUG GameApplicationServi - Clearing previous game
02:04:02.813 [JavaFX Application Thread] DEBUG GameScene            - Clearing game scene
02:04:02.813 [JavaFX Application Thread] DEBUG GameWorld            - Clearing game world
02:04:02.813 [JavaFX Application Thread] DEBUG PhysicsWorld         - Clearing physics world
02:04:02.814 [JavaFX Application Thread] DEBUG FXGLApplication      - Registering font factories with UI factory
02:04:02.814 [FXGL Background Thread 4 ] DEBUG FXGLApplication      - Initializing game
02:04:02.866 [FXGL Background Thread 4 ] WARN  TMXLevelLoader       - TiledMap generated from 1.11.2. Supported version: 1.9.0. Some features may not be parsed fully.
02:04:02.887 [FXGL Background Thread 4 ] DEBUG TMXLevelLoader       - Parsed TiledMap: file:/C:/Users/Lenovo/ProjectJava3.0/myproject/myproject/target/classes/assets/levels/scene1.tmx
02:04:02.889 [FXGL Background Thread 4 ] DEBUG TMXLevelLoader       - Creating tile layer entities
02:04:02.892 [FXGL Background Thread 4 ] DEBUG TilesetLoader        - Loading view for layer lowefloor
02:04:02.893 [FXGL Background Thread 4 ] DEBUG TilesetLoader        - Created buffer with size 512.0x1024.0
02:04:02.960 [FXGL Background Thread 4 ] DEBUG TilesetLoader        - Loading view for layer cliff
02:04:02.960 [FXGL Background Thread 4 ] DEBUG TilesetLoader        - Created buffer with size 512.0x1024.0
02:04:02.961 [FXGL Background Thread 4 ] DEBUG TilesetLoader        - Loading view for layer cliff1
02:04:02.964 [FXGL Background Thread 4 ] DEBUG TilesetLoader        - Created buffer with size 512.0x1024.0
02:04:02.965 [FXGL Background Thread 4 ] DEBUG TilesetLoader        - Loading view for layer cliff2
02:04:02.966 [FXGL Background Thread 4 ] DEBUG TilesetLoader        - Created buffer with size 512.0x1024.0
02:04:02.967 [FXGL Background Thread 4 ] DEBUG TilesetLoader        - Loading view for layer Tile Layer 3
02:04:02.967 [FXGL Background Thread 4 ] DEBUG TilesetLoader        - Created buffer with size 512.0x1024.0
02:04:02.969 [FXGL Background Thread 4 ] DEBUG TilesetLoader        - Loading view for layer Tile Layer 6
02:04:02.969 [FXGL Background Thread 4 ] DEBUG TilesetLoader        - Created buffer with size 512.0x1024.0
02:04:03.025 [FXGL Background Thread 4 ] DEBUG TilesetLoader        - Loading view for layer prop
02:04:03.026 [FXGL Background Thread 4 ] DEBUG TilesetLoader        - Created buffer with size 512.0x1024.0
02:04:03.027 [FXGL Background Thread 4 ] DEBUG TMXLevelLoader       - Creating object layer entities
02:04:03.066 [FXGL Background Thread 4 ] DEBUG FXGLAssetLoaderServi - Loading from file system: file:/C:/Users/Lenovo/ProjectJava3.0/myproject/myproject/target/classes/assets/textures/Actor1.png
02:04:03.091 [FXGL Background Thread 4 ] DEBUG FXGLAssetLoaderServi - Loading from file system: file:/C:/Users/Lenovo/ProjectJava3.0/myproject/myproject/target/classes/assets/textures/Rex.png
02:04:03.096 [FXGL Background Thread 4 ] WARN  TMXLevelLoader       - TiledMap generated from 1.11.2. Supported version: 1.9.0. Some features may not be parsed fully.
02:04:03.107 [FXGL Background Thread 4 ] DEBUG TMXLevelLoader       - Parsed TiledMap: file:/C:/Users/Lenovo/ProjectJava3.0/myproject/myproject/target/classes/assets/levels/scene1.tmx
02:04:03.107 [FXGL Background Thread 4 ] DEBUG TMXLevelLoader       - Creating tile layer entities
02:04:03.107 [FXGL Background Thread 4 ] DEBUG TilesetLoader        - Loading view for layer lowefloor
02:04:03.108 [FXGL Background Thread 4 ] DEBUG TilesetLoader        - Created buffer with size 512.0x1024.0
02:04:03.132 [FXGL Background Thread 4 ] DEBUG TilesetLoader        - Loading view for layer cliff
02:04:03.133 [FXGL Background Thread 4 ] DEBUG TilesetLoader        - Created buffer with size 512.0x1024.0
02:04:03.134 [FXGL Background Thread 4 ] DEBUG TilesetLoader        - Loading view for layer cliff1
02:04:03.135 [FXGL Background Thread 4 ] DEBUG TilesetLoader        - Created buffer with size 512.0x1024.0
02:04:03.136 [FXGL Background Thread 4 ] DEBUG TilesetLoader        - Loading view for layer cliff2
02:04:03.136 [FXGL Background Thread 4 ] DEBUG TilesetLoader        - Created buffer with size 512.0x1024.0
02:04:03.137 [FXGL Background Thread 4 ] DEBUG TilesetLoader        - Loading view for layer Tile Layer 3
02:04:03.138 [FXGL Background Thread 4 ] DEBUG TilesetLoader        - Created buffer with size 512.0x1024.0
02:04:03.139 [FXGL Background Thread 4 ] DEBUG TilesetLoader        - Loading view for layer Tile Layer 6
02:04:03.139 [FXGL Background Thread 4 ] DEBUG TilesetLoader        - Created buffer with size 512.0x1024.0
02:04:03.188 [FXGL Background Thread 4 ] DEBUG TilesetLoader        - Loading view for layer prop
02:04:03.189 [FXGL Background Thread 4 ] DEBUG TilesetLoader        - Created buffer with size 512.0x1024.0
02:04:03.189 [FXGL Background Thread 4 ] DEBUG TMXLevelLoader       - Creating object layer entities
02:04:03.202 [FXGL Background Thread 4 ] DEBUG GameWorld            - Clearing removable entities
02:04:03.203 [FXGL Background Thread 4 ] DEBUG GameWorld            - Setting level: com.almasb.fxgl.entity.level.Level@45ddf8db
02:04:03.221 [FXGL Background Thread 4 ] INFO  FXGLApplication      - Game initialization took: 0.406 sec
02:04:03.222 [JavaFX Application Thread] DEBUG Input                - Clearing active input actions
02:04:03.233 [JavaFX Application Thread] DEBUG GameApplicationServi - Removing overlay from FXGLLoadingScene and adding to GameScene
02:04:03.236 [JavaFX Application Thread] DEBUG PrimaryStageWindow   - FXGLLoadingScene -> GameScene
02:04:05.694 [FXGL Background Thread 3 ] DEBUG Engine               - Logging environment variables
02:04:05.695 [FXGL Background Thread 3 ] DEBUG Engine               - achievements: []
02:04:05.695 [FXGL Background Thread 3 ] DEBUG Engine               - actualHeight: 864.0
02:04:05.695 [FXGL Background Thread 3 ] DEBUG Engine               - actualHeightProperty: ReadOnlyDoubleProperty [value: 864.0]
02:04:05.695 [FXGL Background Thread 3 ] DEBUG Engine               - actualWidth: 1536.0
02:04:05.695 [FXGL Background Thread 3 ] DEBUG Engine               - actualWidthProperty: ReadOnlyDoubleProperty [value: 1536.0]
02:04:05.695 [FXGL Background Thread 3 ] DEBUG Engine               - appIcon: fxgl_icon.png
02:04:05.695 [FXGL Background Thread 3 ] DEBUG Engine               - applicationMode: DEVELOPER
02:04:05.695 [FXGL Background Thread 3 ] DEBUG Engine               - cSSList: [fxgl_dark.css]
02:04:05.695 [FXGL Background Thread 3 ] DEBUG Engine               - collisionDetectionStrategy: BRUTE_FORCE
02:04:05.696 [FXGL Background Thread 3 ] DEBUG Engine               - configClass: Optional.empty
02:04:05.696 [FXGL Background Thread 3 ] DEBUG Engine               - credits: []
02:04:05.696 [FXGL Background Thread 3 ] DEBUG Engine               - defaultCursor: CursorInfo(imageName=fxgl_default_cursor.png, hotspotX=7.0, hotspotY=6.0)
02:04:05.696 [FXGL Background Thread 3 ] DEBUG Engine               - devBBoxColorProperty: ObjectProperty [value: 0xff0000ff]
02:04:05.696 [FXGL Background Thread 3 ] DEBUG Engine               - devEnableDebugCameraProperty: BooleanProperty [value: false]
02:04:05.696 [FXGL Background Thread 3 ] DEBUG Engine               - devSensorColorProperty: ObjectProperty [value: 0xffff00ff]
02:04:05.696 [FXGL Background Thread 3 ] DEBUG Engine               - devShowBBoxProperty: BooleanProperty [value: false]
02:04:05.696 [FXGL Background Thread 3 ] DEBUG Engine               - devShowPositionProperty: BooleanProperty [value: false]
02:04:05.697 [FXGL Background Thread 3 ] DEBUG Engine               - enabledMenuItems: []
02:04:05.697 [FXGL Background Thread 3 ] DEBUG Engine               - engineServices: [class com.almasb.fxgl.app.services.FXGLAssetLoaderService, class com.almasb.fxgl.app.FXGLApplication$GameApplicationService, class com.almasb.fxgl.app.services.FXGLDialogService, class com.almasb.fxgl.app.services.IOTaskExecutorService, class com.almasb.fxgl.io.FileSystemService, class com.almasb.fxgl.localization.LocalizationService, class com.almasb.fxgl.app.services.SystemBundleService, class com.almasb.fxgl.profile.SaveLoadService, class com.almasb.fxgl.ui.FXGLUIFactoryServiceProvider, class com.almasb.fxgl.ui.FXGLDialogFactoryServiceProvider, class com.almasb.fxgl.audio.AudioPlayer, class com.almasb.fxgl.notification.impl.NotificationServiceProvider, class com.almasb.fxgl.achievement.AchievementService, class com.almasb.fxgl.cutscene.CutsceneService, class com.almasb.fxgl.minigames.MiniGameService, class com.almasb.fxgl.net.NetService, class com.almasb.fxgl.app.services.UpdaterService, class com.almasb.fxgl.dev.DevService]
02:04:05.697 [FXGL Background Thread 3 ] DEBUG Engine               - fontGame: Abel-Regular.ttf
02:04:05.697 [FXGL Background Thread 3 ] DEBUG Engine               - fontMono: TerminalLandMono-Regular.otf
02:04:05.697 [FXGL Background Thread 3 ] DEBUG Engine               - fontSizeScaleUI: 1.0
02:04:05.697 [FXGL Background Thread 3 ] DEBUG Engine               - fontText: Courier-Prime.ttf
02:04:05.697 [FXGL Background Thread 3 ] DEBUG Engine               - fontUI: VarelaRound-Regular.ttf
02:04:05.697 [FXGL Background Thread 3 ] DEBUG Engine               - fullScreen: BooleanProperty [value: true]
02:04:05.697 [FXGL Background Thread 3 ] DEBUG Engine               - gameDifficulty: MEDIUM
02:04:05.697 [FXGL Background Thread 3 ] DEBUG Engine               - gameDifficultyProperty: ObjectProperty [value: MEDIUM]
02:04:05.697 [FXGL Background Thread 3 ] DEBUG Engine               - globalMusicVolume: 0.5
02:04:05.698 [FXGL Background Thread 3 ] DEBUG Engine               - globalMusicVolumeProperty: DoubleProperty [value: 0.5]
02:04:05.698 [FXGL Background Thread 3 ] DEBUG Engine               - globalSoundVolume: 0.5
02:04:05.698 [FXGL Background Thread 3 ] DEBUG Engine               - globalSoundVolumeProperty: DoubleProperty [value: 0.5]
02:04:05.698 [FXGL Background Thread 3 ] DEBUG Engine               - height: 720
02:04:05.699 [FXGL Background Thread 3 ] DEBUG Engine               - is3D: false
02:04:05.699 [FXGL Background Thread 3 ] DEBUG Engine               - isAndroid: false
02:04:05.699 [FXGL Background Thread 3 ] DEBUG Engine               - isBrowser: false
02:04:05.699 [FXGL Background Thread 3 ] DEBUG Engine               - isClickFeedbackEnabled: false
02:04:05.699 [FXGL Background Thread 3 ] DEBUG Engine               - isCloseConfirmation: false
02:04:05.699 [FXGL Background Thread 3 ] DEBUG Engine               - isDesktop: true
02:04:05.700 [FXGL Background Thread 3 ] DEBUG Engine               - isDeveloperMenuEnabled: true
02:04:05.700 [FXGL Background Thread 3 ] DEBUG Engine               - isEmbedded: false
02:04:05.700 [FXGL Background Thread 3 ] DEBUG Engine               - isEntityPreloadEnabled: true
02:04:05.700 [FXGL Background Thread 3 ] DEBUG Engine               - isExperimentalTiledLargeMap: false
02:04:05.701 [FXGL Background Thread 3 ] DEBUG Engine               - isFileSystemWriteAllowed: true
02:04:05.701 [FXGL Background Thread 3 ] DEBUG Engine               - isFullScreenAllowed: true
02:04:05.701 [FXGL Background Thread 3 ] DEBUG Engine               - isFullScreenFromStart: true
02:04:05.701 [FXGL Background Thread 3 ] DEBUG Engine               - isGameMenuEnabled: true
02:04:05.702 [FXGL Background Thread 3 ] DEBUG Engine               - isIOS: false
02:04:05.702 [FXGL Background Thread 3 ] DEBUG Engine               - isIntroEnabled: false
02:04:05.703 [FXGL Background Thread 3 ] DEBUG Engine               - isLinux: false
02:04:05.703 [FXGL Background Thread 3 ] DEBUG Engine               - isMac: false
02:04:05.704 [FXGL Background Thread 3 ] DEBUG Engine               - isMainMenuEnabled: false
02:04:05.704 [FXGL Background Thread 3 ] DEBUG Engine               - isManualResizeEnabled: false
02:04:05.704 [FXGL Background Thread 3 ] DEBUG Engine               - isMobile: false
02:04:05.705 [FXGL Background Thread 3 ] DEBUG Engine               - isNative: false
02:04:05.705 [FXGL Background Thread 3 ] DEBUG Engine               - isPauseMusicWhenMinimized: true
02:04:05.705 [FXGL Background Thread 3 ] DEBUG Engine               - isPreserveResizeRatio: false
02:04:05.705 [FXGL Background Thread 3 ] DEBUG Engine               - isProfilingEnabled: false
02:04:05.705 [FXGL Background Thread 3 ] DEBUG Engine               - isScaleAffectedOnResize: true
02:04:05.705 [FXGL Background Thread 3 ] DEBUG Engine               - isSingleStep: false
02:04:05.706 [FXGL Background Thread 3 ] DEBUG Engine               - isUserProfileEnabled: false
02:04:05.706 [FXGL Background Thread 3 ] DEBUG Engine               - isWindows: true
02:04:05.706 [FXGL Background Thread 3 ] DEBUG Engine               - language: ObjectProperty [value: ENGLISH]
02:04:05.706 [FXGL Background Thread 3 ] DEBUG Engine               - menuKey: ESCAPE
02:04:05.706 [FXGL Background Thread 3 ] DEBUG Engine               - mouseSensitivity: 0.2
02:04:05.706 [FXGL Background Thread 3 ] DEBUG Engine               - notificationViewClass: class com.almasb.fxgl.notification.view.XboxNotificationView
02:04:05.706 [FXGL Background Thread 3 ] DEBUG Engine               - pixelsPerMeter: 50.0
02:04:05.706 [FXGL Background Thread 3 ] DEBUG Engine               - platform: WINDOWS
02:04:05.706 [FXGL Background Thread 3 ] DEBUG Engine               - prefHeightProperty: ReadOnlyDoubleProperty [value: 720.0]
02:04:05.706 [FXGL Background Thread 3 ] DEBUG Engine               - prefWidthProperty: ReadOnlyDoubleProperty [value: 1280.0]
02:04:05.706 [FXGL Background Thread 3 ] DEBUG Engine               - profileDir: profiles/
02:04:05.706 [FXGL Background Thread 3 ] DEBUG Engine               - profileName: StringProperty [value: DEFAULT]
02:04:05.706 [FXGL Background Thread 3 ] DEBUG Engine               - randomSeed: -1
02:04:05.707 [FXGL Background Thread 3 ] DEBUG Engine               - runtimeInfo: RuntimeInfo(platform=WINDOWS, version=21.1, build=27.03.2024 07.52)
02:04:05.708 [FXGL Background Thread 3 ] DEBUG Engine               - saveFileExt: sav
02:04:05.708 [FXGL Background Thread 3 ] DEBUG Engine               - scaledHeightProp$fxgl: DoubleProperty [bound, value: 864.0]
02:04:05.708 [FXGL Background Thread 3 ] DEBUG Engine               - scaledWidthProp$fxgl: DoubleProperty [bound, value: 1536.0]
02:04:05.709 [FXGL Background Thread 3 ] DEBUG Engine               - sceneFactory: com.almasb.fxgl.app.scene.SceneFactory@6425ca96
02:04:05.709 [FXGL Background Thread 3 ] DEBUG Engine               - secondsIn24h: 60
02:04:05.709 [FXGL Background Thread 3 ] DEBUG Engine               - soundMenuBack: menu/back.wav
02:04:05.709 [FXGL Background Thread 3 ] DEBUG Engine               - soundMenuPress: menu/press.wav
02:04:05.709 [FXGL Background Thread 3 ] DEBUG Engine               - soundMenuSelect: menu/select.wav
02:04:05.709 [FXGL Background Thread 3 ] DEBUG Engine               - soundNotification: core/notification.wav
02:04:05.709 [FXGL Background Thread 3 ] DEBUG Engine               - stageStyle: DECORATED
02:04:05.709 [FXGL Background Thread 3 ] DEBUG Engine               - supportedLanguages: [ENGLISH, FRENCH, GERMAN, HUNGARIAN, RUSSIAN]
02:04:05.710 [FXGL Background Thread 3 ] DEBUG Engine               - ticksPerSecond: -1
02:04:05.710 [FXGL Background Thread 3 ] DEBUG Engine               - title: Final Journey
02:04:05.710 [FXGL Background Thread 3 ] DEBUG Engine               - urlGithub: https://github.com/AlmasB/FXGL
02:04:05.710 [FXGL Background Thread 3 ] DEBUG Engine               - urlLeaderboard: http://fxgl-top.herokuapp.com/
02:04:05.710 [FXGL Background Thread 3 ] DEBUG Engine               - urlPOM: https://raw.githubusercontent.com/AlmasB/FXGL/release/README.md
02:04:05.710 [FXGL Background Thread 3 ] DEBUG Engine               - userAppClass: class com.project.App
02:04:05.710 [FXGL Background Thread 3 ] DEBUG Engine               - version: Alpha
02:04:05.710 [FXGL Background Thread 3 ] DEBUG Engine               - versionCheckDays: 7
02:04:05.710 [FXGL Background Thread 3 ] DEBUG Engine               - width: 1280
02:04:05.711 [FXGL Background Thread 3 ] DEBUG Engine               - Logging services
02:04:05.711 [FXGL Background Thread 3 ] DEBUG Engine               - class com.almasb.fxgl.app.services.FXGLAssetLoaderService
02:04:05.711 [FXGL Background Thread 3 ] DEBUG Engine               - class com.almasb.fxgl.app.FXGLApplication$GameApplicationService
02:04:05.711 [FXGL Background Thread 3 ] DEBUG Engine               - class com.almasb.fxgl.app.services.FXGLDialogService
02:04:05.711 [FXGL Background Thread 3 ] DEBUG Engine               - class com.almasb.fxgl.app.services.IOTaskExecutorService
02:04:05.711 [FXGL Background Thread 3 ] DEBUG Engine               - class com.almasb.fxgl.io.FileSystemService
02:04:05.711 [FXGL Background Thread 3 ] DEBUG Engine               - class com.almasb.fxgl.localization.LocalizationService
02:04:05.711 [FXGL Background Thread 3 ] DEBUG Engine               - class com.almasb.fxgl.app.services.SystemBundleService
02:04:05.711 [FXGL Background Thread 3 ] DEBUG Engine               - class com.almasb.fxgl.profile.SaveLoadService
02:04:05.711 [FXGL Background Thread 3 ] DEBUG Engine               - class com.almasb.fxgl.ui.FXGLUIFactoryServiceProvider
02:04:05.711 [FXGL Background Thread 3 ] DEBUG Engine               - class com.almasb.fxgl.ui.FXGLDialogFactoryServiceProvider
02:04:05.713 [FXGL Background Thread 3 ] DEBUG Engine               - class com.almasb.fxgl.audio.AudioPlayer
02:04:05.713 [FXGL Background Thread 3 ] DEBUG Engine               - class com.almasb.fxgl.notification.impl.NotificationServiceProvider
02:04:05.714 [FXGL Background Thread 3 ] DEBUG Engine               - class com.almasb.fxgl.achievement.AchievementService
02:04:05.714 [FXGL Background Thread 3 ] DEBUG Engine               - class com.almasb.fxgl.cutscene.CutsceneService
02:04:05.715 [FXGL Background Thread 3 ] DEBUG Engine               - class com.almasb.fxgl.minigames.MiniGameService
02:04:05.715 [FXGL Background Thread 3 ] DEBUG Engine               - class com.almasb.fxgl.net.NetService
02:04:05.716 [FXGL Background Thread 3 ] DEBUG Engine               - class com.almasb.fxgl.app.services.UpdaterService
02:04:05.716 [FXGL Background Thread 3 ] DEBUG Engine               - class com.almasb.fxgl.dev.DevService
02:04:05.961 [JavaFX Application Thread] DEBUG FXGLAssetLoaderServi - Loading from file system: file:/C:/Users/Lenovo/ProjectJava3.0/myproject/myproject/target/classes/assets/text/filetext.txt
02:04:05.962 [JavaFX Application Thread] DEBUG EventBus             - Firing event: com.GameEvent.CombatScene[source=javafx.event.Event$$Lambda/0x0000029dc81729c0@45e7f406]
02:04:05.965 [JavaFX Application Thread] WARN  TMXLevelLoader       - TiledMap generated from 1.11.2. Supported version: 1.9.0. Some features may not be parsed fully.
02:04:05.973 [JavaFX Application Thread] DEBUG TMXLevelLoader       - Parsed TiledMap: file:/C:/Users/Lenovo/ProjectJava3.0/myproject/myproject/target/classes/assets/levels/battle1.tmx
02:04:05.974 [JavaFX Application Thread] DEBUG TMXLevelLoader       - Creating tile layer entities
02:04:05.975 [JavaFX Application Thread] DEBUG TilesetLoader        - Loading view for layer Tile Layer 1
02:04:05.980 [JavaFX Application Thread] DEBUG TilesetLoader        - Created buffer with size 2048.0x1024.0
02:04:06.075 [JavaFX Application Thread] DEBUG TMXLevelLoader       - Creating object layer entities
02:04:06.077 [JavaFX Application Thread] DEBUG FXGLAssetLoaderServi - Loading from file system: file:/C:/Users/Lenovo/ProjectJava3.0/myproject/myproject/target/classes/assets/textures/Rex.png
02:04:06.083 [JavaFX Application Thread] DEBUG FXGLAssetLoaderServi - Loading from file system: file:/C:/Users/Lenovo/ProjectJava3.0/myproject/myproject/target/classes/assets/textures/Karee.png
02:04:06.086 [JavaFX Application Thread] DEBUG GameWorld            - Clearing removable entities
02:04:06.093 [JavaFX Application Thread] DEBUG GameWorld            - Setting level: com.almasb.fxgl.entity.level.Level@67319e8a
02:04:06.096 [JavaFX Application Thread] WARN  TMXLevelLoader       - TiledMap generated from 1.11.2. Supported version: 1.9.0. Some features may not be parsed fully.
02:04:06.099 [JavaFX Application Thread] DEBUG TMXLevelLoader       - Parsed TiledMap: file:/C:/Users/Lenovo/ProjectJava3.0/myproject/myproject/target/classes/assets/levels/battle1.tmx
02:04:06.099 [JavaFX Application Thread] DEBUG TMXLevelLoader       - Creating tile layer entities
02:04:06.100 [JavaFX Application Thread] DEBUG TilesetLoader        - Loading view for layer Tile Layer 1
02:04:06.105 [JavaFX Application Thread] DEBUG TilesetLoader        - Created buffer with size 2048.0x1024.0
02:04:06.208 [JavaFX Application Thread] DEBUG TMXLevelLoader       - Creating object layer entities
02:04:12.942 [JavaFX Application Thread] DEBUG LoopRunner           - Stopping loop
02:04:12.943 [JavaFX Application Thread] FATAL FXGLApplication      - Uncaught Exception:
java.lang.NullPointerException: Parameter specified as non-null is null: method com.almasb.fxgl.entity.GameWorld.removeEntity, parameter entity
	at com.almasb.fxgl.entity.GameWorld.removeEntity(GameWorld.kt)
	at com.Component.CharecterEnemy.DamageEnemyComponent.decreaseHP(DamageEnemyComponent.java:55)
	at com.Combat.EnemyCombat.enemyAttack(EnemyCombat.java:50)
	at com.Combat.OrderCombat.attack(OrderCombat.java:83)
	at com.UI.ActionButtonUI.lambda$0(ActionButtonUI.java:37)
	at com.sun.javafx.event.CompositeEventHandler.dispatchBubblingEvent(CompositeEventHandler.java:86)
	at com.sun.javafx.event.EventHandlerManager.dispatchBubblingEvent(EventHandlerManager.java:232)
	at com.sun.javafx.event.EventHandlerManager.dispatchBubblingEvent(EventHandlerManager.java:189)
	at com.sun.javafx.event.CompositeEventDispatcher.dispatchBubblingEvent(CompositeEventDispatcher.java:59)
	at com.sun.javafx.event.BasicEventDispatcher.dispatchEvent(BasicEventDispatcher.java:58)
	at com.sun.javafx.event.EventDispatchChainImpl.dispatchEvent(EventDispatchChainImpl.java:114)
	at com.sun.javafx.event.BasicEventDispatcher.dispatchEvent(BasicEventDispatcher.java:56)
	at com.sun.javafx.event.EventDispatchChainImpl.dispatchEvent(EventDispatchChainImpl.java:114)
	at com.sun.javafx.event.BasicEventDispatcher.dispatchEvent(BasicEventDispatcher.java:56)
	at com.sun.javafx.event.EventDispatchChainImpl.dispatchEvent(EventDispatchChainImpl.java:114)
	at com.sun.javafx.event.EventUtil.fireEventImpl(EventUtil.java:74)
	at com.sun.javafx.event.EventUtil.fireEvent(EventUtil.java:49)
	at javafx.event.Event.fireEvent(Event.java:198)
	at javafx.scene.Node.fireEvent(Node.java:8875)
	at javafx.scene.control.Button.fire(Button.java:203)
	at com.sun.javafx.scene.control.behavior.ButtonBehavior.mouseReleased(ButtonBehavior.java:207)
	at com.sun.javafx.scene.control.inputmap.InputMap.handle(InputMap.java:274)
	at com.sun.javafx.event.CompositeEventHandler$NormalEventHandlerRecord.handleBubblingEvent(CompositeEventHandler.java:247)
	at com.sun.javafx.event.CompositeEventHandler.dispatchBubblingEvent(CompositeEventHandler.java:80)
	at com.sun.javafx.event.EventHandlerManager.dispatchBubblingEvent(EventHandlerManager.java:232)
	at com.sun.javafx.event.EventHandlerManager.dispatchBubblingEvent(EventHandlerManager.java:189)
	at com.sun.javafx.event.CompositeEventDispatcher.dispatchBubblingEvent(CompositeEventDispatcher.java:59)
	at com.sun.javafx.event.BasicEventDispatcher.dispatchEvent(BasicEventDispatcher.java:58)
	at com.sun.javafx.event.EventDispatchChainImpl.dispatchEvent(EventDispatchChainImpl.java:114)
	at com.sun.javafx.event.BasicEventDispatcher.dispatchEvent(BasicEventDispatcher.java:56)
	at com.sun.javafx.event.EventDispatchChainImpl.dispatchEvent(EventDispatchChainImpl.java:114)
	at com.sun.javafx.event.BasicEventDispatcher.dispatchEvent(BasicEventDispatcher.java:56)
	at com.sun.javafx.event.EventDispatchChainImpl.dispatchEvent(EventDispatchChainImpl.java:114)
	at com.sun.javafx.event.EventUtil.fireEventImpl(EventUtil.java:74)
	at com.sun.javafx.event.EventUtil.fireEvent(EventUtil.java:54)
	at javafx.event.Event.fireEvent(Event.java:198)
	at javafx.scene.Scene$MouseHandler.process(Scene.java:3984)
	at javafx.scene.Scene.processMouseEvent(Scene.java:1890)
	at javafx.scene.Scene$ScenePeerListener.mouseEvent(Scene.java:2708)
	at com.sun.javafx.tk.quantum.GlassViewEventHandler$MouseEventNotification.run(GlassViewEventHandler.java:411)
	at com.sun.javafx.tk.quantum.GlassViewEventHandler$MouseEventNotification.run(GlassViewEventHandler.java:301)
	at java.base/java.security.AccessController.doPrivileged(AccessController.java:400)
	at com.sun.javafx.tk.quantum.GlassViewEventHandler.lambda$handleMouseEvent$2(GlassViewEventHandler.java:450)
	at com.sun.javafx.tk.quantum.QuantumToolkit.runWithoutRenderLock(QuantumToolkit.java:424)
	at com.sun.javafx.tk.quantum.GlassViewEventHandler.handleMouseEvent(GlassViewEventHandler.java:449)
	at com.sun.glass.ui.View.handleMouseEvent(View.java:551)
	at com.sun.glass.ui.View.notifyMouse(View.java:937)
	at com.sun.glass.ui.win.WinApplication._runLoop(Native Method)
	at com.sun.glass.ui.win.WinApplication.lambda$runLoop$3(WinApplication.java:185)
	at java.base/java.lang.Thread.run(Thread.java:1583)

02:04:12.945 [JavaFX Application Thread] FATAL FXGLApplication      - Application will now exit
02:04:12.950 [JavaFX Application Thread] DEBUG PrimaryStageWindow   - Push state: ErrorSubScene
02:04:12.951 [JavaFX Application Thread] DEBUG Input                - Clearing active input actions
02:04:12.951 [JavaFX Application Thread] DEBUG GameApplicationServi - Removing overlay from GameScene and adding to ErrorSubScene
02:04:12.953 [JavaFX Application Thread] DEBUG PrimaryStageWindow   - GameScene -> ErrorSubScene
02:04:24.319 [JavaFX Application Thread] DEBUG FXGLApplication      - Exiting FXGL
02:04:24.320 [JavaFX Application Thread] DEBUG Async                - Shutting down background threads
02:04:24.320 [JavaFX Application Thread] DEBUG PrimaryStageWindow   - Closing main window
02:04:24.361 [JavaFX Application Thread] DEBUG Logger               - Closing Logger
