17:17:47.901 [main                     ] DEBUG Logger               - Configured Logger
17:17:47.922 [main                     ] DEBUG GameApplication      - Logging settings
Title: Final Journey
Version: Alpha
Width: 1280
Height: 720
Fullscreen: true
Intro: false
Profiling: false
Single step:false
App Mode: DEVELOPER
Menu Key: ESCAPE
Stage Style: DECORATED
Scene Factory: class com.almasb.fxgl.app.scene.SceneFactory

17:17:48.403 [JavaFX Application Thread] DEBUG FXGLApplication      - Initializing FXGL
17:17:48.406 [JavaFX Application Thread] INFO  Engine               - FXGL-21.1 (27.03.2024 07.52) on WINDOWS (J:21.0.5 FX:21.0.1)
17:17:48.406 [JavaFX Application Thread] DEBUG Engine               - JRE Vendor Name: Eclipse Adoptium
17:17:48.406 [JavaFX Application Thread] DEBUG Engine               - Running on OS: Windows 11 version 10.0
17:17:48.406 [JavaFX Application Thread] DEBUG Engine               - Architecture: amd64
17:17:48.406 [JavaFX Application Thread] INFO  Engine               - Source code and latest versions at: https://github.com/AlmasB/FXGL
17:17:48.407 [JavaFX Application Thread] INFO  Engine               -       Ask questions and discuss at: https://github.com/AlmasB/FXGL/discussions
17:17:48.408 [JavaFX Application Thread] INFO  Engine               -              Join the FXGL chat at: https://gitter.im/AlmasB/FXGL
17:17:48.497 [JavaFX Application Thread] DEBUG PrimaryStageWindow   - Creating a JavaFX scene
17:17:48.544 [JavaFX Application Thread] DEBUG PrimaryStageWindow   - Target settings size: 1280.0 x 720.0
17:17:48.545 [JavaFX Application Thread] DEBUG PrimaryStageWindow   - Scaled scene size:    1280.0 x 720.0
17:17:48.545 [JavaFX Application Thread] DEBUG PrimaryStageWindow   - Scaled ratio: (1.0, 1.0)
17:17:48.546 [JavaFX Application Thread] DEBUG PrimaryStageWindow   - Set initial scene to FXGLStartupScene
17:17:48.550 [JavaFX Application Thread] DEBUG PrimaryStageWindow   - Opening main window
17:17:48.631 [JavaFX Application Thread] DEBUG PrimaryStageWindow   - Window border size: (14.4000244140625, 37.5999755859375)
17:17:48.632 [JavaFX Application Thread] DEBUG PrimaryStageWindow   - Scaled size: 1280.0 x 720.0
17:17:48.632 [JavaFX Application Thread] DEBUG PrimaryStageWindow   - Scaled ratio: (1.0, 1.0)
17:17:48.632 [JavaFX Application Thread] DEBUG PrimaryStageWindow   - Scene size: 1280.0 x 720.0
17:17:48.633 [JavaFX Application Thread] DEBUG PrimaryStageWindow   - Stage size: 1294.4000244140625 x 757.5999755859375
17:17:48.680 [JavaFX Application Thread] DEBUG PrimaryStageWindow   - Going fullscreen
17:17:48.688 [FXGL Background Thread 1 ] DEBUG Engine               - Initializing environment variables
17:17:48.737 [FXGL Background Thread 1 ] DEBUG FXGLAssetLoaderServi - User app class for loading assets: class com.project.App
17:17:48.738 [FXGL Background Thread 1 ] DEBUG GameApplicationServi - Applying CSS: fxgl_dark.css
17:17:48.738 [FXGL Background Thread 1 ] DEBUG FXGLAssetLoaderServi - Loading from file system: jar:file:/C:/Users/Lenovo/.m2/repository/com/github/almasb/fxgl/21.1/fxgl-21.1.jar!/fxglassets/ui/css/fxgl_dark.css
17:17:48.779 [FXGL Background Thread 1 ] DEBUG GameApplicationServi - Initializing application scenes
17:17:48.828 [FXGL Background Thread 1 ] DEBUG GameWorld            - Game world initialized
17:17:48.877 [FXGL Background Thread 1 ] DEBUG PhysicsWorld         - Physics world initialized: appHeight=720, physics.ppm=50.0
17:17:48.877 [FXGL Background Thread 1 ] DEBUG PhysicsWorld         - Using strategy: BRUTE_FORCE
17:17:48.879 [FXGL Background Thread 1 ] DEBUG GameScene            - Game scene initialized: 1280x720
17:17:48.888 [FXGL Background Thread 1 ] DEBUG FXGL.DefaultMenu     - createMenuBodyGameMenu()
17:17:48.900 [FXGL Background Thread 1 ] DEBUG FXGL.DefaultMenu     - createOptionsMenu()
17:17:48.908 [FXGL Background Thread 1 ] DEBUG FXGLAssetLoaderServi - Loading from file system: jar:file:/C:/Users/Lenovo/.m2/repository/com/github/almasb/fxgl/21.1/fxgl-21.1.jar!/fxglassets/textures/particles/smoke.png
17:17:48.993 [FXGL Background Thread 1 ] DEBUG FXGLAssetLoaderServi - Loading from file system: jar:file:/C:/Users/Lenovo/.m2/repository/com/github/almasb/fxgl/21.1/fxgl-21.1.jar!/fxglassets/textures/particles/trace_horizontal.png
17:17:49.017 [FXGL Background Thread 1 ] DEBUG GameApplicationServi - Application scenes initialized
17:17:49.027 [FXGL Background Thread 1 ] DEBUG SystemBundleService  - Loading FXGL system data
17:17:49.031 [FXGL Background Thread 1 ] DEBUG FileSystemAccess     - Reading from: C:\Users\Lenovo\projectjava\myproject\myproject\system\fxgl.bundle
17:17:49.040 [FXGL Background Thread 1 ] DEBUG SystemBundleService  - Bundle FXGL: {}
17:17:49.041 [FXGL Background Thread 1 ] DEBUG UpdaterService       - Checking for updates
17:17:49.070 [FXGL Background Thread 4 ] DEBUG FXGLApplication      - Loading fonts
17:17:49.070 [FXGL Background Thread 4 ] DEBUG FXGLAssetLoaderServi - Loading from file system: jar:file:/C:/Users/Lenovo/.m2/repository/com/github/almasb/fxgl/21.1/fxgl-21.1.jar!/fxglassets/ui/fonts/VarelaRound-Regular.ttf
17:17:49.071 [FXGL Background Thread 1 ] DEBUG FXGLApplication      - Loading default localization
17:17:49.072 [FXGL Background Thread 1 ] DEBUG FXGLAssetLoaderServi - Loading from file system: jar:file:/C:/Users/Lenovo/.m2/repository/com/github/almasb/fxgl/21.1/fxgl-21.1.jar!/fxglassets/languages/english.lang
17:17:49.106 [FXGL Background Thread 4 ] DEBUG FXGLAssetLoaderServi - Loading from file system: jar:file:/C:/Users/Lenovo/.m2/repository/com/github/almasb/fxgl/21.1/fxgl-21.1.jar!/fxglassets/ui/fonts/Abel-Regular.ttf
17:17:49.106 [FXGL Background Thread 1 ] INFO  FXGLApplication      - FXGL initialization took: 0.419 sec
17:17:49.109 [FXGL Background Thread 4 ] DEBUG FXGLAssetLoaderServi - Loading from file system: jar:file:/C:/Users/Lenovo/.m2/repository/com/github/almasb/fxgl/21.1/fxgl-21.1.jar!/fxglassets/ui/fonts/TerminalLandMono-Regular.otf
17:17:49.114 [FXGL Background Thread 4 ] DEBUG FXGLAssetLoaderServi - Loading from file system: jar:file:/C:/Users/Lenovo/.m2/repository/com/github/almasb/fxgl/21.1/fxgl-21.1.jar!/fxglassets/ui/fonts/Courier-Prime.ttf
17:17:49.117 [JavaFX Application Thread] DEBUG Input                - Registered new binding: Right - D
17:17:49.117 [JavaFX Application Thread] DEBUG Input                - Registered new binding: Left - A
17:17:49.118 [JavaFX Application Thread] DEBUG Input                - Registered new binding: Up - W
17:17:49.118 [JavaFX Application Thread] DEBUG Input                - Registered new binding: Down - S
17:17:49.118 [JavaFX Application Thread] DEBUG Input                - Registered new binding: Interact - E
17:17:49.119 [JavaFX Application Thread] DEBUG FXGLAssetLoaderServi - Loading from file system: jar:file:/C:/Users/Lenovo/.m2/repository/com/github/almasb/fxgl/21.1/fxgl-21.1.jar!/fxglassets/textures/fxgl_icon.png
17:17:49.137 [JavaFX Application Thread] DEBUG FXGLAssetLoaderServi - Loading from file system: jar:file:/C:/Users/Lenovo/.m2/repository/com/github/almasb/fxgl/21.1/fxgl-21.1.jar!/fxglassets/textures/fxgl_default_cursor.png
17:17:49.139 [JavaFX Application Thread] DEBUG Input                - Registered new binding: Screenshot - CTRL+8
17:17:49.141 [JavaFX Application Thread] DEBUG Input                - Registered new binding: Dev Options - 1
17:17:49.141 [JavaFX Application Thread] DEBUG Input                - Registered new binding: Dev Console - 2
17:17:49.142 [JavaFX Application Thread] DEBUG Input                - Registered new binding: System info dump - CTRL+9
17:17:49.142 [JavaFX Application Thread] DEBUG Input                - Registered new binding: Restart - CTRL+R
17:17:49.143 [JavaFX Application Thread] DEBUG Input                - Registered new binding: Toggle Debug Camera - CTRL+7
17:17:49.148 [JavaFX Application Thread] DEBUG LoopRunner           - Starting loop
17:17:49.169 [JavaFX Application Thread] DEBUG LoopRunner           - Initializing JavaFX AnimationTimerLoop
17:17:49.171 [JavaFX Application Thread] DEBUG GameApplicationServi - Starting new game
17:17:49.172 [JavaFX Application Thread] DEBUG Input                - Clearing active input actions
17:17:49.184 [JavaFX Application Thread] DEBUG GameApplicationServi - Removing overlay from FXGLStartupScene and adding to FXGLLoadingScene
17:17:49.188 [JavaFX Application Thread] DEBUG PrimaryStageWindow   - FXGLStartupScene -> FXGLLoadingScene
17:17:49.188 [JavaFX Application Thread] DEBUG GameApplicationServi - Clearing previous game
17:17:49.188 [JavaFX Application Thread] DEBUG GameScene            - Clearing game scene
17:17:49.188 [JavaFX Application Thread] DEBUG GameWorld            - Clearing game world
17:17:49.188 [JavaFX Application Thread] DEBUG PhysicsWorld         - Clearing physics world
17:17:49.190 [FXGL Background Thread 4 ] DEBUG FXGLApplication      - Initializing game
17:17:49.190 [JavaFX Application Thread] DEBUG FXGLApplication      - Registering font factories with UI factory
17:17:49.229 [FXGL Background Thread 4 ] WARN  TMXLevelLoader       - TiledMap generated from 1.11.0. Supported version: 1.9.0. Some features may not be parsed fully.
17:17:49.253 [FXGL Background Thread 4 ] DEBUG TMXLevelLoader       - Parsed TiledMap: file:/C:/Users/Lenovo/projectjava/myproject/myproject/target/classes/assets/levels/scene1.tmx
17:17:49.255 [FXGL Background Thread 4 ] DEBUG TMXLevelLoader       - Creating tile layer entities
17:17:49.258 [FXGL Background Thread 4 ] DEBUG TilesetLoader        - Loading view for layer lowefloor
17:17:49.259 [FXGL Background Thread 4 ] DEBUG TilesetLoader        - Created buffer with size 512.0x1024.0
17:17:49.322 [FXGL Background Thread 4 ] DEBUG TilesetLoader        - Loading view for layer cliff
17:17:49.322 [FXGL Background Thread 4 ] DEBUG TilesetLoader        - Created buffer with size 512.0x1024.0
17:17:49.323 [FXGL Background Thread 4 ] DEBUG TilesetLoader        - Loading view for layer cliff1
17:17:49.325 [FXGL Background Thread 4 ] DEBUG TilesetLoader        - Created buffer with size 512.0x1024.0
17:17:49.326 [FXGL Background Thread 4 ] DEBUG TilesetLoader        - Loading view for layer cliff2
17:17:49.327 [FXGL Background Thread 4 ] DEBUG TilesetLoader        - Created buffer with size 512.0x1024.0
17:17:49.328 [FXGL Background Thread 4 ] DEBUG TilesetLoader        - Loading view for layer Tile Layer 3
17:17:49.328 [FXGL Background Thread 4 ] DEBUG TilesetLoader        - Created buffer with size 512.0x1024.0
17:17:49.329 [FXGL Background Thread 4 ] DEBUG TilesetLoader        - Loading view for layer Tile Layer 6
17:17:49.329 [FXGL Background Thread 4 ] DEBUG TilesetLoader        - Created buffer with size 512.0x1024.0
17:17:49.413 [FXGL Background Thread 4 ] DEBUG TilesetLoader        - Loading view for layer prop
17:17:49.413 [FXGL Background Thread 4 ] DEBUG TilesetLoader        - Created buffer with size 512.0x1024.0
17:17:49.414 [FXGL Background Thread 4 ] DEBUG TMXLevelLoader       - Creating object layer entities
17:17:49.446 [FXGL Background Thread 4 ] DEBUG FXGLAssetLoaderServi - Loading from file system: file:/C:/Users/Lenovo/projectjava/myproject/myproject/target/classes/assets/textures/Actor1.png
17:17:49.463 [FXGL Background Thread 4 ] DEBUG FXGLAssetLoaderServi - Loading from file system: file:/C:/Users/Lenovo/projectjava/myproject/myproject/target/classes/assets/textures/Rex.png
17:17:49.468 [FXGL Background Thread 4 ] WARN  TMXLevelLoader       - TiledMap generated from 1.11.0. Supported version: 1.9.0. Some features may not be parsed fully.
17:17:49.481 [FXGL Background Thread 4 ] DEBUG TMXLevelLoader       - Parsed TiledMap: file:/C:/Users/Lenovo/projectjava/myproject/myproject/target/classes/assets/levels/scene1.tmx
17:17:49.481 [FXGL Background Thread 4 ] DEBUG TMXLevelLoader       - Creating tile layer entities
17:17:49.482 [FXGL Background Thread 4 ] DEBUG TilesetLoader        - Loading view for layer lowefloor
17:17:49.482 [FXGL Background Thread 4 ] DEBUG TilesetLoader        - Created buffer with size 512.0x1024.0
17:17:49.511 [FXGL Background Thread 4 ] DEBUG TilesetLoader        - Loading view for layer cliff
17:17:49.512 [FXGL Background Thread 4 ] DEBUG TilesetLoader        - Created buffer with size 512.0x1024.0
17:17:49.513 [FXGL Background Thread 4 ] DEBUG TilesetLoader        - Loading view for layer cliff1
17:17:49.514 [FXGL Background Thread 4 ] DEBUG TilesetLoader        - Created buffer with size 512.0x1024.0
17:17:49.514 [FXGL Background Thread 4 ] DEBUG TilesetLoader        - Loading view for layer cliff2
17:17:49.515 [FXGL Background Thread 4 ] DEBUG TilesetLoader        - Created buffer with size 512.0x1024.0
17:17:49.516 [FXGL Background Thread 4 ] DEBUG TilesetLoader        - Loading view for layer Tile Layer 3
17:17:49.516 [FXGL Background Thread 4 ] DEBUG TilesetLoader        - Created buffer with size 512.0x1024.0
17:17:49.517 [FXGL Background Thread 4 ] DEBUG TilesetLoader        - Loading view for layer Tile Layer 6
17:17:49.518 [FXGL Background Thread 4 ] DEBUG TilesetLoader        - Created buffer with size 512.0x1024.0
17:17:49.586 [FXGL Background Thread 4 ] DEBUG TilesetLoader        - Loading view for layer prop
17:17:49.586 [FXGL Background Thread 4 ] DEBUG TilesetLoader        - Created buffer with size 512.0x1024.0
17:17:49.587 [FXGL Background Thread 4 ] DEBUG TMXLevelLoader       - Creating object layer entities
17:17:49.595 [FXGL Background Thread 4 ] DEBUG GameWorld            - Clearing removable entities
17:17:49.597 [FXGL Background Thread 4 ] DEBUG GameWorld            - Setting level: com.almasb.fxgl.entity.level.Level@69215a9e
17:17:49.609 [FXGL Background Thread 4 ] INFO  FXGLApplication      - Game initialization took: 0.420 sec
17:17:49.616 [JavaFX Application Thread] DEBUG Input                - Clearing active input actions
17:17:49.622 [JavaFX Application Thread] DEBUG GameApplicationServi - Removing overlay from FXGLLoadingScene and adding to GameScene
17:17:49.626 [JavaFX Application Thread] DEBUG PrimaryStageWindow   - FXGLLoadingScene -> GameScene
17:17:52.068 [FXGL Background Thread 3 ] DEBUG Engine               - Logging environment variables
17:17:52.069 [FXGL Background Thread 3 ] DEBUG Engine               - achievements: []
17:17:52.069 [FXGL Background Thread 3 ] DEBUG Engine               - actualHeight: 864.0
17:17:52.070 [FXGL Background Thread 3 ] DEBUG Engine               - actualHeightProperty: ReadOnlyDoubleProperty [value: 864.0]
17:17:52.070 [FXGL Background Thread 3 ] DEBUG Engine               - actualWidth: 1536.0
17:17:52.070 [FXGL Background Thread 3 ] DEBUG Engine               - actualWidthProperty: ReadOnlyDoubleProperty [value: 1536.0]
17:17:52.070 [FXGL Background Thread 3 ] DEBUG Engine               - appIcon: fxgl_icon.png
17:17:52.070 [FXGL Background Thread 3 ] DEBUG Engine               - applicationMode: DEVELOPER
17:17:52.070 [FXGL Background Thread 3 ] DEBUG Engine               - cSSList: [fxgl_dark.css]
17:17:52.070 [FXGL Background Thread 3 ] DEBUG Engine               - collisionDetectionStrategy: BRUTE_FORCE
17:17:52.070 [FXGL Background Thread 3 ] DEBUG Engine               - configClass: Optional.empty
17:17:52.070 [FXGL Background Thread 3 ] DEBUG Engine               - credits: []
17:17:52.071 [FXGL Background Thread 3 ] DEBUG Engine               - defaultCursor: CursorInfo(imageName=fxgl_default_cursor.png, hotspotX=7.0, hotspotY=6.0)
17:17:52.072 [FXGL Background Thread 3 ] DEBUG Engine               - devBBoxColorProperty: ObjectProperty [value: 0xff0000ff]
17:17:52.072 [FXGL Background Thread 3 ] DEBUG Engine               - devEnableDebugCameraProperty: BooleanProperty [value: false]
17:17:52.072 [FXGL Background Thread 3 ] DEBUG Engine               - devSensorColorProperty: ObjectProperty [value: 0xffff00ff]
17:17:52.073 [FXGL Background Thread 3 ] DEBUG Engine               - devShowBBoxProperty: BooleanProperty [value: false]
17:17:52.073 [FXGL Background Thread 3 ] DEBUG Engine               - devShowPositionProperty: BooleanProperty [value: false]
17:17:52.073 [FXGL Background Thread 3 ] DEBUG Engine               - enabledMenuItems: []
17:17:52.073 [FXGL Background Thread 3 ] DEBUG Engine               - engineServices: [class com.almasb.fxgl.app.services.FXGLAssetLoaderService, class com.almasb.fxgl.app.FXGLApplication$GameApplicationService, class com.almasb.fxgl.app.services.FXGLDialogService, class com.almasb.fxgl.app.services.IOTaskExecutorService, class com.almasb.fxgl.io.FileSystemService, class com.almasb.fxgl.localization.LocalizationService, class com.almasb.fxgl.app.services.SystemBundleService, class com.almasb.fxgl.profile.SaveLoadService, class com.almasb.fxgl.ui.FXGLUIFactoryServiceProvider, class com.almasb.fxgl.ui.FXGLDialogFactoryServiceProvider, class com.almasb.fxgl.audio.AudioPlayer, class com.almasb.fxgl.notification.impl.NotificationServiceProvider, class com.almasb.fxgl.achievement.AchievementService, class com.almasb.fxgl.cutscene.CutsceneService, class com.almasb.fxgl.minigames.MiniGameService, class com.almasb.fxgl.net.NetService, class com.almasb.fxgl.app.services.UpdaterService, class com.almasb.fxgl.dev.DevService]
17:17:52.073 [FXGL Background Thread 3 ] DEBUG Engine               - fontGame: Abel-Regular.ttf
17:17:52.073 [FXGL Background Thread 3 ] DEBUG Engine               - fontMono: TerminalLandMono-Regular.otf
17:17:52.074 [FXGL Background Thread 3 ] DEBUG Engine               - fontSizeScaleUI: 1.0
17:17:52.074 [FXGL Background Thread 3 ] DEBUG Engine               - fontText: Courier-Prime.ttf
17:17:52.074 [FXGL Background Thread 3 ] DEBUG Engine               - fontUI: VarelaRound-Regular.ttf
17:17:52.074 [FXGL Background Thread 3 ] DEBUG Engine               - fullScreen: BooleanProperty [value: true]
17:17:52.074 [FXGL Background Thread 3 ] DEBUG Engine               - gameDifficulty: MEDIUM
17:17:52.074 [FXGL Background Thread 3 ] DEBUG Engine               - gameDifficultyProperty: ObjectProperty [value: MEDIUM]
17:17:52.074 [FXGL Background Thread 3 ] DEBUG Engine               - globalMusicVolume: 0.5
17:17:52.074 [FXGL Background Thread 3 ] DEBUG Engine               - globalMusicVolumeProperty: DoubleProperty [value: 0.5]
17:17:52.074 [FXGL Background Thread 3 ] DEBUG Engine               - globalSoundVolume: 0.5
17:17:52.074 [FXGL Background Thread 3 ] DEBUG Engine               - globalSoundVolumeProperty: DoubleProperty [value: 0.5]
17:17:52.074 [FXGL Background Thread 3 ] DEBUG Engine               - height: 720
17:17:52.074 [FXGL Background Thread 3 ] DEBUG Engine               - is3D: false
17:17:52.074 [FXGL Background Thread 3 ] DEBUG Engine               - isAndroid: false
17:17:52.074 [FXGL Background Thread 3 ] DEBUG Engine               - isBrowser: false
17:17:52.075 [FXGL Background Thread 3 ] DEBUG Engine               - isClickFeedbackEnabled: false
17:17:52.075 [FXGL Background Thread 3 ] DEBUG Engine               - isCloseConfirmation: false
17:17:52.075 [FXGL Background Thread 3 ] DEBUG Engine               - isDesktop: true
17:17:52.075 [FXGL Background Thread 3 ] DEBUG Engine               - isDeveloperMenuEnabled: true
17:17:52.075 [FXGL Background Thread 3 ] DEBUG Engine               - isEmbedded: false
17:17:52.075 [FXGL Background Thread 3 ] DEBUG Engine               - isEntityPreloadEnabled: true
17:17:52.076 [FXGL Background Thread 3 ] DEBUG Engine               - isExperimentalTiledLargeMap: false
17:17:52.076 [FXGL Background Thread 3 ] DEBUG Engine               - isFileSystemWriteAllowed: true
17:17:52.077 [FXGL Background Thread 3 ] DEBUG Engine               - isFullScreenAllowed: true
17:17:52.077 [FXGL Background Thread 3 ] DEBUG Engine               - isFullScreenFromStart: true
17:17:52.077 [FXGL Background Thread 3 ] DEBUG Engine               - isGameMenuEnabled: true
17:17:52.077 [FXGL Background Thread 3 ] DEBUG Engine               - isIOS: false
17:17:52.078 [FXGL Background Thread 3 ] DEBUG Engine               - isIntroEnabled: false
17:17:52.078 [FXGL Background Thread 3 ] DEBUG Engine               - isLinux: false
17:17:52.078 [FXGL Background Thread 3 ] DEBUG Engine               - isMac: false
17:17:52.079 [FXGL Background Thread 3 ] DEBUG Engine               - isMainMenuEnabled: false
17:17:52.080 [FXGL Background Thread 3 ] DEBUG Engine               - isManualResizeEnabled: false
17:17:52.080 [FXGL Background Thread 3 ] DEBUG Engine               - isMobile: false
17:17:52.080 [FXGL Background Thread 3 ] DEBUG Engine               - isNative: false
17:17:52.081 [FXGL Background Thread 3 ] DEBUG Engine               - isPauseMusicWhenMinimized: true
17:17:52.081 [FXGL Background Thread 3 ] DEBUG Engine               - isPreserveResizeRatio: false
17:17:52.081 [FXGL Background Thread 3 ] DEBUG Engine               - isProfilingEnabled: false
17:17:52.081 [FXGL Background Thread 3 ] DEBUG Engine               - isScaleAffectedOnResize: true
17:17:52.082 [FXGL Background Thread 3 ] DEBUG Engine               - isSingleStep: false
17:17:52.082 [FXGL Background Thread 3 ] DEBUG Engine               - isUserProfileEnabled: false
17:17:52.082 [FXGL Background Thread 3 ] DEBUG Engine               - isWindows: true
17:17:52.082 [FXGL Background Thread 3 ] DEBUG Engine               - language: ObjectProperty [value: ENGLISH]
17:17:52.083 [FXGL Background Thread 3 ] DEBUG Engine               - menuKey: ESCAPE
17:17:52.083 [FXGL Background Thread 3 ] DEBUG Engine               - mouseSensitivity: 0.2
17:17:52.083 [FXGL Background Thread 3 ] DEBUG Engine               - notificationViewClass: class com.almasb.fxgl.notification.view.XboxNotificationView
17:17:52.083 [FXGL Background Thread 3 ] DEBUG Engine               - pixelsPerMeter: 50.0
17:17:52.083 [FXGL Background Thread 3 ] DEBUG Engine               - platform: WINDOWS
17:17:52.083 [FXGL Background Thread 3 ] DEBUG Engine               - prefHeightProperty: ReadOnlyDoubleProperty [value: 720.0]
17:17:52.083 [FXGL Background Thread 3 ] DEBUG Engine               - prefWidthProperty: ReadOnlyDoubleProperty [value: 1280.0]
17:17:52.083 [FXGL Background Thread 3 ] DEBUG Engine               - profileDir: profiles/
17:17:52.083 [FXGL Background Thread 3 ] DEBUG Engine               - profileName: StringProperty [value: DEFAULT]
17:17:52.083 [FXGL Background Thread 3 ] DEBUG Engine               - randomSeed: -1
17:17:52.083 [FXGL Background Thread 3 ] DEBUG Engine               - runtimeInfo: RuntimeInfo(platform=WINDOWS, version=21.1, build=27.03.2024 07.52)
17:17:52.083 [FXGL Background Thread 3 ] DEBUG Engine               - saveFileExt: sav
17:17:52.083 [FXGL Background Thread 3 ] DEBUG Engine               - scaledHeightProp$fxgl: DoubleProperty [bound, value: 864.0]
17:17:52.084 [FXGL Background Thread 3 ] DEBUG Engine               - scaledWidthProp$fxgl: DoubleProperty [bound, value: 1536.0]
17:17:52.084 [FXGL Background Thread 3 ] DEBUG Engine               - sceneFactory: com.almasb.fxgl.app.scene.SceneFactory@46eea01
17:17:52.084 [FXGL Background Thread 3 ] DEBUG Engine               - secondsIn24h: 60
17:17:52.084 [FXGL Background Thread 3 ] DEBUG Engine               - soundMenuBack: menu/back.wav
17:17:52.084 [FXGL Background Thread 3 ] DEBUG Engine               - soundMenuPress: menu/press.wav
17:17:52.084 [FXGL Background Thread 3 ] DEBUG Engine               - soundMenuSelect: menu/select.wav
17:17:52.084 [FXGL Background Thread 3 ] DEBUG Engine               - soundNotification: core/notification.wav
17:17:52.084 [FXGL Background Thread 3 ] DEBUG Engine               - stageStyle: DECORATED
17:17:52.084 [FXGL Background Thread 3 ] DEBUG Engine               - supportedLanguages: [ENGLISH, FRENCH, GERMAN, HUNGARIAN, RUSSIAN]
17:17:52.084 [FXGL Background Thread 3 ] DEBUG Engine               - ticksPerSecond: -1
17:17:52.084 [FXGL Background Thread 3 ] DEBUG Engine               - title: Final Journey
17:17:52.084 [FXGL Background Thread 3 ] DEBUG Engine               - urlGithub: https://github.com/AlmasB/FXGL
17:17:52.084 [FXGL Background Thread 3 ] DEBUG Engine               - urlLeaderboard: http://fxgl-top.herokuapp.com/
17:17:52.084 [FXGL Background Thread 3 ] DEBUG Engine               - urlPOM: https://raw.githubusercontent.com/AlmasB/FXGL/release/README.md
17:17:52.084 [FXGL Background Thread 3 ] DEBUG Engine               - userAppClass: class com.project.App
17:17:52.084 [FXGL Background Thread 3 ] DEBUG Engine               - version: Alpha
17:17:52.084 [FXGL Background Thread 3 ] DEBUG Engine               - versionCheckDays: 7
17:17:52.084 [FXGL Background Thread 3 ] DEBUG Engine               - width: 1280
17:17:52.084 [FXGL Background Thread 3 ] DEBUG Engine               - Logging services
17:17:52.085 [FXGL Background Thread 3 ] DEBUG Engine               - class com.almasb.fxgl.app.services.FXGLAssetLoaderService
17:17:52.085 [FXGL Background Thread 3 ] DEBUG Engine               - class com.almasb.fxgl.app.FXGLApplication$GameApplicationService
17:17:52.085 [FXGL Background Thread 3 ] DEBUG Engine               - class com.almasb.fxgl.app.services.FXGLDialogService
17:17:52.085 [FXGL Background Thread 3 ] DEBUG Engine               - class com.almasb.fxgl.app.services.IOTaskExecutorService
17:17:52.085 [FXGL Background Thread 3 ] DEBUG Engine               - class com.almasb.fxgl.io.FileSystemService
17:17:52.085 [FXGL Background Thread 3 ] DEBUG Engine               - class com.almasb.fxgl.localization.LocalizationService
17:17:52.085 [FXGL Background Thread 3 ] DEBUG Engine               - class com.almasb.fxgl.app.services.SystemBundleService
17:17:52.085 [FXGL Background Thread 3 ] DEBUG Engine               - class com.almasb.fxgl.profile.SaveLoadService
17:17:52.086 [FXGL Background Thread 3 ] DEBUG Engine               - class com.almasb.fxgl.ui.FXGLUIFactoryServiceProvider
17:17:52.086 [FXGL Background Thread 3 ] DEBUG Engine               - class com.almasb.fxgl.ui.FXGLDialogFactoryServiceProvider
17:17:52.086 [FXGL Background Thread 3 ] DEBUG Engine               - class com.almasb.fxgl.audio.AudioPlayer
17:17:52.086 [FXGL Background Thread 3 ] DEBUG Engine               - class com.almasb.fxgl.notification.impl.NotificationServiceProvider
17:17:52.086 [FXGL Background Thread 3 ] DEBUG Engine               - class com.almasb.fxgl.achievement.AchievementService
17:17:52.086 [FXGL Background Thread 3 ] DEBUG Engine               - class com.almasb.fxgl.cutscene.CutsceneService
17:17:52.087 [FXGL Background Thread 3 ] DEBUG Engine               - class com.almasb.fxgl.minigames.MiniGameService
17:17:52.087 [FXGL Background Thread 3 ] DEBUG Engine               - class com.almasb.fxgl.net.NetService
17:17:52.087 [FXGL Background Thread 3 ] DEBUG Engine               - class com.almasb.fxgl.app.services.UpdaterService
17:17:52.087 [FXGL Background Thread 3 ] DEBUG Engine               - class com.almasb.fxgl.dev.DevService
17:17:53.466 [JavaFX Application Thread] DEBUG FXGLAssetLoaderServi - Loading from file system: file:/C:/Users/Lenovo/projectjava/myproject/myproject/target/classes/assets/text/filetext.txt
17:17:53.477 [JavaFX Application Thread] DEBUG Input                - Registered new binding: Next RPG Line - Enter
17:17:53.478 [JavaFX Application Thread] DEBUG PrimaryStageWindow   - Push state: CutsceneScene
17:17:53.480 [JavaFX Application Thread] DEBUG Input                - Clearing active input actions
17:17:53.481 [JavaFX Application Thread] DEBUG GameApplicationServi - Removing overlay from GameScene and adding to CutsceneScene
17:17:53.483 [JavaFX Application Thread] DEBUG PrimaryStageWindow   - GameScene -> CutsceneScene
17:17:54.987 [JavaFX Application Thread] DEBUG FXGLAssetLoaderServi - Loading from file system: file:/C:/Users/Lenovo/projectjava/myproject/myproject/target/classes/assets/textures/Rex.png
17:18:02.200 [JavaFX Application Thread] DEBUG PrimaryStageWindow   - Pop state: CutsceneScene
17:18:02.200 [JavaFX Application Thread] DEBUG Input                - Clearing active input actions
17:18:02.201 [JavaFX Application Thread] DEBUG GameApplicationServi - Removing overlay from CutsceneScene and adding to GameScene
17:18:02.203 [JavaFX Application Thread] DEBUG PrimaryStageWindow   - GameScene <- CutsceneScene
17:18:02.205 [JavaFX Application Thread] DEBUG LoopRunner           - Stopping loop
17:18:02.211 [JavaFX Application Thread] FATAL FXGLApplication      - Uncaught Exception:
java.lang.NullPointerException: Cannot invoke "com.almasb.fxgl.event.EventBus.fireEvent(javafx.event.Event)" because "com.GameEvent.SystemEvent.eventBus" is null
	at com.Component.InteractComponent.lambda$0(InteractComponent.java:47)
	at com.almasb.fxgl.cutscene.CutsceneScene.endCutscene$lambda$1(CutsceneScene.kt:121)
	at com.almasb.fxgl.animation.Animation.onUpdate(Animation.kt:112)
	at com.almasb.fxgl.cutscene.CutsceneScene.onUpdate(CutsceneScene.kt:106)
	at com.almasb.fxgl.scene.Scene.update(Scene.kt:105)
	at com.almasb.fxgl.app.MainWindow$update$1.invoke(MainWindow.kt:121)
	at com.almasb.fxgl.app.MainWindow$update$1.invoke(MainWindow.kt:121)
	at com.almasb.fxgl.core.fsm.StateMachine.runOnActiveStates(StateMachine.kt:69)
	at com.almasb.fxgl.app.MainWindow.update(MainWindow.kt:121)
	at com.almasb.fxgl.app.FXGLApplication$GameApplicationService.onUpdate(FXGLApplication.kt:445)
	at com.almasb.fxgl.app.Engine.loop(Engine.kt:134)
	at com.almasb.fxgl.app.Engine.access$loop(Engine.kt:24)
	at com.almasb.fxgl.app.Engine$loop$1.invoke(Engine.kt:28)
	at com.almasb.fxgl.app.Engine$loop$1.invoke(Engine.kt:28)
	at com.almasb.fxgl.app.LoopRunner.frame(LoopRunner.kt:103)
	at com.almasb.fxgl.app.LoopRunner.access$frame(LoopRunner.kt:23)
	at com.almasb.fxgl.app.LoopRunner$impl$2$1.onTick(LoopRunner.kt:57)
	at com.almasb.fxgl.app.AnimationTimerLoop$timer$1.handle(LoopRunner.kt:137)
	at javafx.animation.AnimationTimer$AnimationTimerReceiver.lambda$handle$0(AnimationTimer.java:58)
	at java.base/java.security.AccessController.doPrivileged(AccessController.java:400)
	at javafx.animation.AnimationTimer$AnimationTimerReceiver.handle(AnimationTimer.java:57)
	at com.sun.scenario.animation.AbstractPrimaryTimer.timePulseImpl(AbstractPrimaryTimer.java:356)
	at com.sun.scenario.animation.AbstractPrimaryTimer$MainLoop.run(AbstractPrimaryTimer.java:266)
	at com.sun.javafx.tk.quantum.QuantumToolkit.pulse(QuantumToolkit.java:588)
	at com.sun.javafx.tk.quantum.QuantumToolkit.pulse(QuantumToolkit.java:572)
	at com.sun.javafx.tk.quantum.QuantumToolkit.pulseFromQueue(QuantumToolkit.java:565)
	at com.sun.javafx.tk.quantum.QuantumToolkit.lambda$runToolkit$11(QuantumToolkit.java:352)
	at com.sun.glass.ui.InvokeLaterDispatcher$Future.run(InvokeLaterDispatcher.java:95)
	at com.sun.glass.ui.win.WinApplication._runLoop(Native Method)
	at com.sun.glass.ui.win.WinApplication.lambda$runLoop$3(WinApplication.java:185)
	at java.base/java.lang.Thread.run(Thread.java:1583)

17:18:02.212 [JavaFX Application Thread] FATAL FXGLApplication      - Application will now exit
17:18:02.217 [JavaFX Application Thread] DEBUG PrimaryStageWindow   - Push state: ErrorSubScene
17:18:02.217 [JavaFX Application Thread] DEBUG Input                - Clearing active input actions
17:18:02.217 [JavaFX Application Thread] DEBUG GameApplicationServi - Removing overlay from GameScene and adding to ErrorSubScene
17:18:02.218 [JavaFX Application Thread] DEBUG PrimaryStageWindow   - GameScene -> ErrorSubScene
17:18:14.007 [JavaFX Application Thread] DEBUG FXGLApplication      - Exiting FXGL
17:18:14.008 [JavaFX Application Thread] DEBUG Async                - Shutting down background threads
17:18:14.008 [JavaFX Application Thread] DEBUG PrimaryStageWindow   - Closing main window
17:18:14.044 [JavaFX Application Thread] DEBUG Logger               - Closing Logger
