02:57:50.302 [main                     ] DEBUG Logger               - Configured Logger
02:57:50.328 [main                     ] DEBUG GameApplication      - Logging settings
Title: Final Journey
Version: Alpha
Width: 1280
Height: 720
Fullscreen: true
Intro: false
Profiling: false
Single step:false
App Mode: DEVELOPER
Menu Key: ESCAPE
Stage Style: DECORATED
Scene Factory: class com.almasb.fxgl.app.scene.SceneFactory

02:57:50.626 [JavaFX Application Thread] DEBUG FXGLApplication      - Initializing FXGL
02:57:50.629 [JavaFX Application Thread] INFO  Engine               - FXGL-21.1 (27.03.2024 07.52) on WINDOWS (J:21.0.5 FX:21.0.1)
02:57:50.629 [JavaFX Application Thread] DEBUG Engine               - JRE Vendor Name: Eclipse Adoptium
02:57:50.629 [JavaFX Application Thread] DEBUG Engine               - Running on OS: Windows 11 version 10.0
02:57:50.629 [JavaFX Application Thread] DEBUG Engine               - Architecture: amd64
02:57:50.629 [JavaFX Application Thread] INFO  Engine               - Source code and latest versions at: https://github.com/AlmasB/FXGL
02:57:50.630 [JavaFX Application Thread] INFO  Engine               -       Ask questions and discuss at: https://github.com/AlmasB/FXGL/discussions
02:57:50.630 [JavaFX Application Thread] INFO  Engine               -              Join the FXGL chat at: https://gitter.im/AlmasB/FXGL
02:57:50.691 [JavaFX Application Thread] DEBUG PrimaryStageWindow   - Creating a JavaFX scene
02:57:50.723 [JavaFX Application Thread] DEBUG PrimaryStageWindow   - Target settings size: 1280.0 x 720.0
02:57:50.724 [JavaFX Application Thread] DEBUG PrimaryStageWindow   - Scaled scene size:    1280.0 x 720.0
02:57:50.724 [JavaFX Application Thread] DEBUG PrimaryStageWindow   - Scaled ratio: (1.0, 1.0)
02:57:50.724 [JavaFX Application Thread] DEBUG PrimaryStageWindow   - Set initial scene to FXGLStartupScene
02:57:50.727 [JavaFX Application Thread] DEBUG PrimaryStageWindow   - Opening main window
02:57:50.790 [JavaFX Application Thread] DEBUG PrimaryStageWindow   - Window border size: (14.4000244140625, 37.5999755859375)
02:57:50.791 [JavaFX Application Thread] DEBUG PrimaryStageWindow   - Scaled size: 1280.0 x 720.0
02:57:50.791 [JavaFX Application Thread] DEBUG PrimaryStageWindow   - Scaled ratio: (1.0, 1.0)
02:57:50.792 [JavaFX Application Thread] DEBUG PrimaryStageWindow   - Scene size: 1280.0 x 720.0
02:57:50.792 [JavaFX Application Thread] DEBUG PrimaryStageWindow   - Stage size: 1294.4000244140625 x 757.5999755859375
02:57:50.829 [JavaFX Application Thread] DEBUG PrimaryStageWindow   - Going fullscreen
02:57:50.835 [FXGL Background Thread 1 ] DEBUG Engine               - Initializing environment variables
02:57:50.872 [FXGL Background Thread 1 ] DEBUG FXGLAssetLoaderServi - User app class for loading assets: class com.project.App
02:57:50.872 [FXGL Background Thread 1 ] DEBUG GameApplicationServi - Applying CSS: fxgl_dark.css
02:57:50.872 [FXGL Background Thread 1 ] DEBUG FXGLAssetLoaderServi - Loading from file system: jar:file:/C:/Users/nitro/.m2/repository/com/github/almasb/fxgl/21.1/fxgl-21.1.jar!/fxglassets/ui/css/fxgl_dark.css
02:57:50.897 [FXGL Background Thread 1 ] DEBUG GameApplicationServi - Initializing application scenes
02:57:50.939 [FXGL Background Thread 1 ] DEBUG GameWorld            - Game world initialized
02:57:50.990 [FXGL Background Thread 1 ] DEBUG PhysicsWorld         - Physics world initialized: appHeight=720, physics.ppm=50.0
02:57:50.991 [FXGL Background Thread 1 ] DEBUG PhysicsWorld         - Using strategy: BRUTE_FORCE
02:57:50.993 [FXGL Background Thread 1 ] DEBUG GameScene            - Game scene initialized: 1280x720
02:57:51.001 [FXGL Background Thread 1 ] DEBUG FXGL.DefaultMenu     - createMenuBodyGameMenu()
02:57:51.010 [FXGL Background Thread 1 ] DEBUG FXGL.DefaultMenu     - createOptionsMenu()
02:57:51.016 [FXGL Background Thread 1 ] DEBUG FXGLAssetLoaderServi - Loading from file system: jar:file:/C:/Users/nitro/.m2/repository/com/github/almasb/fxgl/21.1/fxgl-21.1.jar!/fxglassets/textures/particles/smoke.png
02:57:51.094 [FXGL Background Thread 1 ] DEBUG FXGLAssetLoaderServi - Loading from file system: jar:file:/C:/Users/nitro/.m2/repository/com/github/almasb/fxgl/21.1/fxgl-21.1.jar!/fxglassets/textures/particles/trace_horizontal.png
02:57:51.111 [FXGL Background Thread 1 ] DEBUG GameApplicationServi - Application scenes initialized
02:57:51.120 [FXGL Background Thread 1 ] DEBUG SystemBundleService  - Loading FXGL system data
02:57:51.122 [FXGL Background Thread 1 ] DEBUG FileSystemAccess     - Reading from: C:\Users\nitro\Desktop\ProjectFun2\myproject\myproject\system\fxgl.bundle
02:57:51.128 [FXGL Background Thread 1 ] DEBUG SystemBundleService  - Bundle FXGL: {}
02:57:51.128 [FXGL Background Thread 1 ] DEBUG UpdaterService       - Checking for updates
02:57:51.150 [FXGL Background Thread 4 ] DEBUG FXGLApplication      - Loading fonts
02:57:51.151 [FXGL Background Thread 4 ] DEBUG FXGLAssetLoaderServi - Loading from file system: jar:file:/C:/Users/nitro/.m2/repository/com/github/almasb/fxgl/21.1/fxgl-21.1.jar!/fxglassets/ui/fonts/VarelaRound-Regular.ttf
02:57:51.151 [FXGL Background Thread 1 ] DEBUG FXGLApplication      - Loading default localization
02:57:51.151 [FXGL Background Thread 1 ] DEBUG FXGLAssetLoaderServi - Loading from file system: jar:file:/C:/Users/nitro/.m2/repository/com/github/almasb/fxgl/21.1/fxgl-21.1.jar!/fxglassets/languages/english.lang
02:57:51.179 [FXGL Background Thread 4 ] DEBUG FXGLAssetLoaderServi - Loading from file system: jar:file:/C:/Users/nitro/.m2/repository/com/github/almasb/fxgl/21.1/fxgl-21.1.jar!/fxglassets/ui/fonts/Abel-Regular.ttf
02:57:51.181 [FXGL Background Thread 4 ] DEBUG FXGLAssetLoaderServi - Loading from file system: jar:file:/C:/Users/nitro/.m2/repository/com/github/almasb/fxgl/21.1/fxgl-21.1.jar!/fxglassets/ui/fonts/TerminalLandMono-Regular.otf
02:57:51.184 [FXGL Background Thread 4 ] DEBUG FXGLAssetLoaderServi - Loading from file system: jar:file:/C:/Users/nitro/.m2/repository/com/github/almasb/fxgl/21.1/fxgl-21.1.jar!/fxglassets/ui/fonts/Courier-Prime.ttf
02:57:51.186 [FXGL Background Thread 1 ] INFO  FXGLApplication      - FXGL initialization took: 0.351 sec
02:57:51.197 [JavaFX Application Thread] DEBUG Input                - Registered new binding: Right - D
02:57:51.198 [JavaFX Application Thread] DEBUG Input                - Registered new binding: Left - A
02:57:51.198 [JavaFX Application Thread] DEBUG Input                - Registered new binding: Up - W
02:57:51.198 [JavaFX Application Thread] DEBUG Input                - Registered new binding: Down - S
02:57:51.199 [JavaFX Application Thread] DEBUG Input                - Registered new binding: Interact - E
02:57:51.199 [JavaFX Application Thread] DEBUG FXGLAssetLoaderServi - Loading from file system: jar:file:/C:/Users/nitro/.m2/repository/com/github/almasb/fxgl/21.1/fxgl-21.1.jar!/fxglassets/textures/fxgl_icon.png
02:57:51.218 [JavaFX Application Thread] DEBUG FXGLAssetLoaderServi - Loading from file system: jar:file:/C:/Users/nitro/.m2/repository/com/github/almasb/fxgl/21.1/fxgl-21.1.jar!/fxglassets/textures/fxgl_default_cursor.png
02:57:51.223 [JavaFX Application Thread] DEBUG Input                - Registered new binding: Screenshot - CTRL+8
02:57:51.224 [JavaFX Application Thread] DEBUG Input                - Registered new binding: Dev Options - 1
02:57:51.225 [JavaFX Application Thread] DEBUG Input                - Registered new binding: Dev Console - 2
02:57:51.226 [JavaFX Application Thread] DEBUG Input                - Registered new binding: System info dump - CTRL+9
02:57:51.226 [JavaFX Application Thread] DEBUG Input                - Registered new binding: Restart - CTRL+R
02:57:51.229 [JavaFX Application Thread] DEBUG Input                - Registered new binding: Toggle Debug Camera - CTRL+7
02:57:51.240 [JavaFX Application Thread] DEBUG LoopRunner           - Starting loop
02:57:51.256 [JavaFX Application Thread] DEBUG LoopRunner           - Initializing JavaFX AnimationTimerLoop
02:57:51.258 [JavaFX Application Thread] DEBUG GameApplicationServi - Starting new game
02:57:51.259 [JavaFX Application Thread] DEBUG Input                - Clearing active input actions
02:57:51.271 [JavaFX Application Thread] DEBUG GameApplicationServi - Removing overlay from FXGLStartupScene and adding to FXGLLoadingScene
02:57:51.274 [JavaFX Application Thread] DEBUG PrimaryStageWindow   - FXGLStartupScene -> FXGLLoadingScene
02:57:51.274 [JavaFX Application Thread] DEBUG GameApplicationServi - Clearing previous game
02:57:51.274 [JavaFX Application Thread] DEBUG GameScene            - Clearing game scene
02:57:51.274 [JavaFX Application Thread] DEBUG GameWorld            - Clearing game world
02:57:51.274 [JavaFX Application Thread] DEBUG PhysicsWorld         - Clearing physics world
02:57:51.277 [FXGL Background Thread 4 ] DEBUG FXGLApplication      - Initializing game
02:57:51.278 [JavaFX Application Thread] DEBUG FXGLApplication      - Registering font factories with UI factory
02:57:51.307 [FXGL Background Thread 4 ] WARN  TMXLevelLoader       - TiledMap generated from 1.11.0. Supported version: 1.9.0. Some features may not be parsed fully.
02:57:51.336 [FXGL Background Thread 4 ] DEBUG TMXLevelLoader       - Parsed TiledMap: file:/C:/Users/nitro/Desktop/ProjectFun2/myproject/myproject/target/classes/assets/levels/scene1.tmx
02:57:51.338 [FXGL Background Thread 4 ] DEBUG TMXLevelLoader       - Creating tile layer entities
02:57:51.342 [FXGL Background Thread 4 ] DEBUG TilesetLoader        - Loading view for layer lowefloor
02:57:51.343 [FXGL Background Thread 4 ] DEBUG TilesetLoader        - Created buffer with size 512.0x1024.0
02:57:51.393 [FXGL Background Thread 4 ] DEBUG TilesetLoader        - Loading view for layer cliff
02:57:51.395 [FXGL Background Thread 4 ] DEBUG TilesetLoader        - Created buffer with size 512.0x1024.0
02:57:51.396 [FXGL Background Thread 4 ] DEBUG TilesetLoader        - Loading view for layer cliff1
02:57:51.398 [FXGL Background Thread 4 ] DEBUG TilesetLoader        - Created buffer with size 512.0x1024.0
02:57:51.399 [FXGL Background Thread 4 ] DEBUG TilesetLoader        - Loading view for layer cliff2
02:57:51.399 [FXGL Background Thread 4 ] DEBUG TilesetLoader        - Created buffer with size 512.0x1024.0
02:57:51.400 [FXGL Background Thread 4 ] DEBUG TilesetLoader        - Loading view for layer Tile Layer 3
02:57:51.400 [FXGL Background Thread 4 ] DEBUG TilesetLoader        - Created buffer with size 512.0x1024.0
02:57:51.401 [FXGL Background Thread 4 ] DEBUG TilesetLoader        - Loading view for layer Tile Layer 6
02:57:51.401 [FXGL Background Thread 4 ] DEBUG TilesetLoader        - Created buffer with size 512.0x1024.0
02:57:51.469 [FXGL Background Thread 4 ] DEBUG TilesetLoader        - Loading view for layer prop
02:57:51.470 [FXGL Background Thread 4 ] DEBUG TilesetLoader        - Created buffer with size 512.0x1024.0
02:57:51.470 [FXGL Background Thread 4 ] DEBUG TMXLevelLoader       - Creating object layer entities
02:57:51.528 [FXGL Background Thread 4 ] DEBUG FXGLAssetLoaderServi - Loading from file system: file:/C:/Users/nitro/Desktop/ProjectFun2/myproject/myproject/target/classes/assets/textures/Actor1.png
02:57:51.564 [FXGL Background Thread 4 ] DEBUG FXGLAssetLoaderServi - Loading from file system: file:/C:/Users/nitro/Desktop/ProjectFun2/myproject/myproject/target/classes/assets/textures/Rex.png
02:57:51.568 [FXGL Background Thread 4 ] DEBUG GameWorld            - Clearing removable entities
02:57:51.569 [FXGL Background Thread 4 ] DEBUG GameWorld            - Setting level: com.almasb.fxgl.entity.level.Level@7d1e110c
02:57:51.586 [FXGL Background Thread 4 ] INFO  FXGLApplication      - Game initialization took: 0.309 sec
02:57:51.678 [JavaFX Application Thread] DEBUG Input                - Clearing active input actions
02:57:51.684 [JavaFX Application Thread] DEBUG GameApplicationServi - Removing overlay from FXGLLoadingScene and adding to GameScene
02:57:51.687 [JavaFX Application Thread] DEBUG PrimaryStageWindow   - FXGLLoadingScene -> GameScene
02:57:53.739 [JavaFX Application Thread] DEBUG FXGLAssetLoaderServi - Loading from file system: file:/C:/Users/nitro/Desktop/ProjectFun2/myproject/myproject/target/classes/assets/text/filetext.txt
02:57:53.743 [JavaFX Application Thread] DEBUG Input                - Registered new binding: Next RPG Line - Enter
02:57:53.744 [JavaFX Application Thread] DEBUG PrimaryStageWindow   - Push state: CutsceneScene
02:57:53.745 [JavaFX Application Thread] DEBUG Input                - Clearing active input actions
02:57:53.745 [JavaFX Application Thread] DEBUG GameApplicationServi - Removing overlay from GameScene and adding to CutsceneScene
02:57:53.747 [JavaFX Application Thread] DEBUG PrimaryStageWindow   - GameScene -> CutsceneScene
02:57:53.747 [JavaFX Application Thread] DEBUG LoopRunner           - Stopping loop
02:57:53.748 [JavaFX Application Thread] FATAL FXGLApplication      - Uncaught Exception:
java.lang.IndexOutOfBoundsException: Index 5 out of bounds for length 0
	at java.base/jdk.internal.util.Preconditions.outOfBounds(Preconditions.java:100)
	at java.base/jdk.internal.util.Preconditions.outOfBoundsCheckIndex(Preconditions.java:106)
	at java.base/jdk.internal.util.Preconditions.checkIndex(Preconditions.java:302)
	at java.base/java.util.Objects.checkIndex(Objects.java:385)
	at java.base/java.util.ArrayList.get(ArrayList.java:427)
	at com.GameEvent.SystemEvent.combat(SystemEvent.java:25)
	at com.Component.InteractComponent.interact(InteractComponent.java:35)
	at com.project.App$5.onAction(App.java:164)
	at com.almasb.fxgl.input.UserAction.action$fxgl_core(UserAction.kt:38)
	at com.almasb.fxgl.input.Input.update(Input.kt:278)
	at com.almasb.fxgl.scene.Scene.update(Scene.kt:103)
	at com.almasb.fxgl.app.MainWindow$update$1.invoke(MainWindow.kt:121)
	at com.almasb.fxgl.app.MainWindow$update$1.invoke(MainWindow.kt:121)
	at com.almasb.fxgl.core.fsm.StateMachine.runOnActiveStates(StateMachine.kt:69)
	at com.almasb.fxgl.app.MainWindow.update(MainWindow.kt:121)
	at com.almasb.fxgl.app.FXGLApplication$GameApplicationService.onUpdate(FXGLApplication.kt:445)
	at com.almasb.fxgl.app.Engine.loop(Engine.kt:134)
	at com.almasb.fxgl.app.Engine.access$loop(Engine.kt:24)
	at com.almasb.fxgl.app.Engine$loop$1.invoke(Engine.kt:28)
	at com.almasb.fxgl.app.Engine$loop$1.invoke(Engine.kt:28)
	at com.almasb.fxgl.app.LoopRunner.frame(LoopRunner.kt:103)
	at com.almasb.fxgl.app.LoopRunner.access$frame(LoopRunner.kt:23)
	at com.almasb.fxgl.app.LoopRunner$impl$2$1.onTick(LoopRunner.kt:57)
	at com.almasb.fxgl.app.AnimationTimerLoop$timer$1.handle(LoopRunner.kt:137)
	at javafx.animation.AnimationTimer$AnimationTimerReceiver.lambda$handle$0(AnimationTimer.java:58)
	at java.base/java.security.AccessController.doPrivileged(AccessController.java:400)
	at javafx.animation.AnimationTimer$AnimationTimerReceiver.handle(AnimationTimer.java:57)
	at com.sun.scenario.animation.AbstractPrimaryTimer.timePulseImpl(AbstractPrimaryTimer.java:356)
	at com.sun.scenario.animation.AbstractPrimaryTimer$MainLoop.run(AbstractPrimaryTimer.java:266)
	at com.sun.javafx.tk.quantum.QuantumToolkit.pulse(QuantumToolkit.java:588)
	at com.sun.javafx.tk.quantum.QuantumToolkit.pulse(QuantumToolkit.java:572)
	at com.sun.javafx.tk.quantum.QuantumToolkit.pulseFromQueue(QuantumToolkit.java:565)
	at com.sun.javafx.tk.quantum.QuantumToolkit.lambda$runToolkit$11(QuantumToolkit.java:352)
	at com.sun.glass.ui.InvokeLaterDispatcher$Future.run(InvokeLaterDispatcher.java:95)
	at com.sun.glass.ui.win.WinApplication._runLoop(Native Method)
	at com.sun.glass.ui.win.WinApplication.lambda$runLoop$3(WinApplication.java:185)
	at java.base/java.lang.Thread.run(Thread.java:1583)

02:57:53.748 [JavaFX Application Thread] FATAL FXGLApplication      - Application will now exit
02:57:53.750 [JavaFX Application Thread] DEBUG PrimaryStageWindow   - Push state: ErrorSubScene
02:57:53.751 [JavaFX Application Thread] DEBUG Input                - Clearing active input actions
02:57:53.751 [JavaFX Application Thread] DEBUG GameApplicationServi - Removing overlay from CutsceneScene and adding to ErrorSubScene
02:57:53.751 [JavaFX Application Thread] DEBUG PrimaryStageWindow   - CutsceneScene -> ErrorSubScene
02:57:54.151 [FXGL Background Thread 3 ] DEBUG Engine               - Logging environment variables
02:57:54.151 [FXGL Background Thread 3 ] DEBUG Engine               - achievements: []
02:57:54.151 [FXGL Background Thread 3 ] DEBUG Engine               - actualHeight: 864.0
02:57:54.151 [FXGL Background Thread 3 ] DEBUG Engine               - actualHeightProperty: ReadOnlyDoubleProperty [value: 864.0]
02:57:54.151 [FXGL Background Thread 3 ] DEBUG Engine               - actualWidth: 1536.0
02:57:54.151 [FXGL Background Thread 3 ] DEBUG Engine               - actualWidthProperty: ReadOnlyDoubleProperty [value: 1536.0]
02:57:54.152 [FXGL Background Thread 3 ] DEBUG Engine               - appIcon: fxgl_icon.png
02:57:54.152 [FXGL Background Thread 3 ] DEBUG Engine               - applicationMode: DEVELOPER
02:57:54.152 [FXGL Background Thread 3 ] DEBUG Engine               - cSSList: [fxgl_dark.css]
02:57:54.152 [FXGL Background Thread 3 ] DEBUG Engine               - collisionDetectionStrategy: BRUTE_FORCE
02:57:54.152 [FXGL Background Thread 3 ] DEBUG Engine               - configClass: Optional.empty
02:57:54.152 [FXGL Background Thread 3 ] DEBUG Engine               - credits: []
02:57:54.153 [FXGL Background Thread 3 ] DEBUG Engine               - defaultCursor: CursorInfo(imageName=fxgl_default_cursor.png, hotspotX=7.0, hotspotY=6.0)
02:57:54.153 [FXGL Background Thread 3 ] DEBUG Engine               - devBBoxColorProperty: ObjectProperty [value: 0xff0000ff]
02:57:54.153 [FXGL Background Thread 3 ] DEBUG Engine               - devEnableDebugCameraProperty: BooleanProperty [value: false]
02:57:54.153 [FXGL Background Thread 3 ] DEBUG Engine               - devSensorColorProperty: ObjectProperty [value: 0xffff00ff]
02:57:54.153 [FXGL Background Thread 3 ] DEBUG Engine               - devShowBBoxProperty: BooleanProperty [value: false]
02:57:54.153 [FXGL Background Thread 3 ] DEBUG Engine               - devShowPositionProperty: BooleanProperty [value: false]
02:57:54.153 [FXGL Background Thread 3 ] DEBUG Engine               - enabledMenuItems: []
02:57:54.153 [FXGL Background Thread 3 ] DEBUG Engine               - engineServices: [class com.almasb.fxgl.app.services.FXGLAssetLoaderService, class com.almasb.fxgl.app.FXGLApplication$GameApplicationService, class com.almasb.fxgl.app.services.FXGLDialogService, class com.almasb.fxgl.app.services.IOTaskExecutorService, class com.almasb.fxgl.io.FileSystemService, class com.almasb.fxgl.localization.LocalizationService, class com.almasb.fxgl.app.services.SystemBundleService, class com.almasb.fxgl.profile.SaveLoadService, class com.almasb.fxgl.ui.FXGLUIFactoryServiceProvider, class com.almasb.fxgl.ui.FXGLDialogFactoryServiceProvider, class com.almasb.fxgl.audio.AudioPlayer, class com.almasb.fxgl.notification.impl.NotificationServiceProvider, class com.almasb.fxgl.achievement.AchievementService, class com.almasb.fxgl.cutscene.CutsceneService, class com.almasb.fxgl.minigames.MiniGameService, class com.almasb.fxgl.net.NetService, class com.almasb.fxgl.app.services.UpdaterService, class com.almasb.fxgl.dev.DevService]
02:57:54.153 [FXGL Background Thread 3 ] DEBUG Engine               - fontGame: Abel-Regular.ttf
02:57:54.153 [FXGL Background Thread 3 ] DEBUG Engine               - fontMono: TerminalLandMono-Regular.otf
02:57:54.153 [FXGL Background Thread 3 ] DEBUG Engine               - fontSizeScaleUI: 1.0
02:57:54.153 [FXGL Background Thread 3 ] DEBUG Engine               - fontText: Courier-Prime.ttf
02:57:54.153 [FXGL Background Thread 3 ] DEBUG Engine               - fontUI: VarelaRound-Regular.ttf
02:57:54.153 [FXGL Background Thread 3 ] DEBUG Engine               - fullScreen: BooleanProperty [value: true]
02:57:54.153 [FXGL Background Thread 3 ] DEBUG Engine               - gameDifficulty: MEDIUM
02:57:54.153 [FXGL Background Thread 3 ] DEBUG Engine               - gameDifficultyProperty: ObjectProperty [value: MEDIUM]
02:57:54.153 [FXGL Background Thread 3 ] DEBUG Engine               - globalMusicVolume: 0.5
02:57:54.153 [FXGL Background Thread 3 ] DEBUG Engine               - globalMusicVolumeProperty: DoubleProperty [value: 0.5]
02:57:54.153 [FXGL Background Thread 3 ] DEBUG Engine               - globalSoundVolume: 0.5
02:57:54.154 [FXGL Background Thread 3 ] DEBUG Engine               - globalSoundVolumeProperty: DoubleProperty [value: 0.5]
02:57:54.154 [FXGL Background Thread 3 ] DEBUG Engine               - height: 720
02:57:54.154 [FXGL Background Thread 3 ] DEBUG Engine               - is3D: false
02:57:54.154 [FXGL Background Thread 3 ] DEBUG Engine               - isAndroid: false
02:57:54.154 [FXGL Background Thread 3 ] DEBUG Engine               - isBrowser: false
02:57:54.154 [FXGL Background Thread 3 ] DEBUG Engine               - isClickFeedbackEnabled: false
02:57:54.154 [FXGL Background Thread 3 ] DEBUG Engine               - isCloseConfirmation: false
02:57:54.154 [FXGL Background Thread 3 ] DEBUG Engine               - isDesktop: true
02:57:54.154 [FXGL Background Thread 3 ] DEBUG Engine               - isDeveloperMenuEnabled: true
02:57:54.154 [FXGL Background Thread 3 ] DEBUG Engine               - isEmbedded: false
02:57:54.154 [FXGL Background Thread 3 ] DEBUG Engine               - isEntityPreloadEnabled: true
02:57:54.154 [FXGL Background Thread 3 ] DEBUG Engine               - isExperimentalTiledLargeMap: false
02:57:54.154 [FXGL Background Thread 3 ] DEBUG Engine               - isFileSystemWriteAllowed: true
02:57:54.154 [FXGL Background Thread 3 ] DEBUG Engine               - isFullScreenAllowed: true
02:57:54.154 [FXGL Background Thread 3 ] DEBUG Engine               - isFullScreenFromStart: true
02:57:54.154 [FXGL Background Thread 3 ] DEBUG Engine               - isGameMenuEnabled: true
02:57:54.154 [FXGL Background Thread 3 ] DEBUG Engine               - isIOS: false
02:57:54.154 [FXGL Background Thread 3 ] DEBUG Engine               - isIntroEnabled: false
02:57:54.154 [FXGL Background Thread 3 ] DEBUG Engine               - isLinux: false
02:57:54.154 [FXGL Background Thread 3 ] DEBUG Engine               - isMac: false
02:57:54.154 [FXGL Background Thread 3 ] DEBUG Engine               - isMainMenuEnabled: false
02:57:54.154 [FXGL Background Thread 3 ] DEBUG Engine               - isManualResizeEnabled: false
02:57:54.154 [FXGL Background Thread 3 ] DEBUG Engine               - isMobile: false
02:57:54.154 [FXGL Background Thread 3 ] DEBUG Engine               - isNative: false
02:57:54.154 [FXGL Background Thread 3 ] DEBUG Engine               - isPauseMusicWhenMinimized: true
02:57:54.154 [FXGL Background Thread 3 ] DEBUG Engine               - isPreserveResizeRatio: false
02:57:54.154 [FXGL Background Thread 3 ] DEBUG Engine               - isProfilingEnabled: false
02:57:54.154 [FXGL Background Thread 3 ] DEBUG Engine               - isScaleAffectedOnResize: true
02:57:54.154 [FXGL Background Thread 3 ] DEBUG Engine               - isSingleStep: false
02:57:54.154 [FXGL Background Thread 3 ] DEBUG Engine               - isUserProfileEnabled: false
02:57:54.154 [FXGL Background Thread 3 ] DEBUG Engine               - isWindows: true
02:57:54.154 [FXGL Background Thread 3 ] DEBUG Engine               - language: ObjectProperty [value: ENGLISH]
02:57:54.154 [FXGL Background Thread 3 ] DEBUG Engine               - menuKey: ESCAPE
02:57:54.154 [FXGL Background Thread 3 ] DEBUG Engine               - mouseSensitivity: 0.2
02:57:54.154 [FXGL Background Thread 3 ] DEBUG Engine               - notificationViewClass: class com.almasb.fxgl.notification.view.XboxNotificationView
02:57:54.154 [FXGL Background Thread 3 ] DEBUG Engine               - pixelsPerMeter: 50.0
02:57:54.154 [FXGL Background Thread 3 ] DEBUG Engine               - platform: WINDOWS
02:57:54.154 [FXGL Background Thread 3 ] DEBUG Engine               - prefHeightProperty: ReadOnlyDoubleProperty [value: 720.0]
02:57:54.154 [FXGL Background Thread 3 ] DEBUG Engine               - prefWidthProperty: ReadOnlyDoubleProperty [value: 1280.0]
02:57:54.154 [FXGL Background Thread 3 ] DEBUG Engine               - profileDir: profiles/
02:57:54.154 [FXGL Background Thread 3 ] DEBUG Engine               - profileName: StringProperty [value: DEFAULT]
02:57:54.154 [FXGL Background Thread 3 ] DEBUG Engine               - randomSeed: -1
02:57:54.154 [FXGL Background Thread 3 ] DEBUG Engine               - runtimeInfo: RuntimeInfo(platform=WINDOWS, version=21.1, build=27.03.2024 07.52)
02:57:54.155 [FXGL Background Thread 3 ] DEBUG Engine               - saveFileExt: sav
02:57:54.155 [FXGL Background Thread 3 ] DEBUG Engine               - scaledHeightProp$fxgl: DoubleProperty [bound, value: 864.0]
02:57:54.155 [FXGL Background Thread 3 ] DEBUG Engine               - scaledWidthProp$fxgl: DoubleProperty [bound, value: 1536.0]
02:57:54.155 [FXGL Background Thread 3 ] DEBUG Engine               - sceneFactory: com.almasb.fxgl.app.scene.SceneFactory@62c816e8
02:57:54.155 [FXGL Background Thread 3 ] DEBUG Engine               - secondsIn24h: 60
02:57:54.155 [FXGL Background Thread 3 ] DEBUG Engine               - soundMenuBack: menu/back.wav
02:57:54.155 [FXGL Background Thread 3 ] DEBUG Engine               - soundMenuPress: menu/press.wav
02:57:54.155 [FXGL Background Thread 3 ] DEBUG Engine               - soundMenuSelect: menu/select.wav
02:57:54.155 [FXGL Background Thread 3 ] DEBUG Engine               - soundNotification: core/notification.wav
02:57:54.155 [FXGL Background Thread 3 ] DEBUG Engine               - stageStyle: DECORATED
02:57:54.155 [FXGL Background Thread 3 ] DEBUG Engine               - supportedLanguages: [ENGLISH, FRENCH, GERMAN, HUNGARIAN, RUSSIAN]
02:57:54.155 [FXGL Background Thread 3 ] DEBUG Engine               - ticksPerSecond: -1
02:57:54.155 [FXGL Background Thread 3 ] DEBUG Engine               - title: Final Journey
02:57:54.155 [FXGL Background Thread 3 ] DEBUG Engine               - urlGithub: https://github.com/AlmasB/FXGL
02:57:54.155 [FXGL Background Thread 3 ] DEBUG Engine               - urlLeaderboard: http://fxgl-top.herokuapp.com/
02:57:54.155 [FXGL Background Thread 3 ] DEBUG Engine               - urlPOM: https://raw.githubusercontent.com/AlmasB/FXGL/release/README.md
02:57:54.155 [FXGL Background Thread 3 ] DEBUG Engine               - userAppClass: class com.project.App
02:57:54.155 [FXGL Background Thread 3 ] DEBUG Engine               - version: Alpha
02:57:54.155 [FXGL Background Thread 3 ] DEBUG Engine               - versionCheckDays: 7
02:57:54.155 [FXGL Background Thread 3 ] DEBUG Engine               - width: 1280
02:57:54.155 [FXGL Background Thread 3 ] DEBUG Engine               - Logging services
02:57:54.155 [FXGL Background Thread 3 ] DEBUG Engine               - class com.almasb.fxgl.app.services.FXGLAssetLoaderService
02:57:54.155 [FXGL Background Thread 3 ] DEBUG Engine               - class com.almasb.fxgl.app.FXGLApplication$GameApplicationService
02:57:54.155 [FXGL Background Thread 3 ] DEBUG Engine               - class com.almasb.fxgl.app.services.FXGLDialogService
02:57:54.155 [FXGL Background Thread 3 ] DEBUG Engine               - class com.almasb.fxgl.app.services.IOTaskExecutorService
02:57:54.155 [FXGL Background Thread 3 ] DEBUG Engine               - class com.almasb.fxgl.io.FileSystemService
02:57:54.155 [FXGL Background Thread 3 ] DEBUG Engine               - class com.almasb.fxgl.localization.LocalizationService
02:57:54.155 [FXGL Background Thread 3 ] DEBUG Engine               - class com.almasb.fxgl.app.services.SystemBundleService
02:57:54.155 [FXGL Background Thread 3 ] DEBUG Engine               - class com.almasb.fxgl.profile.SaveLoadService
02:57:54.155 [FXGL Background Thread 3 ] DEBUG Engine               - class com.almasb.fxgl.ui.FXGLUIFactoryServiceProvider
02:57:54.155 [FXGL Background Thread 3 ] DEBUG Engine               - class com.almasb.fxgl.ui.FXGLDialogFactoryServiceProvider
02:57:54.155 [FXGL Background Thread 3 ] DEBUG Engine               - class com.almasb.fxgl.audio.AudioPlayer
02:57:54.155 [FXGL Background Thread 3 ] DEBUG Engine               - class com.almasb.fxgl.notification.impl.NotificationServiceProvider
02:57:54.155 [FXGL Background Thread 3 ] DEBUG Engine               - class com.almasb.fxgl.achievement.AchievementService
02:57:54.155 [FXGL Background Thread 3 ] DEBUG Engine               - class com.almasb.fxgl.cutscene.CutsceneService
02:57:54.155 [FXGL Background Thread 3 ] DEBUG Engine               - class com.almasb.fxgl.minigames.MiniGameService
02:57:54.155 [FXGL Background Thread 3 ] DEBUG Engine               - class com.almasb.fxgl.net.NetService
02:57:54.155 [FXGL Background Thread 3 ] DEBUG Engine               - class com.almasb.fxgl.app.services.UpdaterService
02:57:54.155 [FXGL Background Thread 3 ] DEBUG Engine               - class com.almasb.fxgl.dev.DevService
02:57:58.726 [JavaFX Application Thread] DEBUG FXGLApplication      - Exiting FXGL
02:57:58.726 [JavaFX Application Thread] DEBUG Async                - Shutting down background threads
02:57:58.727 [JavaFX Application Thread] DEBUG PrimaryStageWindow   - Closing main window
02:57:58.748 [JavaFX Application Thread] DEBUG Logger               - Closing Logger
