02:06:59.529 [main                     ] DEBUG Logger               - Configured Logger
02:06:59.548 [main                     ] DEBUG GameApplication      - Logging settings
Title: Final Journey
Version: Alpha
Width: 1280
Height: 720
Fullscreen: true
Intro: false
Profiling: false
Single step:false
App Mode: DEVELOPER
Menu Key: ESCAPE
Stage Style: DECORATED
Scene Factory: class com.almasb.fxgl.app.scene.SceneFactory

02:06:59.966 [JavaFX Application Thread] DEBUG FXGLApplication      - Initializing FXGL
02:06:59.972 [JavaFX Application Thread] INFO  Engine               - FXGL-21.1 (27.03.2024 07.52) on WINDOWS (J:21.0.5 FX:21.0.1)
02:06:59.972 [JavaFX Application Thread] DEBUG Engine               - JRE Vendor Name: Eclipse Adoptium
02:06:59.973 [JavaFX Application Thread] DEBUG Engine               - Running on OS: Windows 11 version 10.0
02:06:59.973 [JavaFX Application Thread] DEBUG Engine               - Architecture: amd64
02:06:59.973 [JavaFX Application Thread] INFO  Engine               - Source code and latest versions at: https://github.com/AlmasB/FXGL
02:06:59.973 [JavaFX Application Thread] INFO  Engine               -       Ask questions and discuss at: https://github.com/AlmasB/FXGL/discussions
02:06:59.973 [JavaFX Application Thread] INFO  Engine               -              Join the FXGL chat at: https://gitter.im/AlmasB/FXGL
02:07:00.074 [JavaFX Application Thread] DEBUG PrimaryStageWindow   - Creating a JavaFX scene
02:07:00.125 [JavaFX Application Thread] DEBUG PrimaryStageWindow   - Target settings size: 1280.0 x 720.0
02:07:00.125 [JavaFX Application Thread] DEBUG PrimaryStageWindow   - Scaled scene size:    1280.0 x 720.0
02:07:00.125 [JavaFX Application Thread] DEBUG PrimaryStageWindow   - Scaled ratio: (1.0, 1.0)
02:07:00.127 [JavaFX Application Thread] DEBUG PrimaryStageWindow   - Set initial scene to FXGLStartupScene
02:07:00.130 [JavaFX Application Thread] DEBUG PrimaryStageWindow   - Opening main window
02:07:00.228 [JavaFX Application Thread] DEBUG PrimaryStageWindow   - Window border size: (14.4000244140625, 37.5999755859375)
02:07:00.228 [JavaFX Application Thread] DEBUG PrimaryStageWindow   - Scaled size: 1280.0 x 720.0
02:07:00.228 [JavaFX Application Thread] DEBUG PrimaryStageWindow   - Scaled ratio: (1.0, 1.0)
02:07:00.229 [JavaFX Application Thread] DEBUG PrimaryStageWindow   - Scene size: 1280.0 x 720.0
02:07:00.229 [JavaFX Application Thread] DEBUG PrimaryStageWindow   - Stage size: 1294.4000244140625 x 757.5999755859375
02:07:00.300 [JavaFX Application Thread] DEBUG PrimaryStageWindow   - Going fullscreen
02:07:00.312 [FXGL Background Thread 1 ] DEBUG Engine               - Initializing environment variables
02:07:00.365 [FXGL Background Thread 1 ] DEBUG FXGLAssetLoaderServi - User app class for loading assets: class com.project.App
02:07:00.366 [FXGL Background Thread 1 ] DEBUG GameApplicationServi - Applying CSS: fxgl_dark.css
02:07:00.366 [FXGL Background Thread 1 ] DEBUG FXGLAssetLoaderServi - Loading from file system: jar:file:/C:/Users/Lenovo/.m2/repository/com/github/almasb/fxgl/21.1/fxgl-21.1.jar!/fxglassets/ui/css/fxgl_dark.css
02:07:00.406 [FXGL Background Thread 1 ] DEBUG GameApplicationServi - Initializing application scenes
02:07:00.453 [FXGL Background Thread 1 ] DEBUG GameWorld            - Game world initialized
02:07:00.509 [FXGL Background Thread 1 ] DEBUG PhysicsWorld         - Physics world initialized: appHeight=720, physics.ppm=50.0
02:07:00.509 [FXGL Background Thread 1 ] DEBUG PhysicsWorld         - Using strategy: BRUTE_FORCE
02:07:00.512 [FXGL Background Thread 1 ] DEBUG GameScene            - Game scene initialized: 1280x720
02:07:00.523 [FXGL Background Thread 1 ] DEBUG FXGL.DefaultMenu     - createMenuBodyGameMenu()
02:07:00.535 [FXGL Background Thread 1 ] DEBUG FXGL.DefaultMenu     - createOptionsMenu()
02:07:00.544 [FXGL Background Thread 1 ] DEBUG FXGLAssetLoaderServi - Loading from file system: jar:file:/C:/Users/Lenovo/.m2/repository/com/github/almasb/fxgl/21.1/fxgl-21.1.jar!/fxglassets/textures/particles/smoke.png
02:07:00.640 [FXGL Background Thread 1 ] DEBUG FXGLAssetLoaderServi - Loading from file system: jar:file:/C:/Users/Lenovo/.m2/repository/com/github/almasb/fxgl/21.1/fxgl-21.1.jar!/fxglassets/textures/particles/trace_horizontal.png
02:07:00.662 [FXGL Background Thread 1 ] DEBUG GameApplicationServi - Application scenes initialized
02:07:00.675 [FXGL Background Thread 1 ] DEBUG SystemBundleService  - Loading FXGL system data
02:07:00.679 [FXGL Background Thread 1 ] DEBUG FileSystemAccess     - Reading from: C:\Users\Lenovo\ProjectJava3.0\myproject\myproject\system\fxgl.bundle
02:07:00.688 [FXGL Background Thread 1 ] DEBUG SystemBundleService  - Bundle FXGL: {}
02:07:00.688 [FXGL Background Thread 1 ] DEBUG UpdaterService       - Checking for updates
02:07:00.717 [FXGL Background Thread 4 ] DEBUG FXGLApplication      - Loading fonts
02:07:00.717 [FXGL Background Thread 4 ] DEBUG FXGLAssetLoaderServi - Loading from file system: jar:file:/C:/Users/Lenovo/.m2/repository/com/github/almasb/fxgl/21.1/fxgl-21.1.jar!/fxglassets/ui/fonts/VarelaRound-Regular.ttf
02:07:00.718 [FXGL Background Thread 1 ] DEBUG FXGLApplication      - Loading default localization
02:07:00.718 [FXGL Background Thread 1 ] DEBUG FXGLAssetLoaderServi - Loading from file system: jar:file:/C:/Users/Lenovo/.m2/repository/com/github/almasb/fxgl/21.1/fxgl-21.1.jar!/fxglassets/languages/english.lang
02:07:00.747 [FXGL Background Thread 1 ] INFO  FXGLApplication      - FXGL initialization took: 0.435 sec
02:07:00.750 [FXGL Background Thread 4 ] DEBUG FXGLAssetLoaderServi - Loading from file system: jar:file:/C:/Users/Lenovo/.m2/repository/com/github/almasb/fxgl/21.1/fxgl-21.1.jar!/fxglassets/ui/fonts/Abel-Regular.ttf
02:07:00.755 [FXGL Background Thread 4 ] DEBUG FXGLAssetLoaderServi - Loading from file system: jar:file:/C:/Users/Lenovo/.m2/repository/com/github/almasb/fxgl/21.1/fxgl-21.1.jar!/fxglassets/ui/fonts/TerminalLandMono-Regular.otf
02:07:00.758 [JavaFX Application Thread] DEBUG Input                - Registered new binding: Right - D
02:07:00.758 [JavaFX Application Thread] DEBUG Input                - Registered new binding: Left - A
02:07:00.758 [JavaFX Application Thread] DEBUG Input                - Registered new binding: Up - W
02:07:00.758 [FXGL Background Thread 4 ] DEBUG FXGLAssetLoaderServi - Loading from file system: jar:file:/C:/Users/Lenovo/.m2/repository/com/github/almasb/fxgl/21.1/fxgl-21.1.jar!/fxglassets/ui/fonts/Courier-Prime.ttf
02:07:00.759 [JavaFX Application Thread] DEBUG Input                - Registered new binding: Down - S
02:07:00.759 [JavaFX Application Thread] DEBUG Input                - Registered new binding: Interact - E
02:07:00.759 [JavaFX Application Thread] DEBUG FXGLAssetLoaderServi - Loading from file system: jar:file:/C:/Users/Lenovo/.m2/repository/com/github/almasb/fxgl/21.1/fxgl-21.1.jar!/fxglassets/textures/fxgl_icon.png
02:07:00.777 [JavaFX Application Thread] DEBUG FXGLAssetLoaderServi - Loading from file system: jar:file:/C:/Users/Lenovo/.m2/repository/com/github/almasb/fxgl/21.1/fxgl-21.1.jar!/fxglassets/textures/fxgl_default_cursor.png
02:07:00.780 [JavaFX Application Thread] DEBUG Input                - Registered new binding: Screenshot - CTRL+8
02:07:00.781 [JavaFX Application Thread] DEBUG Input                - Registered new binding: Dev Options - 1
02:07:00.781 [JavaFX Application Thread] DEBUG Input                - Registered new binding: Dev Console - 2
02:07:00.781 [JavaFX Application Thread] DEBUG Input                - Registered new binding: System info dump - CTRL+9
02:07:00.782 [JavaFX Application Thread] DEBUG Input                - Registered new binding: Restart - CTRL+R
02:07:00.782 [JavaFX Application Thread] DEBUG Input                - Registered new binding: Toggle Debug Camera - CTRL+7
02:07:00.788 [JavaFX Application Thread] DEBUG LoopRunner           - Starting loop
02:07:00.810 [JavaFX Application Thread] DEBUG LoopRunner           - Initializing JavaFX AnimationTimerLoop
02:07:00.812 [JavaFX Application Thread] DEBUG GameApplicationServi - Starting new game
02:07:00.813 [JavaFX Application Thread] DEBUG Input                - Clearing active input actions
02:07:00.825 [JavaFX Application Thread] DEBUG GameApplicationServi - Removing overlay from FXGLStartupScene and adding to FXGLLoadingScene
02:07:00.828 [JavaFX Application Thread] DEBUG PrimaryStageWindow   - FXGLStartupScene -> FXGLLoadingScene
02:07:00.829 [JavaFX Application Thread] DEBUG GameApplicationServi - Clearing previous game
02:07:00.829 [JavaFX Application Thread] DEBUG GameScene            - Clearing game scene
02:07:00.829 [JavaFX Application Thread] DEBUG GameWorld            - Clearing game world
02:07:00.829 [JavaFX Application Thread] DEBUG PhysicsWorld         - Clearing physics world
02:07:00.835 [FXGL Background Thread 4 ] DEBUG FXGLApplication      - Initializing game
02:07:00.837 [JavaFX Application Thread] DEBUG FXGLApplication      - Registering font factories with UI factory
02:07:00.877 [FXGL Background Thread 4 ] WARN  TMXLevelLoader       - TiledMap generated from 1.11.2. Supported version: 1.9.0. Some features may not be parsed fully.
02:07:00.907 [FXGL Background Thread 4 ] DEBUG TMXLevelLoader       - Parsed TiledMap: file:/C:/Users/Lenovo/ProjectJava3.0/myproject/myproject/target/classes/assets/levels/scene1.tmx
02:07:00.909 [FXGL Background Thread 4 ] DEBUG TMXLevelLoader       - Creating tile layer entities
02:07:00.912 [FXGL Background Thread 4 ] DEBUG TilesetLoader        - Loading view for layer lowefloor
02:07:00.913 [FXGL Background Thread 4 ] DEBUG TilesetLoader        - Created buffer with size 512.0x1024.0
02:07:00.984 [FXGL Background Thread 4 ] DEBUG TilesetLoader        - Loading view for layer cliff
02:07:00.985 [FXGL Background Thread 4 ] DEBUG TilesetLoader        - Created buffer with size 512.0x1024.0
02:07:00.987 [FXGL Background Thread 4 ] DEBUG TilesetLoader        - Loading view for layer cliff1
02:07:00.989 [FXGL Background Thread 4 ] DEBUG TilesetLoader        - Created buffer with size 512.0x1024.0
02:07:00.990 [FXGL Background Thread 4 ] DEBUG TilesetLoader        - Loading view for layer cliff2
02:07:00.990 [FXGL Background Thread 4 ] DEBUG TilesetLoader        - Created buffer with size 512.0x1024.0
02:07:00.992 [FXGL Background Thread 4 ] DEBUG TilesetLoader        - Loading view for layer Tile Layer 3
02:07:00.993 [FXGL Background Thread 4 ] DEBUG TilesetLoader        - Created buffer with size 512.0x1024.0
02:07:00.996 [FXGL Background Thread 4 ] DEBUG TilesetLoader        - Loading view for layer Tile Layer 6
02:07:00.997 [FXGL Background Thread 4 ] DEBUG TilesetLoader        - Created buffer with size 512.0x1024.0
02:07:01.078 [FXGL Background Thread 4 ] DEBUG TilesetLoader        - Loading view for layer prop
02:07:01.078 [FXGL Background Thread 4 ] DEBUG TilesetLoader        - Created buffer with size 512.0x1024.0
02:07:01.079 [FXGL Background Thread 4 ] DEBUG TMXLevelLoader       - Creating object layer entities
02:07:01.111 [FXGL Background Thread 4 ] DEBUG FXGLAssetLoaderServi - Loading from file system: file:/C:/Users/Lenovo/ProjectJava3.0/myproject/myproject/target/classes/assets/textures/Actor1.png
02:07:01.127 [FXGL Background Thread 4 ] DEBUG FXGLAssetLoaderServi - Loading from file system: file:/C:/Users/Lenovo/ProjectJava3.0/myproject/myproject/target/classes/assets/textures/Rex.png
02:07:01.132 [FXGL Background Thread 4 ] WARN  TMXLevelLoader       - TiledMap generated from 1.11.2. Supported version: 1.9.0. Some features may not be parsed fully.
02:07:01.143 [FXGL Background Thread 4 ] DEBUG TMXLevelLoader       - Parsed TiledMap: file:/C:/Users/Lenovo/ProjectJava3.0/myproject/myproject/target/classes/assets/levels/scene1.tmx
02:07:01.143 [FXGL Background Thread 4 ] DEBUG TMXLevelLoader       - Creating tile layer entities
02:07:01.143 [FXGL Background Thread 4 ] DEBUG TilesetLoader        - Loading view for layer lowefloor
02:07:01.144 [FXGL Background Thread 4 ] DEBUG TilesetLoader        - Created buffer with size 512.0x1024.0
02:07:01.173 [FXGL Background Thread 4 ] DEBUG TilesetLoader        - Loading view for layer cliff
02:07:01.173 [FXGL Background Thread 4 ] DEBUG TilesetLoader        - Created buffer with size 512.0x1024.0
02:07:01.174 [FXGL Background Thread 4 ] DEBUG TilesetLoader        - Loading view for layer cliff1
02:07:01.175 [FXGL Background Thread 4 ] DEBUG TilesetLoader        - Created buffer with size 512.0x1024.0
02:07:01.176 [FXGL Background Thread 4 ] DEBUG TilesetLoader        - Loading view for layer cliff2
02:07:01.177 [FXGL Background Thread 4 ] DEBUG TilesetLoader        - Created buffer with size 512.0x1024.0
02:07:01.178 [FXGL Background Thread 4 ] DEBUG TilesetLoader        - Loading view for layer Tile Layer 3
02:07:01.178 [FXGL Background Thread 4 ] DEBUG TilesetLoader        - Created buffer with size 512.0x1024.0
02:07:01.179 [FXGL Background Thread 4 ] DEBUG TilesetLoader        - Loading view for layer Tile Layer 6
02:07:01.180 [FXGL Background Thread 4 ] DEBUG TilesetLoader        - Created buffer with size 512.0x1024.0
02:07:01.225 [FXGL Background Thread 4 ] DEBUG TilesetLoader        - Loading view for layer prop
02:07:01.225 [FXGL Background Thread 4 ] DEBUG TilesetLoader        - Created buffer with size 512.0x1024.0
02:07:01.226 [FXGL Background Thread 4 ] DEBUG TMXLevelLoader       - Creating object layer entities
02:07:01.237 [FXGL Background Thread 4 ] DEBUG GameWorld            - Clearing removable entities
02:07:01.238 [FXGL Background Thread 4 ] DEBUG GameWorld            - Setting level: com.almasb.fxgl.entity.level.Level@4b8fa6dd
02:07:01.251 [FXGL Background Thread 4 ] INFO  FXGLApplication      - Game initialization took: 0.416 sec
02:07:01.252 [JavaFX Application Thread] DEBUG Input                - Clearing active input actions
02:07:01.259 [JavaFX Application Thread] DEBUG GameApplicationServi - Removing overlay from FXGLLoadingScene and adding to GameScene
02:07:01.266 [JavaFX Application Thread] DEBUG PrimaryStageWindow   - FXGLLoadingScene -> GameScene
02:07:03.716 [FXGL Background Thread 3 ] DEBUG Engine               - Logging environment variables
02:07:03.717 [FXGL Background Thread 3 ] DEBUG Engine               - achievements: []
02:07:03.717 [FXGL Background Thread 3 ] DEBUG Engine               - actualHeight: 864.0
02:07:03.717 [FXGL Background Thread 3 ] DEBUG Engine               - actualHeightProperty: ReadOnlyDoubleProperty [value: 864.0]
02:07:03.718 [FXGL Background Thread 3 ] DEBUG Engine               - actualWidth: 1536.0
02:07:03.718 [FXGL Background Thread 3 ] DEBUG Engine               - actualWidthProperty: ReadOnlyDoubleProperty [value: 1536.0]
02:07:03.718 [FXGL Background Thread 3 ] DEBUG Engine               - appIcon: fxgl_icon.png
02:07:03.718 [FXGL Background Thread 3 ] DEBUG Engine               - applicationMode: DEVELOPER
02:07:03.718 [FXGL Background Thread 3 ] DEBUG Engine               - cSSList: [fxgl_dark.css]
02:07:03.718 [FXGL Background Thread 3 ] DEBUG Engine               - collisionDetectionStrategy: BRUTE_FORCE
02:07:03.718 [FXGL Background Thread 3 ] DEBUG Engine               - configClass: Optional.empty
02:07:03.718 [FXGL Background Thread 3 ] DEBUG Engine               - credits: []
02:07:03.718 [FXGL Background Thread 3 ] DEBUG Engine               - defaultCursor: CursorInfo(imageName=fxgl_default_cursor.png, hotspotX=7.0, hotspotY=6.0)
02:07:03.718 [FXGL Background Thread 3 ] DEBUG Engine               - devBBoxColorProperty: ObjectProperty [value: 0xff0000ff]
02:07:03.719 [FXGL Background Thread 3 ] DEBUG Engine               - devEnableDebugCameraProperty: BooleanProperty [value: false]
02:07:03.719 [FXGL Background Thread 3 ] DEBUG Engine               - devSensorColorProperty: ObjectProperty [value: 0xffff00ff]
02:07:03.719 [FXGL Background Thread 3 ] DEBUG Engine               - devShowBBoxProperty: BooleanProperty [value: false]
02:07:03.719 [FXGL Background Thread 3 ] DEBUG Engine               - devShowPositionProperty: BooleanProperty [value: false]
02:07:03.719 [FXGL Background Thread 3 ] DEBUG Engine               - enabledMenuItems: []
02:07:03.719 [FXGL Background Thread 3 ] DEBUG Engine               - engineServices: [class com.almasb.fxgl.app.services.FXGLAssetLoaderService, class com.almasb.fxgl.app.FXGLApplication$GameApplicationService, class com.almasb.fxgl.app.services.FXGLDialogService, class com.almasb.fxgl.app.services.IOTaskExecutorService, class com.almasb.fxgl.io.FileSystemService, class com.almasb.fxgl.localization.LocalizationService, class com.almasb.fxgl.app.services.SystemBundleService, class com.almasb.fxgl.profile.SaveLoadService, class com.almasb.fxgl.ui.FXGLUIFactoryServiceProvider, class com.almasb.fxgl.ui.FXGLDialogFactoryServiceProvider, class com.almasb.fxgl.audio.AudioPlayer, class com.almasb.fxgl.notification.impl.NotificationServiceProvider, class com.almasb.fxgl.achievement.AchievementService, class com.almasb.fxgl.cutscene.CutsceneService, class com.almasb.fxgl.minigames.MiniGameService, class com.almasb.fxgl.net.NetService, class com.almasb.fxgl.app.services.UpdaterService, class com.almasb.fxgl.dev.DevService]
02:07:03.719 [FXGL Background Thread 3 ] DEBUG Engine               - fontGame: Abel-Regular.ttf
02:07:03.719 [FXGL Background Thread 3 ] DEBUG Engine               - fontMono: TerminalLandMono-Regular.otf
02:07:03.719 [FXGL Background Thread 3 ] DEBUG Engine               - fontSizeScaleUI: 1.0
02:07:03.719 [FXGL Background Thread 3 ] DEBUG Engine               - fontText: Courier-Prime.ttf
02:07:03.719 [FXGL Background Thread 3 ] DEBUG Engine               - fontUI: VarelaRound-Regular.ttf
02:07:03.719 [FXGL Background Thread 3 ] DEBUG Engine               - fullScreen: BooleanProperty [value: true]
02:07:03.719 [FXGL Background Thread 3 ] DEBUG Engine               - gameDifficulty: MEDIUM
02:07:03.719 [FXGL Background Thread 3 ] DEBUG Engine               - gameDifficultyProperty: ObjectProperty [value: MEDIUM]
02:07:03.719 [FXGL Background Thread 3 ] DEBUG Engine               - globalMusicVolume: 0.5
02:07:03.719 [FXGL Background Thread 3 ] DEBUG Engine               - globalMusicVolumeProperty: DoubleProperty [value: 0.5]
02:07:03.719 [FXGL Background Thread 3 ] DEBUG Engine               - globalSoundVolume: 0.5
02:07:03.719 [FXGL Background Thread 3 ] DEBUG Engine               - globalSoundVolumeProperty: DoubleProperty [value: 0.5]
02:07:03.720 [FXGL Background Thread 3 ] DEBUG Engine               - height: 720
02:07:03.720 [FXGL Background Thread 3 ] DEBUG Engine               - is3D: false
02:07:03.720 [FXGL Background Thread 3 ] DEBUG Engine               - isAndroid: false
02:07:03.720 [FXGL Background Thread 3 ] DEBUG Engine               - isBrowser: false
02:07:03.720 [FXGL Background Thread 3 ] DEBUG Engine               - isClickFeedbackEnabled: false
02:07:03.720 [FXGL Background Thread 3 ] DEBUG Engine               - isCloseConfirmation: false
02:07:03.720 [FXGL Background Thread 3 ] DEBUG Engine               - isDesktop: true
02:07:03.720 [FXGL Background Thread 3 ] DEBUG Engine               - isDeveloperMenuEnabled: true
02:07:03.720 [FXGL Background Thread 3 ] DEBUG Engine               - isEmbedded: false
02:07:03.720 [FXGL Background Thread 3 ] DEBUG Engine               - isEntityPreloadEnabled: true
02:07:03.720 [FXGL Background Thread 3 ] DEBUG Engine               - isExperimentalTiledLargeMap: false
02:07:03.720 [FXGL Background Thread 3 ] DEBUG Engine               - isFileSystemWriteAllowed: true
02:07:03.720 [FXGL Background Thread 3 ] DEBUG Engine               - isFullScreenAllowed: true
02:07:03.720 [FXGL Background Thread 3 ] DEBUG Engine               - isFullScreenFromStart: true
02:07:03.720 [FXGL Background Thread 3 ] DEBUG Engine               - isGameMenuEnabled: true
02:07:03.720 [FXGL Background Thread 3 ] DEBUG Engine               - isIOS: false
02:07:03.720 [FXGL Background Thread 3 ] DEBUG Engine               - isIntroEnabled: false
02:07:03.720 [FXGL Background Thread 3 ] DEBUG Engine               - isLinux: false
02:07:03.720 [FXGL Background Thread 3 ] DEBUG Engine               - isMac: false
02:07:03.720 [FXGL Background Thread 3 ] DEBUG Engine               - isMainMenuEnabled: false
02:07:03.720 [FXGL Background Thread 3 ] DEBUG Engine               - isManualResizeEnabled: false
02:07:03.720 [FXGL Background Thread 3 ] DEBUG Engine               - isMobile: false
02:07:03.721 [FXGL Background Thread 3 ] DEBUG Engine               - isNative: false
02:07:03.721 [FXGL Background Thread 3 ] DEBUG Engine               - isPauseMusicWhenMinimized: true
02:07:03.721 [FXGL Background Thread 3 ] DEBUG Engine               - isPreserveResizeRatio: false
02:07:03.721 [FXGL Background Thread 3 ] DEBUG Engine               - isProfilingEnabled: false
02:07:03.721 [FXGL Background Thread 3 ] DEBUG Engine               - isScaleAffectedOnResize: true
02:07:03.721 [FXGL Background Thread 3 ] DEBUG Engine               - isSingleStep: false
02:07:03.721 [FXGL Background Thread 3 ] DEBUG Engine               - isUserProfileEnabled: false
02:07:03.722 [FXGL Background Thread 3 ] DEBUG Engine               - isWindows: true
02:07:03.722 [FXGL Background Thread 3 ] DEBUG Engine               - language: ObjectProperty [value: ENGLISH]
02:07:03.722 [FXGL Background Thread 3 ] DEBUG Engine               - menuKey: ESCAPE
02:07:03.722 [FXGL Background Thread 3 ] DEBUG Engine               - mouseSensitivity: 0.2
02:07:03.722 [FXGL Background Thread 3 ] DEBUG Engine               - notificationViewClass: class com.almasb.fxgl.notification.view.XboxNotificationView
02:07:03.722 [FXGL Background Thread 3 ] DEBUG Engine               - pixelsPerMeter: 50.0
02:07:03.722 [FXGL Background Thread 3 ] DEBUG Engine               - platform: WINDOWS
02:07:03.722 [FXGL Background Thread 3 ] DEBUG Engine               - prefHeightProperty: ReadOnlyDoubleProperty [value: 720.0]
02:07:03.722 [FXGL Background Thread 3 ] DEBUG Engine               - prefWidthProperty: ReadOnlyDoubleProperty [value: 1280.0]
02:07:03.722 [FXGL Background Thread 3 ] DEBUG Engine               - profileDir: profiles/
02:07:03.722 [FXGL Background Thread 3 ] DEBUG Engine               - profileName: StringProperty [value: DEFAULT]
02:07:03.722 [FXGL Background Thread 3 ] DEBUG Engine               - randomSeed: -1
02:07:03.722 [FXGL Background Thread 3 ] DEBUG Engine               - runtimeInfo: RuntimeInfo(platform=WINDOWS, version=21.1, build=27.03.2024 07.52)
02:07:03.722 [FXGL Background Thread 3 ] DEBUG Engine               - saveFileExt: sav
02:07:03.723 [FXGL Background Thread 3 ] DEBUG Engine               - scaledHeightProp$fxgl: DoubleProperty [bound, value: 864.0]
02:07:03.723 [FXGL Background Thread 3 ] DEBUG Engine               - scaledWidthProp$fxgl: DoubleProperty [bound, value: 1536.0]
02:07:03.723 [FXGL Background Thread 3 ] DEBUG Engine               - sceneFactory: com.almasb.fxgl.app.scene.SceneFactory@6c17eb48
02:07:03.723 [FXGL Background Thread 3 ] DEBUG Engine               - secondsIn24h: 60
02:07:03.723 [FXGL Background Thread 3 ] DEBUG Engine               - soundMenuBack: menu/back.wav
02:07:03.723 [FXGL Background Thread 3 ] DEBUG Engine               - soundMenuPress: menu/press.wav
02:07:03.723 [FXGL Background Thread 3 ] DEBUG Engine               - soundMenuSelect: menu/select.wav
02:07:03.723 [FXGL Background Thread 3 ] DEBUG Engine               - soundNotification: core/notification.wav
02:07:03.723 [FXGL Background Thread 3 ] DEBUG Engine               - stageStyle: DECORATED
02:07:03.723 [FXGL Background Thread 3 ] DEBUG Engine               - supportedLanguages: [ENGLISH, FRENCH, GERMAN, HUNGARIAN, RUSSIAN]
02:07:03.723 [FXGL Background Thread 3 ] DEBUG Engine               - ticksPerSecond: -1
02:07:03.723 [FXGL Background Thread 3 ] DEBUG Engine               - title: Final Journey
02:07:03.723 [FXGL Background Thread 3 ] DEBUG Engine               - urlGithub: https://github.com/AlmasB/FXGL
02:07:03.723 [FXGL Background Thread 3 ] DEBUG Engine               - urlLeaderboard: http://fxgl-top.herokuapp.com/
02:07:03.723 [FXGL Background Thread 3 ] DEBUG Engine               - urlPOM: https://raw.githubusercontent.com/AlmasB/FXGL/release/README.md
02:07:03.723 [FXGL Background Thread 3 ] DEBUG Engine               - userAppClass: class com.project.App
02:07:03.723 [FXGL Background Thread 3 ] DEBUG Engine               - version: Alpha
02:07:03.723 [FXGL Background Thread 3 ] DEBUG Engine               - versionCheckDays: 7
02:07:03.723 [FXGL Background Thread 3 ] DEBUG Engine               - width: 1280
02:07:03.723 [FXGL Background Thread 3 ] DEBUG Engine               - Logging services
02:07:03.724 [FXGL Background Thread 3 ] DEBUG Engine               - class com.almasb.fxgl.app.services.FXGLAssetLoaderService
02:07:03.724 [FXGL Background Thread 3 ] DEBUG Engine               - class com.almasb.fxgl.app.FXGLApplication$GameApplicationService
02:07:03.724 [FXGL Background Thread 3 ] DEBUG Engine               - class com.almasb.fxgl.app.services.FXGLDialogService
02:07:03.724 [FXGL Background Thread 3 ] DEBUG Engine               - class com.almasb.fxgl.app.services.IOTaskExecutorService
02:07:03.724 [FXGL Background Thread 3 ] DEBUG Engine               - class com.almasb.fxgl.io.FileSystemService
02:07:03.724 [FXGL Background Thread 3 ] DEBUG Engine               - class com.almasb.fxgl.localization.LocalizationService
02:07:03.724 [FXGL Background Thread 3 ] DEBUG Engine               - class com.almasb.fxgl.app.services.SystemBundleService
02:07:03.724 [FXGL Background Thread 3 ] DEBUG Engine               - class com.almasb.fxgl.profile.SaveLoadService
02:07:03.724 [FXGL Background Thread 3 ] DEBUG Engine               - class com.almasb.fxgl.ui.FXGLUIFactoryServiceProvider
02:07:03.724 [FXGL Background Thread 3 ] DEBUG Engine               - class com.almasb.fxgl.ui.FXGLDialogFactoryServiceProvider
02:07:03.724 [FXGL Background Thread 3 ] DEBUG Engine               - class com.almasb.fxgl.audio.AudioPlayer
02:07:03.724 [FXGL Background Thread 3 ] DEBUG Engine               - class com.almasb.fxgl.notification.impl.NotificationServiceProvider
02:07:03.724 [FXGL Background Thread 3 ] DEBUG Engine               - class com.almasb.fxgl.achievement.AchievementService
02:07:03.724 [FXGL Background Thread 3 ] DEBUG Engine               - class com.almasb.fxgl.cutscene.CutsceneService
02:07:03.724 [FXGL Background Thread 3 ] DEBUG Engine               - class com.almasb.fxgl.minigames.MiniGameService
02:07:03.724 [FXGL Background Thread 3 ] DEBUG Engine               - class com.almasb.fxgl.net.NetService
02:07:03.724 [FXGL Background Thread 3 ] DEBUG Engine               - class com.almasb.fxgl.app.services.UpdaterService
02:07:03.724 [FXGL Background Thread 3 ] DEBUG Engine               - class com.almasb.fxgl.dev.DevService
02:07:03.926 [JavaFX Application Thread] DEBUG FXGLAssetLoaderServi - Loading from file system: file:/C:/Users/Lenovo/ProjectJava3.0/myproject/myproject/target/classes/assets/text/filetext.txt
02:07:03.928 [JavaFX Application Thread] DEBUG EventBus             - Firing event: com.GameEvent.CombatScene[source=javafx.event.Event$$Lambda/0x0000023781172db8@3ff6820]
02:07:03.932 [JavaFX Application Thread] WARN  TMXLevelLoader       - TiledMap generated from 1.11.2. Supported version: 1.9.0. Some features may not be parsed fully.
02:07:03.937 [JavaFX Application Thread] DEBUG TMXLevelLoader       - Parsed TiledMap: file:/C:/Users/Lenovo/ProjectJava3.0/myproject/myproject/target/classes/assets/levels/battle1.tmx
02:07:03.937 [JavaFX Application Thread] DEBUG TMXLevelLoader       - Creating tile layer entities
02:07:03.938 [JavaFX Application Thread] DEBUG TilesetLoader        - Loading view for layer Tile Layer 1
02:07:03.940 [JavaFX Application Thread] DEBUG TilesetLoader        - Created buffer with size 2048.0x1024.0
02:07:04.036 [JavaFX Application Thread] DEBUG TMXLevelLoader       - Creating object layer entities
02:07:04.039 [JavaFX Application Thread] DEBUG FXGLAssetLoaderServi - Loading from file system: file:/C:/Users/Lenovo/ProjectJava3.0/myproject/myproject/target/classes/assets/textures/Rex.png
02:07:04.045 [JavaFX Application Thread] DEBUG FXGLAssetLoaderServi - Loading from file system: file:/C:/Users/Lenovo/ProjectJava3.0/myproject/myproject/target/classes/assets/textures/Karee.png
02:07:04.048 [JavaFX Application Thread] DEBUG GameWorld            - Clearing removable entities
02:07:04.058 [JavaFX Application Thread] DEBUG GameWorld            - Setting level: com.almasb.fxgl.entity.level.Level@67319e8a
02:07:04.062 [JavaFX Application Thread] WARN  TMXLevelLoader       - TiledMap generated from 1.11.2. Supported version: 1.9.0. Some features may not be parsed fully.
02:07:04.067 [JavaFX Application Thread] DEBUG TMXLevelLoader       - Parsed TiledMap: file:/C:/Users/Lenovo/ProjectJava3.0/myproject/myproject/target/classes/assets/levels/battle1.tmx
02:07:04.067 [JavaFX Application Thread] DEBUG TMXLevelLoader       - Creating tile layer entities
02:07:04.067 [JavaFX Application Thread] DEBUG TilesetLoader        - Loading view for layer Tile Layer 1
02:07:04.072 [JavaFX Application Thread] DEBUG TilesetLoader        - Created buffer with size 2048.0x1024.0
02:07:04.167 [JavaFX Application Thread] DEBUG TMXLevelLoader       - Creating object layer entities
02:07:06.842 [JavaFX Application Thread] DEBUG EventBus             - Firing event: com.GameEvent.BackMainScene[source=javafx.event.Event$$Lambda/0x0000023781172db8@3ff6820]
02:07:06.844 [JavaFX Application Thread] WARN  TMXLevelLoader       - TiledMap generated from 1.11.2. Supported version: 1.9.0. Some features may not be parsed fully.
02:07:06.853 [JavaFX Application Thread] DEBUG TMXLevelLoader       - Parsed TiledMap: file:/C:/Users/Lenovo/ProjectJava3.0/myproject/myproject/target/classes/assets/levels/scene1.tmx
02:07:06.853 [JavaFX Application Thread] DEBUG TMXLevelLoader       - Creating tile layer entities
02:07:06.854 [JavaFX Application Thread] DEBUG TilesetLoader        - Loading view for layer lowefloor
02:07:06.857 [JavaFX Application Thread] DEBUG TilesetLoader        - Created buffer with size 512.0x1024.0
02:07:06.877 [JavaFX Application Thread] DEBUG TilesetLoader        - Loading view for layer cliff
02:07:06.878 [JavaFX Application Thread] DEBUG TilesetLoader        - Created buffer with size 512.0x1024.0
02:07:06.878 [JavaFX Application Thread] DEBUG TilesetLoader        - Loading view for layer cliff1
02:07:06.879 [JavaFX Application Thread] DEBUG TilesetLoader        - Created buffer with size 512.0x1024.0
02:07:06.879 [JavaFX Application Thread] DEBUG TilesetLoader        - Loading view for layer cliff2
02:07:06.881 [JavaFX Application Thread] DEBUG TilesetLoader        - Created buffer with size 512.0x1024.0
02:07:06.882 [JavaFX Application Thread] DEBUG TilesetLoader        - Loading view for layer Tile Layer 3
02:07:06.884 [JavaFX Application Thread] DEBUG TilesetLoader        - Created buffer with size 512.0x1024.0
02:07:06.886 [JavaFX Application Thread] DEBUG TilesetLoader        - Loading view for layer Tile Layer 6
02:07:06.886 [JavaFX Application Thread] DEBUG TilesetLoader        - Created buffer with size 512.0x1024.0
02:07:06.929 [JavaFX Application Thread] DEBUG TilesetLoader        - Loading view for layer prop
02:07:06.930 [JavaFX Application Thread] DEBUG TilesetLoader        - Created buffer with size 512.0x1024.0
02:07:06.930 [JavaFX Application Thread] DEBUG TMXLevelLoader       - Creating object layer entities
02:07:06.936 [JavaFX Application Thread] DEBUG GameWorld            - Clearing removable entities
02:07:06.936 [JavaFX Application Thread] DEBUG GameWorld            - Setting level: com.almasb.fxgl.entity.level.Level@7ea5926e
02:07:06.940 [JavaFX Application Thread] WARN  TMXLevelLoader       - TiledMap generated from 1.11.2. Supported version: 1.9.0. Some features may not be parsed fully.
02:07:06.946 [JavaFX Application Thread] DEBUG TMXLevelLoader       - Parsed TiledMap: file:/C:/Users/Lenovo/ProjectJava3.0/myproject/myproject/target/classes/assets/levels/scene1.tmx
02:07:06.946 [JavaFX Application Thread] DEBUG TMXLevelLoader       - Creating tile layer entities
02:07:06.946 [JavaFX Application Thread] DEBUG TilesetLoader        - Loading view for layer lowefloor
02:07:06.947 [JavaFX Application Thread] DEBUG TilesetLoader        - Created buffer with size 512.0x1024.0
02:07:06.966 [JavaFX Application Thread] DEBUG TilesetLoader        - Loading view for layer cliff
02:07:06.966 [JavaFX Application Thread] DEBUG TilesetLoader        - Created buffer with size 512.0x1024.0
02:07:06.967 [JavaFX Application Thread] DEBUG TilesetLoader        - Loading view for layer cliff1
02:07:06.967 [JavaFX Application Thread] DEBUG TilesetLoader        - Created buffer with size 512.0x1024.0
02:07:06.968 [JavaFX Application Thread] DEBUG TilesetLoader        - Loading view for layer cliff2
02:07:06.968 [JavaFX Application Thread] DEBUG TilesetLoader        - Created buffer with size 512.0x1024.0
02:07:06.968 [JavaFX Application Thread] DEBUG TilesetLoader        - Loading view for layer Tile Layer 3
02:07:06.969 [JavaFX Application Thread] DEBUG TilesetLoader        - Created buffer with size 512.0x1024.0
02:07:06.969 [JavaFX Application Thread] DEBUG TilesetLoader        - Loading view for layer Tile Layer 6
02:07:06.972 [JavaFX Application Thread] DEBUG TilesetLoader        - Created buffer with size 512.0x1024.0
02:07:07.019 [JavaFX Application Thread] DEBUG TilesetLoader        - Loading view for layer prop
02:07:07.019 [JavaFX Application Thread] DEBUG TilesetLoader        - Created buffer with size 512.0x1024.0
02:07:07.019 [JavaFX Application Thread] DEBUG TMXLevelLoader       - Creating object layer entities
02:07:10.925 [JavaFX Application Thread] DEBUG FXGLApplication      - Exiting FXGL
02:07:10.927 [JavaFX Application Thread] DEBUG LoopRunner           - Stopping loop
02:07:10.927 [JavaFX Application Thread] DEBUG SystemBundleService  - Saving FXGL system data
02:07:10.930 [JavaFX Application Thread] DEBUG FileSystemAccess     - Writing to: C:\Users\Lenovo\ProjectJava3.0\myproject\myproject\system\fxgl.bundle
02:07:10.932 [JavaFX Application Thread] DEBUG Async                - Shutting down background threads
02:07:10.933 [JavaFX Application Thread] DEBUG PrimaryStageWindow   - Closing main window
02:07:10.976 [JavaFX Application Thread] DEBUG Logger               - Closing Logger
