03:16:41.364 [main                     ] DEBUG Logger               - Configured Logger
03:16:41.387 [main                     ] DEBUG GameApplication      - Logging settings
Title: Final Journey
Version: Alpha
Width: 1280
Height: 720
Fullscreen: true
Intro: false
Profiling: false
Single step:false
App Mode: DEVELOPER
Menu Key: ESCAPE
Stage Style: DECORATED
Scene Factory: class com.almasb.fxgl.app.scene.SceneFactory

03:16:41.761 [JavaFX Application Thread] DEBUG FXGLApplication      - Initializing FXGL
03:16:41.764 [JavaFX Application Thread] INFO  Engine               - FXGL-21.1 (27.03.2024 07.52) on WINDOWS (J:21.0.6 FX:21.0.1)
03:16:41.764 [JavaFX Application Thread] DEBUG Engine               - JRE Vendor Name: Eclipse Adoptium
03:16:41.765 [JavaFX Application Thread] DEBUG Engine               - Running on OS: Windows 11 version 10.0
03:16:41.765 [JavaFX Application Thread] DEBUG Engine               - Architecture: amd64
03:16:41.765 [JavaFX Application Thread] INFO  Engine               - Source code and latest versions at: https://github.com/AlmasB/FXGL
03:16:41.765 [JavaFX Application Thread] INFO  Engine               -       Ask questions and discuss at: https://github.com/AlmasB/FXGL/discussions
03:16:41.765 [JavaFX Application Thread] INFO  Engine               -              Join the FXGL chat at: https://gitter.im/AlmasB/FXGL
03:16:41.849 [JavaFX Application Thread] DEBUG PrimaryStageWindow   - Creating a JavaFX scene
03:16:41.887 [JavaFX Application Thread] DEBUG PrimaryStageWindow   - Target settings size: 1280.0 x 720.0
03:16:41.888 [JavaFX Application Thread] DEBUG PrimaryStageWindow   - Scaled scene size:    1280.0 x 720.0
03:16:41.888 [JavaFX Application Thread] DEBUG PrimaryStageWindow   - Scaled ratio: (1.0, 1.0)
03:16:41.889 [JavaFX Application Thread] DEBUG PrimaryStageWindow   - Set initial scene to FXGLStartupScene
03:16:41.892 [JavaFX Application Thread] DEBUG PrimaryStageWindow   - Opening main window
03:16:41.972 [JavaFX Application Thread] DEBUG PrimaryStageWindow   - Window border size: (14.4000244140625, 37.5999755859375)
03:16:41.972 [JavaFX Application Thread] DEBUG PrimaryStageWindow   - Scaled size: 1280.0 x 720.0
03:16:41.972 [JavaFX Application Thread] DEBUG PrimaryStageWindow   - Scaled ratio: (1.0, 1.0)
03:16:41.972 [JavaFX Application Thread] DEBUG PrimaryStageWindow   - Scene size: 1280.0 x 720.0
03:16:41.972 [JavaFX Application Thread] DEBUG PrimaryStageWindow   - Stage size: 1294.4000244140625 x 757.5999755859375
03:16:42.047 [JavaFX Application Thread] DEBUG PrimaryStageWindow   - Going fullscreen
03:16:42.054 [FXGL Background Thread 1 ] DEBUG Engine               - Initializing environment variables
03:16:42.099 [FXGL Background Thread 1 ] DEBUG FXGLAssetLoaderServi - User app class for loading assets: class com.project.App
03:16:42.099 [FXGL Background Thread 1 ] DEBUG GameApplicationServi - Applying CSS: fxgl_dark.css
03:16:42.100 [FXGL Background Thread 1 ] DEBUG FXGLAssetLoaderServi - Loading from file system: jar:file:/C:/Users/frank/.m2/repository/com/github/almasb/fxgl/21.1/fxgl-21.1.jar!/fxglassets/ui/css/fxgl_dark.css
03:16:42.130 [FXGL Background Thread 1 ] DEBUG GameApplicationServi - Initializing application scenes
03:16:42.182 [FXGL Background Thread 1 ] DEBUG GameWorld            - Game world initialized
03:16:42.231 [FXGL Background Thread 1 ] DEBUG PhysicsWorld         - Physics world initialized: appHeight=720, physics.ppm=50.0
03:16:42.231 [FXGL Background Thread 1 ] DEBUG PhysicsWorld         - Using strategy: BRUTE_FORCE
03:16:42.234 [FXGL Background Thread 1 ] DEBUG GameScene            - Game scene initialized: 1280x720
03:16:42.244 [FXGL Background Thread 1 ] DEBUG FXGL.DefaultMenu     - createMenuBodyGameMenu()
03:16:42.255 [FXGL Background Thread 1 ] DEBUG FXGL.DefaultMenu     - createOptionsMenu()
03:16:42.263 [FXGL Background Thread 1 ] DEBUG FXGLAssetLoaderServi - Loading from file system: jar:file:/C:/Users/frank/.m2/repository/com/github/almasb/fxgl/21.1/fxgl-21.1.jar!/fxglassets/textures/particles/smoke.png
03:16:42.353 [FXGL Background Thread 1 ] DEBUG FXGLAssetLoaderServi - Loading from file system: jar:file:/C:/Users/frank/.m2/repository/com/github/almasb/fxgl/21.1/fxgl-21.1.jar!/fxglassets/textures/particles/trace_horizontal.png
03:16:42.372 [FXGL Background Thread 1 ] DEBUG GameApplicationServi - Application scenes initialized
03:16:42.383 [FXGL Background Thread 1 ] DEBUG SystemBundleService  - Loading FXGL system data
03:16:42.385 [FXGL Background Thread 1 ] DEBUG FileSystemAccess     - Reading from: C:\Users\frank\Desktop\ProjectFun\myproject\myproject\system\fxgl.bundle
03:16:42.392 [FXGL Background Thread 1 ] DEBUG SystemBundleService  - Bundle FXGL: {}
03:16:42.392 [FXGL Background Thread 1 ] DEBUG UpdaterService       - Checking for updates
03:16:42.415 [FXGL Background Thread 4 ] DEBUG FXGLApplication      - Loading fonts
03:16:42.416 [FXGL Background Thread 4 ] DEBUG FXGLAssetLoaderServi - Loading from file system: jar:file:/C:/Users/frank/.m2/repository/com/github/almasb/fxgl/21.1/fxgl-21.1.jar!/fxglassets/ui/fonts/VarelaRound-Regular.ttf
03:16:42.417 [FXGL Background Thread 1 ] DEBUG FXGLApplication      - Loading default localization
03:16:42.418 [FXGL Background Thread 1 ] DEBUG FXGLAssetLoaderServi - Loading from file system: jar:file:/C:/Users/frank/.m2/repository/com/github/almasb/fxgl/21.1/fxgl-21.1.jar!/fxglassets/languages/english.lang
03:16:42.436 [FXGL Background Thread 1 ] INFO  FXGLApplication      - FXGL initialization took: 0.381 sec
03:16:42.451 [FXGL Background Thread 4 ] DEBUG FXGLAssetLoaderServi - Loading from file system: jar:file:/C:/Users/frank/.m2/repository/com/github/almasb/fxgl/21.1/fxgl-21.1.jar!/fxglassets/ui/fonts/Abel-Regular.ttf
03:16:42.451 [JavaFX Application Thread] DEBUG Input                - Registered new binding: Right - D
03:16:42.452 [JavaFX Application Thread] DEBUG Input                - Registered new binding: Left - A
03:16:42.452 [JavaFX Application Thread] DEBUG Input                - Registered new binding: Up - W
03:16:42.452 [JavaFX Application Thread] DEBUG Input                - Registered new binding: Down - S
03:16:42.452 [JavaFX Application Thread] DEBUG Input                - Registered new binding: Interact - E
03:16:42.453 [JavaFX Application Thread] DEBUG FXGLAssetLoaderServi - Loading from file system: jar:file:/C:/Users/frank/.m2/repository/com/github/almasb/fxgl/21.1/fxgl-21.1.jar!/fxglassets/textures/fxgl_icon.png
03:16:42.453 [FXGL Background Thread 4 ] DEBUG FXGLAssetLoaderServi - Loading from file system: jar:file:/C:/Users/frank/.m2/repository/com/github/almasb/fxgl/21.1/fxgl-21.1.jar!/fxglassets/ui/fonts/TerminalLandMono-Regular.otf
03:16:42.456 [FXGL Background Thread 4 ] DEBUG FXGLAssetLoaderServi - Loading from file system: jar:file:/C:/Users/frank/.m2/repository/com/github/almasb/fxgl/21.1/fxgl-21.1.jar!/fxglassets/ui/fonts/Courier-Prime.ttf
03:16:42.472 [JavaFX Application Thread] DEBUG FXGLAssetLoaderServi - Loading from file system: jar:file:/C:/Users/frank/.m2/repository/com/github/almasb/fxgl/21.1/fxgl-21.1.jar!/fxglassets/textures/fxgl_default_cursor.png
03:16:42.475 [JavaFX Application Thread] DEBUG Input                - Registered new binding: Screenshot - CTRL+8
03:16:42.476 [JavaFX Application Thread] DEBUG Input                - Registered new binding: Dev Options - 1
03:16:42.477 [JavaFX Application Thread] DEBUG Input                - Registered new binding: Dev Console - 2
03:16:42.478 [JavaFX Application Thread] DEBUG Input                - Registered new binding: System info dump - CTRL+9
03:16:42.479 [JavaFX Application Thread] DEBUG Input                - Registered new binding: Restart - CTRL+R
03:16:42.481 [JavaFX Application Thread] DEBUG Input                - Registered new binding: Toggle Debug Camera - CTRL+7
03:16:42.492 [JavaFX Application Thread] DEBUG LoopRunner           - Starting loop
03:16:42.521 [JavaFX Application Thread] DEBUG LoopRunner           - Initializing JavaFX AnimationTimerLoop
03:16:42.524 [JavaFX Application Thread] DEBUG GameApplicationServi - Starting new game
03:16:42.524 [JavaFX Application Thread] DEBUG Input                - Clearing active input actions
03:16:42.541 [JavaFX Application Thread] DEBUG GameApplicationServi - Removing overlay from FXGLStartupScene and adding to FXGLLoadingScene
03:16:42.544 [JavaFX Application Thread] DEBUG PrimaryStageWindow   - FXGLStartupScene -> FXGLLoadingScene
03:16:42.544 [JavaFX Application Thread] DEBUG GameApplicationServi - Clearing previous game
03:16:42.544 [JavaFX Application Thread] DEBUG GameScene            - Clearing game scene
03:16:42.544 [JavaFX Application Thread] DEBUG GameWorld            - Clearing game world
03:16:42.544 [JavaFX Application Thread] DEBUG PhysicsWorld         - Clearing physics world
03:16:42.545 [JavaFX Application Thread] DEBUG FXGLApplication      - Registering font factories with UI factory
03:16:42.545 [FXGL Background Thread 4 ] DEBUG FXGLApplication      - Initializing game
03:16:42.574 [FXGL Background Thread 4 ] WARN  TMXLevelLoader       - TiledMap generated from 1.11.2. Supported version: 1.9.0. Some features may not be parsed fully.
03:16:42.604 [FXGL Background Thread 4 ] DEBUG TMXLevelLoader       - Parsed TiledMap: file:/C:/Users/frank/Desktop/ProjectFun/myproject/myproject/target/classes/assets/levels/scene1.tmx
03:16:42.606 [FXGL Background Thread 4 ] DEBUG TMXLevelLoader       - Creating tile layer entities
03:16:42.609 [FXGL Background Thread 4 ] DEBUG TilesetLoader        - Loading view for layer lowefloor
03:16:42.610 [FXGL Background Thread 4 ] DEBUG TilesetLoader        - Created buffer with size 512.0x1024.0
03:16:42.664 [FXGL Background Thread 4 ] DEBUG TilesetLoader        - Loading view for layer cliff
03:16:42.664 [FXGL Background Thread 4 ] DEBUG TilesetLoader        - Created buffer with size 512.0x1024.0
03:16:42.665 [FXGL Background Thread 4 ] DEBUG TilesetLoader        - Loading view for layer cliff1
03:16:42.667 [FXGL Background Thread 4 ] DEBUG TilesetLoader        - Created buffer with size 512.0x1024.0
03:16:42.667 [FXGL Background Thread 4 ] DEBUG TilesetLoader        - Loading view for layer cliff2
03:16:42.668 [FXGL Background Thread 4 ] DEBUG TilesetLoader        - Created buffer with size 512.0x1024.0
03:16:42.669 [FXGL Background Thread 4 ] DEBUG TilesetLoader        - Loading view for layer Tile Layer 3
03:16:42.669 [FXGL Background Thread 4 ] DEBUG TilesetLoader        - Created buffer with size 512.0x1024.0
03:16:42.669 [FXGL Background Thread 4 ] DEBUG TilesetLoader        - Loading view for layer Tile Layer 6
03:16:42.670 [FXGL Background Thread 4 ] DEBUG TilesetLoader        - Created buffer with size 512.0x1024.0
03:16:42.743 [FXGL Background Thread 4 ] DEBUG TilesetLoader        - Loading view for layer prop
03:16:42.743 [FXGL Background Thread 4 ] DEBUG TilesetLoader        - Created buffer with size 512.0x1024.0
03:16:42.743 [FXGL Background Thread 4 ] DEBUG TMXLevelLoader       - Creating object layer entities
03:16:42.795 [FXGL Background Thread 4 ] DEBUG FXGLAssetLoaderServi - Loading from file system: file:/C:/Users/frank/Desktop/ProjectFun/myproject/myproject/target/classes/assets/textures/Actor1.png
03:16:42.833 [FXGL Background Thread 4 ] DEBUG FXGLAssetLoaderServi - Loading from file system: file:/C:/Users/frank/Desktop/ProjectFun/myproject/myproject/target/classes/assets/textures/Rex.png
03:16:42.839 [FXGL Background Thread 4 ] WARN  TMXLevelLoader       - TiledMap generated from 1.11.2. Supported version: 1.9.0. Some features may not be parsed fully.
03:16:42.846 [FXGL Background Thread 4 ] DEBUG TMXLevelLoader       - Parsed TiledMap: file:/C:/Users/frank/Desktop/ProjectFun/myproject/myproject/target/classes/assets/levels/scene1.tmx
03:16:42.846 [FXGL Background Thread 4 ] DEBUG TMXLevelLoader       - Creating tile layer entities
03:16:42.847 [FXGL Background Thread 4 ] DEBUG TilesetLoader        - Loading view for layer lowefloor
03:16:42.848 [FXGL Background Thread 4 ] DEBUG TilesetLoader        - Created buffer with size 512.0x1024.0
03:16:42.870 [FXGL Background Thread 4 ] DEBUG TilesetLoader        - Loading view for layer cliff
03:16:42.871 [FXGL Background Thread 4 ] DEBUG TilesetLoader        - Created buffer with size 512.0x1024.0
03:16:42.871 [FXGL Background Thread 4 ] DEBUG TilesetLoader        - Loading view for layer cliff1
03:16:42.871 [FXGL Background Thread 4 ] DEBUG TilesetLoader        - Created buffer with size 512.0x1024.0
03:16:42.872 [FXGL Background Thread 4 ] DEBUG TilesetLoader        - Loading view for layer cliff2
03:16:42.872 [FXGL Background Thread 4 ] DEBUG TilesetLoader        - Created buffer with size 512.0x1024.0
03:16:42.873 [FXGL Background Thread 4 ] DEBUG TilesetLoader        - Loading view for layer Tile Layer 3
03:16:42.873 [FXGL Background Thread 4 ] DEBUG TilesetLoader        - Created buffer with size 512.0x1024.0
03:16:42.873 [FXGL Background Thread 4 ] DEBUG TilesetLoader        - Loading view for layer Tile Layer 6
03:16:42.873 [FXGL Background Thread 4 ] DEBUG TilesetLoader        - Created buffer with size 512.0x1024.0
03:16:42.933 [FXGL Background Thread 4 ] DEBUG TilesetLoader        - Loading view for layer prop
03:16:42.933 [FXGL Background Thread 4 ] DEBUG TilesetLoader        - Created buffer with size 512.0x1024.0
03:16:42.934 [FXGL Background Thread 4 ] DEBUG TMXLevelLoader       - Creating object layer entities
03:16:42.945 [FXGL Background Thread 4 ] DEBUG GameWorld            - Clearing removable entities
03:16:42.947 [FXGL Background Thread 4 ] DEBUG GameWorld            - Setting level: com.almasb.fxgl.entity.level.Level@5055f2a5
03:16:42.973 [FXGL Background Thread 4 ] INFO  FXGLApplication      - Game initialization took: 0.428 sec
03:16:43.004 [JavaFX Application Thread] DEBUG Input                - Clearing active input actions
03:16:43.011 [JavaFX Application Thread] DEBUG GameApplicationServi - Removing overlay from FXGLLoadingScene and adding to GameScene
03:16:43.013 [JavaFX Application Thread] DEBUG PrimaryStageWindow   - FXGLLoadingScene -> GameScene
03:16:44.386 [JavaFX Application Thread] DEBUG FXGLAssetLoaderServi - Loading from file system: file:/C:/Users/frank/Desktop/ProjectFun/myproject/myproject/target/classes/assets/text/filetext.txt
03:16:44.388 [JavaFX Application Thread] DEBUG EventBus             - Firing event: com.GameEvent.CombatScene[source=javafx.event.Event$$Lambda/0x0000026219172fa8@4bc78e19]
03:16:44.390 [JavaFX Application Thread] WARN  TMXLevelLoader       - TiledMap generated from 1.11.2. Supported version: 1.9.0. Some features may not be parsed fully.
03:16:44.394 [JavaFX Application Thread] DEBUG TMXLevelLoader       - Parsed TiledMap: file:/C:/Users/frank/Desktop/ProjectFun/myproject/myproject/target/classes/assets/levels/battle1.tmx
03:16:44.394 [JavaFX Application Thread] DEBUG TMXLevelLoader       - Creating tile layer entities
03:16:44.394 [JavaFX Application Thread] DEBUG TilesetLoader        - Loading view for layer Tile Layer 1
03:16:44.394 [JavaFX Application Thread] DEBUG TilesetLoader        - Created buffer with size 2048.0x1024.0
03:16:44.485 [JavaFX Application Thread] DEBUG TMXLevelLoader       - Creating object layer entities
03:16:44.487 [JavaFX Application Thread] DEBUG FXGLAssetLoaderServi - Loading from file system: file:/C:/Users/frank/Desktop/ProjectFun/myproject/myproject/target/classes/assets/textures/Rex.png
03:16:44.493 [JavaFX Application Thread] DEBUG FXGLAssetLoaderServi - Loading from file system: file:/C:/Users/frank/Desktop/ProjectFun/myproject/myproject/target/classes/assets/textures/Karee.png
03:16:44.496 [JavaFX Application Thread] DEBUG GameWorld            - Clearing removable entities
03:16:44.506 [JavaFX Application Thread] DEBUG GameWorld            - Setting level: com.almasb.fxgl.entity.level.Level@752f7cb2
03:16:44.509 [JavaFX Application Thread] WARN  TMXLevelLoader       - TiledMap generated from 1.11.2. Supported version: 1.9.0. Some features may not be parsed fully.
03:16:44.513 [JavaFX Application Thread] DEBUG TMXLevelLoader       - Parsed TiledMap: file:/C:/Users/frank/Desktop/ProjectFun/myproject/myproject/target/classes/assets/levels/battle1.tmx
03:16:44.514 [JavaFX Application Thread] DEBUG TMXLevelLoader       - Creating tile layer entities
03:16:44.514 [JavaFX Application Thread] DEBUG TilesetLoader        - Loading view for layer Tile Layer 1
03:16:44.514 [JavaFX Application Thread] DEBUG TilesetLoader        - Created buffer with size 2048.0x1024.0
03:16:44.605 [JavaFX Application Thread] DEBUG TMXLevelLoader       - Creating object layer entities
03:16:45.415 [FXGL Background Thread 3 ] DEBUG Engine               - Logging environment variables
03:16:45.415 [FXGL Background Thread 3 ] DEBUG Engine               - achievements: []
03:16:45.415 [FXGL Background Thread 3 ] DEBUG Engine               - actualHeight: 864.0
03:16:45.415 [FXGL Background Thread 3 ] DEBUG Engine               - actualHeightProperty: ReadOnlyDoubleProperty [value: 864.0]
03:16:45.416 [FXGL Background Thread 3 ] DEBUG Engine               - actualWidth: 1536.0
03:16:45.416 [FXGL Background Thread 3 ] DEBUG Engine               - actualWidthProperty: ReadOnlyDoubleProperty [value: 1536.0]
03:16:45.416 [FXGL Background Thread 3 ] DEBUG Engine               - appIcon: fxgl_icon.png
03:16:45.416 [FXGL Background Thread 3 ] DEBUG Engine               - applicationMode: DEVELOPER
03:16:45.416 [FXGL Background Thread 3 ] DEBUG Engine               - cSSList: [fxgl_dark.css]
03:16:45.416 [FXGL Background Thread 3 ] DEBUG Engine               - collisionDetectionStrategy: BRUTE_FORCE
03:16:45.416 [FXGL Background Thread 3 ] DEBUG Engine               - configClass: Optional.empty
03:16:45.416 [FXGL Background Thread 3 ] DEBUG Engine               - credits: []
03:16:45.416 [FXGL Background Thread 3 ] DEBUG Engine               - defaultCursor: CursorInfo(imageName=fxgl_default_cursor.png, hotspotX=7.0, hotspotY=6.0)
03:16:45.416 [FXGL Background Thread 3 ] DEBUG Engine               - devBBoxColorProperty: ObjectProperty [value: 0xff0000ff]
03:16:45.416 [FXGL Background Thread 3 ] DEBUG Engine               - devEnableDebugCameraProperty: BooleanProperty [value: false]
03:16:45.417 [FXGL Background Thread 3 ] DEBUG Engine               - devSensorColorProperty: ObjectProperty [value: 0xffff00ff]
03:16:45.417 [FXGL Background Thread 3 ] DEBUG Engine               - devShowBBoxProperty: BooleanProperty [value: false]
03:16:45.417 [FXGL Background Thread 3 ] DEBUG Engine               - devShowPositionProperty: BooleanProperty [value: false]
03:16:45.417 [FXGL Background Thread 3 ] DEBUG Engine               - enabledMenuItems: []
03:16:45.417 [FXGL Background Thread 3 ] DEBUG Engine               - engineServices: [class com.almasb.fxgl.app.services.FXGLAssetLoaderService, class com.almasb.fxgl.app.FXGLApplication$GameApplicationService, class com.almasb.fxgl.app.services.FXGLDialogService, class com.almasb.fxgl.app.services.IOTaskExecutorService, class com.almasb.fxgl.io.FileSystemService, class com.almasb.fxgl.localization.LocalizationService, class com.almasb.fxgl.app.services.SystemBundleService, class com.almasb.fxgl.profile.SaveLoadService, class com.almasb.fxgl.ui.FXGLUIFactoryServiceProvider, class com.almasb.fxgl.ui.FXGLDialogFactoryServiceProvider, class com.almasb.fxgl.audio.AudioPlayer, class com.almasb.fxgl.notification.impl.NotificationServiceProvider, class com.almasb.fxgl.achievement.AchievementService, class com.almasb.fxgl.cutscene.CutsceneService, class com.almasb.fxgl.minigames.MiniGameService, class com.almasb.fxgl.net.NetService, class com.almasb.fxgl.app.services.UpdaterService, class com.almasb.fxgl.dev.DevService]
03:16:45.417 [FXGL Background Thread 3 ] DEBUG Engine               - fontGame: Abel-Regular.ttf
03:16:45.417 [FXGL Background Thread 3 ] DEBUG Engine               - fontMono: TerminalLandMono-Regular.otf
03:16:45.417 [FXGL Background Thread 3 ] DEBUG Engine               - fontSizeScaleUI: 1.0
03:16:45.417 [FXGL Background Thread 3 ] DEBUG Engine               - fontText: Courier-Prime.ttf
03:16:45.417 [FXGL Background Thread 3 ] DEBUG Engine               - fontUI: VarelaRound-Regular.ttf
03:16:45.417 [FXGL Background Thread 3 ] DEBUG Engine               - fullScreen: BooleanProperty [value: true]
03:16:45.417 [FXGL Background Thread 3 ] DEBUG Engine               - gameDifficulty: MEDIUM
03:16:45.417 [FXGL Background Thread 3 ] DEBUG Engine               - gameDifficultyProperty: ObjectProperty [value: MEDIUM]
03:16:45.417 [FXGL Background Thread 3 ] DEBUG Engine               - globalMusicVolume: 0.5
03:16:45.417 [FXGL Background Thread 3 ] DEBUG Engine               - globalMusicVolumeProperty: DoubleProperty [value: 0.5]
03:16:45.417 [FXGL Background Thread 3 ] DEBUG Engine               - globalSoundVolume: 0.5
03:16:45.417 [FXGL Background Thread 3 ] DEBUG Engine               - globalSoundVolumeProperty: DoubleProperty [value: 0.5]
03:16:45.417 [FXGL Background Thread 3 ] DEBUG Engine               - height: 720
03:16:45.417 [FXGL Background Thread 3 ] DEBUG Engine               - is3D: false
03:16:45.417 [FXGL Background Thread 3 ] DEBUG Engine               - isAndroid: false
03:16:45.417 [FXGL Background Thread 3 ] DEBUG Engine               - isBrowser: false
03:16:45.417 [FXGL Background Thread 3 ] DEBUG Engine               - isClickFeedbackEnabled: false
03:16:45.417 [FXGL Background Thread 3 ] DEBUG Engine               - isCloseConfirmation: false
03:16:45.417 [FXGL Background Thread 3 ] DEBUG Engine               - isDesktop: true
03:16:45.418 [FXGL Background Thread 3 ] DEBUG Engine               - isDeveloperMenuEnabled: true
03:16:45.418 [FXGL Background Thread 3 ] DEBUG Engine               - isEmbedded: false
03:16:45.418 [FXGL Background Thread 3 ] DEBUG Engine               - isEntityPreloadEnabled: true
03:16:45.418 [FXGL Background Thread 3 ] DEBUG Engine               - isExperimentalTiledLargeMap: false
03:16:45.418 [FXGL Background Thread 3 ] DEBUG Engine               - isFileSystemWriteAllowed: true
03:16:45.418 [FXGL Background Thread 3 ] DEBUG Engine               - isFullScreenAllowed: true
03:16:45.418 [FXGL Background Thread 3 ] DEBUG Engine               - isFullScreenFromStart: true
03:16:45.418 [FXGL Background Thread 3 ] DEBUG Engine               - isGameMenuEnabled: true
03:16:45.418 [FXGL Background Thread 3 ] DEBUG Engine               - isIOS: false
03:16:45.418 [FXGL Background Thread 3 ] DEBUG Engine               - isIntroEnabled: false
03:16:45.418 [FXGL Background Thread 3 ] DEBUG Engine               - isLinux: false
03:16:45.418 [FXGL Background Thread 3 ] DEBUG Engine               - isMac: false
03:16:45.418 [FXGL Background Thread 3 ] DEBUG Engine               - isMainMenuEnabled: false
03:16:45.418 [FXGL Background Thread 3 ] DEBUG Engine               - isManualResizeEnabled: false
03:16:45.418 [FXGL Background Thread 3 ] DEBUG Engine               - isMobile: false
03:16:45.418 [FXGL Background Thread 3 ] DEBUG Engine               - isNative: false
03:16:45.418 [FXGL Background Thread 3 ] DEBUG Engine               - isPauseMusicWhenMinimized: true
03:16:45.418 [FXGL Background Thread 3 ] DEBUG Engine               - isPreserveResizeRatio: false
03:16:45.418 [FXGL Background Thread 3 ] DEBUG Engine               - isProfilingEnabled: false
03:16:45.418 [FXGL Background Thread 3 ] DEBUG Engine               - isScaleAffectedOnResize: true
03:16:45.418 [FXGL Background Thread 3 ] DEBUG Engine               - isSingleStep: false
03:16:45.418 [FXGL Background Thread 3 ] DEBUG Engine               - isUserProfileEnabled: false
03:16:45.418 [FXGL Background Thread 3 ] DEBUG Engine               - isWindows: true
03:16:45.418 [FXGL Background Thread 3 ] DEBUG Engine               - language: ObjectProperty [value: ENGLISH]
03:16:45.418 [FXGL Background Thread 3 ] DEBUG Engine               - menuKey: ESCAPE
03:16:45.418 [FXGL Background Thread 3 ] DEBUG Engine               - mouseSensitivity: 0.2
03:16:45.418 [FXGL Background Thread 3 ] DEBUG Engine               - notificationViewClass: class com.almasb.fxgl.notification.view.XboxNotificationView
03:16:45.418 [FXGL Background Thread 3 ] DEBUG Engine               - pixelsPerMeter: 50.0
03:16:45.418 [FXGL Background Thread 3 ] DEBUG Engine               - platform: WINDOWS
03:16:45.418 [FXGL Background Thread 3 ] DEBUG Engine               - prefHeightProperty: ReadOnlyDoubleProperty [value: 720.0]
03:16:45.418 [FXGL Background Thread 3 ] DEBUG Engine               - prefWidthProperty: ReadOnlyDoubleProperty [value: 1280.0]
03:16:45.418 [FXGL Background Thread 3 ] DEBUG Engine               - profileDir: profiles/
03:16:45.418 [FXGL Background Thread 3 ] DEBUG Engine               - profileName: StringProperty [value: DEFAULT]
03:16:45.418 [FXGL Background Thread 3 ] DEBUG Engine               - randomSeed: -1
03:16:45.419 [FXGL Background Thread 3 ] DEBUG Engine               - runtimeInfo: RuntimeInfo(platform=WINDOWS, version=21.1, build=27.03.2024 07.52)
03:16:45.419 [FXGL Background Thread 3 ] DEBUG Engine               - saveFileExt: sav
03:16:45.419 [FXGL Background Thread 3 ] DEBUG Engine               - scaledHeightProp$fxgl: DoubleProperty [bound, value: 864.0]
03:16:45.419 [FXGL Background Thread 3 ] DEBUG Engine               - scaledWidthProp$fxgl: DoubleProperty [bound, value: 1536.0]
03:16:45.419 [FXGL Background Thread 3 ] DEBUG Engine               - sceneFactory: com.almasb.fxgl.app.scene.SceneFactory@2f5485e5
03:16:45.419 [FXGL Background Thread 3 ] DEBUG Engine               - secondsIn24h: 60
03:16:45.419 [FXGL Background Thread 3 ] DEBUG Engine               - soundMenuBack: menu/back.wav
03:16:45.419 [FXGL Background Thread 3 ] DEBUG Engine               - soundMenuPress: menu/press.wav
03:16:45.419 [FXGL Background Thread 3 ] DEBUG Engine               - soundMenuSelect: menu/select.wav
03:16:45.419 [FXGL Background Thread 3 ] DEBUG Engine               - soundNotification: core/notification.wav
03:16:45.419 [FXGL Background Thread 3 ] DEBUG Engine               - stageStyle: DECORATED
03:16:45.419 [FXGL Background Thread 3 ] DEBUG Engine               - supportedLanguages: [ENGLISH, FRENCH, GERMAN, HUNGARIAN, RUSSIAN]
03:16:45.419 [FXGL Background Thread 3 ] DEBUG Engine               - ticksPerSecond: -1
03:16:45.419 [FXGL Background Thread 3 ] DEBUG Engine               - title: Final Journey
03:16:45.419 [FXGL Background Thread 3 ] DEBUG Engine               - urlGithub: https://github.com/AlmasB/FXGL
03:16:45.419 [FXGL Background Thread 3 ] DEBUG Engine               - urlLeaderboard: http://fxgl-top.herokuapp.com/
03:16:45.419 [FXGL Background Thread 3 ] DEBUG Engine               - urlPOM: https://raw.githubusercontent.com/AlmasB/FXGL/release/README.md
03:16:45.419 [FXGL Background Thread 3 ] DEBUG Engine               - userAppClass: class com.project.App
03:16:45.419 [FXGL Background Thread 3 ] DEBUG Engine               - version: Alpha
03:16:45.419 [FXGL Background Thread 3 ] DEBUG Engine               - versionCheckDays: 7
03:16:45.419 [FXGL Background Thread 3 ] DEBUG Engine               - width: 1280
03:16:45.419 [FXGL Background Thread 3 ] DEBUG Engine               - Logging services
03:16:45.419 [FXGL Background Thread 3 ] DEBUG Engine               - class com.almasb.fxgl.app.services.FXGLAssetLoaderService
03:16:45.419 [FXGL Background Thread 3 ] DEBUG Engine               - class com.almasb.fxgl.app.FXGLApplication$GameApplicationService
03:16:45.420 [FXGL Background Thread 3 ] DEBUG Engine               - class com.almasb.fxgl.app.services.FXGLDialogService
03:16:45.420 [FXGL Background Thread 3 ] DEBUG Engine               - class com.almasb.fxgl.app.services.IOTaskExecutorService
03:16:45.420 [FXGL Background Thread 3 ] DEBUG Engine               - class com.almasb.fxgl.io.FileSystemService
03:16:45.420 [FXGL Background Thread 3 ] DEBUG Engine               - class com.almasb.fxgl.localization.LocalizationService
03:16:45.420 [FXGL Background Thread 3 ] DEBUG Engine               - class com.almasb.fxgl.app.services.SystemBundleService
03:16:45.420 [FXGL Background Thread 3 ] DEBUG Engine               - class com.almasb.fxgl.profile.SaveLoadService
03:16:45.420 [FXGL Background Thread 3 ] DEBUG Engine               - class com.almasb.fxgl.ui.FXGLUIFactoryServiceProvider
03:16:45.420 [FXGL Background Thread 3 ] DEBUG Engine               - class com.almasb.fxgl.ui.FXGLDialogFactoryServiceProvider
03:16:45.420 [FXGL Background Thread 3 ] DEBUG Engine               - class com.almasb.fxgl.audio.AudioPlayer
03:16:45.420 [FXGL Background Thread 3 ] DEBUG Engine               - class com.almasb.fxgl.notification.impl.NotificationServiceProvider
03:16:45.420 [FXGL Background Thread 3 ] DEBUG Engine               - class com.almasb.fxgl.achievement.AchievementService
03:16:45.420 [FXGL Background Thread 3 ] DEBUG Engine               - class com.almasb.fxgl.cutscene.CutsceneService
03:16:45.420 [FXGL Background Thread 3 ] DEBUG Engine               - class com.almasb.fxgl.minigames.MiniGameService
03:16:45.420 [FXGL Background Thread 3 ] DEBUG Engine               - class com.almasb.fxgl.net.NetService
03:16:45.420 [FXGL Background Thread 3 ] DEBUG Engine               - class com.almasb.fxgl.app.services.UpdaterService
03:16:45.420 [FXGL Background Thread 3 ] DEBUG Engine               - class com.almasb.fxgl.dev.DevService
03:16:45.558 [JavaFX Application Thread] DEBUG EventBus             - Firing event: com.GameEvent.BackMainScene[source=javafx.event.Event$$Lambda/0x0000026219172fa8@4bc78e19]
03:16:45.560 [JavaFX Application Thread] WARN  TMXLevelLoader       - TiledMap generated from 1.11.2. Supported version: 1.9.0. Some features may not be parsed fully.
03:16:45.565 [JavaFX Application Thread] DEBUG TMXLevelLoader       - Parsed TiledMap: file:/C:/Users/frank/Desktop/ProjectFun/myproject/myproject/target/classes/assets/levels/scene1.tmx
03:16:45.565 [JavaFX Application Thread] DEBUG TMXLevelLoader       - Creating tile layer entities
03:16:45.566 [JavaFX Application Thread] DEBUG TilesetLoader        - Loading view for layer lowefloor
03:16:45.567 [JavaFX Application Thread] DEBUG TilesetLoader        - Created buffer with size 512.0x1024.0
03:16:45.589 [JavaFX Application Thread] DEBUG TilesetLoader        - Loading view for layer cliff
03:16:45.589 [JavaFX Application Thread] DEBUG TilesetLoader        - Created buffer with size 512.0x1024.0
03:16:45.590 [JavaFX Application Thread] DEBUG TilesetLoader        - Loading view for layer cliff1
03:16:45.590 [JavaFX Application Thread] DEBUG TilesetLoader        - Created buffer with size 512.0x1024.0
03:16:45.590 [JavaFX Application Thread] DEBUG TilesetLoader        - Loading view for layer cliff2
03:16:45.591 [JavaFX Application Thread] DEBUG TilesetLoader        - Created buffer with size 512.0x1024.0
03:16:45.591 [JavaFX Application Thread] DEBUG TilesetLoader        - Loading view for layer Tile Layer 3
03:16:45.592 [JavaFX Application Thread] DEBUG TilesetLoader        - Created buffer with size 512.0x1024.0
03:16:45.592 [JavaFX Application Thread] DEBUG TilesetLoader        - Loading view for layer Tile Layer 6
03:16:45.592 [JavaFX Application Thread] DEBUG TilesetLoader        - Created buffer with size 512.0x1024.0
03:16:45.631 [JavaFX Application Thread] DEBUG TilesetLoader        - Loading view for layer prop
03:16:45.632 [JavaFX Application Thread] DEBUG TilesetLoader        - Created buffer with size 512.0x1024.0
03:16:45.632 [JavaFX Application Thread] DEBUG TMXLevelLoader       - Creating object layer entities
03:16:45.639 [JavaFX Application Thread] DEBUG GameWorld            - Clearing removable entities
03:16:45.639 [JavaFX Application Thread] DEBUG GameWorld            - Setting level: com.almasb.fxgl.entity.level.Level@16a82831
03:16:45.642 [JavaFX Application Thread] WARN  TMXLevelLoader       - TiledMap generated from 1.11.2. Supported version: 1.9.0. Some features may not be parsed fully.
03:16:45.645 [JavaFX Application Thread] DEBUG TMXLevelLoader       - Parsed TiledMap: file:/C:/Users/frank/Desktop/ProjectFun/myproject/myproject/target/classes/assets/levels/scene1.tmx
03:16:45.645 [JavaFX Application Thread] DEBUG TMXLevelLoader       - Creating tile layer entities
03:16:45.645 [JavaFX Application Thread] DEBUG TilesetLoader        - Loading view for layer lowefloor
03:16:45.645 [JavaFX Application Thread] DEBUG TilesetLoader        - Created buffer with size 512.0x1024.0
03:16:45.660 [JavaFX Application Thread] DEBUG TilesetLoader        - Loading view for layer cliff
03:16:45.660 [JavaFX Application Thread] DEBUG TilesetLoader        - Created buffer with size 512.0x1024.0
03:16:45.661 [JavaFX Application Thread] DEBUG TilesetLoader        - Loading view for layer cliff1
03:16:45.661 [JavaFX Application Thread] DEBUG TilesetLoader        - Created buffer with size 512.0x1024.0
03:16:45.661 [JavaFX Application Thread] DEBUG TilesetLoader        - Loading view for layer cliff2
03:16:45.661 [JavaFX Application Thread] DEBUG TilesetLoader        - Created buffer with size 512.0x1024.0
03:16:45.662 [JavaFX Application Thread] DEBUG TilesetLoader        - Loading view for layer Tile Layer 3
03:16:45.662 [JavaFX Application Thread] DEBUG TilesetLoader        - Created buffer with size 512.0x1024.0
03:16:45.662 [JavaFX Application Thread] DEBUG TilesetLoader        - Loading view for layer Tile Layer 6
03:16:45.664 [JavaFX Application Thread] DEBUG TilesetLoader        - Created buffer with size 512.0x1024.0
03:16:45.705 [JavaFX Application Thread] DEBUG TilesetLoader        - Loading view for layer prop
03:16:45.710 [JavaFX Application Thread] DEBUG TilesetLoader        - Created buffer with size 512.0x1024.0
03:16:45.710 [JavaFX Application Thread] DEBUG TMXLevelLoader       - Creating object layer entities
03:16:45.714 [JavaFX Application Thread] DEBUG LoopRunner           - Stopping loop
03:16:45.716 [JavaFX Application Thread] FATAL FXGLApplication      - Uncaught Exception:
java.lang.NullPointerException: Cannot assign field "player" because "com.project.App.instance" is null
	at com.project.App.setPlayer(App.java:96)
	at com.GameEvent.SystemEvent.lambda$1(SystemEvent.java:67)
	at com.sun.javafx.event.CompositeEventHandler$NormalEventHandlerRecord.handleBubblingEvent(CompositeEventHandler.java:247)
	at com.sun.javafx.event.CompositeEventHandler.dispatchBubblingEvent(CompositeEventHandler.java:80)
	at com.sun.javafx.event.EventHandlerManager.dispatchBubblingEvent(EventHandlerManager.java:232)
	at com.sun.javafx.event.EventHandlerManager.dispatchBubblingEvent(EventHandlerManager.java:189)
	at com.sun.javafx.event.CompositeEventDispatcher.dispatchBubblingEvent(CompositeEventDispatcher.java:59)
	at com.sun.javafx.event.BasicEventDispatcher.dispatchEvent(BasicEventDispatcher.java:58)
	at com.sun.javafx.event.EventDispatchChainImpl.dispatchEvent(EventDispatchChainImpl.java:114)
	at com.sun.javafx.event.EventUtil.fireEventImpl(EventUtil.java:74)
	at com.sun.javafx.event.EventUtil.fireEvent(EventUtil.java:49)
	at javafx.event.Event.fireEvent(Event.java:198)
	at javafx.scene.Node.fireEvent(Node.java:8875)
	at com.almasb.fxgl.event.EventBus.fireEvent(EventBus.kt:66)
	at com.Combat.OrderCombat.flee(OrderCombat.java:76)
	at com.UI.ActionButtonUI.lambda$1(ActionButtonUI.java:44)
	at com.sun.javafx.event.CompositeEventHandler.dispatchBubblingEvent(CompositeEventHandler.java:86)
	at com.sun.javafx.event.EventHandlerManager.dispatchBubblingEvent(EventHandlerManager.java:232)
	at com.sun.javafx.event.EventHandlerManager.dispatchBubblingEvent(EventHandlerManager.java:189)
	at com.sun.javafx.event.CompositeEventDispatcher.dispatchBubblingEvent(CompositeEventDispatcher.java:59)
	at com.sun.javafx.event.BasicEventDispatcher.dispatchEvent(BasicEventDispatcher.java:58)
	at com.sun.javafx.event.EventDispatchChainImpl.dispatchEvent(EventDispatchChainImpl.java:114)
	at com.sun.javafx.event.BasicEventDispatcher.dispatchEvent(BasicEventDispatcher.java:56)
	at com.sun.javafx.event.EventDispatchChainImpl.dispatchEvent(EventDispatchChainImpl.java:114)
	at com.sun.javafx.event.BasicEventDispatcher.dispatchEvent(BasicEventDispatcher.java:56)
	at com.sun.javafx.event.EventDispatchChainImpl.dispatchEvent(EventDispatchChainImpl.java:114)
	at com.sun.javafx.event.EventUtil.fireEventImpl(EventUtil.java:74)
	at com.sun.javafx.event.EventUtil.fireEvent(EventUtil.java:49)
	at javafx.event.Event.fireEvent(Event.java:198)
	at javafx.scene.Node.fireEvent(Node.java:8875)
	at javafx.scene.control.Button.fire(Button.java:203)
	at com.sun.javafx.scene.control.behavior.ButtonBehavior.mouseReleased(ButtonBehavior.java:207)
	at com.sun.javafx.scene.control.inputmap.InputMap.handle(InputMap.java:274)
	at com.sun.javafx.event.CompositeEventHandler$NormalEventHandlerRecord.handleBubblingEvent(CompositeEventHandler.java:247)
	at com.sun.javafx.event.CompositeEventHandler.dispatchBubblingEvent(CompositeEventHandler.java:80)
	at com.sun.javafx.event.EventHandlerManager.dispatchBubblingEvent(EventHandlerManager.java:232)
	at com.sun.javafx.event.EventHandlerManager.dispatchBubblingEvent(EventHandlerManager.java:189)
	at com.sun.javafx.event.CompositeEventDispatcher.dispatchBubblingEvent(CompositeEventDispatcher.java:59)
	at com.sun.javafx.event.BasicEventDispatcher.dispatchEvent(BasicEventDispatcher.java:58)
	at com.sun.javafx.event.EventDispatchChainImpl.dispatchEvent(EventDispatchChainImpl.java:114)
	at com.sun.javafx.event.BasicEventDispatcher.dispatchEvent(BasicEventDispatcher.java:56)
	at com.sun.javafx.event.EventDispatchChainImpl.dispatchEvent(EventDispatchChainImpl.java:114)
	at com.sun.javafx.event.BasicEventDispatcher.dispatchEvent(BasicEventDispatcher.java:56)
	at com.sun.javafx.event.EventDispatchChainImpl.dispatchEvent(EventDispatchChainImpl.java:114)
	at com.sun.javafx.event.EventUtil.fireEventImpl(EventUtil.java:74)
	at com.sun.javafx.event.EventUtil.fireEvent(EventUtil.java:54)
	at javafx.event.Event.fireEvent(Event.java:198)
	at javafx.scene.Scene$MouseHandler.process(Scene.java:3984)
	at javafx.scene.Scene.processMouseEvent(Scene.java:1890)
	at javafx.scene.Scene$ScenePeerListener.mouseEvent(Scene.java:2708)
	at com.sun.javafx.tk.quantum.GlassViewEventHandler$MouseEventNotification.run(GlassViewEventHandler.java:411)
	at com.sun.javafx.tk.quantum.GlassViewEventHandler$MouseEventNotification.run(GlassViewEventHandler.java:301)
	at java.base/java.security.AccessController.doPrivileged(AccessController.java:400)
	at com.sun.javafx.tk.quantum.GlassViewEventHandler.lambda$handleMouseEvent$2(GlassViewEventHandler.java:450)
	at com.sun.javafx.tk.quantum.QuantumToolkit.runWithoutRenderLock(QuantumToolkit.java:424)
	at com.sun.javafx.tk.quantum.GlassViewEventHandler.handleMouseEvent(GlassViewEventHandler.java:449)
	at com.sun.glass.ui.View.handleMouseEvent(View.java:551)
	at com.sun.glass.ui.View.notifyMouse(View.java:937)
	at com.sun.glass.ui.win.WinApplication._runLoop(Native Method)
	at com.sun.glass.ui.win.WinApplication.lambda$runLoop$3(WinApplication.java:185)
	at java.base/java.lang.Thread.run(Thread.java:1583)

03:16:45.717 [JavaFX Application Thread] FATAL FXGLApplication      - Application will now exit
03:16:45.720 [JavaFX Application Thread] DEBUG PrimaryStageWindow   - Push state: ErrorSubScene
03:16:45.720 [JavaFX Application Thread] DEBUG Input                - Clearing active input actions
03:16:45.721 [JavaFX Application Thread] DEBUG GameApplicationServi - Removing overlay from GameScene and adding to ErrorSubScene
03:16:45.722 [JavaFX Application Thread] DEBUG PrimaryStageWindow   - GameScene -> ErrorSubScene
03:17:00.108 [JavaFX Application Thread] DEBUG FXGLApplication      - Exiting FXGL
03:17:00.108 [JavaFX Application Thread] DEBUG Async                - Shutting down background threads
03:17:00.108 [JavaFX Application Thread] DEBUG PrimaryStageWindow   - Closing main window
03:17:00.137 [JavaFX Application Thread] DEBUG Logger               - Closing Logger
