23:30:10.655 [main                     ] DEBUG Logger               - Configured Logger
23:30:10.673 [main                     ] DEBUG GameApplication      - Logging settings
Title: Final Journey
Version: Alpha
Width: 1280
Height: 720
Fullscreen: true
Intro: false
Profiling: false
Single step:false
App Mode: DEVELOPER
Menu Key: ESCAPE
Stage Style: DECORATED
Scene Factory: class com.almasb.fxgl.app.scene.SceneFactory

23:30:11.183 [JavaFX Application Thread] DEBUG FXGLApplication      - Initializing FXGL
23:30:11.186 [JavaFX Application Thread] INFO  Engine               - FXGL-21.1 (27.03.2024 07.52) on WINDOWS (J:21.0.5 FX:21.0.1)
23:30:11.187 [JavaFX Application Thread] DEBUG Engine               - JRE Vendor Name: Eclipse Adoptium
23:30:11.187 [JavaFX Application Thread] DEBUG Engine               - Running on OS: Windows 11 version 10.0
23:30:11.187 [JavaFX Application Thread] DEBUG Engine               - Architecture: amd64
23:30:11.187 [JavaFX Application Thread] INFO  Engine               - Source code and latest versions at: https://github.com/AlmasB/FXGL
23:30:11.188 [JavaFX Application Thread] INFO  Engine               -       Ask questions and discuss at: https://github.com/AlmasB/FXGL/discussions
23:30:11.188 [JavaFX Application Thread] INFO  Engine               -              Join the FXGL chat at: https://gitter.im/AlmasB/FXGL
23:30:11.312 [JavaFX Application Thread] DEBUG PrimaryStageWindow   - Creating a JavaFX scene
23:30:11.391 [JavaFX Application Thread] DEBUG PrimaryStageWindow   - Target settings size: 1280.0 x 720.0
23:30:11.391 [JavaFX Application Thread] DEBUG PrimaryStageWindow   - Scaled scene size:    1280.0 x 720.0
23:30:11.392 [JavaFX Application Thread] DEBUG PrimaryStageWindow   - Scaled ratio: (1.0, 1.0)
23:30:11.395 [JavaFX Application Thread] DEBUG PrimaryStageWindow   - Set initial scene to FXGLStartupScene
23:30:11.399 [JavaFX Application Thread] DEBUG PrimaryStageWindow   - Opening main window
23:30:11.522 [JavaFX Application Thread] DEBUG PrimaryStageWindow   - Window border size: (14.4000244140625, 37.5999755859375)
23:30:11.522 [JavaFX Application Thread] DEBUG PrimaryStageWindow   - Scaled size: 1280.0 x 720.0
23:30:11.523 [JavaFX Application Thread] DEBUG PrimaryStageWindow   - Scaled ratio: (1.0, 1.0)
23:30:11.523 [JavaFX Application Thread] DEBUG PrimaryStageWindow   - Scene size: 1280.0 x 720.0
23:30:11.523 [JavaFX Application Thread] DEBUG PrimaryStageWindow   - Stage size: 1294.4000244140625 x 757.5999755859375
23:30:11.597 [JavaFX Application Thread] DEBUG PrimaryStageWindow   - Going fullscreen
23:30:11.608 [FXGL Background Thread 1 ] DEBUG Engine               - Initializing environment variables
23:30:11.669 [FXGL Background Thread 1 ] DEBUG FXGLAssetLoaderServi - User app class for loading assets: class com.project.App
23:30:11.670 [FXGL Background Thread 1 ] DEBUG GameApplicationServi - Applying CSS: fxgl_dark.css
23:30:11.670 [FXGL Background Thread 1 ] DEBUG FXGLAssetLoaderServi - Loading from file system: jar:file:/C:/Users/Lenovo/.m2/repository/com/github/almasb/fxgl/21.1/fxgl-21.1.jar!/fxglassets/ui/css/fxgl_dark.css
23:30:11.716 [FXGL Background Thread 1 ] DEBUG GameApplicationServi - Initializing application scenes
23:30:11.767 [FXGL Background Thread 1 ] DEBUG GameWorld            - Game world initialized
23:30:11.831 [FXGL Background Thread 1 ] DEBUG PhysicsWorld         - Physics world initialized: appHeight=720, physics.ppm=50.0
23:30:11.831 [FXGL Background Thread 1 ] DEBUG PhysicsWorld         - Using strategy: BRUTE_FORCE
23:30:11.834 [FXGL Background Thread 1 ] DEBUG GameScene            - Game scene initialized: 1280x720
23:30:11.846 [FXGL Background Thread 1 ] DEBUG FXGL.DefaultMenu     - createMenuBodyGameMenu()
23:30:11.860 [FXGL Background Thread 1 ] DEBUG FXGL.DefaultMenu     - createOptionsMenu()
23:30:11.870 [FXGL Background Thread 1 ] DEBUG FXGLAssetLoaderServi - Loading from file system: jar:file:/C:/Users/Lenovo/.m2/repository/com/github/almasb/fxgl/21.1/fxgl-21.1.jar!/fxglassets/textures/particles/smoke.png
23:30:11.969 [FXGL Background Thread 1 ] DEBUG FXGLAssetLoaderServi - Loading from file system: jar:file:/C:/Users/Lenovo/.m2/repository/com/github/almasb/fxgl/21.1/fxgl-21.1.jar!/fxglassets/textures/particles/trace_horizontal.png
23:30:11.997 [FXGL Background Thread 1 ] DEBUG GameApplicationServi - Application scenes initialized
23:30:12.014 [FXGL Background Thread 1 ] DEBUG SystemBundleService  - Loading FXGL system data
23:30:12.018 [FXGL Background Thread 1 ] DEBUG FileSystemAccess     - Reading from: C:\Users\Lenovo\ProjectJava3.0\myproject\myproject\system\fxgl.bundle
23:30:12.028 [FXGL Background Thread 1 ] DEBUG SystemBundleService  - Bundle FXGL: {}
23:30:12.028 [FXGL Background Thread 1 ] DEBUG UpdaterService       - Checking for updates
23:30:12.058 [FXGL Background Thread 4 ] DEBUG FXGLApplication      - Loading fonts
23:30:12.058 [FXGL Background Thread 4 ] DEBUG FXGLAssetLoaderServi - Loading from file system: jar:file:/C:/Users/Lenovo/.m2/repository/com/github/almasb/fxgl/21.1/fxgl-21.1.jar!/fxglassets/ui/fonts/VarelaRound-Regular.ttf
23:30:12.059 [FXGL Background Thread 1 ] DEBUG FXGLApplication      - Loading default localization
23:30:12.060 [FXGL Background Thread 1 ] DEBUG FXGLAssetLoaderServi - Loading from file system: jar:file:/C:/Users/Lenovo/.m2/repository/com/github/almasb/fxgl/21.1/fxgl-21.1.jar!/fxglassets/languages/english.lang
23:30:12.097 [FXGL Background Thread 4 ] DEBUG FXGLAssetLoaderServi - Loading from file system: jar:file:/C:/Users/Lenovo/.m2/repository/com/github/almasb/fxgl/21.1/fxgl-21.1.jar!/fxglassets/ui/fonts/Abel-Regular.ttf
23:30:12.100 [FXGL Background Thread 1 ] INFO  FXGLApplication      - FXGL initialization took: 0.491 sec
23:30:12.102 [FXGL Background Thread 4 ] DEBUG FXGLAssetLoaderServi - Loading from file system: jar:file:/C:/Users/Lenovo/.m2/repository/com/github/almasb/fxgl/21.1/fxgl-21.1.jar!/fxglassets/ui/fonts/TerminalLandMono-Regular.otf
23:30:12.106 [FXGL Background Thread 4 ] DEBUG FXGLAssetLoaderServi - Loading from file system: jar:file:/C:/Users/Lenovo/.m2/repository/com/github/almasb/fxgl/21.1/fxgl-21.1.jar!/fxglassets/ui/fonts/Courier-Prime.ttf
23:30:12.109 [JavaFX Application Thread] DEBUG Input                - Registered new binding: Right - D
23:30:12.110 [JavaFX Application Thread] DEBUG Input                - Registered new binding: Left - A
23:30:12.110 [JavaFX Application Thread] DEBUG Input                - Registered new binding: Up - W
23:30:12.110 [JavaFX Application Thread] DEBUG Input                - Registered new binding: Down - S
23:30:12.110 [JavaFX Application Thread] DEBUG Input                - Registered new binding: Interact - E
23:30:12.110 [JavaFX Application Thread] DEBUG FXGLAssetLoaderServi - Loading from file system: jar:file:/C:/Users/Lenovo/.m2/repository/com/github/almasb/fxgl/21.1/fxgl-21.1.jar!/fxglassets/textures/fxgl_icon.png
23:30:12.130 [JavaFX Application Thread] DEBUG FXGLAssetLoaderServi - Loading from file system: jar:file:/C:/Users/Lenovo/.m2/repository/com/github/almasb/fxgl/21.1/fxgl-21.1.jar!/fxglassets/textures/fxgl_default_cursor.png
23:30:12.134 [JavaFX Application Thread] DEBUG Input                - Registered new binding: Screenshot - CTRL+8
23:30:12.134 [JavaFX Application Thread] DEBUG Input                - Registered new binding: Dev Options - 1
23:30:12.135 [JavaFX Application Thread] DEBUG Input                - Registered new binding: Dev Console - 2
23:30:12.136 [JavaFX Application Thread] DEBUG Input                - Registered new binding: System info dump - CTRL+9
23:30:12.137 [JavaFX Application Thread] DEBUG Input                - Registered new binding: Restart - CTRL+R
23:30:12.139 [JavaFX Application Thread] DEBUG Input                - Registered new binding: Toggle Debug Camera - CTRL+7
23:30:12.146 [JavaFX Application Thread] DEBUG LoopRunner           - Starting loop
23:30:12.168 [JavaFX Application Thread] DEBUG LoopRunner           - Initializing JavaFX AnimationTimerLoop
23:30:12.170 [JavaFX Application Thread] DEBUG GameApplicationServi - Starting new game
23:30:12.171 [JavaFX Application Thread] DEBUG Input                - Clearing active input actions
23:30:12.182 [JavaFX Application Thread] DEBUG GameApplicationServi - Removing overlay from FXGLStartupScene and adding to FXGLLoadingScene
23:30:12.186 [JavaFX Application Thread] DEBUG PrimaryStageWindow   - FXGLStartupScene -> FXGLLoadingScene
23:30:12.187 [JavaFX Application Thread] DEBUG GameApplicationServi - Clearing previous game
23:30:12.187 [JavaFX Application Thread] DEBUG GameScene            - Clearing game scene
23:30:12.187 [JavaFX Application Thread] DEBUG GameWorld            - Clearing game world
23:30:12.187 [JavaFX Application Thread] DEBUG PhysicsWorld         - Clearing physics world
23:30:12.193 [JavaFX Application Thread] DEBUG FXGLApplication      - Registering font factories with UI factory
23:30:12.193 [FXGL Background Thread 4 ] DEBUG FXGLApplication      - Initializing game
23:30:12.248 [FXGL Background Thread 4 ] WARN  TMXLevelLoader       - TiledMap generated from 1.11.2. Supported version: 1.9.0. Some features may not be parsed fully.
23:30:12.277 [FXGL Background Thread 4 ] DEBUG TMXLevelLoader       - Parsed TiledMap: file:/C:/Users/Lenovo/ProjectJava3.0/myproject/myproject/target/classes/assets/levels/scene1.tmx
23:30:12.278 [FXGL Background Thread 4 ] DEBUG TMXLevelLoader       - Creating tile layer entities
23:30:12.282 [FXGL Background Thread 4 ] DEBUG TilesetLoader        - Loading view for layer lowefloor
23:30:12.283 [FXGL Background Thread 4 ] DEBUG TilesetLoader        - Created buffer with size 512.0x1024.0
23:30:12.355 [FXGL Background Thread 4 ] DEBUG TilesetLoader        - Loading view for layer cliff
23:30:12.355 [FXGL Background Thread 4 ] DEBUG TilesetLoader        - Created buffer with size 512.0x1024.0
23:30:12.356 [FXGL Background Thread 4 ] DEBUG TilesetLoader        - Loading view for layer cliff1
23:30:12.358 [FXGL Background Thread 4 ] DEBUG TilesetLoader        - Created buffer with size 512.0x1024.0
23:30:12.359 [FXGL Background Thread 4 ] DEBUG TilesetLoader        - Loading view for layer cliff2
23:30:12.361 [FXGL Background Thread 4 ] DEBUG TilesetLoader        - Created buffer with size 512.0x1024.0
23:30:12.362 [FXGL Background Thread 4 ] DEBUG TilesetLoader        - Loading view for layer Tile Layer 3
23:30:12.362 [FXGL Background Thread 4 ] DEBUG TilesetLoader        - Created buffer with size 512.0x1024.0
23:30:12.365 [FXGL Background Thread 4 ] DEBUG TilesetLoader        - Loading view for layer Tile Layer 6
23:30:12.365 [FXGL Background Thread 4 ] DEBUG TilesetLoader        - Created buffer with size 512.0x1024.0
23:30:12.448 [FXGL Background Thread 4 ] DEBUG TilesetLoader        - Loading view for layer prop
23:30:12.448 [FXGL Background Thread 4 ] DEBUG TilesetLoader        - Created buffer with size 512.0x1024.0
23:30:12.449 [FXGL Background Thread 4 ] DEBUG TMXLevelLoader       - Creating object layer entities
23:30:12.486 [FXGL Background Thread 4 ] DEBUG FXGLAssetLoaderServi - Loading from file system: file:/C:/Users/Lenovo/ProjectJava3.0/myproject/myproject/target/classes/assets/textures/Rafflesia.png
23:30:12.501 [FXGL Background Thread 4 ] WARN  TMXLevelLoader       - TiledMap generated from 1.11.2. Supported version: 1.9.0. Some features may not be parsed fully.
23:30:12.513 [FXGL Background Thread 4 ] DEBUG TMXLevelLoader       - Parsed TiledMap: file:/C:/Users/Lenovo/ProjectJava3.0/myproject/myproject/target/classes/assets/levels/scene1.tmx
23:30:12.514 [FXGL Background Thread 4 ] DEBUG TMXLevelLoader       - Creating tile layer entities
23:30:12.514 [FXGL Background Thread 4 ] DEBUG TilesetLoader        - Loading view for layer lowefloor
23:30:12.514 [FXGL Background Thread 4 ] DEBUG TilesetLoader        - Created buffer with size 512.0x1024.0
23:30:12.543 [FXGL Background Thread 4 ] DEBUG TilesetLoader        - Loading view for layer cliff
23:30:12.544 [FXGL Background Thread 4 ] DEBUG TilesetLoader        - Created buffer with size 512.0x1024.0
23:30:12.545 [FXGL Background Thread 4 ] DEBUG TilesetLoader        - Loading view for layer cliff1
23:30:12.546 [FXGL Background Thread 4 ] DEBUG TilesetLoader        - Created buffer with size 512.0x1024.0
23:30:12.547 [FXGL Background Thread 4 ] DEBUG TilesetLoader        - Loading view for layer cliff2
23:30:12.547 [FXGL Background Thread 4 ] DEBUG TilesetLoader        - Created buffer with size 512.0x1024.0
23:30:12.549 [FXGL Background Thread 4 ] DEBUG TilesetLoader        - Loading view for layer Tile Layer 3
23:30:12.549 [FXGL Background Thread 4 ] DEBUG TilesetLoader        - Created buffer with size 512.0x1024.0
23:30:12.550 [FXGL Background Thread 4 ] DEBUG TilesetLoader        - Loading view for layer Tile Layer 6
23:30:12.550 [FXGL Background Thread 4 ] DEBUG TilesetLoader        - Created buffer with size 512.0x1024.0
23:30:12.595 [FXGL Background Thread 4 ] DEBUG TilesetLoader        - Loading view for layer prop
23:30:12.596 [FXGL Background Thread 4 ] DEBUG TilesetLoader        - Created buffer with size 512.0x1024.0
23:30:12.596 [FXGL Background Thread 4 ] DEBUG TMXLevelLoader       - Creating object layer entities
23:30:12.609 [FXGL Background Thread 4 ] DEBUG GameWorld            - Clearing removable entities
23:30:12.610 [FXGL Background Thread 4 ] DEBUG GameWorld            - Setting level: com.almasb.fxgl.entity.level.Level@6118ccca
23:30:12.627 [FXGL Background Thread 4 ] DEBUG FXGLAssetLoaderServi - Loading from file system: file:/C:/Users/Lenovo/ProjectJava3.0/myproject/myproject/target/classes/assets/textures/Actor1.png
23:30:12.639 [FXGL Background Thread 4 ] INFO  FXGLApplication      - Game initialization took: 0.446 sec
23:30:12.639 [JavaFX Application Thread] DEBUG Input                - Clearing active input actions
23:30:12.650 [JavaFX Application Thread] DEBUG GameApplicationServi - Removing overlay from FXGLLoadingScene and adding to GameScene
23:30:12.655 [JavaFX Application Thread] DEBUG PrimaryStageWindow   - FXGLLoadingScene -> GameScene
23:30:15.056 [FXGL Background Thread 3 ] DEBUG Engine               - Logging environment variables
23:30:15.057 [FXGL Background Thread 3 ] DEBUG Engine               - achievements: []
23:30:15.057 [FXGL Background Thread 3 ] DEBUG Engine               - actualHeight: 864.0
23:30:15.057 [FXGL Background Thread 3 ] DEBUG Engine               - actualHeightProperty: ReadOnlyDoubleProperty [value: 864.0]
23:30:15.057 [FXGL Background Thread 3 ] DEBUG Engine               - actualWidth: 1536.0
23:30:15.057 [FXGL Background Thread 3 ] DEBUG Engine               - actualWidthProperty: ReadOnlyDoubleProperty [value: 1536.0]
23:30:15.058 [FXGL Background Thread 3 ] DEBUG Engine               - appIcon: fxgl_icon.png
23:30:15.058 [FXGL Background Thread 3 ] DEBUG Engine               - applicationMode: DEVELOPER
23:30:15.058 [FXGL Background Thread 3 ] DEBUG Engine               - cSSList: [fxgl_dark.css]
23:30:15.058 [FXGL Background Thread 3 ] DEBUG Engine               - collisionDetectionStrategy: BRUTE_FORCE
23:30:15.058 [FXGL Background Thread 3 ] DEBUG Engine               - configClass: Optional.empty
23:30:15.059 [FXGL Background Thread 3 ] DEBUG Engine               - credits: []
23:30:15.060 [FXGL Background Thread 3 ] DEBUG Engine               - defaultCursor: CursorInfo(imageName=fxgl_default_cursor.png, hotspotX=7.0, hotspotY=6.0)
23:30:15.061 [FXGL Background Thread 3 ] DEBUG Engine               - devBBoxColorProperty: ObjectProperty [value: 0xff0000ff]
23:30:15.061 [FXGL Background Thread 3 ] DEBUG Engine               - devEnableDebugCameraProperty: BooleanProperty [value: false]
23:30:15.061 [FXGL Background Thread 3 ] DEBUG Engine               - devSensorColorProperty: ObjectProperty [value: 0xffff00ff]
23:30:15.061 [FXGL Background Thread 3 ] DEBUG Engine               - devShowBBoxProperty: BooleanProperty [value: false]
23:30:15.061 [FXGL Background Thread 3 ] DEBUG Engine               - devShowPositionProperty: BooleanProperty [value: false]
23:30:15.062 [FXGL Background Thread 3 ] DEBUG Engine               - enabledMenuItems: []
23:30:15.062 [FXGL Background Thread 3 ] DEBUG Engine               - engineServices: [class com.almasb.fxgl.app.services.FXGLAssetLoaderService, class com.almasb.fxgl.app.FXGLApplication$GameApplicationService, class com.almasb.fxgl.app.services.FXGLDialogService, class com.almasb.fxgl.app.services.IOTaskExecutorService, class com.almasb.fxgl.io.FileSystemService, class com.almasb.fxgl.localization.LocalizationService, class com.almasb.fxgl.app.services.SystemBundleService, class com.almasb.fxgl.profile.SaveLoadService, class com.almasb.fxgl.ui.FXGLUIFactoryServiceProvider, class com.almasb.fxgl.ui.FXGLDialogFactoryServiceProvider, class com.almasb.fxgl.audio.AudioPlayer, class com.almasb.fxgl.notification.impl.NotificationServiceProvider, class com.almasb.fxgl.achievement.AchievementService, class com.almasb.fxgl.cutscene.CutsceneService, class com.almasb.fxgl.minigames.MiniGameService, class com.almasb.fxgl.net.NetService, class com.almasb.fxgl.app.services.UpdaterService, class com.almasb.fxgl.dev.DevService]
23:30:15.062 [FXGL Background Thread 3 ] DEBUG Engine               - fontGame: Abel-Regular.ttf
23:30:15.062 [FXGL Background Thread 3 ] DEBUG Engine               - fontMono: TerminalLandMono-Regular.otf
23:30:15.062 [FXGL Background Thread 3 ] DEBUG Engine               - fontSizeScaleUI: 1.0
23:30:15.062 [FXGL Background Thread 3 ] DEBUG Engine               - fontText: Courier-Prime.ttf
23:30:15.063 [FXGL Background Thread 3 ] DEBUG Engine               - fontUI: VarelaRound-Regular.ttf
23:30:15.063 [FXGL Background Thread 3 ] DEBUG Engine               - fullScreen: BooleanProperty [value: true]
23:30:15.063 [FXGL Background Thread 3 ] DEBUG Engine               - gameDifficulty: MEDIUM
23:30:15.063 [FXGL Background Thread 3 ] DEBUG Engine               - gameDifficultyProperty: ObjectProperty [value: MEDIUM]
23:30:15.063 [FXGL Background Thread 3 ] DEBUG Engine               - globalMusicVolume: 0.5
23:30:15.063 [FXGL Background Thread 3 ] DEBUG Engine               - globalMusicVolumeProperty: DoubleProperty [value: 0.5]
23:30:15.064 [FXGL Background Thread 3 ] DEBUG Engine               - globalSoundVolume: 0.5
23:30:15.064 [FXGL Background Thread 3 ] DEBUG Engine               - globalSoundVolumeProperty: DoubleProperty [value: 0.5]
23:30:15.064 [FXGL Background Thread 3 ] DEBUG Engine               - height: 720
23:30:15.064 [FXGL Background Thread 3 ] DEBUG Engine               - is3D: false
23:30:15.064 [FXGL Background Thread 3 ] DEBUG Engine               - isAndroid: false
23:30:15.064 [FXGL Background Thread 3 ] DEBUG Engine               - isBrowser: false
23:30:15.064 [FXGL Background Thread 3 ] DEBUG Engine               - isClickFeedbackEnabled: false
23:30:15.064 [FXGL Background Thread 3 ] DEBUG Engine               - isCloseConfirmation: false
23:30:15.065 [FXGL Background Thread 3 ] DEBUG Engine               - isDesktop: true
23:30:15.065 [FXGL Background Thread 3 ] DEBUG Engine               - isDeveloperMenuEnabled: true
23:30:15.065 [FXGL Background Thread 3 ] DEBUG Engine               - isEmbedded: false
23:30:15.065 [FXGL Background Thread 3 ] DEBUG Engine               - isEntityPreloadEnabled: true
23:30:15.065 [FXGL Background Thread 3 ] DEBUG Engine               - isExperimentalTiledLargeMap: false
23:30:15.065 [FXGL Background Thread 3 ] DEBUG Engine               - isFileSystemWriteAllowed: true
23:30:15.065 [FXGL Background Thread 3 ] DEBUG Engine               - isFullScreenAllowed: true
23:30:15.065 [FXGL Background Thread 3 ] DEBUG Engine               - isFullScreenFromStart: true
23:30:15.066 [FXGL Background Thread 3 ] DEBUG Engine               - isGameMenuEnabled: true
23:30:15.066 [FXGL Background Thread 3 ] DEBUG Engine               - isIOS: false
23:30:15.066 [FXGL Background Thread 3 ] DEBUG Engine               - isIntroEnabled: false
23:30:15.067 [FXGL Background Thread 3 ] DEBUG Engine               - isLinux: false
23:30:15.067 [FXGL Background Thread 3 ] DEBUG Engine               - isMac: false
23:30:15.067 [FXGL Background Thread 3 ] DEBUG Engine               - isMainMenuEnabled: false
23:30:15.067 [FXGL Background Thread 3 ] DEBUG Engine               - isManualResizeEnabled: false
23:30:15.067 [FXGL Background Thread 3 ] DEBUG Engine               - isMobile: false
23:30:15.068 [FXGL Background Thread 3 ] DEBUG Engine               - isNative: false
23:30:15.068 [FXGL Background Thread 3 ] DEBUG Engine               - isPauseMusicWhenMinimized: true
23:30:15.068 [FXGL Background Thread 3 ] DEBUG Engine               - isPreserveResizeRatio: false
23:30:15.068 [FXGL Background Thread 3 ] DEBUG Engine               - isProfilingEnabled: false
23:30:15.068 [FXGL Background Thread 3 ] DEBUG Engine               - isScaleAffectedOnResize: true
23:30:15.068 [FXGL Background Thread 3 ] DEBUG Engine               - isSingleStep: false
23:30:15.069 [FXGL Background Thread 3 ] DEBUG Engine               - isUserProfileEnabled: false
23:30:15.069 [FXGL Background Thread 3 ] DEBUG Engine               - isWindows: true
23:30:15.069 [FXGL Background Thread 3 ] DEBUG Engine               - language: ObjectProperty [value: ENGLISH]
23:30:15.069 [FXGL Background Thread 3 ] DEBUG Engine               - menuKey: ESCAPE
23:30:15.069 [FXGL Background Thread 3 ] DEBUG Engine               - mouseSensitivity: 0.2
23:30:15.069 [FXGL Background Thread 3 ] DEBUG Engine               - notificationViewClass: class com.almasb.fxgl.notification.view.XboxNotificationView
23:30:15.070 [FXGL Background Thread 3 ] DEBUG Engine               - pixelsPerMeter: 50.0
23:30:15.070 [FXGL Background Thread 3 ] DEBUG Engine               - platform: WINDOWS
23:30:15.070 [FXGL Background Thread 3 ] DEBUG Engine               - prefHeightProperty: ReadOnlyDoubleProperty [value: 720.0]
23:30:15.070 [FXGL Background Thread 3 ] DEBUG Engine               - prefWidthProperty: ReadOnlyDoubleProperty [value: 1280.0]
23:30:15.071 [FXGL Background Thread 3 ] DEBUG Engine               - profileDir: profiles/
23:30:15.071 [FXGL Background Thread 3 ] DEBUG Engine               - profileName: StringProperty [value: DEFAULT]
23:30:15.072 [FXGL Background Thread 3 ] DEBUG Engine               - randomSeed: -1
23:30:15.073 [FXGL Background Thread 3 ] DEBUG Engine               - runtimeInfo: RuntimeInfo(platform=WINDOWS, version=21.1, build=27.03.2024 07.52)
23:30:15.073 [FXGL Background Thread 3 ] DEBUG Engine               - saveFileExt: sav
23:30:15.074 [FXGL Background Thread 3 ] DEBUG Engine               - scaledHeightProp$fxgl: DoubleProperty [bound, value: 864.0]
23:30:15.074 [FXGL Background Thread 3 ] DEBUG Engine               - scaledWidthProp$fxgl: DoubleProperty [bound, value: 1536.0]
23:30:15.076 [FXGL Background Thread 3 ] DEBUG Engine               - sceneFactory: com.almasb.fxgl.app.scene.SceneFactory@2fc08572
23:30:15.079 [FXGL Background Thread 3 ] DEBUG Engine               - secondsIn24h: 60
23:30:15.079 [FXGL Background Thread 3 ] DEBUG Engine               - soundMenuBack: menu/back.wav
23:30:15.079 [FXGL Background Thread 3 ] DEBUG Engine               - soundMenuPress: menu/press.wav
23:30:15.079 [FXGL Background Thread 3 ] DEBUG Engine               - soundMenuSelect: menu/select.wav
23:30:15.079 [FXGL Background Thread 3 ] DEBUG Engine               - soundNotification: core/notification.wav
23:30:15.079 [FXGL Background Thread 3 ] DEBUG Engine               - stageStyle: DECORATED
23:30:15.079 [FXGL Background Thread 3 ] DEBUG Engine               - supportedLanguages: [ENGLISH, FRENCH, GERMAN, HUNGARIAN, RUSSIAN]
23:30:15.079 [FXGL Background Thread 3 ] DEBUG Engine               - ticksPerSecond: -1
23:30:15.079 [FXGL Background Thread 3 ] DEBUG Engine               - title: Final Journey
23:30:15.079 [FXGL Background Thread 3 ] DEBUG Engine               - urlGithub: https://github.com/AlmasB/FXGL
23:30:15.079 [FXGL Background Thread 3 ] DEBUG Engine               - urlLeaderboard: http://fxgl-top.herokuapp.com/
23:30:15.079 [FXGL Background Thread 3 ] DEBUG Engine               - urlPOM: https://raw.githubusercontent.com/AlmasB/FXGL/release/README.md
23:30:15.079 [FXGL Background Thread 3 ] DEBUG Engine               - userAppClass: class com.project.App
23:30:15.079 [FXGL Background Thread 3 ] DEBUG Engine               - version: Alpha
23:30:15.079 [FXGL Background Thread 3 ] DEBUG Engine               - versionCheckDays: 7
23:30:15.079 [FXGL Background Thread 3 ] DEBUG Engine               - width: 1280
23:30:15.079 [FXGL Background Thread 3 ] DEBUG Engine               - Logging services
23:30:15.079 [FXGL Background Thread 3 ] DEBUG Engine               - class com.almasb.fxgl.app.services.FXGLAssetLoaderService
23:30:15.079 [FXGL Background Thread 3 ] DEBUG Engine               - class com.almasb.fxgl.app.FXGLApplication$GameApplicationService
23:30:15.080 [FXGL Background Thread 3 ] DEBUG Engine               - class com.almasb.fxgl.app.services.FXGLDialogService
23:30:15.080 [FXGL Background Thread 3 ] DEBUG Engine               - class com.almasb.fxgl.app.services.IOTaskExecutorService
23:30:15.080 [FXGL Background Thread 3 ] DEBUG Engine               - class com.almasb.fxgl.io.FileSystemService
23:30:15.080 [FXGL Background Thread 3 ] DEBUG Engine               - class com.almasb.fxgl.localization.LocalizationService
23:30:15.080 [FXGL Background Thread 3 ] DEBUG Engine               - class com.almasb.fxgl.app.services.SystemBundleService
23:30:15.080 [FXGL Background Thread 3 ] DEBUG Engine               - class com.almasb.fxgl.profile.SaveLoadService
23:30:15.080 [FXGL Background Thread 3 ] DEBUG Engine               - class com.almasb.fxgl.ui.FXGLUIFactoryServiceProvider
23:30:15.080 [FXGL Background Thread 3 ] DEBUG Engine               - class com.almasb.fxgl.ui.FXGLDialogFactoryServiceProvider
23:30:15.080 [FXGL Background Thread 3 ] DEBUG Engine               - class com.almasb.fxgl.audio.AudioPlayer
23:30:15.080 [FXGL Background Thread 3 ] DEBUG Engine               - class com.almasb.fxgl.notification.impl.NotificationServiceProvider
23:30:15.080 [FXGL Background Thread 3 ] DEBUG Engine               - class com.almasb.fxgl.achievement.AchievementService
23:30:15.080 [FXGL Background Thread 3 ] DEBUG Engine               - class com.almasb.fxgl.cutscene.CutsceneService
23:30:15.080 [FXGL Background Thread 3 ] DEBUG Engine               - class com.almasb.fxgl.minigames.MiniGameService
23:30:15.080 [FXGL Background Thread 3 ] DEBUG Engine               - class com.almasb.fxgl.net.NetService
23:30:15.080 [FXGL Background Thread 3 ] DEBUG Engine               - class com.almasb.fxgl.app.services.UpdaterService
23:30:15.080 [FXGL Background Thread 3 ] DEBUG Engine               - class com.almasb.fxgl.dev.DevService
23:30:15.448 [JavaFX Application Thread] DEBUG EventBus             - Firing event: com.GameEvent.NextScene[source=javafx.event.Event$$Lambda/0x000001fa81173a28@6cca2fc6]
23:30:15.450 [JavaFX Application Thread] WARN  TMXLevelLoader       - TiledMap generated from 1.11.2. Supported version: 1.9.0. Some features may not be parsed fully.
23:30:15.455 [JavaFX Application Thread] DEBUG TMXLevelLoader       - Parsed TiledMap: file:/C:/Users/Lenovo/ProjectJava3.0/myproject/myproject/target/classes/assets/levels/scene2.tmx
23:30:15.455 [JavaFX Application Thread] DEBUG TMXLevelLoader       - Creating tile layer entities
23:30:15.455 [JavaFX Application Thread] DEBUG TilesetLoader        - Loading view for layer Tile Layer 1
23:30:15.457 [JavaFX Application Thread] DEBUG TilesetLoader        - Created buffer with size 1024.0x1024.0
23:30:15.528 [JavaFX Application Thread] DEBUG TMXLevelLoader       - Creating object layer entities
23:30:15.536 [JavaFX Application Thread] DEBUG FXGLAssetLoaderServi - Loading from file system: file:/C:/Users/Lenovo/ProjectJava3.0/myproject/myproject/target/classes/assets/textures/CultistAni.png
23:30:15.539 [JavaFX Application Thread] DEBUG GameWorld            - Clearing removable entities
23:30:15.545 [JavaFX Application Thread] DEBUG GameWorld            - Setting level: com.almasb.fxgl.entity.level.Level@4504a631
23:30:15.550 [JavaFX Application Thread] WARN  TMXLevelLoader       - TiledMap generated from 1.11.2. Supported version: 1.9.0. Some features may not be parsed fully.
23:30:15.554 [JavaFX Application Thread] DEBUG TMXLevelLoader       - Parsed TiledMap: file:/C:/Users/Lenovo/ProjectJava3.0/myproject/myproject/target/classes/assets/levels/scene2.tmx
23:30:15.555 [JavaFX Application Thread] DEBUG TMXLevelLoader       - Creating tile layer entities
23:30:15.555 [JavaFX Application Thread] DEBUG TilesetLoader        - Loading view for layer Tile Layer 1
23:30:15.556 [JavaFX Application Thread] DEBUG TilesetLoader        - Created buffer with size 1024.0x1024.0
23:30:15.623 [JavaFX Application Thread] DEBUG TMXLevelLoader       - Creating object layer entities
23:30:16.360 [JavaFX Application Thread] DEBUG EventBus             - Firing event: com.GameEvent.NextScene[source=javafx.event.Event$$Lambda/0x000001fa81173a28@6cca2fc6]
23:30:16.366 [JavaFX Application Thread] WARN  TMXLevelLoader       - TiledMap generated from 1.11.2. Supported version: 1.9.0. Some features may not be parsed fully.
23:30:16.376 [JavaFX Application Thread] DEBUG TMXLevelLoader       - Parsed TiledMap: file:/C:/Users/Lenovo/ProjectJava3.0/myproject/myproject/target/classes/assets/levels/scene3.tmx
23:30:16.377 [JavaFX Application Thread] DEBUG TMXLevelLoader       - Creating tile layer entities
23:30:16.378 [JavaFX Application Thread] DEBUG TilesetLoader        - Loading view for layer Tile Layer 1
23:30:16.385 [JavaFX Application Thread] DEBUG TilesetLoader        - Created buffer with size 2048.0x1024.0
23:30:16.478 [JavaFX Application Thread] DEBUG TMXLevelLoader       - Creating object layer entities
23:30:16.482 [JavaFX Application Thread] DEBUG FXGLAssetLoaderServi - Loading from file system: file:/C:/Users/Lenovo/ProjectJava3.0/myproject/myproject/target/classes/assets/textures/DuessaAni.png
23:30:16.484 [JavaFX Application Thread] DEBUG GameWorld            - Clearing removable entities
23:30:16.487 [JavaFX Application Thread] DEBUG GameWorld            - Setting level: com.almasb.fxgl.entity.level.Level@24b6972c
23:30:16.490 [JavaFX Application Thread] WARN  TMXLevelLoader       - TiledMap generated from 1.11.2. Supported version: 1.9.0. Some features may not be parsed fully.
23:30:16.495 [JavaFX Application Thread] DEBUG TMXLevelLoader       - Parsed TiledMap: file:/C:/Users/Lenovo/ProjectJava3.0/myproject/myproject/target/classes/assets/levels/scene3.tmx
23:30:16.495 [JavaFX Application Thread] DEBUG TMXLevelLoader       - Creating tile layer entities
23:30:16.495 [JavaFX Application Thread] DEBUG TilesetLoader        - Loading view for layer Tile Layer 1
23:30:16.496 [JavaFX Application Thread] DEBUG TilesetLoader        - Created buffer with size 2048.0x1024.0
23:30:16.594 [JavaFX Application Thread] DEBUG TMXLevelLoader       - Creating object layer entities
23:30:18.727 [JavaFX Application Thread] DEBUG FXGLAssetLoaderServi - Loading from file system: file:/C:/Users/Lenovo/ProjectJava3.0/myproject/myproject/target/classes/assets/text/filetext.txt
23:30:18.728 [JavaFX Application Thread] DEBUG EventBus             - Firing event: com.GameEvent.CombatScene[source=javafx.event.Event$$Lambda/0x000001fa81173a28@6cca2fc6]
23:30:18.729 [JavaFX Application Thread] WARN  TMXLevelLoader       - TiledMap generated from 1.11.2. Supported version: 1.9.0. Some features may not be parsed fully.
23:30:18.731 [JavaFX Application Thread] DEBUG TMXLevelLoader       - Parsed TiledMap: file:/C:/Users/Lenovo/ProjectJava3.0/myproject/myproject/target/classes/assets/levels/battle3.tmx
23:30:18.731 [JavaFX Application Thread] DEBUG TMXLevelLoader       - Creating tile layer entities
23:30:18.732 [JavaFX Application Thread] DEBUG TilesetLoader        - Loading view for layer Tile Layer 1
23:30:18.733 [JavaFX Application Thread] DEBUG TilesetLoader        - Created buffer with size 1024.0x1024.0
23:30:18.830 [JavaFX Application Thread] DEBUG TMXLevelLoader       - Creating object layer entities
23:30:18.833 [JavaFX Application Thread] DEBUG FXGLAssetLoaderServi - Loading from file system: file:/C:/Users/Lenovo/ProjectJava3.0/myproject/myproject/target/classes/assets/textures/Reid.png
23:30:18.967 [JavaFX Application Thread] DEBUG FXGLAssetLoaderServi - Loading from file system: file:/C:/Users/Lenovo/ProjectJava3.0/myproject/myproject/target/classes/assets/textures/King%20Archial.png
23:30:18.980 [JavaFX Application Thread] DEBUG FXGLAssetLoaderServi - Loading from file system: file:/C:/Users/Lenovo/ProjectJava3.0/myproject/myproject/target/classes/assets/textures/marsha.png
23:30:19.133 [JavaFX Application Thread] DEBUG FXGLAssetLoaderServi - Loading from file system: file:/C:/Users/Lenovo/ProjectJava3.0/myproject/myproject/target/classes/assets/textures/Knight%20Michael.png
23:30:19.147 [JavaFX Application Thread] WARN  TMXLevelLoader       - Parse error
java.lang.IllegalArgumentException: No EntityFactory has a method annotated @Spawns(SetEnemy33)
	at com.almasb.fxgl.entity.GameWorld.create(GameWorld.kt:413)
	at com.almasb.fxgl.entity.level.tiled.TMXLevelLoader.createObjectLayerEntities(TMXLevelLoader.kt:154)
	at com.almasb.fxgl.entity.level.tiled.TMXLevelLoader.load(TMXLevelLoader.kt:60)
	at com.almasb.fxgl.app.services.FXGLAssetLoaderService.loadLevel(FXGLAssetLoaderService.kt:449)
	at com.almasb.fxgl.dsl.FXGL$Companion.setLevelFromMap(FXGL.kt:643)
	at com.almasb.fxgl.dsl.FXGL.setLevelFromMap(FXGL.kt)
	at com.GameEvent.SystemEvent.lambda$2(SystemEvent.java:105)
	at com.sun.javafx.event.CompositeEventHandler$NormalEventHandlerRecord.handleBubblingEvent(CompositeEventHandler.java:247)
	at com.sun.javafx.event.CompositeEventHandler.dispatchBubblingEvent(CompositeEventHandler.java:80)
	at com.sun.javafx.event.EventHandlerManager.dispatchBubblingEvent(EventHandlerManager.java:232)
	at com.sun.javafx.event.EventHandlerManager.dispatchBubblingEvent(EventHandlerManager.java:189)
	at com.sun.javafx.event.CompositeEventDispatcher.dispatchBubblingEvent(CompositeEventDispatcher.java:59)
	at com.sun.javafx.event.BasicEventDispatcher.dispatchEvent(BasicEventDispatcher.java:58)
	at com.sun.javafx.event.EventDispatchChainImpl.dispatchEvent(EventDispatchChainImpl.java:114)
	at com.sun.javafx.event.EventUtil.fireEventImpl(EventUtil.java:74)
	at com.sun.javafx.event.EventUtil.fireEvent(EventUtil.java:54)
	at javafx.event.Event.fireEvent(Event.java:198)
	at javafx.scene.Node.fireEvent(Node.java:8875)
	at com.almasb.fxgl.event.EventBus.fireEvent(EventBus.kt:66)
	at com.Component.CharecterHero.InteractComponent.interact(InteractComponent.java:107)
	at com.project.App$5.onAction(App.java:275)
	at com.almasb.fxgl.input.UserAction.action$fxgl_core(UserAction.kt:38)
	at com.almasb.fxgl.input.Input.update(Input.kt:278)
	at com.almasb.fxgl.scene.Scene.update(Scene.kt:103)
	at com.almasb.fxgl.app.MainWindow$update$1.invoke(MainWindow.kt:121)
	at com.almasb.fxgl.app.MainWindow$update$1.invoke(MainWindow.kt:121)
	at com.almasb.fxgl.core.fsm.StateMachine.runOnActiveStates(StateMachine.kt:69)
	at com.almasb.fxgl.app.MainWindow.update(MainWindow.kt:121)
	at com.almasb.fxgl.app.FXGLApplication$GameApplicationService.onUpdate(FXGLApplication.kt:445)
	at com.almasb.fxgl.app.Engine.loop(Engine.kt:134)
	at com.almasb.fxgl.app.Engine.access$loop(Engine.kt:24)
	at com.almasb.fxgl.app.Engine$loop$1.invoke(Engine.kt:28)
	at com.almasb.fxgl.app.Engine$loop$1.invoke(Engine.kt:28)
	at com.almasb.fxgl.app.LoopRunner.frame(LoopRunner.kt:103)
	at com.almasb.fxgl.app.LoopRunner.access$frame(LoopRunner.kt:23)
	at com.almasb.fxgl.app.LoopRunner$impl$2$1.onTick(LoopRunner.kt:57)
	at com.almasb.fxgl.app.AnimationTimerLoop$timer$1.handle(LoopRunner.kt:137)
	at javafx.animation.AnimationTimer$AnimationTimerReceiver.lambda$handle$0(AnimationTimer.java:58)
	at java.base/java.security.AccessController.doPrivileged(AccessController.java:400)
	at javafx.animation.AnimationTimer$AnimationTimerReceiver.handle(AnimationTimer.java:57)
	at com.sun.scenario.animation.AbstractPrimaryTimer.timePulseImpl(AbstractPrimaryTimer.java:356)
	at com.sun.scenario.animation.AbstractPrimaryTimer$MainLoop.run(AbstractPrimaryTimer.java:266)
	at com.sun.javafx.tk.quantum.QuantumToolkit.pulse(QuantumToolkit.java:588)
	at com.sun.javafx.tk.quantum.QuantumToolkit.pulse(QuantumToolkit.java:572)
	at com.sun.javafx.tk.quantum.QuantumToolkit.pulseFromQueue(QuantumToolkit.java:565)
	at com.sun.javafx.tk.quantum.QuantumToolkit.lambda$runToolkit$11(QuantumToolkit.java:352)
	at com.sun.glass.ui.InvokeLaterDispatcher$Future.run(InvokeLaterDispatcher.java:95)
	at com.sun.glass.ui.win.WinApplication._runLoop(Native Method)
	at com.sun.glass.ui.win.WinApplication.lambda$runLoop$3(WinApplication.java:185)
	at java.base/java.lang.Thread.run(Thread.java:1583)

23:30:19.148 [JavaFX Application Thread] DEBUG LoopRunner           - Stopping loop
23:30:19.149 [JavaFX Application Thread] FATAL FXGLApplication      - Uncaught Exception:
com.almasb.fxgl.entity.level.LevelLoadingException: No EntityFactory has a method annotated @Spawns(SetEnemy33)
	at com.almasb.fxgl.entity.level.tiled.TMXLevelLoader.load(TMXLevelLoader.kt:77)
	at com.almasb.fxgl.app.services.FXGLAssetLoaderService.loadLevel(FXGLAssetLoaderService.kt:449)
	at com.almasb.fxgl.dsl.FXGL$Companion.setLevelFromMap(FXGL.kt:643)
	at com.almasb.fxgl.dsl.FXGL.setLevelFromMap(FXGL.kt)
	at com.GameEvent.SystemEvent.lambda$2(SystemEvent.java:105)
	at com.sun.javafx.event.CompositeEventHandler$NormalEventHandlerRecord.handleBubblingEvent(CompositeEventHandler.java:247)
	at com.sun.javafx.event.CompositeEventHandler.dispatchBubblingEvent(CompositeEventHandler.java:80)
	at com.sun.javafx.event.EventHandlerManager.dispatchBubblingEvent(EventHandlerManager.java:232)
	at com.sun.javafx.event.EventHandlerManager.dispatchBubblingEvent(EventHandlerManager.java:189)
	at com.sun.javafx.event.CompositeEventDispatcher.dispatchBubblingEvent(CompositeEventDispatcher.java:59)
	at com.sun.javafx.event.BasicEventDispatcher.dispatchEvent(BasicEventDispatcher.java:58)
	at com.sun.javafx.event.EventDispatchChainImpl.dispatchEvent(EventDispatchChainImpl.java:114)
	at com.sun.javafx.event.EventUtil.fireEventImpl(EventUtil.java:74)
	at com.sun.javafx.event.EventUtil.fireEvent(EventUtil.java:54)
	at javafx.event.Event.fireEvent(Event.java:198)
	at javafx.scene.Node.fireEvent(Node.java:8875)
	at com.almasb.fxgl.event.EventBus.fireEvent(EventBus.kt:66)
	at com.Component.CharecterHero.InteractComponent.interact(InteractComponent.java:107)
	at com.project.App$5.onAction(App.java:275)
	at com.almasb.fxgl.input.UserAction.action$fxgl_core(UserAction.kt:38)
	at com.almasb.fxgl.input.Input.update(Input.kt:278)
	at com.almasb.fxgl.scene.Scene.update(Scene.kt:103)
	at com.almasb.fxgl.app.MainWindow$update$1.invoke(MainWindow.kt:121)
	at com.almasb.fxgl.app.MainWindow$update$1.invoke(MainWindow.kt:121)
	at com.almasb.fxgl.core.fsm.StateMachine.runOnActiveStates(StateMachine.kt:69)
	at com.almasb.fxgl.app.MainWindow.update(MainWindow.kt:121)
	at com.almasb.fxgl.app.FXGLApplication$GameApplicationService.onUpdate(FXGLApplication.kt:445)
	at com.almasb.fxgl.app.Engine.loop(Engine.kt:134)
	at com.almasb.fxgl.app.Engine.access$loop(Engine.kt:24)
	at com.almasb.fxgl.app.Engine$loop$1.invoke(Engine.kt:28)
	at com.almasb.fxgl.app.Engine$loop$1.invoke(Engine.kt:28)
	at com.almasb.fxgl.app.LoopRunner.frame(LoopRunner.kt:103)
	at com.almasb.fxgl.app.LoopRunner.access$frame(LoopRunner.kt:23)
	at com.almasb.fxgl.app.LoopRunner$impl$2$1.onTick(LoopRunner.kt:57)
	at com.almasb.fxgl.app.AnimationTimerLoop$timer$1.handle(LoopRunner.kt:137)
	at javafx.animation.AnimationTimer$AnimationTimerReceiver.lambda$handle$0(AnimationTimer.java:58)
	at java.base/java.security.AccessController.doPrivileged(AccessController.java:400)
	at javafx.animation.AnimationTimer$AnimationTimerReceiver.handle(AnimationTimer.java:57)
	at com.sun.scenario.animation.AbstractPrimaryTimer.timePulseImpl(AbstractPrimaryTimer.java:356)
	at com.sun.scenario.animation.AbstractPrimaryTimer$MainLoop.run(AbstractPrimaryTimer.java:266)
	at com.sun.javafx.tk.quantum.QuantumToolkit.pulse(QuantumToolkit.java:588)
	at com.sun.javafx.tk.quantum.QuantumToolkit.pulse(QuantumToolkit.java:572)
	at com.sun.javafx.tk.quantum.QuantumToolkit.pulseFromQueue(QuantumToolkit.java:565)
	at com.sun.javafx.tk.quantum.QuantumToolkit.lambda$runToolkit$11(QuantumToolkit.java:352)
	at com.sun.glass.ui.InvokeLaterDispatcher$Future.run(InvokeLaterDispatcher.java:95)
	at com.sun.glass.ui.win.WinApplication._runLoop(Native Method)
	at com.sun.glass.ui.win.WinApplication.lambda$runLoop$3(WinApplication.java:185)
	at java.base/java.lang.Thread.run(Thread.java:1583)
Caused by: java.lang.IllegalArgumentException: No EntityFactory has a method annotated @Spawns(SetEnemy33)
	at com.almasb.fxgl.entity.GameWorld.create(GameWorld.kt:413)
	at com.almasb.fxgl.entity.level.tiled.TMXLevelLoader.createObjectLayerEntities(TMXLevelLoader.kt:154)
	at com.almasb.fxgl.entity.level.tiled.TMXLevelLoader.load(TMXLevelLoader.kt:60)
	... 47 more

23:30:19.150 [JavaFX Application Thread] FATAL FXGLApplication      - Application will now exit
23:30:19.155 [JavaFX Application Thread] DEBUG PrimaryStageWindow   - Push state: ErrorSubScene
23:30:19.155 [JavaFX Application Thread] DEBUG Input                - Clearing active input actions
23:30:19.156 [JavaFX Application Thread] DEBUG GameApplicationServi - Removing overlay from GameScene and adding to ErrorSubScene
23:30:19.158 [JavaFX Application Thread] DEBUG PrimaryStageWindow   - GameScene -> ErrorSubScene
23:30:23.447 [JavaFX Application Thread] DEBUG FXGLApplication      - Exiting FXGL
23:30:23.447 [JavaFX Application Thread] DEBUG Async                - Shutting down background threads
23:30:23.447 [JavaFX Application Thread] DEBUG PrimaryStageWindow   - Closing main window
23:30:23.496 [JavaFX Application Thread] DEBUG Logger               - Closing Logger
