04:24:58.080 [main                     ] DEBUG Logger               - Configured Logger
04:24:58.099 [main                     ] DEBUG GameApplication      - Logging settings
Title: Final Journey
Version: Alpha
Width: 1280
Height: 720
Fullscreen: true
Intro: false
Profiling: false
Single step:false
App Mode: DEVELOPER
Menu Key: ESCAPE
Stage Style: DECORATED
Scene Factory: class com.almasb.fxgl.app.scene.SceneFactory

04:24:58.574 [JavaFX Application Thread] DEBUG FXGLApplication      - Initializing FXGL
04:24:58.578 [JavaFX Application Thread] INFO  Engine               - FXGL-21.1 (27.03.2024 07.52) on WINDOWS (J:21.0.5 FX:21.0.1)
04:24:58.579 [JavaFX Application Thread] DEBUG Engine               - JRE Vendor Name: Eclipse Adoptium
04:24:58.579 [JavaFX Application Thread] DEBUG Engine               - Running on OS: Windows 11 version 10.0
04:24:58.579 [JavaFX Application Thread] DEBUG Engine               - Architecture: amd64
04:24:58.579 [JavaFX Application Thread] INFO  Engine               - Source code and latest versions at: https://github.com/AlmasB/FXGL
04:24:58.580 [JavaFX Application Thread] INFO  Engine               -       Ask questions and discuss at: https://github.com/AlmasB/FXGL/discussions
04:24:58.580 [JavaFX Application Thread] INFO  Engine               -              Join the FXGL chat at: https://gitter.im/AlmasB/FXGL
04:24:58.690 [JavaFX Application Thread] DEBUG PrimaryStageWindow   - Creating a JavaFX scene
04:24:58.744 [JavaFX Application Thread] DEBUG PrimaryStageWindow   - Target settings size: 1280.0 x 720.0
04:24:58.745 [JavaFX Application Thread] DEBUG PrimaryStageWindow   - Scaled scene size:    1280.0 x 720.0
04:24:58.745 [JavaFX Application Thread] DEBUG PrimaryStageWindow   - Scaled ratio: (1.0, 1.0)
04:24:58.747 [JavaFX Application Thread] DEBUG PrimaryStageWindow   - Set initial scene to FXGLStartupScene
04:24:58.752 [JavaFX Application Thread] DEBUG PrimaryStageWindow   - Opening main window
04:24:58.857 [JavaFX Application Thread] DEBUG PrimaryStageWindow   - Window border size: (14.4000244140625, 37.5999755859375)
04:24:58.857 [JavaFX Application Thread] DEBUG PrimaryStageWindow   - Scaled size: 1280.0 x 720.0
04:24:58.858 [JavaFX Application Thread] DEBUG PrimaryStageWindow   - Scaled ratio: (1.0, 1.0)
04:24:58.858 [JavaFX Application Thread] DEBUG PrimaryStageWindow   - Scene size: 1280.0 x 720.0
04:24:58.858 [JavaFX Application Thread] DEBUG PrimaryStageWindow   - Stage size: 1294.4000244140625 x 757.5999755859375
04:24:58.930 [JavaFX Application Thread] DEBUG PrimaryStageWindow   - Going fullscreen
04:24:58.939 [FXGL Background Thread 1 ] DEBUG Engine               - Initializing environment variables
04:24:58.998 [FXGL Background Thread 1 ] DEBUG FXGLAssetLoaderServi - User app class for loading assets: class com.project.App
04:24:58.998 [FXGL Background Thread 1 ] DEBUG GameApplicationServi - Applying CSS: fxgl_dark.css
04:24:58.999 [FXGL Background Thread 1 ] DEBUG FXGLAssetLoaderServi - Loading from file system: jar:file:/C:/Users/Lenovo/.m2/repository/com/github/almasb/fxgl/21.1/fxgl-21.1.jar!/fxglassets/ui/css/fxgl_dark.css
04:24:59.039 [FXGL Background Thread 1 ] DEBUG GameApplicationServi - Initializing application scenes
04:24:59.090 [FXGL Background Thread 1 ] DEBUG GameWorld            - Game world initialized
04:24:59.147 [FXGL Background Thread 1 ] DEBUG PhysicsWorld         - Physics world initialized: appHeight=720, physics.ppm=50.0
04:24:59.148 [FXGL Background Thread 1 ] DEBUG PhysicsWorld         - Using strategy: BRUTE_FORCE
04:24:59.152 [FXGL Background Thread 1 ] DEBUG GameScene            - Game scene initialized: 1280x720
04:24:59.162 [FXGL Background Thread 1 ] DEBUG FXGL.DefaultMenu     - createMenuBodyGameMenu()
04:24:59.176 [FXGL Background Thread 1 ] DEBUG FXGL.DefaultMenu     - createOptionsMenu()
04:24:59.187 [FXGL Background Thread 1 ] DEBUG FXGLAssetLoaderServi - Loading from file system: jar:file:/C:/Users/Lenovo/.m2/repository/com/github/almasb/fxgl/21.1/fxgl-21.1.jar!/fxglassets/textures/particles/smoke.png
04:24:59.283 [FXGL Background Thread 1 ] DEBUG FXGLAssetLoaderServi - Loading from file system: jar:file:/C:/Users/Lenovo/.m2/repository/com/github/almasb/fxgl/21.1/fxgl-21.1.jar!/fxglassets/textures/particles/trace_horizontal.png
04:24:59.306 [FXGL Background Thread 1 ] DEBUG GameApplicationServi - Application scenes initialized
04:24:59.322 [FXGL Background Thread 1 ] DEBUG SystemBundleService  - Loading FXGL system data
04:24:59.327 [FXGL Background Thread 1 ] DEBUG FileSystemAccess     - Reading from: C:\Users\Lenovo\ProjectJava3.0\myproject\myproject\system\fxgl.bundle
04:24:59.335 [FXGL Background Thread 1 ] DEBUG SystemBundleService  - Bundle FXGL: {}
04:24:59.336 [FXGL Background Thread 1 ] DEBUG UpdaterService       - Checking for updates
04:24:59.367 [FXGL Background Thread 4 ] DEBUG FXGLApplication      - Loading fonts
04:24:59.367 [FXGL Background Thread 4 ] DEBUG FXGLAssetLoaderServi - Loading from file system: jar:file:/C:/Users/Lenovo/.m2/repository/com/github/almasb/fxgl/21.1/fxgl-21.1.jar!/fxglassets/ui/fonts/VarelaRound-Regular.ttf
04:24:59.368 [FXGL Background Thread 1 ] DEBUG FXGLApplication      - Loading default localization
04:24:59.369 [FXGL Background Thread 1 ] DEBUG FXGLAssetLoaderServi - Loading from file system: jar:file:/C:/Users/Lenovo/.m2/repository/com/github/almasb/fxgl/21.1/fxgl-21.1.jar!/fxglassets/languages/english.lang
04:24:59.395 [FXGL Background Thread 1 ] INFO  FXGLApplication      - FXGL initialization took: 0.456 sec
04:24:59.402 [FXGL Background Thread 4 ] DEBUG FXGLAssetLoaderServi - Loading from file system: jar:file:/C:/Users/Lenovo/.m2/repository/com/github/almasb/fxgl/21.1/fxgl-21.1.jar!/fxglassets/ui/fonts/Abel-Regular.ttf
04:24:59.406 [FXGL Background Thread 4 ] DEBUG FXGLAssetLoaderServi - Loading from file system: jar:file:/C:/Users/Lenovo/.m2/repository/com/github/almasb/fxgl/21.1/fxgl-21.1.jar!/fxglassets/ui/fonts/TerminalLandMono-Regular.otf
04:24:59.406 [JavaFX Application Thread] DEBUG Input                - Registered new binding: Right - D
04:24:59.407 [JavaFX Application Thread] DEBUG Input                - Registered new binding: Left - A
04:24:59.407 [JavaFX Application Thread] DEBUG Input                - Registered new binding: Up - W
04:24:59.407 [JavaFX Application Thread] DEBUG Input                - Registered new binding: Down - S
04:24:59.408 [JavaFX Application Thread] DEBUG Input                - Registered new binding: Interact - E
04:24:59.408 [JavaFX Application Thread] DEBUG FXGLAssetLoaderServi - Loading from file system: jar:file:/C:/Users/Lenovo/.m2/repository/com/github/almasb/fxgl/21.1/fxgl-21.1.jar!/fxglassets/textures/fxgl_icon.png
04:24:59.410 [FXGL Background Thread 4 ] DEBUG FXGLAssetLoaderServi - Loading from file system: jar:file:/C:/Users/Lenovo/.m2/repository/com/github/almasb/fxgl/21.1/fxgl-21.1.jar!/fxglassets/ui/fonts/Courier-Prime.ttf
04:24:59.425 [JavaFX Application Thread] DEBUG FXGLAssetLoaderServi - Loading from file system: jar:file:/C:/Users/Lenovo/.m2/repository/com/github/almasb/fxgl/21.1/fxgl-21.1.jar!/fxglassets/textures/fxgl_default_cursor.png
04:24:59.428 [JavaFX Application Thread] DEBUG Input                - Registered new binding: Screenshot - CTRL+8
04:24:59.429 [JavaFX Application Thread] DEBUG Input                - Registered new binding: Dev Options - 1
04:24:59.430 [JavaFX Application Thread] DEBUG Input                - Registered new binding: Dev Console - 2
04:24:59.431 [JavaFX Application Thread] DEBUG Input                - Registered new binding: System info dump - CTRL+9
04:24:59.431 [JavaFX Application Thread] DEBUG Input                - Registered new binding: Restart - CTRL+R
04:24:59.432 [JavaFX Application Thread] DEBUG Input                - Registered new binding: Toggle Debug Camera - CTRL+7
04:24:59.438 [JavaFX Application Thread] DEBUG LoopRunner           - Starting loop
04:24:59.457 [JavaFX Application Thread] DEBUG LoopRunner           - Initializing JavaFX AnimationTimerLoop
04:24:59.462 [JavaFX Application Thread] DEBUG GameApplicationServi - Starting new game
04:24:59.463 [JavaFX Application Thread] DEBUG Input                - Clearing active input actions
04:24:59.474 [JavaFX Application Thread] DEBUG GameApplicationServi - Removing overlay from FXGLStartupScene and adding to FXGLLoadingScene
04:24:59.479 [JavaFX Application Thread] DEBUG PrimaryStageWindow   - FXGLStartupScene -> FXGLLoadingScene
04:24:59.480 [JavaFX Application Thread] DEBUG GameApplicationServi - Clearing previous game
04:24:59.480 [JavaFX Application Thread] DEBUG GameScene            - Clearing game scene
04:24:59.480 [JavaFX Application Thread] DEBUG GameWorld            - Clearing game world
04:24:59.480 [JavaFX Application Thread] DEBUG PhysicsWorld         - Clearing physics world
04:24:59.482 [JavaFX Application Thread] DEBUG FXGLApplication      - Registering font factories with UI factory
04:24:59.482 [FXGL Background Thread 4 ] DEBUG FXGLApplication      - Initializing game
04:24:59.555 [FXGL Background Thread 4 ] WARN  TMXLevelLoader       - TiledMap generated from 1.11.2. Supported version: 1.9.0. Some features may not be parsed fully.
04:24:59.584 [FXGL Background Thread 4 ] DEBUG TMXLevelLoader       - Parsed TiledMap: file:/C:/Users/Lenovo/ProjectJava3.0/myproject/myproject/target/classes/assets/levels/scene1.tmx
04:24:59.585 [FXGL Background Thread 4 ] DEBUG TMXLevelLoader       - Creating tile layer entities
04:24:59.587 [FXGL Background Thread 4 ] DEBUG TilesetLoader        - Loading view for layer lowefloor
04:24:59.588 [FXGL Background Thread 4 ] DEBUG TilesetLoader        - Created buffer with size 512.0x1024.0
04:24:59.663 [FXGL Background Thread 4 ] DEBUG TilesetLoader        - Loading view for layer cliff
04:24:59.663 [FXGL Background Thread 4 ] DEBUG TilesetLoader        - Created buffer with size 512.0x1024.0
04:24:59.664 [FXGL Background Thread 4 ] DEBUG TilesetLoader        - Loading view for layer cliff1
04:24:59.666 [FXGL Background Thread 4 ] DEBUG TilesetLoader        - Created buffer with size 512.0x1024.0
04:24:59.668 [FXGL Background Thread 4 ] DEBUG TilesetLoader        - Loading view for layer cliff2
04:24:59.668 [FXGL Background Thread 4 ] DEBUG TilesetLoader        - Created buffer with size 512.0x1024.0
04:24:59.670 [FXGL Background Thread 4 ] DEBUG TilesetLoader        - Loading view for layer Tile Layer 3
04:24:59.671 [FXGL Background Thread 4 ] DEBUG TilesetLoader        - Created buffer with size 512.0x1024.0
04:24:59.672 [FXGL Background Thread 4 ] DEBUG TilesetLoader        - Loading view for layer Tile Layer 6
04:24:59.673 [FXGL Background Thread 4 ] DEBUG TilesetLoader        - Created buffer with size 512.0x1024.0
04:24:59.727 [FXGL Background Thread 4 ] DEBUG TilesetLoader        - Loading view for layer prop
04:24:59.727 [FXGL Background Thread 4 ] DEBUG TilesetLoader        - Created buffer with size 512.0x1024.0
04:24:59.728 [FXGL Background Thread 4 ] DEBUG TMXLevelLoader       - Creating object layer entities
04:24:59.773 [FXGL Background Thread 4 ] DEBUG FXGLAssetLoaderServi - Loading from file system: file:/C:/Users/Lenovo/ProjectJava3.0/myproject/myproject/target/classes/assets/textures/Rafflesia.png
04:24:59.797 [FXGL Background Thread 4 ] WARN  TMXLevelLoader       - TiledMap generated from 1.11.2. Supported version: 1.9.0. Some features may not be parsed fully.
04:24:59.812 [FXGL Background Thread 4 ] DEBUG TMXLevelLoader       - Parsed TiledMap: file:/C:/Users/Lenovo/ProjectJava3.0/myproject/myproject/target/classes/assets/levels/scene1.tmx
04:24:59.812 [FXGL Background Thread 4 ] DEBUG TMXLevelLoader       - Creating tile layer entities
04:24:59.812 [FXGL Background Thread 4 ] DEBUG TilesetLoader        - Loading view for layer lowefloor
04:24:59.813 [FXGL Background Thread 4 ] DEBUG TilesetLoader        - Created buffer with size 512.0x1024.0
04:24:59.838 [FXGL Background Thread 4 ] DEBUG TilesetLoader        - Loading view for layer cliff
04:24:59.839 [FXGL Background Thread 4 ] DEBUG TilesetLoader        - Created buffer with size 512.0x1024.0
04:24:59.840 [FXGL Background Thread 4 ] DEBUG TilesetLoader        - Loading view for layer cliff1
04:24:59.840 [FXGL Background Thread 4 ] DEBUG TilesetLoader        - Created buffer with size 512.0x1024.0
04:24:59.841 [FXGL Background Thread 4 ] DEBUG TilesetLoader        - Loading view for layer cliff2
04:24:59.841 [FXGL Background Thread 4 ] DEBUG TilesetLoader        - Created buffer with size 512.0x1024.0
04:24:59.842 [FXGL Background Thread 4 ] DEBUG TilesetLoader        - Loading view for layer Tile Layer 3
04:24:59.843 [FXGL Background Thread 4 ] DEBUG TilesetLoader        - Created buffer with size 512.0x1024.0
04:24:59.844 [FXGL Background Thread 4 ] DEBUG TilesetLoader        - Loading view for layer Tile Layer 6
04:24:59.844 [FXGL Background Thread 4 ] DEBUG TilesetLoader        - Created buffer with size 512.0x1024.0
04:24:59.892 [FXGL Background Thread 4 ] DEBUG TilesetLoader        - Loading view for layer prop
04:24:59.893 [FXGL Background Thread 4 ] DEBUG TilesetLoader        - Created buffer with size 512.0x1024.0
04:24:59.894 [FXGL Background Thread 4 ] DEBUG TMXLevelLoader       - Creating object layer entities
04:24:59.903 [FXGL Background Thread 4 ] DEBUG GameWorld            - Clearing removable entities
04:24:59.904 [FXGL Background Thread 4 ] DEBUG GameWorld            - Setting level: com.almasb.fxgl.entity.level.Level@3a098ba4
04:24:59.923 [FXGL Background Thread 4 ] DEBUG FXGLAssetLoaderServi - Loading from file system: file:/C:/Users/Lenovo/ProjectJava3.0/myproject/myproject/target/classes/assets/textures/Actor1.png
04:24:59.932 [FXGL Background Thread 4 ] INFO  FXGLApplication      - Game initialization took: 0.450 sec
04:24:59.935 [JavaFX Application Thread] DEBUG Input                - Clearing active input actions
04:24:59.944 [JavaFX Application Thread] DEBUG GameApplicationServi - Removing overlay from FXGLLoadingScene and adding to GameScene
04:24:59.950 [JavaFX Application Thread] DEBUG PrimaryStageWindow   - FXGLLoadingScene -> GameScene
04:25:02.020 [JavaFX Application Thread] DEBUG FXGLAssetLoaderServi - Loading from file system: file:/C:/Users/Lenovo/ProjectJava3.0/myproject/myproject/target/classes/assets/text/filetext.txt
04:25:02.022 [JavaFX Application Thread] DEBUG EventBus             - Firing event: com.GameEvent.CombatScene[source=javafx.event.Event$$Lambda/0x00000181161739e0@6f96ab90]
04:25:02.024 [JavaFX Application Thread] WARN  TMXLevelLoader       - TiledMap generated from 1.11.2. Supported version: 1.9.0. Some features may not be parsed fully.
04:25:02.030 [JavaFX Application Thread] DEBUG TMXLevelLoader       - Parsed TiledMap: file:/C:/Users/Lenovo/ProjectJava3.0/myproject/myproject/target/classes/assets/levels/battle1.tmx
04:25:02.030 [JavaFX Application Thread] DEBUG TMXLevelLoader       - Creating tile layer entities
04:25:02.030 [JavaFX Application Thread] DEBUG TilesetLoader        - Loading view for layer Tile Layer 1
04:25:02.033 [JavaFX Application Thread] DEBUG TilesetLoader        - Created buffer with size 2048.0x1024.0
04:25:02.132 [JavaFX Application Thread] DEBUG TMXLevelLoader       - Creating object layer entities
04:25:02.133 [JavaFX Application Thread] DEBUG FXGLAssetLoaderServi - Loading from file system: file:/C:/Users/Lenovo/ProjectJava3.0/myproject/myproject/target/classes/assets/textures/Boss%20Dryad%20Queen%20Rafflesia.png
04:25:02.155 [JavaFX Application Thread] DEBUG FXGLAssetLoaderServi - Loading from file system: file:/C:/Users/Lenovo/ProjectJava3.0/myproject/myproject/target/classes/assets/textures/Reid.png
04:25:02.299 [JavaFX Application Thread] DEBUG FXGLAssetLoaderServi - Loading from file system: file:/C:/Users/Lenovo/ProjectJava3.0/myproject/myproject/target/classes/assets/textures/marsha.png
04:25:02.365 [FXGL Background Thread 3 ] DEBUG Engine               - Logging environment variables
04:25:02.366 [FXGL Background Thread 3 ] DEBUG Engine               - achievements: []
04:25:02.366 [FXGL Background Thread 3 ] DEBUG Engine               - actualHeight: 864.0
04:25:02.366 [FXGL Background Thread 3 ] DEBUG Engine               - actualHeightProperty: ReadOnlyDoubleProperty [value: 864.0]
04:25:02.366 [FXGL Background Thread 3 ] DEBUG Engine               - actualWidth: 1536.0
04:25:02.366 [FXGL Background Thread 3 ] DEBUG Engine               - actualWidthProperty: ReadOnlyDoubleProperty [value: 1536.0]
04:25:02.366 [FXGL Background Thread 3 ] DEBUG Engine               - appIcon: fxgl_icon.png
04:25:02.366 [FXGL Background Thread 3 ] DEBUG Engine               - applicationMode: DEVELOPER
04:25:02.366 [FXGL Background Thread 3 ] DEBUG Engine               - cSSList: [fxgl_dark.css]
04:25:02.366 [FXGL Background Thread 3 ] DEBUG Engine               - collisionDetectionStrategy: BRUTE_FORCE
04:25:02.366 [FXGL Background Thread 3 ] DEBUG Engine               - configClass: Optional.empty
04:25:02.366 [FXGL Background Thread 3 ] DEBUG Engine               - credits: []
04:25:02.366 [FXGL Background Thread 3 ] DEBUG Engine               - defaultCursor: CursorInfo(imageName=fxgl_default_cursor.png, hotspotX=7.0, hotspotY=6.0)
04:25:02.367 [FXGL Background Thread 3 ] DEBUG Engine               - devBBoxColorProperty: ObjectProperty [value: 0xff0000ff]
04:25:02.367 [FXGL Background Thread 3 ] DEBUG Engine               - devEnableDebugCameraProperty: BooleanProperty [value: false]
04:25:02.367 [FXGL Background Thread 3 ] DEBUG Engine               - devSensorColorProperty: ObjectProperty [value: 0xffff00ff]
04:25:02.367 [FXGL Background Thread 3 ] DEBUG Engine               - devShowBBoxProperty: BooleanProperty [value: false]
04:25:02.367 [FXGL Background Thread 3 ] DEBUG Engine               - devShowPositionProperty: BooleanProperty [value: false]
04:25:02.367 [FXGL Background Thread 3 ] DEBUG Engine               - enabledMenuItems: []
04:25:02.367 [FXGL Background Thread 3 ] DEBUG Engine               - engineServices: [class com.almasb.fxgl.app.services.FXGLAssetLoaderService, class com.almasb.fxgl.app.FXGLApplication$GameApplicationService, class com.almasb.fxgl.app.services.FXGLDialogService, class com.almasb.fxgl.app.services.IOTaskExecutorService, class com.almasb.fxgl.io.FileSystemService, class com.almasb.fxgl.localization.LocalizationService, class com.almasb.fxgl.app.services.SystemBundleService, class com.almasb.fxgl.profile.SaveLoadService, class com.almasb.fxgl.ui.FXGLUIFactoryServiceProvider, class com.almasb.fxgl.ui.FXGLDialogFactoryServiceProvider, class com.almasb.fxgl.audio.AudioPlayer, class com.almasb.fxgl.notification.impl.NotificationServiceProvider, class com.almasb.fxgl.achievement.AchievementService, class com.almasb.fxgl.cutscene.CutsceneService, class com.almasb.fxgl.minigames.MiniGameService, class com.almasb.fxgl.net.NetService, class com.almasb.fxgl.app.services.UpdaterService, class com.almasb.fxgl.dev.DevService]
04:25:02.367 [FXGL Background Thread 3 ] DEBUG Engine               - fontGame: Abel-Regular.ttf
04:25:02.367 [FXGL Background Thread 3 ] DEBUG Engine               - fontMono: TerminalLandMono-Regular.otf
04:25:02.367 [FXGL Background Thread 3 ] DEBUG Engine               - fontSizeScaleUI: 1.0
04:25:02.367 [FXGL Background Thread 3 ] DEBUG Engine               - fontText: Courier-Prime.ttf
04:25:02.367 [FXGL Background Thread 3 ] DEBUG Engine               - fontUI: VarelaRound-Regular.ttf
04:25:02.367 [FXGL Background Thread 3 ] DEBUG Engine               - fullScreen: BooleanProperty [value: true]
04:25:02.367 [FXGL Background Thread 3 ] DEBUG Engine               - gameDifficulty: MEDIUM
04:25:02.367 [FXGL Background Thread 3 ] DEBUG Engine               - gameDifficultyProperty: ObjectProperty [value: MEDIUM]
04:25:02.367 [FXGL Background Thread 3 ] DEBUG Engine               - globalMusicVolume: 0.5
04:25:02.367 [FXGL Background Thread 3 ] DEBUG Engine               - globalMusicVolumeProperty: DoubleProperty [value: 0.5]
04:25:02.367 [FXGL Background Thread 3 ] DEBUG Engine               - globalSoundVolume: 0.5
04:25:02.367 [FXGL Background Thread 3 ] DEBUG Engine               - globalSoundVolumeProperty: DoubleProperty [value: 0.5]
04:25:02.367 [FXGL Background Thread 3 ] DEBUG Engine               - height: 720
04:25:02.367 [FXGL Background Thread 3 ] DEBUG Engine               - is3D: false
04:25:02.367 [FXGL Background Thread 3 ] DEBUG Engine               - isAndroid: false
04:25:02.367 [FXGL Background Thread 3 ] DEBUG Engine               - isBrowser: false
04:25:02.367 [FXGL Background Thread 3 ] DEBUG Engine               - isClickFeedbackEnabled: false
04:25:02.367 [FXGL Background Thread 3 ] DEBUG Engine               - isCloseConfirmation: false
04:25:02.367 [FXGL Background Thread 3 ] DEBUG Engine               - isDesktop: true
04:25:02.367 [FXGL Background Thread 3 ] DEBUG Engine               - isDeveloperMenuEnabled: true
04:25:02.367 [FXGL Background Thread 3 ] DEBUG Engine               - isEmbedded: false
04:25:02.367 [FXGL Background Thread 3 ] DEBUG Engine               - isEntityPreloadEnabled: true
04:25:02.367 [FXGL Background Thread 3 ] DEBUG Engine               - isExperimentalTiledLargeMap: false
04:25:02.368 [FXGL Background Thread 3 ] DEBUG Engine               - isFileSystemWriteAllowed: true
04:25:02.368 [FXGL Background Thread 3 ] DEBUG Engine               - isFullScreenAllowed: true
04:25:02.368 [FXGL Background Thread 3 ] DEBUG Engine               - isFullScreenFromStart: true
04:25:02.368 [FXGL Background Thread 3 ] DEBUG Engine               - isGameMenuEnabled: true
04:25:02.368 [FXGL Background Thread 3 ] DEBUG Engine               - isIOS: false
04:25:02.368 [FXGL Background Thread 3 ] DEBUG Engine               - isIntroEnabled: false
04:25:02.368 [FXGL Background Thread 3 ] DEBUG Engine               - isLinux: false
04:25:02.368 [FXGL Background Thread 3 ] DEBUG Engine               - isMac: false
04:25:02.368 [FXGL Background Thread 3 ] DEBUG Engine               - isMainMenuEnabled: false
04:25:02.368 [FXGL Background Thread 3 ] DEBUG Engine               - isManualResizeEnabled: false
04:25:02.368 [FXGL Background Thread 3 ] DEBUG Engine               - isMobile: false
04:25:02.368 [FXGL Background Thread 3 ] DEBUG Engine               - isNative: false
04:25:02.368 [FXGL Background Thread 3 ] DEBUG Engine               - isPauseMusicWhenMinimized: true
04:25:02.368 [FXGL Background Thread 3 ] DEBUG Engine               - isPreserveResizeRatio: false
04:25:02.368 [FXGL Background Thread 3 ] DEBUG Engine               - isProfilingEnabled: false
04:25:02.368 [FXGL Background Thread 3 ] DEBUG Engine               - isScaleAffectedOnResize: true
04:25:02.368 [FXGL Background Thread 3 ] DEBUG Engine               - isSingleStep: false
04:25:02.368 [FXGL Background Thread 3 ] DEBUG Engine               - isUserProfileEnabled: false
04:25:02.368 [FXGL Background Thread 3 ] DEBUG Engine               - isWindows: true
04:25:02.368 [FXGL Background Thread 3 ] DEBUG Engine               - language: ObjectProperty [value: ENGLISH]
04:25:02.368 [FXGL Background Thread 3 ] DEBUG Engine               - menuKey: ESCAPE
04:25:02.369 [FXGL Background Thread 3 ] DEBUG Engine               - mouseSensitivity: 0.2
04:25:02.369 [FXGL Background Thread 3 ] DEBUG Engine               - notificationViewClass: class com.almasb.fxgl.notification.view.XboxNotificationView
04:25:02.369 [FXGL Background Thread 3 ] DEBUG Engine               - pixelsPerMeter: 50.0
04:25:02.369 [FXGL Background Thread 3 ] DEBUG Engine               - platform: WINDOWS
04:25:02.369 [FXGL Background Thread 3 ] DEBUG Engine               - prefHeightProperty: ReadOnlyDoubleProperty [value: 720.0]
04:25:02.369 [FXGL Background Thread 3 ] DEBUG Engine               - prefWidthProperty: ReadOnlyDoubleProperty [value: 1280.0]
04:25:02.369 [FXGL Background Thread 3 ] DEBUG Engine               - profileDir: profiles/
04:25:02.369 [FXGL Background Thread 3 ] DEBUG Engine               - profileName: StringProperty [value: DEFAULT]
04:25:02.369 [FXGL Background Thread 3 ] DEBUG Engine               - randomSeed: -1
04:25:02.369 [FXGL Background Thread 3 ] DEBUG Engine               - runtimeInfo: RuntimeInfo(platform=WINDOWS, version=21.1, build=27.03.2024 07.52)
04:25:02.369 [FXGL Background Thread 3 ] DEBUG Engine               - saveFileExt: sav
04:25:02.369 [FXGL Background Thread 3 ] DEBUG Engine               - scaledHeightProp$fxgl: DoubleProperty [bound, value: 864.0]
04:25:02.369 [FXGL Background Thread 3 ] DEBUG Engine               - scaledWidthProp$fxgl: DoubleProperty [bound, value: 1536.0]
04:25:02.369 [FXGL Background Thread 3 ] DEBUG Engine               - sceneFactory: com.almasb.fxgl.app.scene.SceneFactory@3eb267c6
04:25:02.369 [FXGL Background Thread 3 ] DEBUG Engine               - secondsIn24h: 60
04:25:02.369 [FXGL Background Thread 3 ] DEBUG Engine               - soundMenuBack: menu/back.wav
04:25:02.369 [FXGL Background Thread 3 ] DEBUG Engine               - soundMenuPress: menu/press.wav
04:25:02.369 [FXGL Background Thread 3 ] DEBUG Engine               - soundMenuSelect: menu/select.wav
04:25:02.369 [FXGL Background Thread 3 ] DEBUG Engine               - soundNotification: core/notification.wav
04:25:02.369 [FXGL Background Thread 3 ] DEBUG Engine               - stageStyle: DECORATED
04:25:02.369 [FXGL Background Thread 3 ] DEBUG Engine               - supportedLanguages: [ENGLISH, FRENCH, GERMAN, HUNGARIAN, RUSSIAN]
04:25:02.369 [FXGL Background Thread 3 ] DEBUG Engine               - ticksPerSecond: -1
04:25:02.369 [FXGL Background Thread 3 ] DEBUG Engine               - title: Final Journey
04:25:02.369 [FXGL Background Thread 3 ] DEBUG Engine               - urlGithub: https://github.com/AlmasB/FXGL
04:25:02.369 [FXGL Background Thread 3 ] DEBUG Engine               - urlLeaderboard: http://fxgl-top.herokuapp.com/
04:25:02.370 [FXGL Background Thread 3 ] DEBUG Engine               - urlPOM: https://raw.githubusercontent.com/AlmasB/FXGL/release/README.md
04:25:02.370 [FXGL Background Thread 3 ] DEBUG Engine               - userAppClass: class com.project.App
04:25:02.370 [FXGL Background Thread 3 ] DEBUG Engine               - version: Alpha
04:25:02.370 [FXGL Background Thread 3 ] DEBUG Engine               - versionCheckDays: 7
04:25:02.370 [FXGL Background Thread 3 ] DEBUG Engine               - width: 1280
04:25:02.370 [FXGL Background Thread 3 ] DEBUG Engine               - Logging services
04:25:02.370 [FXGL Background Thread 3 ] DEBUG Engine               - class com.almasb.fxgl.app.services.FXGLAssetLoaderService
04:25:02.370 [FXGL Background Thread 3 ] DEBUG Engine               - class com.almasb.fxgl.app.FXGLApplication$GameApplicationService
04:25:02.370 [FXGL Background Thread 3 ] DEBUG Engine               - class com.almasb.fxgl.app.services.FXGLDialogService
04:25:02.370 [FXGL Background Thread 3 ] DEBUG Engine               - class com.almasb.fxgl.app.services.IOTaskExecutorService
04:25:02.370 [FXGL Background Thread 3 ] DEBUG Engine               - class com.almasb.fxgl.io.FileSystemService
04:25:02.370 [FXGL Background Thread 3 ] DEBUG Engine               - class com.almasb.fxgl.localization.LocalizationService
04:25:02.370 [FXGL Background Thread 3 ] DEBUG Engine               - class com.almasb.fxgl.app.services.SystemBundleService
04:25:02.370 [FXGL Background Thread 3 ] DEBUG Engine               - class com.almasb.fxgl.profile.SaveLoadService
04:25:02.370 [FXGL Background Thread 3 ] DEBUG Engine               - class com.almasb.fxgl.ui.FXGLUIFactoryServiceProvider
04:25:02.370 [FXGL Background Thread 3 ] DEBUG Engine               - class com.almasb.fxgl.ui.FXGLDialogFactoryServiceProvider
04:25:02.370 [FXGL Background Thread 3 ] DEBUG Engine               - class com.almasb.fxgl.audio.AudioPlayer
04:25:02.370 [FXGL Background Thread 3 ] DEBUG Engine               - class com.almasb.fxgl.notification.impl.NotificationServiceProvider
04:25:02.370 [FXGL Background Thread 3 ] DEBUG Engine               - class com.almasb.fxgl.achievement.AchievementService
04:25:02.370 [FXGL Background Thread 3 ] DEBUG Engine               - class com.almasb.fxgl.cutscene.CutsceneService
04:25:02.370 [FXGL Background Thread 3 ] DEBUG Engine               - class com.almasb.fxgl.minigames.MiniGameService
04:25:02.370 [FXGL Background Thread 3 ] DEBUG Engine               - class com.almasb.fxgl.net.NetService
04:25:02.370 [FXGL Background Thread 3 ] DEBUG Engine               - class com.almasb.fxgl.app.services.UpdaterService
04:25:02.370 [FXGL Background Thread 3 ] DEBUG Engine               - class com.almasb.fxgl.dev.DevService
04:25:02.457 [JavaFX Application Thread] DEBUG GameWorld            - Clearing removable entities
04:25:02.464 [JavaFX Application Thread] DEBUG GameWorld            - Setting level: com.almasb.fxgl.entity.level.Level@48d81370
04:25:02.467 [JavaFX Application Thread] WARN  TMXLevelLoader       - TiledMap generated from 1.11.2. Supported version: 1.9.0. Some features may not be parsed fully.
04:25:02.472 [JavaFX Application Thread] DEBUG TMXLevelLoader       - Parsed TiledMap: file:/C:/Users/Lenovo/ProjectJava3.0/myproject/myproject/target/classes/assets/levels/battle1.tmx
04:25:02.472 [JavaFX Application Thread] DEBUG TMXLevelLoader       - Creating tile layer entities
04:25:02.473 [JavaFX Application Thread] DEBUG TilesetLoader        - Loading view for layer Tile Layer 1
04:25:02.474 [JavaFX Application Thread] DEBUG TilesetLoader        - Created buffer with size 2048.0x1024.0
04:25:02.567 [JavaFX Application Thread] DEBUG TMXLevelLoader       - Creating object layer entities
04:25:38.857 [JavaFX Application Thread] DEBUG FXGLApplication      - Exiting FXGL
04:25:38.858 [JavaFX Application Thread] DEBUG LoopRunner           - Stopping loop
04:25:38.858 [JavaFX Application Thread] DEBUG SystemBundleService  - Saving FXGL system data
04:25:38.861 [JavaFX Application Thread] DEBUG FileSystemAccess     - Writing to: C:\Users\Lenovo\ProjectJava3.0\myproject\myproject\system\fxgl.bundle
04:25:38.864 [JavaFX Application Thread] DEBUG Async                - Shutting down background threads
04:25:38.864 [JavaFX Application Thread] DEBUG PrimaryStageWindow   - Closing main window
04:25:38.898 [JavaFX Application Thread] DEBUG Logger               - Closing Logger
