04:19:08.895 [main                     ] DEBUG Logger               - Configured Logger
04:19:08.917 [main                     ] DEBUG GameApplication      - Logging settings
Title: Final Journey
Version: Alpha
Width: 1280
Height: 720
Fullscreen: true
Intro: false
Profiling: false
Single step:false
App Mode: DEVELOPER
Menu Key: ESCAPE
Stage Style: DECORATED
Scene Factory: class com.almasb.fxgl.app.scene.SceneFactory

04:19:09.348 [JavaFX Application Thread] DEBUG FXGLApplication      - Initializing FXGL
04:19:09.352 [JavaFX Application Thread] INFO  Engine               - FXGL-21.1 (27.03.2024 07.52) on WINDOWS (J:21.0.5 FX:21.0.1)
04:19:09.352 [JavaFX Application Thread] DEBUG Engine               - JRE Vendor Name: Eclipse Adoptium
04:19:09.352 [JavaFX Application Thread] DEBUG Engine               - Running on OS: Windows 11 version 10.0
04:19:09.353 [JavaFX Application Thread] DEBUG Engine               - Architecture: amd64
04:19:09.353 [JavaFX Application Thread] INFO  Engine               - Source code and latest versions at: https://github.com/AlmasB/FXGL
04:19:09.353 [JavaFX Application Thread] INFO  Engine               -       Ask questions and discuss at: https://github.com/AlmasB/FXGL/discussions
04:19:09.353 [JavaFX Application Thread] INFO  Engine               -              Join the FXGL chat at: https://gitter.im/AlmasB/FXGL
04:19:09.450 [JavaFX Application Thread] DEBUG PrimaryStageWindow   - Creating a JavaFX scene
04:19:09.508 [JavaFX Application Thread] DEBUG PrimaryStageWindow   - Target settings size: 1280.0 x 720.0
04:19:09.508 [JavaFX Application Thread] DEBUG PrimaryStageWindow   - Scaled scene size:    1280.0 x 720.0
04:19:09.509 [JavaFX Application Thread] DEBUG PrimaryStageWindow   - Scaled ratio: (1.0, 1.0)
04:19:09.510 [JavaFX Application Thread] DEBUG PrimaryStageWindow   - Set initial scene to FXGLStartupScene
04:19:09.520 [JavaFX Application Thread] DEBUG PrimaryStageWindow   - Opening main window
04:19:09.635 [JavaFX Application Thread] DEBUG PrimaryStageWindow   - Window border size: (14.4000244140625, 37.5999755859375)
04:19:09.635 [JavaFX Application Thread] DEBUG PrimaryStageWindow   - Scaled size: 1280.0 x 720.0
04:19:09.637 [JavaFX Application Thread] DEBUG PrimaryStageWindow   - Scaled ratio: (1.0, 1.0)
04:19:09.637 [JavaFX Application Thread] DEBUG PrimaryStageWindow   - Scene size: 1280.0 x 720.0
04:19:09.637 [JavaFX Application Thread] DEBUG PrimaryStageWindow   - Stage size: 1294.4000244140625 x 757.5999755859375
04:19:09.708 [JavaFX Application Thread] DEBUG PrimaryStageWindow   - Going fullscreen
04:19:09.717 [FXGL Background Thread 1 ] DEBUG Engine               - Initializing environment variables
04:19:09.777 [FXGL Background Thread 1 ] DEBUG FXGLAssetLoaderServi - User app class for loading assets: class com.project.App
04:19:09.777 [FXGL Background Thread 1 ] DEBUG GameApplicationServi - Applying CSS: fxgl_dark.css
04:19:09.778 [FXGL Background Thread 1 ] DEBUG FXGLAssetLoaderServi - Loading from file system: jar:file:/C:/Users/Lenovo/.m2/repository/com/github/almasb/fxgl/21.1/fxgl-21.1.jar!/fxglassets/ui/css/fxgl_dark.css
04:19:09.815 [FXGL Background Thread 1 ] DEBUG GameApplicationServi - Initializing application scenes
04:19:09.863 [FXGL Background Thread 1 ] DEBUG GameWorld            - Game world initialized
04:19:09.915 [FXGL Background Thread 1 ] DEBUG PhysicsWorld         - Physics world initialized: appHeight=720, physics.ppm=50.0
04:19:09.915 [FXGL Background Thread 1 ] DEBUG PhysicsWorld         - Using strategy: BRUTE_FORCE
04:19:09.918 [FXGL Background Thread 1 ] DEBUG GameScene            - Game scene initialized: 1280x720
04:19:09.928 [FXGL Background Thread 1 ] DEBUG FXGL.DefaultMenu     - createMenuBodyGameMenu()
04:19:09.942 [FXGL Background Thread 1 ] DEBUG FXGL.DefaultMenu     - createOptionsMenu()
04:19:09.952 [FXGL Background Thread 1 ] DEBUG FXGLAssetLoaderServi - Loading from file system: jar:file:/C:/Users/Lenovo/.m2/repository/com/github/almasb/fxgl/21.1/fxgl-21.1.jar!/fxglassets/textures/particles/smoke.png
04:19:10.047 [FXGL Background Thread 1 ] DEBUG FXGLAssetLoaderServi - Loading from file system: jar:file:/C:/Users/Lenovo/.m2/repository/com/github/almasb/fxgl/21.1/fxgl-21.1.jar!/fxglassets/textures/particles/trace_horizontal.png
04:19:10.071 [FXGL Background Thread 1 ] DEBUG GameApplicationServi - Application scenes initialized
04:19:10.086 [FXGL Background Thread 1 ] DEBUG SystemBundleService  - Loading FXGL system data
04:19:10.089 [FXGL Background Thread 1 ] DEBUG FileSystemAccess     - Reading from: C:\Users\Lenovo\ProjectJava3.0\myproject\myproject\system\fxgl.bundle
04:19:10.098 [FXGL Background Thread 1 ] DEBUG SystemBundleService  - Bundle FXGL: {}
04:19:10.098 [FXGL Background Thread 1 ] DEBUG UpdaterService       - Checking for updates
04:19:10.127 [FXGL Background Thread 4 ] DEBUG FXGLApplication      - Loading fonts
04:19:10.128 [FXGL Background Thread 4 ] DEBUG FXGLAssetLoaderServi - Loading from file system: jar:file:/C:/Users/Lenovo/.m2/repository/com/github/almasb/fxgl/21.1/fxgl-21.1.jar!/fxglassets/ui/fonts/VarelaRound-Regular.ttf
04:19:10.128 [FXGL Background Thread 1 ] DEBUG FXGLApplication      - Loading default localization
04:19:10.129 [FXGL Background Thread 1 ] DEBUG FXGLAssetLoaderServi - Loading from file system: jar:file:/C:/Users/Lenovo/.m2/repository/com/github/almasb/fxgl/21.1/fxgl-21.1.jar!/fxglassets/languages/english.lang
04:19:10.163 [FXGL Background Thread 4 ] DEBUG FXGLAssetLoaderServi - Loading from file system: jar:file:/C:/Users/Lenovo/.m2/repository/com/github/almasb/fxgl/21.1/fxgl-21.1.jar!/fxglassets/ui/fonts/Abel-Regular.ttf
04:19:10.167 [FXGL Background Thread 4 ] DEBUG FXGLAssetLoaderServi - Loading from file system: jar:file:/C:/Users/Lenovo/.m2/repository/com/github/almasb/fxgl/21.1/fxgl-21.1.jar!/fxglassets/ui/fonts/TerminalLandMono-Regular.otf
04:19:10.169 [FXGL Background Thread 1 ] INFO  FXGLApplication      - FXGL initialization took: 0.453 sec
04:19:10.171 [FXGL Background Thread 4 ] DEBUG FXGLAssetLoaderServi - Loading from file system: jar:file:/C:/Users/Lenovo/.m2/repository/com/github/almasb/fxgl/21.1/fxgl-21.1.jar!/fxglassets/ui/fonts/Courier-Prime.ttf
04:19:10.178 [JavaFX Application Thread] DEBUG Input                - Registered new binding: Right - D
04:19:10.178 [JavaFX Application Thread] DEBUG Input                - Registered new binding: Left - A
04:19:10.178 [JavaFX Application Thread] DEBUG Input                - Registered new binding: Up - W
04:19:10.178 [JavaFX Application Thread] DEBUG Input                - Registered new binding: Down - S
04:19:10.178 [JavaFX Application Thread] DEBUG Input                - Registered new binding: Interact - E
04:19:10.179 [JavaFX Application Thread] DEBUG FXGLAssetLoaderServi - Loading from file system: jar:file:/C:/Users/Lenovo/.m2/repository/com/github/almasb/fxgl/21.1/fxgl-21.1.jar!/fxglassets/textures/fxgl_icon.png
04:19:10.200 [JavaFX Application Thread] DEBUG FXGLAssetLoaderServi - Loading from file system: jar:file:/C:/Users/Lenovo/.m2/repository/com/github/almasb/fxgl/21.1/fxgl-21.1.jar!/fxglassets/textures/fxgl_default_cursor.png
04:19:10.202 [JavaFX Application Thread] DEBUG Input                - Registered new binding: Screenshot - CTRL+8
04:19:10.203 [JavaFX Application Thread] DEBUG Input                - Registered new binding: Dev Options - 1
04:19:10.204 [JavaFX Application Thread] DEBUG Input                - Registered new binding: Dev Console - 2
04:19:10.205 [JavaFX Application Thread] DEBUG Input                - Registered new binding: System info dump - CTRL+9
04:19:10.206 [JavaFX Application Thread] DEBUG Input                - Registered new binding: Restart - CTRL+R
04:19:10.207 [JavaFX Application Thread] DEBUG Input                - Registered new binding: Toggle Debug Camera - CTRL+7
04:19:10.213 [JavaFX Application Thread] DEBUG LoopRunner           - Starting loop
04:19:10.232 [JavaFX Application Thread] DEBUG LoopRunner           - Initializing JavaFX AnimationTimerLoop
04:19:10.234 [JavaFX Application Thread] DEBUG GameApplicationServi - Starting new game
04:19:10.235 [JavaFX Application Thread] DEBUG Input                - Clearing active input actions
04:19:10.245 [JavaFX Application Thread] DEBUG GameApplicationServi - Removing overlay from FXGLStartupScene and adding to FXGLLoadingScene
04:19:10.249 [JavaFX Application Thread] DEBUG PrimaryStageWindow   - FXGLStartupScene -> FXGLLoadingScene
04:19:10.249 [JavaFX Application Thread] DEBUG GameApplicationServi - Clearing previous game
04:19:10.249 [JavaFX Application Thread] DEBUG GameScene            - Clearing game scene
04:19:10.249 [JavaFX Application Thread] DEBUG GameWorld            - Clearing game world
04:19:10.249 [JavaFX Application Thread] DEBUG PhysicsWorld         - Clearing physics world
04:19:10.255 [FXGL Background Thread 4 ] DEBUG FXGLApplication      - Initializing game
04:19:10.257 [JavaFX Application Thread] DEBUG FXGLApplication      - Registering font factories with UI factory
04:19:10.300 [FXGL Background Thread 4 ] WARN  TMXLevelLoader       - TiledMap generated from 1.11.2. Supported version: 1.9.0. Some features may not be parsed fully.
04:19:10.327 [FXGL Background Thread 4 ] DEBUG TMXLevelLoader       - Parsed TiledMap: file:/C:/Users/Lenovo/ProjectJava3.0/myproject/myproject/target/classes/assets/levels/scene1.tmx
04:19:10.329 [FXGL Background Thread 4 ] DEBUG TMXLevelLoader       - Creating tile layer entities
04:19:10.331 [FXGL Background Thread 4 ] DEBUG TilesetLoader        - Loading view for layer lowefloor
04:19:10.332 [FXGL Background Thread 4 ] DEBUG TilesetLoader        - Created buffer with size 512.0x1024.0
04:19:10.398 [FXGL Background Thread 4 ] DEBUG TilesetLoader        - Loading view for layer cliff
04:19:10.399 [FXGL Background Thread 4 ] DEBUG TilesetLoader        - Created buffer with size 512.0x1024.0
04:19:10.400 [FXGL Background Thread 4 ] DEBUG TilesetLoader        - Loading view for layer cliff1
04:19:10.401 [FXGL Background Thread 4 ] DEBUG TilesetLoader        - Created buffer with size 512.0x1024.0
04:19:10.402 [FXGL Background Thread 4 ] DEBUG TilesetLoader        - Loading view for layer cliff2
04:19:10.403 [FXGL Background Thread 4 ] DEBUG TilesetLoader        - Created buffer with size 512.0x1024.0
04:19:10.405 [FXGL Background Thread 4 ] DEBUG TilesetLoader        - Loading view for layer Tile Layer 3
04:19:10.406 [FXGL Background Thread 4 ] DEBUG TilesetLoader        - Created buffer with size 512.0x1024.0
04:19:10.409 [FXGL Background Thread 4 ] DEBUG TilesetLoader        - Loading view for layer Tile Layer 6
04:19:10.410 [FXGL Background Thread 4 ] DEBUG TilesetLoader        - Created buffer with size 512.0x1024.0
04:19:10.504 [FXGL Background Thread 4 ] DEBUG TilesetLoader        - Loading view for layer prop
04:19:10.505 [FXGL Background Thread 4 ] DEBUG TilesetLoader        - Created buffer with size 512.0x1024.0
04:19:10.505 [FXGL Background Thread 4 ] DEBUG TMXLevelLoader       - Creating object layer entities
04:19:10.540 [FXGL Background Thread 4 ] DEBUG FXGLAssetLoaderServi - Loading from file system: file:/C:/Users/Lenovo/ProjectJava3.0/myproject/myproject/target/classes/assets/textures/Rafflesia.png
04:19:10.562 [FXGL Background Thread 4 ] WARN  TMXLevelLoader       - TiledMap generated from 1.11.2. Supported version: 1.9.0. Some features may not be parsed fully.
04:19:10.575 [FXGL Background Thread 4 ] DEBUG TMXLevelLoader       - Parsed TiledMap: file:/C:/Users/Lenovo/ProjectJava3.0/myproject/myproject/target/classes/assets/levels/scene1.tmx
04:19:10.575 [FXGL Background Thread 4 ] DEBUG TMXLevelLoader       - Creating tile layer entities
04:19:10.575 [FXGL Background Thread 4 ] DEBUG TilesetLoader        - Loading view for layer lowefloor
04:19:10.576 [FXGL Background Thread 4 ] DEBUG TilesetLoader        - Created buffer with size 512.0x1024.0
04:19:10.603 [FXGL Background Thread 4 ] DEBUG TilesetLoader        - Loading view for layer cliff
04:19:10.603 [FXGL Background Thread 4 ] DEBUG TilesetLoader        - Created buffer with size 512.0x1024.0
04:19:10.604 [FXGL Background Thread 4 ] DEBUG TilesetLoader        - Loading view for layer cliff1
04:19:10.605 [FXGL Background Thread 4 ] DEBUG TilesetLoader        - Created buffer with size 512.0x1024.0
04:19:10.607 [FXGL Background Thread 4 ] DEBUG TilesetLoader        - Loading view for layer cliff2
04:19:10.608 [FXGL Background Thread 4 ] DEBUG TilesetLoader        - Created buffer with size 512.0x1024.0
04:19:10.609 [FXGL Background Thread 4 ] DEBUG TilesetLoader        - Loading view for layer Tile Layer 3
04:19:10.610 [FXGL Background Thread 4 ] DEBUG TilesetLoader        - Created buffer with size 512.0x1024.0
04:19:10.610 [FXGL Background Thread 4 ] DEBUG TilesetLoader        - Loading view for layer Tile Layer 6
04:19:10.611 [FXGL Background Thread 4 ] DEBUG TilesetLoader        - Created buffer with size 512.0x1024.0
04:19:10.658 [FXGL Background Thread 4 ] DEBUG TilesetLoader        - Loading view for layer prop
04:19:10.658 [FXGL Background Thread 4 ] DEBUG TilesetLoader        - Created buffer with size 512.0x1024.0
04:19:10.659 [FXGL Background Thread 4 ] DEBUG TMXLevelLoader       - Creating object layer entities
04:19:10.672 [FXGL Background Thread 4 ] DEBUG GameWorld            - Clearing removable entities
04:19:10.672 [FXGL Background Thread 4 ] DEBUG GameWorld            - Setting level: com.almasb.fxgl.entity.level.Level@1e7c9ebb
04:19:10.690 [FXGL Background Thread 4 ] DEBUG FXGLAssetLoaderServi - Loading from file system: file:/C:/Users/Lenovo/ProjectJava3.0/myproject/myproject/target/classes/assets/textures/Actor1.png
04:19:10.701 [FXGL Background Thread 4 ] INFO  FXGLApplication      - Game initialization took: 0.445 sec
04:19:10.702 [JavaFX Application Thread] DEBUG Input                - Clearing active input actions
04:19:10.711 [JavaFX Application Thread] DEBUG GameApplicationServi - Removing overlay from FXGLLoadingScene and adding to GameScene
04:19:10.716 [JavaFX Application Thread] DEBUG PrimaryStageWindow   - FXGLLoadingScene -> GameScene
04:19:13.126 [FXGL Background Thread 3 ] DEBUG Engine               - Logging environment variables
04:19:13.127 [FXGL Background Thread 3 ] DEBUG Engine               - achievements: []
04:19:13.127 [FXGL Background Thread 3 ] DEBUG Engine               - actualHeight: 864.0
04:19:13.128 [FXGL Background Thread 3 ] DEBUG Engine               - actualHeightProperty: ReadOnlyDoubleProperty [value: 864.0]
04:19:13.129 [FXGL Background Thread 3 ] DEBUG Engine               - actualWidth: 1536.0
04:19:13.129 [FXGL Background Thread 3 ] DEBUG Engine               - actualWidthProperty: ReadOnlyDoubleProperty [value: 1536.0]
04:19:13.130 [FXGL Background Thread 3 ] DEBUG Engine               - appIcon: fxgl_icon.png
04:19:13.130 [FXGL Background Thread 3 ] DEBUG Engine               - applicationMode: DEVELOPER
04:19:13.130 [FXGL Background Thread 3 ] DEBUG Engine               - cSSList: [fxgl_dark.css]
04:19:13.131 [FXGL Background Thread 3 ] DEBUG Engine               - collisionDetectionStrategy: BRUTE_FORCE
04:19:13.131 [FXGL Background Thread 3 ] DEBUG Engine               - configClass: Optional.empty
04:19:13.132 [FXGL Background Thread 3 ] DEBUG Engine               - credits: []
04:19:13.133 [FXGL Background Thread 3 ] DEBUG Engine               - defaultCursor: CursorInfo(imageName=fxgl_default_cursor.png, hotspotX=7.0, hotspotY=6.0)
04:19:13.134 [FXGL Background Thread 3 ] DEBUG Engine               - devBBoxColorProperty: ObjectProperty [value: 0xff0000ff]
04:19:13.134 [FXGL Background Thread 3 ] DEBUG Engine               - devEnableDebugCameraProperty: BooleanProperty [value: false]
04:19:13.134 [FXGL Background Thread 3 ] DEBUG Engine               - devSensorColorProperty: ObjectProperty [value: 0xffff00ff]
04:19:13.134 [FXGL Background Thread 3 ] DEBUG Engine               - devShowBBoxProperty: BooleanProperty [value: false]
04:19:13.134 [FXGL Background Thread 3 ] DEBUG Engine               - devShowPositionProperty: BooleanProperty [value: false]
04:19:13.134 [FXGL Background Thread 3 ] DEBUG Engine               - enabledMenuItems: []
04:19:13.135 [FXGL Background Thread 3 ] DEBUG Engine               - engineServices: [class com.almasb.fxgl.app.services.FXGLAssetLoaderService, class com.almasb.fxgl.app.FXGLApplication$GameApplicationService, class com.almasb.fxgl.app.services.FXGLDialogService, class com.almasb.fxgl.app.services.IOTaskExecutorService, class com.almasb.fxgl.io.FileSystemService, class com.almasb.fxgl.localization.LocalizationService, class com.almasb.fxgl.app.services.SystemBundleService, class com.almasb.fxgl.profile.SaveLoadService, class com.almasb.fxgl.ui.FXGLUIFactoryServiceProvider, class com.almasb.fxgl.ui.FXGLDialogFactoryServiceProvider, class com.almasb.fxgl.audio.AudioPlayer, class com.almasb.fxgl.notification.impl.NotificationServiceProvider, class com.almasb.fxgl.achievement.AchievementService, class com.almasb.fxgl.cutscene.CutsceneService, class com.almasb.fxgl.minigames.MiniGameService, class com.almasb.fxgl.net.NetService, class com.almasb.fxgl.app.services.UpdaterService, class com.almasb.fxgl.dev.DevService]
04:19:13.135 [FXGL Background Thread 3 ] DEBUG Engine               - fontGame: Abel-Regular.ttf
04:19:13.135 [FXGL Background Thread 3 ] DEBUG Engine               - fontMono: TerminalLandMono-Regular.otf
04:19:13.135 [FXGL Background Thread 3 ] DEBUG Engine               - fontSizeScaleUI: 1.0
04:19:13.135 [FXGL Background Thread 3 ] DEBUG Engine               - fontText: Courier-Prime.ttf
04:19:13.135 [FXGL Background Thread 3 ] DEBUG Engine               - fontUI: VarelaRound-Regular.ttf
04:19:13.135 [FXGL Background Thread 3 ] DEBUG Engine               - fullScreen: BooleanProperty [value: true]
04:19:13.135 [FXGL Background Thread 3 ] DEBUG Engine               - gameDifficulty: MEDIUM
04:19:13.136 [FXGL Background Thread 3 ] DEBUG Engine               - gameDifficultyProperty: ObjectProperty [value: MEDIUM]
04:19:13.136 [FXGL Background Thread 3 ] DEBUG Engine               - globalMusicVolume: 0.5
04:19:13.136 [FXGL Background Thread 3 ] DEBUG Engine               - globalMusicVolumeProperty: DoubleProperty [value: 0.5]
04:19:13.136 [FXGL Background Thread 3 ] DEBUG Engine               - globalSoundVolume: 0.5
04:19:13.136 [FXGL Background Thread 3 ] DEBUG Engine               - globalSoundVolumeProperty: DoubleProperty [value: 0.5]
04:19:13.136 [FXGL Background Thread 3 ] DEBUG Engine               - height: 720
04:19:13.136 [FXGL Background Thread 3 ] DEBUG Engine               - is3D: false
04:19:13.136 [FXGL Background Thread 3 ] DEBUG Engine               - isAndroid: false
04:19:13.136 [FXGL Background Thread 3 ] DEBUG Engine               - isBrowser: false
04:19:13.136 [FXGL Background Thread 3 ] DEBUG Engine               - isClickFeedbackEnabled: false
04:19:13.136 [FXGL Background Thread 3 ] DEBUG Engine               - isCloseConfirmation: false
04:19:13.136 [FXGL Background Thread 3 ] DEBUG Engine               - isDesktop: true
04:19:13.136 [FXGL Background Thread 3 ] DEBUG Engine               - isDeveloperMenuEnabled: true
04:19:13.136 [FXGL Background Thread 3 ] DEBUG Engine               - isEmbedded: false
04:19:13.136 [FXGL Background Thread 3 ] DEBUG Engine               - isEntityPreloadEnabled: true
04:19:13.137 [FXGL Background Thread 3 ] DEBUG Engine               - isExperimentalTiledLargeMap: false
04:19:13.137 [FXGL Background Thread 3 ] DEBUG Engine               - isFileSystemWriteAllowed: true
04:19:13.137 [FXGL Background Thread 3 ] DEBUG Engine               - isFullScreenAllowed: true
04:19:13.137 [FXGL Background Thread 3 ] DEBUG Engine               - isFullScreenFromStart: true
04:19:13.137 [FXGL Background Thread 3 ] DEBUG Engine               - isGameMenuEnabled: true
04:19:13.137 [FXGL Background Thread 3 ] DEBUG Engine               - isIOS: false
04:19:13.137 [FXGL Background Thread 3 ] DEBUG Engine               - isIntroEnabled: false
04:19:13.137 [FXGL Background Thread 3 ] DEBUG Engine               - isLinux: false
04:19:13.137 [FXGL Background Thread 3 ] DEBUG Engine               - isMac: false
04:19:13.137 [FXGL Background Thread 3 ] DEBUG Engine               - isMainMenuEnabled: false
04:19:13.137 [FXGL Background Thread 3 ] DEBUG Engine               - isManualResizeEnabled: false
04:19:13.137 [FXGL Background Thread 3 ] DEBUG Engine               - isMobile: false
04:19:13.137 [FXGL Background Thread 3 ] DEBUG Engine               - isNative: false
04:19:13.138 [FXGL Background Thread 3 ] DEBUG Engine               - isPauseMusicWhenMinimized: true
04:19:13.138 [FXGL Background Thread 3 ] DEBUG Engine               - isPreserveResizeRatio: false
04:19:13.138 [FXGL Background Thread 3 ] DEBUG Engine               - isProfilingEnabled: false
04:19:13.138 [FXGL Background Thread 3 ] DEBUG Engine               - isScaleAffectedOnResize: true
04:19:13.138 [FXGL Background Thread 3 ] DEBUG Engine               - isSingleStep: false
04:19:13.138 [FXGL Background Thread 3 ] DEBUG Engine               - isUserProfileEnabled: false
04:19:13.139 [FXGL Background Thread 3 ] DEBUG Engine               - isWindows: true
04:19:13.139 [FXGL Background Thread 3 ] DEBUG Engine               - language: ObjectProperty [value: ENGLISH]
04:19:13.139 [FXGL Background Thread 3 ] DEBUG Engine               - menuKey: ESCAPE
04:19:13.139 [FXGL Background Thread 3 ] DEBUG Engine               - mouseSensitivity: 0.2
04:19:13.139 [FXGL Background Thread 3 ] DEBUG Engine               - notificationViewClass: class com.almasb.fxgl.notification.view.XboxNotificationView
04:19:13.139 [FXGL Background Thread 3 ] DEBUG Engine               - pixelsPerMeter: 50.0
04:19:13.140 [FXGL Background Thread 3 ] DEBUG Engine               - platform: WINDOWS
04:19:13.140 [FXGL Background Thread 3 ] DEBUG Engine               - prefHeightProperty: ReadOnlyDoubleProperty [value: 720.0]
04:19:13.140 [FXGL Background Thread 3 ] DEBUG Engine               - prefWidthProperty: ReadOnlyDoubleProperty [value: 1280.0]
04:19:13.140 [FXGL Background Thread 3 ] DEBUG Engine               - profileDir: profiles/
04:19:13.140 [FXGL Background Thread 3 ] DEBUG Engine               - profileName: StringProperty [value: DEFAULT]
04:19:13.140 [FXGL Background Thread 3 ] DEBUG Engine               - randomSeed: -1
04:19:13.140 [FXGL Background Thread 3 ] DEBUG Engine               - runtimeInfo: RuntimeInfo(platform=WINDOWS, version=21.1, build=27.03.2024 07.52)
04:19:13.141 [FXGL Background Thread 3 ] DEBUG Engine               - saveFileExt: sav
04:19:13.141 [FXGL Background Thread 3 ] DEBUG Engine               - scaledHeightProp$fxgl: DoubleProperty [bound, value: 864.0]
04:19:13.141 [FXGL Background Thread 3 ] DEBUG Engine               - scaledWidthProp$fxgl: DoubleProperty [bound, value: 1536.0]
04:19:13.141 [FXGL Background Thread 3 ] DEBUG Engine               - sceneFactory: com.almasb.fxgl.app.scene.SceneFactory@1ae2d9b0
04:19:13.141 [FXGL Background Thread 3 ] DEBUG Engine               - secondsIn24h: 60
04:19:13.141 [FXGL Background Thread 3 ] DEBUG Engine               - soundMenuBack: menu/back.wav
04:19:13.141 [FXGL Background Thread 3 ] DEBUG Engine               - soundMenuPress: menu/press.wav
04:19:13.141 [FXGL Background Thread 3 ] DEBUG Engine               - soundMenuSelect: menu/select.wav
04:19:13.141 [FXGL Background Thread 3 ] DEBUG Engine               - soundNotification: core/notification.wav
04:19:13.141 [FXGL Background Thread 3 ] DEBUG Engine               - stageStyle: DECORATED
04:19:13.141 [FXGL Background Thread 3 ] DEBUG Engine               - supportedLanguages: [ENGLISH, FRENCH, GERMAN, HUNGARIAN, RUSSIAN]
04:19:13.141 [FXGL Background Thread 3 ] DEBUG Engine               - ticksPerSecond: -1
04:19:13.141 [FXGL Background Thread 3 ] DEBUG Engine               - title: Final Journey
04:19:13.141 [FXGL Background Thread 3 ] DEBUG Engine               - urlGithub: https://github.com/AlmasB/FXGL
04:19:13.141 [FXGL Background Thread 3 ] DEBUG Engine               - urlLeaderboard: http://fxgl-top.herokuapp.com/
04:19:13.141 [FXGL Background Thread 3 ] DEBUG Engine               - urlPOM: https://raw.githubusercontent.com/AlmasB/FXGL/release/README.md
04:19:13.141 [FXGL Background Thread 3 ] DEBUG Engine               - userAppClass: class com.project.App
04:19:13.141 [FXGL Background Thread 3 ] DEBUG Engine               - version: Alpha
04:19:13.141 [FXGL Background Thread 3 ] DEBUG Engine               - versionCheckDays: 7
04:19:13.141 [FXGL Background Thread 3 ] DEBUG Engine               - width: 1280
04:19:13.141 [FXGL Background Thread 3 ] DEBUG Engine               - Logging services
04:19:13.142 [FXGL Background Thread 3 ] DEBUG Engine               - class com.almasb.fxgl.app.services.FXGLAssetLoaderService
04:19:13.142 [FXGL Background Thread 3 ] DEBUG Engine               - class com.almasb.fxgl.app.FXGLApplication$GameApplicationService
04:19:13.142 [FXGL Background Thread 3 ] DEBUG Engine               - class com.almasb.fxgl.app.services.FXGLDialogService
04:19:13.142 [FXGL Background Thread 3 ] DEBUG Engine               - class com.almasb.fxgl.app.services.IOTaskExecutorService
04:19:13.142 [FXGL Background Thread 3 ] DEBUG Engine               - class com.almasb.fxgl.io.FileSystemService
04:19:13.142 [FXGL Background Thread 3 ] DEBUG Engine               - class com.almasb.fxgl.localization.LocalizationService
04:19:13.142 [FXGL Background Thread 3 ] DEBUG Engine               - class com.almasb.fxgl.app.services.SystemBundleService
04:19:13.142 [FXGL Background Thread 3 ] DEBUG Engine               - class com.almasb.fxgl.profile.SaveLoadService
04:19:13.142 [FXGL Background Thread 3 ] DEBUG Engine               - class com.almasb.fxgl.ui.FXGLUIFactoryServiceProvider
04:19:13.142 [FXGL Background Thread 3 ] DEBUG Engine               - class com.almasb.fxgl.ui.FXGLDialogFactoryServiceProvider
04:19:13.142 [FXGL Background Thread 3 ] DEBUG Engine               - class com.almasb.fxgl.audio.AudioPlayer
04:19:13.142 [FXGL Background Thread 3 ] DEBUG Engine               - class com.almasb.fxgl.notification.impl.NotificationServiceProvider
04:19:13.142 [FXGL Background Thread 3 ] DEBUG Engine               - class com.almasb.fxgl.achievement.AchievementService
04:19:13.142 [FXGL Background Thread 3 ] DEBUG Engine               - class com.almasb.fxgl.cutscene.CutsceneService
04:19:13.142 [FXGL Background Thread 3 ] DEBUG Engine               - class com.almasb.fxgl.minigames.MiniGameService
04:19:13.142 [FXGL Background Thread 3 ] DEBUG Engine               - class com.almasb.fxgl.net.NetService
04:19:13.143 [FXGL Background Thread 3 ] DEBUG Engine               - class com.almasb.fxgl.app.services.UpdaterService
04:19:13.143 [FXGL Background Thread 3 ] DEBUG Engine               - class com.almasb.fxgl.dev.DevService
04:19:14.615 [JavaFX Application Thread] DEBUG EventBus             - Firing event: com.GameEvent.NextScene[source=javafx.event.Event$$Lambda/0x00000120161742e8@1d7850bb]
04:19:14.617 [JavaFX Application Thread] WARN  TMXLevelLoader       - TiledMap generated from 1.11.2. Supported version: 1.9.0. Some features may not be parsed fully.
04:19:14.625 [JavaFX Application Thread] DEBUG TMXLevelLoader       - Parsed TiledMap: file:/C:/Users/Lenovo/ProjectJava3.0/myproject/myproject/target/classes/assets/levels/scene2.tmx
04:19:14.625 [JavaFX Application Thread] DEBUG TMXLevelLoader       - Creating tile layer entities
04:19:14.625 [JavaFX Application Thread] DEBUG TilesetLoader        - Loading view for layer Tile Layer 1
04:19:14.626 [JavaFX Application Thread] DEBUG TilesetLoader        - Created buffer with size 1024.0x1024.0
04:19:14.693 [JavaFX Application Thread] DEBUG TMXLevelLoader       - Creating object layer entities
04:19:14.699 [JavaFX Application Thread] DEBUG FXGLAssetLoaderServi - Loading from file system: file:/C:/Users/Lenovo/ProjectJava3.0/myproject/myproject/target/classes/assets/textures/CultistAni.png
04:19:14.701 [JavaFX Application Thread] DEBUG GameWorld            - Clearing removable entities
04:19:14.706 [JavaFX Application Thread] DEBUG GameWorld            - Setting level: com.almasb.fxgl.entity.level.Level@355af7b5
04:19:14.710 [JavaFX Application Thread] WARN  TMXLevelLoader       - TiledMap generated from 1.11.2. Supported version: 1.9.0. Some features may not be parsed fully.
04:19:14.714 [JavaFX Application Thread] DEBUG TMXLevelLoader       - Parsed TiledMap: file:/C:/Users/Lenovo/ProjectJava3.0/myproject/myproject/target/classes/assets/levels/scene2.tmx
04:19:14.714 [JavaFX Application Thread] DEBUG TMXLevelLoader       - Creating tile layer entities
04:19:14.715 [JavaFX Application Thread] DEBUG TilesetLoader        - Loading view for layer Tile Layer 1
04:19:14.716 [JavaFX Application Thread] DEBUG TilesetLoader        - Created buffer with size 1024.0x1024.0
04:19:14.782 [JavaFX Application Thread] DEBUG TMXLevelLoader       - Creating object layer entities
04:19:16.505 [JavaFX Application Thread] DEBUG FXGLAssetLoaderServi - Loading from file system: file:/C:/Users/Lenovo/ProjectJava3.0/myproject/myproject/target/classes/assets/text/filetext.txt
04:19:16.506 [JavaFX Application Thread] DEBUG EventBus             - Firing event: com.GameEvent.CombatScene[source=javafx.event.Event$$Lambda/0x00000120161742e8@1d7850bb]
04:19:16.509 [JavaFX Application Thread] WARN  TMXLevelLoader       - TiledMap generated from 1.11.2. Supported version: 1.9.0. Some features may not be parsed fully.
04:19:16.513 [JavaFX Application Thread] DEBUG TMXLevelLoader       - Parsed TiledMap: file:/C:/Users/Lenovo/ProjectJava3.0/myproject/myproject/target/classes/assets/levels/battle2.tmx
04:19:16.513 [JavaFX Application Thread] DEBUG TMXLevelLoader       - Creating tile layer entities
04:19:16.513 [JavaFX Application Thread] DEBUG TilesetLoader        - Loading view for layer Tile Layer 1
04:19:16.520 [JavaFX Application Thread] DEBUG TilesetLoader        - Created buffer with size 2048.0x1024.0
04:19:16.878 [JavaFX Application Thread] DEBUG TMXLevelLoader       - Creating object layer entities
04:19:16.887 [JavaFX Application Thread] DEBUG FXGLAssetLoaderServi - Loading from file system: file:/C:/Users/Lenovo/ProjectJava3.0/myproject/myproject/target/classes/assets/textures/marsha.png
04:19:17.037 [JavaFX Application Thread] DEBUG FXGLAssetLoaderServi - Loading from file system: file:/C:/Users/Lenovo/ProjectJava3.0/myproject/myproject/target/classes/assets/textures/Reid.png
04:19:17.171 [JavaFX Application Thread] DEBUG FXGLAssetLoaderServi - Loading from file system: file:/C:/Users/Lenovo/ProjectJava3.0/myproject/myproject/target/classes/assets/textures/Boss%20Thanatos.png
04:19:17.190 [JavaFX Application Thread] DEBUG FXGLAssetLoaderServi - Loading from file system: file:/C:/Users/Lenovo/ProjectJava3.0/myproject/myproject/target/classes/assets/textures/Cultist%20Mage.png
04:19:17.203 [JavaFX Application Thread] DEBUG GameWorld            - Clearing removable entities
04:19:17.206 [JavaFX Application Thread] DEBUG GameWorld            - Setting level: com.almasb.fxgl.entity.level.Level@f55f30b
04:19:17.209 [JavaFX Application Thread] WARN  TMXLevelLoader       - TiledMap generated from 1.11.2. Supported version: 1.9.0. Some features may not be parsed fully.
04:19:17.212 [JavaFX Application Thread] DEBUG TMXLevelLoader       - Parsed TiledMap: file:/C:/Users/Lenovo/ProjectJava3.0/myproject/myproject/target/classes/assets/levels/battle2.tmx
04:19:17.212 [JavaFX Application Thread] DEBUG TMXLevelLoader       - Creating tile layer entities
04:19:17.212 [JavaFX Application Thread] DEBUG TilesetLoader        - Loading view for layer Tile Layer 1
04:19:17.213 [JavaFX Application Thread] DEBUG TilesetLoader        - Created buffer with size 2048.0x1024.0
04:19:17.540 [JavaFX Application Thread] DEBUG TMXLevelLoader       - Creating object layer entities
04:20:17.582 [JavaFX Application Thread] DEBUG FXGLApplication      - Exiting FXGL
04:20:17.582 [JavaFX Application Thread] DEBUG LoopRunner           - Stopping loop
04:20:17.582 [JavaFX Application Thread] DEBUG SystemBundleService  - Saving FXGL system data
04:20:17.585 [JavaFX Application Thread] DEBUG FileSystemAccess     - Writing to: C:\Users\Lenovo\ProjectJava3.0\myproject\myproject\system\fxgl.bundle
04:20:17.588 [JavaFX Application Thread] DEBUG Async                - Shutting down background threads
04:20:17.588 [JavaFX Application Thread] DEBUG PrimaryStageWindow   - Closing main window
04:20:17.656 [JavaFX Application Thread] DEBUG Logger               - Closing Logger
